[0.317s] DEBUG:colcon:Command line arguments: ['/usr/bin/colcon', 'build']
[0.317s] DEBUG:colcon:Parsed command line arguments: Namespace(log_base=None, log_level=None, verb_name='build', build_base='build', install_base='install', merge_install=False, symlink_install=False, test_result_base=None, continue_on_error=False, executor='parallel', parallel_workers=8, event_handlers=None, ignore_user_meta=False, metas=['./colcon.meta'], base_paths=['.'], packages_ignore=None, packages_ignore_regex=None, paths=None, packages_up_to=None, packages_up_to_regex=None, packages_above=None, packages_above_and_dependencies=None, packages_above_depth=None, packages_select_by_dep=None, packages_skip_by_dep=None, packages_skip_up_to=None, packages_select_build_failed=False, packages_skip_build_finished=False, packages_select_test_failures=False, packages_skip_test_passed=False, packages_select=None, packages_skip=None, packages_select_regex=None, packages_skip_regex=None, packages_start=None, packages_end=None, allow_overriding=[], cmake_args=None, cmake_target=None, cmake_target_skip_unavailable=False, cmake_clean_cache=False, cmake_clean_first=False, cmake_force_configure=False, ament_cmake_args=None, catkin_cmake_args=None, catkin_skip_building_tests=False, mixin_files=None, mixin=None, verb_parser=<colcon_mixin.mixin.mixin_argument.MixinArgumentDecorator object at 0x7d57d2264c70>, verb_extension=<colcon_core.verb.build.BuildVerb object at 0x7d57d2264670>, main=<bound method BuildVerb.main of <colcon_core.verb.build.BuildVerb object at 0x7d57d2264670>>, mixin_verb=('build',))
[0.807s] Level 1:colcon.colcon_core.package_discovery:discover_packages(colcon_meta) check parameters
[0.808s] Level 1:colcon.colcon_core.package_discovery:discover_packages(recursive) check parameters
[0.808s] Level 1:colcon.colcon_core.package_discovery:discover_packages(ignore) check parameters
[0.808s] Level 1:colcon.colcon_core.package_discovery:discover_packages(path) check parameters
[0.808s] Level 1:colcon.colcon_core.package_discovery:discover_packages(colcon_meta) discover
[0.808s] Level 1:colcon.colcon_core.package_discovery:discover_packages(recursive) discover
[0.808s] INFO:colcon.colcon_core.package_discovery:Crawling recursively for packages in '/home/qianw/EECE5554/LAB3/src/imu_driver'
[0.808s] Level 1:colcon.colcon_core.package_identification:_identify(.) by extensions ['ignore', 'ignore_ament_install']
[0.808s] Level 1:colcon.colcon_core.package_identification:_identify(.) by extension 'ignore'
[0.809s] Level 1:colcon.colcon_core.package_identification:_identify(.) by extension 'ignore_ament_install'
[0.809s] Level 1:colcon.colcon_core.package_identification:_identify(.) by extensions ['colcon_pkg']
[0.809s] Level 1:colcon.colcon_core.package_identification:_identify(.) by extension 'colcon_pkg'
[0.809s] Level 1:colcon.colcon_core.package_identification:_identify(.) by extensions ['colcon_meta']
[0.809s] Level 1:colcon.colcon_core.package_identification:_identify(.) by extension 'colcon_meta'
[0.809s] Level 1:colcon.colcon_core.package_identification:_identify(.) by extensions ['ros']
[0.809s] Level 1:colcon.colcon_core.package_identification:_identify(.) by extension 'ros'
[0.826s] Level 1:colcon.colcon_core.package_identification:_identify(.) by extensions ['cmake', 'python']
[0.826s] Level 1:colcon.colcon_core.package_identification:_identify(.) by extension 'cmake'
[0.826s] Level 1:colcon.colcon_core.package_identification:_identify(.) by extension 'python'
[0.826s] Level 1:colcon.colcon_core.package_identification:_identify(.) by extensions ['python_setup_py']
[0.826s] Level 1:colcon.colcon_core.package_identification:_identify(.) by extension 'python_setup_py'
[0.826s] Level 1:colcon.colcon_core.package_identification:_identify(build) by extensions ['ignore', 'ignore_ament_install']
[0.827s] Level 1:colcon.colcon_core.package_identification:_identify(build) by extension 'ignore'
[0.827s] Level 1:colcon.colcon_core.package_identification:_identify(build) ignored
[0.827s] Level 1:colcon.colcon_core.package_identification:_identify(imu_driver) by extensions ['ignore', 'ignore_ament_install']
[0.827s] Level 1:colcon.colcon_core.package_identification:_identify(imu_driver) by extension 'ignore'
[0.827s] Level 1:colcon.colcon_core.package_identification:_identify(imu_driver) by extension 'ignore_ament_install'
[0.827s] Level 1:colcon.colcon_core.package_identification:_identify(imu_driver) by extensions ['colcon_pkg']
[0.827s] Level 1:colcon.colcon_core.package_identification:_identify(imu_driver) by extension 'colcon_pkg'
[0.827s] Level 1:colcon.colcon_core.package_identification:_identify(imu_driver) by extensions ['colcon_meta']
[0.827s] Level 1:colcon.colcon_core.package_identification:_identify(imu_driver) by extension 'colcon_meta'
[0.827s] Level 1:colcon.colcon_core.package_identification:_identify(imu_driver) by extensions ['ros']
[0.827s] Level 1:colcon.colcon_core.package_identification:_identify(imu_driver) by extension 'ros'
[0.833s] DEBUG:colcon.colcon_core.package_identification:Package 'imu_driver' with type 'ros.ament_cmake' and name 'imu_driver'
[0.834s] Level 1:colcon.colcon_core.package_identification:_identify(install) by extensions ['ignore', 'ignore_ament_install']
[0.834s] Level 1:colcon.colcon_core.package_identification:_identify(install) by extension 'ignore'
[0.834s] Level 1:colcon.colcon_core.package_identification:_identify(install) ignored
[0.834s] Level 1:colcon.colcon_core.package_identification:_identify(log) by extensions ['ignore', 'ignore_ament_install']
[0.834s] Level 1:colcon.colcon_core.package_identification:_identify(log) by extension 'ignore'
[0.834s] Level 1:colcon.colcon_core.package_identification:_identify(log) ignored
[0.834s] Level 1:colcon.colcon_core.package_identification:_identify(msg) by extensions ['ignore', 'ignore_ament_install']
[0.835s] Level 1:colcon.colcon_core.package_identification:_identify(msg) by extension 'ignore'
[0.835s] Level 1:colcon.colcon_core.package_identification:_identify(msg) by extension 'ignore_ament_install'
[0.835s] Level 1:colcon.colcon_core.package_identification:_identify(msg) by extensions ['colcon_pkg']
[0.835s] Level 1:colcon.colcon_core.package_identification:_identify(msg) by extension 'colcon_pkg'
[0.835s] Level 1:colcon.colcon_core.package_identification:_identify(msg) by extensions ['colcon_meta']
[0.835s] Level 1:colcon.colcon_core.package_identification:_identify(msg) by extension 'colcon_meta'
[0.835s] Level 1:colcon.colcon_core.package_identification:_identify(msg) by extensions ['ros']
[0.835s] Level 1:colcon.colcon_core.package_identification:_identify(msg) by extension 'ros'
[0.835s] Level 1:colcon.colcon_core.package_identification:_identify(msg) by extensions ['cmake', 'python']
[0.835s] Level 1:colcon.colcon_core.package_identification:_identify(msg) by extension 'cmake'
[0.836s] Level 1:colcon.colcon_core.package_identification:_identify(msg) by extension 'python'
[0.836s] Level 1:colcon.colcon_core.package_identification:_identify(msg) by extensions ['python_setup_py']
[0.836s] Level 1:colcon.colcon_core.package_identification:_identify(msg) by extension 'python_setup_py'
[0.836s] Level 1:colcon.colcon_core.package_discovery:discover_packages(recursive) using defaults
[0.836s] Level 1:colcon.colcon_core.package_discovery:discover_packages(ignore) discover
[0.836s] Level 1:colcon.colcon_core.package_discovery:discover_packages(ignore) using defaults
[0.836s] Level 1:colcon.colcon_core.package_discovery:discover_packages(path) discover
[0.836s] Level 1:colcon.colcon_core.package_discovery:discover_packages(path) using defaults
[0.906s] Level 1:colcon.colcon_core.package_discovery:discover_packages(prefix_path) check parameters
[0.906s] Level 1:colcon.colcon_core.package_discovery:discover_packages(prefix_path) discover
[0.913s] DEBUG:colcon.colcon_installed_package_information.package_discovery:Found 295 installed packages in /opt/ros/humble
[0.915s] Level 1:colcon.colcon_core.package_discovery:discover_packages(prefix_path) using defaults
[0.981s] Level 5:colcon.colcon_core.verb:set package 'imu_driver' build argument 'cmake_args' from command line to 'None'
[0.981s] Level 5:colcon.colcon_core.verb:set package 'imu_driver' build argument 'cmake_target' from command line to 'None'
[0.982s] Level 5:colcon.colcon_core.verb:set package 'imu_driver' build argument 'cmake_target_skip_unavailable' from command line to 'False'
[0.982s] Level 5:colcon.colcon_core.verb:set package 'imu_driver' build argument 'cmake_clean_cache' from command line to 'False'
[0.982s] Level 5:colcon.colcon_core.verb:set package 'imu_driver' build argument 'cmake_clean_first' from command line to 'False'
[0.982s] Level 5:colcon.colcon_core.verb:set package 'imu_driver' build argument 'cmake_force_configure' from command line to 'False'
[0.982s] Level 5:colcon.colcon_core.verb:set package 'imu_driver' build argument 'ament_cmake_args' from command line to 'None'
[0.982s] Level 5:colcon.colcon_core.verb:set package 'imu_driver' build argument 'catkin_cmake_args' from command line to 'None'
[0.982s] Level 5:colcon.colcon_core.verb:set package 'imu_driver' build argument 'catkin_skip_building_tests' from command line to 'False'
[0.982s] DEBUG:colcon.colcon_core.verb:Building package 'imu_driver' with the following arguments: {'ament_cmake_args': None, 'build_base': '/home/qianw/EECE5554/LAB3/src/imu_driver/build/imu_driver', 'catkin_cmake_args': None, 'catkin_skip_building_tests': False, 'cmake_args': None, 'cmake_clean_cache': False, 'cmake_clean_first': False, 'cmake_force_configure': False, 'cmake_target': None, 'cmake_target_skip_unavailable': False, 'install_base': '/home/qianw/EECE5554/LAB3/src/imu_driver/install/imu_driver', 'merge_install': False, 'path': '/home/qianw/EECE5554/LAB3/src/imu_driver/imu_driver', 'symlink_install': False, 'test_result_base': None}
[0.982s] INFO:colcon.colcon_core.executor:Executing jobs using 'parallel' executor
[0.984s] DEBUG:colcon.colcon_parallel_executor.executor.parallel:run_until_complete
[0.985s] INFO:colcon.colcon_ros.task.ament_cmake.build:Building ROS package in '/home/qianw/EECE5554/LAB3/src/imu_driver/imu_driver' with build type 'ament_cmake'
[0.985s] INFO:colcon.colcon_cmake.task.cmake.build:Building CMake package in '/home/qianw/EECE5554/LAB3/src/imu_driver/imu_driver'
[0.994s] INFO:colcon.colcon_core.plugin_system:Skipping extension 'colcon_core.shell.bat': Not used on non-Windows systems
[0.994s] INFO:colcon.colcon_core.shell:Skip shell extension 'powershell' for command environment: Not usable outside of PowerShell
[0.995s] DEBUG:colcon.colcon_core.shell:Skip shell extension 'dsv' for command environment
[1.004s] DEBUG:colcon.colcon_core.event_handler.log_command:Invoking command in '/home/qianw/EECE5554/LAB3/src/imu_driver/build/imu_driver': CMAKE_PREFIX_PATH=/opt/ros/humble /usr/bin/cmake /home/qianw/EECE5554/LAB3/src/imu_driver/imu_driver -DCMAKE_INSTALL_PREFIX=/home/qianw/EECE5554/LAB3/src/imu_driver/install/imu_driver
[2.535s] DEBUG:colcon.colcon_core.event_handler.log_command:Invoked command in '/home/qianw/EECE5554/LAB3/src/imu_driver/build/imu_driver' returned '0': CMAKE_PREFIX_PATH=/opt/ros/humble /usr/bin/cmake /home/qianw/EECE5554/LAB3/src/imu_driver/imu_driver -DCMAKE_INSTALL_PREFIX=/home/qianw/EECE5554/LAB3/src/imu_driver/install/imu_driver
[2.538s] DEBUG:colcon.colcon_core.event_handler.log_command:Invoking command in '/home/qianw/EECE5554/LAB3/src/imu_driver/build/imu_driver': CMAKE_PREFIX_PATH=/opt/ros/humble /usr/bin/cmake --build /home/qianw/EECE5554/LAB3/src/imu_driver/build/imu_driver -- -j8 -l8
[2.600s] DEBUG:colcon.colcon_core.event_handler.log_command:Invoked command in '/home/qianw/EECE5554/LAB3/src/imu_driver/build/imu_driver' returned '0': CMAKE_PREFIX_PATH=/opt/ros/humble /usr/bin/cmake --build /home/qianw/EECE5554/LAB3/src/imu_driver/build/imu_driver -- -j8 -l8
[2.616s] DEBUG:colcon.colcon_core.event_handler.log_command:Invoking command in '/home/qianw/EECE5554/LAB3/src/imu_driver/build/imu_driver': CMAKE_PREFIX_PATH=/opt/ros/humble /usr/bin/cmake --install /home/qianw/EECE5554/LAB3/src/imu_driver/build/imu_driver
[2.634s] Level 1:colcon.colcon_core.environment:create_environment_scripts_only(imu_driver)
[2.635s] DEBUG:colcon.colcon_core.event_handler.log_command:Invoked command in '/home/qianw/EECE5554/LAB3/src/imu_driver/build/imu_driver' returned '0': CMAKE_PREFIX_PATH=/opt/ros/humble /usr/bin/cmake --install /home/qianw/EECE5554/LAB3/src/imu_driver/build/imu_driver
[2.677s] Level 1:colcon.colcon_core.environment:checking '/home/qianw/EECE5554/LAB3/src/imu_driver/install/imu_driver' for CMake module files
[2.678s] Level 1:colcon.colcon_core.environment:checking '/home/qianw/EECE5554/LAB3/src/imu_driver/install/imu_driver' for CMake config files
[2.678s] Level 1:colcon.colcon_core.shell:create_environment_hook('imu_driver', 'cmake_prefix_path')
[2.678s] INFO:colcon.colcon_core.shell:Creating environment hook '/home/qianw/EECE5554/LAB3/src/imu_driver/install/imu_driver/share/imu_driver/hook/cmake_prefix_path.ps1'
[2.680s] INFO:colcon.colcon_core.shell:Creating environment descriptor '/home/qianw/EECE5554/LAB3/src/imu_driver/install/imu_driver/share/imu_driver/hook/cmake_prefix_path.dsv'
[2.681s] INFO:colcon.colcon_core.shell:Creating environment hook '/home/qianw/EECE5554/LAB3/src/imu_driver/install/imu_driver/share/imu_driver/hook/cmake_prefix_path.sh'
[2.683s] Level 1:colcon.colcon_core.environment:checking '/home/qianw/EECE5554/LAB3/src/imu_driver/install/imu_driver/bin'
[2.683s] Level 1:colcon.colcon_core.environment:checking '/home/qianw/EECE5554/LAB3/src/imu_driver/install/imu_driver/lib/pkgconfig/imu_driver.pc'
[2.684s] Level 1:colcon.colcon_core.environment:checking '/home/qianw/EECE5554/LAB3/src/imu_driver/install/imu_driver/lib/python3.10/site-packages'
[2.684s] Level 1:colcon.colcon_core.environment:checking '/home/qianw/EECE5554/LAB3/src/imu_driver/install/imu_driver/bin'
[2.684s] INFO:colcon.colcon_core.shell:Creating package script '/home/qianw/EECE5554/LAB3/src/imu_driver/install/imu_driver/share/imu_driver/package.ps1'
[2.686s] INFO:colcon.colcon_core.shell:Creating package descriptor '/home/qianw/EECE5554/LAB3/src/imu_driver/install/imu_driver/share/imu_driver/package.dsv'
[2.687s] INFO:colcon.colcon_core.shell:Creating package script '/home/qianw/EECE5554/LAB3/src/imu_driver/install/imu_driver/share/imu_driver/package.sh'
[2.689s] INFO:colcon.colcon_core.shell:Creating package script '/home/qianw/EECE5554/LAB3/src/imu_driver/install/imu_driver/share/imu_driver/package.bash'
[2.691s] INFO:colcon.colcon_core.shell:Creating package script '/home/qianw/EECE5554/LAB3/src/imu_driver/install/imu_driver/share/imu_driver/package.zsh'
[2.693s] Level 1:colcon.colcon_core.environment:create_file_with_runtime_dependencies(/home/qianw/EECE5554/LAB3/src/imu_driver/install/imu_driver/share/colcon-core/packages/imu_driver)
[2.694s] Level 1:colcon.colcon_core.environment:create_environment_scripts_only(imu_driver)
[2.694s] Level 1:colcon.colcon_core.environment:checking '/home/qianw/EECE5554/LAB3/src/imu_driver/install/imu_driver' for CMake module files
[2.695s] Level 1:colcon.colcon_core.environment:checking '/home/qianw/EECE5554/LAB3/src/imu_driver/install/imu_driver' for CMake config files
[2.695s] Level 1:colcon.colcon_core.shell:create_environment_hook('imu_driver', 'cmake_prefix_path')
[2.695s] INFO:colcon.colcon_core.shell:Creating environment hook '/home/qianw/EECE5554/LAB3/src/imu_driver/install/imu_driver/share/imu_driver/hook/cmake_prefix_path.ps1'
[2.696s] INFO:colcon.colcon_core.shell:Creating environment descriptor '/home/qianw/EECE5554/LAB3/src/imu_driver/install/imu_driver/share/imu_driver/hook/cmake_prefix_path.dsv'
[2.696s] INFO:colcon.colcon_core.shell:Creating environment hook '/home/qianw/EECE5554/LAB3/src/imu_driver/install/imu_driver/share/imu_driver/hook/cmake_prefix_path.sh'
[2.697s] Level 1:colcon.colcon_core.environment:checking '/home/qianw/EECE5554/LAB3/src/imu_driver/install/imu_driver/bin'
[2.697s] Level 1:colcon.colcon_core.environment:checking '/home/qianw/EECE5554/LAB3/src/imu_driver/install/imu_driver/lib/pkgconfig/imu_driver.pc'
[2.698s] Level 1:colcon.colcon_core.environment:checking '/home/qianw/EECE5554/LAB3/src/imu_driver/install/imu_driver/lib/python3.10/site-packages'
[2.698s] Level 1:colcon.colcon_core.environment:checking '/home/qianw/EECE5554/LAB3/src/imu_driver/install/imu_driver/bin'
[2.698s] INFO:colcon.colcon_core.shell:Creating package script '/home/qianw/EECE5554/LAB3/src/imu_driver/install/imu_driver/share/imu_driver/package.ps1'
[2.699s] INFO:colcon.colcon_core.shell:Creating package descriptor '/home/qianw/EECE5554/LAB3/src/imu_driver/install/imu_driver/share/imu_driver/package.dsv'
[2.700s] INFO:colcon.colcon_core.shell:Creating package script '/home/qianw/EECE5554/LAB3/src/imu_driver/install/imu_driver/share/imu_driver/package.sh'
[2.701s] INFO:colcon.colcon_core.shell:Creating package script '/home/qianw/EECE5554/LAB3/src/imu_driver/install/imu_driver/share/imu_driver/package.bash'
[2.701s] INFO:colcon.colcon_core.shell:Creating package script '/home/qianw/EECE5554/LAB3/src/imu_driver/install/imu_driver/share/imu_driver/package.zsh'
[2.702s] Level 1:colcon.colcon_core.environment:create_file_with_runtime_dependencies(/home/qianw/EECE5554/LAB3/src/imu_driver/install/imu_driver/share/colcon-core/packages/imu_driver)
[2.702s] DEBUG:colcon.colcon_parallel_executor.executor.parallel:closing loop
[2.703s] DEBUG:colcon.colcon_parallel_executor.executor.parallel:loop closed
[2.703s] DEBUG:colcon.colcon_parallel_executor.executor.parallel:run_until_complete finished with '0'
[2.703s] DEBUG:colcon.colcon_core.event_reactor:joining thread
[2.714s] INFO:colcon.colcon_core.plugin_system:Skipping extension 'colcon_notification.desktop_notification.terminal_notifier': Not used on non-Darwin systems
[2.714s] INFO:colcon.colcon_core.plugin_system:Skipping extension 'colcon_notification.desktop_notification.win32': Not used on non-Windows systems
[2.714s] INFO:colcon.colcon_notification.desktop_notification:Sending desktop notification using 'notify2'
[2.715s] DEBUG:colcon.colcon_notification.desktop_notification.notify2:Failed to initialize notify2: org.freedesktop.DBus.Error.NoReply: Did not receive a reply. Possible causes include: the remote application did not send a reply, the message bus security policy blocked the reply, the reply timeout expired, or the network connection was broken.
[2.715s] DEBUG:colcon.colcon_core.event_reactor:joined thread
[2.716s] INFO:colcon.colcon_core.shell:Creating prefix script '/home/qianw/EECE5554/LAB3/src/imu_driver/install/local_setup.ps1'
[2.718s] INFO:colcon.colcon_core.shell:Creating prefix util module '/home/qianw/EECE5554/LAB3/src/imu_driver/install/_local_setup_util_ps1.py'
[2.720s] INFO:colcon.colcon_core.shell:Creating prefix chain script '/home/qianw/EECE5554/LAB3/src/imu_driver/install/setup.ps1'
[2.722s] INFO:colcon.colcon_core.shell:Creating prefix script '/home/qianw/EECE5554/LAB3/src/imu_driver/install/local_setup.sh'
[2.723s] INFO:colcon.colcon_core.shell:Creating prefix util module '/home/qianw/EECE5554/LAB3/src/imu_driver/install/_local_setup_util_sh.py'
[2.724s] INFO:colcon.colcon_core.shell:Creating prefix chain script '/home/qianw/EECE5554/LAB3/src/imu_driver/install/setup.sh'
[2.726s] INFO:colcon.colcon_core.shell:Creating prefix script '/home/qianw/EECE5554/LAB3/src/imu_driver/install/local_setup.bash'
[2.727s] INFO:colcon.colcon_core.shell:Creating prefix chain script '/home/qianw/EECE5554/LAB3/src/imu_driver/install/setup.bash'
[2.729s] INFO:colcon.colcon_core.shell:Creating prefix script '/home/qianw/EECE5554/LAB3/src/imu_driver/install/local_setup.zsh'
[2.731s] INFO:colcon.colcon_core.shell:Creating prefix chain script '/home/qianw/EECE5554/LAB3/src/imu_driver/install/setup.zsh'
