-- The C compiler identification is GNU 11.4.0
-- The CXX compiler identification is GNU 11.4.0
-- Detecting C compiler ABI info
-- Detecting C compiler ABI info - done
-- Check for working C compiler: /usr/bin/cc - skipped
-- Detecting C compile features
-- Detecting C compile features - done
-- Detecting CXX compiler ABI info
-- Detecting CXX compiler ABI info - done
-- Check for working CXX compiler: /usr/bin/c++ - skipped
-- Detecting CXX compile features
-- Detecting CXX compile features - done
-- Found ament_cmake: 1.3.11 (/opt/ros/humble/share/ament_cmake/cmake)
-- Found Python3: /usr/bin/python3 (found version "3.10.12") found components: Interpreter 
-- Found sensor_msgs: 4.2.4 (/opt/ros/humble/share/sensor_msgs/cmake)
-- Found rosidl_generator_c: 3.1.6 (/opt/ros/humble/share/rosidl_generator_c/cmake)
-- Found rosidl_adapter: 3.1.6 (/opt/ros/humble/share/rosidl_adapter/cmake)
-- Found rosidl_generator_cpp: 3.1.6 (/opt/ros/humble/share/rosidl_generator_cpp/cmake)
-- Using all available rosidl_typesupport_c: rosidl_typesupport_fastrtps_c;rosidl_typesupport_introspection_c
-- Using all available rosidl_typesupport_cpp: rosidl_typesupport_fastrtps_cpp;rosidl_typesupport_introspection_cpp
-- Found rosidl_default_generators: 1.2.0 (/opt/ros/humble/share/rosidl_default_generators/cmake)
-- Found ament_cmake_ros: 0.10.0 (/opt/ros/humble/share/ament_cmake_ros/cmake)
-- Using all available rosidl_typesupport_c: rosidl_typesupport_fastrtps_c;rosidl_typesupport_introspection_c
-- Using all available rosidl_typesupport_cpp: rosidl_typesupport_fastrtps_cpp;rosidl_typesupport_introspection_cpp
-- Found PythonInterp: /usr/bin/python3 (found suitable version "3.10.12", minimum required is "3.6") 
-- Found python_cmake_module: 0.10.0 (/opt/ros/humble/share/python_cmake_module/cmake)
-- Found PythonLibs: /usr/lib/x86_64-linux-gnu/libpython3.10.so (found suitable version "3.10.12", minimum required is "3.5") 
-- Using PYTHON_EXECUTABLE: /usr/bin/python3
-- Using PYTHON_INCLUDE_DIRS: /usr/include/python3.10
-- Using PYTHON_LIBRARIES: /usr/lib/x86_64-linux-gnu/libpython3.10.so
-- Found PythonExtra: .so  
-- Found ament_lint_auto: 0.12.11 (/opt/ros/humble/share/ament_lint_auto/cmake)
-- Added test 'lint_cmake' to check CMake code style
-- Added test 'xmllint' to check XML markup files
-- Configuring done
-- Generating done
-- Build files have been written to: /home/qianw/EECE5554/LAB3/build/imu_interface
[  3%] [34m[1mGenerating C code for ROS interfaces[0m
[  6%] [34m[1mGenerating C++ code for ROS interfaces[0m
[  6%] Built target ament_cmake_python_copy_imu_interface
[  9%] [32mBuilding C object CMakeFiles/imu_interface__rosidl_generator_c.dir/rosidl_generator_c/imu_interface/msg/detail/im_umsg__functions.c.o[0m
[  9%] Built target imu_interface__cpp
[ 16%] [34m[1mGenerating C++ type support for eProsima Fast-RTPS[0m
[ 16%] [34m[1mGenerating C++ introspection for ROS interfaces[0m
[ 19%] [34m[1mGenerating C++ type support dispatch for ROS interfaces[0m
running egg_info
creating imu_interface.egg-info
writing imu_interface.egg-info/PKG-INFO
writing dependency_links to imu_interface.egg-info/dependency_links.txt
writing top-level names to imu_interface.egg-info/top_level.txt
writing manifest file 'imu_interface.egg-info/SOURCES.txt'
reading manifest file 'imu_interface.egg-info/SOURCES.txt'
writing manifest file 'imu_interface.egg-info/SOURCES.txt'
[ 22%] [32m[1mLinking C shared library libimu_interface__rosidl_generator_c.so[0m
[ 22%] Built target ament_cmake_python_build_imu_interface_egg
[ 22%] Built target imu_interface__rosidl_generator_c
[ 25%] [34m[1mGenerating C type support dispatch for ROS interfaces[0m
[ 29%] [34m[1mGenerating C type support for eProsima Fast-RTPS[0m
[ 32%] [34m[1mGenerating C introspection for ROS interfaces[0m
[ 35%] [32mBuilding CXX object CMakeFiles/imu_interface__rosidl_typesupport_cpp.dir/rosidl_typesupport_cpp/imu_interface/msg/im_umsg__type_support.cpp.o[0m
[ 38%] [32mBuilding CXX object CMakeFiles/imu_interface__rosidl_typesupport_introspection_cpp.dir/rosidl_typesupport_introspection_cpp/imu_interface/msg/detail/im_umsg__type_support.cpp.o[0m
[ 41%] [32mBuilding CXX object CMakeFiles/imu_interface__rosidl_typesupport_fastrtps_cpp.dir/rosidl_typesupport_fastrtps_cpp/imu_interface/msg/detail/dds_fastrtps/im_umsg__type_support.cpp.o[0m
[ 45%] [32mBuilding CXX object CMakeFiles/imu_interface__rosidl_typesupport_c.dir/rosidl_typesupport_c/imu_interface/msg/im_umsg__type_support.cpp.o[0m
[ 48%] [32m[1mLinking CXX shared library libimu_interface__rosidl_typesupport_c.so[0m
[ 51%] [32mBuilding C object CMakeFiles/imu_interface__rosidl_typesupport_introspection_c.dir/rosidl_typesupport_introspection_c/imu_interface/msg/detail/im_umsg__type_support.c.o[0m
[ 54%] [32mBuilding CXX object CMakeFiles/imu_interface__rosidl_typesupport_fastrtps_c.dir/rosidl_typesupport_fastrtps_c/imu_interface/msg/detail/im_umsg__type_support_c.cpp.o[0m
[ 54%] Built target imu_interface__rosidl_typesupport_c
[ 58%] [32m[1mLinking C shared library libimu_interface__rosidl_typesupport_introspection_c.so[0m
[ 58%] Built target imu_interface__rosidl_typesupport_introspection_c
[ 61%] [32m[1mLinking CXX shared library libimu_interface__rosidl_typesupport_cpp.so[0m
[ 61%] Built target imu_interface__rosidl_typesupport_cpp
[ 64%] [32m[1mLinking CXX shared library libimu_interface__rosidl_typesupport_introspection_cpp.so[0m
[ 67%] [32m[1mLinking CXX shared library libimu_interface__rosidl_typesupport_fastrtps_cpp.so[0m
[ 67%] Built target imu_interface__rosidl_typesupport_introspection_cpp
[ 70%] [32m[1mLinking CXX shared library libimu_interface__rosidl_typesupport_fastrtps_c.so[0m
[ 70%] Built target imu_interface__rosidl_typesupport_fastrtps_cpp
[ 70%] Built target imu_interface__rosidl_typesupport_fastrtps_c
[ 70%] Built target imu_interface
[ 74%] [34m[1mGenerating Python code for ROS interfaces[0m
[ 74%] Built target imu_interface__py
[ 77%] [32mBuilding C object CMakeFiles/imu_interface__rosidl_generator_py.dir/rosidl_generator_py/imu_interface/msg/_im_umsg_s.c.o[0m
[ 80%] [32m[1mLinking C shared library rosidl_generator_py/imu_interface/libimu_interface__rosidl_generator_py.so[0m
[ 80%] Built target imu_interface__rosidl_generator_py
[ 87%] [32mBuilding C object CMakeFiles/imu_interface__rosidl_typesupport_introspection_c__pyext.dir/rosidl_generator_py/imu_interface/_imu_interface_s.ep.rosidl_typesupport_introspection_c.c.o[0m
[ 87%] [32mBuilding C object CMakeFiles/imu_interface__rosidl_typesupport_fastrtps_c__pyext.dir/rosidl_generator_py/imu_interface/_imu_interface_s.ep.rosidl_typesupport_fastrtps_c.c.o[0m
[ 90%] [32mBuilding C object CMakeFiles/imu_interface__rosidl_typesupport_c__pyext.dir/rosidl_generator_py/imu_interface/_imu_interface_s.ep.rosidl_typesupport_c.c.o[0m
[ 93%] [32m[1mLinking C shared library rosidl_generator_py/imu_interface/imu_interface_s__rosidl_typesupport_fastrtps_c.cpython-310-x86_64-linux-gnu.so[0m
[ 96%] [32m[1mLinking C shared library rosidl_generator_py/imu_interface/imu_interface_s__rosidl_typesupport_c.cpython-310-x86_64-linux-gnu.so[0m
[100%] [32m[1mLinking C shared library rosidl_generator_py/imu_interface/imu_interface_s__rosidl_typesupport_introspection_c.cpython-310-x86_64-linux-gnu.so[0m
[100%] Built target imu_interface__rosidl_typesupport_introspection_c__pyext
[100%] Built target imu_interface__rosidl_typesupport_fastrtps_c__pyext
[100%] Built target imu_interface__rosidl_typesupport_c__pyext
-- Install configuration: ""
-- Installing: /home/qianw/EECE5554/LAB3/install/imu_interface/share/ament_index/resource_index/rosidl_interfaces/imu_interface
-- Installing: /home/qianw/EECE5554/LAB3/install/imu_interface/include/imu_interface/imu_interface
-- Installing: /home/qianw/EECE5554/LAB3/install/imu_interface/include/imu_interface/imu_interface/msg
-- Installing: /home/qianw/EECE5554/LAB3/install/imu_interface/include/imu_interface/imu_interface/msg/detail
-- Installing: /home/qianw/EECE5554/LAB3/install/imu_interface/include/imu_interface/imu_interface/msg/detail/im_umsg__struct.h
-- Installing: /home/qianw/EECE5554/LAB3/install/imu_interface/include/imu_interface/imu_interface/msg/detail/im_umsg__type_support.h
-- Installing: /home/qianw/EECE5554/LAB3/install/imu_interface/include/imu_interface/imu_interface/msg/detail/im_umsg__functions.h
-- Installing: /home/qianw/EECE5554/LAB3/install/imu_interface/include/imu_interface/imu_interface/msg/detail/im_umsg__functions.c
-- Installing: /home/qianw/EECE5554/LAB3/install/imu_interface/include/imu_interface/imu_interface/msg/rosidl_generator_c__visibility_control.h
-- Installing: /home/qianw/EECE5554/LAB3/install/imu_interface/include/imu_interface/imu_interface/msg/im_umsg.h
-- Installing: /home/qianw/EECE5554/LAB3/install/imu_interface/share/imu_interface/environment/library_path.sh
-- Installing: /home/qianw/EECE5554/LAB3/install/imu_interface/share/imu_interface/environment/library_path.dsv
-- Installing: /home/qianw/EECE5554/LAB3/install/imu_interface/lib/libimu_interface__rosidl_generator_c.so
-- Set runtime path of "/home/qianw/EECE5554/LAB3/install/imu_interface/lib/libimu_interface__rosidl_generator_c.so" to ""
-- Up-to-date: /home/qianw/EECE5554/LAB3/install/imu_interface/include/imu_interface/imu_interface
-- Up-to-date: /home/qianw/EECE5554/LAB3/install/imu_interface/include/imu_interface/imu_interface/msg
-- Up-to-date: /home/qianw/EECE5554/LAB3/install/imu_interface/include/imu_interface/imu_interface/msg/detail
-- Installing: /home/qianw/EECE5554/LAB3/install/imu_interface/include/imu_interface/imu_interface/msg/detail/im_umsg__rosidl_typesupport_fastrtps_c.h
-- Installing: /home/qianw/EECE5554/LAB3/install/imu_interface/include/imu_interface/imu_interface/msg/rosidl_typesupport_fastrtps_c__visibility_control.h
-- Installing: /home/qianw/EECE5554/LAB3/install/imu_interface/lib/libimu_interface__rosidl_typesupport_fastrtps_c.so
-- Set runtime path of "/home/qianw/EECE5554/LAB3/install/imu_interface/lib/libimu_interface__rosidl_typesupport_fastrtps_c.so" to ""
-- Up-to-date: /home/qianw/EECE5554/LAB3/install/imu_interface/include/imu_interface/imu_interface
-- Up-to-date: /home/qianw/EECE5554/LAB3/install/imu_interface/include/imu_interface/imu_interface/msg
-- Installing: /home/qianw/EECE5554/LAB3/install/imu_interface/include/imu_interface/imu_interface/msg/rosidl_generator_cpp__visibility_control.hpp
-- Up-to-date: /home/qianw/EECE5554/LAB3/install/imu_interface/include/imu_interface/imu_interface/msg/detail
-- Installing: /home/qianw/EECE5554/LAB3/install/imu_interface/include/imu_interface/imu_interface/msg/detail/im_umsg__struct.hpp
-- Installing: /home/qianw/EECE5554/LAB3/install/imu_interface/include/imu_interface/imu_interface/msg/detail/im_umsg__builder.hpp
-- Installing: /home/qianw/EECE5554/LAB3/install/imu_interface/include/imu_interface/imu_interface/msg/detail/im_umsg__type_support.hpp
-- Installing: /home/qianw/EECE5554/LAB3/install/imu_interface/include/imu_interface/imu_interface/msg/detail/im_umsg__traits.hpp
-- Installing: /home/qianw/EECE5554/LAB3/install/imu_interface/include/imu_interface/imu_interface/msg/im_umsg.hpp
-- Up-to-date: /home/qianw/EECE5554/LAB3/install/imu_interface/include/imu_interface/imu_interface
-- Up-to-date: /home/qianw/EECE5554/LAB3/install/imu_interface/include/imu_interface/imu_interface/msg
-- Up-to-date: /home/qianw/EECE5554/LAB3/install/imu_interface/include/imu_interface/imu_interface/msg/detail
-- Installing: /home/qianw/EECE5554/LAB3/install/imu_interface/include/imu_interface/imu_interface/msg/detail/im_umsg__rosidl_typesupport_fastrtps_cpp.hpp
-- Installing: /home/qianw/EECE5554/LAB3/install/imu_interface/include/imu_interface/imu_interface/msg/detail/dds_fastrtps
-- Installing: /home/qianw/EECE5554/LAB3/install/imu_interface/include/imu_interface/imu_interface/msg/rosidl_typesupport_fastrtps_cpp__visibility_control.h
-- Installing: /home/qianw/EECE5554/LAB3/install/imu_interface/lib/libimu_interface__rosidl_typesupport_fastrtps_cpp.so
-- Set runtime path of "/home/qianw/EECE5554/LAB3/install/imu_interface/lib/libimu_interface__rosidl_typesupport_fastrtps_cpp.so" to ""
-- Up-to-date: /home/qianw/EECE5554/LAB3/install/imu_interface/include/imu_interface/imu_interface
-- Up-to-date: /home/qianw/EECE5554/LAB3/install/imu_interface/include/imu_interface/imu_interface/msg
-- Up-to-date: /home/qianw/EECE5554/LAB3/install/imu_interface/include/imu_interface/imu_interface/msg/detail
-- Installing: /home/qianw/EECE5554/LAB3/install/imu_interface/include/imu_interface/imu_interface/msg/detail/im_umsg__rosidl_typesupport_introspection_c.h
-- Installing: /home/qianw/EECE5554/LAB3/install/imu_interface/include/imu_interface/imu_interface/msg/detail/im_umsg__type_support.c
-- Installing: /home/qianw/EECE5554/LAB3/install/imu_interface/include/imu_interface/imu_interface/msg/rosidl_typesupport_introspection_c__visibility_control.h
-- Installing: /home/qianw/EECE5554/LAB3/install/imu_interface/lib/libimu_interface__rosidl_typesupport_introspection_c.so
-- Set runtime path of "/home/qianw/EECE5554/LAB3/install/imu_interface/lib/libimu_interface__rosidl_typesupport_introspection_c.so" to ""
-- Installing: /home/qianw/EECE5554/LAB3/install/imu_interface/lib/libimu_interface__rosidl_typesupport_c.so
-- Set runtime path of "/home/qianw/EECE5554/LAB3/install/imu_interface/lib/libimu_interface__rosidl_typesupport_c.so" to ""
-- Up-to-date: /home/qianw/EECE5554/LAB3/install/imu_interface/include/imu_interface/imu_interface
-- Up-to-date: /home/qianw/EECE5554/LAB3/install/imu_interface/include/imu_interface/imu_interface/msg
-- Up-to-date: /home/qianw/EECE5554/LAB3/install/imu_interface/include/imu_interface/imu_interface/msg/detail
-- Installing: /home/qianw/EECE5554/LAB3/install/imu_interface/include/imu_interface/imu_interface/msg/detail/im_umsg__rosidl_typesupport_introspection_cpp.hpp
-- Installing: /home/qianw/EECE5554/LAB3/install/imu_interface/include/imu_interface/imu_interface/msg/detail/im_umsg__type_support.cpp
-- Installing: /home/qianw/EECE5554/LAB3/install/imu_interface/lib/libimu_interface__rosidl_typesupport_introspection_cpp.so
-- Set runtime path of "/home/qianw/EECE5554/LAB3/install/imu_interface/lib/libimu_interface__rosidl_typesupport_introspection_cpp.so" to ""
-- Installing: /home/qianw/EECE5554/LAB3/install/imu_interface/lib/libimu_interface__rosidl_typesupport_cpp.so
-- Set runtime path of "/home/qianw/EECE5554/LAB3/install/imu_interface/lib/libimu_interface__rosidl_typesupport_cpp.so" to ""
-- Installing: /home/qianw/EECE5554/LAB3/install/imu_interface/share/imu_interface/environment/pythonpath.sh
-- Installing: /home/qianw/EECE5554/LAB3/install/imu_interface/share/imu_interface/environment/pythonpath.dsv
-- Installing: /home/qianw/EECE5554/LAB3/install/imu_interface/local/lib/python3.10/dist-packages/imu_interface-0.0.0-py3.10.egg-info
-- Installing: /home/qianw/EECE5554/LAB3/install/imu_interface/local/lib/python3.10/dist-packages/imu_interface-0.0.0-py3.10.egg-info/PKG-INFO
-- Installing: /home/qianw/EECE5554/LAB3/install/imu_interface/local/lib/python3.10/dist-packages/imu_interface-0.0.0-py3.10.egg-info/top_level.txt
-- Installing: /home/qianw/EECE5554/LAB3/install/imu_interface/local/lib/python3.10/dist-packages/imu_interface-0.0.0-py3.10.egg-info/dependency_links.txt
-- Installing: /home/qianw/EECE5554/LAB3/install/imu_interface/local/lib/python3.10/dist-packages/imu_interface-0.0.0-py3.10.egg-info/SOURCES.txt
-- Installing: /home/qianw/EECE5554/LAB3/install/imu_interface/local/lib/python3.10/dist-packages/imu_interface
-- Installing: /home/qianw/EECE5554/LAB3/install/imu_interface/local/lib/python3.10/dist-packages/imu_interface/libimu_interface__rosidl_generator_py.so
-- Installing: /home/qianw/EECE5554/LAB3/install/imu_interface/local/lib/python3.10/dist-packages/imu_interface/imu_interface_s__rosidl_typesupport_fastrtps_c.cpython-310-x86_64-linux-gnu.so
-- Installing: /home/qianw/EECE5554/LAB3/install/imu_interface/local/lib/python3.10/dist-packages/imu_interface/_imu_interface_s.ep.rosidl_typesupport_c.c
-- Installing: /home/qianw/EECE5554/LAB3/install/imu_interface/local/lib/python3.10/dist-packages/imu_interface/_imu_interface_s.ep.rosidl_typesupport_fastrtps_c.c
-- Installing: /home/qianw/EECE5554/LAB3/install/imu_interface/local/lib/python3.10/dist-packages/imu_interface/imu_interface_s__rosidl_typesupport_c.cpython-310-x86_64-linux-gnu.so
-- Installing: /home/qianw/EECE5554/LAB3/install/imu_interface/local/lib/python3.10/dist-packages/imu_interface/__init__.py
-- Installing: /home/qianw/EECE5554/LAB3/install/imu_interface/local/lib/python3.10/dist-packages/imu_interface/_imu_interface_s.ep.rosidl_typesupport_introspection_c.c
-- Installing: /home/qianw/EECE5554/LAB3/install/imu_interface/local/lib/python3.10/dist-packages/imu_interface/imu_interface_s__rosidl_typesupport_introspection_c.cpython-310-x86_64-linux-gnu.so
-- Installing: /home/qianw/EECE5554/LAB3/install/imu_interface/local/lib/python3.10/dist-packages/imu_interface/msg
-- Installing: /home/qianw/EECE5554/LAB3/install/imu_interface/local/lib/python3.10/dist-packages/imu_interface/msg/_im_umsg.py
-- Installing: /home/qianw/EECE5554/LAB3/install/imu_interface/local/lib/python3.10/dist-packages/imu_interface/msg/__init__.py
-- Installing: /home/qianw/EECE5554/LAB3/install/imu_interface/local/lib/python3.10/dist-packages/imu_interface/msg/_im_umsg_s.c
Listing '/home/qianw/EECE5554/LAB3/install/imu_interface/local/lib/python3.10/dist-packages/imu_interface'...
Compiling '/home/qianw/EECE5554/LAB3/install/imu_interface/local/lib/python3.10/dist-packages/imu_interface/__init__.py'...
Listing '/home/qianw/EECE5554/LAB3/install/imu_interface/local/lib/python3.10/dist-packages/imu_interface/msg'...
Compiling '/home/qianw/EECE5554/LAB3/install/imu_interface/local/lib/python3.10/dist-packages/imu_interface/msg/__init__.py'...
Compiling '/home/qianw/EECE5554/LAB3/install/imu_interface/local/lib/python3.10/dist-packages/imu_interface/msg/_im_umsg.py'...
-- Installing: /home/qianw/EECE5554/LAB3/install/imu_interface/local/lib/python3.10/dist-packages/imu_interface/imu_interface_s__rosidl_typesupport_fastrtps_c.cpython-310-x86_64-linux-gnu.so
-- Set runtime path of "/home/qianw/EECE5554/LAB3/install/imu_interface/local/lib/python3.10/dist-packages/imu_interface/imu_interface_s__rosidl_typesupport_fastrtps_c.cpython-310-x86_64-linux-gnu.so" to ""
-- Installing: /home/qianw/EECE5554/LAB3/install/imu_interface/local/lib/python3.10/dist-packages/imu_interface/imu_interface_s__rosidl_typesupport_introspection_c.cpython-310-x86_64-linux-gnu.so
-- Set runtime path of "/home/qianw/EECE5554/LAB3/install/imu_interface/local/lib/python3.10/dist-packages/imu_interface/imu_interface_s__rosidl_typesupport_introspection_c.cpython-310-x86_64-linux-gnu.so" to ""
-- Installing: /home/qianw/EECE5554/LAB3/install/imu_interface/local/lib/python3.10/dist-packages/imu_interface/imu_interface_s__rosidl_typesupport_c.cpython-310-x86_64-linux-gnu.so
-- Set runtime path of "/home/qianw/EECE5554/LAB3/install/imu_interface/local/lib/python3.10/dist-packages/imu_interface/imu_interface_s__rosidl_typesupport_c.cpython-310-x86_64-linux-gnu.so" to ""
-- Installing: /home/qianw/EECE5554/LAB3/install/imu_interface/lib/libimu_interface__rosidl_generator_py.so
-- Set runtime path of "/home/qianw/EECE5554/LAB3/install/imu_interface/lib/libimu_interface__rosidl_generator_py.so" to ""
-- Installing: /home/qianw/EECE5554/LAB3/install/imu_interface/share/imu_interface/msg/IMUmsg.idl
-- Installing: /home/qianw/EECE5554/LAB3/install/imu_interface/share/imu_interface/msg/IMUmsg.msg
-- Installing: /home/qianw/EECE5554/LAB3/install/imu_interface/share/ament_index/resource_index/package_run_dependencies/imu_interface
-- Installing: /home/qianw/EECE5554/LAB3/install/imu_interface/share/ament_index/resource_index/parent_prefix_path/imu_interface
-- Installing: /home/qianw/EECE5554/LAB3/install/imu_interface/share/imu_interface/environment/ament_prefix_path.sh
-- Installing: /home/qianw/EECE5554/LAB3/install/imu_interface/share/imu_interface/environment/ament_prefix_path.dsv
-- Installing: /home/qianw/EECE5554/LAB3/install/imu_interface/share/imu_interface/environment/path.sh
-- Installing: /home/qianw/EECE5554/LAB3/install/imu_interface/share/imu_interface/environment/path.dsv
-- Installing: /home/qianw/EECE5554/LAB3/install/imu_interface/share/imu_interface/local_setup.bash
-- Installing: /home/qianw/EECE5554/LAB3/install/imu_interface/share/imu_interface/local_setup.sh
-- Installing: /home/qianw/EECE5554/LAB3/install/imu_interface/share/imu_interface/local_setup.zsh
-- Installing: /home/qianw/EECE5554/LAB3/install/imu_interface/share/imu_interface/local_setup.dsv
-- Installing: /home/qianw/EECE5554/LAB3/install/imu_interface/share/imu_interface/package.dsv
-- Installing: /home/qianw/EECE5554/LAB3/install/imu_interface/share/ament_index/resource_index/packages/imu_interface
-- Installing: /home/qianw/EECE5554/LAB3/install/imu_interface/share/imu_interface/cmake/export_imu_interface__rosidl_generator_cExport.cmake
-- Installing: /home/qianw/EECE5554/LAB3/install/imu_interface/share/imu_interface/cmake/export_imu_interface__rosidl_generator_cExport-noconfig.cmake
-- Installing: /home/qianw/EECE5554/LAB3/install/imu_interface/share/imu_interface/cmake/export_imu_interface__rosidl_typesupport_fastrtps_cExport.cmake
-- Installing: /home/qianw/EECE5554/LAB3/install/imu_interface/share/imu_interface/cmake/export_imu_interface__rosidl_typesupport_fastrtps_cExport-noconfig.cmake
-- Installing: /home/qianw/EECE5554/LAB3/install/imu_interface/share/imu_interface/cmake/export_imu_interface__rosidl_generator_cppExport.cmake
-- Installing: /home/qianw/EECE5554/LAB3/install/imu_interface/share/imu_interface/cmake/export_imu_interface__rosidl_typesupport_fastrtps_cppExport.cmake
-- Installing: /home/qianw/EECE5554/LAB3/install/imu_interface/share/imu_interface/cmake/export_imu_interface__rosidl_typesupport_fastrtps_cppExport-noconfig.cmake
-- Installing: /home/qianw/EECE5554/LAB3/install/imu_interface/share/imu_interface/cmake/imu_interface__rosidl_typesupport_introspection_cExport.cmake
-- Installing: /home/qianw/EECE5554/LAB3/install/imu_interface/share/imu_interface/cmake/imu_interface__rosidl_typesupport_introspection_cExport-noconfig.cmake
-- Installing: /home/qianw/EECE5554/LAB3/install/imu_interface/share/imu_interface/cmake/imu_interface__rosidl_typesupport_cExport.cmake
-- Installing: /home/qianw/EECE5554/LAB3/install/imu_interface/share/imu_interface/cmake/imu_interface__rosidl_typesupport_cExport-noconfig.cmake
-- Installing: /home/qianw/EECE5554/LAB3/install/imu_interface/share/imu_interface/cmake/imu_interface__rosidl_typesupport_introspection_cppExport.cmake
-- Installing: /home/qianw/EECE5554/LAB3/install/imu_interface/share/imu_interface/cmake/imu_interface__rosidl_typesupport_introspection_cppExport-noconfig.cmake
-- Installing: /home/qianw/EECE5554/LAB3/install/imu_interface/share/imu_interface/cmake/imu_interface__rosidl_typesupport_cppExport.cmake
-- Installing: /home/qianw/EECE5554/LAB3/install/imu_interface/share/imu_interface/cmake/imu_interface__rosidl_typesupport_cppExport-noconfig.cmake
-- Installing: /home/qianw/EECE5554/LAB3/install/imu_interface/share/imu_interface/cmake/export_imu_interface__rosidl_generator_pyExport.cmake
-- Installing: /home/qianw/EECE5554/LAB3/install/imu_interface/share/imu_interface/cmake/export_imu_interface__rosidl_generator_pyExport-noconfig.cmake
-- Installing: /home/qianw/EECE5554/LAB3/install/imu_interface/share/imu_interface/cmake/rosidl_cmake-extras.cmake
-- Installing: /home/qianw/EECE5554/LAB3/install/imu_interface/share/imu_interface/cmake/ament_cmake_export_dependencies-extras.cmake
-- Installing: /home/qianw/EECE5554/LAB3/install/imu_interface/share/imu_interface/cmake/ament_cmake_export_include_directories-extras.cmake
-- Installing: /home/qianw/EECE5554/LAB3/install/imu_interface/share/imu_interface/cmake/ament_cmake_export_libraries-extras.cmake
-- Installing: /home/qianw/EECE5554/LAB3/install/imu_interface/share/imu_interface/cmake/ament_cmake_export_targets-extras.cmake
-- Installing: /home/qianw/EECE5554/LAB3/install/imu_interface/share/imu_interface/cmake/rosidl_cmake_export_typesupport_targets-extras.cmake
-- Installing: /home/qianw/EECE5554/LAB3/install/imu_interface/share/imu_interface/cmake/rosidl_cmake_export_typesupport_libraries-extras.cmake
-- Installing: /home/qianw/EECE5554/LAB3/install/imu_interface/share/imu_interface/cmake/imu_interfaceConfig.cmake
-- Installing: /home/qianw/EECE5554/LAB3/install/imu_interface/share/imu_interface/cmake/imu_interfaceConfig-version.cmake
-- Installing: /home/qianw/EECE5554/LAB3/install/imu_interface/share/imu_interface/package.xml
