[0.014s] Invoking command in '/home/qianw/EECE5554/LAB3/build/imu_interface': CMAKE_PREFIX_PATH=/opt/ros/humble /usr/bin/cmake /home/qianw/EECE5554/LAB3/src/imu_interface -DCMAKE_INSTALL_PREFIX=/home/qianw/EECE5554/LAB3/install/imu_interface
[0.169s] -- The C compiler identification is GNU 11.4.0
[0.377s] -- The CXX compiler identification is GNU 11.4.0
[0.387s] -- Detecting C compiler ABI info
[0.661s] -- Detecting C compiler ABI info - done
[0.700s] -- Check for working C compiler: /usr/bin/cc - skipped
[0.700s] -- Detecting C compile features
[0.706s] -- Detecting C compile features - done
[0.717s] -- Detecting CXX compiler ABI info
[1.078s] -- Detecting CXX compiler ABI info - done
[1.123s] -- Check for working CXX compiler: /usr/bin/c++ - skipped
[1.125s] -- Detecting CXX compile features
[1.127s] -- Detecting CXX compile features - done
[1.135s] -- Found ament_cmake: 1.3.11 (/opt/ros/humble/share/ament_cmake/cmake)
[1.742s] -- Found Python3: /usr/bin/python3 (found version "3.10.12") found components: Interpreter 
[1.928s] -- Found sensor_msgs: 4.2.4 (/opt/ros/humble/share/sensor_msgs/cmake)
[2.061s] -- Found rosidl_generator_c: 3.1.6 (/opt/ros/humble/share/rosidl_generator_c/cmake)
[2.075s] -- Found rosidl_adapter: 3.1.6 (/opt/ros/humble/share/rosidl_adapter/cmake)
[2.101s] -- Found rosidl_generator_cpp: 3.1.6 (/opt/ros/humble/share/rosidl_generator_cpp/cmake)
[2.120s] -- Using all available rosidl_typesupport_c: rosidl_typesupport_fastrtps_c;rosidl_typesupport_introspection_c
[2.141s] -- Using all available rosidl_typesupport_cpp: rosidl_typesupport_fastrtps_cpp;rosidl_typesupport_introspection_cpp
[2.269s] -- Found rosidl_default_generators: 1.2.0 (/opt/ros/humble/share/rosidl_default_generators/cmake)
[3.248s] -- Found ament_cmake_ros: 0.10.0 (/opt/ros/humble/share/ament_cmake_ros/cmake)
[4.689s] -- Using all available rosidl_typesupport_c: rosidl_typesupport_fastrtps_c;rosidl_typesupport_introspection_c
[5.448s] -- Using all available rosidl_typesupport_cpp: rosidl_typesupport_fastrtps_cpp;rosidl_typesupport_introspection_cpp
[5.538s] -- Found PythonInterp: /usr/bin/python3 (found suitable version "3.10.12", minimum required is "3.6") 
[5.542s] -- Found python_cmake_module: 0.10.0 (/opt/ros/humble/share/python_cmake_module/cmake)
[5.637s] -- Found PythonLibs: /usr/lib/x86_64-linux-gnu/libpython3.10.so (found suitable version "3.10.12", minimum required is "3.5") 
[5.638s] -- Using PYTHON_EXECUTABLE: /usr/bin/python3
[5.638s] -- Using PYTHON_INCLUDE_DIRS: /usr/include/python3.10
[5.639s] -- Using PYTHON_LIBRARIES: /usr/lib/x86_64-linux-gnu/libpython3.10.so
[5.726s] -- Found PythonExtra: .so  
[5.926s] -- Found ament_lint_auto: 0.12.11 (/opt/ros/humble/share/ament_lint_auto/cmake)
[5.981s] -- Added test 'lint_cmake' to check CMake code style
[5.984s] -- Added test 'xmllint' to check XML markup files
[6.002s] -- Configuring done
[6.139s] -- Generating done
[6.188s] -- Build files have been written to: /home/qianw/EECE5554/LAB3/build/imu_interface
[6.218s] Invoked command in '/home/qianw/EECE5554/LAB3/build/imu_interface' returned '0': CMAKE_PREFIX_PATH=/opt/ros/humble /usr/bin/cmake /home/qianw/EECE5554/LAB3/src/imu_interface -DCMAKE_INSTALL_PREFIX=/home/qianw/EECE5554/LAB3/install/imu_interface
[6.227s] Invoking command in '/home/qianw/EECE5554/LAB3/build/imu_interface': CMAKE_PREFIX_PATH=/opt/ros/humble /usr/bin/cmake --build /home/qianw/EECE5554/LAB3/build/imu_interface -- -j8 -l8
[6.385s] [  3%] [34m[1mGenerating C code for ROS interfaces[0m
[6.442s] [  6%] [34m[1mGenerating C++ code for ROS interfaces[0m
[6.500s] [  6%] Built target ament_cmake_python_copy_imu_interface
[7.417s] [  9%] [32mBuilding C object CMakeFiles/imu_interface__rosidl_generator_c.dir/rosidl_generator_c/imu_interface/msg/detail/im_umsg__functions.c.o[0m
[7.432s] [  9%] Built target imu_interface__cpp
[7.453s] [ 16%] [34m[1mGenerating C++ type support for eProsima Fast-RTPS[0m
[7.457s] [ 16%] [34m[1mGenerating C++ introspection for ROS interfaces[0m
[7.457s] [ 19%] [34m[1mGenerating C++ type support dispatch for ROS interfaces[0m
[7.496s] running egg_info
[7.498s] creating imu_interface.egg-info
[7.498s] writing imu_interface.egg-info/PKG-INFO
[7.499s] writing dependency_links to imu_interface.egg-info/dependency_links.txt
[7.499s] writing top-level names to imu_interface.egg-info/top_level.txt
[7.500s] writing manifest file 'imu_interface.egg-info/SOURCES.txt'
[7.502s] reading manifest file 'imu_interface.egg-info/SOURCES.txt'
[7.502s] writing manifest file 'imu_interface.egg-info/SOURCES.txt'
[7.550s] [ 22%] [32m[1mLinking C shared library libimu_interface__rosidl_generator_c.so[0m
[7.560s] [ 22%] Built target ament_cmake_python_build_imu_interface_egg
[7.626s] [ 22%] Built target imu_interface__rosidl_generator_c
[7.656s] [ 25%] [34m[1mGenerating C type support dispatch for ROS interfaces[0m
[7.656s] [ 29%] [34m[1mGenerating C type support for eProsima Fast-RTPS[0m
[7.658s] [ 32%] [34m[1mGenerating C introspection for ROS interfaces[0m
[7.846s] [ 35%] [32mBuilding CXX object CMakeFiles/imu_interface__rosidl_typesupport_cpp.dir/rosidl_typesupport_cpp/imu_interface/msg/im_umsg__type_support.cpp.o[0m
[7.885s] [ 38%] [32mBuilding CXX object CMakeFiles/imu_interface__rosidl_typesupport_introspection_cpp.dir/rosidl_typesupport_introspection_cpp/imu_interface/msg/detail/im_umsg__type_support.cpp.o[0m
[7.905s] [ 41%] [32mBuilding CXX object CMakeFiles/imu_interface__rosidl_typesupport_fastrtps_cpp.dir/rosidl_typesupport_fastrtps_cpp/imu_interface/msg/detail/dds_fastrtps/im_umsg__type_support.cpp.o[0m
[8.010s] [ 45%] [32mBuilding CXX object CMakeFiles/imu_interface__rosidl_typesupport_c.dir/rosidl_typesupport_c/imu_interface/msg/im_umsg__type_support.cpp.o[0m
[8.057s] [ 48%] [32m[1mLinking CXX shared library libimu_interface__rosidl_typesupport_c.so[0m
[8.076s] [ 51%] [32mBuilding C object CMakeFiles/imu_interface__rosidl_typesupport_introspection_c.dir/rosidl_typesupport_introspection_c/imu_interface/msg/detail/im_umsg__type_support.c.o[0m
[8.079s] [ 54%] [32mBuilding CXX object CMakeFiles/imu_interface__rosidl_typesupport_fastrtps_c.dir/rosidl_typesupport_fastrtps_c/imu_interface/msg/detail/im_umsg__type_support_c.cpp.o[0m
[8.131s] [ 54%] Built target imu_interface__rosidl_typesupport_c
[8.142s] [ 58%] [32m[1mLinking C shared library libimu_interface__rosidl_typesupport_introspection_c.so[0m
[8.198s] [ 58%] Built target imu_interface__rosidl_typesupport_introspection_c
[8.315s] [ 61%] [32m[1mLinking CXX shared library libimu_interface__rosidl_typesupport_cpp.so[0m
[8.521s] [ 61%] Built target imu_interface__rosidl_typesupport_cpp
[8.662s] [ 64%] [32m[1mLinking CXX shared library libimu_interface__rosidl_typesupport_introspection_cpp.so[0m
[8.738s] [ 67%] [32m[1mLinking CXX shared library libimu_interface__rosidl_typesupport_fastrtps_cpp.so[0m
[8.831s] [ 67%] Built target imu_interface__rosidl_typesupport_introspection_cpp
[8.852s] [ 70%] [32m[1mLinking CXX shared library libimu_interface__rosidl_typesupport_fastrtps_c.so[0m
[8.915s] [ 70%] Built target imu_interface__rosidl_typesupport_fastrtps_cpp
[9.034s] [ 70%] Built target imu_interface__rosidl_typesupport_fastrtps_c
[9.064s] [ 70%] Built target imu_interface
[9.130s] [ 74%] [34m[1mGenerating Python code for ROS interfaces[0m
[9.667s] [ 74%] Built target imu_interface__py
[9.700s] [ 77%] [32mBuilding C object CMakeFiles/imu_interface__rosidl_generator_py.dir/rosidl_generator_py/imu_interface/msg/_im_umsg_s.c.o[0m
[9.988s] [ 80%] [32m[1mLinking C shared library rosidl_generator_py/imu_interface/libimu_interface__rosidl_generator_py.so[0m
[10.138s] [ 80%] Built target imu_interface__rosidl_generator_py
[10.253s] [ 87%] [32mBuilding C object CMakeFiles/imu_interface__rosidl_typesupport_introspection_c__pyext.dir/rosidl_generator_py/imu_interface/_imu_interface_s.ep.rosidl_typesupport_introspection_c.c.o[0m
[10.254s] [ 87%] [32mBuilding C object CMakeFiles/imu_interface__rosidl_typesupport_fastrtps_c__pyext.dir/rosidl_generator_py/imu_interface/_imu_interface_s.ep.rosidl_typesupport_fastrtps_c.c.o[0m
[10.255s] [ 90%] [32mBuilding C object CMakeFiles/imu_interface__rosidl_typesupport_c__pyext.dir/rosidl_generator_py/imu_interface/_imu_interface_s.ep.rosidl_typesupport_c.c.o[0m
[10.720s] [ 93%] [32m[1mLinking C shared library rosidl_generator_py/imu_interface/imu_interface_s__rosidl_typesupport_fastrtps_c.cpython-310-x86_64-linux-gnu.so[0m
[10.721s] [ 96%] [32m[1mLinking C shared library rosidl_generator_py/imu_interface/imu_interface_s__rosidl_typesupport_c.cpython-310-x86_64-linux-gnu.so[0m
[10.721s] [100%] [32m[1mLinking C shared library rosidl_generator_py/imu_interface/imu_interface_s__rosidl_typesupport_introspection_c.cpython-310-x86_64-linux-gnu.so[0m
[10.789s] [100%] Built target imu_interface__rosidl_typesupport_introspection_c__pyext
[10.789s] [100%] Built target imu_interface__rosidl_typesupport_fastrtps_c__pyext
[10.791s] [100%] Built target imu_interface__rosidl_typesupport_c__pyext
[10.818s] Invoked command in '/home/qianw/EECE5554/LAB3/build/imu_interface' returned '0': CMAKE_PREFIX_PATH=/opt/ros/humble /usr/bin/cmake --build /home/qianw/EECE5554/LAB3/build/imu_interface -- -j8 -l8
[10.833s] Invoking command in '/home/qianw/EECE5554/LAB3/build/imu_interface': CMAKE_PREFIX_PATH=/opt/ros/humble /usr/bin/cmake --install /home/qianw/EECE5554/LAB3/build/imu_interface
[10.844s] -- Install configuration: ""
[10.845s] -- Installing: /home/qianw/EECE5554/LAB3/install/imu_interface/share/ament_index/resource_index/rosidl_interfaces/imu_interface
[10.845s] -- Installing: /home/qianw/EECE5554/LAB3/install/imu_interface/include/imu_interface/imu_interface
[10.845s] -- Installing: /home/qianw/EECE5554/LAB3/install/imu_interface/include/imu_interface/imu_interface/msg
[10.845s] -- Installing: /home/qianw/EECE5554/LAB3/install/imu_interface/include/imu_interface/imu_interface/msg/detail
[10.845s] -- Installing: /home/qianw/EECE5554/LAB3/install/imu_interface/include/imu_interface/imu_interface/msg/detail/im_umsg__struct.h
[10.845s] -- Installing: /home/qianw/EECE5554/LAB3/install/imu_interface/include/imu_interface/imu_interface/msg/detail/im_umsg__type_support.h
[10.845s] -- Installing: /home/qianw/EECE5554/LAB3/install/imu_interface/include/imu_interface/imu_interface/msg/detail/im_umsg__functions.h
[10.846s] -- Installing: /home/qianw/EECE5554/LAB3/install/imu_interface/include/imu_interface/imu_interface/msg/detail/im_umsg__functions.c
[10.846s] -- Installing: /home/qianw/EECE5554/LAB3/install/imu_interface/include/imu_interface/imu_interface/msg/rosidl_generator_c__visibility_control.h
[10.846s] -- Installing: /home/qianw/EECE5554/LAB3/install/imu_interface/include/imu_interface/imu_interface/msg/im_umsg.h
[10.846s] -- Installing: /home/qianw/EECE5554/LAB3/install/imu_interface/share/imu_interface/environment/library_path.sh
[10.846s] -- Installing: /home/qianw/EECE5554/LAB3/install/imu_interface/share/imu_interface/environment/library_path.dsv
[10.847s] -- Installing: /home/qianw/EECE5554/LAB3/install/imu_interface/lib/libimu_interface__rosidl_generator_c.so
[10.847s] -- Set runtime path of "/home/qianw/EECE5554/LAB3/install/imu_interface/lib/libimu_interface__rosidl_generator_c.so" to ""
[10.847s] -- Up-to-date: /home/qianw/EECE5554/LAB3/install/imu_interface/include/imu_interface/imu_interface
[10.847s] -- Up-to-date: /home/qianw/EECE5554/LAB3/install/imu_interface/include/imu_interface/imu_interface/msg
[10.847s] -- Up-to-date: /home/qianw/EECE5554/LAB3/install/imu_interface/include/imu_interface/imu_interface/msg/detail
[10.848s] -- Installing: /home/qianw/EECE5554/LAB3/install/imu_interface/include/imu_interface/imu_interface/msg/detail/im_umsg__rosidl_typesupport_fastrtps_c.h
[10.848s] -- Installing: /home/qianw/EECE5554/LAB3/install/imu_interface/include/imu_interface/imu_interface/msg/rosidl_typesupport_fastrtps_c__visibility_control.h
[10.848s] -- Installing: /home/qianw/EECE5554/LAB3/install/imu_interface/lib/libimu_interface__rosidl_typesupport_fastrtps_c.so
[10.849s] -- Set runtime path of "/home/qianw/EECE5554/LAB3/install/imu_interface/lib/libimu_interface__rosidl_typesupport_fastrtps_c.so" to ""
[10.849s] -- Up-to-date: /home/qianw/EECE5554/LAB3/install/imu_interface/include/imu_interface/imu_interface
[10.849s] -- Up-to-date: /home/qianw/EECE5554/LAB3/install/imu_interface/include/imu_interface/imu_interface/msg
[10.849s] -- Installing: /home/qianw/EECE5554/LAB3/install/imu_interface/include/imu_interface/imu_interface/msg/rosidl_generator_cpp__visibility_control.hpp
[10.850s] -- Up-to-date: /home/qianw/EECE5554/LAB3/install/imu_interface/include/imu_interface/imu_interface/msg/detail
[10.850s] -- Installing: /home/qianw/EECE5554/LAB3/install/imu_interface/include/imu_interface/imu_interface/msg/detail/im_umsg__struct.hpp
[10.850s] -- Installing: /home/qianw/EECE5554/LAB3/install/imu_interface/include/imu_interface/imu_interface/msg/detail/im_umsg__builder.hpp
[10.850s] -- Installing: /home/qianw/EECE5554/LAB3/install/imu_interface/include/imu_interface/imu_interface/msg/detail/im_umsg__type_support.hpp
[10.851s] -- Installing: /home/qianw/EECE5554/LAB3/install/imu_interface/include/imu_interface/imu_interface/msg/detail/im_umsg__traits.hpp
[10.851s] -- Installing: /home/qianw/EECE5554/LAB3/install/imu_interface/include/imu_interface/imu_interface/msg/im_umsg.hpp
[10.851s] -- Up-to-date: /home/qianw/EECE5554/LAB3/install/imu_interface/include/imu_interface/imu_interface
[10.851s] -- Up-to-date: /home/qianw/EECE5554/LAB3/install/imu_interface/include/imu_interface/imu_interface/msg
[10.852s] -- Up-to-date: /home/qianw/EECE5554/LAB3/install/imu_interface/include/imu_interface/imu_interface/msg/detail
[10.852s] -- Installing: /home/qianw/EECE5554/LAB3/install/imu_interface/include/imu_interface/imu_interface/msg/detail/im_umsg__rosidl_typesupport_fastrtps_cpp.hpp
[10.852s] -- Installing: /home/qianw/EECE5554/LAB3/install/imu_interface/include/imu_interface/imu_interface/msg/detail/dds_fastrtps
[10.852s] -- Installing: /home/qianw/EECE5554/LAB3/install/imu_interface/include/imu_interface/imu_interface/msg/rosidl_typesupport_fastrtps_cpp__visibility_control.h
[10.852s] -- Installing: /home/qianw/EECE5554/LAB3/install/imu_interface/lib/libimu_interface__rosidl_typesupport_fastrtps_cpp.so
[10.852s] -- Set runtime path of "/home/qianw/EECE5554/LAB3/install/imu_interface/lib/libimu_interface__rosidl_typesupport_fastrtps_cpp.so" to ""
[10.853s] -- Up-to-date: /home/qianw/EECE5554/LAB3/install/imu_interface/include/imu_interface/imu_interface
[10.853s] -- Up-to-date: /home/qianw/EECE5554/LAB3/install/imu_interface/include/imu_interface/imu_interface/msg
[10.853s] -- Up-to-date: /home/qianw/EECE5554/LAB3/install/imu_interface/include/imu_interface/imu_interface/msg/detail
[10.853s] -- Installing: /home/qianw/EECE5554/LAB3/install/imu_interface/include/imu_interface/imu_interface/msg/detail/im_umsg__rosidl_typesupport_introspection_c.h
[10.853s] -- Installing: /home/qianw/EECE5554/LAB3/install/imu_interface/include/imu_interface/imu_interface/msg/detail/im_umsg__type_support.c
[10.854s] -- Installing: /home/qianw/EECE5554/LAB3/install/imu_interface/include/imu_interface/imu_interface/msg/rosidl_typesupport_introspection_c__visibility_control.h
[10.854s] -- Installing: /home/qianw/EECE5554/LAB3/install/imu_interface/lib/libimu_interface__rosidl_typesupport_introspection_c.so
[10.855s] -- Set runtime path of "/home/qianw/EECE5554/LAB3/install/imu_interface/lib/libimu_interface__rosidl_typesupport_introspection_c.so" to ""
[10.855s] -- Installing: /home/qianw/EECE5554/LAB3/install/imu_interface/lib/libimu_interface__rosidl_typesupport_c.so
[10.855s] -- Set runtime path of "/home/qianw/EECE5554/LAB3/install/imu_interface/lib/libimu_interface__rosidl_typesupport_c.so" to ""
[10.855s] -- Up-to-date: /home/qianw/EECE5554/LAB3/install/imu_interface/include/imu_interface/imu_interface
[10.855s] -- Up-to-date: /home/qianw/EECE5554/LAB3/install/imu_interface/include/imu_interface/imu_interface/msg
[10.856s] -- Up-to-date: /home/qianw/EECE5554/LAB3/install/imu_interface/include/imu_interface/imu_interface/msg/detail
[10.856s] -- Installing: /home/qianw/EECE5554/LAB3/install/imu_interface/include/imu_interface/imu_interface/msg/detail/im_umsg__rosidl_typesupport_introspection_cpp.hpp
[10.856s] -- Installing: /home/qianw/EECE5554/LAB3/install/imu_interface/include/imu_interface/imu_interface/msg/detail/im_umsg__type_support.cpp
[10.856s] -- Installing: /home/qianw/EECE5554/LAB3/install/imu_interface/lib/libimu_interface__rosidl_typesupport_introspection_cpp.so
[10.857s] -- Set runtime path of "/home/qianw/EECE5554/LAB3/install/imu_interface/lib/libimu_interface__rosidl_typesupport_introspection_cpp.so" to ""
[10.857s] -- Installing: /home/qianw/EECE5554/LAB3/install/imu_interface/lib/libimu_interface__rosidl_typesupport_cpp.so
[10.857s] -- Set runtime path of "/home/qianw/EECE5554/LAB3/install/imu_interface/lib/libimu_interface__rosidl_typesupport_cpp.so" to ""
[10.858s] -- Installing: /home/qianw/EECE5554/LAB3/install/imu_interface/share/imu_interface/environment/pythonpath.sh
[10.858s] -- Installing: /home/qianw/EECE5554/LAB3/install/imu_interface/share/imu_interface/environment/pythonpath.dsv
[10.858s] -- Installing: /home/qianw/EECE5554/LAB3/install/imu_interface/local/lib/python3.10/dist-packages/imu_interface-0.0.0-py3.10.egg-info
[10.858s] -- Installing: /home/qianw/EECE5554/LAB3/install/imu_interface/local/lib/python3.10/dist-packages/imu_interface-0.0.0-py3.10.egg-info/PKG-INFO
[10.859s] -- Installing: /home/qianw/EECE5554/LAB3/install/imu_interface/local/lib/python3.10/dist-packages/imu_interface-0.0.0-py3.10.egg-info/top_level.txt
[10.859s] -- Installing: /home/qianw/EECE5554/LAB3/install/imu_interface/local/lib/python3.10/dist-packages/imu_interface-0.0.0-py3.10.egg-info/dependency_links.txt
[10.860s] -- Installing: /home/qianw/EECE5554/LAB3/install/imu_interface/local/lib/python3.10/dist-packages/imu_interface-0.0.0-py3.10.egg-info/SOURCES.txt
[10.860s] -- Installing: /home/qianw/EECE5554/LAB3/install/imu_interface/local/lib/python3.10/dist-packages/imu_interface
[10.860s] -- Installing: /home/qianw/EECE5554/LAB3/install/imu_interface/local/lib/python3.10/dist-packages/imu_interface/libimu_interface__rosidl_generator_py.so
[10.861s] -- Installing: /home/qianw/EECE5554/LAB3/install/imu_interface/local/lib/python3.10/dist-packages/imu_interface/imu_interface_s__rosidl_typesupport_fastrtps_c.cpython-310-x86_64-linux-gnu.so
[10.861s] -- Installing: /home/qianw/EECE5554/LAB3/install/imu_interface/local/lib/python3.10/dist-packages/imu_interface/_imu_interface_s.ep.rosidl_typesupport_c.c
[10.861s] -- Installing: /home/qianw/EECE5554/LAB3/install/imu_interface/local/lib/python3.10/dist-packages/imu_interface/_imu_interface_s.ep.rosidl_typesupport_fastrtps_c.c
[10.861s] -- Installing: /home/qianw/EECE5554/LAB3/install/imu_interface/local/lib/python3.10/dist-packages/imu_interface/imu_interface_s__rosidl_typesupport_c.cpython-310-x86_64-linux-gnu.so
[10.862s] -- Installing: /home/qianw/EECE5554/LAB3/install/imu_interface/local/lib/python3.10/dist-packages/imu_interface/__init__.py
[10.862s] -- Installing: /home/qianw/EECE5554/LAB3/install/imu_interface/local/lib/python3.10/dist-packages/imu_interface/_imu_interface_s.ep.rosidl_typesupport_introspection_c.c
[10.862s] -- Installing: /home/qianw/EECE5554/LAB3/install/imu_interface/local/lib/python3.10/dist-packages/imu_interface/imu_interface_s__rosidl_typesupport_introspection_c.cpython-310-x86_64-linux-gnu.so
[10.862s] -- Installing: /home/qianw/EECE5554/LAB3/install/imu_interface/local/lib/python3.10/dist-packages/imu_interface/msg
[10.862s] -- Installing: /home/qianw/EECE5554/LAB3/install/imu_interface/local/lib/python3.10/dist-packages/imu_interface/msg/_im_umsg.py
[10.862s] -- Installing: /home/qianw/EECE5554/LAB3/install/imu_interface/local/lib/python3.10/dist-packages/imu_interface/msg/__init__.py
[10.863s] -- Installing: /home/qianw/EECE5554/LAB3/install/imu_interface/local/lib/python3.10/dist-packages/imu_interface/msg/_im_umsg_s.c
[11.015s] Listing '/home/qianw/EECE5554/LAB3/install/imu_interface/local/lib/python3.10/dist-packages/imu_interface'...
[11.016s] Compiling '/home/qianw/EECE5554/LAB3/install/imu_interface/local/lib/python3.10/dist-packages/imu_interface/__init__.py'...
[11.016s] Listing '/home/qianw/EECE5554/LAB3/install/imu_interface/local/lib/python3.10/dist-packages/imu_interface/msg'...
[11.016s] Compiling '/home/qianw/EECE5554/LAB3/install/imu_interface/local/lib/python3.10/dist-packages/imu_interface/msg/__init__.py'...
[11.017s] Compiling '/home/qianw/EECE5554/LAB3/install/imu_interface/local/lib/python3.10/dist-packages/imu_interface/msg/_im_umsg.py'...
[11.033s] -- Installing: /home/qianw/EECE5554/LAB3/install/imu_interface/local/lib/python3.10/dist-packages/imu_interface/imu_interface_s__rosidl_typesupport_fastrtps_c.cpython-310-x86_64-linux-gnu.so
[11.036s] -- Set runtime path of "/home/qianw/EECE5554/LAB3/install/imu_interface/local/lib/python3.10/dist-packages/imu_interface/imu_interface_s__rosidl_typesupport_fastrtps_c.cpython-310-x86_64-linux-gnu.so" to ""
[11.037s] -- Installing: /home/qianw/EECE5554/LAB3/install/imu_interface/local/lib/python3.10/dist-packages/imu_interface/imu_interface_s__rosidl_typesupport_introspection_c.cpython-310-x86_64-linux-gnu.so
[11.037s] -- Set runtime path of "/home/qianw/EECE5554/LAB3/install/imu_interface/local/lib/python3.10/dist-packages/imu_interface/imu_interface_s__rosidl_typesupport_introspection_c.cpython-310-x86_64-linux-gnu.so" to ""
[11.038s] -- Installing: /home/qianw/EECE5554/LAB3/install/imu_interface/local/lib/python3.10/dist-packages/imu_interface/imu_interface_s__rosidl_typesupport_c.cpython-310-x86_64-linux-gnu.so
[11.039s] -- Set runtime path of "/home/qianw/EECE5554/LAB3/install/imu_interface/local/lib/python3.10/dist-packages/imu_interface/imu_interface_s__rosidl_typesupport_c.cpython-310-x86_64-linux-gnu.so" to ""
[11.039s] -- Installing: /home/qianw/EECE5554/LAB3/install/imu_interface/lib/libimu_interface__rosidl_generator_py.so
[11.040s] -- Set runtime path of "/home/qianw/EECE5554/LAB3/install/imu_interface/lib/libimu_interface__rosidl_generator_py.so" to ""
[11.041s] -- Installing: /home/qianw/EECE5554/LAB3/install/imu_interface/share/imu_interface/msg/IMUmsg.idl
[11.042s] -- Installing: /home/qianw/EECE5554/LAB3/install/imu_interface/share/imu_interface/msg/IMUmsg.msg
[11.043s] -- Installing: /home/qianw/EECE5554/LAB3/install/imu_interface/share/ament_index/resource_index/package_run_dependencies/imu_interface
[11.044s] -- Installing: /home/qianw/EECE5554/LAB3/install/imu_interface/share/ament_index/resource_index/parent_prefix_path/imu_interface
[11.047s] -- Installing: /home/qianw/EECE5554/LAB3/install/imu_interface/share/imu_interface/environment/ament_prefix_path.sh
[11.047s] -- Installing: /home/qianw/EECE5554/LAB3/install/imu_interface/share/imu_interface/environment/ament_prefix_path.dsv
[11.048s] -- Installing: /home/qianw/EECE5554/LAB3/install/imu_interface/share/imu_interface/environment/path.sh
[11.049s] -- Installing: /home/qianw/EECE5554/LAB3/install/imu_interface/share/imu_interface/environment/path.dsv
[11.049s] -- Installing: /home/qianw/EECE5554/LAB3/install/imu_interface/share/imu_interface/local_setup.bash
[11.050s] -- Installing: /home/qianw/EECE5554/LAB3/install/imu_interface/share/imu_interface/local_setup.sh
[11.051s] -- Installing: /home/qianw/EECE5554/LAB3/install/imu_interface/share/imu_interface/local_setup.zsh
[11.052s] -- Installing: /home/qianw/EECE5554/LAB3/install/imu_interface/share/imu_interface/local_setup.dsv
[11.054s] -- Installing: /home/qianw/EECE5554/LAB3/install/imu_interface/share/imu_interface/package.dsv
[11.054s] -- Installing: /home/qianw/EECE5554/LAB3/install/imu_interface/share/ament_index/resource_index/packages/imu_interface
[11.055s] -- Installing: /home/qianw/EECE5554/LAB3/install/imu_interface/share/imu_interface/cmake/export_imu_interface__rosidl_generator_cExport.cmake
[11.055s] -- Installing: /home/qianw/EECE5554/LAB3/install/imu_interface/share/imu_interface/cmake/export_imu_interface__rosidl_generator_cExport-noconfig.cmake
[11.056s] -- Installing: /home/qianw/EECE5554/LAB3/install/imu_interface/share/imu_interface/cmake/export_imu_interface__rosidl_typesupport_fastrtps_cExport.cmake
[11.057s] -- Installing: /home/qianw/EECE5554/LAB3/install/imu_interface/share/imu_interface/cmake/export_imu_interface__rosidl_typesupport_fastrtps_cExport-noconfig.cmake
[11.058s] -- Installing: /home/qianw/EECE5554/LAB3/install/imu_interface/share/imu_interface/cmake/export_imu_interface__rosidl_generator_cppExport.cmake
[11.060s] -- Installing: /home/qianw/EECE5554/LAB3/install/imu_interface/share/imu_interface/cmake/export_imu_interface__rosidl_typesupport_fastrtps_cppExport.cmake
[11.060s] -- Installing: /home/qianw/EECE5554/LAB3/install/imu_interface/share/imu_interface/cmake/export_imu_interface__rosidl_typesupport_fastrtps_cppExport-noconfig.cmake
[11.061s] -- Installing: /home/qianw/EECE5554/LAB3/install/imu_interface/share/imu_interface/cmake/imu_interface__rosidl_typesupport_introspection_cExport.cmake
[11.062s] -- Installing: /home/qianw/EECE5554/LAB3/install/imu_interface/share/imu_interface/cmake/imu_interface__rosidl_typesupport_introspection_cExport-noconfig.cmake
[11.063s] -- Installing: /home/qianw/EECE5554/LAB3/install/imu_interface/share/imu_interface/cmake/imu_interface__rosidl_typesupport_cExport.cmake
[11.064s] -- Installing: /home/qianw/EECE5554/LAB3/install/imu_interface/share/imu_interface/cmake/imu_interface__rosidl_typesupport_cExport-noconfig.cmake
[11.064s] -- Installing: /home/qianw/EECE5554/LAB3/install/imu_interface/share/imu_interface/cmake/imu_interface__rosidl_typesupport_introspection_cppExport.cmake
[11.065s] -- Installing: /home/qianw/EECE5554/LAB3/install/imu_interface/share/imu_interface/cmake/imu_interface__rosidl_typesupport_introspection_cppExport-noconfig.cmake
[11.066s] -- Installing: /home/qianw/EECE5554/LAB3/install/imu_interface/share/imu_interface/cmake/imu_interface__rosidl_typesupport_cppExport.cmake
[11.074s] -- Installing: /home/qianw/EECE5554/LAB3/install/imu_interface/share/imu_interface/cmake/imu_interface__rosidl_typesupport_cppExport-noconfig.cmake
[11.075s] -- Installing: /home/qianw/EECE5554/LAB3/install/imu_interface/share/imu_interface/cmake/export_imu_interface__rosidl_generator_pyExport.cmake
[11.075s] -- Installing: /home/qianw/EECE5554/LAB3/install/imu_interface/share/imu_interface/cmake/export_imu_interface__rosidl_generator_pyExport-noconfig.cmake
[11.076s] -- Installing: /home/qianw/EECE5554/LAB3/install/imu_interface/share/imu_interface/cmake/rosidl_cmake-extras.cmake
[11.076s] -- Installing: /home/qianw/EECE5554/LAB3/install/imu_interface/share/imu_interface/cmake/ament_cmake_export_dependencies-extras.cmake
[11.076s] -- Installing: /home/qianw/EECE5554/LAB3/install/imu_interface/share/imu_interface/cmake/ament_cmake_export_include_directories-extras.cmake
[11.077s] -- Installing: /home/qianw/EECE5554/LAB3/install/imu_interface/share/imu_interface/cmake/ament_cmake_export_libraries-extras.cmake
[11.077s] -- Installing: /home/qianw/EECE5554/LAB3/install/imu_interface/share/imu_interface/cmake/ament_cmake_export_targets-extras.cmake
[11.078s] -- Installing: /home/qianw/EECE5554/LAB3/install/imu_interface/share/imu_interface/cmake/rosidl_cmake_export_typesupport_targets-extras.cmake
[11.078s] -- Installing: /home/qianw/EECE5554/LAB3/install/imu_interface/share/imu_interface/cmake/rosidl_cmake_export_typesupport_libraries-extras.cmake
[11.079s] -- Installing: /home/qianw/EECE5554/LAB3/install/imu_interface/share/imu_interface/cmake/imu_interfaceConfig.cmake
[11.079s] -- Installing: /home/qianw/EECE5554/LAB3/install/imu_interface/share/imu_interface/cmake/imu_interfaceConfig-version.cmake
[11.079s] -- Installing: /home/qianw/EECE5554/LAB3/install/imu_interface/share/imu_interface/package.xml
[11.090s] Invoked command in '/home/qianw/EECE5554/LAB3/build/imu_interface' returned '0': CMAKE_PREFIX_PATH=/opt/ros/humble /usr/bin/cmake --install /home/qianw/EECE5554/LAB3/build/imu_interface
