[0.018s] Invoking command in '/home/qianw/EECE5554/LAB3/src/build/imu_interface': CMAKE_PREFIX_PATH=/home/qianw/EECE5554/LAB3/src/install/imu_driver:/opt/ros/humble /usr/bin/cmake /home/qianw/EECE5554/LAB3/src/imu_interface -DCMAKE_INSTALL_PREFIX=/home/qianw/EECE5554/LAB3/src/install/imu_interface
[0.107s] -- The C compiler identification is GNU 11.4.0
[0.211s] -- The CXX compiler identification is GNU 11.4.0
[0.222s] -- Detecting C compiler ABI info
[0.334s] -- Detecting C compiler ABI info - done
[0.346s] -- Check for working C compiler: /usr/bin/cc - skipped
[0.346s] -- Detecting C compile features
[0.346s] -- Detecting C compile features - done
[0.353s] -- Detecting CXX compiler ABI info
[0.480s] -- Detecting CXX compiler ABI info - done
[0.495s] -- Check for working CXX compiler: /usr/bin/c++ - skipped
[0.496s] -- Detecting CXX compile features
[0.497s] -- Detecting CXX compile features - done
[0.500s] -- Found ament_cmake: 1.3.11 (/opt/ros/humble/share/ament_cmake/cmake)
[0.747s] -- Found Python3: /usr/bin/python3 (found version "3.10.12") found components: Interpreter 
[0.887s] -- Found sensor_msgs: 4.2.4 (/opt/ros/humble/share/sensor_msgs/cmake)
[0.937s] -- Found rosidl_generator_c: 3.1.6 (/opt/ros/humble/share/rosidl_generator_c/cmake)
[0.944s] -- Found rosidl_adapter: 3.1.6 (/opt/ros/humble/share/rosidl_adapter/cmake)
[0.956s] -- Found rosidl_generator_cpp: 3.1.6 (/opt/ros/humble/share/rosidl_generator_cpp/cmake)
[0.974s] -- Using all available rosidl_typesupport_c: rosidl_typesupport_fastrtps_c;rosidl_typesupport_introspection_c
[0.999s] -- Using all available rosidl_typesupport_cpp: rosidl_typesupport_fastrtps_cpp;rosidl_typesupport_introspection_cpp
[1.100s] -- Found rosidl_default_generators: 1.2.0 (/opt/ros/humble/share/rosidl_default_generators/cmake)
[1.607s] -- Found ament_cmake_ros: 0.10.0 (/opt/ros/humble/share/ament_cmake_ros/cmake)
[2.403s] -- Using all available rosidl_typesupport_c: rosidl_typesupport_fastrtps_c;rosidl_typesupport_introspection_c
[2.711s] -- Using all available rosidl_typesupport_cpp: rosidl_typesupport_fastrtps_cpp;rosidl_typesupport_introspection_cpp
[2.748s] -- Found PythonInterp: /usr/bin/python3 (found suitable version "3.10.12", minimum required is "3.6") 
[2.749s] -- Found python_cmake_module: 0.10.0 (/opt/ros/humble/share/python_cmake_module/cmake)
[2.791s] -- Found PythonLibs: /usr/lib/x86_64-linux-gnu/libpython3.10.so (found suitable version "3.10.12", minimum required is "3.5") 
[2.791s] -- Using PYTHON_EXECUTABLE: /usr/bin/python3
[2.792s] -- Using PYTHON_INCLUDE_DIRS: /usr/include/python3.10
[2.792s] -- Using PYTHON_LIBRARIES: /usr/lib/x86_64-linux-gnu/libpython3.10.so
[2.826s] -- Found PythonExtra: .so  
[2.951s] -- Found ament_lint_auto: 0.12.11 (/opt/ros/humble/share/ament_lint_auto/cmake)
[2.978s] -- Added test 'lint_cmake' to check CMake code style
[2.980s] -- Added test 'xmllint' to check XML markup files
[2.984s] -- Configuring done
[3.041s] -- Generating done
[3.062s] -- Build files have been written to: /home/qianw/EECE5554/LAB3/src/build/imu_interface
[3.075s] Invoked command in '/home/qianw/EECE5554/LAB3/src/build/imu_interface' returned '0': CMAKE_PREFIX_PATH=/home/qianw/EECE5554/LAB3/src/install/imu_driver:/opt/ros/humble /usr/bin/cmake /home/qianw/EECE5554/LAB3/src/imu_interface -DCMAKE_INSTALL_PREFIX=/home/qianw/EECE5554/LAB3/src/install/imu_interface
[3.078s] Invoking command in '/home/qianw/EECE5554/LAB3/src/build/imu_interface': CMAKE_PREFIX_PATH=/home/qianw/EECE5554/LAB3/src/install/imu_driver:/opt/ros/humble /usr/bin/cmake --build /home/qianw/EECE5554/LAB3/src/build/imu_interface -- -j8 -l8
[3.149s] [  3%] [34m[1mGenerating C code for ROS interfaces[0m
[3.166s] [  6%] [34m[1mGenerating C++ code for ROS interfaces[0m
[3.180s] [  6%] Built target ament_cmake_python_copy_imu_interface
[3.604s] [  6%] Built target imu_interface__cpp
[3.606s] [  9%] [32mBuilding C object CMakeFiles/imu_interface__rosidl_generator_c.dir/rosidl_generator_c/imu_interface/msg/detail/im_umsg__functions.c.o[0m
[3.629s] [ 12%] [34m[1mGenerating C++ type support dispatch for ROS interfaces[0m
[3.629s] [ 16%] [34m[1mGenerating C++ type support for eProsima Fast-RTPS[0m
[3.629s] [ 19%] [34m[1mGenerating C++ introspection for ROS interfaces[0m
[3.634s] running egg_info
[3.635s] creating imu_interface.egg-info
[3.635s] writing imu_interface.egg-info/PKG-INFO
[3.635s] writing dependency_links to imu_interface.egg-info/dependency_links.txt
[3.635s] writing top-level names to imu_interface.egg-info/top_level.txt
[3.636s] writing manifest file 'imu_interface.egg-info/SOURCES.txt'
[3.639s] reading manifest file 'imu_interface.egg-info/SOURCES.txt'
[3.642s] writing manifest file 'imu_interface.egg-info/SOURCES.txt'
[3.690s] [ 19%] Built target ament_cmake_python_build_imu_interface_egg
[3.702s] [ 22%] [32m[1mLinking C shared library libimu_interface__rosidl_generator_c.so[0m
[3.765s] [ 22%] Built target imu_interface__rosidl_generator_c
[3.784s] [ 25%] [34m[1mGenerating C type support dispatch for ROS interfaces[0m
[3.784s] [ 29%] [34m[1mGenerating C type support for eProsima Fast-RTPS[0m
[3.785s] [ 32%] [34m[1mGenerating C introspection for ROS interfaces[0m
[4.042s] [ 35%] [32mBuilding CXX object CMakeFiles/imu_interface__rosidl_typesupport_cpp.dir/rosidl_typesupport_cpp/imu_interface/msg/im_umsg__type_support.cpp.o[0m
[4.088s] [ 38%] [32mBuilding CXX object CMakeFiles/imu_interface__rosidl_typesupport_fastrtps_cpp.dir/rosidl_typesupport_fastrtps_cpp/imu_interface/msg/detail/dds_fastrtps/im_umsg__type_support.cpp.o[0m
[4.098s] [ 41%] [32mBuilding CXX object CMakeFiles/imu_interface__rosidl_typesupport_introspection_cpp.dir/rosidl_typesupport_introspection_cpp/imu_interface/msg/detail/im_umsg__type_support.cpp.o[0m
[4.245s] [ 45%] [32mBuilding CXX object CMakeFiles/imu_interface__rosidl_typesupport_c.dir/rosidl_typesupport_c/imu_interface/msg/im_umsg__type_support.cpp.o[0m
[4.265s] [ 48%] [32mBuilding C object CMakeFiles/imu_interface__rosidl_typesupport_introspection_c.dir/rosidl_typesupport_introspection_c/imu_interface/msg/detail/im_umsg__type_support.c.o[0m
[4.293s] [ 51%] [32mBuilding CXX object CMakeFiles/imu_interface__rosidl_typesupport_fastrtps_c.dir/rosidl_typesupport_fastrtps_c/imu_interface/msg/detail/im_umsg__type_support_c.cpp.o[0m
[4.307s] [ 54%] [32m[1mLinking CXX shared library libimu_interface__rosidl_typesupport_c.so[0m
[4.335s] [ 58%] [32m[1mLinking C shared library libimu_interface__rosidl_typesupport_introspection_c.so[0m
[4.393s] [ 58%] Built target imu_interface__rosidl_typesupport_c
[4.393s] [ 58%] Built target imu_interface__rosidl_typesupport_introspection_c
[4.584s] [ 61%] [32m[1mLinking CXX shared library libimu_interface__rosidl_typesupport_cpp.so[0m
[4.655s] [ 61%] Built target imu_interface__rosidl_typesupport_cpp
[4.880s] [ 64%] [32m[1mLinking CXX shared library libimu_interface__rosidl_typesupport_fastrtps_cpp.so[0m
[4.884s] [ 67%] [32m[1mLinking CXX shared library libimu_interface__rosidl_typesupport_introspection_cpp.so[0m
[4.956s] [ 70%] [32m[1mLinking CXX shared library libimu_interface__rosidl_typesupport_fastrtps_c.so[0m
[5.025s] [ 70%] Built target imu_interface__rosidl_typesupport_fastrtps_cpp
[5.025s] [ 70%] Built target imu_interface__rosidl_typesupport_introspection_cpp
[5.084s] [ 70%] Built target imu_interface__rosidl_typesupport_fastrtps_c
[5.122s] [ 70%] Built target imu_interface
[5.158s] [ 74%] [34m[1mGenerating Python code for ROS interfaces[0m
[5.650s] [ 74%] Built target imu_interface__py
[5.685s] [ 77%] [32mBuilding C object CMakeFiles/imu_interface__rosidl_generator_py.dir/rosidl_generator_py/imu_interface/msg/_im_umsg_s.c.o[0m
[5.854s] [ 80%] [32m[1mLinking C shared library rosidl_generator_py/imu_interface/libimu_interface__rosidl_generator_py.so[0m
[5.930s] [ 80%] Built target imu_interface__rosidl_generator_py
[5.967s] [ 87%] [32mBuilding C object CMakeFiles/imu_interface__rosidl_typesupport_c__pyext.dir/rosidl_generator_py/imu_interface/_imu_interface_s.ep.rosidl_typesupport_c.c.o[0m
[5.967s] [ 87%] [32mBuilding C object CMakeFiles/imu_interface__rosidl_typesupport_introspection_c__pyext.dir/rosidl_generator_py/imu_interface/_imu_interface_s.ep.rosidl_typesupport_introspection_c.c.o[0m
[5.968s] [ 90%] [32mBuilding C object CMakeFiles/imu_interface__rosidl_typesupport_fastrtps_c__pyext.dir/rosidl_generator_py/imu_interface/_imu_interface_s.ep.rosidl_typesupport_fastrtps_c.c.o[0m
[6.130s] [ 93%] [32m[1mLinking C shared library rosidl_generator_py/imu_interface/imu_interface_s__rosidl_typesupport_introspection_c.cpython-310-x86_64-linux-gnu.so[0m
[6.141s] [ 96%] [32m[1mLinking C shared library rosidl_generator_py/imu_interface/imu_interface_s__rosidl_typesupport_c.cpython-310-x86_64-linux-gnu.so[0m
[6.159s] [100%] [32m[1mLinking C shared library rosidl_generator_py/imu_interface/imu_interface_s__rosidl_typesupport_fastrtps_c.cpython-310-x86_64-linux-gnu.so[0m
[6.233s] [100%] Built target imu_interface__rosidl_typesupport_introspection_c__pyext
[6.243s] [100%] Built target imu_interface__rosidl_typesupport_c__pyext
[6.261s] [100%] Built target imu_interface__rosidl_typesupport_fastrtps_c__pyext
[6.280s] Invoked command in '/home/qianw/EECE5554/LAB3/src/build/imu_interface' returned '0': CMAKE_PREFIX_PATH=/home/qianw/EECE5554/LAB3/src/install/imu_driver:/opt/ros/humble /usr/bin/cmake --build /home/qianw/EECE5554/LAB3/src/build/imu_interface -- -j8 -l8
[6.306s] Invoking command in '/home/qianw/EECE5554/LAB3/src/build/imu_interface': CMAKE_PREFIX_PATH=/home/qianw/EECE5554/LAB3/src/install/imu_driver:/opt/ros/humble /usr/bin/cmake --install /home/qianw/EECE5554/LAB3/src/build/imu_interface
[6.321s] -- Install configuration: ""
[6.321s] -- Installing: /home/qianw/EECE5554/LAB3/src/install/imu_interface/share/ament_index/resource_index/rosidl_interfaces/imu_interface
[6.321s] -- Installing: /home/qianw/EECE5554/LAB3/src/install/imu_interface/include/imu_interface/imu_interface
[6.322s] -- Installing: /home/qianw/EECE5554/LAB3/src/install/imu_interface/include/imu_interface/imu_interface/msg
[6.322s] -- Installing: /home/qianw/EECE5554/LAB3/src/install/imu_interface/include/imu_interface/imu_interface/msg/rosidl_generator_c__visibility_control.h
[6.322s] -- Installing: /home/qianw/EECE5554/LAB3/src/install/imu_interface/include/imu_interface/imu_interface/msg/im_umsg.h
[6.322s] -- Installing: /home/qianw/EECE5554/LAB3/src/install/imu_interface/include/imu_interface/imu_interface/msg/detail
[6.323s] -- Installing: /home/qianw/EECE5554/LAB3/src/install/imu_interface/include/imu_interface/imu_interface/msg/detail/im_umsg__functions.c
[6.323s] -- Installing: /home/qianw/EECE5554/LAB3/src/install/imu_interface/include/imu_interface/imu_interface/msg/detail/im_umsg__struct.h
[6.323s] -- Installing: /home/qianw/EECE5554/LAB3/src/install/imu_interface/include/imu_interface/imu_interface/msg/detail/im_umsg__functions.h
[6.323s] -- Installing: /home/qianw/EECE5554/LAB3/src/install/imu_interface/include/imu_interface/imu_interface/msg/detail/im_umsg__type_support.h
[6.324s] -- Installing: /home/qianw/EECE5554/LAB3/src/install/imu_interface/share/imu_interface/environment/library_path.sh
[6.324s] -- Installing: /home/qianw/EECE5554/LAB3/src/install/imu_interface/share/imu_interface/environment/library_path.dsv
[6.324s] -- Installing: /home/qianw/EECE5554/LAB3/src/install/imu_interface/lib/libimu_interface__rosidl_generator_c.so
[6.325s] -- Set runtime path of "/home/qianw/EECE5554/LAB3/src/install/imu_interface/lib/libimu_interface__rosidl_generator_c.so" to ""
[6.325s] -- Up-to-date: /home/qianw/EECE5554/LAB3/src/install/imu_interface/include/imu_interface/imu_interface
[6.326s] -- Up-to-date: /home/qianw/EECE5554/LAB3/src/install/imu_interface/include/imu_interface/imu_interface/msg
[6.326s] -- Installing: /home/qianw/EECE5554/LAB3/src/install/imu_interface/include/imu_interface/imu_interface/msg/rosidl_typesupport_fastrtps_c__visibility_control.h
[6.326s] -- Up-to-date: /home/qianw/EECE5554/LAB3/src/install/imu_interface/include/imu_interface/imu_interface/msg/detail
[6.326s] -- Installing: /home/qianw/EECE5554/LAB3/src/install/imu_interface/include/imu_interface/imu_interface/msg/detail/im_umsg__rosidl_typesupport_fastrtps_c.h
[6.326s] -- Installing: /home/qianw/EECE5554/LAB3/src/install/imu_interface/lib/libimu_interface__rosidl_typesupport_fastrtps_c.so
[6.326s] -- Set runtime path of "/home/qianw/EECE5554/LAB3/src/install/imu_interface/lib/libimu_interface__rosidl_typesupport_fastrtps_c.so" to ""
[6.327s] -- Up-to-date: /home/qianw/EECE5554/LAB3/src/install/imu_interface/include/imu_interface/imu_interface
[6.327s] -- Up-to-date: /home/qianw/EECE5554/LAB3/src/install/imu_interface/include/imu_interface/imu_interface/msg
[6.327s] -- Installing: /home/qianw/EECE5554/LAB3/src/install/imu_interface/include/imu_interface/imu_interface/msg/im_umsg.hpp
[6.327s] -- Installing: /home/qianw/EECE5554/LAB3/src/install/imu_interface/include/imu_interface/imu_interface/msg/rosidl_generator_cpp__visibility_control.hpp
[6.327s] -- Up-to-date: /home/qianw/EECE5554/LAB3/src/install/imu_interface/include/imu_interface/imu_interface/msg/detail
[6.327s] -- Installing: /home/qianw/EECE5554/LAB3/src/install/imu_interface/include/imu_interface/imu_interface/msg/detail/im_umsg__struct.hpp
[6.328s] -- Installing: /home/qianw/EECE5554/LAB3/src/install/imu_interface/include/imu_interface/imu_interface/msg/detail/im_umsg__type_support.hpp
[6.328s] -- Installing: /home/qianw/EECE5554/LAB3/src/install/imu_interface/include/imu_interface/imu_interface/msg/detail/im_umsg__traits.hpp
[6.328s] -- Installing: /home/qianw/EECE5554/LAB3/src/install/imu_interface/include/imu_interface/imu_interface/msg/detail/im_umsg__builder.hpp
[6.328s] -- Up-to-date: /home/qianw/EECE5554/LAB3/src/install/imu_interface/include/imu_interface/imu_interface
[6.328s] -- Up-to-date: /home/qianw/EECE5554/LAB3/src/install/imu_interface/include/imu_interface/imu_interface/msg
[6.328s] -- Installing: /home/qianw/EECE5554/LAB3/src/install/imu_interface/include/imu_interface/imu_interface/msg/rosidl_typesupport_fastrtps_cpp__visibility_control.h
[6.328s] -- Up-to-date: /home/qianw/EECE5554/LAB3/src/install/imu_interface/include/imu_interface/imu_interface/msg/detail
[6.329s] -- Installing: /home/qianw/EECE5554/LAB3/src/install/imu_interface/include/imu_interface/imu_interface/msg/detail/im_umsg__rosidl_typesupport_fastrtps_cpp.hpp
[6.329s] -- Installing: /home/qianw/EECE5554/LAB3/src/install/imu_interface/include/imu_interface/imu_interface/msg/detail/dds_fastrtps
[6.329s] -- Installing: /home/qianw/EECE5554/LAB3/src/install/imu_interface/lib/libimu_interface__rosidl_typesupport_fastrtps_cpp.so
[6.329s] -- Set runtime path of "/home/qianw/EECE5554/LAB3/src/install/imu_interface/lib/libimu_interface__rosidl_typesupport_fastrtps_cpp.so" to ""
[6.329s] -- Up-to-date: /home/qianw/EECE5554/LAB3/src/install/imu_interface/include/imu_interface/imu_interface
[6.330s] -- Up-to-date: /home/qianw/EECE5554/LAB3/src/install/imu_interface/include/imu_interface/imu_interface/msg
[6.330s] -- Installing: /home/qianw/EECE5554/LAB3/src/install/imu_interface/include/imu_interface/imu_interface/msg/rosidl_typesupport_introspection_c__visibility_control.h
[6.330s] -- Up-to-date: /home/qianw/EECE5554/LAB3/src/install/imu_interface/include/imu_interface/imu_interface/msg/detail
[6.330s] -- Installing: /home/qianw/EECE5554/LAB3/src/install/imu_interface/include/imu_interface/imu_interface/msg/detail/im_umsg__rosidl_typesupport_introspection_c.h
[6.330s] -- Installing: /home/qianw/EECE5554/LAB3/src/install/imu_interface/include/imu_interface/imu_interface/msg/detail/im_umsg__type_support.c
[6.330s] -- Installing: /home/qianw/EECE5554/LAB3/src/install/imu_interface/lib/libimu_interface__rosidl_typesupport_introspection_c.so
[6.330s] -- Set runtime path of "/home/qianw/EECE5554/LAB3/src/install/imu_interface/lib/libimu_interface__rosidl_typesupport_introspection_c.so" to ""
[6.331s] -- Installing: /home/qianw/EECE5554/LAB3/src/install/imu_interface/lib/libimu_interface__rosidl_typesupport_c.so
[6.332s] -- Set runtime path of "/home/qianw/EECE5554/LAB3/src/install/imu_interface/lib/libimu_interface__rosidl_typesupport_c.so" to ""
[6.332s] -- Up-to-date: /home/qianw/EECE5554/LAB3/src/install/imu_interface/include/imu_interface/imu_interface
[6.332s] -- Up-to-date: /home/qianw/EECE5554/LAB3/src/install/imu_interface/include/imu_interface/imu_interface/msg
[6.332s] -- Up-to-date: /home/qianw/EECE5554/LAB3/src/install/imu_interface/include/imu_interface/imu_interface/msg/detail
[6.333s] -- Installing: /home/qianw/EECE5554/LAB3/src/install/imu_interface/include/imu_interface/imu_interface/msg/detail/im_umsg__rosidl_typesupport_introspection_cpp.hpp
[6.333s] -- Installing: /home/qianw/EECE5554/LAB3/src/install/imu_interface/include/imu_interface/imu_interface/msg/detail/im_umsg__type_support.cpp
[6.333s] -- Installing: /home/qianw/EECE5554/LAB3/src/install/imu_interface/lib/libimu_interface__rosidl_typesupport_introspection_cpp.so
[6.333s] -- Set runtime path of "/home/qianw/EECE5554/LAB3/src/install/imu_interface/lib/libimu_interface__rosidl_typesupport_introspection_cpp.so" to ""
[6.334s] -- Installing: /home/qianw/EECE5554/LAB3/src/install/imu_interface/lib/libimu_interface__rosidl_typesupport_cpp.so
[6.334s] -- Set runtime path of "/home/qianw/EECE5554/LAB3/src/install/imu_interface/lib/libimu_interface__rosidl_typesupport_cpp.so" to ""
[6.334s] -- Installing: /home/qianw/EECE5554/LAB3/src/install/imu_interface/share/imu_interface/environment/pythonpath.sh
[6.334s] -- Installing: /home/qianw/EECE5554/LAB3/src/install/imu_interface/share/imu_interface/environment/pythonpath.dsv
[6.334s] -- Installing: /home/qianw/EECE5554/LAB3/src/install/imu_interface/local/lib/python3.10/dist-packages/imu_interface-0.0.0-py3.10.egg-info
[6.335s] -- Installing: /home/qianw/EECE5554/LAB3/src/install/imu_interface/local/lib/python3.10/dist-packages/imu_interface-0.0.0-py3.10.egg-info/SOURCES.txt
[6.335s] -- Installing: /home/qianw/EECE5554/LAB3/src/install/imu_interface/local/lib/python3.10/dist-packages/imu_interface-0.0.0-py3.10.egg-info/top_level.txt
[6.336s] -- Installing: /home/qianw/EECE5554/LAB3/src/install/imu_interface/local/lib/python3.10/dist-packages/imu_interface-0.0.0-py3.10.egg-info/dependency_links.txt
[6.336s] -- Installing: /home/qianw/EECE5554/LAB3/src/install/imu_interface/local/lib/python3.10/dist-packages/imu_interface-0.0.0-py3.10.egg-info/PKG-INFO
[6.336s] -- Installing: /home/qianw/EECE5554/LAB3/src/install/imu_interface/local/lib/python3.10/dist-packages/imu_interface
[6.336s] -- Installing: /home/qianw/EECE5554/LAB3/src/install/imu_interface/local/lib/python3.10/dist-packages/imu_interface/_imu_interface_s.ep.rosidl_typesupport_introspection_c.c
[6.336s] -- Installing: /home/qianw/EECE5554/LAB3/src/install/imu_interface/local/lib/python3.10/dist-packages/imu_interface/msg
[6.337s] -- Installing: /home/qianw/EECE5554/LAB3/src/install/imu_interface/local/lib/python3.10/dist-packages/imu_interface/msg/_im_umsg_s.c
[6.337s] -- Installing: /home/qianw/EECE5554/LAB3/src/install/imu_interface/local/lib/python3.10/dist-packages/imu_interface/msg/_im_umsg.py
[6.337s] -- Installing: /home/qianw/EECE5554/LAB3/src/install/imu_interface/local/lib/python3.10/dist-packages/imu_interface/msg/__init__.py
[6.337s] -- Installing: /home/qianw/EECE5554/LAB3/src/install/imu_interface/local/lib/python3.10/dist-packages/imu_interface/imu_interface_s__rosidl_typesupport_introspection_c.cpython-310-x86_64-linux-gnu.so
[6.337s] -- Installing: /home/qianw/EECE5554/LAB3/src/install/imu_interface/local/lib/python3.10/dist-packages/imu_interface/imu_interface_s__rosidl_typesupport_fastrtps_c.cpython-310-x86_64-linux-gnu.so
[6.337s] -- Installing: /home/qianw/EECE5554/LAB3/src/install/imu_interface/local/lib/python3.10/dist-packages/imu_interface/imu_interface_s__rosidl_typesupport_c.cpython-310-x86_64-linux-gnu.so
[6.338s] -- Installing: /home/qianw/EECE5554/LAB3/src/install/imu_interface/local/lib/python3.10/dist-packages/imu_interface/_imu_interface_s.ep.rosidl_typesupport_fastrtps_c.c
[6.338s] -- Installing: /home/qianw/EECE5554/LAB3/src/install/imu_interface/local/lib/python3.10/dist-packages/imu_interface/_imu_interface_s.ep.rosidl_typesupport_c.c
[6.338s] -- Installing: /home/qianw/EECE5554/LAB3/src/install/imu_interface/local/lib/python3.10/dist-packages/imu_interface/libimu_interface__rosidl_generator_py.so
[6.338s] -- Installing: /home/qianw/EECE5554/LAB3/src/install/imu_interface/local/lib/python3.10/dist-packages/imu_interface/__init__.py
[6.394s] Listing '/home/qianw/EECE5554/LAB3/src/install/imu_interface/local/lib/python3.10/dist-packages/imu_interface'...
[6.394s] Compiling '/home/qianw/EECE5554/LAB3/src/install/imu_interface/local/lib/python3.10/dist-packages/imu_interface/__init__.py'...
[6.398s] Listing '/home/qianw/EECE5554/LAB3/src/install/imu_interface/local/lib/python3.10/dist-packages/imu_interface/msg'...
[6.398s] Compiling '/home/qianw/EECE5554/LAB3/src/install/imu_interface/local/lib/python3.10/dist-packages/imu_interface/msg/__init__.py'...
[6.398s] Compiling '/home/qianw/EECE5554/LAB3/src/install/imu_interface/local/lib/python3.10/dist-packages/imu_interface/msg/_im_umsg.py'...
[6.405s] -- Installing: /home/qianw/EECE5554/LAB3/src/install/imu_interface/local/lib/python3.10/dist-packages/imu_interface/imu_interface_s__rosidl_typesupport_fastrtps_c.cpython-310-x86_64-linux-gnu.so
[6.406s] -- Set runtime path of "/home/qianw/EECE5554/LAB3/src/install/imu_interface/local/lib/python3.10/dist-packages/imu_interface/imu_interface_s__rosidl_typesupport_fastrtps_c.cpython-310-x86_64-linux-gnu.so" to ""
[6.406s] -- Installing: /home/qianw/EECE5554/LAB3/src/install/imu_interface/local/lib/python3.10/dist-packages/imu_interface/imu_interface_s__rosidl_typesupport_introspection_c.cpython-310-x86_64-linux-gnu.so
[6.407s] -- Set runtime path of "/home/qianw/EECE5554/LAB3/src/install/imu_interface/local/lib/python3.10/dist-packages/imu_interface/imu_interface_s__rosidl_typesupport_introspection_c.cpython-310-x86_64-linux-gnu.so" to ""
[6.407s] -- Installing: /home/qianw/EECE5554/LAB3/src/install/imu_interface/local/lib/python3.10/dist-packages/imu_interface/imu_interface_s__rosidl_typesupport_c.cpython-310-x86_64-linux-gnu.so
[6.407s] -- Set runtime path of "/home/qianw/EECE5554/LAB3/src/install/imu_interface/local/lib/python3.10/dist-packages/imu_interface/imu_interface_s__rosidl_typesupport_c.cpython-310-x86_64-linux-gnu.so" to ""
[6.407s] -- Installing: /home/qianw/EECE5554/LAB3/src/install/imu_interface/lib/libimu_interface__rosidl_generator_py.so
[6.408s] -- Set runtime path of "/home/qianw/EECE5554/LAB3/src/install/imu_interface/lib/libimu_interface__rosidl_generator_py.so" to ""
[6.408s] -- Installing: /home/qianw/EECE5554/LAB3/src/install/imu_interface/share/imu_interface/msg/IMUmsg.idl
[6.409s] -- Installing: /home/qianw/EECE5554/LAB3/src/install/imu_interface/share/imu_interface/msg/IMUmsg.msg
[6.409s] -- Installing: /home/qianw/EECE5554/LAB3/src/install/imu_interface/share/ament_index/resource_index/package_run_dependencies/imu_interface
[6.409s] -- Installing: /home/qianw/EECE5554/LAB3/src/install/imu_interface/share/ament_index/resource_index/parent_prefix_path/imu_interface
[6.410s] -- Installing: /home/qianw/EECE5554/LAB3/src/install/imu_interface/share/imu_interface/environment/ament_prefix_path.sh
[6.410s] -- Installing: /home/qianw/EECE5554/LAB3/src/install/imu_interface/share/imu_interface/environment/ament_prefix_path.dsv
[6.410s] -- Installing: /home/qianw/EECE5554/LAB3/src/install/imu_interface/share/imu_interface/environment/path.sh
[6.411s] -- Installing: /home/qianw/EECE5554/LAB3/src/install/imu_interface/share/imu_interface/environment/path.dsv
[6.411s] -- Installing: /home/qianw/EECE5554/LAB3/src/install/imu_interface/share/imu_interface/local_setup.bash
[6.412s] -- Installing: /home/qianw/EECE5554/LAB3/src/install/imu_interface/share/imu_interface/local_setup.sh
[6.412s] -- Installing: /home/qianw/EECE5554/LAB3/src/install/imu_interface/share/imu_interface/local_setup.zsh
[6.412s] -- Installing: /home/qianw/EECE5554/LAB3/src/install/imu_interface/share/imu_interface/local_setup.dsv
[6.412s] -- Installing: /home/qianw/EECE5554/LAB3/src/install/imu_interface/share/imu_interface/package.dsv
[6.412s] -- Installing: /home/qianw/EECE5554/LAB3/src/install/imu_interface/share/ament_index/resource_index/packages/imu_interface
[6.412s] -- Installing: /home/qianw/EECE5554/LAB3/src/install/imu_interface/share/imu_interface/cmake/export_imu_interface__rosidl_generator_cExport.cmake
[6.412s] -- Installing: /home/qianw/EECE5554/LAB3/src/install/imu_interface/share/imu_interface/cmake/export_imu_interface__rosidl_generator_cExport-noconfig.cmake
[6.413s] -- Installing: /home/qianw/EECE5554/LAB3/src/install/imu_interface/share/imu_interface/cmake/export_imu_interface__rosidl_typesupport_fastrtps_cExport.cmake
[6.413s] -- Installing: /home/qianw/EECE5554/LAB3/src/install/imu_interface/share/imu_interface/cmake/export_imu_interface__rosidl_typesupport_fastrtps_cExport-noconfig.cmake
[6.413s] -- Installing: /home/qianw/EECE5554/LAB3/src/install/imu_interface/share/imu_interface/cmake/export_imu_interface__rosidl_generator_cppExport.cmake
[6.413s] -- Installing: /home/qianw/EECE5554/LAB3/src/install/imu_interface/share/imu_interface/cmake/export_imu_interface__rosidl_typesupport_fastrtps_cppExport.cmake
[6.414s] -- Installing: /home/qianw/EECE5554/LAB3/src/install/imu_interface/share/imu_interface/cmake/export_imu_interface__rosidl_typesupport_fastrtps_cppExport-noconfig.cmake
[6.414s] -- Installing: /home/qianw/EECE5554/LAB3/src/install/imu_interface/share/imu_interface/cmake/imu_interface__rosidl_typesupport_introspection_cExport.cmake
[6.414s] -- Installing: /home/qianw/EECE5554/LAB3/src/install/imu_interface/share/imu_interface/cmake/imu_interface__rosidl_typesupport_introspection_cExport-noconfig.cmake
[6.415s] -- Installing: /home/qianw/EECE5554/LAB3/src/install/imu_interface/share/imu_interface/cmake/imu_interface__rosidl_typesupport_cExport.cmake
[6.415s] -- Installing: /home/qianw/EECE5554/LAB3/src/install/imu_interface/share/imu_interface/cmake/imu_interface__rosidl_typesupport_cExport-noconfig.cmake
[6.423s] -- Installing: /home/qianw/EECE5554/LAB3/src/install/imu_interface/share/imu_interface/cmake/imu_interface__rosidl_typesupport_introspection_cppExport.cmake
[6.424s] -- Installing: /home/qianw/EECE5554/LAB3/src/install/imu_interface/share/imu_interface/cmake/imu_interface__rosidl_typesupport_introspection_cppExport-noconfig.cmake
[6.424s] -- Installing: /home/qianw/EECE5554/LAB3/src/install/imu_interface/share/imu_interface/cmake/imu_interface__rosidl_typesupport_cppExport.cmake
[6.424s] -- Installing: /home/qianw/EECE5554/LAB3/src/install/imu_interface/share/imu_interface/cmake/imu_interface__rosidl_typesupport_cppExport-noconfig.cmake
[6.424s] -- Installing: /home/qianw/EECE5554/LAB3/src/install/imu_interface/share/imu_interface/cmake/export_imu_interface__rosidl_generator_pyExport.cmake
[6.425s] -- Installing: /home/qianw/EECE5554/LAB3/src/install/imu_interface/share/imu_interface/cmake/export_imu_interface__rosidl_generator_pyExport-noconfig.cmake
[6.425s] -- Installing: /home/qianw/EECE5554/LAB3/src/install/imu_interface/share/imu_interface/cmake/rosidl_cmake-extras.cmake
[6.425s] -- Installing: /home/qianw/EECE5554/LAB3/src/install/imu_interface/share/imu_interface/cmake/ament_cmake_export_dependencies-extras.cmake
[6.425s] -- Installing: /home/qianw/EECE5554/LAB3/src/install/imu_interface/share/imu_interface/cmake/ament_cmake_export_include_directories-extras.cmake
[6.425s] -- Installing: /home/qianw/EECE5554/LAB3/src/install/imu_interface/share/imu_interface/cmake/ament_cmake_export_libraries-extras.cmake
[6.426s] -- Installing: /home/qianw/EECE5554/LAB3/src/install/imu_interface/share/imu_interface/cmake/ament_cmake_export_targets-extras.cmake
[6.426s] -- Installing: /home/qianw/EECE5554/LAB3/src/install/imu_interface/share/imu_interface/cmake/rosidl_cmake_export_typesupport_targets-extras.cmake
[6.426s] -- Installing: /home/qianw/EECE5554/LAB3/src/install/imu_interface/share/imu_interface/cmake/rosidl_cmake_export_typesupport_libraries-extras.cmake
[6.426s] -- Installing: /home/qianw/EECE5554/LAB3/src/install/imu_interface/share/imu_interface/cmake/imu_interfaceConfig.cmake
[6.427s] -- Installing: /home/qianw/EECE5554/LAB3/src/install/imu_interface/share/imu_interface/cmake/imu_interfaceConfig-version.cmake
[6.427s] -- Installing: /home/qianw/EECE5554/LAB3/src/install/imu_interface/share/imu_interface/package.xml
[6.431s] Invoked command in '/home/qianw/EECE5554/LAB3/src/build/imu_interface' returned '0': CMAKE_PREFIX_PATH=/home/qianw/EECE5554/LAB3/src/install/imu_driver:/opt/ros/humble /usr/bin/cmake --install /home/qianw/EECE5554/LAB3/src/build/imu_interface
