[0.016s] Invoking command in '/home/qianw/EECE5554/LAB1/src/build/gps_driver': CMAKE_PREFIX_PATH=/opt/ros/humble /usr/bin/cmake /home/qianw/EECE5554/LAB1/src/gps_driver -DCMAKE_INSTALL_PREFIX=/home/qianw/EECE5554/LAB1/src/install/gps_driver
[0.123s] -- The C compiler identification is GNU 11.4.0
[0.231s] -- The CXX compiler identification is GNU 11.4.0
[0.258s] -- Detecting C compiler ABI info
[0.366s] -- Detecting C compiler ABI info - done
[0.382s] -- Check for working C compiler: /usr/bin/cc - skipped
[0.394s] -- Detecting C compile features
[0.395s] -- Detecting C compile features - done
[0.401s] -- Detecting CXX compiler ABI info
[0.523s] -- Detecting CXX compiler ABI info - done
[0.535s] -- Check for working CXX compiler: /usr/bin/c++ - skipped
[0.535s] -- Detecting CXX compile features
[0.536s] -- Detecting CXX compile features - done
[0.539s] -- Found ament_cmake: 1.3.11 (/opt/ros/humble/share/ament_cmake/cmake)
[0.782s] -- Found Python3: /usr/bin/python3 (found version "3.10.12") found components: Interpreter 
[0.911s] -- Found ament_lint_auto: 0.12.11 (/opt/ros/humble/share/ament_lint_auto/cmake)
[1.024s] -- Added test 'lint_cmake' to check CMake code style
[1.024s] -- Added test 'xmllint' to check XML markup files
[1.026s] -- Configuring done
[1.029s] -- Generating done
[1.032s] -- Build files have been written to: /home/qianw/EECE5554/LAB1/src/build/gps_driver
[1.040s] Invoked command in '/home/qianw/EECE5554/LAB1/src/build/gps_driver' returned '0': CMAKE_PREFIX_PATH=/opt/ros/humble /usr/bin/cmake /home/qianw/EECE5554/LAB1/src/gps_driver -DCMAKE_INSTALL_PREFIX=/home/qianw/EECE5554/LAB1/src/install/gps_driver
[1.041s] Invoking command in '/home/qianw/EECE5554/LAB1/src/build/gps_driver': CMAKE_PREFIX_PATH=/opt/ros/humble /usr/bin/cmake --build /home/qianw/EECE5554/LAB1/src/build/gps_driver -- -j8 -l8
[1.095s] Invoked command in '/home/qianw/EECE5554/LAB1/src/build/gps_driver' returned '0': CMAKE_PREFIX_PATH=/opt/ros/humble /usr/bin/cmake --build /home/qianw/EECE5554/LAB1/src/build/gps_driver -- -j8 -l8
[1.110s] Invoking command in '/home/qianw/EECE5554/LAB1/src/build/gps_driver': CMAKE_PREFIX_PATH=/opt/ros/humble /usr/bin/cmake --install /home/qianw/EECE5554/LAB1/src/build/gps_driver
[1.123s] -- Install configuration: ""
[1.123s] -- Installing: /home/qianw/EECE5554/LAB1/src/install/gps_driver/share/ament_index/resource_index/package_run_dependencies/gps_driver
[1.127s] -- Installing: /home/qianw/EECE5554/LAB1/src/install/gps_driver/share/ament_index/resource_index/parent_prefix_path/gps_driver
[1.127s] -- Installing: /home/qianw/EECE5554/LAB1/src/install/gps_driver/share/gps_driver/environment/ament_prefix_path.sh
[1.127s] -- Installing: /home/qianw/EECE5554/LAB1/src/install/gps_driver/share/gps_driver/environment/ament_prefix_path.dsv
[1.127s] -- Installing: /home/qianw/EECE5554/LAB1/src/install/gps_driver/share/gps_driver/environment/path.sh
[1.127s] -- Installing: /home/qianw/EECE5554/LAB1/src/install/gps_driver/share/gps_driver/environment/path.dsv
[1.127s] -- Installing: /home/qianw/EECE5554/LAB1/src/install/gps_driver/share/gps_driver/local_setup.bash
[1.127s] -- Installing: /home/qianw/EECE5554/LAB1/src/install/gps_driver/share/gps_driver/local_setup.sh
[1.127s] -- Installing: /home/qianw/EECE5554/LAB1/src/install/gps_driver/share/gps_driver/local_setup.zsh
[1.128s] -- Installing: /home/qianw/EECE5554/LAB1/src/install/gps_driver/share/gps_driver/local_setup.dsv
[1.128s] -- Installing: /home/qianw/EECE5554/LAB1/src/install/gps_driver/share/gps_driver/package.dsv
[1.128s] -- Installing: /home/qianw/EECE5554/LAB1/src/install/gps_driver/share/ament_index/resource_index/packages/gps_driver
[1.128s] -- Installing: /home/qianw/EECE5554/LAB1/src/install/gps_driver/share/gps_driver/cmake/gps_driverConfig.cmake
[1.128s] -- Installing: /home/qianw/EECE5554/LAB1/src/install/gps_driver/share/gps_driver/cmake/gps_driverConfig-version.cmake
[1.128s] -- Installing: /home/qianw/EECE5554/LAB1/src/install/gps_driver/share/gps_driver/package.xml
[1.130s] Invoked command in '/home/qianw/EECE5554/LAB1/src/build/gps_driver' returned '0': CMAKE_PREFIX_PATH=/opt/ros/humble /usr/bin/cmake --install /home/qianw/EECE5554/LAB1/src/build/gps_driver
