[0.018s] Invoking command in '/home/qianw/EECE5554/LAB3/build/imu_interface': CMAKE_PREFIX_PATH=${CMAKE_PREFIX_PATH}:/home/qianw/EECE5554/LAB3/install/imu_driver:/opt/ros/humble /usr/bin/cmake --build /home/qianw/EECE5554/LAB3/build/imu_interface -- -j8 -l8
[0.092s] [  3%] Built target imu_interface__cpp
[0.094s] [ 12%] Built target imu_interface__rosidl_generator_c
[0.108s] [ 12%] Built target ament_cmake_python_copy_imu_interface
[0.131s] [ 32%] Built target imu_interface__rosidl_typesupport_introspection_cpp
[0.131s] [ 32%] Built target imu_interface__rosidl_typesupport_fastrtps_cpp
[0.131s] [ 41%] Built target imu_interface__rosidl_typesupport_cpp
[0.134s] [ 51%] Built target imu_interface__rosidl_typesupport_c
[0.138s] [ 61%] Built target imu_interface__rosidl_typesupport_introspection_c
[0.140s] [ 70%] Built target imu_interface__rosidl_typesupport_fastrtps_c
[0.174s] [ 70%] Built target imu_interface
[0.203s] [ 74%] Built target imu_interface__py
[0.238s] [ 80%] Built target imu_interface__rosidl_generator_py
[0.269s] [ 87%] Built target imu_interface__rosidl_typesupport_fastrtps_c__pyext
[0.269s] [ 93%] Built target imu_interface__rosidl_typesupport_c__pyext
[0.269s] [100%] Built target imu_interface__rosidl_typesupport_introspection_c__pyext
[0.494s] running egg_info
[0.494s] writing imu_interface.egg-info/PKG-INFO
[0.494s] writing dependency_links to imu_interface.egg-info/dependency_links.txt
[0.495s] writing top-level names to imu_interface.egg-info/top_level.txt
[0.498s] reading manifest file 'imu_interface.egg-info/SOURCES.txt'
[0.499s] writing manifest file 'imu_interface.egg-info/SOURCES.txt'
[0.550s] [100%] Built target ament_cmake_python_build_imu_interface_egg
[0.565s] Invoked command in '/home/qianw/EECE5554/LAB3/build/imu_interface' returned '0': CMAKE_PREFIX_PATH=${CMAKE_PREFIX_PATH}:/home/qianw/EECE5554/LAB3/install/imu_driver:/opt/ros/humble /usr/bin/cmake --build /home/qianw/EECE5554/LAB3/build/imu_interface -- -j8 -l8
[0.580s] Invoking command in '/home/qianw/EECE5554/LAB3/build/imu_interface': CMAKE_PREFIX_PATH=${CMAKE_PREFIX_PATH}:/home/qianw/EECE5554/LAB3/install/imu_driver:/opt/ros/humble /usr/bin/cmake --install /home/qianw/EECE5554/LAB3/build/imu_interface
[0.592s] -- Install configuration: ""
[0.592s] -- Up-to-date: /home/qianw/EECE5554/LAB3/install/imu_interface/share/ament_index/resource_index/rosidl_interfaces/imu_interface
[0.592s] -- Up-to-date: /home/qianw/EECE5554/LAB3/install/imu_interface/include/imu_interface/imu_interface
[0.593s] -- Up-to-date: /home/qianw/EECE5554/LAB3/install/imu_interface/include/imu_interface/imu_interface/msg
[0.593s] -- Up-to-date: /home/qianw/EECE5554/LAB3/install/imu_interface/include/imu_interface/imu_interface/msg/detail
[0.593s] -- Up-to-date: /home/qianw/EECE5554/LAB3/install/imu_interface/include/imu_interface/imu_interface/msg/detail/im_umsg__struct.h
[0.593s] -- Up-to-date: /home/qianw/EECE5554/LAB3/install/imu_interface/include/imu_interface/imu_interface/msg/detail/im_umsg__type_support.h
[0.594s] -- Up-to-date: /home/qianw/EECE5554/LAB3/install/imu_interface/include/imu_interface/imu_interface/msg/detail/im_umsg__functions.h
[0.594s] -- Up-to-date: /home/qianw/EECE5554/LAB3/install/imu_interface/include/imu_interface/imu_interface/msg/detail/im_umsg__functions.c
[0.594s] -- Up-to-date: /home/qianw/EECE5554/LAB3/install/imu_interface/include/imu_interface/imu_interface/msg/rosidl_generator_c__visibility_control.h
[0.594s] -- Up-to-date: /home/qianw/EECE5554/LAB3/install/imu_interface/include/imu_interface/imu_interface/msg/im_umsg.h
[0.594s] -- Up-to-date: /home/qianw/EECE5554/LAB3/install/imu_interface/share/imu_interface/environment/library_path.sh
[0.594s] -- Up-to-date: /home/qianw/EECE5554/LAB3/install/imu_interface/share/imu_interface/environment/library_path.dsv
[0.594s] -- Up-to-date: /home/qianw/EECE5554/LAB3/install/imu_interface/lib/libimu_interface__rosidl_generator_c.so
[0.594s] -- Up-to-date: /home/qianw/EECE5554/LAB3/install/imu_interface/include/imu_interface/imu_interface
[0.595s] -- Up-to-date: /home/qianw/EECE5554/LAB3/install/imu_interface/include/imu_interface/imu_interface/msg
[0.595s] -- Up-to-date: /home/qianw/EECE5554/LAB3/install/imu_interface/include/imu_interface/imu_interface/msg/detail
[0.595s] -- Up-to-date: /home/qianw/EECE5554/LAB3/install/imu_interface/include/imu_interface/imu_interface/msg/detail/im_umsg__rosidl_typesupport_fastrtps_c.h
[0.595s] -- Up-to-date: /home/qianw/EECE5554/LAB3/install/imu_interface/include/imu_interface/imu_interface/msg/rosidl_typesupport_fastrtps_c__visibility_control.h
[0.596s] -- Up-to-date: /home/qianw/EECE5554/LAB3/install/imu_interface/lib/libimu_interface__rosidl_typesupport_fastrtps_c.so
[0.596s] -- Up-to-date: /home/qianw/EECE5554/LAB3/install/imu_interface/include/imu_interface/imu_interface
[0.596s] -- Up-to-date: /home/qianw/EECE5554/LAB3/install/imu_interface/include/imu_interface/imu_interface/msg
[0.596s] -- Up-to-date: /home/qianw/EECE5554/LAB3/install/imu_interface/include/imu_interface/imu_interface/msg/rosidl_generator_cpp__visibility_control.hpp
[0.596s] -- Up-to-date: /home/qianw/EECE5554/LAB3/install/imu_interface/include/imu_interface/imu_interface/msg/detail
[0.596s] -- Up-to-date: /home/qianw/EECE5554/LAB3/install/imu_interface/include/imu_interface/imu_interface/msg/detail/im_umsg__struct.hpp
[0.596s] -- Up-to-date: /home/qianw/EECE5554/LAB3/install/imu_interface/include/imu_interface/imu_interface/msg/detail/im_umsg__builder.hpp
[0.597s] -- Up-to-date: /home/qianw/EECE5554/LAB3/install/imu_interface/include/imu_interface/imu_interface/msg/detail/im_umsg__type_support.hpp
[0.597s] -- Up-to-date: /home/qianw/EECE5554/LAB3/install/imu_interface/include/imu_interface/imu_interface/msg/detail/im_umsg__traits.hpp
[0.597s] -- Up-to-date: /home/qianw/EECE5554/LAB3/install/imu_interface/include/imu_interface/imu_interface/msg/im_umsg.hpp
[0.597s] -- Up-to-date: /home/qianw/EECE5554/LAB3/install/imu_interface/include/imu_interface/imu_interface
[0.597s] -- Up-to-date: /home/qianw/EECE5554/LAB3/install/imu_interface/include/imu_interface/imu_interface/msg
[0.597s] -- Up-to-date: /home/qianw/EECE5554/LAB3/install/imu_interface/include/imu_interface/imu_interface/msg/detail
[0.597s] -- Up-to-date: /home/qianw/EECE5554/LAB3/install/imu_interface/include/imu_interface/imu_interface/msg/detail/im_umsg__rosidl_typesupport_fastrtps_cpp.hpp
[0.597s] -- Up-to-date: /home/qianw/EECE5554/LAB3/install/imu_interface/include/imu_interface/imu_interface/msg/detail/dds_fastrtps
[0.597s] -- Up-to-date: /home/qianw/EECE5554/LAB3/install/imu_interface/include/imu_interface/imu_interface/msg/rosidl_typesupport_fastrtps_cpp__visibility_control.h
[0.598s] -- Up-to-date: /home/qianw/EECE5554/LAB3/install/imu_interface/lib/libimu_interface__rosidl_typesupport_fastrtps_cpp.so
[0.598s] -- Up-to-date: /home/qianw/EECE5554/LAB3/install/imu_interface/include/imu_interface/imu_interface
[0.598s] -- Up-to-date: /home/qianw/EECE5554/LAB3/install/imu_interface/include/imu_interface/imu_interface/msg
[0.598s] -- Up-to-date: /home/qianw/EECE5554/LAB3/install/imu_interface/include/imu_interface/imu_interface/msg/detail
[0.598s] -- Up-to-date: /home/qianw/EECE5554/LAB3/install/imu_interface/include/imu_interface/imu_interface/msg/detail/im_umsg__rosidl_typesupport_introspection_c.h
[0.598s] -- Up-to-date: /home/qianw/EECE5554/LAB3/install/imu_interface/include/imu_interface/imu_interface/msg/detail/im_umsg__type_support.c
[0.599s] -- Up-to-date: /home/qianw/EECE5554/LAB3/install/imu_interface/include/imu_interface/imu_interface/msg/rosidl_typesupport_introspection_c__visibility_control.h
[0.599s] -- Up-to-date: /home/qianw/EECE5554/LAB3/install/imu_interface/lib/libimu_interface__rosidl_typesupport_introspection_c.so
[0.599s] -- Up-to-date: /home/qianw/EECE5554/LAB3/install/imu_interface/lib/libimu_interface__rosidl_typesupport_c.so
[0.599s] -- Up-to-date: /home/qianw/EECE5554/LAB3/install/imu_interface/include/imu_interface/imu_interface
[0.599s] -- Up-to-date: /home/qianw/EECE5554/LAB3/install/imu_interface/include/imu_interface/imu_interface/msg
[0.599s] -- Up-to-date: /home/qianw/EECE5554/LAB3/install/imu_interface/include/imu_interface/imu_interface/msg/detail
[0.599s] -- Up-to-date: /home/qianw/EECE5554/LAB3/install/imu_interface/include/imu_interface/imu_interface/msg/detail/im_umsg__rosidl_typesupport_introspection_cpp.hpp
[0.599s] -- Up-to-date: /home/qianw/EECE5554/LAB3/install/imu_interface/include/imu_interface/imu_interface/msg/detail/im_umsg__type_support.cpp
[0.599s] -- Up-to-date: /home/qianw/EECE5554/LAB3/install/imu_interface/lib/libimu_interface__rosidl_typesupport_introspection_cpp.so
[0.599s] -- Up-to-date: /home/qianw/EECE5554/LAB3/install/imu_interface/lib/libimu_interface__rosidl_typesupport_cpp.so
[0.599s] -- Up-to-date: /home/qianw/EECE5554/LAB3/install/imu_interface/share/imu_interface/environment/pythonpath.sh
[0.599s] -- Up-to-date: /home/qianw/EECE5554/LAB3/install/imu_interface/share/imu_interface/environment/pythonpath.dsv
[0.600s] -- Up-to-date: /home/qianw/EECE5554/LAB3/install/imu_interface/local/lib/python3.10/dist-packages/imu_interface-0.0.0-py3.10.egg-info
[0.600s] -- Installing: /home/qianw/EECE5554/LAB3/install/imu_interface/local/lib/python3.10/dist-packages/imu_interface-0.0.0-py3.10.egg-info/PKG-INFO
[0.600s] -- Installing: /home/qianw/EECE5554/LAB3/install/imu_interface/local/lib/python3.10/dist-packages/imu_interface-0.0.0-py3.10.egg-info/top_level.txt
[0.600s] -- Installing: /home/qianw/EECE5554/LAB3/install/imu_interface/local/lib/python3.10/dist-packages/imu_interface-0.0.0-py3.10.egg-info/dependency_links.txt
[0.600s] -- Installing: /home/qianw/EECE5554/LAB3/install/imu_interface/local/lib/python3.10/dist-packages/imu_interface-0.0.0-py3.10.egg-info/SOURCES.txt
[0.600s] -- Up-to-date: /home/qianw/EECE5554/LAB3/install/imu_interface/local/lib/python3.10/dist-packages/imu_interface
[0.600s] -- Up-to-date: /home/qianw/EECE5554/LAB3/install/imu_interface/local/lib/python3.10/dist-packages/imu_interface/libimu_interface__rosidl_generator_py.so
[0.600s] -- Up-to-date: /home/qianw/EECE5554/LAB3/install/imu_interface/local/lib/python3.10/dist-packages/imu_interface/imu_interface_s__rosidl_typesupport_fastrtps_c.cpython-310-x86_64-linux-gnu.so
[0.600s] -- Up-to-date: /home/qianw/EECE5554/LAB3/install/imu_interface/local/lib/python3.10/dist-packages/imu_interface/_imu_interface_s.ep.rosidl_typesupport_c.c
[0.600s] -- Up-to-date: /home/qianw/EECE5554/LAB3/install/imu_interface/local/lib/python3.10/dist-packages/imu_interface/_imu_interface_s.ep.rosidl_typesupport_fastrtps_c.c
[0.600s] -- Up-to-date: /home/qianw/EECE5554/LAB3/install/imu_interface/local/lib/python3.10/dist-packages/imu_interface/imu_interface_s__rosidl_typesupport_c.cpython-310-x86_64-linux-gnu.so
[0.600s] -- Up-to-date: /home/qianw/EECE5554/LAB3/install/imu_interface/local/lib/python3.10/dist-packages/imu_interface/__init__.py
[0.600s] -- Up-to-date: /home/qianw/EECE5554/LAB3/install/imu_interface/local/lib/python3.10/dist-packages/imu_interface/_imu_interface_s.ep.rosidl_typesupport_introspection_c.c
[0.601s] -- Up-to-date: /home/qianw/EECE5554/LAB3/install/imu_interface/local/lib/python3.10/dist-packages/imu_interface/imu_interface_s__rosidl_typesupport_introspection_c.cpython-310-x86_64-linux-gnu.so
[0.601s] -- Up-to-date: /home/qianw/EECE5554/LAB3/install/imu_interface/local/lib/python3.10/dist-packages/imu_interface/msg
[0.601s] -- Up-to-date: /home/qianw/EECE5554/LAB3/install/imu_interface/local/lib/python3.10/dist-packages/imu_interface/msg/_im_umsg.py
[0.601s] -- Up-to-date: /home/qianw/EECE5554/LAB3/install/imu_interface/local/lib/python3.10/dist-packages/imu_interface/msg/__init__.py
[0.601s] -- Up-to-date: /home/qianw/EECE5554/LAB3/install/imu_interface/local/lib/python3.10/dist-packages/imu_interface/msg/_im_umsg_s.c
[0.645s] Listing '/home/qianw/EECE5554/LAB3/install/imu_interface/local/lib/python3.10/dist-packages/imu_interface'...
[0.645s] Listing '/home/qianw/EECE5554/LAB3/install/imu_interface/local/lib/python3.10/dist-packages/imu_interface/msg'...
[0.652s] -- Up-to-date: /home/qianw/EECE5554/LAB3/install/imu_interface/local/lib/python3.10/dist-packages/imu_interface/imu_interface_s__rosidl_typesupport_fastrtps_c.cpython-310-x86_64-linux-gnu.so
[0.652s] -- Up-to-date: /home/qianw/EECE5554/LAB3/install/imu_interface/local/lib/python3.10/dist-packages/imu_interface/imu_interface_s__rosidl_typesupport_introspection_c.cpython-310-x86_64-linux-gnu.so
[0.652s] -- Up-to-date: /home/qianw/EECE5554/LAB3/install/imu_interface/local/lib/python3.10/dist-packages/imu_interface/imu_interface_s__rosidl_typesupport_c.cpython-310-x86_64-linux-gnu.so
[0.653s] -- Up-to-date: /home/qianw/EECE5554/LAB3/install/imu_interface/lib/libimu_interface__rosidl_generator_py.so
[0.653s] -- Up-to-date: /home/qianw/EECE5554/LAB3/install/imu_interface/share/imu_interface/msg/IMUmsg.idl
[0.653s] -- Up-to-date: /home/qianw/EECE5554/LAB3/install/imu_interface/share/imu_interface/msg/IMUmsg.msg
[0.653s] -- Up-to-date: /home/qianw/EECE5554/LAB3/install/imu_interface/share/ament_index/resource_index/package_run_dependencies/imu_interface
[0.653s] -- Up-to-date: /home/qianw/EECE5554/LAB3/install/imu_interface/share/ament_index/resource_index/parent_prefix_path/imu_interface
[0.653s] -- Up-to-date: /home/qianw/EECE5554/LAB3/install/imu_interface/share/imu_interface/environment/ament_prefix_path.sh
[0.654s] -- Up-to-date: /home/qianw/EECE5554/LAB3/install/imu_interface/share/imu_interface/environment/ament_prefix_path.dsv
[0.654s] -- Up-to-date: /home/qianw/EECE5554/LAB3/install/imu_interface/share/imu_interface/environment/path.sh
[0.654s] -- Up-to-date: /home/qianw/EECE5554/LAB3/install/imu_interface/share/imu_interface/environment/path.dsv
[0.654s] -- Up-to-date: /home/qianw/EECE5554/LAB3/install/imu_interface/share/imu_interface/local_setup.bash
[0.654s] -- Up-to-date: /home/qianw/EECE5554/LAB3/install/imu_interface/share/imu_interface/local_setup.sh
[0.654s] -- Up-to-date: /home/qianw/EECE5554/LAB3/install/imu_interface/share/imu_interface/local_setup.zsh
[0.655s] -- Up-to-date: /home/qianw/EECE5554/LAB3/install/imu_interface/share/imu_interface/local_setup.dsv
[0.655s] -- Installing: /home/qianw/EECE5554/LAB3/install/imu_interface/share/imu_interface/package.dsv
[0.655s] -- Up-to-date: /home/qianw/EECE5554/LAB3/install/imu_interface/share/ament_index/resource_index/packages/imu_interface
[0.655s] -- Up-to-date: /home/qianw/EECE5554/LAB3/install/imu_interface/share/imu_interface/cmake/export_imu_interface__rosidl_generator_cExport.cmake
[0.655s] -- Up-to-date: /home/qianw/EECE5554/LAB3/install/imu_interface/share/imu_interface/cmake/export_imu_interface__rosidl_generator_cExport-noconfig.cmake
[0.655s] -- Up-to-date: /home/qianw/EECE5554/LAB3/install/imu_interface/share/imu_interface/cmake/export_imu_interface__rosidl_typesupport_fastrtps_cExport.cmake
[0.655s] -- Up-to-date: /home/qianw/EECE5554/LAB3/install/imu_interface/share/imu_interface/cmake/export_imu_interface__rosidl_typesupport_fastrtps_cExport-noconfig.cmake
[0.656s] -- Up-to-date: /home/qianw/EECE5554/LAB3/install/imu_interface/share/imu_interface/cmake/export_imu_interface__rosidl_generator_cppExport.cmake
[0.656s] -- Up-to-date: /home/qianw/EECE5554/LAB3/install/imu_interface/share/imu_interface/cmake/export_imu_interface__rosidl_typesupport_fastrtps_cppExport.cmake
[0.657s] -- Up-to-date: /home/qianw/EECE5554/LAB3/install/imu_interface/share/imu_interface/cmake/export_imu_interface__rosidl_typesupport_fastrtps_cppExport-noconfig.cmake
[0.657s] -- Up-to-date: /home/qianw/EECE5554/LAB3/install/imu_interface/share/imu_interface/cmake/imu_interface__rosidl_typesupport_introspection_cExport.cmake
[0.657s] -- Up-to-date: /home/qianw/EECE5554/LAB3/install/imu_interface/share/imu_interface/cmake/imu_interface__rosidl_typesupport_introspection_cExport-noconfig.cmake
[0.657s] -- Up-to-date: /home/qianw/EECE5554/LAB3/install/imu_interface/share/imu_interface/cmake/imu_interface__rosidl_typesupport_cExport.cmake
[0.657s] -- Up-to-date: /home/qianw/EECE5554/LAB3/install/imu_interface/share/imu_interface/cmake/imu_interface__rosidl_typesupport_cExport-noconfig.cmake
[0.657s] -- Up-to-date: /home/qianw/EECE5554/LAB3/install/imu_interface/share/imu_interface/cmake/imu_interface__rosidl_typesupport_introspection_cppExport.cmake
[0.657s] -- Up-to-date: /home/qianw/EECE5554/LAB3/install/imu_interface/share/imu_interface/cmake/imu_interface__rosidl_typesupport_introspection_cppExport-noconfig.cmake
[0.657s] -- Up-to-date: /home/qianw/EECE5554/LAB3/install/imu_interface/share/imu_interface/cmake/imu_interface__rosidl_typesupport_cppExport.cmake
[0.657s] -- Up-to-date: /home/qianw/EECE5554/LAB3/install/imu_interface/share/imu_interface/cmake/imu_interface__rosidl_typesupport_cppExport-noconfig.cmake
[0.658s] -- Up-to-date: /home/qianw/EECE5554/LAB3/install/imu_interface/share/imu_interface/cmake/export_imu_interface__rosidl_generator_pyExport.cmake
[0.658s] -- Up-to-date: /home/qianw/EECE5554/LAB3/install/imu_interface/share/imu_interface/cmake/export_imu_interface__rosidl_generator_pyExport-noconfig.cmake
[0.658s] -- Up-to-date: /home/qianw/EECE5554/LAB3/install/imu_interface/share/imu_interface/cmake/rosidl_cmake-extras.cmake
[0.658s] -- Up-to-date: /home/qianw/EECE5554/LAB3/install/imu_interface/share/imu_interface/cmake/ament_cmake_export_dependencies-extras.cmake
[0.658s] -- Up-to-date: /home/qianw/EECE5554/LAB3/install/imu_interface/share/imu_interface/cmake/ament_cmake_export_include_directories-extras.cmake
[0.658s] -- Up-to-date: /home/qianw/EECE5554/LAB3/install/imu_interface/share/imu_interface/cmake/ament_cmake_export_libraries-extras.cmake
[0.658s] -- Up-to-date: /home/qianw/EECE5554/LAB3/install/imu_interface/share/imu_interface/cmake/ament_cmake_export_targets-extras.cmake
[0.658s] -- Up-to-date: /home/qianw/EECE5554/LAB3/install/imu_interface/share/imu_interface/cmake/rosidl_cmake_export_typesupport_targets-extras.cmake
[0.658s] -- Up-to-date: /home/qianw/EECE5554/LAB3/install/imu_interface/share/imu_interface/cmake/rosidl_cmake_export_typesupport_libraries-extras.cmake
[0.658s] -- Up-to-date: /home/qianw/EECE5554/LAB3/install/imu_interface/share/imu_interface/cmake/imu_interfaceConfig.cmake
[0.658s] -- Up-to-date: /home/qianw/EECE5554/LAB3/install/imu_interface/share/imu_interface/cmake/imu_interfaceConfig-version.cmake
[0.659s] -- Up-to-date: /home/qianw/EECE5554/LAB3/install/imu_interface/share/imu_interface/package.xml
[0.661s] Invoked command in '/home/qianw/EECE5554/LAB3/build/imu_interface' returned '0': CMAKE_PREFIX_PATH=${CMAKE_PREFIX_PATH}:/home/qianw/EECE5554/LAB3/install/imu_driver:/opt/ros/humble /usr/bin/cmake --install /home/qianw/EECE5554/LAB3/build/imu_interface
