[0.021s] Invoking command in '/root/ros2_ws/build/turtlesim': CMAKE_PREFIX_PATH=/opt/ros/humble /usr/bin/cmake /root/ros2_ws/src/ros_tutorials/turtlesim -DCMAKE_INSTALL_PREFIX=/root/ros2_ws/install/turtlesim
[0.247s] -- The C compiler identification is GNU 11.4.0
[0.400s] -- The CXX compiler identification is GNU 11.4.0
[0.421s] -- Detecting C compiler ABI info
[0.526s] -- Detecting C compiler ABI info - done
[0.537s] -- Check for working C compiler: /usr/bin/cc - skipped
[0.548s] -- Detecting C compile features
[0.550s] -- Detecting C compile features - done
[0.557s] -- Detecting CXX compiler ABI info
[0.674s] -- Detecting CXX compiler ABI info - done
[0.688s] -- Check for working CXX compiler: /usr/bin/c++ - skipped
[0.688s] -- Detecting CXX compile features
[0.689s] -- Detecting CXX compile features - done
[0.710s] -- Found ament_cmake: 1.3.11 (/opt/ros/humble/share/ament_cmake/cmake)
[0.955s] -- Found Python3: /usr/bin/python3 (found version "3.10.12") found components: Interpreter 
[1.126s] -- Found ament_index_cpp: 1.4.0 (/opt/ros/humble/share/ament_index_cpp/cmake)
[1.130s] -- Found geometry_msgs: 4.2.4 (/opt/ros/humble/share/geometry_msgs/cmake)
[1.215s] -- Found rosidl_generator_c: 3.1.6 (/opt/ros/humble/share/rosidl_generator_c/cmake)
[1.227s] -- Found rosidl_adapter: 3.1.6 (/opt/ros/humble/share/rosidl_adapter/cmake)
[1.248s] -- Found rosidl_generator_cpp: 3.1.6 (/opt/ros/humble/share/rosidl_generator_cpp/cmake)
[1.283s] -- Using all available rosidl_typesupport_c: rosidl_typesupport_fastrtps_c;rosidl_typesupport_introspection_c
[1.320s] -- Using all available rosidl_typesupport_cpp: rosidl_typesupport_fastrtps_cpp;rosidl_typesupport_introspection_cpp
[1.511s] -- Found rclcpp: 16.0.11 (/opt/ros/humble/share/rclcpp/cmake)
[1.620s] -- Found rmw_implementation_cmake: 6.1.2 (/opt/ros/humble/share/rmw_implementation_cmake/cmake)
[1.630s] -- Found rmw_fastrtps_cpp: 6.2.7 (/opt/ros/humble/share/rmw_fastrtps_cpp/cmake)
[1.831s] -- Found OpenSSL: /usr/lib/x86_64-linux-gnu/libcrypto.so (found version "3.0.2")  
[1.874s] -- Found FastRTPS: /opt/ros/humble/include  
[1.936s] -- Using RMW implementation 'rmw_fastrtps_cpp' as default
[1.968s] -- Looking for pthread.h
[2.094s] -- Looking for pthread.h - found
[2.094s] -- Performing Test CMAKE_HAVE_LIBC_PTHREAD
[2.209s] -- Performing Test CMAKE_HAVE_LIBC_PTHREAD - Success
[2.209s] -- Found Threads: TRUE  
[2.322s] -- Found rclcpp_action: 16.0.11 (/opt/ros/humble/share/rclcpp_action/cmake)
[2.415s] -- Found rosidl_default_generators: 1.2.0 (/opt/ros/humble/share/rosidl_default_generators/cmake)
[2.438s] -- Found std_srvs: 4.2.4 (/opt/ros/humble/share/std_srvs/cmake)
[3.049s] -- Found ament_cmake_ros: 0.10.0 (/opt/ros/humble/share/ament_cmake_ros/cmake)
[3.597s] -- Using all available rosidl_typesupport_c: rosidl_typesupport_fastrtps_c;rosidl_typesupport_introspection_c
[3.807s] -- Using all available rosidl_typesupport_cpp: rosidl_typesupport_fastrtps_cpp;rosidl_typesupport_introspection_cpp
[3.854s] -- Found PythonInterp: /usr/bin/python3 (found suitable version "3.10.12", minimum required is "3.6") 
[3.858s] -- Found python_cmake_module: 0.10.0 (/opt/ros/humble/share/python_cmake_module/cmake)
[3.900s] -- Found PythonLibs: /usr/lib/x86_64-linux-gnu/libpython3.10.so (found suitable version "3.10.12", minimum required is "3.5") 
[3.900s] -- Using PYTHON_EXECUTABLE: /usr/bin/python3
[3.901s] -- Using PYTHON_INCLUDE_DIRS: /usr/include/python3.10
[3.901s] -- Using PYTHON_LIBRARIES: /usr/lib/x86_64-linux-gnu/libpython3.10.so
[3.932s] -- Found PythonExtra: .so  
[4.032s] -- Configuring done
[4.133s] -- Generating done
[4.165s] -- Build files have been written to: /root/ros2_ws/build/turtlesim
[4.181s] Invoked command in '/root/ros2_ws/build/turtlesim' returned '0': CMAKE_PREFIX_PATH=/opt/ros/humble /usr/bin/cmake /root/ros2_ws/src/ros_tutorials/turtlesim -DCMAKE_INSTALL_PREFIX=/root/ros2_ws/install/turtlesim
[4.186s] Invoking command in '/root/ros2_ws/build/turtlesim': CMAKE_PREFIX_PATH=/opt/ros/humble /usr/bin/cmake --build /root/ros2_ws/build/turtlesim -- -j8 -l8
[4.254s] [  1%] [34m[1mGenerating C code for ROS interfaces[0m
[4.271s] [  2%] [34m[1mGenerating C++ code for ROS interfaces[0m
[4.287s] [  2%] Built target ament_cmake_python_copy_turtlesim
[4.714s] running egg_info
[4.716s] creating turtlesim.egg-info
[4.716s] writing turtlesim.egg-info/PKG-INFO
[4.717s] writing dependency_links to turtlesim.egg-info/dependency_links.txt
[4.717s] writing top-level names to turtlesim.egg-info/top_level.txt
[4.720s] writing manifest file 'turtlesim.egg-info/SOURCES.txt'
[4.726s] reading manifest file 'turtlesim.egg-info/SOURCES.txt'
[4.726s] writing manifest file 'turtlesim.egg-info/SOURCES.txt'
[4.776s] [  2%] Built target ament_cmake_python_build_turtlesim_egg
[6.069s] [  3%] [32mBuilding C object CMakeFiles/turtlesim__rosidl_generator_c.dir/rosidl_generator_c/turtlesim/msg/detail/color__functions.c.o[0m
[6.072s] [  4%] [32mBuilding C object CMakeFiles/turtlesim__rosidl_generator_c.dir/rosidl_generator_c/turtlesim/srv/detail/kill__functions.c.o[0m
[6.074s] [  5%] [32mBuilding C object CMakeFiles/turtlesim__rosidl_generator_c.dir/rosidl_generator_c/turtlesim/srv/detail/teleport_absolute__functions.c.o[0m
[6.074s] [  6%] [32mBuilding C object CMakeFiles/turtlesim__rosidl_generator_c.dir/rosidl_generator_c/turtlesim/srv/detail/spawn__functions.c.o[0m
[6.076s] [  7%] [32mBuilding C object CMakeFiles/turtlesim__rosidl_generator_c.dir/rosidl_generator_c/turtlesim/srv/detail/set_pen__functions.c.o[0m
[6.076s] [  8%] [32mBuilding C object CMakeFiles/turtlesim__rosidl_generator_c.dir/rosidl_generator_c/turtlesim/action/detail/rotate_absolute__functions.c.o[0m
[6.090s] [  9%] [32mBuilding C object CMakeFiles/turtlesim__rosidl_generator_c.dir/rosidl_generator_c/turtlesim/msg/detail/pose__functions.c.o[0m
[6.091s] [  9%] Built target turtlesim__cpp
[6.116s] [ 10%] [32mBuilding C object CMakeFiles/turtlesim__rosidl_generator_c.dir/rosidl_generator_c/turtlesim/srv/detail/teleport_relative__functions.c.o[0m
[6.202s] [ 11%] [34m[1mGenerating C++ type support dispatch for ROS interfaces[0m
[6.203s] [ 12%] [34m[1mGenerating C++ type support for eProsima Fast-RTPS[0m
[6.214s] [ 13%] [34m[1mGenerating C++ introspection for ROS interfaces[0m
[6.340s] [ 14%] [32m[1mLinking C shared library libturtlesim__rosidl_generator_c.so[0m
[6.410s] [ 14%] Built target turtlesim__rosidl_generator_c
[6.425s] [ 17%] [34m[1mGenerating C type support for eProsima Fast-RTPS[0m
[6.425s] [ 17%] [34m[1mGenerating C introspection for ROS interfaces[0m
[6.425s] [ 17%] [34m[1mGenerating C type support dispatch for ROS interfaces[0m
[7.159s] [ 20%] [32mBuilding CXX object CMakeFiles/turtlesim__rosidl_typesupport_cpp.dir/rosidl_typesupport_cpp/turtlesim/action/rotate_absolute__type_support.cpp.o[0m
[7.159s] [ 20%] [32mBuilding CXX object CMakeFiles/turtlesim__rosidl_typesupport_cpp.dir/rosidl_typesupport_cpp/turtlesim/msg/color__type_support.cpp.o[0m
[7.160s] [ 20%] [32mBuilding CXX object CMakeFiles/turtlesim__rosidl_typesupport_cpp.dir/rosidl_typesupport_cpp/turtlesim/msg/pose__type_support.cpp.o[0m
[7.425s] [ 21%] [32mBuilding CXX object CMakeFiles/turtlesim__rosidl_typesupport_c.dir/rosidl_typesupport_c/turtlesim/action/rotate_absolute__type_support.cpp.o[0m
[7.512s] [ 22%] [32mBuilding CXX object CMakeFiles/turtlesim__rosidl_typesupport_c.dir/rosidl_typesupport_c/turtlesim/msg/color__type_support.cpp.o[0m
[7.563s] [ 23%] [32mBuilding CXX object CMakeFiles/turtlesim__rosidl_typesupport_c.dir/rosidl_typesupport_c/turtlesim/msg/pose__type_support.cpp.o[0m
[7.579s] [ 24%] [32mBuilding CXX object CMakeFiles/turtlesim__rosidl_typesupport_introspection_cpp.dir/rosidl_typesupport_introspection_cpp/turtlesim/action/detail/rotate_absolute__type_support.cpp.o[0m
[7.613s] [ 25%] [32mBuilding CXX object CMakeFiles/turtlesim__rosidl_typesupport_c.dir/rosidl_typesupport_c/turtlesim/srv/kill__type_support.cpp.o[0m
[7.674s] [ 26%] [32mBuilding CXX object CMakeFiles/turtlesim__rosidl_typesupport_c.dir/rosidl_typesupport_c/turtlesim/srv/set_pen__type_support.cpp.o[0m
[7.725s] [ 27%] [32mBuilding CXX object CMakeFiles/turtlesim__rosidl_typesupport_c.dir/rosidl_typesupport_c/turtlesim/srv/spawn__type_support.cpp.o[0m
[7.765s] [ 28%] [32mBuilding CXX object CMakeFiles/turtlesim__rosidl_typesupport_cpp.dir/rosidl_typesupport_cpp/turtlesim/srv/kill__type_support.cpp.o[0m
[7.780s] [ 29%] [32mBuilding CXX object CMakeFiles/turtlesim__rosidl_typesupport_c.dir/rosidl_typesupport_c/turtlesim/srv/teleport_absolute__type_support.cpp.o[0m
[7.794s] [ 30%] [32mBuilding CXX object CMakeFiles/turtlesim__rosidl_typesupport_introspection_cpp.dir/rosidl_typesupport_introspection_cpp/turtlesim/msg/detail/color__type_support.cpp.o[0m
[7.818s] [ 31%] [32mBuilding CXX object CMakeFiles/turtlesim__rosidl_typesupport_fastrtps_cpp.dir/rosidl_typesupport_fastrtps_cpp/turtlesim/action/detail/dds_fastrtps/rotate_absolute__type_support.cpp.o[0m
[7.831s] [ 32%] [32mBuilding CXX object CMakeFiles/turtlesim__rosidl_typesupport_c.dir/rosidl_typesupport_c/turtlesim/srv/teleport_relative__type_support.cpp.o[0m
[7.889s] [ 33%] [32m[1mLinking CXX shared library libturtlesim__rosidl_typesupport_c.so[0m
[7.988s] [ 33%] Built target turtlesim__rosidl_typesupport_c
[8.004s] [ 34%] [32mBuilding CXX object CMakeFiles/turtlesim__rosidl_typesupport_fastrtps_cpp.dir/rosidl_typesupport_fastrtps_cpp/turtlesim/msg/detail/dds_fastrtps/color__type_support.cpp.o[0m
[8.004s] [ 35%] [32mBuilding CXX object CMakeFiles/turtlesim__rosidl_typesupport_fastrtps_c.dir/rosidl_typesupport_fastrtps_c/turtlesim/action/detail/rotate_absolute__type_support_c.cpp.o[0m
[8.012s] [ 36%] [32mBuilding C object CMakeFiles/turtlesim__rosidl_typesupport_introspection_c.dir/rosidl_typesupport_introspection_c/turtlesim/action/detail/rotate_absolute__type_support.c.o[0m
[8.111s] [ 37%] [32mBuilding C object CMakeFiles/turtlesim__rosidl_typesupport_introspection_c.dir/rosidl_typesupport_introspection_c/turtlesim/msg/detail/color__type_support.c.o[0m
[8.176s] [ 38%] [32mBuilding C object CMakeFiles/turtlesim__rosidl_typesupport_introspection_c.dir/rosidl_typesupport_introspection_c/turtlesim/msg/detail/pose__type_support.c.o[0m
[8.182s] [ 39%] [32mBuilding CXX object CMakeFiles/turtlesim__rosidl_typesupport_cpp.dir/rosidl_typesupport_cpp/turtlesim/srv/set_pen__type_support.cpp.o[0m
[8.233s] [ 40%] [32mBuilding C object CMakeFiles/turtlesim__rosidl_typesupport_introspection_c.dir/rosidl_typesupport_introspection_c/turtlesim/srv/detail/kill__type_support.c.o[0m
[8.304s] [ 41%] [32mBuilding C object CMakeFiles/turtlesim__rosidl_typesupport_introspection_c.dir/rosidl_typesupport_introspection_c/turtlesim/srv/detail/set_pen__type_support.c.o[0m
[8.326s] [ 42%] [32mBuilding CXX object CMakeFiles/turtlesim__rosidl_typesupport_cpp.dir/rosidl_typesupport_cpp/turtlesim/srv/spawn__type_support.cpp.o[0m
[8.364s] [ 43%] [32mBuilding C object CMakeFiles/turtlesim__rosidl_typesupport_introspection_c.dir/rosidl_typesupport_introspection_c/turtlesim/srv/detail/spawn__type_support.c.o[0m
[8.428s] [ 44%] [32mBuilding C object CMakeFiles/turtlesim__rosidl_typesupport_introspection_c.dir/rosidl_typesupport_introspection_c/turtlesim/srv/detail/teleport_absolute__type_support.c.o[0m
[8.502s] [ 45%] [32mBuilding C object CMakeFiles/turtlesim__rosidl_typesupport_introspection_c.dir/rosidl_typesupport_introspection_c/turtlesim/srv/detail/teleport_relative__type_support.c.o[0m
[8.513s] [ 46%] [32mBuilding CXX object CMakeFiles/turtlesim__rosidl_typesupport_introspection_cpp.dir/rosidl_typesupport_introspection_cpp/turtlesim/msg/detail/pose__type_support.cpp.o[0m
[8.555s] [ 47%] [32m[1mLinking C shared library libturtlesim__rosidl_typesupport_introspection_c.so[0m
[8.621s] [ 47%] Built target turtlesim__rosidl_typesupport_introspection_c
[8.633s] [ 48%] [32mBuilding CXX object CMakeFiles/turtlesim__rosidl_typesupport_introspection_cpp.dir/rosidl_typesupport_introspection_cpp/turtlesim/srv/detail/kill__type_support.cpp.o[0m
[8.674s] [ 49%] [32mBuilding CXX object CMakeFiles/turtlesim__rosidl_typesupport_cpp.dir/rosidl_typesupport_cpp/turtlesim/srv/teleport_absolute__type_support.cpp.o[0m
[8.744s] [ 50%] [32mBuilding CXX object CMakeFiles/turtlesim__rosidl_typesupport_introspection_cpp.dir/rosidl_typesupport_introspection_cpp/turtlesim/srv/detail/set_pen__type_support.cpp.o[0m
[8.777s] [ 51%] [32mBuilding CXX object CMakeFiles/turtlesim__rosidl_typesupport_fastrtps_cpp.dir/rosidl_typesupport_fastrtps_cpp/turtlesim/msg/detail/dds_fastrtps/pose__type_support.cpp.o[0m
[8.788s] [ 52%] [32mBuilding CXX object CMakeFiles/turtlesim__rosidl_typesupport_fastrtps_c.dir/rosidl_typesupport_fastrtps_c/turtlesim/msg/detail/color__type_support_c.cpp.o[0m
[8.860s] [ 53%] [32mBuilding CXX object CMakeFiles/turtlesim__rosidl_typesupport_cpp.dir/rosidl_typesupport_cpp/turtlesim/srv/teleport_relative__type_support.cpp.o[0m
[8.899s] [ 54%] [32mBuilding CXX object CMakeFiles/turtlesim__rosidl_typesupport_fastrtps_cpp.dir/rosidl_typesupport_fastrtps_cpp/turtlesim/srv/detail/dds_fastrtps/kill__type_support.cpp.o[0m
[9.180s] [ 55%] [32mBuilding CXX object CMakeFiles/turtlesim__rosidl_typesupport_fastrtps_cpp.dir/rosidl_typesupport_fastrtps_cpp/turtlesim/srv/detail/dds_fastrtps/set_pen__type_support.cpp.o[0m
[9.281s] [ 56%] [32mBuilding CXX object CMakeFiles/turtlesim__rosidl_typesupport_introspection_cpp.dir/rosidl_typesupport_introspection_cpp/turtlesim/srv/detail/spawn__type_support.cpp.o[0m
[9.358s] [ 57%] [32mBuilding CXX object CMakeFiles/turtlesim__rosidl_typesupport_introspection_cpp.dir/rosidl_typesupport_introspection_cpp/turtlesim/srv/detail/teleport_absolute__type_support.cpp.o[0m
[9.405s] [ 58%] [32m[1mLinking CXX shared library libturtlesim__rosidl_typesupport_cpp.so[0m
[9.415s] [ 59%] [32mBuilding CXX object CMakeFiles/turtlesim__rosidl_typesupport_fastrtps_c.dir/rosidl_typesupport_fastrtps_c/turtlesim/msg/detail/pose__type_support_c.cpp.o[0m
[9.483s] [ 60%] [32mBuilding CXX object CMakeFiles/turtlesim__rosidl_typesupport_introspection_cpp.dir/rosidl_typesupport_introspection_cpp/turtlesim/srv/detail/teleport_relative__type_support.cpp.o[0m
[9.484s] [ 60%] Built target turtlesim__rosidl_typesupport_cpp
[9.491s] [ 61%] [32mBuilding CXX object CMakeFiles/turtlesim__rosidl_typesupport_fastrtps_cpp.dir/rosidl_typesupport_fastrtps_cpp/turtlesim/srv/detail/dds_fastrtps/spawn__type_support.cpp.o[0m
[9.500s] [ 62%] [32mBuilding CXX object CMakeFiles/turtlesim__rosidl_typesupport_fastrtps_cpp.dir/rosidl_typesupport_fastrtps_cpp/turtlesim/srv/detail/dds_fastrtps/teleport_absolute__type_support.cpp.o[0m
[9.682s] [ 63%] [32mBuilding CXX object CMakeFiles/turtlesim__rosidl_typesupport_fastrtps_cpp.dir/rosidl_typesupport_fastrtps_cpp/turtlesim/srv/detail/dds_fastrtps/teleport_relative__type_support.cpp.o[0m
[9.909s] [ 64%] [34m[1mGenerating include/turtlesim/moc_turtle_frame.cpp[0m
[10.056s] [ 65%] [32mBuilding CXX object CMakeFiles/turtlesim__rosidl_typesupport_fastrtps_c.dir/rosidl_typesupport_fastrtps_c/turtlesim/srv/detail/kill__type_support_c.cpp.o[0m
[10.067s] [ 66%] [32mBuilding CXX object CMakeFiles/turtlesim__rosidl_typesupport_fastrtps_c.dir/rosidl_typesupport_fastrtps_c/turtlesim/srv/detail/set_pen__type_support_c.cpp.o[0m
[10.069s] [ 67%] [32mBuilding CXX object CMakeFiles/turtle_teleop_key.dir/tutorials/teleop_turtle_key.cpp.o[0m
[10.088s] [ 68%] [32mBuilding CXX object CMakeFiles/turtlesim_node.dir/src/turtlesim.cpp.o[0m
[10.168s] [ 69%] [32m[1mLinking CXX shared library libturtlesim__rosidl_typesupport_introspection_cpp.so[0m
[10.297s] [ 70%] [32mBuilding CXX object CMakeFiles/draw_square.dir/tutorials/draw_square.cpp.o[0m
[10.327s] [ 70%] Built target turtlesim__rosidl_typesupport_introspection_cpp
[10.338s] [ 71%] [32mBuilding CXX object CMakeFiles/turtlesim_node.dir/src/turtle.cpp.o[0m
[10.345s] [ 72%] [32mBuilding CXX object CMakeFiles/turtlesim_node.dir/src/turtle_frame.cpp.o[0m
[10.429s] [ 73%] [32m[1mLinking CXX shared library libturtlesim__rosidl_typesupport_fastrtps_cpp.so[0m
[10.564s] [ 73%] Built target turtlesim__rosidl_typesupport_fastrtps_cpp
[10.578s] [ 74%] [32mBuilding CXX object CMakeFiles/turtlesim_node.dir/include/turtlesim/moc_turtle_frame.cpp.o[0m
[10.729s] [ 75%] [32mBuilding CXX object CMakeFiles/turtlesim__rosidl_typesupport_fastrtps_c.dir/rosidl_typesupport_fastrtps_c/turtlesim/srv/detail/spawn__type_support_c.cpp.o[0m
[10.763s] [ 76%] [32mBuilding CXX object CMakeFiles/turtlesim__rosidl_typesupport_fastrtps_c.dir/rosidl_typesupport_fastrtps_c/turtlesim/srv/detail/teleport_absolute__type_support_c.cpp.o[0m
[11.383s] [ 77%] [32mBuilding CXX object CMakeFiles/turtlesim__rosidl_typesupport_fastrtps_c.dir/rosidl_typesupport_fastrtps_c/turtlesim/srv/detail/teleport_relative__type_support_c.cpp.o[0m
[11.465s] [ 78%] [32mBuilding CXX object CMakeFiles/mimic.dir/tutorials/mimic.cpp.o[0m
[12.036s] [ 79%] [32m[1mLinking CXX shared library libturtlesim__rosidl_typesupport_fastrtps_c.so[0m
[12.190s] [ 79%] Built target turtlesim__rosidl_typesupport_fastrtps_c
[12.229s] [ 79%] Built target turtlesim
[12.266s] [ 80%] [34m[1mGenerating Python code for ROS interfaces[0m
[15.964s] [ 80%] Built target turtlesim__py
[16.002s] [ 81%] [32mBuilding C object CMakeFiles/turtlesim__rosidl_generator_py.dir/rosidl_generator_py/turtlesim/action/_rotate_absolute_s.c.o[0m
[16.367s] [ 82%] [32mBuilding C object CMakeFiles/turtlesim__rosidl_generator_py.dir/rosidl_generator_py/turtlesim/msg/_color_s.c.o[0m
[16.567s] [ 83%] [32mBuilding C object CMakeFiles/turtlesim__rosidl_generator_py.dir/rosidl_generator_py/turtlesim/msg/_pose_s.c.o[0m
[16.776s] [ 84%] [32mBuilding C object CMakeFiles/turtlesim__rosidl_generator_py.dir/rosidl_generator_py/turtlesim/srv/_kill_s.c.o[0m
[16.983s] [ 85%] [32mBuilding C object CMakeFiles/turtlesim__rosidl_generator_py.dir/rosidl_generator_py/turtlesim/srv/_set_pen_s.c.o[0m
[17.182s] [ 86%] [32mBuilding C object CMakeFiles/turtlesim__rosidl_generator_py.dir/rosidl_generator_py/turtlesim/srv/_spawn_s.c.o[0m
[17.401s] [ 87%] [32mBuilding C object CMakeFiles/turtlesim__rosidl_generator_py.dir/rosidl_generator_py/turtlesim/srv/_teleport_absolute_s.c.o[0m
[17.612s] [ 88%] [32mBuilding C object CMakeFiles/turtlesim__rosidl_generator_py.dir/rosidl_generator_py/turtlesim/srv/_teleport_relative_s.c.o[0m
[17.820s] [ 89%] [32m[1mLinking C shared library rosidl_generator_py/turtlesim/libturtlesim__rosidl_generator_py.so[0m
[17.933s] [ 89%] Built target turtlesim__rosidl_generator_py
[17.979s] [ 90%] [32mBuilding C object CMakeFiles/turtlesim__rosidl_typesupport_fastrtps_c__pyext.dir/rosidl_generator_py/turtlesim/_turtlesim_s.ep.rosidl_typesupport_fastrtps_c.c.o[0m
[18.299s] [ 91%] [32m[1mLinking C shared library rosidl_generator_py/turtlesim/turtlesim_s__rosidl_typesupport_fastrtps_c.cpython-310-x86_64-linux-gnu.so[0m
[18.383s] [ 91%] Built target turtlesim__rosidl_typesupport_fastrtps_c__pyext
[18.419s] [ 92%] [32mBuilding C object CMakeFiles/turtlesim__rosidl_typesupport_introspection_c__pyext.dir/rosidl_generator_py/turtlesim/_turtlesim_s.ep.rosidl_typesupport_introspection_c.c.o[0m
[18.890s] [ 93%] [32m[1mLinking C shared library rosidl_generator_py/turtlesim/turtlesim_s__rosidl_typesupport_introspection_c.cpython-310-x86_64-linux-gnu.so[0m
[19.000s] [ 93%] Built target turtlesim__rosidl_typesupport_introspection_c__pyext
[19.058s] [ 94%] [32mBuilding C object CMakeFiles/turtlesim__rosidl_typesupport_c__pyext.dir/rosidl_generator_py/turtlesim/_turtlesim_s.ep.rosidl_typesupport_c.c.o[0m
[19.552s] [ 95%] [32m[1mLinking C shared library rosidl_generator_py/turtlesim/turtlesim_s__rosidl_typesupport_c.cpython-310-x86_64-linux-gnu.so[0m
[19.708s] [ 95%] Built target turtlesim__rosidl_typesupport_c__pyext
[22.472s] [ 96%] [32m[1mLinking CXX executable turtle_teleop_key[0m
[22.977s] [ 96%] Built target turtle_teleop_key
[27.992s] [ 97%] [32m[1mLinking CXX executable mimic[0m
[28.326s] [ 98%] [32m[1mLinking CXX executable draw_square[0m
[28.700s] [ 98%] Built target mimic
[29.048s] [ 98%] Built target draw_square
[33.278s] [100%] [32m[1mLinking CXX executable turtlesim_node[0m
[36.547s] [100%] Built target turtlesim_node
[36.565s] Invoked command in '/root/ros2_ws/build/turtlesim' returned '0': CMAKE_PREFIX_PATH=/opt/ros/humble /usr/bin/cmake --build /root/ros2_ws/build/turtlesim -- -j8 -l8
[36.580s] Invoking command in '/root/ros2_ws/build/turtlesim': CMAKE_PREFIX_PATH=/opt/ros/humble /usr/bin/cmake --install /root/ros2_ws/build/turtlesim
[36.592s] -- Install configuration: ""
[36.592s] -- Installing: /root/ros2_ws/install/turtlesim/share/ament_index/resource_index/rosidl_interfaces/turtlesim
[36.592s] -- Installing: /root/ros2_ws/install/turtlesim/include/turtlesim/turtlesim
[36.592s] -- Installing: /root/ros2_ws/install/turtlesim/include/turtlesim/turtlesim/msg
[36.593s] -- Installing: /root/ros2_ws/install/turtlesim/include/turtlesim/turtlesim/msg/pose.h
[36.593s] -- Installing: /root/ros2_ws/install/turtlesim/include/turtlesim/turtlesim/msg/rosidl_generator_c__visibility_control.h
[36.593s] -- Installing: /root/ros2_ws/install/turtlesim/include/turtlesim/turtlesim/msg/color.h
[36.593s] -- Installing: /root/ros2_ws/install/turtlesim/include/turtlesim/turtlesim/msg/detail
[36.593s] -- Installing: /root/ros2_ws/install/turtlesim/include/turtlesim/turtlesim/msg/detail/pose__type_support.h
[36.593s] -- Installing: /root/ros2_ws/install/turtlesim/include/turtlesim/turtlesim/msg/detail/color__functions.c
[36.593s] -- Installing: /root/ros2_ws/install/turtlesim/include/turtlesim/turtlesim/msg/detail/pose__functions.c
[36.594s] -- Installing: /root/ros2_ws/install/turtlesim/include/turtlesim/turtlesim/msg/detail/color__struct.h
[36.594s] -- Installing: /root/ros2_ws/install/turtlesim/include/turtlesim/turtlesim/msg/detail/color__functions.h
[36.594s] -- Installing: /root/ros2_ws/install/turtlesim/include/turtlesim/turtlesim/msg/detail/pose__functions.h
[36.594s] -- Installing: /root/ros2_ws/install/turtlesim/include/turtlesim/turtlesim/msg/detail/pose__struct.h
[36.594s] -- Installing: /root/ros2_ws/install/turtlesim/include/turtlesim/turtlesim/msg/detail/color__type_support.h
[36.594s] -- Installing: /root/ros2_ws/install/turtlesim/include/turtlesim/turtlesim/action
[36.594s] -- Installing: /root/ros2_ws/install/turtlesim/include/turtlesim/turtlesim/action/rotate_absolute.h
[36.594s] -- Installing: /root/ros2_ws/install/turtlesim/include/turtlesim/turtlesim/action/detail
[36.594s] -- Installing: /root/ros2_ws/install/turtlesim/include/turtlesim/turtlesim/action/detail/rotate_absolute__functions.h
[36.595s] -- Installing: /root/ros2_ws/install/turtlesim/include/turtlesim/turtlesim/action/detail/rotate_absolute__type_support.h
[36.595s] -- Installing: /root/ros2_ws/install/turtlesim/include/turtlesim/turtlesim/action/detail/rotate_absolute__functions.c
[36.595s] -- Installing: /root/ros2_ws/install/turtlesim/include/turtlesim/turtlesim/action/detail/rotate_absolute__struct.h
[36.595s] -- Installing: /root/ros2_ws/install/turtlesim/include/turtlesim/turtlesim/srv
[36.595s] -- Installing: /root/ros2_ws/install/turtlesim/include/turtlesim/turtlesim/srv/teleport_relative.h
[36.595s] -- Installing: /root/ros2_ws/install/turtlesim/include/turtlesim/turtlesim/srv/teleport_absolute.h
[36.596s] -- Installing: /root/ros2_ws/install/turtlesim/include/turtlesim/turtlesim/srv/kill.h
[36.596s] -- Installing: /root/ros2_ws/install/turtlesim/include/turtlesim/turtlesim/srv/set_pen.h
[36.596s] -- Installing: /root/ros2_ws/install/turtlesim/include/turtlesim/turtlesim/srv/spawn.h
[36.596s] -- Installing: /root/ros2_ws/install/turtlesim/include/turtlesim/turtlesim/srv/detail
[36.596s] -- Installing: /root/ros2_ws/install/turtlesim/include/turtlesim/turtlesim/srv/detail/set_pen__type_support.h
[36.596s] -- Installing: /root/ros2_ws/install/turtlesim/include/turtlesim/turtlesim/srv/detail/teleport_relative__type_support.h
[36.596s] -- Installing: /root/ros2_ws/install/turtlesim/include/turtlesim/turtlesim/srv/detail/spawn__type_support.h
[36.596s] -- Installing: /root/ros2_ws/install/turtlesim/include/turtlesim/turtlesim/srv/detail/spawn__functions.h
[36.597s] -- Installing: /root/ros2_ws/install/turtlesim/include/turtlesim/turtlesim/srv/detail/set_pen__functions.h
[36.597s] -- Installing: /root/ros2_ws/install/turtlesim/include/turtlesim/turtlesim/srv/detail/kill__type_support.h
[36.597s] -- Installing: /root/ros2_ws/install/turtlesim/include/turtlesim/turtlesim/srv/detail/teleport_absolute__functions.h
[36.597s] -- Installing: /root/ros2_ws/install/turtlesim/include/turtlesim/turtlesim/srv/detail/kill__struct.h
[36.597s] -- Installing: /root/ros2_ws/install/turtlesim/include/turtlesim/turtlesim/srv/detail/teleport_relative__struct.h
[36.598s] -- Installing: /root/ros2_ws/install/turtlesim/include/turtlesim/turtlesim/srv/detail/spawn__functions.c
[36.599s] -- Installing: /root/ros2_ws/install/turtlesim/include/turtlesim/turtlesim/srv/detail/set_pen__functions.c
[36.599s] -- Installing: /root/ros2_ws/install/turtlesim/include/turtlesim/turtlesim/srv/detail/teleport_absolute__functions.c
[36.599s] -- Installing: /root/ros2_ws/install/turtlesim/include/turtlesim/turtlesim/srv/detail/kill__functions.c
[36.599s] -- Installing: /root/ros2_ws/install/turtlesim/include/turtlesim/turtlesim/srv/detail/teleport_relative__functions.h
[36.600s] -- Installing: /root/ros2_ws/install/turtlesim/include/turtlesim/turtlesim/srv/detail/teleport_absolute__struct.h
[36.600s] -- Installing: /root/ros2_ws/install/turtlesim/include/turtlesim/turtlesim/srv/detail/kill__functions.h
[36.600s] -- Installing: /root/ros2_ws/install/turtlesim/include/turtlesim/turtlesim/srv/detail/teleport_absolute__type_support.h
[36.600s] -- Installing: /root/ros2_ws/install/turtlesim/include/turtlesim/turtlesim/srv/detail/spawn__struct.h
[36.600s] -- Installing: /root/ros2_ws/install/turtlesim/include/turtlesim/turtlesim/srv/detail/teleport_relative__functions.c
[36.600s] -- Installing: /root/ros2_ws/install/turtlesim/include/turtlesim/turtlesim/srv/detail/set_pen__struct.h
[36.600s] -- Installing: /root/ros2_ws/install/turtlesim/share/turtlesim/environment/library_path.sh
[36.600s] -- Installing: /root/ros2_ws/install/turtlesim/share/turtlesim/environment/library_path.dsv
[36.600s] -- Installing: /root/ros2_ws/install/turtlesim/lib/libturtlesim__rosidl_generator_c.so
[36.603s] -- Set runtime path of "/root/ros2_ws/install/turtlesim/lib/libturtlesim__rosidl_generator_c.so" to ""
[36.603s] -- Up-to-date: /root/ros2_ws/install/turtlesim/include/turtlesim/turtlesim
[36.603s] -- Up-to-date: /root/ros2_ws/install/turtlesim/include/turtlesim/turtlesim/msg
[36.603s] -- Installing: /root/ros2_ws/install/turtlesim/include/turtlesim/turtlesim/msg/rosidl_typesupport_fastrtps_c__visibility_control.h
[36.604s] -- Up-to-date: /root/ros2_ws/install/turtlesim/include/turtlesim/turtlesim/msg/detail
[36.604s] -- Installing: /root/ros2_ws/install/turtlesim/include/turtlesim/turtlesim/msg/detail/color__rosidl_typesupport_fastrtps_c.h
[36.604s] -- Installing: /root/ros2_ws/install/turtlesim/include/turtlesim/turtlesim/msg/detail/pose__rosidl_typesupport_fastrtps_c.h
[36.604s] -- Up-to-date: /root/ros2_ws/install/turtlesim/include/turtlesim/turtlesim/action
[36.605s] -- Up-to-date: /root/ros2_ws/install/turtlesim/include/turtlesim/turtlesim/action/detail
[36.605s] -- Installing: /root/ros2_ws/install/turtlesim/include/turtlesim/turtlesim/action/detail/rotate_absolute__rosidl_typesupport_fastrtps_c.h
[36.605s] -- Up-to-date: /root/ros2_ws/install/turtlesim/include/turtlesim/turtlesim/srv
[36.605s] -- Up-to-date: /root/ros2_ws/install/turtlesim/include/turtlesim/turtlesim/srv/detail
[36.606s] -- Installing: /root/ros2_ws/install/turtlesim/include/turtlesim/turtlesim/srv/detail/teleport_absolute__rosidl_typesupport_fastrtps_c.h
[36.606s] -- Installing: /root/ros2_ws/install/turtlesim/include/turtlesim/turtlesim/srv/detail/spawn__rosidl_typesupport_fastrtps_c.h
[36.606s] -- Installing: /root/ros2_ws/install/turtlesim/include/turtlesim/turtlesim/srv/detail/kill__rosidl_typesupport_fastrtps_c.h
[36.606s] -- Installing: /root/ros2_ws/install/turtlesim/include/turtlesim/turtlesim/srv/detail/teleport_relative__rosidl_typesupport_fastrtps_c.h
[36.606s] -- Installing: /root/ros2_ws/install/turtlesim/include/turtlesim/turtlesim/srv/detail/set_pen__rosidl_typesupport_fastrtps_c.h
[36.606s] -- Installing: /root/ros2_ws/install/turtlesim/lib/libturtlesim__rosidl_typesupport_fastrtps_c.so
[36.606s] -- Set runtime path of "/root/ros2_ws/install/turtlesim/lib/libturtlesim__rosidl_typesupport_fastrtps_c.so" to ""
[36.607s] -- Up-to-date: /root/ros2_ws/install/turtlesim/include/turtlesim/turtlesim
[36.607s] -- Up-to-date: /root/ros2_ws/install/turtlesim/include/turtlesim/turtlesim/msg
[36.607s] -- Installing: /root/ros2_ws/install/turtlesim/include/turtlesim/turtlesim/msg/color.hpp
[36.607s] -- Installing: /root/ros2_ws/install/turtlesim/include/turtlesim/turtlesim/msg/rosidl_generator_cpp__visibility_control.hpp
[36.607s] -- Installing: /root/ros2_ws/install/turtlesim/include/turtlesim/turtlesim/msg/pose.hpp
[36.607s] -- Up-to-date: /root/ros2_ws/install/turtlesim/include/turtlesim/turtlesim/msg/detail
[36.607s] -- Installing: /root/ros2_ws/install/turtlesim/include/turtlesim/turtlesim/msg/detail/color__type_support.hpp
[36.608s] -- Installing: /root/ros2_ws/install/turtlesim/include/turtlesim/turtlesim/msg/detail/pose__traits.hpp
[36.608s] -- Installing: /root/ros2_ws/install/turtlesim/include/turtlesim/turtlesim/msg/detail/color__struct.hpp
[36.608s] -- Installing: /root/ros2_ws/install/turtlesim/include/turtlesim/turtlesim/msg/detail/pose__type_support.hpp
[36.608s] -- Installing: /root/ros2_ws/install/turtlesim/include/turtlesim/turtlesim/msg/detail/pose__builder.hpp
[36.608s] -- Installing: /root/ros2_ws/install/turtlesim/include/turtlesim/turtlesim/msg/detail/color__builder.hpp
[36.608s] -- Installing: /root/ros2_ws/install/turtlesim/include/turtlesim/turtlesim/msg/detail/pose__struct.hpp
[36.608s] -- Installing: /root/ros2_ws/install/turtlesim/include/turtlesim/turtlesim/msg/detail/color__traits.hpp
[36.609s] -- Up-to-date: /root/ros2_ws/install/turtlesim/include/turtlesim/turtlesim/action
[36.609s] -- Up-to-date: /root/ros2_ws/install/turtlesim/include/turtlesim/turtlesim/action/detail
[36.609s] -- Installing: /root/ros2_ws/install/turtlesim/include/turtlesim/turtlesim/action/detail/rotate_absolute__traits.hpp
[36.609s] -- Installing: /root/ros2_ws/install/turtlesim/include/turtlesim/turtlesim/action/detail/rotate_absolute__type_support.hpp
[36.609s] -- Installing: /root/ros2_ws/install/turtlesim/include/turtlesim/turtlesim/action/detail/rotate_absolute__builder.hpp
[36.609s] -- Installing: /root/ros2_ws/install/turtlesim/include/turtlesim/turtlesim/action/detail/rotate_absolute__struct.hpp
[36.609s] -- Installing: /root/ros2_ws/install/turtlesim/include/turtlesim/turtlesim/action/rotate_absolute.hpp
[36.610s] -- Up-to-date: /root/ros2_ws/install/turtlesim/include/turtlesim/turtlesim/srv
[36.610s] -- Installing: /root/ros2_ws/install/turtlesim/include/turtlesim/turtlesim/srv/spawn.hpp
[36.610s] -- Installing: /root/ros2_ws/install/turtlesim/include/turtlesim/turtlesim/srv/teleport_relative.hpp
[36.610s] -- Installing: /root/ros2_ws/install/turtlesim/include/turtlesim/turtlesim/srv/set_pen.hpp
[36.610s] -- Installing: /root/ros2_ws/install/turtlesim/include/turtlesim/turtlesim/srv/teleport_absolute.hpp
[36.610s] -- Installing: /root/ros2_ws/install/turtlesim/include/turtlesim/turtlesim/srv/kill.hpp
[36.610s] -- Up-to-date: /root/ros2_ws/install/turtlesim/include/turtlesim/turtlesim/srv/detail
[36.610s] -- Installing: /root/ros2_ws/install/turtlesim/include/turtlesim/turtlesim/srv/detail/teleport_absolute__traits.hpp
[36.611s] -- Installing: /root/ros2_ws/install/turtlesim/include/turtlesim/turtlesim/srv/detail/kill__traits.hpp
[36.611s] -- Installing: /root/ros2_ws/install/turtlesim/include/turtlesim/turtlesim/srv/detail/kill__struct.hpp
[36.611s] -- Installing: /root/ros2_ws/install/turtlesim/include/turtlesim/turtlesim/srv/detail/kill__builder.hpp
[36.611s] -- Installing: /root/ros2_ws/install/turtlesim/include/turtlesim/turtlesim/srv/detail/spawn__builder.hpp
[36.611s] -- Installing: /root/ros2_ws/install/turtlesim/include/turtlesim/turtlesim/srv/detail/teleport_absolute__type_support.hpp
[36.611s] -- Installing: /root/ros2_ws/install/turtlesim/include/turtlesim/turtlesim/srv/detail/set_pen__type_support.hpp
[36.611s] -- Installing: /root/ros2_ws/install/turtlesim/include/turtlesim/turtlesim/srv/detail/teleport_absolute__builder.hpp
[36.612s] -- Installing: /root/ros2_ws/install/turtlesim/include/turtlesim/turtlesim/srv/detail/set_pen__builder.hpp
[36.612s] -- Installing: /root/ros2_ws/install/turtlesim/include/turtlesim/turtlesim/srv/detail/set_pen__traits.hpp
[36.612s] -- Installing: /root/ros2_ws/install/turtlesim/include/turtlesim/turtlesim/srv/detail/teleport_relative__struct.hpp
[36.612s] -- Installing: /root/ros2_ws/install/turtlesim/include/turtlesim/turtlesim/srv/detail/teleport_relative__type_support.hpp
[36.612s] -- Installing: /root/ros2_ws/install/turtlesim/include/turtlesim/turtlesim/srv/detail/set_pen__struct.hpp
[36.612s] -- Installing: /root/ros2_ws/install/turtlesim/include/turtlesim/turtlesim/srv/detail/spawn__traits.hpp
[36.612s] -- Installing: /root/ros2_ws/install/turtlesim/include/turtlesim/turtlesim/srv/detail/spawn__type_support.hpp
[36.613s] -- Installing: /root/ros2_ws/install/turtlesim/include/turtlesim/turtlesim/srv/detail/teleport_absolute__struct.hpp
[36.613s] -- Installing: /root/ros2_ws/install/turtlesim/include/turtlesim/turtlesim/srv/detail/spawn__struct.hpp
[36.613s] -- Installing: /root/ros2_ws/install/turtlesim/include/turtlesim/turtlesim/srv/detail/teleport_relative__traits.hpp
[36.613s] -- Installing: /root/ros2_ws/install/turtlesim/include/turtlesim/turtlesim/srv/detail/teleport_relative__builder.hpp
[36.613s] -- Installing: /root/ros2_ws/install/turtlesim/include/turtlesim/turtlesim/srv/detail/kill__type_support.hpp
[36.613s] -- Up-to-date: /root/ros2_ws/install/turtlesim/include/turtlesim/turtlesim
[36.613s] -- Up-to-date: /root/ros2_ws/install/turtlesim/include/turtlesim/turtlesim/msg
[36.613s] -- Installing: /root/ros2_ws/install/turtlesim/include/turtlesim/turtlesim/msg/rosidl_typesupport_fastrtps_cpp__visibility_control.h
[36.614s] -- Up-to-date: /root/ros2_ws/install/turtlesim/include/turtlesim/turtlesim/msg/detail
[36.614s] -- Installing: /root/ros2_ws/install/turtlesim/include/turtlesim/turtlesim/msg/detail/color__rosidl_typesupport_fastrtps_cpp.hpp
[36.614s] -- Installing: /root/ros2_ws/install/turtlesim/include/turtlesim/turtlesim/msg/detail/pose__rosidl_typesupport_fastrtps_cpp.hpp
[36.614s] -- Installing: /root/ros2_ws/install/turtlesim/include/turtlesim/turtlesim/msg/detail/dds_fastrtps
[36.614s] -- Up-to-date: /root/ros2_ws/install/turtlesim/include/turtlesim/turtlesim/action
[36.614s] -- Up-to-date: /root/ros2_ws/install/turtlesim/include/turtlesim/turtlesim/action/detail
[36.614s] -- Installing: /root/ros2_ws/install/turtlesim/include/turtlesim/turtlesim/action/detail/rotate_absolute__rosidl_typesupport_fastrtps_cpp.hpp
[36.615s] -- Installing: /root/ros2_ws/install/turtlesim/include/turtlesim/turtlesim/action/detail/dds_fastrtps
[36.615s] -- Up-to-date: /root/ros2_ws/install/turtlesim/include/turtlesim/turtlesim/srv
[36.615s] -- Up-to-date: /root/ros2_ws/install/turtlesim/include/turtlesim/turtlesim/srv/detail
[36.615s] -- Installing: /root/ros2_ws/install/turtlesim/include/turtlesim/turtlesim/srv/detail/teleport_absolute__rosidl_typesupport_fastrtps_cpp.hpp
[36.615s] -- Installing: /root/ros2_ws/install/turtlesim/include/turtlesim/turtlesim/srv/detail/teleport_relative__rosidl_typesupport_fastrtps_cpp.hpp
[36.615s] -- Installing: /root/ros2_ws/install/turtlesim/include/turtlesim/turtlesim/srv/detail/kill__rosidl_typesupport_fastrtps_cpp.hpp
[36.615s] -- Installing: /root/ros2_ws/install/turtlesim/include/turtlesim/turtlesim/srv/detail/dds_fastrtps
[36.615s] -- Installing: /root/ros2_ws/install/turtlesim/include/turtlesim/turtlesim/srv/detail/set_pen__rosidl_typesupport_fastrtps_cpp.hpp
[36.616s] -- Installing: /root/ros2_ws/install/turtlesim/include/turtlesim/turtlesim/srv/detail/spawn__rosidl_typesupport_fastrtps_cpp.hpp
[36.616s] -- Installing: /root/ros2_ws/install/turtlesim/lib/libturtlesim__rosidl_typesupport_fastrtps_cpp.so
[36.616s] -- Set runtime path of "/root/ros2_ws/install/turtlesim/lib/libturtlesim__rosidl_typesupport_fastrtps_cpp.so" to ""
[36.616s] -- Up-to-date: /root/ros2_ws/install/turtlesim/include/turtlesim/turtlesim
[36.616s] -- Up-to-date: /root/ros2_ws/install/turtlesim/include/turtlesim/turtlesim/msg
[36.616s] -- Installing: /root/ros2_ws/install/turtlesim/include/turtlesim/turtlesim/msg/rosidl_typesupport_introspection_c__visibility_control.h
[36.616s] -- Up-to-date: /root/ros2_ws/install/turtlesim/include/turtlesim/turtlesim/msg/detail
[36.617s] -- Installing: /root/ros2_ws/install/turtlesim/include/turtlesim/turtlesim/msg/detail/pose__type_support.c
[36.617s] -- Installing: /root/ros2_ws/install/turtlesim/include/turtlesim/turtlesim/msg/detail/pose__rosidl_typesupport_introspection_c.h
[36.617s] -- Installing: /root/ros2_ws/install/turtlesim/include/turtlesim/turtlesim/msg/detail/color__type_support.c
[36.617s] -- Installing: /root/ros2_ws/install/turtlesim/include/turtlesim/turtlesim/msg/detail/color__rosidl_typesupport_introspection_c.h
[36.617s] -- Up-to-date: /root/ros2_ws/install/turtlesim/include/turtlesim/turtlesim/action
[36.617s] -- Up-to-date: /root/ros2_ws/install/turtlesim/include/turtlesim/turtlesim/action/detail
[36.617s] -- Installing: /root/ros2_ws/install/turtlesim/include/turtlesim/turtlesim/action/detail/rotate_absolute__type_support.c
[36.617s] -- Installing: /root/ros2_ws/install/turtlesim/include/turtlesim/turtlesim/action/detail/rotate_absolute__rosidl_typesupport_introspection_c.h
[36.617s] -- Up-to-date: /root/ros2_ws/install/turtlesim/include/turtlesim/turtlesim/srv
[36.618s] -- Up-to-date: /root/ros2_ws/install/turtlesim/include/turtlesim/turtlesim/srv/detail
[36.618s] -- Installing: /root/ros2_ws/install/turtlesim/include/turtlesim/turtlesim/srv/detail/set_pen__type_support.c
[36.618s] -- Installing: /root/ros2_ws/install/turtlesim/include/turtlesim/turtlesim/srv/detail/teleport_absolute__type_support.c
[36.618s] -- Installing: /root/ros2_ws/install/turtlesim/include/turtlesim/turtlesim/srv/detail/teleport_relative__rosidl_typesupport_introspection_c.h
[36.618s] -- Installing: /root/ros2_ws/install/turtlesim/include/turtlesim/turtlesim/srv/detail/spawn__rosidl_typesupport_introspection_c.h
[36.618s] -- Installing: /root/ros2_ws/install/turtlesim/include/turtlesim/turtlesim/srv/detail/kill__type_support.c
[36.618s] -- Installing: /root/ros2_ws/install/turtlesim/include/turtlesim/turtlesim/srv/detail/teleport_absolute__rosidl_typesupport_introspection_c.h
[36.618s] -- Installing: /root/ros2_ws/install/turtlesim/include/turtlesim/turtlesim/srv/detail/kill__rosidl_typesupport_introspection_c.h
[36.619s] -- Installing: /root/ros2_ws/install/turtlesim/include/turtlesim/turtlesim/srv/detail/set_pen__rosidl_typesupport_introspection_c.h
[36.619s] -- Installing: /root/ros2_ws/install/turtlesim/include/turtlesim/turtlesim/srv/detail/teleport_relative__type_support.c
[36.619s] -- Installing: /root/ros2_ws/install/turtlesim/include/turtlesim/turtlesim/srv/detail/spawn__type_support.c
[36.619s] -- Installing: /root/ros2_ws/install/turtlesim/lib/libturtlesim__rosidl_typesupport_introspection_c.so
[36.619s] -- Set runtime path of "/root/ros2_ws/install/turtlesim/lib/libturtlesim__rosidl_typesupport_introspection_c.so" to ""
[36.619s] -- Installing: /root/ros2_ws/install/turtlesim/lib/libturtlesim__rosidl_typesupport_c.so
[36.619s] -- Set runtime path of "/root/ros2_ws/install/turtlesim/lib/libturtlesim__rosidl_typesupport_c.so" to ""
[36.619s] -- Up-to-date: /root/ros2_ws/install/turtlesim/include/turtlesim/turtlesim
[36.620s] -- Up-to-date: /root/ros2_ws/install/turtlesim/include/turtlesim/turtlesim/msg
[36.620s] -- Up-to-date: /root/ros2_ws/install/turtlesim/include/turtlesim/turtlesim/msg/detail
[36.620s] -- Installing: /root/ros2_ws/install/turtlesim/include/turtlesim/turtlesim/msg/detail/pose__type_support.cpp
[36.620s] -- Installing: /root/ros2_ws/install/turtlesim/include/turtlesim/turtlesim/msg/detail/color__type_support.cpp
[36.620s] -- Installing: /root/ros2_ws/install/turtlesim/include/turtlesim/turtlesim/msg/detail/color__rosidl_typesupport_introspection_cpp.hpp
[36.620s] -- Installing: /root/ros2_ws/install/turtlesim/include/turtlesim/turtlesim/msg/detail/pose__rosidl_typesupport_introspection_cpp.hpp
[36.620s] -- Up-to-date: /root/ros2_ws/install/turtlesim/include/turtlesim/turtlesim/action
[36.621s] -- Up-to-date: /root/ros2_ws/install/turtlesim/include/turtlesim/turtlesim/action/detail
[36.621s] -- Installing: /root/ros2_ws/install/turtlesim/include/turtlesim/turtlesim/action/detail/rotate_absolute__rosidl_typesupport_introspection_cpp.hpp
[36.621s] -- Installing: /root/ros2_ws/install/turtlesim/include/turtlesim/turtlesim/action/detail/rotate_absolute__type_support.cpp
[36.621s] -- Up-to-date: /root/ros2_ws/install/turtlesim/include/turtlesim/turtlesim/srv
[36.621s] -- Up-to-date: /root/ros2_ws/install/turtlesim/include/turtlesim/turtlesim/srv/detail
[36.621s] -- Installing: /root/ros2_ws/install/turtlesim/include/turtlesim/turtlesim/srv/detail/teleport_relative__type_support.cpp
[36.621s] -- Installing: /root/ros2_ws/install/turtlesim/include/turtlesim/turtlesim/srv/detail/teleport_relative__rosidl_typesupport_introspection_cpp.hpp
[36.621s] -- Installing: /root/ros2_ws/install/turtlesim/include/turtlesim/turtlesim/srv/detail/spawn__type_support.cpp
[36.621s] -- Installing: /root/ros2_ws/install/turtlesim/include/turtlesim/turtlesim/srv/detail/spawn__rosidl_typesupport_introspection_cpp.hpp
[36.622s] -- Installing: /root/ros2_ws/install/turtlesim/include/turtlesim/turtlesim/srv/detail/teleport_absolute__rosidl_typesupport_introspection_cpp.hpp
[36.622s] -- Installing: /root/ros2_ws/install/turtlesim/include/turtlesim/turtlesim/srv/detail/kill__type_support.cpp
[36.622s] -- Installing: /root/ros2_ws/install/turtlesim/include/turtlesim/turtlesim/srv/detail/set_pen__rosidl_typesupport_introspection_cpp.hpp
[36.622s] -- Installing: /root/ros2_ws/install/turtlesim/include/turtlesim/turtlesim/srv/detail/kill__rosidl_typesupport_introspection_cpp.hpp
[36.622s] -- Installing: /root/ros2_ws/install/turtlesim/include/turtlesim/turtlesim/srv/detail/set_pen__type_support.cpp
[36.622s] -- Installing: /root/ros2_ws/install/turtlesim/include/turtlesim/turtlesim/srv/detail/teleport_absolute__type_support.cpp
[36.622s] -- Installing: /root/ros2_ws/install/turtlesim/lib/libturtlesim__rosidl_typesupport_introspection_cpp.so
[36.623s] -- Set runtime path of "/root/ros2_ws/install/turtlesim/lib/libturtlesim__rosidl_typesupport_introspection_cpp.so" to ""
[36.623s] -- Installing: /root/ros2_ws/install/turtlesim/lib/libturtlesim__rosidl_typesupport_cpp.so
[36.623s] -- Set runtime path of "/root/ros2_ws/install/turtlesim/lib/libturtlesim__rosidl_typesupport_cpp.so" to ""
[36.623s] -- Installing: /root/ros2_ws/install/turtlesim/share/turtlesim/environment/pythonpath.sh
[36.623s] -- Installing: /root/ros2_ws/install/turtlesim/share/turtlesim/environment/pythonpath.dsv
[36.624s] -- Installing: /root/ros2_ws/install/turtlesim/local/lib/python3.10/dist-packages/turtlesim-1.4.2-py3.10.egg-info
[36.624s] -- Installing: /root/ros2_ws/install/turtlesim/local/lib/python3.10/dist-packages/turtlesim-1.4.2-py3.10.egg-info/SOURCES.txt
[36.624s] -- Installing: /root/ros2_ws/install/turtlesim/local/lib/python3.10/dist-packages/turtlesim-1.4.2-py3.10.egg-info/top_level.txt
[36.624s] -- Installing: /root/ros2_ws/install/turtlesim/local/lib/python3.10/dist-packages/turtlesim-1.4.2-py3.10.egg-info/dependency_links.txt
[36.624s] -- Installing: /root/ros2_ws/install/turtlesim/local/lib/python3.10/dist-packages/turtlesim-1.4.2-py3.10.egg-info/PKG-INFO
[36.624s] -- Installing: /root/ros2_ws/install/turtlesim/local/lib/python3.10/dist-packages/turtlesim
[36.625s] -- Installing: /root/ros2_ws/install/turtlesim/local/lib/python3.10/dist-packages/turtlesim/msg
[36.625s] -- Installing: /root/ros2_ws/install/turtlesim/local/lib/python3.10/dist-packages/turtlesim/msg/_color.py
[36.625s] -- Installing: /root/ros2_ws/install/turtlesim/local/lib/python3.10/dist-packages/turtlesim/msg/_pose_s.c
[36.625s] -- Installing: /root/ros2_ws/install/turtlesim/local/lib/python3.10/dist-packages/turtlesim/msg/_pose.py
[36.625s] -- Installing: /root/ros2_ws/install/turtlesim/local/lib/python3.10/dist-packages/turtlesim/msg/_color_s.c
[36.626s] -- Installing: /root/ros2_ws/install/turtlesim/local/lib/python3.10/dist-packages/turtlesim/msg/__init__.py
[36.626s] -- Installing: /root/ros2_ws/install/turtlesim/local/lib/python3.10/dist-packages/turtlesim/_turtlesim_s.ep.rosidl_typesupport_introspection_c.c
[36.627s] -- Installing: /root/ros2_ws/install/turtlesim/local/lib/python3.10/dist-packages/turtlesim/libturtlesim__rosidl_generator_py.so
[36.627s] -- Installing: /root/ros2_ws/install/turtlesim/local/lib/python3.10/dist-packages/turtlesim/action
[36.627s] -- Installing: /root/ros2_ws/install/turtlesim/local/lib/python3.10/dist-packages/turtlesim/action/_rotate_absolute_s.c
[36.627s] -- Installing: /root/ros2_ws/install/turtlesim/local/lib/python3.10/dist-packages/turtlesim/action/_rotate_absolute.py
[36.628s] -- Installing: /root/ros2_ws/install/turtlesim/local/lib/python3.10/dist-packages/turtlesim/action/__init__.py
[36.628s] -- Installing: /root/ros2_ws/install/turtlesim/local/lib/python3.10/dist-packages/turtlesim/turtlesim_s__rosidl_typesupport_fastrtps_c.cpython-310-x86_64-linux-gnu.so
[36.628s] -- Installing: /root/ros2_ws/install/turtlesim/local/lib/python3.10/dist-packages/turtlesim/turtlesim_s__rosidl_typesupport_introspection_c.cpython-310-x86_64-linux-gnu.so
[36.628s] -- Installing: /root/ros2_ws/install/turtlesim/local/lib/python3.10/dist-packages/turtlesim/_turtlesim_s.ep.rosidl_typesupport_fastrtps_c.c
[36.629s] -- Installing: /root/ros2_ws/install/turtlesim/local/lib/python3.10/dist-packages/turtlesim/turtlesim_s__rosidl_typesupport_c.cpython-310-x86_64-linux-gnu.so
[36.629s] -- Installing: /root/ros2_ws/install/turtlesim/local/lib/python3.10/dist-packages/turtlesim/_turtlesim_s.ep.rosidl_typesupport_c.c
[36.629s] -- Installing: /root/ros2_ws/install/turtlesim/local/lib/python3.10/dist-packages/turtlesim/srv
[36.630s] -- Installing: /root/ros2_ws/install/turtlesim/local/lib/python3.10/dist-packages/turtlesim/srv/_kill.py
[36.630s] -- Installing: /root/ros2_ws/install/turtlesim/local/lib/python3.10/dist-packages/turtlesim/srv/_teleport_absolute_s.c
[36.630s] -- Installing: /root/ros2_ws/install/turtlesim/local/lib/python3.10/dist-packages/turtlesim/srv/_spawn.py
[36.630s] -- Installing: /root/ros2_ws/install/turtlesim/local/lib/python3.10/dist-packages/turtlesim/srv/_set_pen.py
[36.630s] -- Installing: /root/ros2_ws/install/turtlesim/local/lib/python3.10/dist-packages/turtlesim/srv/_spawn_s.c
[36.630s] -- Installing: /root/ros2_ws/install/turtlesim/local/lib/python3.10/dist-packages/turtlesim/srv/_teleport_relative.py
[36.630s] -- Installing: /root/ros2_ws/install/turtlesim/local/lib/python3.10/dist-packages/turtlesim/srv/_teleport_absolute.py
[36.630s] -- Installing: /root/ros2_ws/install/turtlesim/local/lib/python3.10/dist-packages/turtlesim/srv/_teleport_relative_s.c
[36.630s] -- Installing: /root/ros2_ws/install/turtlesim/local/lib/python3.10/dist-packages/turtlesim/srv/_kill_s.c
[36.630s] -- Installing: /root/ros2_ws/install/turtlesim/local/lib/python3.10/dist-packages/turtlesim/srv/_set_pen_s.c
[36.631s] -- Installing: /root/ros2_ws/install/turtlesim/local/lib/python3.10/dist-packages/turtlesim/srv/__init__.py
[36.631s] -- Installing: /root/ros2_ws/install/turtlesim/local/lib/python3.10/dist-packages/turtlesim/__init__.py
[36.708s] Listing '/root/ros2_ws/install/turtlesim/local/lib/python3.10/dist-packages/turtlesim'...
[36.708s] Compiling '/root/ros2_ws/install/turtlesim/local/lib/python3.10/dist-packages/turtlesim/__init__.py'...
[36.708s] Listing '/root/ros2_ws/install/turtlesim/local/lib/python3.10/dist-packages/turtlesim/action'...
[36.708s] Compiling '/root/ros2_ws/install/turtlesim/local/lib/python3.10/dist-packages/turtlesim/action/__init__.py'...
[36.708s] Compiling '/root/ros2_ws/install/turtlesim/local/lib/python3.10/dist-packages/turtlesim/action/_rotate_absolute.py'...
[36.708s] Listing '/root/ros2_ws/install/turtlesim/local/lib/python3.10/dist-packages/turtlesim/msg'...
[36.709s] Compiling '/root/ros2_ws/install/turtlesim/local/lib/python3.10/dist-packages/turtlesim/msg/__init__.py'...
[36.709s] Compiling '/root/ros2_ws/install/turtlesim/local/lib/python3.10/dist-packages/turtlesim/msg/_color.py'...
[36.709s] Compiling '/root/ros2_ws/install/turtlesim/local/lib/python3.10/dist-packages/turtlesim/msg/_pose.py'...
[36.709s] Listing '/root/ros2_ws/install/turtlesim/local/lib/python3.10/dist-packages/turtlesim/srv'...
[36.709s] Compiling '/root/ros2_ws/install/turtlesim/local/lib/python3.10/dist-packages/turtlesim/srv/__init__.py'...
[36.709s] Compiling '/root/ros2_ws/install/turtlesim/local/lib/python3.10/dist-packages/turtlesim/srv/_kill.py'...
[36.709s] Compiling '/root/ros2_ws/install/turtlesim/local/lib/python3.10/dist-packages/turtlesim/srv/_set_pen.py'...
[36.709s] Compiling '/root/ros2_ws/install/turtlesim/local/lib/python3.10/dist-packages/turtlesim/srv/_spawn.py'...
[36.709s] Compiling '/root/ros2_ws/install/turtlesim/local/lib/python3.10/dist-packages/turtlesim/srv/_teleport_absolute.py'...
[36.709s] Compiling '/root/ros2_ws/install/turtlesim/local/lib/python3.10/dist-packages/turtlesim/srv/_teleport_relative.py'...
[36.716s] -- Installing: /root/ros2_ws/install/turtlesim/local/lib/python3.10/dist-packages/turtlesim/turtlesim_s__rosidl_typesupport_fastrtps_c.cpython-310-x86_64-linux-gnu.so
[36.716s] -- Set runtime path of "/root/ros2_ws/install/turtlesim/local/lib/python3.10/dist-packages/turtlesim/turtlesim_s__rosidl_typesupport_fastrtps_c.cpython-310-x86_64-linux-gnu.so" to ""
[36.716s] -- Installing: /root/ros2_ws/install/turtlesim/local/lib/python3.10/dist-packages/turtlesim/turtlesim_s__rosidl_typesupport_introspection_c.cpython-310-x86_64-linux-gnu.so
[36.717s] -- Set runtime path of "/root/ros2_ws/install/turtlesim/local/lib/python3.10/dist-packages/turtlesim/turtlesim_s__rosidl_typesupport_introspection_c.cpython-310-x86_64-linux-gnu.so" to ""
[36.717s] -- Installing: /root/ros2_ws/install/turtlesim/local/lib/python3.10/dist-packages/turtlesim/turtlesim_s__rosidl_typesupport_c.cpython-310-x86_64-linux-gnu.so
[36.718s] -- Set runtime path of "/root/ros2_ws/install/turtlesim/local/lib/python3.10/dist-packages/turtlesim/turtlesim_s__rosidl_typesupport_c.cpython-310-x86_64-linux-gnu.so" to ""
[36.718s] -- Installing: /root/ros2_ws/install/turtlesim/lib/libturtlesim__rosidl_generator_py.so
[36.718s] -- Set runtime path of "/root/ros2_ws/install/turtlesim/lib/libturtlesim__rosidl_generator_py.so" to ""
[36.719s] -- Installing: /root/ros2_ws/install/turtlesim/share/turtlesim/action/RotateAbsolute.idl
[36.719s] -- Installing: /root/ros2_ws/install/turtlesim/share/turtlesim/msg/Color.idl
[36.719s] -- Installing: /root/ros2_ws/install/turtlesim/share/turtlesim/msg/Pose.idl
[36.719s] -- Installing: /root/ros2_ws/install/turtlesim/share/turtlesim/srv/Kill.idl
[36.719s] -- Installing: /root/ros2_ws/install/turtlesim/share/turtlesim/srv/SetPen.idl
[36.720s] -- Installing: /root/ros2_ws/install/turtlesim/share/turtlesim/srv/Spawn.idl
[36.720s] -- Installing: /root/ros2_ws/install/turtlesim/share/turtlesim/srv/TeleportAbsolute.idl
[36.720s] -- Installing: /root/ros2_ws/install/turtlesim/share/turtlesim/srv/TeleportRelative.idl
[36.720s] -- Installing: /root/ros2_ws/install/turtlesim/share/turtlesim/action/RotateAbsolute.action
[36.721s] -- Installing: /root/ros2_ws/install/turtlesim/share/turtlesim/msg/Color.msg
[36.721s] -- Installing: /root/ros2_ws/install/turtlesim/share/turtlesim/msg/Pose.msg
[36.721s] -- Installing: /root/ros2_ws/install/turtlesim/share/turtlesim/srv/Kill.srv
[36.722s] -- Installing: /root/ros2_ws/install/turtlesim/share/turtlesim/srv/Kill_Request.msg
[36.722s] -- Installing: /root/ros2_ws/install/turtlesim/share/turtlesim/srv/Kill_Response.msg
[36.722s] -- Installing: /root/ros2_ws/install/turtlesim/share/turtlesim/srv/SetPen.srv
[36.722s] -- Installing: /root/ros2_ws/install/turtlesim/share/turtlesim/srv/SetPen_Request.msg
[36.722s] -- Installing: /root/ros2_ws/install/turtlesim/share/turtlesim/srv/SetPen_Response.msg
[36.722s] -- Installing: /root/ros2_ws/install/turtlesim/share/turtlesim/srv/Spawn.srv
[36.723s] -- Installing: /root/ros2_ws/install/turtlesim/share/turtlesim/srv/Spawn_Request.msg
[36.723s] -- Installing: /root/ros2_ws/install/turtlesim/share/turtlesim/srv/Spawn_Response.msg
[36.724s] -- Installing: /root/ros2_ws/install/turtlesim/share/turtlesim/srv/TeleportAbsolute.srv
[36.724s] -- Installing: /root/ros2_ws/install/turtlesim/share/turtlesim/srv/TeleportAbsolute_Request.msg
[36.724s] -- Installing: /root/ros2_ws/install/turtlesim/share/turtlesim/srv/TeleportAbsolute_Response.msg
[36.724s] -- Installing: /root/ros2_ws/install/turtlesim/share/turtlesim/srv/TeleportRelative.srv
[36.724s] -- Installing: /root/ros2_ws/install/turtlesim/share/turtlesim/srv/TeleportRelative_Request.msg
[36.725s] -- Installing: /root/ros2_ws/install/turtlesim/share/turtlesim/srv/TeleportRelative_Response.msg
[36.725s] -- Installing: /root/ros2_ws/install/turtlesim/lib/turtlesim/turtlesim_node
[36.734s] -- Set runtime path of "/root/ros2_ws/install/turtlesim/lib/turtlesim/turtlesim_node" to ""
[36.734s] -- Installing: /root/ros2_ws/install/turtlesim/lib/turtlesim/turtle_teleop_key
[36.736s] -- Set runtime path of "/root/ros2_ws/install/turtlesim/lib/turtlesim/turtle_teleop_key" to ""
[36.736s] -- Installing: /root/ros2_ws/install/turtlesim/lib/turtlesim/draw_square
[36.740s] -- Set runtime path of "/root/ros2_ws/install/turtlesim/lib/turtlesim/draw_square" to ""
[36.740s] -- Installing: /root/ros2_ws/install/turtlesim/lib/turtlesim/mimic
[36.743s] -- Set runtime path of "/root/ros2_ws/install/turtlesim/lib/turtlesim/mimic" to ""
[36.744s] -- Installing: /root/ros2_ws/install/turtlesim/share/turtlesim/images
[36.744s] -- Installing: /root/ros2_ws/install/turtlesim/share/turtlesim/images/humble.png
[36.744s] -- Installing: /root/ros2_ws/install/turtlesim/share/turtlesim/images/ardent.png
[36.744s] -- Installing: /root/ros2_ws/install/turtlesim/share/turtlesim/images/foxy.png
[36.744s] -- Installing: /root/ros2_ws/install/turtlesim/share/turtlesim/images/galactic.png
[36.744s] -- Installing: /root/ros2_ws/install/turtlesim/share/turtlesim/images/rolling.png
[36.745s] -- Installing: /root/ros2_ws/install/turtlesim/share/turtlesim/images/bouncy.png
[36.745s] -- Installing: /root/ros2_ws/install/turtlesim/share/turtlesim/images/crystal.png
[36.745s] -- Installing: /root/ros2_ws/install/turtlesim/share/turtlesim/images/dashing.png
[36.745s] -- Installing: /root/ros2_ws/install/turtlesim/share/turtlesim/images/eloquent.png
[36.745s] -- Installing: /root/ros2_ws/install/turtlesim/share/turtlesim/launch
[36.746s] -- Installing: /root/ros2_ws/install/turtlesim/share/turtlesim/launch/multisim.launch.py
[36.746s] -- Installing: /root/ros2_ws/install/turtlesim/share/ament_index/resource_index/package_run_dependencies/turtlesim
[36.746s] -- Installing: /root/ros2_ws/install/turtlesim/share/ament_index/resource_index/parent_prefix_path/turtlesim
[36.746s] -- Installing: /root/ros2_ws/install/turtlesim/share/turtlesim/environment/ament_prefix_path.sh
[36.746s] -- Installing: /root/ros2_ws/install/turtlesim/share/turtlesim/environment/ament_prefix_path.dsv
[36.747s] -- Installing: /root/ros2_ws/install/turtlesim/share/turtlesim/environment/path.sh
[36.747s] -- Installing: /root/ros2_ws/install/turtlesim/share/turtlesim/environment/path.dsv
[36.747s] -- Installing: /root/ros2_ws/install/turtlesim/share/turtlesim/local_setup.bash
[36.747s] -- Installing: /root/ros2_ws/install/turtlesim/share/turtlesim/local_setup.sh
[36.747s] -- Installing: /root/ros2_ws/install/turtlesim/share/turtlesim/local_setup.zsh
[36.747s] -- Installing: /root/ros2_ws/install/turtlesim/share/turtlesim/local_setup.dsv
[36.748s] -- Installing: /root/ros2_ws/install/turtlesim/share/turtlesim/package.dsv
[36.748s] -- Installing: /root/ros2_ws/install/turtlesim/share/ament_index/resource_index/packages/turtlesim
[36.748s] -- Installing: /root/ros2_ws/install/turtlesim/share/turtlesim/cmake/export_turtlesim__rosidl_generator_cExport.cmake
[36.748s] -- Installing: /root/ros2_ws/install/turtlesim/share/turtlesim/cmake/export_turtlesim__rosidl_generator_cExport-noconfig.cmake
[36.749s] -- Installing: /root/ros2_ws/install/turtlesim/share/turtlesim/cmake/export_turtlesim__rosidl_typesupport_fastrtps_cExport.cmake
[36.749s] -- Installing: /root/ros2_ws/install/turtlesim/share/turtlesim/cmake/export_turtlesim__rosidl_typesupport_fastrtps_cExport-noconfig.cmake
[36.749s] -- Installing: /root/ros2_ws/install/turtlesim/share/turtlesim/cmake/export_turtlesim__rosidl_generator_cppExport.cmake
[36.749s] -- Installing: /root/ros2_ws/install/turtlesim/share/turtlesim/cmake/export_turtlesim__rosidl_typesupport_fastrtps_cppExport.cmake
[36.750s] -- Installing: /root/ros2_ws/install/turtlesim/share/turtlesim/cmake/export_turtlesim__rosidl_typesupport_fastrtps_cppExport-noconfig.cmake
[36.750s] -- Installing: /root/ros2_ws/install/turtlesim/share/turtlesim/cmake/turtlesim__rosidl_typesupport_introspection_cExport.cmake
[36.750s] -- Installing: /root/ros2_ws/install/turtlesim/share/turtlesim/cmake/turtlesim__rosidl_typesupport_introspection_cExport-noconfig.cmake
[36.750s] -- Installing: /root/ros2_ws/install/turtlesim/share/turtlesim/cmake/turtlesim__rosidl_typesupport_cExport.cmake
[36.751s] -- Installing: /root/ros2_ws/install/turtlesim/share/turtlesim/cmake/turtlesim__rosidl_typesupport_cExport-noconfig.cmake
[36.751s] -- Installing: /root/ros2_ws/install/turtlesim/share/turtlesim/cmake/turtlesim__rosidl_typesupport_introspection_cppExport.cmake
[36.751s] -- Installing: /root/ros2_ws/install/turtlesim/share/turtlesim/cmake/turtlesim__rosidl_typesupport_introspection_cppExport-noconfig.cmake
[36.751s] -- Installing: /root/ros2_ws/install/turtlesim/share/turtlesim/cmake/turtlesim__rosidl_typesupport_cppExport.cmake
[36.752s] -- Installing: /root/ros2_ws/install/turtlesim/share/turtlesim/cmake/turtlesim__rosidl_typesupport_cppExport-noconfig.cmake
[36.752s] -- Installing: /root/ros2_ws/install/turtlesim/share/turtlesim/cmake/export_turtlesim__rosidl_generator_pyExport.cmake
[36.752s] -- Installing: /root/ros2_ws/install/turtlesim/share/turtlesim/cmake/export_turtlesim__rosidl_generator_pyExport-noconfig.cmake
[36.752s] -- Installing: /root/ros2_ws/install/turtlesim/share/turtlesim/cmake/rosidl_cmake-extras.cmake
[36.753s] -- Installing: /root/ros2_ws/install/turtlesim/share/turtlesim/cmake/ament_cmake_export_dependencies-extras.cmake
[36.753s] -- Installing: /root/ros2_ws/install/turtlesim/share/turtlesim/cmake/ament_cmake_export_include_directories-extras.cmake
[36.753s] -- Installing: /root/ros2_ws/install/turtlesim/share/turtlesim/cmake/ament_cmake_export_libraries-extras.cmake
[36.754s] -- Installing: /root/ros2_ws/install/turtlesim/share/turtlesim/cmake/ament_cmake_export_targets-extras.cmake
[36.754s] -- Installing: /root/ros2_ws/install/turtlesim/share/turtlesim/cmake/rosidl_cmake_export_typesupport_targets-extras.cmake
[36.754s] -- Installing: /root/ros2_ws/install/turtlesim/share/turtlesim/cmake/rosidl_cmake_export_typesupport_libraries-extras.cmake
[36.754s] -- Installing: /root/ros2_ws/install/turtlesim/share/turtlesim/cmake/turtlesimConfig.cmake
[36.754s] -- Installing: /root/ros2_ws/install/turtlesim/share/turtlesim/cmake/turtlesimConfig-version.cmake
[36.754s] -- Installing: /root/ros2_ws/install/turtlesim/share/turtlesim/package.xml
[36.758s] Invoked command in '/root/ros2_ws/build/turtlesim' returned '0': CMAKE_PREFIX_PATH=/opt/ros/humble /usr/bin/cmake --install /root/ros2_ws/build/turtlesim
