[  3%] Built target imu_interface__cpp
[  3%] Built target ament_cmake_python_copy_imu_interface
[ 12%] Built target imu_interface__rosidl_generator_c
[ 25%] Built target imu_interface__rosidl_typesupport_introspection_cpp
[ 32%] Built target imu_interface__rosidl_typesupport_cpp
[ 41%] Built target imu_interface__rosidl_typesupport_fastrtps_cpp
[ 51%] Built target imu_interface__rosidl_typesupport_c
[ 70%] Built target imu_interface__rosidl_typesupport_introspection_c
[ 70%] Built target imu_interface__rosidl_typesupport_fastrtps_c
[ 70%] Built target imu_interface
[ 74%] Built target imu_interface__py
[ 80%] Built target imu_interface__rosidl_generator_py
[ 96%] Built target imu_interface__rosidl_typesupport_c__pyext
[ 96%] Built target imu_interface__rosidl_typesupport_fastrtps_c__pyext
[100%] Built target imu_interface__rosidl_typesupport_introspection_c__pyext
running egg_info
writing imu_interface.egg-info/PKG-INFO
writing dependency_links to imu_interface.egg-info/dependency_links.txt
writing top-level names to imu_interface.egg-info/top_level.txt
reading manifest file 'imu_interface.egg-info/SOURCES.txt'
writing manifest file 'imu_interface.egg-info/SOURCES.txt'
[100%] Built target ament_cmake_python_build_imu_interface_egg
-- Install configuration: ""
-- Up-to-date: /home/qianw/EECE5554/LAB3/install/imu_interface/share/ament_index/resource_index/rosidl_interfaces/imu_interface
-- Up-to-date: /home/qianw/EECE5554/LAB3/install/imu_interface/include/imu_interface/imu_interface
-- Up-to-date: /home/qianw/EECE5554/LAB3/install/imu_interface/include/imu_interface/imu_interface/msg
-- Up-to-date: /home/qianw/EECE5554/LAB3/install/imu_interface/include/imu_interface/imu_interface/msg/detail
-- Up-to-date: /home/qianw/EECE5554/LAB3/install/imu_interface/include/imu_interface/imu_interface/msg/detail/im_umsg__struct.h
-- Up-to-date: /home/qianw/EECE5554/LAB3/install/imu_interface/include/imu_interface/imu_interface/msg/detail/im_umsg__type_support.h
-- Up-to-date: /home/qianw/EECE5554/LAB3/install/imu_interface/include/imu_interface/imu_interface/msg/detail/im_umsg__functions.h
-- Up-to-date: /home/qianw/EECE5554/LAB3/install/imu_interface/include/imu_interface/imu_interface/msg/detail/im_umsg__functions.c
-- Up-to-date: /home/qianw/EECE5554/LAB3/install/imu_interface/include/imu_interface/imu_interface/msg/rosidl_generator_c__visibility_control.h
-- Up-to-date: /home/qianw/EECE5554/LAB3/install/imu_interface/include/imu_interface/imu_interface/msg/im_umsg.h
-- Up-to-date: /home/qianw/EECE5554/LAB3/install/imu_interface/share/imu_interface/environment/library_path.sh
-- Up-to-date: /home/qianw/EECE5554/LAB3/install/imu_interface/share/imu_interface/environment/library_path.dsv
-- Up-to-date: /home/qianw/EECE5554/LAB3/install/imu_interface/lib/libimu_interface__rosidl_generator_c.so
-- Up-to-date: /home/qianw/EECE5554/LAB3/install/imu_interface/include/imu_interface/imu_interface
-- Up-to-date: /home/qianw/EECE5554/LAB3/install/imu_interface/include/imu_interface/imu_interface/msg
-- Up-to-date: /home/qianw/EECE5554/LAB3/install/imu_interface/include/imu_interface/imu_interface/msg/detail
-- Up-to-date: /home/qianw/EECE5554/LAB3/install/imu_interface/include/imu_interface/imu_interface/msg/detail/im_umsg__rosidl_typesupport_fastrtps_c.h
-- Up-to-date: /home/qianw/EECE5554/LAB3/install/imu_interface/include/imu_interface/imu_interface/msg/rosidl_typesupport_fastrtps_c__visibility_control.h
-- Up-to-date: /home/qianw/EECE5554/LAB3/install/imu_interface/lib/libimu_interface__rosidl_typesupport_fastrtps_c.so
-- Up-to-date: /home/qianw/EECE5554/LAB3/install/imu_interface/include/imu_interface/imu_interface
-- Up-to-date: /home/qianw/EECE5554/LAB3/install/imu_interface/include/imu_interface/imu_interface/msg
-- Up-to-date: /home/qianw/EECE5554/LAB3/install/imu_interface/include/imu_interface/imu_interface/msg/rosidl_generator_cpp__visibility_control.hpp
-- Up-to-date: /home/qianw/EECE5554/LAB3/install/imu_interface/include/imu_interface/imu_interface/msg/detail
-- Up-to-date: /home/qianw/EECE5554/LAB3/install/imu_interface/include/imu_interface/imu_interface/msg/detail/im_umsg__struct.hpp
-- Up-to-date: /home/qianw/EECE5554/LAB3/install/imu_interface/include/imu_interface/imu_interface/msg/detail/im_umsg__builder.hpp
-- Up-to-date: /home/qianw/EECE5554/LAB3/install/imu_interface/include/imu_interface/imu_interface/msg/detail/im_umsg__type_support.hpp
-- Up-to-date: /home/qianw/EECE5554/LAB3/install/imu_interface/include/imu_interface/imu_interface/msg/detail/im_umsg__traits.hpp
-- Up-to-date: /home/qianw/EECE5554/LAB3/install/imu_interface/include/imu_interface/imu_interface/msg/im_umsg.hpp
-- Up-to-date: /home/qianw/EECE5554/LAB3/install/imu_interface/include/imu_interface/imu_interface
-- Up-to-date: /home/qianw/EECE5554/LAB3/install/imu_interface/include/imu_interface/imu_interface/msg
-- Up-to-date: /home/qianw/EECE5554/LAB3/install/imu_interface/include/imu_interface/imu_interface/msg/detail
-- Up-to-date: /home/qianw/EECE5554/LAB3/install/imu_interface/include/imu_interface/imu_interface/msg/detail/im_umsg__rosidl_typesupport_fastrtps_cpp.hpp
-- Up-to-date: /home/qianw/EECE5554/LAB3/install/imu_interface/include/imu_interface/imu_interface/msg/detail/dds_fastrtps
-- Up-to-date: /home/qianw/EECE5554/LAB3/install/imu_interface/include/imu_interface/imu_interface/msg/rosidl_typesupport_fastrtps_cpp__visibility_control.h
-- Up-to-date: /home/qianw/EECE5554/LAB3/install/imu_interface/lib/libimu_interface__rosidl_typesupport_fastrtps_cpp.so
-- Up-to-date: /home/qianw/EECE5554/LAB3/install/imu_interface/include/imu_interface/imu_interface
-- Up-to-date: /home/qianw/EECE5554/LAB3/install/imu_interface/include/imu_interface/imu_interface/msg
-- Up-to-date: /home/qianw/EECE5554/LAB3/install/imu_interface/include/imu_interface/imu_interface/msg/detail
-- Up-to-date: /home/qianw/EECE5554/LAB3/install/imu_interface/include/imu_interface/imu_interface/msg/detail/im_umsg__rosidl_typesupport_introspection_c.h
-- Up-to-date: /home/qianw/EECE5554/LAB3/install/imu_interface/include/imu_interface/imu_interface/msg/detail/im_umsg__type_support.c
-- Up-to-date: /home/qianw/EECE5554/LAB3/install/imu_interface/include/imu_interface/imu_interface/msg/rosidl_typesupport_introspection_c__visibility_control.h
-- Up-to-date: /home/qianw/EECE5554/LAB3/install/imu_interface/lib/libimu_interface__rosidl_typesupport_introspection_c.so
-- Up-to-date: /home/qianw/EECE5554/LAB3/install/imu_interface/lib/libimu_interface__rosidl_typesupport_c.so
-- Up-to-date: /home/qianw/EECE5554/LAB3/install/imu_interface/include/imu_interface/imu_interface
-- Up-to-date: /home/qianw/EECE5554/LAB3/install/imu_interface/include/imu_interface/imu_interface/msg
-- Up-to-date: /home/qianw/EECE5554/LAB3/install/imu_interface/include/imu_interface/imu_interface/msg/detail
-- Up-to-date: /home/qianw/EECE5554/LAB3/install/imu_interface/include/imu_interface/imu_interface/msg/detail/im_umsg__rosidl_typesupport_introspection_cpp.hpp
-- Up-to-date: /home/qianw/EECE5554/LAB3/install/imu_interface/include/imu_interface/imu_interface/msg/detail/im_umsg__type_support.cpp
-- Up-to-date: /home/qianw/EECE5554/LAB3/install/imu_interface/lib/libimu_interface__rosidl_typesupport_introspection_cpp.so
-- Up-to-date: /home/qianw/EECE5554/LAB3/install/imu_interface/lib/libimu_interface__rosidl_typesupport_cpp.so
-- Up-to-date: /home/qianw/EECE5554/LAB3/install/imu_interface/share/imu_interface/environment/pythonpath.sh
-- Up-to-date: /home/qianw/EECE5554/LAB3/install/imu_interface/share/imu_interface/environment/pythonpath.dsv
-- Up-to-date: /home/qianw/EECE5554/LAB3/install/imu_interface/local/lib/python3.10/dist-packages/imu_interface-0.0.0-py3.10.egg-info
-- Installing: /home/qianw/EECE5554/LAB3/install/imu_interface/local/lib/python3.10/dist-packages/imu_interface-0.0.0-py3.10.egg-info/PKG-INFO
-- Installing: /home/qianw/EECE5554/LAB3/install/imu_interface/local/lib/python3.10/dist-packages/imu_interface-0.0.0-py3.10.egg-info/top_level.txt
-- Installing: /home/qianw/EECE5554/LAB3/install/imu_interface/local/lib/python3.10/dist-packages/imu_interface-0.0.0-py3.10.egg-info/dependency_links.txt
-- Installing: /home/qianw/EECE5554/LAB3/install/imu_interface/local/lib/python3.10/dist-packages/imu_interface-0.0.0-py3.10.egg-info/SOURCES.txt
-- Up-to-date: /home/qianw/EECE5554/LAB3/install/imu_interface/local/lib/python3.10/dist-packages/imu_interface
-- Up-to-date: /home/qianw/EECE5554/LAB3/install/imu_interface/local/lib/python3.10/dist-packages/imu_interface/libimu_interface__rosidl_generator_py.so
-- Up-to-date: /home/qianw/EECE5554/LAB3/install/imu_interface/local/lib/python3.10/dist-packages/imu_interface/imu_interface_s__rosidl_typesupport_fastrtps_c.cpython-310-x86_64-linux-gnu.so
-- Up-to-date: /home/qianw/EECE5554/LAB3/install/imu_interface/local/lib/python3.10/dist-packages/imu_interface/_imu_interface_s.ep.rosidl_typesupport_c.c
-- Up-to-date: /home/qianw/EECE5554/LAB3/install/imu_interface/local/lib/python3.10/dist-packages/imu_interface/_imu_interface_s.ep.rosidl_typesupport_fastrtps_c.c
-- Up-to-date: /home/qianw/EECE5554/LAB3/install/imu_interface/local/lib/python3.10/dist-packages/imu_interface/imu_interface_s__rosidl_typesupport_c.cpython-310-x86_64-linux-gnu.so
-- Up-to-date: /home/qianw/EECE5554/LAB3/install/imu_interface/local/lib/python3.10/dist-packages/imu_interface/__init__.py
-- Up-to-date: /home/qianw/EECE5554/LAB3/install/imu_interface/local/lib/python3.10/dist-packages/imu_interface/_imu_interface_s.ep.rosidl_typesupport_introspection_c.c
-- Up-to-date: /home/qianw/EECE5554/LAB3/install/imu_interface/local/lib/python3.10/dist-packages/imu_interface/imu_interface_s__rosidl_typesupport_introspection_c.cpython-310-x86_64-linux-gnu.so
-- Up-to-date: /home/qianw/EECE5554/LAB3/install/imu_interface/local/lib/python3.10/dist-packages/imu_interface/msg
-- Up-to-date: /home/qianw/EECE5554/LAB3/install/imu_interface/local/lib/python3.10/dist-packages/imu_interface/msg/_im_umsg.py
-- Up-to-date: /home/qianw/EECE5554/LAB3/install/imu_interface/local/lib/python3.10/dist-packages/imu_interface/msg/__init__.py
-- Up-to-date: /home/qianw/EECE5554/LAB3/install/imu_interface/local/lib/python3.10/dist-packages/imu_interface/msg/_im_umsg_s.c
Listing '/home/qianw/EECE5554/LAB3/install/imu_interface/local/lib/python3.10/dist-packages/imu_interface'...
Listing '/home/qianw/EECE5554/LAB3/install/imu_interface/local/lib/python3.10/dist-packages/imu_interface/msg'...
-- Up-to-date: /home/qianw/EECE5554/LAB3/install/imu_interface/local/lib/python3.10/dist-packages/imu_interface/imu_interface_s__rosidl_typesupport_fastrtps_c.cpython-310-x86_64-linux-gnu.so
-- Up-to-date: /home/qianw/EECE5554/LAB3/install/imu_interface/local/lib/python3.10/dist-packages/imu_interface/imu_interface_s__rosidl_typesupport_introspection_c.cpython-310-x86_64-linux-gnu.so
-- Up-to-date: /home/qianw/EECE5554/LAB3/install/imu_interface/local/lib/python3.10/dist-packages/imu_interface/imu_interface_s__rosidl_typesupport_c.cpython-310-x86_64-linux-gnu.so
-- Up-to-date: /home/qianw/EECE5554/LAB3/install/imu_interface/lib/libimu_interface__rosidl_generator_py.so
-- Up-to-date: /home/qianw/EECE5554/LAB3/install/imu_interface/share/imu_interface/msg/IMUmsg.idl
-- Up-to-date: /home/qianw/EECE5554/LAB3/install/imu_interface/share/imu_interface/msg/IMUmsg.msg
-- Up-to-date: /home/qianw/EECE5554/LAB3/install/imu_interface/share/ament_index/resource_index/package_run_dependencies/imu_interface
-- Up-to-date: /home/qianw/EECE5554/LAB3/install/imu_interface/share/ament_index/resource_index/parent_prefix_path/imu_interface
-- Up-to-date: /home/qianw/EECE5554/LAB3/install/imu_interface/share/imu_interface/environment/ament_prefix_path.sh
-- Up-to-date: /home/qianw/EECE5554/LAB3/install/imu_interface/share/imu_interface/environment/ament_prefix_path.dsv
-- Up-to-date: /home/qianw/EECE5554/LAB3/install/imu_interface/share/imu_interface/environment/path.sh
-- Up-to-date: /home/qianw/EECE5554/LAB3/install/imu_interface/share/imu_interface/environment/path.dsv
-- Up-to-date: /home/qianw/EECE5554/LAB3/install/imu_interface/share/imu_interface/local_setup.bash
-- Up-to-date: /home/qianw/EECE5554/LAB3/install/imu_interface/share/imu_interface/local_setup.sh
-- Up-to-date: /home/qianw/EECE5554/LAB3/install/imu_interface/share/imu_interface/local_setup.zsh
-- Up-to-date: /home/qianw/EECE5554/LAB3/install/imu_interface/share/imu_interface/local_setup.dsv
-- Installing: /home/qianw/EECE5554/LAB3/install/imu_interface/share/imu_interface/package.dsv
-- Up-to-date: /home/qianw/EECE5554/LAB3/install/imu_interface/share/ament_index/resource_index/packages/imu_interface
-- Up-to-date: /home/qianw/EECE5554/LAB3/install/imu_interface/share/imu_interface/cmake/export_imu_interface__rosidl_generator_cExport.cmake
-- Up-to-date: /home/qianw/EECE5554/LAB3/install/imu_interface/share/imu_interface/cmake/export_imu_interface__rosidl_generator_cExport-noconfig.cmake
-- Up-to-date: /home/qianw/EECE5554/LAB3/install/imu_interface/share/imu_interface/cmake/export_imu_interface__rosidl_typesupport_fastrtps_cExport.cmake
-- Up-to-date: /home/qianw/EECE5554/LAB3/install/imu_interface/share/imu_interface/cmake/export_imu_interface__rosidl_typesupport_fastrtps_cExport-noconfig.cmake
-- Up-to-date: /home/qianw/EECE5554/LAB3/install/imu_interface/share/imu_interface/cmake/export_imu_interface__rosidl_generator_cppExport.cmake
-- Up-to-date: /home/qianw/EECE5554/LAB3/install/imu_interface/share/imu_interface/cmake/export_imu_interface__rosidl_typesupport_fastrtps_cppExport.cmake
-- Up-to-date: /home/qianw/EECE5554/LAB3/install/imu_interface/share/imu_interface/cmake/export_imu_interface__rosidl_typesupport_fastrtps_cppExport-noconfig.cmake
-- Up-to-date: /home/qianw/EECE5554/LAB3/install/imu_interface/share/imu_interface/cmake/imu_interface__rosidl_typesupport_introspection_cExport.cmake
-- Up-to-date: /home/qianw/EECE5554/LAB3/install/imu_interface/share/imu_interface/cmake/imu_interface__rosidl_typesupport_introspection_cExport-noconfig.cmake
-- Up-to-date: /home/qianw/EECE5554/LAB3/install/imu_interface/share/imu_interface/cmake/imu_interface__rosidl_typesupport_cExport.cmake
-- Up-to-date: /home/qianw/EECE5554/LAB3/install/imu_interface/share/imu_interface/cmake/imu_interface__rosidl_typesupport_cExport-noconfig.cmake
-- Up-to-date: /home/qianw/EECE5554/LAB3/install/imu_interface/share/imu_interface/cmake/imu_interface__rosidl_typesupport_introspection_cppExport.cmake
-- Up-to-date: /home/qianw/EECE5554/LAB3/install/imu_interface/share/imu_interface/cmake/imu_interface__rosidl_typesupport_introspection_cppExport-noconfig.cmake
-- Up-to-date: /home/qianw/EECE5554/LAB3/install/imu_interface/share/imu_interface/cmake/imu_interface__rosidl_typesupport_cppExport.cmake
-- Up-to-date: /home/qianw/EECE5554/LAB3/install/imu_interface/share/imu_interface/cmake/imu_interface__rosidl_typesupport_cppExport-noconfig.cmake
-- Up-to-date: /home/qianw/EECE5554/LAB3/install/imu_interface/share/imu_interface/cmake/export_imu_interface__rosidl_generator_pyExport.cmake
-- Up-to-date: /home/qianw/EECE5554/LAB3/install/imu_interface/share/imu_interface/cmake/export_imu_interface__rosidl_generator_pyExport-noconfig.cmake
-- Up-to-date: /home/qianw/EECE5554/LAB3/install/imu_interface/share/imu_interface/cmake/rosidl_cmake-extras.cmake
-- Up-to-date: /home/qianw/EECE5554/LAB3/install/imu_interface/share/imu_interface/cmake/ament_cmake_export_dependencies-extras.cmake
-- Up-to-date: /home/qianw/EECE5554/LAB3/install/imu_interface/share/imu_interface/cmake/ament_cmake_export_include_directories-extras.cmake
-- Up-to-date: /home/qianw/EECE5554/LAB3/install/imu_interface/share/imu_interface/cmake/ament_cmake_export_libraries-extras.cmake
-- Up-to-date: /home/qianw/EECE5554/LAB3/install/imu_interface/share/imu_interface/cmake/ament_cmake_export_targets-extras.cmake
-- Up-to-date: /home/qianw/EECE5554/LAB3/install/imu_interface/share/imu_interface/cmake/rosidl_cmake_export_typesupport_targets-extras.cmake
-- Up-to-date: /home/qianw/EECE5554/LAB3/install/imu_interface/share/imu_interface/cmake/rosidl_cmake_export_typesupport_libraries-extras.cmake
-- Up-to-date: /home/qianw/EECE5554/LAB3/install/imu_interface/share/imu_interface/cmake/imu_interfaceConfig.cmake
-- Up-to-date: /home/qianw/EECE5554/LAB3/install/imu_interface/share/imu_interface/cmake/imu_interfaceConfig-version.cmake
-- Up-to-date: /home/qianw/EECE5554/LAB3/install/imu_interface/share/imu_interface/package.xml
