[0.022s] Invoking command in '/home/qianw/EECE5554/LAB3/build/imu_interface': CMAKE_PREFIX_PATH=/opt/ros/humble /usr/bin/cmake --build /home/qianw/EECE5554/LAB3/build/imu_interface -- -j8 -l8
[0.193s] [  3%] Built target imu_interface__cpp
[0.211s] [  3%] Built target ament_cmake_python_copy_imu_interface
[0.219s] [ 12%] Built target imu_interface__rosidl_generator_c
[0.244s] [ 25%] Built target imu_interface__rosidl_typesupport_introspection_cpp
[0.244s] [ 32%] Built target imu_interface__rosidl_typesupport_cpp
[0.245s] [ 41%] Built target imu_interface__rosidl_typesupport_fastrtps_cpp
[0.259s] [ 51%] Built target imu_interface__rosidl_typesupport_c
[0.261s] [ 70%] Built target imu_interface__rosidl_typesupport_introspection_c
[0.261s] [ 70%] Built target imu_interface__rosidl_typesupport_fastrtps_c
[0.291s] [ 70%] Built target imu_interface
[0.326s] [ 74%] Built target imu_interface__py
[0.368s] [ 80%] Built target imu_interface__rosidl_generator_py
[0.403s] [ 96%] Built target imu_interface__rosidl_typesupport_c__pyext
[0.405s] [ 96%] Built target imu_interface__rosidl_typesupport_fastrtps_c__pyext
[0.405s] [100%] Built target imu_interface__rosidl_typesupport_introspection_c__pyext
[0.621s] running egg_info
[0.621s] writing imu_interface.egg-info/PKG-INFO
[0.621s] writing dependency_links to imu_interface.egg-info/dependency_links.txt
[0.622s] writing top-level names to imu_interface.egg-info/top_level.txt
[0.626s] reading manifest file 'imu_interface.egg-info/SOURCES.txt'
[0.628s] writing manifest file 'imu_interface.egg-info/SOURCES.txt'
[0.667s] [100%] Built target ament_cmake_python_build_imu_interface_egg
[0.684s] Invoked command in '/home/qianw/EECE5554/LAB3/build/imu_interface' returned '0': CMAKE_PREFIX_PATH=/opt/ros/humble /usr/bin/cmake --build /home/qianw/EECE5554/LAB3/build/imu_interface -- -j8 -l8
[0.701s] Invoking command in '/home/qianw/EECE5554/LAB3/build/imu_interface': CMAKE_PREFIX_PATH=/opt/ros/humble /usr/bin/cmake --install /home/qianw/EECE5554/LAB3/build/imu_interface
[0.714s] -- Install configuration: ""
[0.716s] -- Up-to-date: /home/qianw/EECE5554/LAB3/install/imu_interface/share/ament_index/resource_index/rosidl_interfaces/imu_interface
[0.716s] -- Up-to-date: /home/qianw/EECE5554/LAB3/install/imu_interface/include/imu_interface/imu_interface
[0.717s] -- Up-to-date: /home/qianw/EECE5554/LAB3/install/imu_interface/include/imu_interface/imu_interface/msg
[0.717s] -- Up-to-date: /home/qianw/EECE5554/LAB3/install/imu_interface/include/imu_interface/imu_interface/msg/detail
[0.717s] -- Up-to-date: /home/qianw/EECE5554/LAB3/install/imu_interface/include/imu_interface/imu_interface/msg/detail/im_umsg__struct.h
[0.717s] -- Up-to-date: /home/qianw/EECE5554/LAB3/install/imu_interface/include/imu_interface/imu_interface/msg/detail/im_umsg__type_support.h
[0.718s] -- Up-to-date: /home/qianw/EECE5554/LAB3/install/imu_interface/include/imu_interface/imu_interface/msg/detail/im_umsg__functions.h
[0.718s] -- Up-to-date: /home/qianw/EECE5554/LAB3/install/imu_interface/include/imu_interface/imu_interface/msg/detail/im_umsg__functions.c
[0.718s] -- Up-to-date: /home/qianw/EECE5554/LAB3/install/imu_interface/include/imu_interface/imu_interface/msg/rosidl_generator_c__visibility_control.h
[0.718s] -- Up-to-date: /home/qianw/EECE5554/LAB3/install/imu_interface/include/imu_interface/imu_interface/msg/im_umsg.h
[0.718s] -- Up-to-date: /home/qianw/EECE5554/LAB3/install/imu_interface/share/imu_interface/environment/library_path.sh
[0.718s] -- Up-to-date: /home/qianw/EECE5554/LAB3/install/imu_interface/share/imu_interface/environment/library_path.dsv
[0.720s] -- Up-to-date: /home/qianw/EECE5554/LAB3/install/imu_interface/lib/libimu_interface__rosidl_generator_c.so
[0.720s] -- Up-to-date: /home/qianw/EECE5554/LAB3/install/imu_interface/include/imu_interface/imu_interface
[0.720s] -- Up-to-date: /home/qianw/EECE5554/LAB3/install/imu_interface/include/imu_interface/imu_interface/msg
[0.720s] -- Up-to-date: /home/qianw/EECE5554/LAB3/install/imu_interface/include/imu_interface/imu_interface/msg/detail
[0.721s] -- Up-to-date: /home/qianw/EECE5554/LAB3/install/imu_interface/include/imu_interface/imu_interface/msg/detail/im_umsg__rosidl_typesupport_fastrtps_c.h
[0.721s] -- Up-to-date: /home/qianw/EECE5554/LAB3/install/imu_interface/include/imu_interface/imu_interface/msg/rosidl_typesupport_fastrtps_c__visibility_control.h
[0.722s] -- Up-to-date: /home/qianw/EECE5554/LAB3/install/imu_interface/lib/libimu_interface__rosidl_typesupport_fastrtps_c.so
[0.722s] -- Up-to-date: /home/qianw/EECE5554/LAB3/install/imu_interface/include/imu_interface/imu_interface
[0.722s] -- Up-to-date: /home/qianw/EECE5554/LAB3/install/imu_interface/include/imu_interface/imu_interface/msg
[0.722s] -- Up-to-date: /home/qianw/EECE5554/LAB3/install/imu_interface/include/imu_interface/imu_interface/msg/rosidl_generator_cpp__visibility_control.hpp
[0.722s] -- Up-to-date: /home/qianw/EECE5554/LAB3/install/imu_interface/include/imu_interface/imu_interface/msg/detail
[0.722s] -- Up-to-date: /home/qianw/EECE5554/LAB3/install/imu_interface/include/imu_interface/imu_interface/msg/detail/im_umsg__struct.hpp
[0.723s] -- Up-to-date: /home/qianw/EECE5554/LAB3/install/imu_interface/include/imu_interface/imu_interface/msg/detail/im_umsg__builder.hpp
[0.723s] -- Up-to-date: /home/qianw/EECE5554/LAB3/install/imu_interface/include/imu_interface/imu_interface/msg/detail/im_umsg__type_support.hpp
[0.723s] -- Up-to-date: /home/qianw/EECE5554/LAB3/install/imu_interface/include/imu_interface/imu_interface/msg/detail/im_umsg__traits.hpp
[0.723s] -- Up-to-date: /home/qianw/EECE5554/LAB3/install/imu_interface/include/imu_interface/imu_interface/msg/im_umsg.hpp
[0.723s] -- Up-to-date: /home/qianw/EECE5554/LAB3/install/imu_interface/include/imu_interface/imu_interface
[0.723s] -- Up-to-date: /home/qianw/EECE5554/LAB3/install/imu_interface/include/imu_interface/imu_interface/msg
[0.723s] -- Up-to-date: /home/qianw/EECE5554/LAB3/install/imu_interface/include/imu_interface/imu_interface/msg/detail
[0.723s] -- Up-to-date: /home/qianw/EECE5554/LAB3/install/imu_interface/include/imu_interface/imu_interface/msg/detail/im_umsg__rosidl_typesupport_fastrtps_cpp.hpp
[0.723s] -- Up-to-date: /home/qianw/EECE5554/LAB3/install/imu_interface/include/imu_interface/imu_interface/msg/detail/dds_fastrtps
[0.723s] -- Up-to-date: /home/qianw/EECE5554/LAB3/install/imu_interface/include/imu_interface/imu_interface/msg/rosidl_typesupport_fastrtps_cpp__visibility_control.h
[0.724s] -- Up-to-date: /home/qianw/EECE5554/LAB3/install/imu_interface/lib/libimu_interface__rosidl_typesupport_fastrtps_cpp.so
[0.724s] -- Up-to-date: /home/qianw/EECE5554/LAB3/install/imu_interface/include/imu_interface/imu_interface
[0.724s] -- Up-to-date: /home/qianw/EECE5554/LAB3/install/imu_interface/include/imu_interface/imu_interface/msg
[0.724s] -- Up-to-date: /home/qianw/EECE5554/LAB3/install/imu_interface/include/imu_interface/imu_interface/msg/detail
[0.724s] -- Up-to-date: /home/qianw/EECE5554/LAB3/install/imu_interface/include/imu_interface/imu_interface/msg/detail/im_umsg__rosidl_typesupport_introspection_c.h
[0.724s] -- Up-to-date: /home/qianw/EECE5554/LAB3/install/imu_interface/include/imu_interface/imu_interface/msg/detail/im_umsg__type_support.c
[0.724s] -- Up-to-date: /home/qianw/EECE5554/LAB3/install/imu_interface/include/imu_interface/imu_interface/msg/rosidl_typesupport_introspection_c__visibility_control.h
[0.725s] -- Up-to-date: /home/qianw/EECE5554/LAB3/install/imu_interface/lib/libimu_interface__rosidl_typesupport_introspection_c.so
[0.726s] -- Up-to-date: /home/qianw/EECE5554/LAB3/install/imu_interface/lib/libimu_interface__rosidl_typesupport_c.so
[0.726s] -- Up-to-date: /home/qianw/EECE5554/LAB3/install/imu_interface/include/imu_interface/imu_interface
[0.726s] -- Up-to-date: /home/qianw/EECE5554/LAB3/install/imu_interface/include/imu_interface/imu_interface/msg
[0.726s] -- Up-to-date: /home/qianw/EECE5554/LAB3/install/imu_interface/include/imu_interface/imu_interface/msg/detail
[0.726s] -- Up-to-date: /home/qianw/EECE5554/LAB3/install/imu_interface/include/imu_interface/imu_interface/msg/detail/im_umsg__rosidl_typesupport_introspection_cpp.hpp
[0.726s] -- Up-to-date: /home/qianw/EECE5554/LAB3/install/imu_interface/include/imu_interface/imu_interface/msg/detail/im_umsg__type_support.cpp
[0.727s] -- Up-to-date: /home/qianw/EECE5554/LAB3/install/imu_interface/lib/libimu_interface__rosidl_typesupport_introspection_cpp.so
[0.728s] -- Up-to-date: /home/qianw/EECE5554/LAB3/install/imu_interface/lib/libimu_interface__rosidl_typesupport_cpp.so
[0.728s] -- Up-to-date: /home/qianw/EECE5554/LAB3/install/imu_interface/share/imu_interface/environment/pythonpath.sh
[0.728s] -- Up-to-date: /home/qianw/EECE5554/LAB3/install/imu_interface/share/imu_interface/environment/pythonpath.dsv
[0.729s] -- Up-to-date: /home/qianw/EECE5554/LAB3/install/imu_interface/local/lib/python3.10/dist-packages/imu_interface-0.0.0-py3.10.egg-info
[0.729s] -- Installing: /home/qianw/EECE5554/LAB3/install/imu_interface/local/lib/python3.10/dist-packages/imu_interface-0.0.0-py3.10.egg-info/PKG-INFO
[0.730s] -- Installing: /home/qianw/EECE5554/LAB3/install/imu_interface/local/lib/python3.10/dist-packages/imu_interface-0.0.0-py3.10.egg-info/top_level.txt
[0.730s] -- Installing: /home/qianw/EECE5554/LAB3/install/imu_interface/local/lib/python3.10/dist-packages/imu_interface-0.0.0-py3.10.egg-info/dependency_links.txt
[0.730s] -- Installing: /home/qianw/EECE5554/LAB3/install/imu_interface/local/lib/python3.10/dist-packages/imu_interface-0.0.0-py3.10.egg-info/SOURCES.txt
[0.730s] -- Up-to-date: /home/qianw/EECE5554/LAB3/install/imu_interface/local/lib/python3.10/dist-packages/imu_interface
[0.731s] -- Up-to-date: /home/qianw/EECE5554/LAB3/install/imu_interface/local/lib/python3.10/dist-packages/imu_interface/libimu_interface__rosidl_generator_py.so
[0.731s] -- Up-to-date: /home/qianw/EECE5554/LAB3/install/imu_interface/local/lib/python3.10/dist-packages/imu_interface/imu_interface_s__rosidl_typesupport_fastrtps_c.cpython-310-x86_64-linux-gnu.so
[0.731s] -- Up-to-date: /home/qianw/EECE5554/LAB3/install/imu_interface/local/lib/python3.10/dist-packages/imu_interface/_imu_interface_s.ep.rosidl_typesupport_c.c
[0.731s] -- Up-to-date: /home/qianw/EECE5554/LAB3/install/imu_interface/local/lib/python3.10/dist-packages/imu_interface/_imu_interface_s.ep.rosidl_typesupport_fastrtps_c.c
[0.731s] -- Up-to-date: /home/qianw/EECE5554/LAB3/install/imu_interface/local/lib/python3.10/dist-packages/imu_interface/imu_interface_s__rosidl_typesupport_c.cpython-310-x86_64-linux-gnu.so
[0.732s] -- Up-to-date: /home/qianw/EECE5554/LAB3/install/imu_interface/local/lib/python3.10/dist-packages/imu_interface/__init__.py
[0.732s] -- Up-to-date: /home/qianw/EECE5554/LAB3/install/imu_interface/local/lib/python3.10/dist-packages/imu_interface/_imu_interface_s.ep.rosidl_typesupport_introspection_c.c
[0.732s] -- Up-to-date: /home/qianw/EECE5554/LAB3/install/imu_interface/local/lib/python3.10/dist-packages/imu_interface/imu_interface_s__rosidl_typesupport_introspection_c.cpython-310-x86_64-linux-gnu.so
[0.732s] -- Up-to-date: /home/qianw/EECE5554/LAB3/install/imu_interface/local/lib/python3.10/dist-packages/imu_interface/msg
[0.732s] -- Up-to-date: /home/qianw/EECE5554/LAB3/install/imu_interface/local/lib/python3.10/dist-packages/imu_interface/msg/_im_umsg.py
[0.732s] -- Up-to-date: /home/qianw/EECE5554/LAB3/install/imu_interface/local/lib/python3.10/dist-packages/imu_interface/msg/__init__.py
[0.732s] -- Up-to-date: /home/qianw/EECE5554/LAB3/install/imu_interface/local/lib/python3.10/dist-packages/imu_interface/msg/_im_umsg_s.c
[0.782s] Listing '/home/qianw/EECE5554/LAB3/install/imu_interface/local/lib/python3.10/dist-packages/imu_interface'...
[0.782s] Listing '/home/qianw/EECE5554/LAB3/install/imu_interface/local/lib/python3.10/dist-packages/imu_interface/msg'...
[0.790s] -- Up-to-date: /home/qianw/EECE5554/LAB3/install/imu_interface/local/lib/python3.10/dist-packages/imu_interface/imu_interface_s__rosidl_typesupport_fastrtps_c.cpython-310-x86_64-linux-gnu.so
[0.791s] -- Up-to-date: /home/qianw/EECE5554/LAB3/install/imu_interface/local/lib/python3.10/dist-packages/imu_interface/imu_interface_s__rosidl_typesupport_introspection_c.cpython-310-x86_64-linux-gnu.so
[0.792s] -- Up-to-date: /home/qianw/EECE5554/LAB3/install/imu_interface/local/lib/python3.10/dist-packages/imu_interface/imu_interface_s__rosidl_typesupport_c.cpython-310-x86_64-linux-gnu.so
[0.794s] -- Up-to-date: /home/qianw/EECE5554/LAB3/install/imu_interface/lib/libimu_interface__rosidl_generator_py.so
[0.794s] -- Up-to-date: /home/qianw/EECE5554/LAB3/install/imu_interface/share/imu_interface/msg/IMUmsg.idl
[0.795s] -- Up-to-date: /home/qianw/EECE5554/LAB3/install/imu_interface/share/imu_interface/msg/IMUmsg.msg
[0.795s] -- Up-to-date: /home/qianw/EECE5554/LAB3/install/imu_interface/share/ament_index/resource_index/package_run_dependencies/imu_interface
[0.795s] -- Up-to-date: /home/qianw/EECE5554/LAB3/install/imu_interface/share/ament_index/resource_index/parent_prefix_path/imu_interface
[0.796s] -- Up-to-date: /home/qianw/EECE5554/LAB3/install/imu_interface/share/imu_interface/environment/ament_prefix_path.sh
[0.796s] -- Up-to-date: /home/qianw/EECE5554/LAB3/install/imu_interface/share/imu_interface/environment/ament_prefix_path.dsv
[0.796s] -- Up-to-date: /home/qianw/EECE5554/LAB3/install/imu_interface/share/imu_interface/environment/path.sh
[0.796s] -- Up-to-date: /home/qianw/EECE5554/LAB3/install/imu_interface/share/imu_interface/environment/path.dsv
[0.796s] -- Up-to-date: /home/qianw/EECE5554/LAB3/install/imu_interface/share/imu_interface/local_setup.bash
[0.796s] -- Up-to-date: /home/qianw/EECE5554/LAB3/install/imu_interface/share/imu_interface/local_setup.sh
[0.796s] -- Up-to-date: /home/qianw/EECE5554/LAB3/install/imu_interface/share/imu_interface/local_setup.zsh
[0.796s] -- Up-to-date: /home/qianw/EECE5554/LAB3/install/imu_interface/share/imu_interface/local_setup.dsv
[0.797s] -- Installing: /home/qianw/EECE5554/LAB3/install/imu_interface/share/imu_interface/package.dsv
[0.797s] -- Up-to-date: /home/qianw/EECE5554/LAB3/install/imu_interface/share/ament_index/resource_index/packages/imu_interface
[0.799s] -- Up-to-date: /home/qianw/EECE5554/LAB3/install/imu_interface/share/imu_interface/cmake/export_imu_interface__rosidl_generator_cExport.cmake
[0.800s] -- Up-to-date: /home/qianw/EECE5554/LAB3/install/imu_interface/share/imu_interface/cmake/export_imu_interface__rosidl_generator_cExport-noconfig.cmake
[0.801s] -- Up-to-date: /home/qianw/EECE5554/LAB3/install/imu_interface/share/imu_interface/cmake/export_imu_interface__rosidl_typesupport_fastrtps_cExport.cmake
[0.801s] -- Up-to-date: /home/qianw/EECE5554/LAB3/install/imu_interface/share/imu_interface/cmake/export_imu_interface__rosidl_typesupport_fastrtps_cExport-noconfig.cmake
[0.802s] -- Up-to-date: /home/qianw/EECE5554/LAB3/install/imu_interface/share/imu_interface/cmake/export_imu_interface__rosidl_generator_cppExport.cmake
[0.802s] -- Up-to-date: /home/qianw/EECE5554/LAB3/install/imu_interface/share/imu_interface/cmake/export_imu_interface__rosidl_typesupport_fastrtps_cppExport.cmake
[0.803s] -- Up-to-date: /home/qianw/EECE5554/LAB3/install/imu_interface/share/imu_interface/cmake/export_imu_interface__rosidl_typesupport_fastrtps_cppExport-noconfig.cmake
[0.803s] -- Up-to-date: /home/qianw/EECE5554/LAB3/install/imu_interface/share/imu_interface/cmake/imu_interface__rosidl_typesupport_introspection_cExport.cmake
[0.803s] -- Up-to-date: /home/qianw/EECE5554/LAB3/install/imu_interface/share/imu_interface/cmake/imu_interface__rosidl_typesupport_introspection_cExport-noconfig.cmake
[0.804s] -- Up-to-date: /home/qianw/EECE5554/LAB3/install/imu_interface/share/imu_interface/cmake/imu_interface__rosidl_typesupport_cExport.cmake
[0.804s] -- Up-to-date: /home/qianw/EECE5554/LAB3/install/imu_interface/share/imu_interface/cmake/imu_interface__rosidl_typesupport_cExport-noconfig.cmake
[0.805s] -- Up-to-date: /home/qianw/EECE5554/LAB3/install/imu_interface/share/imu_interface/cmake/imu_interface__rosidl_typesupport_introspection_cppExport.cmake
[0.805s] -- Up-to-date: /home/qianw/EECE5554/LAB3/install/imu_interface/share/imu_interface/cmake/imu_interface__rosidl_typesupport_introspection_cppExport-noconfig.cmake
[0.806s] -- Up-to-date: /home/qianw/EECE5554/LAB3/install/imu_interface/share/imu_interface/cmake/imu_interface__rosidl_typesupport_cppExport.cmake
[0.806s] -- Up-to-date: /home/qianw/EECE5554/LAB3/install/imu_interface/share/imu_interface/cmake/imu_interface__rosidl_typesupport_cppExport-noconfig.cmake
[0.807s] -- Up-to-date: /home/qianw/EECE5554/LAB3/install/imu_interface/share/imu_interface/cmake/export_imu_interface__rosidl_generator_pyExport.cmake
[0.807s] -- Up-to-date: /home/qianw/EECE5554/LAB3/install/imu_interface/share/imu_interface/cmake/export_imu_interface__rosidl_generator_pyExport-noconfig.cmake
[0.807s] -- Up-to-date: /home/qianw/EECE5554/LAB3/install/imu_interface/share/imu_interface/cmake/rosidl_cmake-extras.cmake
[0.807s] -- Up-to-date: /home/qianw/EECE5554/LAB3/install/imu_interface/share/imu_interface/cmake/ament_cmake_export_dependencies-extras.cmake
[0.807s] -- Up-to-date: /home/qianw/EECE5554/LAB3/install/imu_interface/share/imu_interface/cmake/ament_cmake_export_include_directories-extras.cmake
[0.807s] -- Up-to-date: /home/qianw/EECE5554/LAB3/install/imu_interface/share/imu_interface/cmake/ament_cmake_export_libraries-extras.cmake
[0.807s] -- Up-to-date: /home/qianw/EECE5554/LAB3/install/imu_interface/share/imu_interface/cmake/ament_cmake_export_targets-extras.cmake
[0.808s] -- Up-to-date: /home/qianw/EECE5554/LAB3/install/imu_interface/share/imu_interface/cmake/rosidl_cmake_export_typesupport_targets-extras.cmake
[0.808s] -- Up-to-date: /home/qianw/EECE5554/LAB3/install/imu_interface/share/imu_interface/cmake/rosidl_cmake_export_typesupport_libraries-extras.cmake
[0.808s] -- Up-to-date: /home/qianw/EECE5554/LAB3/install/imu_interface/share/imu_interface/cmake/imu_interfaceConfig.cmake
[0.808s] -- Up-to-date: /home/qianw/EECE5554/LAB3/install/imu_interface/share/imu_interface/cmake/imu_interfaceConfig-version.cmake
[0.808s] -- Up-to-date: /home/qianw/EECE5554/LAB3/install/imu_interface/share/imu_interface/package.xml
[0.810s] Invoked command in '/home/qianw/EECE5554/LAB3/build/imu_interface' returned '0': CMAKE_PREFIX_PATH=/opt/ros/humble /usr/bin/cmake --install /home/qianw/EECE5554/LAB3/build/imu_interface
