[0.919s] Invoking command in '/home/qianw/EECE5554/LAB1/src/gps_driver': PYTHONPATH=/home/qianw/EECE5554/LAB1/build/gps_driver/prefix_override:/usr/lib/python3/dist-packages/colcon_core/task/python/colcon_distutils_commands:/home/qianw/EECE5554/LAB1/install/gps_driver/lib/python3.10/site-packages:${PYTHONPATH} /usr/bin/python3 -W ignore:setup.py install is deprecated -W ignore:easy_install command is deprecated setup.py egg_info --egg-base ../../build/gps_driver build --build-base /home/qianw/EECE5554/LAB1/build/gps_driver/build install --record /home/qianw/EECE5554/LAB1/build/gps_driver/install.log --single-version-externally-managed install_data
[1.292s] running egg_info
[1.293s] writing ../../build/gps_driver/gps_driver.egg-info/PKG-INFO
[1.293s] writing dependency_links to ../../build/gps_driver/gps_driver.egg-info/dependency_links.txt
[1.294s] writing entry points to ../../build/gps_driver/gps_driver.egg-info/entry_points.txt
[1.294s] writing requirements to ../../build/gps_driver/gps_driver.egg-info/requires.txt
[1.294s] writing top-level names to ../../build/gps_driver/gps_driver.egg-info/top_level.txt
[1.296s] reading manifest file '../../build/gps_driver/gps_driver.egg-info/SOURCES.txt'
[1.298s] adding license file 'LICENSE'
[1.298s] writing manifest file '../../build/gps_driver/gps_driver.egg-info/SOURCES.txt'
[1.298s] running build
[1.298s] running build_py
[1.299s] copying gps_driver/driver.py -> /home/qianw/EECE5554/LAB1/build/gps_driver/build/lib/gps_driver
[1.299s] running install
[1.299s] running install_lib
[1.301s] copying /home/qianw/EECE5554/LAB1/build/gps_driver/build/lib/gps_driver/driver.py -> /home/qianw/EECE5554/LAB1/install/gps_driver/lib/python3.10/site-packages/gps_driver
[1.301s] byte-compiling /home/qianw/EECE5554/LAB1/install/gps_driver/lib/python3.10/site-packages/gps_driver/driver.py to driver.cpython-310.pyc
[1.303s] running install_data
[1.305s] copying launch/gps_launch.py -> /home/qianw/EECE5554/LAB1/install/gps_driver/share/gps_driver/launch
[1.305s] running install_egg_info
[1.306s] removing '/home/qianw/EECE5554/LAB1/install/gps_driver/lib/python3.10/site-packages/gps_driver-0.0.0-py3.10.egg-info' (and everything under it)
[1.306s] Copying ../../build/gps_driver/gps_driver.egg-info to /home/qianw/EECE5554/LAB1/install/gps_driver/lib/python3.10/site-packages/gps_driver-0.0.0-py3.10.egg-info
[1.308s] running install_scripts
[1.338s] Installing gps_driver script to /home/qianw/EECE5554/LAB1/install/gps_driver/lib/gps_driver
[1.339s] writing list of installed files to '/home/qianw/EECE5554/LAB1/build/gps_driver/install.log'
[1.371s] Invoked command in '/home/qianw/EECE5554/LAB1/src/gps_driver' returned '0': PYTHONPATH=/home/qianw/EECE5554/LAB1/build/gps_driver/prefix_override:/usr/lib/python3/dist-packages/colcon_core/task/python/colcon_distutils_commands:/home/qianw/EECE5554/LAB1/install/gps_driver/lib/python3.10/site-packages:${PYTHONPATH} /usr/bin/python3 -W ignore:setup.py install is deprecated -W ignore:easy_install command is deprecated setup.py egg_info --egg-base ../../build/gps_driver build --build-base /home/qianw/EECE5554/LAB1/build/gps_driver/build install --record /home/qianw/EECE5554/LAB1/build/gps_driver/install.log --single-version-externally-managed install_data
