[0.020s] Invoking command in '/home/qianw/EECE5554/LAB4/src/build/gps_interface': CMAKE_PREFIX_PATH=/opt/ros/humble /usr/bin/cmake --build /home/qianw/EECE5554/LAB4/src/build/gps_interface -- -j8 -l8
[0.087s] [35m[1mConsolidate compiler generated dependencies of target gps_interface__rosidl_generator_c[0m
[0.102s] [  3%] Built target gps_interface__cpp
[0.103s] [ 12%] Built target gps_interface__rosidl_generator_c
[0.119s] [35m[1mConsolidate compiler generated dependencies of target gps_interface__rosidl_typesupport_cpp[0m
[0.119s] [35m[1mConsolidate compiler generated dependencies of target gps_interface__rosidl_typesupport_fastrtps_cpp[0m
[0.124s] [35m[1mConsolidate compiler generated dependencies of target gps_interface__rosidl_typesupport_introspection_cpp[0m
[0.144s] [ 12%] Built target ament_cmake_python_copy_gps_interface
[0.161s] [ 22%] Built target gps_interface__rosidl_typesupport_introspection_cpp
[0.163s] [ 32%] Built target gps_interface__rosidl_typesupport_cpp
[0.164s] [ 41%] Built target gps_interface__rosidl_typesupport_fastrtps_cpp
[0.168s] [35m[1mConsolidate compiler generated dependencies of target gps_interface__rosidl_typesupport_fastrtps_c[0m
[0.169s] [35m[1mConsolidate compiler generated dependencies of target gps_interface__rosidl_typesupport_introspection_c[0m
[0.184s] [35m[1mConsolidate compiler generated dependencies of target gps_interface__rosidl_typesupport_c[0m
[0.195s] [ 51%] Built target gps_interface__rosidl_typesupport_fastrtps_c
[0.197s] [ 61%] Built target gps_interface__rosidl_typesupport_introspection_c
[0.201s] [ 70%] Built target gps_interface__rosidl_typesupport_c
[0.232s] [ 70%] Built target gps_interface
[0.264s] [ 74%] Built target gps_interface__py
[0.280s] [35m[1mConsolidate compiler generated dependencies of target gps_interface__rosidl_generator_py[0m
[0.298s] [ 80%] Built target gps_interface__rosidl_generator_py
[0.317s] [35m[1mConsolidate compiler generated dependencies of target gps_interface__rosidl_typesupport_fastrtps_c__pyext[0m
[0.317s] [35m[1mConsolidate compiler generated dependencies of target gps_interface__rosidl_typesupport_introspection_c__pyext[0m
[0.318s] [35m[1mConsolidate compiler generated dependencies of target gps_interface__rosidl_typesupport_c__pyext[0m
[0.338s] [ 87%] Built target gps_interface__rosidl_typesupport_fastrtps_c__pyext
[0.340s] [ 93%] Built target gps_interface__rosidl_typesupport_introspection_c__pyext
[0.342s] [100%] Built target gps_interface__rosidl_typesupport_c__pyext
[0.591s] running egg_info
[0.593s] writing gps_interface.egg-info/PKG-INFO
[0.593s] writing dependency_links to gps_interface.egg-info/dependency_links.txt
[0.594s] writing top-level names to gps_interface.egg-info/top_level.txt
[0.597s] reading manifest file 'gps_interface.egg-info/SOURCES.txt'
[0.598s] writing manifest file 'gps_interface.egg-info/SOURCES.txt'
[0.639s] [100%] Built target ament_cmake_python_build_gps_interface_egg
[0.655s] Invoked command in '/home/qianw/EECE5554/LAB4/src/build/gps_interface' returned '0': CMAKE_PREFIX_PATH=/opt/ros/humble /usr/bin/cmake --build /home/qianw/EECE5554/LAB4/src/build/gps_interface -- -j8 -l8
[0.670s] Invoking command in '/home/qianw/EECE5554/LAB4/src/build/gps_interface': CMAKE_PREFIX_PATH=/opt/ros/humble /usr/bin/cmake --install /home/qianw/EECE5554/LAB4/src/build/gps_interface
[0.681s] -- Install configuration: ""
[0.682s] -- Up-to-date: /home/qianw/EECE5554/LAB4/src/install/gps_interface/share/ament_index/resource_index/rosidl_interfaces/gps_interface
[0.682s] -- Up-to-date: /home/qianw/EECE5554/LAB4/src/install/gps_interface/include/gps_interface/gps_interface
[0.682s] -- Up-to-date: /home/qianw/EECE5554/LAB4/src/install/gps_interface/include/gps_interface/gps_interface/msg
[0.682s] -- Up-to-date: /home/qianw/EECE5554/LAB4/src/install/gps_interface/include/gps_interface/gps_interface/msg/gp_smsg.h
[0.683s] -- Up-to-date: /home/qianw/EECE5554/LAB4/src/install/gps_interface/include/gps_interface/gps_interface/msg/detail
[0.683s] -- Up-to-date: /home/qianw/EECE5554/LAB4/src/install/gps_interface/include/gps_interface/gps_interface/msg/detail/gp_smsg__functions.h
[0.683s] -- Up-to-date: /home/qianw/EECE5554/LAB4/src/install/gps_interface/include/gps_interface/gps_interface/msg/detail/gp_smsg__type_support.h
[0.683s] -- Up-to-date: /home/qianw/EECE5554/LAB4/src/install/gps_interface/include/gps_interface/gps_interface/msg/detail/gp_smsg__functions.c
[0.684s] -- Up-to-date: /home/qianw/EECE5554/LAB4/src/install/gps_interface/include/gps_interface/gps_interface/msg/detail/gp_smsg__struct.h
[0.684s] -- Up-to-date: /home/qianw/EECE5554/LAB4/src/install/gps_interface/include/gps_interface/gps_interface/msg/rosidl_generator_c__visibility_control.h
[0.684s] -- Up-to-date: /home/qianw/EECE5554/LAB4/src/install/gps_interface/share/gps_interface/environment/library_path.sh
[0.684s] -- Up-to-date: /home/qianw/EECE5554/LAB4/src/install/gps_interface/share/gps_interface/environment/library_path.dsv
[0.684s] -- Up-to-date: /home/qianw/EECE5554/LAB4/src/install/gps_interface/lib/libgps_interface__rosidl_generator_c.so
[0.685s] -- Up-to-date: /home/qianw/EECE5554/LAB4/src/install/gps_interface/include/gps_interface/gps_interface
[0.685s] -- Up-to-date: /home/qianw/EECE5554/LAB4/src/install/gps_interface/include/gps_interface/gps_interface/msg
[0.685s] -- Up-to-date: /home/qianw/EECE5554/LAB4/src/install/gps_interface/include/gps_interface/gps_interface/msg/detail
[0.685s] -- Up-to-date: /home/qianw/EECE5554/LAB4/src/install/gps_interface/include/gps_interface/gps_interface/msg/detail/gp_smsg__rosidl_typesupport_fastrtps_c.h
[0.685s] -- Up-to-date: /home/qianw/EECE5554/LAB4/src/install/gps_interface/include/gps_interface/gps_interface/msg/rosidl_typesupport_fastrtps_c__visibility_control.h
[0.685s] -- Up-to-date: /home/qianw/EECE5554/LAB4/src/install/gps_interface/lib/libgps_interface__rosidl_typesupport_fastrtps_c.so
[0.685s] -- Up-to-date: /home/qianw/EECE5554/LAB4/src/install/gps_interface/include/gps_interface/gps_interface
[0.686s] -- Up-to-date: /home/qianw/EECE5554/LAB4/src/install/gps_interface/include/gps_interface/gps_interface/msg
[0.686s] -- Up-to-date: /home/qianw/EECE5554/LAB4/src/install/gps_interface/include/gps_interface/gps_interface/msg/detail
[0.686s] -- Up-to-date: /home/qianw/EECE5554/LAB4/src/install/gps_interface/include/gps_interface/gps_interface/msg/detail/gp_smsg__rosidl_typesupport_introspection_c.h
[0.687s] -- Up-to-date: /home/qianw/EECE5554/LAB4/src/install/gps_interface/include/gps_interface/gps_interface/msg/detail/gp_smsg__type_support.c
[0.687s] -- Up-to-date: /home/qianw/EECE5554/LAB4/src/install/gps_interface/include/gps_interface/gps_interface/msg/rosidl_typesupport_introspection_c__visibility_control.h
[0.687s] -- Up-to-date: /home/qianw/EECE5554/LAB4/src/install/gps_interface/lib/libgps_interface__rosidl_typesupport_introspection_c.so
[0.687s] -- Up-to-date: /home/qianw/EECE5554/LAB4/src/install/gps_interface/lib/libgps_interface__rosidl_typesupport_c.so
[0.687s] -- Up-to-date: /home/qianw/EECE5554/LAB4/src/install/gps_interface/include/gps_interface/gps_interface
[0.687s] -- Up-to-date: /home/qianw/EECE5554/LAB4/src/install/gps_interface/include/gps_interface/gps_interface/msg
[0.688s] -- Up-to-date: /home/qianw/EECE5554/LAB4/src/install/gps_interface/include/gps_interface/gps_interface/msg/rosidl_generator_cpp__visibility_control.hpp
[0.688s] -- Up-to-date: /home/qianw/EECE5554/LAB4/src/install/gps_interface/include/gps_interface/gps_interface/msg/detail
[0.688s] -- Up-to-date: /home/qianw/EECE5554/LAB4/src/install/gps_interface/include/gps_interface/gps_interface/msg/detail/gp_smsg__type_support.hpp
[0.688s] -- Up-to-date: /home/qianw/EECE5554/LAB4/src/install/gps_interface/include/gps_interface/gps_interface/msg/detail/gp_smsg__builder.hpp
[0.688s] -- Up-to-date: /home/qianw/EECE5554/LAB4/src/install/gps_interface/include/gps_interface/gps_interface/msg/detail/gp_smsg__struct.hpp
[0.689s] -- Up-to-date: /home/qianw/EECE5554/LAB4/src/install/gps_interface/include/gps_interface/gps_interface/msg/detail/gp_smsg__traits.hpp
[0.689s] -- Up-to-date: /home/qianw/EECE5554/LAB4/src/install/gps_interface/include/gps_interface/gps_interface/msg/gp_smsg.hpp
[0.689s] -- Up-to-date: /home/qianw/EECE5554/LAB4/src/install/gps_interface/include/gps_interface/gps_interface
[0.689s] -- Up-to-date: /home/qianw/EECE5554/LAB4/src/install/gps_interface/include/gps_interface/gps_interface/msg
[0.690s] -- Up-to-date: /home/qianw/EECE5554/LAB4/src/install/gps_interface/include/gps_interface/gps_interface/msg/detail
[0.690s] -- Up-to-date: /home/qianw/EECE5554/LAB4/src/install/gps_interface/include/gps_interface/gps_interface/msg/detail/gp_smsg__rosidl_typesupport_fastrtps_cpp.hpp
[0.690s] -- Up-to-date: /home/qianw/EECE5554/LAB4/src/install/gps_interface/include/gps_interface/gps_interface/msg/detail/dds_fastrtps
[0.690s] -- Up-to-date: /home/qianw/EECE5554/LAB4/src/install/gps_interface/include/gps_interface/gps_interface/msg/rosidl_typesupport_fastrtps_cpp__visibility_control.h
[0.692s] -- Up-to-date: /home/qianw/EECE5554/LAB4/src/install/gps_interface/lib/libgps_interface__rosidl_typesupport_fastrtps_cpp.so
[0.692s] -- Up-to-date: /home/qianw/EECE5554/LAB4/src/install/gps_interface/include/gps_interface/gps_interface
[0.692s] -- Up-to-date: /home/qianw/EECE5554/LAB4/src/install/gps_interface/include/gps_interface/gps_interface/msg
[0.693s] -- Up-to-date: /home/qianw/EECE5554/LAB4/src/install/gps_interface/include/gps_interface/gps_interface/msg/detail
[0.693s] -- Up-to-date: /home/qianw/EECE5554/LAB4/src/install/gps_interface/include/gps_interface/gps_interface/msg/detail/gp_smsg__rosidl_typesupport_introspection_cpp.hpp
[0.693s] -- Up-to-date: /home/qianw/EECE5554/LAB4/src/install/gps_interface/include/gps_interface/gps_interface/msg/detail/gp_smsg__type_support.cpp
[0.693s] -- Up-to-date: /home/qianw/EECE5554/LAB4/src/install/gps_interface/lib/libgps_interface__rosidl_typesupport_introspection_cpp.so
[0.693s] -- Up-to-date: /home/qianw/EECE5554/LAB4/src/install/gps_interface/lib/libgps_interface__rosidl_typesupport_cpp.so
[0.693s] -- Up-to-date: /home/qianw/EECE5554/LAB4/src/install/gps_interface/share/gps_interface/environment/pythonpath.sh
[0.693s] -- Up-to-date: /home/qianw/EECE5554/LAB4/src/install/gps_interface/share/gps_interface/environment/pythonpath.dsv
[0.693s] -- Up-to-date: /home/qianw/EECE5554/LAB4/src/install/gps_interface/local/lib/python3.10/dist-packages/gps_interface-0.0.0-py3.10.egg-info
[0.693s] -- Installing: /home/qianw/EECE5554/LAB4/src/install/gps_interface/local/lib/python3.10/dist-packages/gps_interface-0.0.0-py3.10.egg-info/PKG-INFO
[0.693s] -- Installing: /home/qianw/EECE5554/LAB4/src/install/gps_interface/local/lib/python3.10/dist-packages/gps_interface-0.0.0-py3.10.egg-info/top_level.txt
[0.696s] -- Installing: /home/qianw/EECE5554/LAB4/src/install/gps_interface/local/lib/python3.10/dist-packages/gps_interface-0.0.0-py3.10.egg-info/dependency_links.txt
[0.697s] -- Installing: /home/qianw/EECE5554/LAB4/src/install/gps_interface/local/lib/python3.10/dist-packages/gps_interface-0.0.0-py3.10.egg-info/SOURCES.txt
[0.697s] -- Up-to-date: /home/qianw/EECE5554/LAB4/src/install/gps_interface/local/lib/python3.10/dist-packages/gps_interface
[0.697s] -- Up-to-date: /home/qianw/EECE5554/LAB4/src/install/gps_interface/local/lib/python3.10/dist-packages/gps_interface/_gps_interface_s.ep.rosidl_typesupport_fastrtps_c.c
[0.697s] -- Up-to-date: /home/qianw/EECE5554/LAB4/src/install/gps_interface/local/lib/python3.10/dist-packages/gps_interface/gps_interface_s__rosidl_typesupport_introspection_c.cpython-310-x86_64-linux-gnu.so
[0.697s] -- Up-to-date: /home/qianw/EECE5554/LAB4/src/install/gps_interface/local/lib/python3.10/dist-packages/gps_interface/libgps_interface__rosidl_generator_py.so
[0.697s] -- Up-to-date: /home/qianw/EECE5554/LAB4/src/install/gps_interface/local/lib/python3.10/dist-packages/gps_interface/__init__.py
[0.698s] -- Up-to-date: /home/qianw/EECE5554/LAB4/src/install/gps_interface/local/lib/python3.10/dist-packages/gps_interface/_gps_interface_s.ep.rosidl_typesupport_c.c
[0.698s] -- Up-to-date: /home/qianw/EECE5554/LAB4/src/install/gps_interface/local/lib/python3.10/dist-packages/gps_interface/gps_interface_s__rosidl_typesupport_c.cpython-310-x86_64-linux-gnu.so
[0.698s] -- Up-to-date: /home/qianw/EECE5554/LAB4/src/install/gps_interface/local/lib/python3.10/dist-packages/gps_interface/gps_interface_s__rosidl_typesupport_fastrtps_c.cpython-310-x86_64-linux-gnu.so
[0.698s] -- Up-to-date: /home/qianw/EECE5554/LAB4/src/install/gps_interface/local/lib/python3.10/dist-packages/gps_interface/_gps_interface_s.ep.rosidl_typesupport_introspection_c.c
[0.698s] -- Up-to-date: /home/qianw/EECE5554/LAB4/src/install/gps_interface/local/lib/python3.10/dist-packages/gps_interface/msg
[0.699s] -- Up-to-date: /home/qianw/EECE5554/LAB4/src/install/gps_interface/local/lib/python3.10/dist-packages/gps_interface/msg/_gp_smsg_s.c
[0.699s] -- Up-to-date: /home/qianw/EECE5554/LAB4/src/install/gps_interface/local/lib/python3.10/dist-packages/gps_interface/msg/_gp_smsg.py
[0.701s] -- Up-to-date: /home/qianw/EECE5554/LAB4/src/install/gps_interface/local/lib/python3.10/dist-packages/gps_interface/msg/__init__.py
[0.739s] Listing '/home/qianw/EECE5554/LAB4/src/install/gps_interface/local/lib/python3.10/dist-packages/gps_interface'...
[0.739s] Listing '/home/qianw/EECE5554/LAB4/src/install/gps_interface/local/lib/python3.10/dist-packages/gps_interface/msg'...
[0.746s] -- Up-to-date: /home/qianw/EECE5554/LAB4/src/install/gps_interface/local/lib/python3.10/dist-packages/gps_interface/gps_interface_s__rosidl_typesupport_fastrtps_c.cpython-310-x86_64-linux-gnu.so
[0.746s] -- Up-to-date: /home/qianw/EECE5554/LAB4/src/install/gps_interface/local/lib/python3.10/dist-packages/gps_interface/gps_interface_s__rosidl_typesupport_introspection_c.cpython-310-x86_64-linux-gnu.so
[0.746s] -- Up-to-date: /home/qianw/EECE5554/LAB4/src/install/gps_interface/local/lib/python3.10/dist-packages/gps_interface/gps_interface_s__rosidl_typesupport_c.cpython-310-x86_64-linux-gnu.so
[0.747s] -- Up-to-date: /home/qianw/EECE5554/LAB4/src/install/gps_interface/lib/libgps_interface__rosidl_generator_py.so
[0.747s] -- Up-to-date: /home/qianw/EECE5554/LAB4/src/install/gps_interface/share/gps_interface/msg/GPSmsg.idl
[0.747s] -- Up-to-date: /home/qianw/EECE5554/LAB4/src/install/gps_interface/share/gps_interface/msg/GPSmsg.msg
[0.748s] -- Up-to-date: /home/qianw/EECE5554/LAB4/src/install/gps_interface/share/ament_index/resource_index/package_run_dependencies/gps_interface
[0.748s] -- Up-to-date: /home/qianw/EECE5554/LAB4/src/install/gps_interface/share/ament_index/resource_index/parent_prefix_path/gps_interface
[0.748s] -- Up-to-date: /home/qianw/EECE5554/LAB4/src/install/gps_interface/share/gps_interface/environment/ament_prefix_path.sh
[0.748s] -- Up-to-date: /home/qianw/EECE5554/LAB4/src/install/gps_interface/share/gps_interface/environment/ament_prefix_path.dsv
[0.748s] -- Up-to-date: /home/qianw/EECE5554/LAB4/src/install/gps_interface/share/gps_interface/environment/path.sh
[0.748s] -- Up-to-date: /home/qianw/EECE5554/LAB4/src/install/gps_interface/share/gps_interface/environment/path.dsv
[0.748s] -- Up-to-date: /home/qianw/EECE5554/LAB4/src/install/gps_interface/share/gps_interface/local_setup.bash
[0.749s] -- Up-to-date: /home/qianw/EECE5554/LAB4/src/install/gps_interface/share/gps_interface/local_setup.sh
[0.749s] -- Up-to-date: /home/qianw/EECE5554/LAB4/src/install/gps_interface/share/gps_interface/local_setup.zsh
[0.749s] -- Up-to-date: /home/qianw/EECE5554/LAB4/src/install/gps_interface/share/gps_interface/local_setup.dsv
[0.749s] -- Installing: /home/qianw/EECE5554/LAB4/src/install/gps_interface/share/gps_interface/package.dsv
[0.749s] -- Up-to-date: /home/qianw/EECE5554/LAB4/src/install/gps_interface/share/ament_index/resource_index/packages/gps_interface
[0.749s] -- Up-to-date: /home/qianw/EECE5554/LAB4/src/install/gps_interface/share/gps_interface/cmake/export_gps_interface__rosidl_generator_cExport.cmake
[0.749s] -- Up-to-date: /home/qianw/EECE5554/LAB4/src/install/gps_interface/share/gps_interface/cmake/export_gps_interface__rosidl_generator_cExport-noconfig.cmake
[0.749s] -- Up-to-date: /home/qianw/EECE5554/LAB4/src/install/gps_interface/share/gps_interface/cmake/export_gps_interface__rosidl_typesupport_fastrtps_cExport.cmake
[0.750s] -- Up-to-date: /home/qianw/EECE5554/LAB4/src/install/gps_interface/share/gps_interface/cmake/export_gps_interface__rosidl_typesupport_fastrtps_cExport-noconfig.cmake
[0.750s] -- Up-to-date: /home/qianw/EECE5554/LAB4/src/install/gps_interface/share/gps_interface/cmake/gps_interface__rosidl_typesupport_introspection_cExport.cmake
[0.750s] -- Up-to-date: /home/qianw/EECE5554/LAB4/src/install/gps_interface/share/gps_interface/cmake/gps_interface__rosidl_typesupport_introspection_cExport-noconfig.cmake
[0.750s] -- Up-to-date: /home/qianw/EECE5554/LAB4/src/install/gps_interface/share/gps_interface/cmake/gps_interface__rosidl_typesupport_cExport.cmake
[0.750s] -- Up-to-date: /home/qianw/EECE5554/LAB4/src/install/gps_interface/share/gps_interface/cmake/gps_interface__rosidl_typesupport_cExport-noconfig.cmake
[0.750s] -- Up-to-date: /home/qianw/EECE5554/LAB4/src/install/gps_interface/share/gps_interface/cmake/export_gps_interface__rosidl_generator_cppExport.cmake
[0.750s] -- Up-to-date: /home/qianw/EECE5554/LAB4/src/install/gps_interface/share/gps_interface/cmake/export_gps_interface__rosidl_typesupport_fastrtps_cppExport.cmake
[0.751s] -- Up-to-date: /home/qianw/EECE5554/LAB4/src/install/gps_interface/share/gps_interface/cmake/export_gps_interface__rosidl_typesupport_fastrtps_cppExport-noconfig.cmake
[0.751s] -- Up-to-date: /home/qianw/EECE5554/LAB4/src/install/gps_interface/share/gps_interface/cmake/gps_interface__rosidl_typesupport_introspection_cppExport.cmake
[0.751s] -- Up-to-date: /home/qianw/EECE5554/LAB4/src/install/gps_interface/share/gps_interface/cmake/gps_interface__rosidl_typesupport_introspection_cppExport-noconfig.cmake
[0.751s] -- Up-to-date: /home/qianw/EECE5554/LAB4/src/install/gps_interface/share/gps_interface/cmake/gps_interface__rosidl_typesupport_cppExport.cmake
[0.751s] -- Up-to-date: /home/qianw/EECE5554/LAB4/src/install/gps_interface/share/gps_interface/cmake/gps_interface__rosidl_typesupport_cppExport-noconfig.cmake
[0.751s] -- Up-to-date: /home/qianw/EECE5554/LAB4/src/install/gps_interface/share/gps_interface/cmake/export_gps_interface__rosidl_generator_pyExport.cmake
[0.751s] -- Up-to-date: /home/qianw/EECE5554/LAB4/src/install/gps_interface/share/gps_interface/cmake/export_gps_interface__rosidl_generator_pyExport-noconfig.cmake
[0.752s] -- Up-to-date: /home/qianw/EECE5554/LAB4/src/install/gps_interface/share/gps_interface/cmake/rosidl_cmake-extras.cmake
[0.752s] -- Up-to-date: /home/qianw/EECE5554/LAB4/src/install/gps_interface/share/gps_interface/cmake/ament_cmake_export_dependencies-extras.cmake
[0.753s] -- Up-to-date: /home/qianw/EECE5554/LAB4/src/install/gps_interface/share/gps_interface/cmake/ament_cmake_export_include_directories-extras.cmake
[0.754s] -- Up-to-date: /home/qianw/EECE5554/LAB4/src/install/gps_interface/share/gps_interface/cmake/ament_cmake_export_libraries-extras.cmake
[0.754s] -- Up-to-date: /home/qianw/EECE5554/LAB4/src/install/gps_interface/share/gps_interface/cmake/ament_cmake_export_targets-extras.cmake
[0.754s] -- Up-to-date: /home/qianw/EECE5554/LAB4/src/install/gps_interface/share/gps_interface/cmake/rosidl_cmake_export_typesupport_targets-extras.cmake
[0.754s] -- Up-to-date: /home/qianw/EECE5554/LAB4/src/install/gps_interface/share/gps_interface/cmake/rosidl_cmake_export_typesupport_libraries-extras.cmake
[0.754s] -- Up-to-date: /home/qianw/EECE5554/LAB4/src/install/gps_interface/share/gps_interface/cmake/gps_interfaceConfig.cmake
[0.754s] -- Up-to-date: /home/qianw/EECE5554/LAB4/src/install/gps_interface/share/gps_interface/cmake/gps_interfaceConfig-version.cmake
[0.754s] -- Up-to-date: /home/qianw/EECE5554/LAB4/src/install/gps_interface/share/gps_interface/package.xml
[0.758s] Invoked command in '/home/qianw/EECE5554/LAB4/src/build/gps_interface' returned '0': CMAKE_PREFIX_PATH=/opt/ros/humble /usr/bin/cmake --install /home/qianw/EECE5554/LAB4/src/build/gps_interface
