[0.586s] DEBUG:colcon:Command line arguments: ['/usr/bin/colcon', 'build']
[0.586s] DEBUG:colcon:Parsed command line arguments: Namespace(log_base=None, log_level=None, verb_name='build', build_base='build', install_base='install', merge_install=False, symlink_install=False, test_result_base=None, continue_on_error=False, executor='parallel', parallel_workers=8, event_handlers=None, ignore_user_meta=False, metas=['./colcon.meta'], base_paths=['.'], packages_ignore=None, packages_ignore_regex=None, paths=None, packages_up_to=None, packages_up_to_regex=None, packages_above=None, packages_above_and_dependencies=None, packages_above_depth=None, packages_select_by_dep=None, packages_skip_by_dep=None, packages_skip_up_to=None, packages_select_build_failed=False, packages_skip_build_finished=False, packages_select_test_failures=False, packages_skip_test_passed=False, packages_select=None, packages_skip=None, packages_select_regex=None, packages_skip_regex=None, packages_start=None, packages_end=None, allow_overriding=[], cmake_args=None, cmake_target=None, cmake_target_skip_unavailable=False, cmake_clean_cache=False, cmake_clean_first=False, cmake_force_configure=False, ament_cmake_args=None, catkin_cmake_args=None, catkin_skip_building_tests=False, mixin_files=None, mixin=None, verb_parser=<colcon_mixin.mixin.mixin_argument.MixinArgumentDecorator object at 0x77c8b7d65210>, verb_extension=<colcon_core.verb.build.BuildVerb object at 0x77c8b7d641c0>, main=<bound method BuildVerb.main of <colcon_core.verb.build.BuildVerb object at 0x77c8b7d641c0>>, mixin_verb=('build',))
[1.297s] Level 1:colcon.colcon_core.package_discovery:discover_packages(colcon_meta) check parameters
[1.298s] Level 1:colcon.colcon_core.package_discovery:discover_packages(recursive) check parameters
[1.298s] Level 1:colcon.colcon_core.package_discovery:discover_packages(ignore) check parameters
[1.298s] Level 1:colcon.colcon_core.package_discovery:discover_packages(path) check parameters
[1.298s] Level 1:colcon.colcon_core.package_discovery:discover_packages(colcon_meta) discover
[1.298s] Level 1:colcon.colcon_core.package_discovery:discover_packages(recursive) discover
[1.298s] INFO:colcon.colcon_core.package_discovery:Crawling recursively for packages in '/home/qianw/EECE5554/LAB3'
[1.298s] Level 1:colcon.colcon_core.package_identification:_identify(.) by extensions ['ignore', 'ignore_ament_install']
[1.299s] Level 1:colcon.colcon_core.package_identification:_identify(.) by extension 'ignore'
[1.299s] Level 1:colcon.colcon_core.package_identification:_identify(.) by extension 'ignore_ament_install'
[1.299s] Level 1:colcon.colcon_core.package_identification:_identify(.) by extensions ['colcon_pkg']
[1.299s] Level 1:colcon.colcon_core.package_identification:_identify(.) by extension 'colcon_pkg'
[1.299s] Level 1:colcon.colcon_core.package_identification:_identify(.) by extensions ['colcon_meta']
[1.299s] Level 1:colcon.colcon_core.package_identification:_identify(.) by extension 'colcon_meta'
[1.300s] Level 1:colcon.colcon_core.package_identification:_identify(.) by extensions ['ros']
[1.300s] Level 1:colcon.colcon_core.package_identification:_identify(.) by extension 'ros'
[1.326s] Level 1:colcon.colcon_core.package_identification:_identify(.) by extensions ['cmake', 'python']
[1.326s] Level 1:colcon.colcon_core.package_identification:_identify(.) by extension 'cmake'
[1.326s] Level 1:colcon.colcon_core.package_identification:_identify(.) by extension 'python'
[1.327s] Level 1:colcon.colcon_core.package_identification:_identify(.) by extensions ['python_setup_py']
[1.327s] Level 1:colcon.colcon_core.package_identification:_identify(.) by extension 'python_setup_py'
[1.327s] Level 1:colcon.colcon_core.package_identification:_identify(build) by extensions ['ignore', 'ignore_ament_install']
[1.327s] Level 1:colcon.colcon_core.package_identification:_identify(build) by extension 'ignore'
[1.327s] Level 1:colcon.colcon_core.package_identification:_identify(build) ignored
[1.327s] Level 1:colcon.colcon_core.package_identification:_identify(install) by extensions ['ignore', 'ignore_ament_install']
[1.328s] Level 1:colcon.colcon_core.package_identification:_identify(install) by extension 'ignore'
[1.328s] Level 1:colcon.colcon_core.package_identification:_identify(install) ignored
[1.328s] Level 1:colcon.colcon_core.package_identification:_identify(log) by extensions ['ignore', 'ignore_ament_install']
[1.328s] Level 1:colcon.colcon_core.package_identification:_identify(log) by extension 'ignore'
[1.328s] Level 1:colcon.colcon_core.package_identification:_identify(log) ignored
[1.328s] Level 1:colcon.colcon_core.package_identification:_identify(src) by extensions ['ignore', 'ignore_ament_install']
[1.328s] Level 1:colcon.colcon_core.package_identification:_identify(src) by extension 'ignore'
[1.329s] Level 1:colcon.colcon_core.package_identification:_identify(src) by extension 'ignore_ament_install'
[1.329s] Level 1:colcon.colcon_core.package_identification:_identify(src) by extensions ['colcon_pkg']
[1.329s] Level 1:colcon.colcon_core.package_identification:_identify(src) by extension 'colcon_pkg'
[1.329s] Level 1:colcon.colcon_core.package_identification:_identify(src) by extensions ['colcon_meta']
[1.329s] Level 1:colcon.colcon_core.package_identification:_identify(src) by extension 'colcon_meta'
[1.329s] Level 1:colcon.colcon_core.package_identification:_identify(src) by extensions ['ros']
[1.329s] Level 1:colcon.colcon_core.package_identification:_identify(src) by extension 'ros'
[1.329s] Level 1:colcon.colcon_core.package_identification:_identify(src) by extensions ['cmake', 'python']
[1.329s] Level 1:colcon.colcon_core.package_identification:_identify(src) by extension 'cmake'
[1.329s] Level 1:colcon.colcon_core.package_identification:_identify(src) by extension 'python'
[1.329s] Level 1:colcon.colcon_core.package_identification:_identify(src) by extensions ['python_setup_py']
[1.329s] Level 1:colcon.colcon_core.package_identification:_identify(src) by extension 'python_setup_py'
[1.330s] Level 1:colcon.colcon_core.package_identification:_identify(src/analysis) by extensions ['ignore', 'ignore_ament_install']
[1.330s] Level 1:colcon.colcon_core.package_identification:_identify(src/analysis) by extension 'ignore'
[1.330s] Level 1:colcon.colcon_core.package_identification:_identify(src/analysis) by extension 'ignore_ament_install'
[1.330s] Level 1:colcon.colcon_core.package_identification:_identify(src/analysis) by extensions ['colcon_pkg']
[1.330s] Level 1:colcon.colcon_core.package_identification:_identify(src/analysis) by extension 'colcon_pkg'
[1.330s] Level 1:colcon.colcon_core.package_identification:_identify(src/analysis) by extensions ['colcon_meta']
[1.330s] Level 1:colcon.colcon_core.package_identification:_identify(src/analysis) by extension 'colcon_meta'
[1.330s] Level 1:colcon.colcon_core.package_identification:_identify(src/analysis) by extensions ['ros']
[1.330s] Level 1:colcon.colcon_core.package_identification:_identify(src/analysis) by extension 'ros'
[1.330s] Level 1:colcon.colcon_core.package_identification:_identify(src/analysis) by extensions ['cmake', 'python']
[1.331s] Level 1:colcon.colcon_core.package_identification:_identify(src/analysis) by extension 'cmake'
[1.331s] Level 1:colcon.colcon_core.package_identification:_identify(src/analysis) by extension 'python'
[1.331s] Level 1:colcon.colcon_core.package_identification:_identify(src/analysis) by extensions ['python_setup_py']
[1.331s] Level 1:colcon.colcon_core.package_identification:_identify(src/analysis) by extension 'python_setup_py'
[1.331s] Level 1:colcon.colcon_core.package_identification:_identify(src/data) by extensions ['ignore', 'ignore_ament_install']
[1.331s] Level 1:colcon.colcon_core.package_identification:_identify(src/data) by extension 'ignore'
[1.331s] Level 1:colcon.colcon_core.package_identification:_identify(src/data) by extension 'ignore_ament_install'
[1.331s] Level 1:colcon.colcon_core.package_identification:_identify(src/data) by extensions ['colcon_pkg']
[1.331s] Level 1:colcon.colcon_core.package_identification:_identify(src/data) by extension 'colcon_pkg'
[1.331s] Level 1:colcon.colcon_core.package_identification:_identify(src/data) by extensions ['colcon_meta']
[1.331s] Level 1:colcon.colcon_core.package_identification:_identify(src/data) by extension 'colcon_meta'
[1.332s] Level 1:colcon.colcon_core.package_identification:_identify(src/data) by extensions ['ros']
[1.332s] Level 1:colcon.colcon_core.package_identification:_identify(src/data) by extension 'ros'
[1.332s] Level 1:colcon.colcon_core.package_identification:_identify(src/data) by extensions ['cmake', 'python']
[1.332s] Level 1:colcon.colcon_core.package_identification:_identify(src/data) by extension 'cmake'
[1.332s] Level 1:colcon.colcon_core.package_identification:_identify(src/data) by extension 'python'
[1.332s] Level 1:colcon.colcon_core.package_identification:_identify(src/data) by extensions ['python_setup_py']
[1.332s] Level 1:colcon.colcon_core.package_identification:_identify(src/data) by extension 'python_setup_py'
[1.333s] Level 1:colcon.colcon_core.package_identification:_identify(src/data/rosbag2_2025_03_21-19_28_02) by extensions ['ignore', 'ignore_ament_install']
[1.333s] Level 1:colcon.colcon_core.package_identification:_identify(src/data/rosbag2_2025_03_21-19_28_02) by extension 'ignore'
[1.333s] Level 1:colcon.colcon_core.package_identification:_identify(src/data/rosbag2_2025_03_21-19_28_02) by extension 'ignore_ament_install'
[1.334s] Level 1:colcon.colcon_core.package_identification:_identify(src/data/rosbag2_2025_03_21-19_28_02) by extensions ['colcon_pkg']
[1.334s] Level 1:colcon.colcon_core.package_identification:_identify(src/data/rosbag2_2025_03_21-19_28_02) by extension 'colcon_pkg'
[1.334s] Level 1:colcon.colcon_core.package_identification:_identify(src/data/rosbag2_2025_03_21-19_28_02) by extensions ['colcon_meta']
[1.334s] Level 1:colcon.colcon_core.package_identification:_identify(src/data/rosbag2_2025_03_21-19_28_02) by extension 'colcon_meta'
[1.334s] Level 1:colcon.colcon_core.package_identification:_identify(src/data/rosbag2_2025_03_21-19_28_02) by extensions ['ros']
[1.334s] Level 1:colcon.colcon_core.package_identification:_identify(src/data/rosbag2_2025_03_21-19_28_02) by extension 'ros'
[1.334s] Level 1:colcon.colcon_core.package_identification:_identify(src/data/rosbag2_2025_03_21-19_28_02) by extensions ['cmake', 'python']
[1.334s] Level 1:colcon.colcon_core.package_identification:_identify(src/data/rosbag2_2025_03_21-19_28_02) by extension 'cmake'
[1.334s] Level 1:colcon.colcon_core.package_identification:_identify(src/data/rosbag2_2025_03_21-19_28_02) by extension 'python'
[1.334s] Level 1:colcon.colcon_core.package_identification:_identify(src/data/rosbag2_2025_03_21-19_28_02) by extensions ['python_setup_py']
[1.334s] Level 1:colcon.colcon_core.package_identification:_identify(src/data/rosbag2_2025_03_21-19_28_02) by extension 'python_setup_py'
[1.335s] Level 1:colcon.colcon_core.package_identification:_identify(src/data/rosbag2_moving) by extensions ['ignore', 'ignore_ament_install']
[1.335s] Level 1:colcon.colcon_core.package_identification:_identify(src/data/rosbag2_moving) by extension 'ignore'
[1.336s] Level 1:colcon.colcon_core.package_identification:_identify(src/data/rosbag2_moving) by extension 'ignore_ament_install'
[1.336s] Level 1:colcon.colcon_core.package_identification:_identify(src/data/rosbag2_moving) by extensions ['colcon_pkg']
[1.336s] Level 1:colcon.colcon_core.package_identification:_identify(src/data/rosbag2_moving) by extension 'colcon_pkg'
[1.336s] Level 1:colcon.colcon_core.package_identification:_identify(src/data/rosbag2_moving) by extensions ['colcon_meta']
[1.336s] Level 1:colcon.colcon_core.package_identification:_identify(src/data/rosbag2_moving) by extension 'colcon_meta'
[1.336s] Level 1:colcon.colcon_core.package_identification:_identify(src/data/rosbag2_moving) by extensions ['ros']
[1.336s] Level 1:colcon.colcon_core.package_identification:_identify(src/data/rosbag2_moving) by extension 'ros'
[1.336s] Level 1:colcon.colcon_core.package_identification:_identify(src/data/rosbag2_moving) by extensions ['cmake', 'python']
[1.336s] Level 1:colcon.colcon_core.package_identification:_identify(src/data/rosbag2_moving) by extension 'cmake'
[1.336s] Level 1:colcon.colcon_core.package_identification:_identify(src/data/rosbag2_moving) by extension 'python'
[1.336s] Level 1:colcon.colcon_core.package_identification:_identify(src/data/rosbag2_moving) by extensions ['python_setup_py']
[1.336s] Level 1:colcon.colcon_core.package_identification:_identify(src/data/rosbag2_moving) by extension 'python_setup_py'
[1.337s] Level 1:colcon.colcon_core.package_identification:_identify(src/imu_driver) by extensions ['ignore', 'ignore_ament_install']
[1.337s] Level 1:colcon.colcon_core.package_identification:_identify(src/imu_driver) by extension 'ignore'
[1.337s] Level 1:colcon.colcon_core.package_identification:_identify(src/imu_driver) by extension 'ignore_ament_install'
[1.337s] Level 1:colcon.colcon_core.package_identification:_identify(src/imu_driver) by extensions ['colcon_pkg']
[1.337s] Level 1:colcon.colcon_core.package_identification:_identify(src/imu_driver) by extension 'colcon_pkg'
[1.337s] Level 1:colcon.colcon_core.package_identification:_identify(src/imu_driver) by extensions ['colcon_meta']
[1.337s] Level 1:colcon.colcon_core.package_identification:_identify(src/imu_driver) by extension 'colcon_meta'
[1.337s] Level 1:colcon.colcon_core.package_identification:_identify(src/imu_driver) by extensions ['ros']
[1.337s] Level 1:colcon.colcon_core.package_identification:_identify(src/imu_driver) by extension 'ros'
[1.343s] DEBUG:colcon.colcon_core.package_identification:Package 'src/imu_driver' with type 'ros.ament_python' and name 'imu_driver'
[1.343s] Level 1:colcon.colcon_core.package_identification:_identify(src/imu_interface) by extensions ['ignore', 'ignore_ament_install']
[1.343s] Level 1:colcon.colcon_core.package_identification:_identify(src/imu_interface) by extension 'ignore'
[1.344s] Level 1:colcon.colcon_core.package_identification:_identify(src/imu_interface) by extension 'ignore_ament_install'
[1.344s] Level 1:colcon.colcon_core.package_identification:_identify(src/imu_interface) by extensions ['colcon_pkg']
[1.344s] Level 1:colcon.colcon_core.package_identification:_identify(src/imu_interface) by extension 'colcon_pkg'
[1.344s] Level 1:colcon.colcon_core.package_identification:_identify(src/imu_interface) by extensions ['colcon_meta']
[1.344s] Level 1:colcon.colcon_core.package_identification:_identify(src/imu_interface) by extension 'colcon_meta'
[1.344s] Level 1:colcon.colcon_core.package_identification:_identify(src/imu_interface) by extensions ['ros']
[1.344s] Level 1:colcon.colcon_core.package_identification:_identify(src/imu_interface) by extension 'ros'
[1.345s] DEBUG:colcon.colcon_core.package_identification:Package 'src/imu_interface' with type 'ros.ament_cmake' and name 'imu_interface'
[1.346s] Level 1:colcon.colcon_core.package_identification:_identify(src/matlab_msg_gen) by extensions ['ignore', 'ignore_ament_install']
[1.346s] Level 1:colcon.colcon_core.package_identification:_identify(src/matlab_msg_gen) by extension 'ignore'
[1.346s] Level 1:colcon.colcon_core.package_identification:_identify(src/matlab_msg_gen) ignored
[1.346s] Level 1:colcon.colcon_core.package_discovery:discover_packages(recursive) using defaults
[1.346s] Level 1:colcon.colcon_core.package_discovery:discover_packages(ignore) discover
[1.346s] Level 1:colcon.colcon_core.package_discovery:discover_packages(ignore) using defaults
[1.346s] Level 1:colcon.colcon_core.package_discovery:discover_packages(path) discover
[1.346s] Level 1:colcon.colcon_core.package_discovery:discover_packages(path) using defaults
[1.438s] Level 1:colcon.colcon_core.package_discovery:discover_packages(prefix_path) check parameters
[1.438s] Level 1:colcon.colcon_core.package_discovery:discover_packages(prefix_path) discover
[1.448s] DEBUG:colcon.colcon_installed_package_information.package_discovery:Found 271 installed packages in /opt/ros/humble
[1.452s] Level 1:colcon.colcon_core.package_discovery:discover_packages(prefix_path) using defaults
[1.549s] Level 5:colcon.colcon_core.verb:set package 'imu_interface' build argument 'cmake_args' from command line to 'None'
[1.550s] Level 5:colcon.colcon_core.verb:set package 'imu_interface' build argument 'cmake_target' from command line to 'None'
[1.550s] Level 5:colcon.colcon_core.verb:set package 'imu_interface' build argument 'cmake_target_skip_unavailable' from command line to 'False'
[1.550s] Level 5:colcon.colcon_core.verb:set package 'imu_interface' build argument 'cmake_clean_cache' from command line to 'False'
[1.550s] Level 5:colcon.colcon_core.verb:set package 'imu_interface' build argument 'cmake_clean_first' from command line to 'False'
[1.550s] Level 5:colcon.colcon_core.verb:set package 'imu_interface' build argument 'cmake_force_configure' from command line to 'False'
[1.550s] Level 5:colcon.colcon_core.verb:set package 'imu_interface' build argument 'ament_cmake_args' from command line to 'None'
[1.550s] Level 5:colcon.colcon_core.verb:set package 'imu_interface' build argument 'catkin_cmake_args' from command line to 'None'
[1.551s] Level 5:colcon.colcon_core.verb:set package 'imu_interface' build argument 'catkin_skip_building_tests' from command line to 'False'
[1.551s] DEBUG:colcon.colcon_core.verb:Building package 'imu_interface' with the following arguments: {'ament_cmake_args': None, 'build_base': '/home/qianw/EECE5554/LAB3/build/imu_interface', 'catkin_cmake_args': None, 'catkin_skip_building_tests': False, 'cmake_args': None, 'cmake_clean_cache': False, 'cmake_clean_first': False, 'cmake_force_configure': False, 'cmake_target': None, 'cmake_target_skip_unavailable': False, 'install_base': '/home/qianw/EECE5554/LAB3/install/imu_interface', 'merge_install': False, 'path': '/home/qianw/EECE5554/LAB3/src/imu_interface', 'symlink_install': False, 'test_result_base': None}
[1.552s] Level 5:colcon.colcon_core.verb:set package 'imu_driver' build argument 'cmake_args' from command line to 'None'
[1.552s] Level 5:colcon.colcon_core.verb:set package 'imu_driver' build argument 'cmake_target' from command line to 'None'
[1.552s] Level 5:colcon.colcon_core.verb:set package 'imu_driver' build argument 'cmake_target_skip_unavailable' from command line to 'False'
[1.552s] Level 5:colcon.colcon_core.verb:set package 'imu_driver' build argument 'cmake_clean_cache' from command line to 'False'
[1.552s] Level 5:colcon.colcon_core.verb:set package 'imu_driver' build argument 'cmake_clean_first' from command line to 'False'
[1.552s] Level 5:colcon.colcon_core.verb:set package 'imu_driver' build argument 'cmake_force_configure' from command line to 'False'
[1.552s] Level 5:colcon.colcon_core.verb:set package 'imu_driver' build argument 'ament_cmake_args' from command line to 'None'
[1.552s] Level 5:colcon.colcon_core.verb:set package 'imu_driver' build argument 'catkin_cmake_args' from command line to 'None'
[1.552s] Level 5:colcon.colcon_core.verb:set package 'imu_driver' build argument 'catkin_skip_building_tests' from command line to 'False'
[1.552s] DEBUG:colcon.colcon_core.verb:Building package 'imu_driver' with the following arguments: {'ament_cmake_args': None, 'build_base': '/home/qianw/EECE5554/LAB3/build/imu_driver', 'catkin_cmake_args': None, 'catkin_skip_building_tests': False, 'cmake_args': None, 'cmake_clean_cache': False, 'cmake_clean_first': False, 'cmake_force_configure': False, 'cmake_target': None, 'cmake_target_skip_unavailable': False, 'install_base': '/home/qianw/EECE5554/LAB3/install/imu_driver', 'merge_install': False, 'path': '/home/qianw/EECE5554/LAB3/src/imu_driver', 'symlink_install': False, 'test_result_base': None}
[1.553s] INFO:colcon.colcon_core.executor:Executing jobs using 'parallel' executor
[1.555s] DEBUG:colcon.colcon_parallel_executor.executor.parallel:run_until_complete
[1.556s] INFO:colcon.colcon_ros.task.ament_cmake.build:Building ROS package in '/home/qianw/EECE5554/LAB3/src/imu_interface' with build type 'ament_cmake'
[1.556s] INFO:colcon.colcon_cmake.task.cmake.build:Building CMake package in '/home/qianw/EECE5554/LAB3/src/imu_interface'
[1.587s] INFO:colcon.colcon_core.plugin_system:Skipping extension 'colcon_core.shell.bat': Not used on non-Windows systems
[1.588s] INFO:colcon.colcon_core.shell:Skip shell extension 'powershell' for command environment: Not usable outside of PowerShell
[1.588s] DEBUG:colcon.colcon_core.shell:Skip shell extension 'dsv' for command environment
[1.608s] DEBUG:colcon.colcon_core.event_handler.log_command:Invoking command in '/home/qianw/EECE5554/LAB3/build/imu_interface': CMAKE_PREFIX_PATH=/opt/ros/humble /usr/bin/cmake --build /home/qianw/EECE5554/LAB3/build/imu_interface -- -j8 -l8
[2.472s] DEBUG:colcon.colcon_core.event_handler.log_command:Invoked command in '/home/qianw/EECE5554/LAB3/build/imu_interface' returned '0': CMAKE_PREFIX_PATH=/opt/ros/humble /usr/bin/cmake --build /home/qianw/EECE5554/LAB3/build/imu_interface -- -j8 -l8
[2.501s] DEBUG:colcon.colcon_core.event_handler.log_command:Invoking command in '/home/qianw/EECE5554/LAB3/build/imu_interface': CMAKE_PREFIX_PATH=/opt/ros/humble /usr/bin/cmake --install /home/qianw/EECE5554/LAB3/build/imu_interface
[2.665s] Level 1:colcon.colcon_core.environment:create_environment_scripts_only(imu_interface)
[2.668s] DEBUG:colcon.colcon_core.event_handler.log_command:Invoked command in '/home/qianw/EECE5554/LAB3/build/imu_interface' returned '0': CMAKE_PREFIX_PATH=/opt/ros/humble /usr/bin/cmake --install /home/qianw/EECE5554/LAB3/build/imu_interface
[2.717s] Level 1:colcon.colcon_core.environment:checking '/home/qianw/EECE5554/LAB3/install/imu_interface' for CMake module files
[2.720s] Level 1:colcon.colcon_core.environment:checking '/home/qianw/EECE5554/LAB3/install/imu_interface' for CMake config files
[2.727s] Level 1:colcon.colcon_core.shell:create_environment_hook('imu_interface', 'cmake_prefix_path')
[2.728s] INFO:colcon.colcon_core.shell:Creating environment hook '/home/qianw/EECE5554/LAB3/install/imu_interface/share/imu_interface/hook/cmake_prefix_path.ps1'
[2.734s] INFO:colcon.colcon_core.shell:Creating environment descriptor '/home/qianw/EECE5554/LAB3/install/imu_interface/share/imu_interface/hook/cmake_prefix_path.dsv'
[2.738s] INFO:colcon.colcon_core.shell:Creating environment hook '/home/qianw/EECE5554/LAB3/install/imu_interface/share/imu_interface/hook/cmake_prefix_path.sh'
[2.744s] Level 1:colcon.colcon_core.environment:checking '/home/qianw/EECE5554/LAB3/install/imu_interface/lib'
[2.746s] Level 1:colcon.colcon_core.shell:create_environment_hook('imu_interface', 'ld_library_path_lib')
[2.750s] INFO:colcon.colcon_core.shell:Creating environment hook '/home/qianw/EECE5554/LAB3/install/imu_interface/share/imu_interface/hook/ld_library_path_lib.ps1'
[2.752s] INFO:colcon.colcon_core.shell:Creating environment descriptor '/home/qianw/EECE5554/LAB3/install/imu_interface/share/imu_interface/hook/ld_library_path_lib.dsv'
[2.754s] INFO:colcon.colcon_core.shell:Creating environment hook '/home/qianw/EECE5554/LAB3/install/imu_interface/share/imu_interface/hook/ld_library_path_lib.sh'
[2.756s] Level 1:colcon.colcon_core.environment:checking '/home/qianw/EECE5554/LAB3/install/imu_interface/bin'
[2.756s] Level 1:colcon.colcon_core.environment:checking '/home/qianw/EECE5554/LAB3/install/imu_interface/lib/pkgconfig/imu_interface.pc'
[2.757s] Level 1:colcon.colcon_core.environment:checking '/home/qianw/EECE5554/LAB3/install/imu_interface/lib/python3.10/site-packages'
[2.758s] Level 1:colcon.colcon_core.environment:checking '/home/qianw/EECE5554/LAB3/install/imu_interface/bin'
[2.759s] INFO:colcon.colcon_core.shell:Creating package script '/home/qianw/EECE5554/LAB3/install/imu_interface/share/imu_interface/package.ps1'
[2.764s] INFO:colcon.colcon_core.shell:Creating package descriptor '/home/qianw/EECE5554/LAB3/install/imu_interface/share/imu_interface/package.dsv'
[2.769s] INFO:colcon.colcon_core.shell:Creating package script '/home/qianw/EECE5554/LAB3/install/imu_interface/share/imu_interface/package.sh'
[2.775s] INFO:colcon.colcon_core.shell:Creating package script '/home/qianw/EECE5554/LAB3/install/imu_interface/share/imu_interface/package.bash'
[2.782s] INFO:colcon.colcon_core.shell:Creating package script '/home/qianw/EECE5554/LAB3/install/imu_interface/share/imu_interface/package.zsh'
[2.788s] Level 1:colcon.colcon_core.environment:create_file_with_runtime_dependencies(/home/qianw/EECE5554/LAB3/install/imu_interface/share/colcon-core/packages/imu_interface)
[2.792s] Level 1:colcon.colcon_core.environment:create_environment_scripts_only(imu_interface)
[2.793s] Level 1:colcon.colcon_core.environment:checking '/home/qianw/EECE5554/LAB3/install/imu_interface' for CMake module files
[2.795s] Level 1:colcon.colcon_core.environment:checking '/home/qianw/EECE5554/LAB3/install/imu_interface' for CMake config files
[2.797s] Level 1:colcon.colcon_core.shell:create_environment_hook('imu_interface', 'cmake_prefix_path')
[2.798s] INFO:colcon.colcon_core.shell:Creating environment hook '/home/qianw/EECE5554/LAB3/install/imu_interface/share/imu_interface/hook/cmake_prefix_path.ps1'
[2.801s] INFO:colcon.colcon_core.shell:Creating environment descriptor '/home/qianw/EECE5554/LAB3/install/imu_interface/share/imu_interface/hook/cmake_prefix_path.dsv'
[2.804s] INFO:colcon.colcon_core.shell:Creating environment hook '/home/qianw/EECE5554/LAB3/install/imu_interface/share/imu_interface/hook/cmake_prefix_path.sh'
[2.807s] Level 1:colcon.colcon_core.environment:checking '/home/qianw/EECE5554/LAB3/install/imu_interface/lib'
[2.808s] Level 1:colcon.colcon_core.shell:create_environment_hook('imu_interface', 'ld_library_path_lib')
[2.810s] INFO:colcon.colcon_core.shell:Creating environment hook '/home/qianw/EECE5554/LAB3/install/imu_interface/share/imu_interface/hook/ld_library_path_lib.ps1'
[2.829s] INFO:colcon.colcon_core.shell:Creating environment descriptor '/home/qianw/EECE5554/LAB3/install/imu_interface/share/imu_interface/hook/ld_library_path_lib.dsv'
[2.831s] INFO:colcon.colcon_core.shell:Creating environment hook '/home/qianw/EECE5554/LAB3/install/imu_interface/share/imu_interface/hook/ld_library_path_lib.sh'
[2.831s] Level 1:colcon.colcon_core.environment:checking '/home/qianw/EECE5554/LAB3/install/imu_interface/bin'
[2.832s] Level 1:colcon.colcon_core.environment:checking '/home/qianw/EECE5554/LAB3/install/imu_interface/lib/pkgconfig/imu_interface.pc'
[2.832s] Level 1:colcon.colcon_core.environment:checking '/home/qianw/EECE5554/LAB3/install/imu_interface/lib/python3.10/site-packages'
[2.832s] Level 1:colcon.colcon_core.environment:checking '/home/qianw/EECE5554/LAB3/install/imu_interface/bin'
[2.833s] INFO:colcon.colcon_core.shell:Creating package script '/home/qianw/EECE5554/LAB3/install/imu_interface/share/imu_interface/package.ps1'
[2.834s] INFO:colcon.colcon_core.shell:Creating package descriptor '/home/qianw/EECE5554/LAB3/install/imu_interface/share/imu_interface/package.dsv'
[2.835s] INFO:colcon.colcon_core.shell:Creating package script '/home/qianw/EECE5554/LAB3/install/imu_interface/share/imu_interface/package.sh'
[2.836s] INFO:colcon.colcon_core.shell:Creating package script '/home/qianw/EECE5554/LAB3/install/imu_interface/share/imu_interface/package.bash'
[2.837s] INFO:colcon.colcon_core.shell:Creating package script '/home/qianw/EECE5554/LAB3/install/imu_interface/share/imu_interface/package.zsh'
[2.838s] Level 1:colcon.colcon_core.environment:create_file_with_runtime_dependencies(/home/qianw/EECE5554/LAB3/install/imu_interface/share/colcon-core/packages/imu_interface)
[2.839s] INFO:colcon.colcon_ros.task.ament_python.build:Building ROS package in '/home/qianw/EECE5554/LAB3/src/imu_driver' with build type 'ament_python'
[2.839s] Level 1:colcon.colcon_core.shell:create_environment_hook('imu_driver', 'ament_prefix_path')
[2.839s] INFO:colcon.colcon_core.shell:Creating environment hook '/home/qianw/EECE5554/LAB3/install/imu_driver/share/imu_driver/hook/ament_prefix_path.ps1'
[2.859s] INFO:colcon.colcon_core.shell:Creating environment descriptor '/home/qianw/EECE5554/LAB3/install/imu_driver/share/imu_driver/hook/ament_prefix_path.dsv'
[2.859s] INFO:colcon.colcon_core.shell:Creating environment hook '/home/qianw/EECE5554/LAB3/install/imu_driver/share/imu_driver/hook/ament_prefix_path.sh'
[2.861s] INFO:colcon.colcon_core.shell:Skip shell extension 'powershell' for command environment: Not usable outside of PowerShell
[2.861s] DEBUG:colcon.colcon_core.shell:Skip shell extension 'dsv' for command environment
[3.446s] INFO:colcon.colcon_core.task.python.build:Building Python package in '/home/qianw/EECE5554/LAB3/src/imu_driver'
[3.447s] INFO:colcon.colcon_core.shell:Skip shell extension 'powershell' for command environment: Not usable outside of PowerShell
[3.447s] DEBUG:colcon.colcon_core.shell:Skip shell extension 'dsv' for command environment
[4.822s] DEBUG:colcon.colcon_core.event_handler.log_command:Invoking command in '/home/qianw/EECE5554/LAB3/src/imu_driver': AMENT_PREFIX_PATH=/home/qianw/EECE5554/LAB3/install/imu_interface:${AMENT_PREFIX_PATH} CMAKE_PREFIX_PATH=/home/qianw/EECE5554/LAB3/install/imu_interface LD_LIBRARY_PATH=/home/qianw/EECE5554/LAB3/install/imu_interface/lib:${LD_LIBRARY_PATH} PYTHONPATH=/home/qianw/EECE5554/LAB3/build/imu_driver/prefix_override:/usr/lib/python3/dist-packages/colcon_core/task/python/colcon_distutils_commands:/home/qianw/EECE5554/LAB3/install/imu_driver/lib/python3.10/site-packages:/home/qianw/EECE5554/LAB3/install/imu_interface/local/lib/python3.10/dist-packages:${PYTHONPATH} /usr/bin/python3 -W ignore:setup.py install is deprecated -W ignore:easy_install command is deprecated setup.py egg_info --egg-base ../../build/imu_driver build --build-base /home/qianw/EECE5554/LAB3/build/imu_driver/build install --record /home/qianw/EECE5554/LAB3/build/imu_driver/install.log --single-version-externally-managed install_data
[5.429s] Level 1:colcon.colcon_core.environment:checking '/home/qianw/EECE5554/LAB3/install/imu_driver' for CMake module files
[5.433s] DEBUG:colcon.colcon_core.event_handler.log_command:Invoked command in '/home/qianw/EECE5554/LAB3/src/imu_driver' returned '0': AMENT_PREFIX_PATH=/home/qianw/EECE5554/LAB3/install/imu_interface:${AMENT_PREFIX_PATH} CMAKE_PREFIX_PATH=/home/qianw/EECE5554/LAB3/install/imu_interface LD_LIBRARY_PATH=/home/qianw/EECE5554/LAB3/install/imu_interface/lib:${LD_LIBRARY_PATH} PYTHONPATH=/home/qianw/EECE5554/LAB3/build/imu_driver/prefix_override:/usr/lib/python3/dist-packages/colcon_core/task/python/colcon_distutils_commands:/home/qianw/EECE5554/LAB3/install/imu_driver/lib/python3.10/site-packages:/home/qianw/EECE5554/LAB3/install/imu_interface/local/lib/python3.10/dist-packages:${PYTHONPATH} /usr/bin/python3 -W ignore:setup.py install is deprecated -W ignore:easy_install command is deprecated setup.py egg_info --egg-base ../../build/imu_driver build --build-base /home/qianw/EECE5554/LAB3/build/imu_driver/build install --record /home/qianw/EECE5554/LAB3/build/imu_driver/install.log --single-version-externally-managed install_data
[5.434s] Level 1:colcon.colcon_core.environment:checking '/home/qianw/EECE5554/LAB3/install/imu_driver' for CMake config files
[5.451s] Level 1:colcon.colcon_core.environment:checking '/home/qianw/EECE5554/LAB3/install/imu_driver/lib'
[5.452s] Level 1:colcon.colcon_core.environment:checking '/home/qianw/EECE5554/LAB3/install/imu_driver/bin'
[5.452s] Level 1:colcon.colcon_core.environment:checking '/home/qianw/EECE5554/LAB3/install/imu_driver/lib/pkgconfig/imu_driver.pc'
[5.453s] Level 1:colcon.colcon_core.environment:checking '/home/qianw/EECE5554/LAB3/install/imu_driver/lib/python3.10/site-packages'
[5.454s] Level 1:colcon.colcon_core.shell:create_environment_hook('imu_driver', 'pythonpath')
[5.455s] INFO:colcon.colcon_core.shell:Creating environment hook '/home/qianw/EECE5554/LAB3/install/imu_driver/share/imu_driver/hook/pythonpath.ps1'
[5.463s] INFO:colcon.colcon_core.shell:Creating environment descriptor '/home/qianw/EECE5554/LAB3/install/imu_driver/share/imu_driver/hook/pythonpath.dsv'
[5.465s] INFO:colcon.colcon_core.shell:Creating environment hook '/home/qianw/EECE5554/LAB3/install/imu_driver/share/imu_driver/hook/pythonpath.sh'
[5.468s] Level 1:colcon.colcon_core.environment:checking '/home/qianw/EECE5554/LAB3/install/imu_driver/bin'
[5.469s] Level 1:colcon.colcon_core.environment:create_environment_scripts_only(imu_driver)
[5.470s] INFO:colcon.colcon_core.shell:Creating package script '/home/qianw/EECE5554/LAB3/install/imu_driver/share/imu_driver/package.ps1'
[5.473s] INFO:colcon.colcon_core.shell:Creating package descriptor '/home/qianw/EECE5554/LAB3/install/imu_driver/share/imu_driver/package.dsv'
[5.476s] INFO:colcon.colcon_core.shell:Creating package script '/home/qianw/EECE5554/LAB3/install/imu_driver/share/imu_driver/package.sh'
[5.478s] INFO:colcon.colcon_core.shell:Creating package script '/home/qianw/EECE5554/LAB3/install/imu_driver/share/imu_driver/package.bash'
[5.480s] INFO:colcon.colcon_core.shell:Creating package script '/home/qianw/EECE5554/LAB3/install/imu_driver/share/imu_driver/package.zsh'
[5.482s] Level 1:colcon.colcon_core.environment:create_file_with_runtime_dependencies(/home/qianw/EECE5554/LAB3/install/imu_driver/share/colcon-core/packages/imu_driver)
[5.484s] DEBUG:colcon.colcon_parallel_executor.executor.parallel:closing loop
[5.487s] DEBUG:colcon.colcon_parallel_executor.executor.parallel:loop closed
[5.487s] DEBUG:colcon.colcon_parallel_executor.executor.parallel:run_until_complete finished with '0'
[5.487s] DEBUG:colcon.colcon_core.event_reactor:joining thread
[5.533s] INFO:colcon.colcon_core.plugin_system:Skipping extension 'colcon_notification.desktop_notification.terminal_notifier': Not used on non-Darwin systems
[5.533s] INFO:colcon.colcon_core.plugin_system:Skipping extension 'colcon_notification.desktop_notification.win32': Not used on non-Windows systems
[5.533s] INFO:colcon.colcon_notification.desktop_notification:Sending desktop notification using 'notify2'
[5.537s] DEBUG:colcon.colcon_notification.desktop_notification.notify2:Failed to initialize notify2: org.freedesktop.DBus.Error.NoReply: Did not receive a reply. Possible causes include: the remote application did not send a reply, the message bus security policy blocked the reply, the reply timeout expired, or the network connection was broken.
[5.538s] DEBUG:colcon.colcon_core.event_reactor:joined thread
[5.540s] INFO:colcon.colcon_core.shell:Creating prefix script '/home/qianw/EECE5554/LAB3/install/local_setup.ps1'
[5.558s] INFO:colcon.colcon_core.shell:Creating prefix util module '/home/qianw/EECE5554/LAB3/install/_local_setup_util_ps1.py'
[5.567s] INFO:colcon.colcon_core.shell:Creating prefix chain script '/home/qianw/EECE5554/LAB3/install/setup.ps1'
[5.573s] INFO:colcon.colcon_core.shell:Creating prefix script '/home/qianw/EECE5554/LAB3/install/local_setup.sh'
[5.578s] INFO:colcon.colcon_core.shell:Creating prefix util module '/home/qianw/EECE5554/LAB3/install/_local_setup_util_sh.py'
[5.581s] INFO:colcon.colcon_core.shell:Creating prefix chain script '/home/qianw/EECE5554/LAB3/install/setup.sh'
[5.587s] INFO:colcon.colcon_core.shell:Creating prefix script '/home/qianw/EECE5554/LAB3/install/local_setup.bash'
[5.591s] INFO:colcon.colcon_core.shell:Creating prefix chain script '/home/qianw/EECE5554/LAB3/install/setup.bash'
[5.597s] INFO:colcon.colcon_core.shell:Creating prefix script '/home/qianw/EECE5554/LAB3/install/local_setup.zsh'
[5.601s] INFO:colcon.colcon_core.shell:Creating prefix chain script '/home/qianw/EECE5554/LAB3/install/setup.zsh'
