[0.035s] Invoking command in '/home/qianw/EECE5554/LAB3/src/build/imu_interface': CMAKE_PREFIX_PATH=/opt/ros/humble /usr/bin/cmake --build /home/qianw/EECE5554/LAB3/src/build/imu_interface -- -j8 -l8
[0.210s] [35m[1mConsolidate compiler generated dependencies of target imu_interface__rosidl_generator_c[0m
[0.222s] [  3%] Built target imu_interface__cpp
[0.247s] [  3%] Built target ament_cmake_python_copy_imu_interface
[0.252s] [35m[1mConsolidate compiler generated dependencies of target imu_interface__rosidl_typesupport_cpp[0m
[0.254s] [35m[1mConsolidate compiler generated dependencies of target imu_interface__rosidl_typesupport_fastrtps_cpp[0m
[0.255s] [ 12%] Built target imu_interface__rosidl_generator_c
[0.256s] [35m[1mConsolidate compiler generated dependencies of target imu_interface__rosidl_typesupport_introspection_cpp[0m
[0.287s] [35m[1mConsolidate compiler generated dependencies of target imu_interface__rosidl_typesupport_c[0m
[0.288s] [35m[1mConsolidate compiler generated dependencies of target imu_interface__rosidl_typesupport_fastrtps_c[0m
[0.288s] [35m[1mConsolidate compiler generated dependencies of target imu_interface__rosidl_typesupport_introspection_c[0m
[0.289s] [ 22%] Built target imu_interface__rosidl_typesupport_cpp
[0.289s] [ 32%] Built target imu_interface__rosidl_typesupport_introspection_cpp
[0.292s] [ 41%] Built target imu_interface__rosidl_typesupport_fastrtps_cpp
[0.303s] [ 51%] Built target imu_interface__rosidl_typesupport_c
[0.306s] [ 61%] Built target imu_interface__rosidl_typesupport_introspection_c
[0.308s] [ 70%] Built target imu_interface__rosidl_typesupport_fastrtps_c
[0.350s] [ 70%] Built target imu_interface
[0.390s] [ 74%] Built target imu_interface__py
[0.415s] [35m[1mConsolidate compiler generated dependencies of target imu_interface__rosidl_generator_py[0m
[0.446s] [ 80%] Built target imu_interface__rosidl_generator_py
[0.469s] [35m[1mConsolidate compiler generated dependencies of target imu_interface__rosidl_typesupport_c__pyext[0m
[0.469s] [35m[1mConsolidate compiler generated dependencies of target imu_interface__rosidl_typesupport_fastrtps_c__pyext[0m
[0.470s] [35m[1mConsolidate compiler generated dependencies of target imu_interface__rosidl_typesupport_introspection_c__pyext[0m
[0.495s] [ 93%] Built target imu_interface__rosidl_typesupport_c__pyext
[0.495s] [ 96%] Built target imu_interface__rosidl_typesupport_fastrtps_c__pyext
[0.495s] [100%] Built target imu_interface__rosidl_typesupport_introspection_c__pyext
[0.775s] running egg_info
[0.775s] writing imu_interface.egg-info/PKG-INFO
[0.776s] writing dependency_links to imu_interface.egg-info/dependency_links.txt
[0.776s] writing top-level names to imu_interface.egg-info/top_level.txt
[0.781s] reading manifest file 'imu_interface.egg-info/SOURCES.txt'
[0.783s] writing manifest file 'imu_interface.egg-info/SOURCES.txt'
[0.824s] [100%] Built target ament_cmake_python_build_imu_interface_egg
[0.846s] Invoked command in '/home/qianw/EECE5554/LAB3/src/build/imu_interface' returned '0': CMAKE_PREFIX_PATH=/opt/ros/humble /usr/bin/cmake --build /home/qianw/EECE5554/LAB3/src/build/imu_interface -- -j8 -l8
[0.866s] Invoking command in '/home/qianw/EECE5554/LAB3/src/build/imu_interface': CMAKE_PREFIX_PATH=/opt/ros/humble /usr/bin/cmake --install /home/qianw/EECE5554/LAB3/src/build/imu_interface
[0.880s] -- Install configuration: ""
[0.883s] -- Up-to-date: /home/qianw/EECE5554/LAB3/src/install/imu_interface/share/ament_index/resource_index/rosidl_interfaces/imu_interface
[0.884s] -- Up-to-date: /home/qianw/EECE5554/LAB3/src/install/imu_interface/include/imu_interface/imu_interface
[0.884s] -- Up-to-date: /home/qianw/EECE5554/LAB3/src/install/imu_interface/include/imu_interface/imu_interface/msg
[0.884s] -- Up-to-date: /home/qianw/EECE5554/LAB3/src/install/imu_interface/include/imu_interface/imu_interface/msg/rosidl_generator_c__visibility_control.h
[0.884s] -- Up-to-date: /home/qianw/EECE5554/LAB3/src/install/imu_interface/include/imu_interface/imu_interface/msg/im_umsg.h
[0.885s] -- Up-to-date: /home/qianw/EECE5554/LAB3/src/install/imu_interface/include/imu_interface/imu_interface/msg/detail
[0.885s] -- Up-to-date: /home/qianw/EECE5554/LAB3/src/install/imu_interface/include/imu_interface/imu_interface/msg/detail/im_umsg__functions.c
[0.885s] -- Up-to-date: /home/qianw/EECE5554/LAB3/src/install/imu_interface/include/imu_interface/imu_interface/msg/detail/im_umsg__struct.h
[0.885s] -- Up-to-date: /home/qianw/EECE5554/LAB3/src/install/imu_interface/include/imu_interface/imu_interface/msg/detail/im_umsg__functions.h
[0.886s] -- Up-to-date: /home/qianw/EECE5554/LAB3/src/install/imu_interface/include/imu_interface/imu_interface/msg/detail/im_umsg__type_support.h
[0.886s] -- Up-to-date: /home/qianw/EECE5554/LAB3/src/install/imu_interface/share/imu_interface/environment/library_path.sh
[0.886s] -- Up-to-date: /home/qianw/EECE5554/LAB3/src/install/imu_interface/share/imu_interface/environment/library_path.dsv
[0.887s] -- Up-to-date: /home/qianw/EECE5554/LAB3/src/install/imu_interface/lib/libimu_interface__rosidl_generator_c.so
[0.888s] -- Up-to-date: /home/qianw/EECE5554/LAB3/src/install/imu_interface/include/imu_interface/imu_interface
[0.888s] -- Up-to-date: /home/qianw/EECE5554/LAB3/src/install/imu_interface/include/imu_interface/imu_interface/msg
[0.888s] -- Up-to-date: /home/qianw/EECE5554/LAB3/src/install/imu_interface/include/imu_interface/imu_interface/msg/rosidl_typesupport_fastrtps_c__visibility_control.h
[0.888s] -- Up-to-date: /home/qianw/EECE5554/LAB3/src/install/imu_interface/include/imu_interface/imu_interface/msg/detail
[0.888s] -- Up-to-date: /home/qianw/EECE5554/LAB3/src/install/imu_interface/include/imu_interface/imu_interface/msg/detail/im_umsg__rosidl_typesupport_fastrtps_c.h
[0.889s] -- Up-to-date: /home/qianw/EECE5554/LAB3/src/install/imu_interface/lib/libimu_interface__rosidl_typesupport_fastrtps_c.so
[0.890s] -- Up-to-date: /home/qianw/EECE5554/LAB3/src/install/imu_interface/include/imu_interface/imu_interface
[0.890s] -- Up-to-date: /home/qianw/EECE5554/LAB3/src/install/imu_interface/include/imu_interface/imu_interface/msg
[0.890s] -- Up-to-date: /home/qianw/EECE5554/LAB3/src/install/imu_interface/include/imu_interface/imu_interface/msg/im_umsg.hpp
[0.891s] -- Up-to-date: /home/qianw/EECE5554/LAB3/src/install/imu_interface/include/imu_interface/imu_interface/msg/rosidl_generator_cpp__visibility_control.hpp
[0.891s] -- Up-to-date: /home/qianw/EECE5554/LAB3/src/install/imu_interface/include/imu_interface/imu_interface/msg/detail
[0.891s] -- Up-to-date: /home/qianw/EECE5554/LAB3/src/install/imu_interface/include/imu_interface/imu_interface/msg/detail/im_umsg__struct.hpp
[0.891s] -- Up-to-date: /home/qianw/EECE5554/LAB3/src/install/imu_interface/include/imu_interface/imu_interface/msg/detail/im_umsg__type_support.hpp
[0.891s] -- Up-to-date: /home/qianw/EECE5554/LAB3/src/install/imu_interface/include/imu_interface/imu_interface/msg/detail/im_umsg__traits.hpp
[0.891s] -- Up-to-date: /home/qianw/EECE5554/LAB3/src/install/imu_interface/include/imu_interface/imu_interface/msg/detail/im_umsg__builder.hpp
[0.891s] -- Up-to-date: /home/qianw/EECE5554/LAB3/src/install/imu_interface/include/imu_interface/imu_interface
[0.892s] -- Up-to-date: /home/qianw/EECE5554/LAB3/src/install/imu_interface/include/imu_interface/imu_interface/msg
[0.892s] -- Up-to-date: /home/qianw/EECE5554/LAB3/src/install/imu_interface/include/imu_interface/imu_interface/msg/rosidl_typesupport_fastrtps_cpp__visibility_control.h
[0.892s] -- Up-to-date: /home/qianw/EECE5554/LAB3/src/install/imu_interface/include/imu_interface/imu_interface/msg/detail
[0.892s] -- Up-to-date: /home/qianw/EECE5554/LAB3/src/install/imu_interface/include/imu_interface/imu_interface/msg/detail/im_umsg__rosidl_typesupport_fastrtps_cpp.hpp
[0.892s] -- Up-to-date: /home/qianw/EECE5554/LAB3/src/install/imu_interface/include/imu_interface/imu_interface/msg/detail/dds_fastrtps
[0.892s] -- Up-to-date: /home/qianw/EECE5554/LAB3/src/install/imu_interface/lib/libimu_interface__rosidl_typesupport_fastrtps_cpp.so
[0.893s] -- Up-to-date: /home/qianw/EECE5554/LAB3/src/install/imu_interface/include/imu_interface/imu_interface
[0.893s] -- Up-to-date: /home/qianw/EECE5554/LAB3/src/install/imu_interface/include/imu_interface/imu_interface/msg
[0.893s] -- Up-to-date: /home/qianw/EECE5554/LAB3/src/install/imu_interface/include/imu_interface/imu_interface/msg/rosidl_typesupport_introspection_c__visibility_control.h
[0.893s] -- Up-to-date: /home/qianw/EECE5554/LAB3/src/install/imu_interface/include/imu_interface/imu_interface/msg/detail
[0.893s] -- Up-to-date: /home/qianw/EECE5554/LAB3/src/install/imu_interface/include/imu_interface/imu_interface/msg/detail/im_umsg__rosidl_typesupport_introspection_c.h
[0.893s] -- Up-to-date: /home/qianw/EECE5554/LAB3/src/install/imu_interface/include/imu_interface/imu_interface/msg/detail/im_umsg__type_support.c
[0.893s] -- Up-to-date: /home/qianw/EECE5554/LAB3/src/install/imu_interface/lib/libimu_interface__rosidl_typesupport_introspection_c.so
[0.894s] -- Up-to-date: /home/qianw/EECE5554/LAB3/src/install/imu_interface/lib/libimu_interface__rosidl_typesupport_c.so
[0.894s] -- Up-to-date: /home/qianw/EECE5554/LAB3/src/install/imu_interface/include/imu_interface/imu_interface
[0.894s] -- Up-to-date: /home/qianw/EECE5554/LAB3/src/install/imu_interface/include/imu_interface/imu_interface/msg
[0.894s] -- Up-to-date: /home/qianw/EECE5554/LAB3/src/install/imu_interface/include/imu_interface/imu_interface/msg/detail
[0.895s] -- Up-to-date: /home/qianw/EECE5554/LAB3/src/install/imu_interface/include/imu_interface/imu_interface/msg/detail/im_umsg__rosidl_typesupport_introspection_cpp.hpp
[0.895s] -- Up-to-date: /home/qianw/EECE5554/LAB3/src/install/imu_interface/include/imu_interface/imu_interface/msg/detail/im_umsg__type_support.cpp
[0.896s] -- Up-to-date: /home/qianw/EECE5554/LAB3/src/install/imu_interface/lib/libimu_interface__rosidl_typesupport_introspection_cpp.so
[0.897s] -- Up-to-date: /home/qianw/EECE5554/LAB3/src/install/imu_interface/lib/libimu_interface__rosidl_typesupport_cpp.so
[0.897s] -- Up-to-date: /home/qianw/EECE5554/LAB3/src/install/imu_interface/share/imu_interface/environment/pythonpath.sh
[0.897s] -- Up-to-date: /home/qianw/EECE5554/LAB3/src/install/imu_interface/share/imu_interface/environment/pythonpath.dsv
[0.898s] -- Up-to-date: /home/qianw/EECE5554/LAB3/src/install/imu_interface/local/lib/python3.10/dist-packages/imu_interface-0.0.0-py3.10.egg-info
[0.898s] -- Installing: /home/qianw/EECE5554/LAB3/src/install/imu_interface/local/lib/python3.10/dist-packages/imu_interface-0.0.0-py3.10.egg-info/SOURCES.txt
[0.900s] -- Installing: /home/qianw/EECE5554/LAB3/src/install/imu_interface/local/lib/python3.10/dist-packages/imu_interface-0.0.0-py3.10.egg-info/top_level.txt
[0.900s] -- Installing: /home/qianw/EECE5554/LAB3/src/install/imu_interface/local/lib/python3.10/dist-packages/imu_interface-0.0.0-py3.10.egg-info/dependency_links.txt
[0.900s] -- Installing: /home/qianw/EECE5554/LAB3/src/install/imu_interface/local/lib/python3.10/dist-packages/imu_interface-0.0.0-py3.10.egg-info/PKG-INFO
[0.900s] -- Up-to-date: /home/qianw/EECE5554/LAB3/src/install/imu_interface/local/lib/python3.10/dist-packages/imu_interface
[0.900s] -- Up-to-date: /home/qianw/EECE5554/LAB3/src/install/imu_interface/local/lib/python3.10/dist-packages/imu_interface/_imu_interface_s.ep.rosidl_typesupport_introspection_c.c
[0.901s] -- Up-to-date: /home/qianw/EECE5554/LAB3/src/install/imu_interface/local/lib/python3.10/dist-packages/imu_interface/msg
[0.901s] -- Up-to-date: /home/qianw/EECE5554/LAB3/src/install/imu_interface/local/lib/python3.10/dist-packages/imu_interface/msg/_im_umsg_s.c
[0.901s] -- Up-to-date: /home/qianw/EECE5554/LAB3/src/install/imu_interface/local/lib/python3.10/dist-packages/imu_interface/msg/_im_umsg.py
[0.901s] -- Up-to-date: /home/qianw/EECE5554/LAB3/src/install/imu_interface/local/lib/python3.10/dist-packages/imu_interface/msg/__init__.py
[0.901s] -- Up-to-date: /home/qianw/EECE5554/LAB3/src/install/imu_interface/local/lib/python3.10/dist-packages/imu_interface/imu_interface_s__rosidl_typesupport_introspection_c.cpython-310-x86_64-linux-gnu.so
[0.901s] -- Up-to-date: /home/qianw/EECE5554/LAB3/src/install/imu_interface/local/lib/python3.10/dist-packages/imu_interface/imu_interface_s__rosidl_typesupport_fastrtps_c.cpython-310-x86_64-linux-gnu.so
[0.901s] -- Up-to-date: /home/qianw/EECE5554/LAB3/src/install/imu_interface/local/lib/python3.10/dist-packages/imu_interface/imu_interface_s__rosidl_typesupport_c.cpython-310-x86_64-linux-gnu.so
[0.902s] -- Up-to-date: /home/qianw/EECE5554/LAB3/src/install/imu_interface/local/lib/python3.10/dist-packages/imu_interface/_imu_interface_s.ep.rosidl_typesupport_fastrtps_c.c
[0.902s] -- Up-to-date: /home/qianw/EECE5554/LAB3/src/install/imu_interface/local/lib/python3.10/dist-packages/imu_interface/_imu_interface_s.ep.rosidl_typesupport_c.c
[0.902s] -- Up-to-date: /home/qianw/EECE5554/LAB3/src/install/imu_interface/local/lib/python3.10/dist-packages/imu_interface/libimu_interface__rosidl_generator_py.so
[0.902s] -- Up-to-date: /home/qianw/EECE5554/LAB3/src/install/imu_interface/local/lib/python3.10/dist-packages/imu_interface/__init__.py
[0.957s] Listing '/home/qianw/EECE5554/LAB3/src/install/imu_interface/local/lib/python3.10/dist-packages/imu_interface'...
[0.957s] Listing '/home/qianw/EECE5554/LAB3/src/install/imu_interface/local/lib/python3.10/dist-packages/imu_interface/msg'...
[0.967s] -- Up-to-date: /home/qianw/EECE5554/LAB3/src/install/imu_interface/local/lib/python3.10/dist-packages/imu_interface/imu_interface_s__rosidl_typesupport_fastrtps_c.cpython-310-x86_64-linux-gnu.so
[0.968s] -- Up-to-date: /home/qianw/EECE5554/LAB3/src/install/imu_interface/local/lib/python3.10/dist-packages/imu_interface/imu_interface_s__rosidl_typesupport_introspection_c.cpython-310-x86_64-linux-gnu.so
[0.969s] -- Up-to-date: /home/qianw/EECE5554/LAB3/src/install/imu_interface/local/lib/python3.10/dist-packages/imu_interface/imu_interface_s__rosidl_typesupport_c.cpython-310-x86_64-linux-gnu.so
[0.971s] -- Up-to-date: /home/qianw/EECE5554/LAB3/src/install/imu_interface/lib/libimu_interface__rosidl_generator_py.so
[0.971s] -- Up-to-date: /home/qianw/EECE5554/LAB3/src/install/imu_interface/share/imu_interface/msg/IMUmsg.idl
[0.972s] -- Up-to-date: /home/qianw/EECE5554/LAB3/src/install/imu_interface/share/imu_interface/msg/IMUmsg.msg
[0.972s] -- Up-to-date: /home/qianw/EECE5554/LAB3/src/install/imu_interface/share/ament_index/resource_index/package_run_dependencies/imu_interface
[0.973s] -- Up-to-date: /home/qianw/EECE5554/LAB3/src/install/imu_interface/share/ament_index/resource_index/parent_prefix_path/imu_interface
[0.973s] -- Up-to-date: /home/qianw/EECE5554/LAB3/src/install/imu_interface/share/imu_interface/environment/ament_prefix_path.sh
[0.973s] -- Up-to-date: /home/qianw/EECE5554/LAB3/src/install/imu_interface/share/imu_interface/environment/ament_prefix_path.dsv
[0.973s] -- Up-to-date: /home/qianw/EECE5554/LAB3/src/install/imu_interface/share/imu_interface/environment/path.sh
[0.974s] -- Up-to-date: /home/qianw/EECE5554/LAB3/src/install/imu_interface/share/imu_interface/environment/path.dsv
[0.974s] -- Up-to-date: /home/qianw/EECE5554/LAB3/src/install/imu_interface/share/imu_interface/local_setup.bash
[0.974s] -- Up-to-date: /home/qianw/EECE5554/LAB3/src/install/imu_interface/share/imu_interface/local_setup.sh
[0.974s] -- Up-to-date: /home/qianw/EECE5554/LAB3/src/install/imu_interface/share/imu_interface/local_setup.zsh
[0.974s] -- Up-to-date: /home/qianw/EECE5554/LAB3/src/install/imu_interface/share/imu_interface/local_setup.dsv
[0.974s] -- Installing: /home/qianw/EECE5554/LAB3/src/install/imu_interface/share/imu_interface/package.dsv
[0.975s] -- Up-to-date: /home/qianw/EECE5554/LAB3/src/install/imu_interface/share/ament_index/resource_index/packages/imu_interface
[0.978s] -- Up-to-date: /home/qianw/EECE5554/LAB3/src/install/imu_interface/share/imu_interface/cmake/export_imu_interface__rosidl_generator_cExport.cmake
[0.978s] -- Up-to-date: /home/qianw/EECE5554/LAB3/src/install/imu_interface/share/imu_interface/cmake/export_imu_interface__rosidl_generator_cExport-noconfig.cmake
[0.979s] -- Up-to-date: /home/qianw/EECE5554/LAB3/src/install/imu_interface/share/imu_interface/cmake/export_imu_interface__rosidl_typesupport_fastrtps_cExport.cmake
[0.979s] -- Up-to-date: /home/qianw/EECE5554/LAB3/src/install/imu_interface/share/imu_interface/cmake/export_imu_interface__rosidl_typesupport_fastrtps_cExport-noconfig.cmake
[0.980s] -- Up-to-date: /home/qianw/EECE5554/LAB3/src/install/imu_interface/share/imu_interface/cmake/export_imu_interface__rosidl_generator_cppExport.cmake
[0.981s] -- Up-to-date: /home/qianw/EECE5554/LAB3/src/install/imu_interface/share/imu_interface/cmake/export_imu_interface__rosidl_typesupport_fastrtps_cppExport.cmake
[0.981s] -- Up-to-date: /home/qianw/EECE5554/LAB3/src/install/imu_interface/share/imu_interface/cmake/export_imu_interface__rosidl_typesupport_fastrtps_cppExport-noconfig.cmake
[0.982s] -- Up-to-date: /home/qianw/EECE5554/LAB3/src/install/imu_interface/share/imu_interface/cmake/imu_interface__rosidl_typesupport_introspection_cExport.cmake
[0.982s] -- Up-to-date: /home/qianw/EECE5554/LAB3/src/install/imu_interface/share/imu_interface/cmake/imu_interface__rosidl_typesupport_introspection_cExport-noconfig.cmake
[0.983s] -- Up-to-date: /home/qianw/EECE5554/LAB3/src/install/imu_interface/share/imu_interface/cmake/imu_interface__rosidl_typesupport_cExport.cmake
[0.983s] -- Up-to-date: /home/qianw/EECE5554/LAB3/src/install/imu_interface/share/imu_interface/cmake/imu_interface__rosidl_typesupport_cExport-noconfig.cmake
[0.984s] -- Up-to-date: /home/qianw/EECE5554/LAB3/src/install/imu_interface/share/imu_interface/cmake/imu_interface__rosidl_typesupport_introspection_cppExport.cmake
[0.984s] -- Up-to-date: /home/qianw/EECE5554/LAB3/src/install/imu_interface/share/imu_interface/cmake/imu_interface__rosidl_typesupport_introspection_cppExport-noconfig.cmake
[0.985s] -- Up-to-date: /home/qianw/EECE5554/LAB3/src/install/imu_interface/share/imu_interface/cmake/imu_interface__rosidl_typesupport_cppExport.cmake
[0.985s] -- Up-to-date: /home/qianw/EECE5554/LAB3/src/install/imu_interface/share/imu_interface/cmake/imu_interface__rosidl_typesupport_cppExport-noconfig.cmake
[0.986s] -- Up-to-date: /home/qianw/EECE5554/LAB3/src/install/imu_interface/share/imu_interface/cmake/export_imu_interface__rosidl_generator_pyExport.cmake
[0.986s] -- Up-to-date: /home/qianw/EECE5554/LAB3/src/install/imu_interface/share/imu_interface/cmake/export_imu_interface__rosidl_generator_pyExport-noconfig.cmake
[0.987s] -- Up-to-date: /home/qianw/EECE5554/LAB3/src/install/imu_interface/share/imu_interface/cmake/rosidl_cmake-extras.cmake
[0.987s] -- Up-to-date: /home/qianw/EECE5554/LAB3/src/install/imu_interface/share/imu_interface/cmake/ament_cmake_export_dependencies-extras.cmake
[0.987s] -- Up-to-date: /home/qianw/EECE5554/LAB3/src/install/imu_interface/share/imu_interface/cmake/ament_cmake_export_include_directories-extras.cmake
[0.987s] -- Up-to-date: /home/qianw/EECE5554/LAB3/src/install/imu_interface/share/imu_interface/cmake/ament_cmake_export_libraries-extras.cmake
[0.987s] -- Up-to-date: /home/qianw/EECE5554/LAB3/src/install/imu_interface/share/imu_interface/cmake/ament_cmake_export_targets-extras.cmake
[0.987s] -- Up-to-date: /home/qianw/EECE5554/LAB3/src/install/imu_interface/share/imu_interface/cmake/rosidl_cmake_export_typesupport_targets-extras.cmake
[0.987s] -- Up-to-date: /home/qianw/EECE5554/LAB3/src/install/imu_interface/share/imu_interface/cmake/rosidl_cmake_export_typesupport_libraries-extras.cmake
[0.988s] -- Up-to-date: /home/qianw/EECE5554/LAB3/src/install/imu_interface/share/imu_interface/cmake/imu_interfaceConfig.cmake
[0.988s] -- Up-to-date: /home/qianw/EECE5554/LAB3/src/install/imu_interface/share/imu_interface/cmake/imu_interfaceConfig-version.cmake
[0.988s] -- Up-to-date: /home/qianw/EECE5554/LAB3/src/install/imu_interface/share/imu_interface/package.xml
[0.992s] Invoked command in '/home/qianw/EECE5554/LAB3/src/build/imu_interface' returned '0': CMAKE_PREFIX_PATH=/opt/ros/humble /usr/bin/cmake --install /home/qianw/EECE5554/LAB3/src/build/imu_interface
