-- Found ament_cmake: 1.3.11 (/opt/ros/humble/share/ament_cmake/cmake)
-- Found ament_lint_auto: 0.12.11 (/opt/ros/humble/share/ament_lint_auto/cmake)
-- Added test 'cppcheck' to perform static code analysis on C / C++ code
-- Configured cppcheck include dirs: $<BUILD_INTERFACE:/home/qianw/EECE5554/LAB1/src/gps_driver/include>
-- Configured cppcheck exclude dirs and/or files: 
-- Added test 'lint_cmake' to check CMake code style
-- Added test 'uncrustify' to check C / C++ code style
-- Configured uncrustify additional arguments: 
-- Added test 'xmllint' to check XML markup files
-- Configuring done
-- Generating done
-- Build files have been written to: /home/qianw/EECE5554/LAB1/src/build/gps_driver
[ 50%] [32mBuilding CXX object CMakeFiles/gps_node.dir/src/gps_node.cpp.o[0m
[100%] [32m[1mLinking CXX executable gps_node[0m
[100%] Built target gps_node
-- Install configuration: ""
-- Installing: /home/qianw/EECE5554/LAB1/src/install/gps_driver/lib/gps_driver/gps_node
-- Up-to-date: /home/qianw/EECE5554/LAB1/src/install/gps_driver/share/ament_index/resource_index/package_run_dependencies/gps_driver
-- Up-to-date: /home/qianw/EECE5554/LAB1/src/install/gps_driver/share/ament_index/resource_index/parent_prefix_path/gps_driver
-- Up-to-date: /home/qianw/EECE5554/LAB1/src/install/gps_driver/share/gps_driver/environment/ament_prefix_path.sh
-- Installing: /home/qianw/EECE5554/LAB1/src/install/gps_driver/share/gps_driver/environment/ament_prefix_path.dsv
-- Up-to-date: /home/qianw/EECE5554/LAB1/src/install/gps_driver/share/gps_driver/environment/path.sh
-- Installing: /home/qianw/EECE5554/LAB1/src/install/gps_driver/share/gps_driver/environment/path.dsv
-- Up-to-date: /home/qianw/EECE5554/LAB1/src/install/gps_driver/share/gps_driver/local_setup.bash
-- Up-to-date: /home/qianw/EECE5554/LAB1/src/install/gps_driver/share/gps_driver/local_setup.sh
-- Up-to-date: /home/qianw/EECE5554/LAB1/src/install/gps_driver/share/gps_driver/local_setup.zsh
-- Installing: /home/qianw/EECE5554/LAB1/src/install/gps_driver/share/gps_driver/local_setup.dsv
-- Installing: /home/qianw/EECE5554/LAB1/src/install/gps_driver/share/gps_driver/package.dsv
-- Up-to-date: /home/qianw/EECE5554/LAB1/src/install/gps_driver/share/ament_index/resource_index/packages/gps_driver
-- Up-to-date: /home/qianw/EECE5554/LAB1/src/install/gps_driver/share/gps_driver/cmake/gps_driverConfig.cmake
-- Up-to-date: /home/qianw/EECE5554/LAB1/src/install/gps_driver/share/gps_driver/cmake/gps_driverConfig-version.cmake
-- Installing: /home/qianw/EECE5554/LAB1/src/install/gps_driver/share/gps_driver/package.xml
