[0.022s] Invoking command in '/home/qianw/EECE5554/LAB1/src/build/gps_driver': CMAKE_PREFIX_PATH=/opt/ros/humble /usr/bin/cmake --build /home/qianw/EECE5554/LAB1/src/build/gps_driver -- -j8 -l8
[0.128s] -- Found ament_cmake: 1.3.11 (/opt/ros/humble/share/ament_cmake/cmake)
[0.369s] -- Found ament_lint_auto: 0.12.11 (/opt/ros/humble/share/ament_lint_auto/cmake)
[0.493s] -- Added test 'cppcheck' to perform static code analysis on C / C++ code
[0.493s] -- Configured cppcheck include dirs: $<BUILD_INTERFACE:/home/qianw/EECE5554/LAB1/src/gps_driver/include>
[0.493s] -- Configured cppcheck exclude dirs and/or files: 
[0.494s] -- Added test 'lint_cmake' to check CMake code style
[0.496s] -- Added test 'uncrustify' to check C / C++ code style
[0.496s] -- Configured uncrustify additional arguments: 
[0.497s] -- Added test 'xmllint' to check XML markup files
[0.500s] -- Configuring done
[0.520s] -- Generating done
[0.524s] -- Build files have been written to: /home/qianw/EECE5554/LAB1/src/build/gps_driver
[0.573s] [ 50%] [32mBuilding CXX object CMakeFiles/gps_node.dir/src/gps_node.cpp.o[0m
[0.712s] [100%] [32m[1mLinking CXX executable gps_node[0m
[0.799s] [100%] Built target gps_node
[0.814s] Invoked command in '/home/qianw/EECE5554/LAB1/src/build/gps_driver' returned '0': CMAKE_PREFIX_PATH=/opt/ros/humble /usr/bin/cmake --build /home/qianw/EECE5554/LAB1/src/build/gps_driver -- -j8 -l8
[0.828s] Invoking command in '/home/qianw/EECE5554/LAB1/src/build/gps_driver': CMAKE_PREFIX_PATH=/opt/ros/humble /usr/bin/cmake --install /home/qianw/EECE5554/LAB1/src/build/gps_driver
[0.838s] -- Install configuration: ""
[0.850s] -- Installing: /home/qianw/EECE5554/LAB1/src/install/gps_driver/lib/gps_driver/gps_node
[0.852s] -- Up-to-date: /home/qianw/EECE5554/LAB1/src/install/gps_driver/share/ament_index/resource_index/package_run_dependencies/gps_driver
[0.852s] -- Up-to-date: /home/qianw/EECE5554/LAB1/src/install/gps_driver/share/ament_index/resource_index/parent_prefix_path/gps_driver
[0.853s] -- Up-to-date: /home/qianw/EECE5554/LAB1/src/install/gps_driver/share/gps_driver/environment/ament_prefix_path.sh
[0.854s] -- Installing: /home/qianw/EECE5554/LAB1/src/install/gps_driver/share/gps_driver/environment/ament_prefix_path.dsv
[0.854s] -- Up-to-date: /home/qianw/EECE5554/LAB1/src/install/gps_driver/share/gps_driver/environment/path.sh
[0.854s] -- Installing: /home/qianw/EECE5554/LAB1/src/install/gps_driver/share/gps_driver/environment/path.dsv
[0.854s] -- Up-to-date: /home/qianw/EECE5554/LAB1/src/install/gps_driver/share/gps_driver/local_setup.bash
[0.854s] -- Up-to-date: /home/qianw/EECE5554/LAB1/src/install/gps_driver/share/gps_driver/local_setup.sh
[0.855s] -- Up-to-date: /home/qianw/EECE5554/LAB1/src/install/gps_driver/share/gps_driver/local_setup.zsh
[0.855s] -- Installing: /home/qianw/EECE5554/LAB1/src/install/gps_driver/share/gps_driver/local_setup.dsv
[0.856s] -- Installing: /home/qianw/EECE5554/LAB1/src/install/gps_driver/share/gps_driver/package.dsv
[0.856s] -- Up-to-date: /home/qianw/EECE5554/LAB1/src/install/gps_driver/share/ament_index/resource_index/packages/gps_driver
[0.856s] -- Up-to-date: /home/qianw/EECE5554/LAB1/src/install/gps_driver/share/gps_driver/cmake/gps_driverConfig.cmake
[0.856s] -- Up-to-date: /home/qianw/EECE5554/LAB1/src/install/gps_driver/share/gps_driver/cmake/gps_driverConfig-version.cmake
[0.856s] -- Installing: /home/qianw/EECE5554/LAB1/src/install/gps_driver/share/gps_driver/package.xml
[0.861s] Invoked command in '/home/qianw/EECE5554/LAB1/src/build/gps_driver' returned '0': CMAKE_PREFIX_PATH=/opt/ros/humble /usr/bin/cmake --install /home/qianw/EECE5554/LAB1/src/build/gps_driver
