[0.198s] DEBUG:colcon:Command line arguments: ['/usr/bin/colcon', 'build']
[0.198s] DEBUG:colcon:Parsed command line arguments: Namespace(log_base=None, log_level=None, verb_name='build', build_base='build', install_base='install', merge_install=False, symlink_install=False, test_result_base=None, continue_on_error=False, executor='parallel', parallel_workers=8, event_handlers=None, ignore_user_meta=False, metas=['./colcon.meta'], base_paths=['.'], packages_ignore=None, packages_ignore_regex=None, paths=None, packages_up_to=None, packages_up_to_regex=None, packages_above=None, packages_above_and_dependencies=None, packages_above_depth=None, packages_select_by_dep=None, packages_skip_by_dep=None, packages_skip_up_to=None, packages_select_build_failed=False, packages_skip_build_finished=False, packages_select_test_failures=False, packages_skip_test_passed=False, packages_select=None, packages_skip=None, packages_select_regex=None, packages_skip_regex=None, packages_start=None, packages_end=None, allow_overriding=[], cmake_args=None, cmake_target=None, cmake_target_skip_unavailable=False, cmake_clean_cache=False, cmake_clean_first=False, cmake_force_configure=False, ament_cmake_args=None, catkin_cmake_args=None, catkin_skip_building_tests=False, mixin_files=None, mixin=None, verb_parser=<colcon_mixin.mixin.mixin_argument.MixinArgumentDecorator object at 0x72ab7806d210>, verb_extension=<colcon_core.verb.build.BuildVerb object at 0x72ab7806cc10>, main=<bound method BuildVerb.main of <colcon_core.verb.build.BuildVerb object at 0x72ab7806cc10>>, mixin_verb=('build',))
[0.503s] Level 1:colcon.colcon_core.package_discovery:discover_packages(colcon_meta) check parameters
[0.503s] Level 1:colcon.colcon_core.package_discovery:discover_packages(recursive) check parameters
[0.503s] Level 1:colcon.colcon_core.package_discovery:discover_packages(ignore) check parameters
[0.503s] Level 1:colcon.colcon_core.package_discovery:discover_packages(path) check parameters
[0.503s] Level 1:colcon.colcon_core.package_discovery:discover_packages(colcon_meta) discover
[0.504s] Level 1:colcon.colcon_core.package_discovery:discover_packages(recursive) discover
[0.504s] INFO:colcon.colcon_core.package_discovery:Crawling recursively for packages in '/home/qianw/EECE5554/LAB3/src'
[0.504s] Level 1:colcon.colcon_core.package_identification:_identify(.) by extensions ['ignore', 'ignore_ament_install']
[0.504s] Level 1:colcon.colcon_core.package_identification:_identify(.) by extension 'ignore'
[0.504s] Level 1:colcon.colcon_core.package_identification:_identify(.) by extension 'ignore_ament_install'
[0.504s] Level 1:colcon.colcon_core.package_identification:_identify(.) by extensions ['colcon_pkg']
[0.504s] Level 1:colcon.colcon_core.package_identification:_identify(.) by extension 'colcon_pkg'
[0.504s] Level 1:colcon.colcon_core.package_identification:_identify(.) by extensions ['colcon_meta']
[0.504s] Level 1:colcon.colcon_core.package_identification:_identify(.) by extension 'colcon_meta'
[0.505s] Level 1:colcon.colcon_core.package_identification:_identify(.) by extensions ['ros']
[0.505s] Level 1:colcon.colcon_core.package_identification:_identify(.) by extension 'ros'
[0.522s] Level 1:colcon.colcon_core.package_identification:_identify(.) by extensions ['cmake', 'python']
[0.522s] Level 1:colcon.colcon_core.package_identification:_identify(.) by extension 'cmake'
[0.523s] Level 1:colcon.colcon_core.package_identification:_identify(.) by extension 'python'
[0.523s] Level 1:colcon.colcon_core.package_identification:_identify(.) by extensions ['python_setup_py']
[0.523s] Level 1:colcon.colcon_core.package_identification:_identify(.) by extension 'python_setup_py'
[0.523s] Level 1:colcon.colcon_core.package_identification:_identify(analysis) by extensions ['ignore', 'ignore_ament_install']
[0.523s] Level 1:colcon.colcon_core.package_identification:_identify(analysis) by extension 'ignore'
[0.523s] Level 1:colcon.colcon_core.package_identification:_identify(analysis) by extension 'ignore_ament_install'
[0.523s] Level 1:colcon.colcon_core.package_identification:_identify(analysis) by extensions ['colcon_pkg']
[0.523s] Level 1:colcon.colcon_core.package_identification:_identify(analysis) by extension 'colcon_pkg'
[0.524s] Level 1:colcon.colcon_core.package_identification:_identify(analysis) by extensions ['colcon_meta']
[0.524s] Level 1:colcon.colcon_core.package_identification:_identify(analysis) by extension 'colcon_meta'
[0.524s] Level 1:colcon.colcon_core.package_identification:_identify(analysis) by extensions ['ros']
[0.524s] Level 1:colcon.colcon_core.package_identification:_identify(analysis) by extension 'ros'
[0.524s] Level 1:colcon.colcon_core.package_identification:_identify(analysis) by extensions ['cmake', 'python']
[0.524s] Level 1:colcon.colcon_core.package_identification:_identify(analysis) by extension 'cmake'
[0.524s] Level 1:colcon.colcon_core.package_identification:_identify(analysis) by extension 'python'
[0.524s] Level 1:colcon.colcon_core.package_identification:_identify(analysis) by extensions ['python_setup_py']
[0.524s] Level 1:colcon.colcon_core.package_identification:_identify(analysis) by extension 'python_setup_py'
[0.524s] Level 1:colcon.colcon_core.package_identification:_identify(build) by extensions ['ignore', 'ignore_ament_install']
[0.524s] Level 1:colcon.colcon_core.package_identification:_identify(build) by extension 'ignore'
[0.525s] Level 1:colcon.colcon_core.package_identification:_identify(build) ignored
[0.525s] Level 1:colcon.colcon_core.package_identification:_identify(data) by extensions ['ignore', 'ignore_ament_install']
[0.525s] Level 1:colcon.colcon_core.package_identification:_identify(data) by extension 'ignore'
[0.525s] Level 1:colcon.colcon_core.package_identification:_identify(data) by extension 'ignore_ament_install'
[0.525s] Level 1:colcon.colcon_core.package_identification:_identify(data) by extensions ['colcon_pkg']
[0.525s] Level 1:colcon.colcon_core.package_identification:_identify(data) by extension 'colcon_pkg'
[0.525s] Level 1:colcon.colcon_core.package_identification:_identify(data) by extensions ['colcon_meta']
[0.525s] Level 1:colcon.colcon_core.package_identification:_identify(data) by extension 'colcon_meta'
[0.525s] Level 1:colcon.colcon_core.package_identification:_identify(data) by extensions ['ros']
[0.525s] Level 1:colcon.colcon_core.package_identification:_identify(data) by extension 'ros'
[0.526s] Level 1:colcon.colcon_core.package_identification:_identify(data) by extensions ['cmake', 'python']
[0.526s] Level 1:colcon.colcon_core.package_identification:_identify(data) by extension 'cmake'
[0.526s] Level 1:colcon.colcon_core.package_identification:_identify(data) by extension 'python'
[0.526s] Level 1:colcon.colcon_core.package_identification:_identify(data) by extensions ['python_setup_py']
[0.526s] Level 1:colcon.colcon_core.package_identification:_identify(data) by extension 'python_setup_py'
[0.526s] Level 1:colcon.colcon_core.package_identification:_identify(imu_driver) by extensions ['ignore', 'ignore_ament_install']
[0.526s] Level 1:colcon.colcon_core.package_identification:_identify(imu_driver) by extension 'ignore'
[0.526s] Level 1:colcon.colcon_core.package_identification:_identify(imu_driver) by extension 'ignore_ament_install'
[0.526s] Level 1:colcon.colcon_core.package_identification:_identify(imu_driver) by extensions ['colcon_pkg']
[0.526s] Level 1:colcon.colcon_core.package_identification:_identify(imu_driver) by extension 'colcon_pkg'
[0.526s] Level 1:colcon.colcon_core.package_identification:_identify(imu_driver) by extensions ['colcon_meta']
[0.526s] Level 1:colcon.colcon_core.package_identification:_identify(imu_driver) by extension 'colcon_meta'
[0.527s] Level 1:colcon.colcon_core.package_identification:_identify(imu_driver) by extensions ['ros']
[0.527s] Level 1:colcon.colcon_core.package_identification:_identify(imu_driver) by extension 'ros'
[0.531s] DEBUG:colcon.colcon_core.package_identification:Package 'imu_driver' with type 'ros.ament_python' and name 'imu_driver'
[0.531s] Level 1:colcon.colcon_core.package_identification:_identify(imu_interface) by extensions ['ignore', 'ignore_ament_install']
[0.531s] Level 1:colcon.colcon_core.package_identification:_identify(imu_interface) by extension 'ignore'
[0.532s] Level 1:colcon.colcon_core.package_identification:_identify(imu_interface) by extension 'ignore_ament_install'
[0.532s] Level 1:colcon.colcon_core.package_identification:_identify(imu_interface) by extensions ['colcon_pkg']
[0.532s] Level 1:colcon.colcon_core.package_identification:_identify(imu_interface) by extension 'colcon_pkg'
[0.532s] Level 1:colcon.colcon_core.package_identification:_identify(imu_interface) by extensions ['colcon_meta']
[0.532s] Level 1:colcon.colcon_core.package_identification:_identify(imu_interface) by extension 'colcon_meta'
[0.532s] Level 1:colcon.colcon_core.package_identification:_identify(imu_interface) by extensions ['ros']
[0.532s] Level 1:colcon.colcon_core.package_identification:_identify(imu_interface) by extension 'ros'
[0.534s] DEBUG:colcon.colcon_core.package_identification:Package 'imu_interface' with type 'ros.ament_cmake' and name 'imu_interface'
[0.534s] Level 1:colcon.colcon_core.package_identification:_identify(install) by extensions ['ignore', 'ignore_ament_install']
[0.534s] Level 1:colcon.colcon_core.package_identification:_identify(install) by extension 'ignore'
[0.534s] Level 1:colcon.colcon_core.package_identification:_identify(install) ignored
[0.534s] Level 1:colcon.colcon_core.package_identification:_identify(log) by extensions ['ignore', 'ignore_ament_install']
[0.534s] Level 1:colcon.colcon_core.package_identification:_identify(log) by extension 'ignore'
[0.535s] Level 1:colcon.colcon_core.package_identification:_identify(log) ignored
[0.535s] Level 1:colcon.colcon_core.package_discovery:discover_packages(recursive) using defaults
[0.535s] Level 1:colcon.colcon_core.package_discovery:discover_packages(ignore) discover
[0.535s] Level 1:colcon.colcon_core.package_discovery:discover_packages(ignore) using defaults
[0.535s] Level 1:colcon.colcon_core.package_discovery:discover_packages(path) discover
[0.535s] Level 1:colcon.colcon_core.package_discovery:discover_packages(path) using defaults
[0.587s] Level 1:colcon.colcon_core.package_discovery:discover_packages(prefix_path) check parameters
[0.587s] Level 1:colcon.colcon_core.package_discovery:discover_packages(prefix_path) discover
[0.590s] DEBUG:colcon.colcon_installed_package_information.package_discovery:Found 2 installed packages in /home/qianw/EECE5554/LAB3/src/install
[0.592s] DEBUG:colcon.colcon_installed_package_information.package_discovery:Found 296 installed packages in /opt/ros/humble
[0.594s] Level 1:colcon.colcon_core.package_discovery:discover_packages(prefix_path) using defaults
[0.665s] Level 5:colcon.colcon_core.verb:set package 'imu_interface' build argument 'cmake_args' from command line to 'None'
[0.665s] Level 5:colcon.colcon_core.verb:set package 'imu_interface' build argument 'cmake_target' from command line to 'None'
[0.665s] Level 5:colcon.colcon_core.verb:set package 'imu_interface' build argument 'cmake_target_skip_unavailable' from command line to 'False'
[0.665s] Level 5:colcon.colcon_core.verb:set package 'imu_interface' build argument 'cmake_clean_cache' from command line to 'False'
[0.665s] Level 5:colcon.colcon_core.verb:set package 'imu_interface' build argument 'cmake_clean_first' from command line to 'False'
[0.665s] Level 5:colcon.colcon_core.verb:set package 'imu_interface' build argument 'cmake_force_configure' from command line to 'False'
[0.665s] Level 5:colcon.colcon_core.verb:set package 'imu_interface' build argument 'ament_cmake_args' from command line to 'None'
[0.665s] Level 5:colcon.colcon_core.verb:set package 'imu_interface' build argument 'catkin_cmake_args' from command line to 'None'
[0.665s] Level 5:colcon.colcon_core.verb:set package 'imu_interface' build argument 'catkin_skip_building_tests' from command line to 'False'
[0.665s] DEBUG:colcon.colcon_core.verb:Building package 'imu_interface' with the following arguments: {'ament_cmake_args': None, 'build_base': '/home/qianw/EECE5554/LAB3/src/build/imu_interface', 'catkin_cmake_args': None, 'catkin_skip_building_tests': False, 'cmake_args': None, 'cmake_clean_cache': False, 'cmake_clean_first': False, 'cmake_force_configure': False, 'cmake_target': None, 'cmake_target_skip_unavailable': False, 'install_base': '/home/qianw/EECE5554/LAB3/src/install/imu_interface', 'merge_install': False, 'path': '/home/qianw/EECE5554/LAB3/src/imu_interface', 'symlink_install': False, 'test_result_base': None}
[0.666s] Level 5:colcon.colcon_core.verb:set package 'imu_driver' build argument 'cmake_args' from command line to 'None'
[0.666s] Level 5:colcon.colcon_core.verb:set package 'imu_driver' build argument 'cmake_target' from command line to 'None'
[0.666s] Level 5:colcon.colcon_core.verb:set package 'imu_driver' build argument 'cmake_target_skip_unavailable' from command line to 'False'
[0.666s] Level 5:colcon.colcon_core.verb:set package 'imu_driver' build argument 'cmake_clean_cache' from command line to 'False'
[0.666s] Level 5:colcon.colcon_core.verb:set package 'imu_driver' build argument 'cmake_clean_first' from command line to 'False'
[0.666s] Level 5:colcon.colcon_core.verb:set package 'imu_driver' build argument 'cmake_force_configure' from command line to 'False'
[0.666s] Level 5:colcon.colcon_core.verb:set package 'imu_driver' build argument 'ament_cmake_args' from command line to 'None'
[0.666s] Level 5:colcon.colcon_core.verb:set package 'imu_driver' build argument 'catkin_cmake_args' from command line to 'None'
[0.666s] Level 5:colcon.colcon_core.verb:set package 'imu_driver' build argument 'catkin_skip_building_tests' from command line to 'False'
[0.666s] DEBUG:colcon.colcon_core.verb:Building package 'imu_driver' with the following arguments: {'ament_cmake_args': None, 'build_base': '/home/qianw/EECE5554/LAB3/src/build/imu_driver', 'catkin_cmake_args': None, 'catkin_skip_building_tests': False, 'cmake_args': None, 'cmake_clean_cache': False, 'cmake_clean_first': False, 'cmake_force_configure': False, 'cmake_target': None, 'cmake_target_skip_unavailable': False, 'install_base': '/home/qianw/EECE5554/LAB3/src/install/imu_driver', 'merge_install': False, 'path': '/home/qianw/EECE5554/LAB3/src/imu_driver', 'symlink_install': False, 'test_result_base': None}
[0.667s] INFO:colcon.colcon_core.executor:Executing jobs using 'parallel' executor
[0.668s] DEBUG:colcon.colcon_parallel_executor.executor.parallel:run_until_complete
[0.668s] INFO:colcon.colcon_ros.task.ament_cmake.build:Building ROS package in '/home/qianw/EECE5554/LAB3/src/imu_interface' with build type 'ament_cmake'
[0.669s] INFO:colcon.colcon_cmake.task.cmake.build:Building CMake package in '/home/qianw/EECE5554/LAB3/src/imu_interface'
[0.672s] INFO:colcon.colcon_core.plugin_system:Skipping extension 'colcon_core.shell.bat': Not used on non-Windows systems
[0.673s] INFO:colcon.colcon_core.shell:Skip shell extension 'powershell' for command environment: Not usable outside of PowerShell
[0.673s] DEBUG:colcon.colcon_core.shell:Skip shell extension 'dsv' for command environment
[0.689s] DEBUG:colcon.colcon_core.event_handler.log_command:Invoking command in '/home/qianw/EECE5554/LAB3/src/build/imu_interface': CMAKE_PREFIX_PATH=${CMAKE_PREFIX_PATH}:/home/qianw/EECE5554/LAB3/src/install/imu_driver:/opt/ros/humble /usr/bin/cmake --build /home/qianw/EECE5554/LAB3/src/build/imu_interface -- -j8 -l8
[1.350s] DEBUG:colcon.colcon_core.event_handler.log_command:Invoked command in '/home/qianw/EECE5554/LAB3/src/build/imu_interface' returned '0': CMAKE_PREFIX_PATH=${CMAKE_PREFIX_PATH}:/home/qianw/EECE5554/LAB3/src/install/imu_driver:/opt/ros/humble /usr/bin/cmake --build /home/qianw/EECE5554/LAB3/src/build/imu_interface -- -j8 -l8
[1.366s] DEBUG:colcon.colcon_core.event_handler.log_command:Invoking command in '/home/qianw/EECE5554/LAB3/src/build/imu_interface': CMAKE_PREFIX_PATH=${CMAKE_PREFIX_PATH}:/home/qianw/EECE5554/LAB3/src/install/imu_driver:/opt/ros/humble /usr/bin/cmake --install /home/qianw/EECE5554/LAB3/src/build/imu_interface
[1.464s] Level 1:colcon.colcon_core.environment:create_environment_scripts_only(imu_interface)
[1.472s] DEBUG:colcon.colcon_core.event_handler.log_command:Invoked command in '/home/qianw/EECE5554/LAB3/src/build/imu_interface' returned '0': CMAKE_PREFIX_PATH=${CMAKE_PREFIX_PATH}:/home/qianw/EECE5554/LAB3/src/install/imu_driver:/opt/ros/humble /usr/bin/cmake --install /home/qianw/EECE5554/LAB3/src/build/imu_interface
[1.475s] Level 1:colcon.colcon_core.environment:checking '/home/qianw/EECE5554/LAB3/src/install/imu_interface' for CMake module files
[1.476s] Level 1:colcon.colcon_core.environment:checking '/home/qianw/EECE5554/LAB3/src/install/imu_interface' for CMake config files
[1.476s] Level 1:colcon.colcon_core.shell:create_environment_hook('imu_interface', 'cmake_prefix_path')
[1.477s] INFO:colcon.colcon_core.shell:Creating environment hook '/home/qianw/EECE5554/LAB3/src/install/imu_interface/share/imu_interface/hook/cmake_prefix_path.ps1'
[1.478s] INFO:colcon.colcon_core.shell:Creating environment descriptor '/home/qianw/EECE5554/LAB3/src/install/imu_interface/share/imu_interface/hook/cmake_prefix_path.dsv'
[1.478s] INFO:colcon.colcon_core.shell:Creating environment hook '/home/qianw/EECE5554/LAB3/src/install/imu_interface/share/imu_interface/hook/cmake_prefix_path.sh'
[1.480s] Level 1:colcon.colcon_core.environment:checking '/home/qianw/EECE5554/LAB3/src/install/imu_interface/lib'
[1.481s] Level 1:colcon.colcon_core.shell:create_environment_hook('imu_interface', 'ld_library_path_lib')
[1.481s] INFO:colcon.colcon_core.shell:Creating environment hook '/home/qianw/EECE5554/LAB3/src/install/imu_interface/share/imu_interface/hook/ld_library_path_lib.ps1'
[1.482s] INFO:colcon.colcon_core.shell:Creating environment descriptor '/home/qianw/EECE5554/LAB3/src/install/imu_interface/share/imu_interface/hook/ld_library_path_lib.dsv'
[1.482s] INFO:colcon.colcon_core.shell:Creating environment hook '/home/qianw/EECE5554/LAB3/src/install/imu_interface/share/imu_interface/hook/ld_library_path_lib.sh'
[1.483s] Level 1:colcon.colcon_core.environment:checking '/home/qianw/EECE5554/LAB3/src/install/imu_interface/bin'
[1.483s] Level 1:colcon.colcon_core.environment:checking '/home/qianw/EECE5554/LAB3/src/install/imu_interface/lib/pkgconfig/imu_interface.pc'
[1.484s] Level 1:colcon.colcon_core.environment:checking '/home/qianw/EECE5554/LAB3/src/install/imu_interface/lib/python3.10/site-packages'
[1.484s] Level 1:colcon.colcon_core.environment:checking '/home/qianw/EECE5554/LAB3/src/install/imu_interface/bin'
[1.484s] INFO:colcon.colcon_core.shell:Creating package script '/home/qianw/EECE5554/LAB3/src/install/imu_interface/share/imu_interface/package.ps1'
[1.486s] INFO:colcon.colcon_core.shell:Creating package descriptor '/home/qianw/EECE5554/LAB3/src/install/imu_interface/share/imu_interface/package.dsv'
[1.487s] INFO:colcon.colcon_core.shell:Creating package script '/home/qianw/EECE5554/LAB3/src/install/imu_interface/share/imu_interface/package.sh'
[1.488s] INFO:colcon.colcon_core.shell:Creating package script '/home/qianw/EECE5554/LAB3/src/install/imu_interface/share/imu_interface/package.bash'
[1.490s] INFO:colcon.colcon_core.shell:Creating package script '/home/qianw/EECE5554/LAB3/src/install/imu_interface/share/imu_interface/package.zsh'
[1.491s] Level 1:colcon.colcon_core.environment:create_file_with_runtime_dependencies(/home/qianw/EECE5554/LAB3/src/install/imu_interface/share/colcon-core/packages/imu_interface)
[1.492s] Level 1:colcon.colcon_core.environment:create_environment_scripts_only(imu_interface)
[1.492s] Level 1:colcon.colcon_core.environment:checking '/home/qianw/EECE5554/LAB3/src/install/imu_interface' for CMake module files
[1.493s] Level 1:colcon.colcon_core.environment:checking '/home/qianw/EECE5554/LAB3/src/install/imu_interface' for CMake config files
[1.494s] Level 1:colcon.colcon_core.shell:create_environment_hook('imu_interface', 'cmake_prefix_path')
[1.494s] INFO:colcon.colcon_core.shell:Creating environment hook '/home/qianw/EECE5554/LAB3/src/install/imu_interface/share/imu_interface/hook/cmake_prefix_path.ps1'
[1.495s] INFO:colcon.colcon_core.shell:Creating environment descriptor '/home/qianw/EECE5554/LAB3/src/install/imu_interface/share/imu_interface/hook/cmake_prefix_path.dsv'
[1.496s] INFO:colcon.colcon_core.shell:Creating environment hook '/home/qianw/EECE5554/LAB3/src/install/imu_interface/share/imu_interface/hook/cmake_prefix_path.sh'
[1.497s] Level 1:colcon.colcon_core.environment:checking '/home/qianw/EECE5554/LAB3/src/install/imu_interface/lib'
[1.497s] Level 1:colcon.colcon_core.shell:create_environment_hook('imu_interface', 'ld_library_path_lib')
[1.497s] INFO:colcon.colcon_core.shell:Creating environment hook '/home/qianw/EECE5554/LAB3/src/install/imu_interface/share/imu_interface/hook/ld_library_path_lib.ps1'
[1.498s] INFO:colcon.colcon_core.shell:Creating environment descriptor '/home/qianw/EECE5554/LAB3/src/install/imu_interface/share/imu_interface/hook/ld_library_path_lib.dsv'
[1.499s] INFO:colcon.colcon_core.shell:Creating environment hook '/home/qianw/EECE5554/LAB3/src/install/imu_interface/share/imu_interface/hook/ld_library_path_lib.sh'
[1.499s] Level 1:colcon.colcon_core.environment:checking '/home/qianw/EECE5554/LAB3/src/install/imu_interface/bin'
[1.500s] Level 1:colcon.colcon_core.environment:checking '/home/qianw/EECE5554/LAB3/src/install/imu_interface/lib/pkgconfig/imu_interface.pc'
[1.500s] Level 1:colcon.colcon_core.environment:checking '/home/qianw/EECE5554/LAB3/src/install/imu_interface/lib/python3.10/site-packages'
[1.500s] Level 1:colcon.colcon_core.environment:checking '/home/qianw/EECE5554/LAB3/src/install/imu_interface/bin'
[1.501s] INFO:colcon.colcon_core.shell:Creating package script '/home/qianw/EECE5554/LAB3/src/install/imu_interface/share/imu_interface/package.ps1'
[1.502s] INFO:colcon.colcon_core.shell:Creating package descriptor '/home/qianw/EECE5554/LAB3/src/install/imu_interface/share/imu_interface/package.dsv'
[1.503s] INFO:colcon.colcon_core.shell:Creating package script '/home/qianw/EECE5554/LAB3/src/install/imu_interface/share/imu_interface/package.sh'
[1.504s] INFO:colcon.colcon_core.shell:Creating package script '/home/qianw/EECE5554/LAB3/src/install/imu_interface/share/imu_interface/package.bash'
[1.505s] INFO:colcon.colcon_core.shell:Creating package script '/home/qianw/EECE5554/LAB3/src/install/imu_interface/share/imu_interface/package.zsh'
[1.506s] Level 1:colcon.colcon_core.environment:create_file_with_runtime_dependencies(/home/qianw/EECE5554/LAB3/src/install/imu_interface/share/colcon-core/packages/imu_interface)
[1.506s] INFO:colcon.colcon_ros.task.ament_python.build:Building ROS package in '/home/qianw/EECE5554/LAB3/src/imu_driver' with build type 'ament_python'
[1.507s] Level 1:colcon.colcon_core.shell:create_environment_hook('imu_driver', 'ament_prefix_path')
[1.507s] INFO:colcon.colcon_core.shell:Creating environment hook '/home/qianw/EECE5554/LAB3/src/install/imu_driver/share/imu_driver/hook/ament_prefix_path.ps1'
[1.509s] INFO:colcon.colcon_core.shell:Creating environment descriptor '/home/qianw/EECE5554/LAB3/src/install/imu_driver/share/imu_driver/hook/ament_prefix_path.dsv'
[1.509s] INFO:colcon.colcon_core.shell:Creating environment hook '/home/qianw/EECE5554/LAB3/src/install/imu_driver/share/imu_driver/hook/ament_prefix_path.sh'
[1.510s] INFO:colcon.colcon_core.shell:Skip shell extension 'powershell' for command environment: Not usable outside of PowerShell
[1.510s] DEBUG:colcon.colcon_core.shell:Skip shell extension 'dsv' for command environment
[1.983s] INFO:colcon.colcon_core.task.python.build:Building Python package in '/home/qianw/EECE5554/LAB3/src/imu_driver'
[1.984s] INFO:colcon.colcon_core.shell:Skip shell extension 'powershell' for command environment: Not usable outside of PowerShell
[1.984s] DEBUG:colcon.colcon_core.shell:Skip shell extension 'dsv' for command environment
[2.592s] DEBUG:colcon.colcon_core.event_handler.log_command:Invoking command in '/home/qianw/EECE5554/LAB3/src/imu_driver': PYTHONPATH=/home/qianw/EECE5554/LAB3/src/build/imu_driver/prefix_override:/usr/lib/python3/dist-packages/colcon_core/task/python/colcon_distutils_commands:/home/qianw/EECE5554/LAB3/src/install/imu_driver/lib/python3.10/site-packages:${PYTHONPATH} /usr/bin/python3 -W ignore:setup.py install is deprecated -W ignore:easy_install command is deprecated setup.py egg_info --egg-base ../build/imu_driver build --build-base /home/qianw/EECE5554/LAB3/src/build/imu_driver/build install --record /home/qianw/EECE5554/LAB3/src/build/imu_driver/install.log --single-version-externally-managed install_data
[3.107s] Level 1:colcon.colcon_core.environment:checking '/home/qianw/EECE5554/LAB3/src/install/imu_driver' for CMake module files
[3.108s] DEBUG:colcon.colcon_core.event_handler.log_command:Invoked command in '/home/qianw/EECE5554/LAB3/src/imu_driver' returned '0': PYTHONPATH=/home/qianw/EECE5554/LAB3/src/build/imu_driver/prefix_override:/usr/lib/python3/dist-packages/colcon_core/task/python/colcon_distutils_commands:/home/qianw/EECE5554/LAB3/src/install/imu_driver/lib/python3.10/site-packages:${PYTHONPATH} /usr/bin/python3 -W ignore:setup.py install is deprecated -W ignore:easy_install command is deprecated setup.py egg_info --egg-base ../build/imu_driver build --build-base /home/qianw/EECE5554/LAB3/src/build/imu_driver/build install --record /home/qianw/EECE5554/LAB3/src/build/imu_driver/install.log --single-version-externally-managed install_data
[3.108s] Level 1:colcon.colcon_core.environment:checking '/home/qianw/EECE5554/LAB3/src/install/imu_driver' for CMake config files
[3.109s] Level 1:colcon.colcon_core.environment:checking '/home/qianw/EECE5554/LAB3/src/install/imu_driver/lib'
[3.109s] Level 1:colcon.colcon_core.environment:checking '/home/qianw/EECE5554/LAB3/src/install/imu_driver/bin'
[3.109s] Level 1:colcon.colcon_core.environment:checking '/home/qianw/EECE5554/LAB3/src/install/imu_driver/lib/pkgconfig/imu_driver.pc'
[3.110s] Level 1:colcon.colcon_core.environment:checking '/home/qianw/EECE5554/LAB3/src/install/imu_driver/lib/python3.10/site-packages'
[3.110s] Level 1:colcon.colcon_core.shell:create_environment_hook('imu_driver', 'pythonpath')
[3.110s] INFO:colcon.colcon_core.shell:Creating environment hook '/home/qianw/EECE5554/LAB3/src/install/imu_driver/share/imu_driver/hook/pythonpath.ps1'
[3.111s] INFO:colcon.colcon_core.shell:Creating environment descriptor '/home/qianw/EECE5554/LAB3/src/install/imu_driver/share/imu_driver/hook/pythonpath.dsv'
[3.112s] INFO:colcon.colcon_core.shell:Creating environment hook '/home/qianw/EECE5554/LAB3/src/install/imu_driver/share/imu_driver/hook/pythonpath.sh'
[3.113s] Level 1:colcon.colcon_core.environment:checking '/home/qianw/EECE5554/LAB3/src/install/imu_driver/bin'
[3.113s] Level 1:colcon.colcon_core.environment:create_environment_scripts_only(imu_driver)
[3.113s] INFO:colcon.colcon_core.shell:Creating package script '/home/qianw/EECE5554/LAB3/src/install/imu_driver/share/imu_driver/package.ps1'
[3.114s] INFO:colcon.colcon_core.shell:Creating package descriptor '/home/qianw/EECE5554/LAB3/src/install/imu_driver/share/imu_driver/package.dsv'
[3.116s] INFO:colcon.colcon_core.shell:Creating package script '/home/qianw/EECE5554/LAB3/src/install/imu_driver/share/imu_driver/package.sh'
[3.117s] INFO:colcon.colcon_core.shell:Creating package script '/home/qianw/EECE5554/LAB3/src/install/imu_driver/share/imu_driver/package.bash'
[3.118s] INFO:colcon.colcon_core.shell:Creating package script '/home/qianw/EECE5554/LAB3/src/install/imu_driver/share/imu_driver/package.zsh'
[3.119s] Level 1:colcon.colcon_core.environment:create_file_with_runtime_dependencies(/home/qianw/EECE5554/LAB3/src/install/imu_driver/share/colcon-core/packages/imu_driver)
[3.119s] DEBUG:colcon.colcon_parallel_executor.executor.parallel:closing loop
[3.120s] DEBUG:colcon.colcon_parallel_executor.executor.parallel:loop closed
[3.120s] DEBUG:colcon.colcon_parallel_executor.executor.parallel:run_until_complete finished with '0'
[3.120s] DEBUG:colcon.colcon_core.event_reactor:joining thread
[3.129s] INFO:colcon.colcon_core.plugin_system:Skipping extension 'colcon_notification.desktop_notification.terminal_notifier': Not used on non-Darwin systems
[3.129s] INFO:colcon.colcon_core.plugin_system:Skipping extension 'colcon_notification.desktop_notification.win32': Not used on non-Windows systems
[3.129s] INFO:colcon.colcon_notification.desktop_notification:Sending desktop notification using 'notify2'
[3.130s] DEBUG:colcon.colcon_notification.desktop_notification.notify2:Failed to initialize notify2: org.freedesktop.DBus.Error.NoReply: Did not receive a reply. Possible causes include: the remote application did not send a reply, the message bus security policy blocked the reply, the reply timeout expired, or the network connection was broken.
[3.130s] DEBUG:colcon.colcon_core.event_reactor:joined thread
[3.131s] INFO:colcon.colcon_core.shell:Creating prefix script '/home/qianw/EECE5554/LAB3/src/install/local_setup.ps1'
[3.132s] INFO:colcon.colcon_core.shell:Creating prefix util module '/home/qianw/EECE5554/LAB3/src/install/_local_setup_util_ps1.py'
[3.135s] INFO:colcon.colcon_core.shell:Creating prefix chain script '/home/qianw/EECE5554/LAB3/src/install/setup.ps1'
[3.137s] INFO:colcon.colcon_core.shell:Creating prefix script '/home/qianw/EECE5554/LAB3/src/install/local_setup.sh'
[3.138s] INFO:colcon.colcon_core.shell:Creating prefix util module '/home/qianw/EECE5554/LAB3/src/install/_local_setup_util_sh.py'
[3.139s] INFO:colcon.colcon_core.shell:Creating prefix chain script '/home/qianw/EECE5554/LAB3/src/install/setup.sh'
[3.142s] INFO:colcon.colcon_core.shell:Creating prefix script '/home/qianw/EECE5554/LAB3/src/install/local_setup.bash'
[3.143s] INFO:colcon.colcon_core.shell:Creating prefix chain script '/home/qianw/EECE5554/LAB3/src/install/setup.bash'
[3.145s] INFO:colcon.colcon_core.shell:Creating prefix script '/home/qianw/EECE5554/LAB3/src/install/local_setup.zsh'
[3.146s] INFO:colcon.colcon_core.shell:Creating prefix chain script '/home/qianw/EECE5554/LAB3/src/install/setup.zsh'
