[0.019s] Invoking command in '/home/qianw/EECE5554/LAB3/src/build/imu_interface': CMAKE_PREFIX_PATH=${CMAKE_PREFIX_PATH}:/home/qianw/EECE5554/LAB3/src/install/imu_driver:/opt/ros/humble /usr/bin/cmake --build /home/qianw/EECE5554/LAB3/src/build/imu_interface -- -j8 -l8
[0.108s] [  3%] Built target imu_interface__cpp
[0.110s] [ 12%] Built target imu_interface__rosidl_generator_c
[0.127s] [ 12%] Built target ament_cmake_python_copy_imu_interface
[0.153s] [ 22%] Built target imu_interface__rosidl_typesupport_cpp
[0.155s] [ 32%] Built target imu_interface__rosidl_typesupport_fastrtps_cpp
[0.156s] [ 41%] Built target imu_interface__rosidl_typesupport_introspection_cpp
[0.156s] [ 51%] Built target imu_interface__rosidl_typesupport_introspection_c
[0.161s] [ 61%] Built target imu_interface__rosidl_typesupport_c
[0.163s] [ 70%] Built target imu_interface__rosidl_typesupport_fastrtps_c
[0.199s] [ 70%] Built target imu_interface
[0.235s] [ 74%] Built target imu_interface__py
[0.277s] [ 80%] Built target imu_interface__rosidl_generator_py
[0.318s] [100%] Built target imu_interface__rosidl_typesupport_introspection_c__pyext
[0.319s] [100%] Built target imu_interface__rosidl_typesupport_fastrtps_c__pyext
[0.319s] [100%] Built target imu_interface__rosidl_typesupport_c__pyext
[0.585s] running egg_info
[0.586s] writing imu_interface.egg-info/PKG-INFO
[0.586s] writing dependency_links to imu_interface.egg-info/dependency_links.txt
[0.587s] writing top-level names to imu_interface.egg-info/top_level.txt
[0.590s] reading manifest file 'imu_interface.egg-info/SOURCES.txt'
[0.592s] writing manifest file 'imu_interface.egg-info/SOURCES.txt'
[0.652s] [100%] Built target ament_cmake_python_build_imu_interface_egg
[0.672s] Invoked command in '/home/qianw/EECE5554/LAB3/src/build/imu_interface' returned '0': CMAKE_PREFIX_PATH=${CMAKE_PREFIX_PATH}:/home/qianw/EECE5554/LAB3/src/install/imu_driver:/opt/ros/humble /usr/bin/cmake --build /home/qianw/EECE5554/LAB3/src/build/imu_interface -- -j8 -l8
[0.689s] Invoking command in '/home/qianw/EECE5554/LAB3/src/build/imu_interface': CMAKE_PREFIX_PATH=${CMAKE_PREFIX_PATH}:/home/qianw/EECE5554/LAB3/src/install/imu_driver:/opt/ros/humble /usr/bin/cmake --install /home/qianw/EECE5554/LAB3/src/build/imu_interface
[0.701s] -- Install configuration: ""
[0.702s] -- Up-to-date: /home/qianw/EECE5554/LAB3/src/install/imu_interface/share/ament_index/resource_index/rosidl_interfaces/imu_interface
[0.702s] -- Up-to-date: /home/qianw/EECE5554/LAB3/src/install/imu_interface/include/imu_interface/imu_interface
[0.702s] -- Up-to-date: /home/qianw/EECE5554/LAB3/src/install/imu_interface/include/imu_interface/imu_interface/msg
[0.702s] -- Up-to-date: /home/qianw/EECE5554/LAB3/src/install/imu_interface/include/imu_interface/imu_interface/msg/rosidl_generator_c__visibility_control.h
[0.703s] -- Up-to-date: /home/qianw/EECE5554/LAB3/src/install/imu_interface/include/imu_interface/imu_interface/msg/im_umsg.h
[0.703s] -- Up-to-date: /home/qianw/EECE5554/LAB3/src/install/imu_interface/include/imu_interface/imu_interface/msg/detail
[0.703s] -- Up-to-date: /home/qianw/EECE5554/LAB3/src/install/imu_interface/include/imu_interface/imu_interface/msg/detail/im_umsg__functions.c
[0.703s] -- Up-to-date: /home/qianw/EECE5554/LAB3/src/install/imu_interface/include/imu_interface/imu_interface/msg/detail/im_umsg__struct.h
[0.703s] -- Up-to-date: /home/qianw/EECE5554/LAB3/src/install/imu_interface/include/imu_interface/imu_interface/msg/detail/im_umsg__functions.h
[0.703s] -- Up-to-date: /home/qianw/EECE5554/LAB3/src/install/imu_interface/include/imu_interface/imu_interface/msg/detail/im_umsg__type_support.h
[0.704s] -- Up-to-date: /home/qianw/EECE5554/LAB3/src/install/imu_interface/share/imu_interface/environment/library_path.sh
[0.704s] -- Up-to-date: /home/qianw/EECE5554/LAB3/src/install/imu_interface/share/imu_interface/environment/library_path.dsv
[0.704s] -- Up-to-date: /home/qianw/EECE5554/LAB3/src/install/imu_interface/lib/libimu_interface__rosidl_generator_c.so
[0.704s] -- Up-to-date: /home/qianw/EECE5554/LAB3/src/install/imu_interface/include/imu_interface/imu_interface
[0.704s] -- Up-to-date: /home/qianw/EECE5554/LAB3/src/install/imu_interface/include/imu_interface/imu_interface/msg
[0.704s] -- Up-to-date: /home/qianw/EECE5554/LAB3/src/install/imu_interface/include/imu_interface/imu_interface/msg/rosidl_typesupport_fastrtps_c__visibility_control.h
[0.704s] -- Up-to-date: /home/qianw/EECE5554/LAB3/src/install/imu_interface/include/imu_interface/imu_interface/msg/detail
[0.705s] -- Up-to-date: /home/qianw/EECE5554/LAB3/src/install/imu_interface/include/imu_interface/imu_interface/msg/detail/im_umsg__rosidl_typesupport_fastrtps_c.h
[0.705s] -- Up-to-date: /home/qianw/EECE5554/LAB3/src/install/imu_interface/lib/libimu_interface__rosidl_typesupport_fastrtps_c.so
[0.705s] -- Up-to-date: /home/qianw/EECE5554/LAB3/src/install/imu_interface/include/imu_interface/imu_interface
[0.705s] -- Up-to-date: /home/qianw/EECE5554/LAB3/src/install/imu_interface/include/imu_interface/imu_interface/msg
[0.705s] -- Up-to-date: /home/qianw/EECE5554/LAB3/src/install/imu_interface/include/imu_interface/imu_interface/msg/im_umsg.hpp
[0.705s] -- Up-to-date: /home/qianw/EECE5554/LAB3/src/install/imu_interface/include/imu_interface/imu_interface/msg/rosidl_generator_cpp__visibility_control.hpp
[0.705s] -- Up-to-date: /home/qianw/EECE5554/LAB3/src/install/imu_interface/include/imu_interface/imu_interface/msg/detail
[0.705s] -- Up-to-date: /home/qianw/EECE5554/LAB3/src/install/imu_interface/include/imu_interface/imu_interface/msg/detail/im_umsg__struct.hpp
[0.705s] -- Up-to-date: /home/qianw/EECE5554/LAB3/src/install/imu_interface/include/imu_interface/imu_interface/msg/detail/im_umsg__type_support.hpp
[0.706s] -- Up-to-date: /home/qianw/EECE5554/LAB3/src/install/imu_interface/include/imu_interface/imu_interface/msg/detail/im_umsg__traits.hpp
[0.706s] -- Up-to-date: /home/qianw/EECE5554/LAB3/src/install/imu_interface/include/imu_interface/imu_interface/msg/detail/im_umsg__builder.hpp
[0.706s] -- Up-to-date: /home/qianw/EECE5554/LAB3/src/install/imu_interface/include/imu_interface/imu_interface
[0.706s] -- Up-to-date: /home/qianw/EECE5554/LAB3/src/install/imu_interface/include/imu_interface/imu_interface/msg
[0.706s] -- Up-to-date: /home/qianw/EECE5554/LAB3/src/install/imu_interface/include/imu_interface/imu_interface/msg/rosidl_typesupport_fastrtps_cpp__visibility_control.h
[0.707s] -- Up-to-date: /home/qianw/EECE5554/LAB3/src/install/imu_interface/include/imu_interface/imu_interface/msg/detail
[0.707s] -- Up-to-date: /home/qianw/EECE5554/LAB3/src/install/imu_interface/include/imu_interface/imu_interface/msg/detail/im_umsg__rosidl_typesupport_fastrtps_cpp.hpp
[0.707s] -- Up-to-date: /home/qianw/EECE5554/LAB3/src/install/imu_interface/include/imu_interface/imu_interface/msg/detail/dds_fastrtps
[0.707s] -- Up-to-date: /home/qianw/EECE5554/LAB3/src/install/imu_interface/lib/libimu_interface__rosidl_typesupport_fastrtps_cpp.so
[0.707s] -- Up-to-date: /home/qianw/EECE5554/LAB3/src/install/imu_interface/include/imu_interface/imu_interface
[0.708s] -- Up-to-date: /home/qianw/EECE5554/LAB3/src/install/imu_interface/include/imu_interface/imu_interface/msg
[0.708s] -- Up-to-date: /home/qianw/EECE5554/LAB3/src/install/imu_interface/include/imu_interface/imu_interface/msg/rosidl_typesupport_introspection_c__visibility_control.h
[0.708s] -- Up-to-date: /home/qianw/EECE5554/LAB3/src/install/imu_interface/include/imu_interface/imu_interface/msg/detail
[0.708s] -- Up-to-date: /home/qianw/EECE5554/LAB3/src/install/imu_interface/include/imu_interface/imu_interface/msg/detail/im_umsg__rosidl_typesupport_introspection_c.h
[0.708s] -- Up-to-date: /home/qianw/EECE5554/LAB3/src/install/imu_interface/include/imu_interface/imu_interface/msg/detail/im_umsg__type_support.c
[0.708s] -- Up-to-date: /home/qianw/EECE5554/LAB3/src/install/imu_interface/lib/libimu_interface__rosidl_typesupport_introspection_c.so
[0.708s] -- Up-to-date: /home/qianw/EECE5554/LAB3/src/install/imu_interface/lib/libimu_interface__rosidl_typesupport_c.so
[0.708s] -- Up-to-date: /home/qianw/EECE5554/LAB3/src/install/imu_interface/include/imu_interface/imu_interface
[0.709s] -- Up-to-date: /home/qianw/EECE5554/LAB3/src/install/imu_interface/include/imu_interface/imu_interface/msg
[0.709s] -- Up-to-date: /home/qianw/EECE5554/LAB3/src/install/imu_interface/include/imu_interface/imu_interface/msg/detail
[0.709s] -- Up-to-date: /home/qianw/EECE5554/LAB3/src/install/imu_interface/include/imu_interface/imu_interface/msg/detail/im_umsg__rosidl_typesupport_introspection_cpp.hpp
[0.709s] -- Up-to-date: /home/qianw/EECE5554/LAB3/src/install/imu_interface/include/imu_interface/imu_interface/msg/detail/im_umsg__type_support.cpp
[0.709s] -- Up-to-date: /home/qianw/EECE5554/LAB3/src/install/imu_interface/lib/libimu_interface__rosidl_typesupport_introspection_cpp.so
[0.710s] -- Up-to-date: /home/qianw/EECE5554/LAB3/src/install/imu_interface/lib/libimu_interface__rosidl_typesupport_cpp.so
[0.710s] -- Up-to-date: /home/qianw/EECE5554/LAB3/src/install/imu_interface/share/imu_interface/environment/pythonpath.sh
[0.710s] -- Up-to-date: /home/qianw/EECE5554/LAB3/src/install/imu_interface/share/imu_interface/environment/pythonpath.dsv
[0.710s] -- Up-to-date: /home/qianw/EECE5554/LAB3/src/install/imu_interface/local/lib/python3.10/dist-packages/imu_interface-0.0.0-py3.10.egg-info
[0.710s] -- Installing: /home/qianw/EECE5554/LAB3/src/install/imu_interface/local/lib/python3.10/dist-packages/imu_interface-0.0.0-py3.10.egg-info/SOURCES.txt
[0.710s] -- Installing: /home/qianw/EECE5554/LAB3/src/install/imu_interface/local/lib/python3.10/dist-packages/imu_interface-0.0.0-py3.10.egg-info/top_level.txt
[0.710s] -- Installing: /home/qianw/EECE5554/LAB3/src/install/imu_interface/local/lib/python3.10/dist-packages/imu_interface-0.0.0-py3.10.egg-info/dependency_links.txt
[0.711s] -- Installing: /home/qianw/EECE5554/LAB3/src/install/imu_interface/local/lib/python3.10/dist-packages/imu_interface-0.0.0-py3.10.egg-info/PKG-INFO
[0.711s] -- Up-to-date: /home/qianw/EECE5554/LAB3/src/install/imu_interface/local/lib/python3.10/dist-packages/imu_interface
[0.711s] -- Up-to-date: /home/qianw/EECE5554/LAB3/src/install/imu_interface/local/lib/python3.10/dist-packages/imu_interface/_imu_interface_s.ep.rosidl_typesupport_introspection_c.c
[0.711s] -- Up-to-date: /home/qianw/EECE5554/LAB3/src/install/imu_interface/local/lib/python3.10/dist-packages/imu_interface/msg
[0.711s] -- Up-to-date: /home/qianw/EECE5554/LAB3/src/install/imu_interface/local/lib/python3.10/dist-packages/imu_interface/msg/_im_umsg_s.c
[0.711s] -- Up-to-date: /home/qianw/EECE5554/LAB3/src/install/imu_interface/local/lib/python3.10/dist-packages/imu_interface/msg/_im_umsg.py
[0.711s] -- Up-to-date: /home/qianw/EECE5554/LAB3/src/install/imu_interface/local/lib/python3.10/dist-packages/imu_interface/msg/__init__.py
[0.711s] -- Up-to-date: /home/qianw/EECE5554/LAB3/src/install/imu_interface/local/lib/python3.10/dist-packages/imu_interface/imu_interface_s__rosidl_typesupport_introspection_c.cpython-310-x86_64-linux-gnu.so
[0.711s] -- Up-to-date: /home/qianw/EECE5554/LAB3/src/install/imu_interface/local/lib/python3.10/dist-packages/imu_interface/imu_interface_s__rosidl_typesupport_fastrtps_c.cpython-310-x86_64-linux-gnu.so
[0.711s] -- Up-to-date: /home/qianw/EECE5554/LAB3/src/install/imu_interface/local/lib/python3.10/dist-packages/imu_interface/imu_interface_s__rosidl_typesupport_c.cpython-310-x86_64-linux-gnu.so
[0.712s] -- Up-to-date: /home/qianw/EECE5554/LAB3/src/install/imu_interface/local/lib/python3.10/dist-packages/imu_interface/_imu_interface_s.ep.rosidl_typesupport_fastrtps_c.c
[0.712s] -- Up-to-date: /home/qianw/EECE5554/LAB3/src/install/imu_interface/local/lib/python3.10/dist-packages/imu_interface/_imu_interface_s.ep.rosidl_typesupport_c.c
[0.712s] -- Up-to-date: /home/qianw/EECE5554/LAB3/src/install/imu_interface/local/lib/python3.10/dist-packages/imu_interface/libimu_interface__rosidl_generator_py.so
[0.712s] -- Up-to-date: /home/qianw/EECE5554/LAB3/src/install/imu_interface/local/lib/python3.10/dist-packages/imu_interface/__init__.py
[0.761s] Listing '/home/qianw/EECE5554/LAB3/src/install/imu_interface/local/lib/python3.10/dist-packages/imu_interface'...
[0.762s] Listing '/home/qianw/EECE5554/LAB3/src/install/imu_interface/local/lib/python3.10/dist-packages/imu_interface/msg'...
[0.771s] -- Up-to-date: /home/qianw/EECE5554/LAB3/src/install/imu_interface/local/lib/python3.10/dist-packages/imu_interface/imu_interface_s__rosidl_typesupport_fastrtps_c.cpython-310-x86_64-linux-gnu.so
[0.771s] -- Up-to-date: /home/qianw/EECE5554/LAB3/src/install/imu_interface/local/lib/python3.10/dist-packages/imu_interface/imu_interface_s__rosidl_typesupport_introspection_c.cpython-310-x86_64-linux-gnu.so
[0.771s] -- Up-to-date: /home/qianw/EECE5554/LAB3/src/install/imu_interface/local/lib/python3.10/dist-packages/imu_interface/imu_interface_s__rosidl_typesupport_c.cpython-310-x86_64-linux-gnu.so
[0.771s] -- Up-to-date: /home/qianw/EECE5554/LAB3/src/install/imu_interface/lib/libimu_interface__rosidl_generator_py.so
[0.772s] -- Up-to-date: /home/qianw/EECE5554/LAB3/src/install/imu_interface/share/imu_interface/msg/IMUmsg.idl
[0.772s] -- Up-to-date: /home/qianw/EECE5554/LAB3/src/install/imu_interface/share/imu_interface/msg/IMUmsg.msg
[0.772s] -- Up-to-date: /home/qianw/EECE5554/LAB3/src/install/imu_interface/share/ament_index/resource_index/package_run_dependencies/imu_interface
[0.772s] -- Up-to-date: /home/qianw/EECE5554/LAB3/src/install/imu_interface/share/ament_index/resource_index/parent_prefix_path/imu_interface
[0.772s] -- Up-to-date: /home/qianw/EECE5554/LAB3/src/install/imu_interface/share/imu_interface/environment/ament_prefix_path.sh
[0.774s] -- Up-to-date: /home/qianw/EECE5554/LAB3/src/install/imu_interface/share/imu_interface/environment/ament_prefix_path.dsv
[0.774s] -- Up-to-date: /home/qianw/EECE5554/LAB3/src/install/imu_interface/share/imu_interface/environment/path.sh
[0.775s] -- Up-to-date: /home/qianw/EECE5554/LAB3/src/install/imu_interface/share/imu_interface/environment/path.dsv
[0.775s] -- Up-to-date: /home/qianw/EECE5554/LAB3/src/install/imu_interface/share/imu_interface/local_setup.bash
[0.775s] -- Up-to-date: /home/qianw/EECE5554/LAB3/src/install/imu_interface/share/imu_interface/local_setup.sh
[0.775s] -- Up-to-date: /home/qianw/EECE5554/LAB3/src/install/imu_interface/share/imu_interface/local_setup.zsh
[0.775s] -- Up-to-date: /home/qianw/EECE5554/LAB3/src/install/imu_interface/share/imu_interface/local_setup.dsv
[0.775s] -- Installing: /home/qianw/EECE5554/LAB3/src/install/imu_interface/share/imu_interface/package.dsv
[0.775s] -- Up-to-date: /home/qianw/EECE5554/LAB3/src/install/imu_interface/share/ament_index/resource_index/packages/imu_interface
[0.776s] -- Up-to-date: /home/qianw/EECE5554/LAB3/src/install/imu_interface/share/imu_interface/cmake/export_imu_interface__rosidl_generator_cExport.cmake
[0.776s] -- Up-to-date: /home/qianw/EECE5554/LAB3/src/install/imu_interface/share/imu_interface/cmake/export_imu_interface__rosidl_generator_cExport-noconfig.cmake
[0.776s] -- Up-to-date: /home/qianw/EECE5554/LAB3/src/install/imu_interface/share/imu_interface/cmake/export_imu_interface__rosidl_typesupport_fastrtps_cExport.cmake
[0.776s] -- Up-to-date: /home/qianw/EECE5554/LAB3/src/install/imu_interface/share/imu_interface/cmake/export_imu_interface__rosidl_typesupport_fastrtps_cExport-noconfig.cmake
[0.776s] -- Up-to-date: /home/qianw/EECE5554/LAB3/src/install/imu_interface/share/imu_interface/cmake/export_imu_interface__rosidl_generator_cppExport.cmake
[0.776s] -- Up-to-date: /home/qianw/EECE5554/LAB3/src/install/imu_interface/share/imu_interface/cmake/export_imu_interface__rosidl_typesupport_fastrtps_cppExport.cmake
[0.776s] -- Up-to-date: /home/qianw/EECE5554/LAB3/src/install/imu_interface/share/imu_interface/cmake/export_imu_interface__rosidl_typesupport_fastrtps_cppExport-noconfig.cmake
[0.777s] -- Up-to-date: /home/qianw/EECE5554/LAB3/src/install/imu_interface/share/imu_interface/cmake/imu_interface__rosidl_typesupport_introspection_cExport.cmake
[0.777s] -- Up-to-date: /home/qianw/EECE5554/LAB3/src/install/imu_interface/share/imu_interface/cmake/imu_interface__rosidl_typesupport_introspection_cExport-noconfig.cmake
[0.777s] -- Up-to-date: /home/qianw/EECE5554/LAB3/src/install/imu_interface/share/imu_interface/cmake/imu_interface__rosidl_typesupport_cExport.cmake
[0.777s] -- Up-to-date: /home/qianw/EECE5554/LAB3/src/install/imu_interface/share/imu_interface/cmake/imu_interface__rosidl_typesupport_cExport-noconfig.cmake
[0.777s] -- Up-to-date: /home/qianw/EECE5554/LAB3/src/install/imu_interface/share/imu_interface/cmake/imu_interface__rosidl_typesupport_introspection_cppExport.cmake
[0.777s] -- Up-to-date: /home/qianw/EECE5554/LAB3/src/install/imu_interface/share/imu_interface/cmake/imu_interface__rosidl_typesupport_introspection_cppExport-noconfig.cmake
[0.778s] -- Up-to-date: /home/qianw/EECE5554/LAB3/src/install/imu_interface/share/imu_interface/cmake/imu_interface__rosidl_typesupport_cppExport.cmake
[0.778s] -- Up-to-date: /home/qianw/EECE5554/LAB3/src/install/imu_interface/share/imu_interface/cmake/imu_interface__rosidl_typesupport_cppExport-noconfig.cmake
[0.778s] -- Up-to-date: /home/qianw/EECE5554/LAB3/src/install/imu_interface/share/imu_interface/cmake/export_imu_interface__rosidl_generator_pyExport.cmake
[0.778s] -- Up-to-date: /home/qianw/EECE5554/LAB3/src/install/imu_interface/share/imu_interface/cmake/export_imu_interface__rosidl_generator_pyExport-noconfig.cmake
[0.778s] -- Up-to-date: /home/qianw/EECE5554/LAB3/src/install/imu_interface/share/imu_interface/cmake/rosidl_cmake-extras.cmake
[0.778s] -- Up-to-date: /home/qianw/EECE5554/LAB3/src/install/imu_interface/share/imu_interface/cmake/ament_cmake_export_dependencies-extras.cmake
[0.778s] -- Up-to-date: /home/qianw/EECE5554/LAB3/src/install/imu_interface/share/imu_interface/cmake/ament_cmake_export_include_directories-extras.cmake
[0.778s] -- Up-to-date: /home/qianw/EECE5554/LAB3/src/install/imu_interface/share/imu_interface/cmake/ament_cmake_export_libraries-extras.cmake
[0.778s] -- Up-to-date: /home/qianw/EECE5554/LAB3/src/install/imu_interface/share/imu_interface/cmake/ament_cmake_export_targets-extras.cmake
[0.778s] -- Up-to-date: /home/qianw/EECE5554/LAB3/src/install/imu_interface/share/imu_interface/cmake/rosidl_cmake_export_typesupport_targets-extras.cmake
[0.779s] -- Up-to-date: /home/qianw/EECE5554/LAB3/src/install/imu_interface/share/imu_interface/cmake/rosidl_cmake_export_typesupport_libraries-extras.cmake
[0.779s] -- Up-to-date: /home/qianw/EECE5554/LAB3/src/install/imu_interface/share/imu_interface/cmake/imu_interfaceConfig.cmake
[0.779s] -- Up-to-date: /home/qianw/EECE5554/LAB3/src/install/imu_interface/share/imu_interface/cmake/imu_interfaceConfig-version.cmake
[0.779s] -- Up-to-date: /home/qianw/EECE5554/LAB3/src/install/imu_interface/share/imu_interface/package.xml
[0.782s] Invoked command in '/home/qianw/EECE5554/LAB3/src/build/imu_interface' returned '0': CMAKE_PREFIX_PATH=${CMAKE_PREFIX_PATH}:/home/qianw/EECE5554/LAB3/src/install/imu_driver:/opt/ros/humble /usr/bin/cmake --install /home/qianw/EECE5554/LAB3/src/build/imu_interface
