[0.143s] Invoking command in '/home/qianw/EECE5554/LAB4/src/matlab_msg_gen/glnxa64/build/imu_interface': PS1=(venv) VIRTUAL_ENV_PROMPT=(venv) /home/qianw/MATLAB/R2024b/bin/glnxa64/cmake/bin/cmake --build /home/qianw/EECE5554/LAB4/src/matlab_msg_gen/glnxa64/build/imu_interface -- -j8 -l8
[0.165s] [0/1] Re-running CMake...
[0.242s] -- Found ament_cmake: 1.3.3 (/home/qianw/MATLAB/R2024b/sys/ros2/glnxa64/ros2/share/ament_cmake/cmake)
[0.616s] -- Found ament_cmake_ros: 0.10.0 (/home/qianw/MATLAB/R2024b/sys/ros2/glnxa64/ros2/share/ament_cmake_ros/cmake)
[0.631s] -- Found rosidl_typesupport_c: 2.0.0 (/home/qianw/MATLAB/R2024b/sys/ros2/glnxa64/ros2/share/rosidl_typesupport_c/cmake)
[0.634s] -- Using all available rosidl_typesupport_c: rosidl_typesupport_fastrtps_c;rosidl_typesupport_introspection_c
[0.648s] -- Found rosidl_adapter: 3.1.4 (/home/qianw/MATLAB/R2024b/sys/ros2/glnxa64/ros2/share/rosidl_adapter/cmake)
[0.771s] -- Found rosidl_typesupport_cpp: 2.0.0 (/home/qianw/MATLAB/R2024b/sys/ros2/glnxa64/ros2/share/rosidl_typesupport_cpp/cmake)
[0.773s] -- Using all available rosidl_typesupport_cpp: rosidl_typesupport_fastrtps_cpp;rosidl_typesupport_introspection_cpp
[0.877s] -- Found rosidl_default_generators: 1.2.0 (/home/qianw/MATLAB/R2024b/sys/ros2/glnxa64/ros2/share/rosidl_default_generators/cmake)
[0.887s] -- Found class_loader: 2.2.0 (/home/qianw/MATLAB/R2024b/sys/ros2/glnxa64/ros2/share/class_loader/cmake)
[0.893s] -- Found rclcpp: 16.0.5 (/home/qianw/MATLAB/R2024b/sys/ros2/glnxa64/ros2/share/rclcpp/cmake)
[1.161s] -- Found rmw_implementation_cmake: 6.1.1 (/home/qianw/MATLAB/R2024b/sys/ros2/glnxa64/ros2/share/rmw_implementation_cmake/cmake)
[1.168s] -- Found rmw_fastrtps_cpp: 6.2.2 (/home/qianw/MATLAB/R2024b/sys/ros2/glnxa64/ros2/share/rmw_fastrtps_cpp/cmake)
[1.443s] -- Using RMW implementation 'rmw_fastrtps_cpp' as default
[1.800s] -- Found sensor_msgs: 4.2.3 (/home/qianw/MATLAB/R2024b/sys/ros2/glnxa64/ros2/share/sensor_msgs/cmake)
[4.110s] -- Using all available rosidl_typesupport_c: rosidl_typesupport_fastrtps_c;rosidl_typesupport_introspection_c
[5.254s] -- Using all available rosidl_typesupport_cpp: rosidl_typesupport_fastrtps_cpp;rosidl_typesupport_introspection_cpp
[5.279s] -- Configuring done
[5.361s] -- Generating done
[5.378s] -- Build files have been written to: /home/qianw/EECE5554/LAB4/src/matlab_msg_gen/glnxa64/build/imu_interface
[5.431s] ninja: no work to do.
[5.444s] Invoked command in '/home/qianw/EECE5554/LAB4/src/matlab_msg_gen/glnxa64/build/imu_interface' returned '0': PS1=(venv) VIRTUAL_ENV_PROMPT=(venv) /home/qianw/MATLAB/R2024b/bin/glnxa64/cmake/bin/cmake --build /home/qianw/EECE5554/LAB4/src/matlab_msg_gen/glnxa64/build/imu_interface -- -j8 -l8
[5.505s] Invoking command in '/home/qianw/EECE5554/LAB4/src/matlab_msg_gen/glnxa64/build/imu_interface': PS1=(venv) VIRTUAL_ENV_PROMPT=(venv) /home/qianw/MATLAB/R2024b/bin/glnxa64/cmake/bin/cmake --install /home/qianw/EECE5554/LAB4/src/matlab_msg_gen/glnxa64/build/imu_interface
[5.513s] -- Install configuration: "Release"
[5.513s] -- Up-to-date: /home/qianw/EECE5554/LAB4/src/matlab_msg_gen/glnxa64/install/share/ament_index/resource_index/rosidl_interfaces/imu_interface
[5.513s] -- Up-to-date: /home/qianw/EECE5554/LAB4/src/matlab_msg_gen/glnxa64/install/include/imu_interface/imu_interface
[5.515s] -- Up-to-date: /home/qianw/EECE5554/LAB4/src/matlab_msg_gen/glnxa64/install/include/imu_interface/imu_interface/msg
[5.517s] -- Up-to-date: /home/qianw/EECE5554/LAB4/src/matlab_msg_gen/glnxa64/install/include/imu_interface/imu_interface/msg/detail
[5.517s] -- Up-to-date: /home/qianw/EECE5554/LAB4/src/matlab_msg_gen/glnxa64/install/include/imu_interface/imu_interface/msg/detail/im_umsg__struct.h
[5.517s] -- Up-to-date: /home/qianw/EECE5554/LAB4/src/matlab_msg_gen/glnxa64/install/include/imu_interface/imu_interface/msg/detail/im_umsg__type_support.h
[5.518s] -- Up-to-date: /home/qianw/EECE5554/LAB4/src/matlab_msg_gen/glnxa64/install/include/imu_interface/imu_interface/msg/detail/im_umsg__functions.h
[5.518s] -- Up-to-date: /home/qianw/EECE5554/LAB4/src/matlab_msg_gen/glnxa64/install/include/imu_interface/imu_interface/msg/detail/im_umsg__functions.c
[5.519s] -- Up-to-date: /home/qianw/EECE5554/LAB4/src/matlab_msg_gen/glnxa64/install/include/imu_interface/imu_interface/msg/rosidl_generator_c__visibility_control.h
[5.519s] -- Up-to-date: /home/qianw/EECE5554/LAB4/src/matlab_msg_gen/glnxa64/install/include/imu_interface/imu_interface/msg/im_umsg.h
[5.522s] -- Up-to-date: /home/qianw/EECE5554/LAB4/src/matlab_msg_gen/glnxa64/install/share/imu_interface/environment/library_path.sh
[5.522s] -- Installing: /home/qianw/EECE5554/LAB4/src/matlab_msg_gen/glnxa64/install/share/imu_interface/environment/library_path.dsv
[5.522s] -- Up-to-date: /home/qianw/EECE5554/LAB4/src/matlab_msg_gen/glnxa64/install/lib/libimu_interface__rosidl_generator_c.so
[5.522s] -- Up-to-date: /home/qianw/EECE5554/LAB4/src/matlab_msg_gen/glnxa64/install/include/imu_interface/imu_interface
[5.522s] -- Up-to-date: /home/qianw/EECE5554/LAB4/src/matlab_msg_gen/glnxa64/install/include/imu_interface/imu_interface/msg
[5.522s] -- Up-to-date: /home/qianw/EECE5554/LAB4/src/matlab_msg_gen/glnxa64/install/include/imu_interface/imu_interface/msg/detail
[5.525s] -- Up-to-date: /home/qianw/EECE5554/LAB4/src/matlab_msg_gen/glnxa64/install/include/imu_interface/imu_interface/msg/detail/im_umsg__rosidl_typesupport_fastrtps_c.h
[5.525s] -- Up-to-date: /home/qianw/EECE5554/LAB4/src/matlab_msg_gen/glnxa64/install/include/imu_interface/imu_interface/msg/rosidl_typesupport_fastrtps_c__visibility_control.h
[5.525s] -- Up-to-date: /home/qianw/EECE5554/LAB4/src/matlab_msg_gen/glnxa64/install/lib/libimu_interface__rosidl_typesupport_fastrtps_c.so
[5.531s] -- Up-to-date: /home/qianw/EECE5554/LAB4/src/matlab_msg_gen/glnxa64/install/include/imu_interface/imu_interface
[5.531s] -- Up-to-date: /home/qianw/EECE5554/LAB4/src/matlab_msg_gen/glnxa64/install/include/imu_interface/imu_interface/msg
[5.531s] -- Up-to-date: /home/qianw/EECE5554/LAB4/src/matlab_msg_gen/glnxa64/install/include/imu_interface/imu_interface/msg/detail
[5.531s] -- Up-to-date: /home/qianw/EECE5554/LAB4/src/matlab_msg_gen/glnxa64/install/include/imu_interface/imu_interface/msg/detail/im_umsg__rosidl_typesupport_introspection_c.h
[5.532s] -- Up-to-date: /home/qianw/EECE5554/LAB4/src/matlab_msg_gen/glnxa64/install/include/imu_interface/imu_interface/msg/detail/im_umsg__type_support.c
[5.532s] -- Up-to-date: /home/qianw/EECE5554/LAB4/src/matlab_msg_gen/glnxa64/install/include/imu_interface/imu_interface/msg/rosidl_typesupport_introspection_c__visibility_control.h
[5.532s] -- Up-to-date: /home/qianw/EECE5554/LAB4/src/matlab_msg_gen/glnxa64/install/lib/libimu_interface__rosidl_typesupport_introspection_c.so
[5.532s] -- Up-to-date: /home/qianw/EECE5554/LAB4/src/matlab_msg_gen/glnxa64/install/lib/libimu_interface__rosidl_typesupport_c.so
[5.532s] -- Up-to-date: /home/qianw/EECE5554/LAB4/src/matlab_msg_gen/glnxa64/install/include/imu_interface/imu_interface
[5.533s] -- Up-to-date: /home/qianw/EECE5554/LAB4/src/matlab_msg_gen/glnxa64/install/include/imu_interface/imu_interface/msg
[5.534s] -- Up-to-date: /home/qianw/EECE5554/LAB4/src/matlab_msg_gen/glnxa64/install/include/imu_interface/imu_interface/msg/detail
[5.535s] -- Up-to-date: /home/qianw/EECE5554/LAB4/src/matlab_msg_gen/glnxa64/install/include/imu_interface/imu_interface/msg/detail/im_umsg__struct.hpp
[5.536s] -- Up-to-date: /home/qianw/EECE5554/LAB4/src/matlab_msg_gen/glnxa64/install/include/imu_interface/imu_interface/msg/detail/im_umsg__builder.hpp
[5.537s] -- Up-to-date: /home/qianw/EECE5554/LAB4/src/matlab_msg_gen/glnxa64/install/include/imu_interface/imu_interface/msg/detail/im_umsg__traits.hpp
[5.537s] -- Up-to-date: /home/qianw/EECE5554/LAB4/src/matlab_msg_gen/glnxa64/install/include/imu_interface/imu_interface/msg/im_umsg.hpp
[5.537s] -- Up-to-date: /home/qianw/EECE5554/LAB4/src/matlab_msg_gen/glnxa64/install/include/imu_interface/imu_interface
[5.537s] -- Up-to-date: /home/qianw/EECE5554/LAB4/src/matlab_msg_gen/glnxa64/install/include/imu_interface/imu_interface/msg
[5.538s] -- Up-to-date: /home/qianw/EECE5554/LAB4/src/matlab_msg_gen/glnxa64/install/include/imu_interface/imu_interface/msg/detail
[5.538s] -- Up-to-date: /home/qianw/EECE5554/LAB4/src/matlab_msg_gen/glnxa64/install/include/imu_interface/imu_interface/msg/detail/im_umsg__rosidl_typesupport_fastrtps_cpp.hpp
[5.539s] -- Up-to-date: /home/qianw/EECE5554/LAB4/src/matlab_msg_gen/glnxa64/install/include/imu_interface/imu_interface/msg/detail/dds_fastrtps
[5.539s] -- Up-to-date: /home/qianw/EECE5554/LAB4/src/matlab_msg_gen/glnxa64/install/include/imu_interface/imu_interface/msg/rosidl_typesupport_fastrtps_cpp__visibility_control.h
[5.539s] -- Up-to-date: /home/qianw/EECE5554/LAB4/src/matlab_msg_gen/glnxa64/install/lib/libimu_interface__rosidl_typesupport_fastrtps_cpp.so
[5.539s] -- Up-to-date: /home/qianw/EECE5554/LAB4/src/matlab_msg_gen/glnxa64/install/include/imu_interface/imu_interface
[5.539s] -- Up-to-date: /home/qianw/EECE5554/LAB4/src/matlab_msg_gen/glnxa64/install/include/imu_interface/imu_interface/msg
[5.543s] -- Up-to-date: /home/qianw/EECE5554/LAB4/src/matlab_msg_gen/glnxa64/install/include/imu_interface/imu_interface/msg/detail
[5.545s] -- Up-to-date: /home/qianw/EECE5554/LAB4/src/matlab_msg_gen/glnxa64/install/include/imu_interface/imu_interface/msg/detail/im_umsg__rosidl_typesupport_introspection_cpp.hpp
[5.547s] -- Up-to-date: /home/qianw/EECE5554/LAB4/src/matlab_msg_gen/glnxa64/install/include/imu_interface/imu_interface/msg/detail/im_umsg__type_support.cpp
[5.548s] -- Up-to-date: /home/qianw/EECE5554/LAB4/src/matlab_msg_gen/glnxa64/install/lib/libimu_interface__rosidl_typesupport_introspection_cpp.so
[5.549s] -- Up-to-date: /home/qianw/EECE5554/LAB4/src/matlab_msg_gen/glnxa64/install/lib/libimu_interface__rosidl_typesupport_cpp.so
[5.549s] -- Up-to-date: /home/qianw/EECE5554/LAB4/src/matlab_msg_gen/glnxa64/install/share/imu_interface/msg/IMUmsg.idl
[5.549s] -- Up-to-date: /home/qianw/EECE5554/LAB4/src/matlab_msg_gen/glnxa64/install/share/imu_interface/msg/IMUmsg.msg
[5.549s] -- Up-to-date: /home/qianw/EECE5554/LAB4/src/matlab_msg_gen/glnxa64/install/include
[5.557s] -- Up-to-date: /home/qianw/EECE5554/LAB4/src/matlab_msg_gen/glnxa64/install/include/imu_interface
[5.558s] -- Up-to-date: /home/qianw/EECE5554/LAB4/src/matlab_msg_gen/glnxa64/install/include/imu_interface/visibility_control.h
[5.558s] -- Up-to-date: /home/qianw/EECE5554/LAB4/src/matlab_msg_gen/glnxa64/install/lib/libimu_interface_matlab.so
[5.558s] -- Up-to-date: /home/qianw/EECE5554/LAB4/src/matlab_msg_gen/glnxa64/install/m/
[5.558s] -- Up-to-date: /home/qianw/EECE5554/LAB4/src/matlab_msg_gen/glnxa64/install/m//+ros
[5.558s] -- Up-to-date: /home/qianw/EECE5554/LAB4/src/matlab_msg_gen/glnxa64/install/m//+ros/+internal
[5.558s] -- Up-to-date: /home/qianw/EECE5554/LAB4/src/matlab_msg_gen/glnxa64/install/m//+ros/+internal/+ros2
[5.559s] -- Up-to-date: /home/qianw/EECE5554/LAB4/src/matlab_msg_gen/glnxa64/install/m//+ros/+internal/+ros2/+custommessages
[5.559s] -- Up-to-date: /home/qianw/EECE5554/LAB4/src/matlab_msg_gen/glnxa64/install/m//+ros/+internal/+ros2/+custommessages/+imu_interface
[5.566s] -- Up-to-date: /home/qianw/EECE5554/LAB4/src/matlab_msg_gen/glnxa64/install/m//+ros/+internal/+ros2/+custommessages/+imu_interface/iMUmsg.m
[5.572s] -- Up-to-date: /home/qianw/EECE5554/LAB4/src/matlab_msg_gen/glnxa64/install/share/ament_index/resource_index/package_run_dependencies/imu_interface
[5.572s] -- Up-to-date: /home/qianw/EECE5554/LAB4/src/matlab_msg_gen/glnxa64/install/share/ament_index/resource_index/parent_prefix_path/imu_interface
[5.572s] -- Up-to-date: /home/qianw/EECE5554/LAB4/src/matlab_msg_gen/glnxa64/install/share/imu_interface/environment/ament_prefix_path.sh
[5.572s] -- Installing: /home/qianw/EECE5554/LAB4/src/matlab_msg_gen/glnxa64/install/share/imu_interface/environment/ament_prefix_path.dsv
[5.573s] -- Up-to-date: /home/qianw/EECE5554/LAB4/src/matlab_msg_gen/glnxa64/install/share/imu_interface/environment/path.sh
[5.573s] -- Installing: /home/qianw/EECE5554/LAB4/src/matlab_msg_gen/glnxa64/install/share/imu_interface/environment/path.dsv
[5.574s] -- Up-to-date: /home/qianw/EECE5554/LAB4/src/matlab_msg_gen/glnxa64/install/share/imu_interface/local_setup.bash
[5.593s] -- Up-to-date: /home/qianw/EECE5554/LAB4/src/matlab_msg_gen/glnxa64/install/share/imu_interface/local_setup.sh
[5.599s] -- Up-to-date: /home/qianw/EECE5554/LAB4/src/matlab_msg_gen/glnxa64/install/share/imu_interface/local_setup.zsh
[5.599s] -- Installing: /home/qianw/EECE5554/LAB4/src/matlab_msg_gen/glnxa64/install/share/imu_interface/local_setup.dsv
[5.600s] -- Installing: /home/qianw/EECE5554/LAB4/src/matlab_msg_gen/glnxa64/install/share/imu_interface/package.dsv
[5.606s] -- Up-to-date: /home/qianw/EECE5554/LAB4/src/matlab_msg_gen/glnxa64/install/share/ament_index/resource_index/packages/imu_interface
[5.606s] -- Up-to-date: /home/qianw/EECE5554/LAB4/src/matlab_msg_gen/glnxa64/install/share/imu_interface/cmake/export_imu_interface__rosidl_generator_cExport.cmake
[5.607s] -- Up-to-date: /home/qianw/EECE5554/LAB4/src/matlab_msg_gen/glnxa64/install/share/imu_interface/cmake/export_imu_interface__rosidl_generator_cExport-release.cmake
[5.607s] -- Up-to-date: /home/qianw/EECE5554/LAB4/src/matlab_msg_gen/glnxa64/install/share/imu_interface/cmake/export_imu_interface__rosidl_typesupport_fastrtps_cExport.cmake
[5.608s] -- Up-to-date: /home/qianw/EECE5554/LAB4/src/matlab_msg_gen/glnxa64/install/share/imu_interface/cmake/export_imu_interface__rosidl_typesupport_fastrtps_cExport-release.cmake
[5.608s] -- Up-to-date: /home/qianw/EECE5554/LAB4/src/matlab_msg_gen/glnxa64/install/share/imu_interface/cmake/imu_interface__rosidl_typesupport_introspection_cExport.cmake
[5.611s] -- Up-to-date: /home/qianw/EECE5554/LAB4/src/matlab_msg_gen/glnxa64/install/share/imu_interface/cmake/imu_interface__rosidl_typesupport_introspection_cExport-release.cmake
[5.611s] -- Up-to-date: /home/qianw/EECE5554/LAB4/src/matlab_msg_gen/glnxa64/install/share/imu_interface/cmake/imu_interface__rosidl_typesupport_cExport.cmake
[5.611s] -- Up-to-date: /home/qianw/EECE5554/LAB4/src/matlab_msg_gen/glnxa64/install/share/imu_interface/cmake/imu_interface__rosidl_typesupport_cExport-release.cmake
[5.612s] -- Up-to-date: /home/qianw/EECE5554/LAB4/src/matlab_msg_gen/glnxa64/install/share/imu_interface/cmake/export_imu_interface__rosidl_generator_cppExport.cmake
[5.615s] -- Up-to-date: /home/qianw/EECE5554/LAB4/src/matlab_msg_gen/glnxa64/install/share/imu_interface/cmake/export_imu_interface__rosidl_typesupport_fastrtps_cppExport.cmake
[5.615s] -- Up-to-date: /home/qianw/EECE5554/LAB4/src/matlab_msg_gen/glnxa64/install/share/imu_interface/cmake/export_imu_interface__rosidl_typesupport_fastrtps_cppExport-release.cmake
[5.615s] -- Up-to-date: /home/qianw/EECE5554/LAB4/src/matlab_msg_gen/glnxa64/install/share/imu_interface/cmake/imu_interface__rosidl_typesupport_introspection_cppExport.cmake
[5.615s] -- Up-to-date: /home/qianw/EECE5554/LAB4/src/matlab_msg_gen/glnxa64/install/share/imu_interface/cmake/imu_interface__rosidl_typesupport_introspection_cppExport-release.cmake
[5.615s] -- Up-to-date: /home/qianw/EECE5554/LAB4/src/matlab_msg_gen/glnxa64/install/share/imu_interface/cmake/imu_interface__rosidl_typesupport_cppExport.cmake
[5.616s] -- Up-to-date: /home/qianw/EECE5554/LAB4/src/matlab_msg_gen/glnxa64/install/share/imu_interface/cmake/imu_interface__rosidl_typesupport_cppExport-release.cmake
[5.616s] -- Up-to-date: /home/qianw/EECE5554/LAB4/src/matlab_msg_gen/glnxa64/install/share/imu_interface/cmake/rosidl_cmake-extras.cmake
[5.616s] -- Up-to-date: /home/qianw/EECE5554/LAB4/src/matlab_msg_gen/glnxa64/install/share/imu_interface/cmake/ament_cmake_export_dependencies-extras.cmake
[5.616s] -- Up-to-date: /home/qianw/EECE5554/LAB4/src/matlab_msg_gen/glnxa64/install/share/imu_interface/cmake/ament_cmake_export_include_directories-extras.cmake
[5.617s] -- Up-to-date: /home/qianw/EECE5554/LAB4/src/matlab_msg_gen/glnxa64/install/share/imu_interface/cmake/ament_cmake_export_libraries-extras.cmake
[5.617s] -- Up-to-date: /home/qianw/EECE5554/LAB4/src/matlab_msg_gen/glnxa64/install/share/imu_interface/cmake/ament_cmake_export_targets-extras.cmake
[5.620s] -- Up-to-date: /home/qianw/EECE5554/LAB4/src/matlab_msg_gen/glnxa64/install/share/imu_interface/cmake/rosidl_cmake_export_typesupport_targets-extras.cmake
[5.620s] -- Up-to-date: /home/qianw/EECE5554/LAB4/src/matlab_msg_gen/glnxa64/install/share/imu_interface/cmake/rosidl_cmake_export_typesupport_libraries-extras.cmake
[5.621s] -- Up-to-date: /home/qianw/EECE5554/LAB4/src/matlab_msg_gen/glnxa64/install/share/imu_interface/cmake/imu_interfaceConfig.cmake
[5.621s] -- Up-to-date: /home/qianw/EECE5554/LAB4/src/matlab_msg_gen/glnxa64/install/share/imu_interface/cmake/imu_interfaceConfig-version.cmake
[5.622s] -- Installing: /home/qianw/EECE5554/LAB4/src/matlab_msg_gen/glnxa64/install/share/imu_interface/package.xml
[5.622s] Invoked command in '/home/qianw/EECE5554/LAB4/src/matlab_msg_gen/glnxa64/build/imu_interface' returned '0': PS1=(venv) VIRTUAL_ENV_PROMPT=(venv) /home/qianw/MATLAB/R2024b/bin/glnxa64/cmake/bin/cmake --install /home/qianw/EECE5554/LAB4/src/matlab_msg_gen/glnxa64/build/imu_interface
