[0.018s] Invoking command in '/home/qianw/EECE5554/LAB4/src/build/imu_interface': CMAKE_PREFIX_PATH=/opt/ros/humble /usr/bin/cmake /home/qianw/EECE5554/LAB4/src/imu_interface -DCMAKE_INSTALL_PREFIX=/home/qianw/EECE5554/LAB4/src/install/imu_interface
[0.217s] -- The C compiler identification is GNU 11.4.0
[0.371s] -- The CXX compiler identification is GNU 11.4.0
[0.391s] -- Detecting C compiler ABI info
[0.497s] -- Detecting C compiler ABI info - done
[0.509s] -- Check for working C compiler: /usr/bin/cc - skipped
[0.520s] -- Detecting C compile features
[0.523s] -- Detecting C compile features - done
[0.531s] -- Detecting CXX compiler ABI info
[0.653s] -- Detecting CXX compiler ABI info - done
[0.667s] -- Check for working CXX compiler: /usr/bin/c++ - skipped
[0.667s] -- Detecting CXX compile features
[0.668s] -- Detecting CXX compile features - done
[0.685s] -- Found ament_cmake: 1.3.11 (/opt/ros/humble/share/ament_cmake/cmake)
[0.931s] -- Found Python3: /usr/bin/python3 (found version "3.10.12") found components: Interpreter 
[1.109s] -- Found sensor_msgs: 4.2.4 (/opt/ros/humble/share/sensor_msgs/cmake)
[1.177s] -- Found rosidl_generator_c: 3.1.6 (/opt/ros/humble/share/rosidl_generator_c/cmake)
[1.184s] -- Found rosidl_adapter: 3.1.6 (/opt/ros/humble/share/rosidl_adapter/cmake)
[1.200s] -- Found rosidl_generator_cpp: 3.1.6 (/opt/ros/humble/share/rosidl_generator_cpp/cmake)
[1.228s] -- Using all available rosidl_typesupport_c: rosidl_typesupport_fastrtps_c;rosidl_typesupport_introspection_c
[1.252s] -- Using all available rosidl_typesupport_cpp: rosidl_typesupport_fastrtps_cpp;rosidl_typesupport_introspection_cpp
[1.385s] -- Found rosidl_default_generators: 1.2.0 (/opt/ros/humble/share/rosidl_default_generators/cmake)
[1.843s] -- Found ament_cmake_ros: 0.10.0 (/opt/ros/humble/share/ament_cmake_ros/cmake)
[2.651s] -- Using all available rosidl_typesupport_c: rosidl_typesupport_fastrtps_c;rosidl_typesupport_introspection_c
[2.952s] -- Using all available rosidl_typesupport_cpp: rosidl_typesupport_fastrtps_cpp;rosidl_typesupport_introspection_cpp
[2.987s] -- Found PythonInterp: /usr/bin/python3 (found suitable version "3.10.12", minimum required is "3.6") 
[2.989s] -- Found python_cmake_module: 0.10.0 (/opt/ros/humble/share/python_cmake_module/cmake)
[3.031s] -- Found PythonLibs: /usr/lib/x86_64-linux-gnu/libpython3.10.so (found suitable version "3.10.12", minimum required is "3.5") 
[3.031s] -- Using PYTHON_EXECUTABLE: /usr/bin/python3
[3.031s] -- Using PYTHON_INCLUDE_DIRS: /usr/include/python3.10
[3.031s] -- Using PYTHON_LIBRARIES: /usr/lib/x86_64-linux-gnu/libpython3.10.so
[3.071s] -- Found PythonExtra: .so  
[3.194s] -- Found ament_lint_auto: 0.12.11 (/opt/ros/humble/share/ament_lint_auto/cmake)
[3.218s] -- Added test 'lint_cmake' to check CMake code style
[3.219s] -- Added test 'xmllint' to check XML markup files
[3.225s] -- Configuring done
[3.286s] -- Generating done
[3.308s] -- Build files have been written to: /home/qianw/EECE5554/LAB4/src/build/imu_interface
[3.320s] Invoked command in '/home/qianw/EECE5554/LAB4/src/build/imu_interface' returned '0': CMAKE_PREFIX_PATH=/opt/ros/humble /usr/bin/cmake /home/qianw/EECE5554/LAB4/src/imu_interface -DCMAKE_INSTALL_PREFIX=/home/qianw/EECE5554/LAB4/src/install/imu_interface
[3.328s] Invoking command in '/home/qianw/EECE5554/LAB4/src/build/imu_interface': CMAKE_PREFIX_PATH=/opt/ros/humble /usr/bin/cmake --build /home/qianw/EECE5554/LAB4/src/build/imu_interface -- -j8 -l8
[3.386s] [  3%] [34m[1mGenerating C code for ROS interfaces[0m
[3.399s] [  6%] [34m[1mGenerating C++ code for ROS interfaces[0m
[3.418s] [  6%] Built target ament_cmake_python_copy_imu_interface
[3.905s] [  6%] Built target imu_interface__cpp
[3.940s] [  9%] [34m[1mGenerating C++ type support dispatch for ROS interfaces[0m
[3.940s] [ 12%] [34m[1mGenerating C++ introspection for ROS interfaces[0m
[3.943s] running egg_info
[3.943s] [ 16%] [32mBuilding C object CMakeFiles/imu_interface__rosidl_generator_c.dir/rosidl_generator_c/imu_interface/msg/detail/im_umsg__functions.c.o[0m
[3.944s] [ 19%] [34m[1mGenerating C++ type support for eProsima Fast-RTPS[0m
[3.944s] creating imu_interface.egg-info
[3.944s] writing imu_interface.egg-info/PKG-INFO
[3.946s] writing dependency_links to imu_interface.egg-info/dependency_links.txt
[3.946s] writing top-level names to imu_interface.egg-info/top_level.txt
[3.946s] writing manifest file 'imu_interface.egg-info/SOURCES.txt'
[3.952s] reading manifest file 'imu_interface.egg-info/SOURCES.txt'
[3.953s] writing manifest file 'imu_interface.egg-info/SOURCES.txt'
[4.055s] [ 19%] Built target ament_cmake_python_build_imu_interface_egg
[4.073s] [ 22%] [32m[1mLinking C shared library libimu_interface__rosidl_generator_c.so[0m
[4.210s] [ 22%] Built target imu_interface__rosidl_generator_c
[4.239s] [ 25%] [34m[1mGenerating C type support for eProsima Fast-RTPS[0m
[4.244s] [ 29%] [34m[1mGenerating C introspection for ROS interfaces[0m
[4.255s] [ 32%] [34m[1mGenerating C type support dispatch for ROS interfaces[0m
[4.521s] [ 35%] [32mBuilding CXX object CMakeFiles/imu_interface__rosidl_typesupport_cpp.dir/rosidl_typesupport_cpp/imu_interface/msg/im_umsg__type_support.cpp.o[0m
[4.582s] [ 38%] [32mBuilding CXX object CMakeFiles/imu_interface__rosidl_typesupport_introspection_cpp.dir/rosidl_typesupport_introspection_cpp/imu_interface/msg/detail/im_umsg__type_support.cpp.o[0m
[4.721s] [ 41%] [32mBuilding CXX object CMakeFiles/imu_interface__rosidl_typesupport_fastrtps_cpp.dir/rosidl_typesupport_fastrtps_cpp/imu_interface/msg/detail/dds_fastrtps/im_umsg__type_support.cpp.o[0m
[4.815s] [ 45%] [32mBuilding CXX object CMakeFiles/imu_interface__rosidl_typesupport_c.dir/rosidl_typesupport_c/imu_interface/msg/im_umsg__type_support.cpp.o[0m
[4.852s] [ 48%] [32mBuilding CXX object CMakeFiles/imu_interface__rosidl_typesupport_fastrtps_c.dir/rosidl_typesupport_fastrtps_c/imu_interface/msg/detail/im_umsg__type_support_c.cpp.o[0m
[4.875s] [ 51%] [32m[1mLinking CXX shared library libimu_interface__rosidl_typesupport_c.so[0m
[4.909s] [ 54%] [32mBuilding C object CMakeFiles/imu_interface__rosidl_typesupport_introspection_c.dir/rosidl_typesupport_introspection_c/imu_interface/msg/detail/im_umsg__type_support.c.o[0m
[5.009s] [ 54%] Built target imu_interface__rosidl_typesupport_c
[5.021s] [ 58%] [32m[1mLinking C shared library libimu_interface__rosidl_typesupport_introspection_c.so[0m
[5.033s] [ 61%] [32m[1mLinking CXX shared library libimu_interface__rosidl_typesupport_cpp.so[0m
[5.080s] [ 61%] Built target imu_interface__rosidl_typesupport_introspection_c
[5.112s] [ 61%] Built target imu_interface__rosidl_typesupport_cpp
[5.392s] [ 64%] [32m[1mLinking CXX shared library libimu_interface__rosidl_typesupport_introspection_cpp.so[0m
[5.532s] [ 64%] Built target imu_interface__rosidl_typesupport_introspection_cpp
[5.535s] [ 67%] [32m[1mLinking CXX shared library libimu_interface__rosidl_typesupport_fastrtps_c.so[0m
[5.536s] [ 70%] [32m[1mLinking CXX shared library libimu_interface__rosidl_typesupport_fastrtps_cpp.so[0m
[5.656s] [ 70%] Built target imu_interface__rosidl_typesupport_fastrtps_c
[5.672s] [ 70%] Built target imu_interface__rosidl_typesupport_fastrtps_cpp
[5.701s] [ 70%] Built target imu_interface
[5.730s] [ 74%] [34m[1mGenerating Python code for ROS interfaces[0m
[6.192s] [ 74%] Built target imu_interface__py
[6.222s] [ 77%] [32mBuilding C object CMakeFiles/imu_interface__rosidl_generator_py.dir/rosidl_generator_py/imu_interface/msg/_im_umsg_s.c.o[0m
[6.381s] [ 80%] [32m[1mLinking C shared library rosidl_generator_py/imu_interface/libimu_interface__rosidl_generator_py.so[0m
[6.472s] [ 80%] Built target imu_interface__rosidl_generator_py
[6.510s] [ 83%] [32mBuilding C object CMakeFiles/imu_interface__rosidl_typesupport_c__pyext.dir/rosidl_generator_py/imu_interface/_imu_interface_s.ep.rosidl_typesupport_c.c.o[0m
[6.510s] [ 87%] [32mBuilding C object CMakeFiles/imu_interface__rosidl_typesupport_fastrtps_c__pyext.dir/rosidl_generator_py/imu_interface/_imu_interface_s.ep.rosidl_typesupport_fastrtps_c.c.o[0m
[6.512s] [ 90%] [32mBuilding C object CMakeFiles/imu_interface__rosidl_typesupport_introspection_c__pyext.dir/rosidl_generator_py/imu_interface/_imu_interface_s.ep.rosidl_typesupport_introspection_c.c.o[0m
[6.696s] [ 93%] [32m[1mLinking C shared library rosidl_generator_py/imu_interface/imu_interface_s__rosidl_typesupport_c.cpython-310-x86_64-linux-gnu.so[0m
[6.702s] [ 96%] [32m[1mLinking C shared library rosidl_generator_py/imu_interface/imu_interface_s__rosidl_typesupport_introspection_c.cpython-310-x86_64-linux-gnu.so[0m
[6.706s] [100%] [32m[1mLinking C shared library rosidl_generator_py/imu_interface/imu_interface_s__rosidl_typesupport_fastrtps_c.cpython-310-x86_64-linux-gnu.so[0m
[6.770s] [100%] Built target imu_interface__rosidl_typesupport_c__pyext
[6.774s] [100%] Built target imu_interface__rosidl_typesupport_introspection_c__pyext
[6.778s] [100%] Built target imu_interface__rosidl_typesupport_fastrtps_c__pyext
[6.795s] Invoked command in '/home/qianw/EECE5554/LAB4/src/build/imu_interface' returned '0': CMAKE_PREFIX_PATH=/opt/ros/humble /usr/bin/cmake --build /home/qianw/EECE5554/LAB4/src/build/imu_interface -- -j8 -l8
[6.798s] Invoking command in '/home/qianw/EECE5554/LAB4/src/build/imu_interface': CMAKE_PREFIX_PATH=/opt/ros/humble /usr/bin/cmake --install /home/qianw/EECE5554/LAB4/src/build/imu_interface
[6.813s] -- Install configuration: ""
[6.813s] -- Installing: /home/qianw/EECE5554/LAB4/src/install/imu_interface/share/ament_index/resource_index/rosidl_interfaces/imu_interface
[6.813s] -- Installing: /home/qianw/EECE5554/LAB4/src/install/imu_interface/include/imu_interface/imu_interface
[6.813s] -- Installing: /home/qianw/EECE5554/LAB4/src/install/imu_interface/include/imu_interface/imu_interface/msg
[6.814s] -- Installing: /home/qianw/EECE5554/LAB4/src/install/imu_interface/include/imu_interface/imu_interface/msg/detail
[6.814s] -- Installing: /home/qianw/EECE5554/LAB4/src/install/imu_interface/include/imu_interface/imu_interface/msg/detail/im_umsg__struct.h
[6.815s] -- Installing: /home/qianw/EECE5554/LAB4/src/install/imu_interface/include/imu_interface/imu_interface/msg/detail/im_umsg__type_support.h
[6.815s] -- Installing: /home/qianw/EECE5554/LAB4/src/install/imu_interface/include/imu_interface/imu_interface/msg/detail/im_umsg__functions.h
[6.816s] -- Installing: /home/qianw/EECE5554/LAB4/src/install/imu_interface/include/imu_interface/imu_interface/msg/detail/im_umsg__functions.c
[6.816s] -- Installing: /home/qianw/EECE5554/LAB4/src/install/imu_interface/include/imu_interface/imu_interface/msg/rosidl_generator_c__visibility_control.h
[6.816s] -- Installing: /home/qianw/EECE5554/LAB4/src/install/imu_interface/include/imu_interface/imu_interface/msg/im_umsg.h
[6.816s] -- Installing: /home/qianw/EECE5554/LAB4/src/install/imu_interface/share/imu_interface/environment/library_path.sh
[6.817s] -- Installing: /home/qianw/EECE5554/LAB4/src/install/imu_interface/share/imu_interface/environment/library_path.dsv
[6.820s] -- Installing: /home/qianw/EECE5554/LAB4/src/install/imu_interface/lib/libimu_interface__rosidl_generator_c.so
[6.820s] -- Set runtime path of "/home/qianw/EECE5554/LAB4/src/install/imu_interface/lib/libimu_interface__rosidl_generator_c.so" to ""
[6.820s] -- Up-to-date: /home/qianw/EECE5554/LAB4/src/install/imu_interface/include/imu_interface/imu_interface
[6.820s] -- Up-to-date: /home/qianw/EECE5554/LAB4/src/install/imu_interface/include/imu_interface/imu_interface/msg
[6.821s] -- Up-to-date: /home/qianw/EECE5554/LAB4/src/install/imu_interface/include/imu_interface/imu_interface/msg/detail
[6.821s] -- Installing: /home/qianw/EECE5554/LAB4/src/install/imu_interface/include/imu_interface/imu_interface/msg/detail/im_umsg__rosidl_typesupport_fastrtps_c.h
[6.821s] -- Installing: /home/qianw/EECE5554/LAB4/src/install/imu_interface/include/imu_interface/imu_interface/msg/rosidl_typesupport_fastrtps_c__visibility_control.h
[6.822s] -- Installing: /home/qianw/EECE5554/LAB4/src/install/imu_interface/lib/libimu_interface__rosidl_typesupport_fastrtps_c.so
[6.822s] -- Set runtime path of "/home/qianw/EECE5554/LAB4/src/install/imu_interface/lib/libimu_interface__rosidl_typesupport_fastrtps_c.so" to ""
[6.823s] -- Up-to-date: /home/qianw/EECE5554/LAB4/src/install/imu_interface/include/imu_interface/imu_interface
[6.823s] -- Up-to-date: /home/qianw/EECE5554/LAB4/src/install/imu_interface/include/imu_interface/imu_interface/msg
[6.823s] -- Installing: /home/qianw/EECE5554/LAB4/src/install/imu_interface/include/imu_interface/imu_interface/msg/rosidl_generator_cpp__visibility_control.hpp
[6.823s] -- Up-to-date: /home/qianw/EECE5554/LAB4/src/install/imu_interface/include/imu_interface/imu_interface/msg/detail
[6.823s] -- Installing: /home/qianw/EECE5554/LAB4/src/install/imu_interface/include/imu_interface/imu_interface/msg/detail/im_umsg__struct.hpp
[6.823s] -- Installing: /home/qianw/EECE5554/LAB4/src/install/imu_interface/include/imu_interface/imu_interface/msg/detail/im_umsg__builder.hpp
[6.824s] -- Installing: /home/qianw/EECE5554/LAB4/src/install/imu_interface/include/imu_interface/imu_interface/msg/detail/im_umsg__type_support.hpp
[6.824s] -- Installing: /home/qianw/EECE5554/LAB4/src/install/imu_interface/include/imu_interface/imu_interface/msg/detail/im_umsg__traits.hpp
[6.824s] -- Installing: /home/qianw/EECE5554/LAB4/src/install/imu_interface/include/imu_interface/imu_interface/msg/im_umsg.hpp
[6.824s] -- Up-to-date: /home/qianw/EECE5554/LAB4/src/install/imu_interface/include/imu_interface/imu_interface
[6.824s] -- Up-to-date: /home/qianw/EECE5554/LAB4/src/install/imu_interface/include/imu_interface/imu_interface/msg
[6.824s] -- Up-to-date: /home/qianw/EECE5554/LAB4/src/install/imu_interface/include/imu_interface/imu_interface/msg/detail
[6.824s] -- Installing: /home/qianw/EECE5554/LAB4/src/install/imu_interface/include/imu_interface/imu_interface/msg/detail/im_umsg__rosidl_typesupport_fastrtps_cpp.hpp
[6.824s] -- Installing: /home/qianw/EECE5554/LAB4/src/install/imu_interface/include/imu_interface/imu_interface/msg/detail/dds_fastrtps
[6.824s] -- Installing: /home/qianw/EECE5554/LAB4/src/install/imu_interface/include/imu_interface/imu_interface/msg/rosidl_typesupport_fastrtps_cpp__visibility_control.h
[6.824s] -- Installing: /home/qianw/EECE5554/LAB4/src/install/imu_interface/lib/libimu_interface__rosidl_typesupport_fastrtps_cpp.so
[6.825s] -- Set runtime path of "/home/qianw/EECE5554/LAB4/src/install/imu_interface/lib/libimu_interface__rosidl_typesupport_fastrtps_cpp.so" to ""
[6.825s] -- Up-to-date: /home/qianw/EECE5554/LAB4/src/install/imu_interface/include/imu_interface/imu_interface
[6.825s] -- Up-to-date: /home/qianw/EECE5554/LAB4/src/install/imu_interface/include/imu_interface/imu_interface/msg
[6.825s] -- Up-to-date: /home/qianw/EECE5554/LAB4/src/install/imu_interface/include/imu_interface/imu_interface/msg/detail
[6.825s] -- Installing: /home/qianw/EECE5554/LAB4/src/install/imu_interface/include/imu_interface/imu_interface/msg/detail/im_umsg__rosidl_typesupport_introspection_c.h
[6.826s] -- Installing: /home/qianw/EECE5554/LAB4/src/install/imu_interface/include/imu_interface/imu_interface/msg/detail/im_umsg__type_support.c
[6.826s] -- Installing: /home/qianw/EECE5554/LAB4/src/install/imu_interface/include/imu_interface/imu_interface/msg/rosidl_typesupport_introspection_c__visibility_control.h
[6.826s] -- Installing: /home/qianw/EECE5554/LAB4/src/install/imu_interface/lib/libimu_interface__rosidl_typesupport_introspection_c.so
[6.826s] -- Set runtime path of "/home/qianw/EECE5554/LAB4/src/install/imu_interface/lib/libimu_interface__rosidl_typesupport_introspection_c.so" to ""
[6.827s] -- Installing: /home/qianw/EECE5554/LAB4/src/install/imu_interface/lib/libimu_interface__rosidl_typesupport_c.so
[6.829s] -- Set runtime path of "/home/qianw/EECE5554/LAB4/src/install/imu_interface/lib/libimu_interface__rosidl_typesupport_c.so" to ""
[6.829s] -- Up-to-date: /home/qianw/EECE5554/LAB4/src/install/imu_interface/include/imu_interface/imu_interface
[6.829s] -- Up-to-date: /home/qianw/EECE5554/LAB4/src/install/imu_interface/include/imu_interface/imu_interface/msg
[6.829s] -- Up-to-date: /home/qianw/EECE5554/LAB4/src/install/imu_interface/include/imu_interface/imu_interface/msg/detail
[6.829s] -- Installing: /home/qianw/EECE5554/LAB4/src/install/imu_interface/include/imu_interface/imu_interface/msg/detail/im_umsg__rosidl_typesupport_introspection_cpp.hpp
[6.830s] -- Installing: /home/qianw/EECE5554/LAB4/src/install/imu_interface/include/imu_interface/imu_interface/msg/detail/im_umsg__type_support.cpp
[6.830s] -- Installing: /home/qianw/EECE5554/LAB4/src/install/imu_interface/lib/libimu_interface__rosidl_typesupport_introspection_cpp.so
[6.830s] -- Set runtime path of "/home/qianw/EECE5554/LAB4/src/install/imu_interface/lib/libimu_interface__rosidl_typesupport_introspection_cpp.so" to ""
[6.830s] -- Installing: /home/qianw/EECE5554/LAB4/src/install/imu_interface/lib/libimu_interface__rosidl_typesupport_cpp.so
[6.830s] -- Set runtime path of "/home/qianw/EECE5554/LAB4/src/install/imu_interface/lib/libimu_interface__rosidl_typesupport_cpp.so" to ""
[6.830s] -- Installing: /home/qianw/EECE5554/LAB4/src/install/imu_interface/share/imu_interface/environment/pythonpath.sh
[6.830s] -- Installing: /home/qianw/EECE5554/LAB4/src/install/imu_interface/share/imu_interface/environment/pythonpath.dsv
[6.831s] -- Installing: /home/qianw/EECE5554/LAB4/src/install/imu_interface/local/lib/python3.10/dist-packages/imu_interface-0.0.0-py3.10.egg-info
[6.831s] -- Installing: /home/qianw/EECE5554/LAB4/src/install/imu_interface/local/lib/python3.10/dist-packages/imu_interface-0.0.0-py3.10.egg-info/PKG-INFO
[6.833s] -- Installing: /home/qianw/EECE5554/LAB4/src/install/imu_interface/local/lib/python3.10/dist-packages/imu_interface-0.0.0-py3.10.egg-info/top_level.txt
[6.833s] -- Installing: /home/qianw/EECE5554/LAB4/src/install/imu_interface/local/lib/python3.10/dist-packages/imu_interface-0.0.0-py3.10.egg-info/dependency_links.txt
[6.834s] -- Installing: /home/qianw/EECE5554/LAB4/src/install/imu_interface/local/lib/python3.10/dist-packages/imu_interface-0.0.0-py3.10.egg-info/SOURCES.txt
[6.834s] -- Installing: /home/qianw/EECE5554/LAB4/src/install/imu_interface/local/lib/python3.10/dist-packages/imu_interface
[6.834s] -- Installing: /home/qianw/EECE5554/LAB4/src/install/imu_interface/local/lib/python3.10/dist-packages/imu_interface/libimu_interface__rosidl_generator_py.so
[6.834s] -- Installing: /home/qianw/EECE5554/LAB4/src/install/imu_interface/local/lib/python3.10/dist-packages/imu_interface/imu_interface_s__rosidl_typesupport_fastrtps_c.cpython-310-x86_64-linux-gnu.so
[6.834s] -- Installing: /home/qianw/EECE5554/LAB4/src/install/imu_interface/local/lib/python3.10/dist-packages/imu_interface/_imu_interface_s.ep.rosidl_typesupport_c.c
[6.835s] -- Installing: /home/qianw/EECE5554/LAB4/src/install/imu_interface/local/lib/python3.10/dist-packages/imu_interface/_imu_interface_s.ep.rosidl_typesupport_fastrtps_c.c
[6.835s] -- Installing: /home/qianw/EECE5554/LAB4/src/install/imu_interface/local/lib/python3.10/dist-packages/imu_interface/imu_interface_s__rosidl_typesupport_c.cpython-310-x86_64-linux-gnu.so
[6.835s] -- Installing: /home/qianw/EECE5554/LAB4/src/install/imu_interface/local/lib/python3.10/dist-packages/imu_interface/__init__.py
[6.835s] -- Installing: /home/qianw/EECE5554/LAB4/src/install/imu_interface/local/lib/python3.10/dist-packages/imu_interface/_imu_interface_s.ep.rosidl_typesupport_introspection_c.c
[6.835s] -- Installing: /home/qianw/EECE5554/LAB4/src/install/imu_interface/local/lib/python3.10/dist-packages/imu_interface/imu_interface_s__rosidl_typesupport_introspection_c.cpython-310-x86_64-linux-gnu.so
[6.835s] -- Installing: /home/qianw/EECE5554/LAB4/src/install/imu_interface/local/lib/python3.10/dist-packages/imu_interface/msg
[6.836s] -- Installing: /home/qianw/EECE5554/LAB4/src/install/imu_interface/local/lib/python3.10/dist-packages/imu_interface/msg/_im_umsg.py
[6.836s] -- Installing: /home/qianw/EECE5554/LAB4/src/install/imu_interface/local/lib/python3.10/dist-packages/imu_interface/msg/__init__.py
[6.836s] -- Installing: /home/qianw/EECE5554/LAB4/src/install/imu_interface/local/lib/python3.10/dist-packages/imu_interface/msg/_im_umsg_s.c
[6.884s] Listing '/home/qianw/EECE5554/LAB4/src/install/imu_interface/local/lib/python3.10/dist-packages/imu_interface'...
[6.885s] Compiling '/home/qianw/EECE5554/LAB4/src/install/imu_interface/local/lib/python3.10/dist-packages/imu_interface/__init__.py'...
[6.885s] Listing '/home/qianw/EECE5554/LAB4/src/install/imu_interface/local/lib/python3.10/dist-packages/imu_interface/msg'...
[6.885s] Compiling '/home/qianw/EECE5554/LAB4/src/install/imu_interface/local/lib/python3.10/dist-packages/imu_interface/msg/__init__.py'...
[6.885s] Compiling '/home/qianw/EECE5554/LAB4/src/install/imu_interface/local/lib/python3.10/dist-packages/imu_interface/msg/_im_umsg.py'...
[6.896s] -- Installing: /home/qianw/EECE5554/LAB4/src/install/imu_interface/local/lib/python3.10/dist-packages/imu_interface/imu_interface_s__rosidl_typesupport_fastrtps_c.cpython-310-x86_64-linux-gnu.so
[6.897s] -- Set runtime path of "/home/qianw/EECE5554/LAB4/src/install/imu_interface/local/lib/python3.10/dist-packages/imu_interface/imu_interface_s__rosidl_typesupport_fastrtps_c.cpython-310-x86_64-linux-gnu.so" to ""
[6.897s] -- Installing: /home/qianw/EECE5554/LAB4/src/install/imu_interface/local/lib/python3.10/dist-packages/imu_interface/imu_interface_s__rosidl_typesupport_introspection_c.cpython-310-x86_64-linux-gnu.so
[6.898s] -- Set runtime path of "/home/qianw/EECE5554/LAB4/src/install/imu_interface/local/lib/python3.10/dist-packages/imu_interface/imu_interface_s__rosidl_typesupport_introspection_c.cpython-310-x86_64-linux-gnu.so" to ""
[6.898s] -- Installing: /home/qianw/EECE5554/LAB4/src/install/imu_interface/local/lib/python3.10/dist-packages/imu_interface/imu_interface_s__rosidl_typesupport_c.cpython-310-x86_64-linux-gnu.so
[6.898s] -- Set runtime path of "/home/qianw/EECE5554/LAB4/src/install/imu_interface/local/lib/python3.10/dist-packages/imu_interface/imu_interface_s__rosidl_typesupport_c.cpython-310-x86_64-linux-gnu.so" to ""
[6.898s] -- Installing: /home/qianw/EECE5554/LAB4/src/install/imu_interface/lib/libimu_interface__rosidl_generator_py.so
[6.898s] -- Set runtime path of "/home/qianw/EECE5554/LAB4/src/install/imu_interface/lib/libimu_interface__rosidl_generator_py.so" to ""
[6.899s] -- Installing: /home/qianw/EECE5554/LAB4/src/install/imu_interface/share/imu_interface/msg/IMUmsg.idl
[6.899s] -- Installing: /home/qianw/EECE5554/LAB4/src/install/imu_interface/share/imu_interface/msg/IMUmsg.msg
[6.899s] -- Installing: /home/qianw/EECE5554/LAB4/src/install/imu_interface/share/ament_index/resource_index/package_run_dependencies/imu_interface
[6.899s] -- Installing: /home/qianw/EECE5554/LAB4/src/install/imu_interface/share/ament_index/resource_index/parent_prefix_path/imu_interface
[6.899s] -- Installing: /home/qianw/EECE5554/LAB4/src/install/imu_interface/share/imu_interface/environment/ament_prefix_path.sh
[6.899s] -- Installing: /home/qianw/EECE5554/LAB4/src/install/imu_interface/share/imu_interface/environment/ament_prefix_path.dsv
[6.900s] -- Installing: /home/qianw/EECE5554/LAB4/src/install/imu_interface/share/imu_interface/environment/path.sh
[6.900s] -- Installing: /home/qianw/EECE5554/LAB4/src/install/imu_interface/share/imu_interface/environment/path.dsv
[6.900s] -- Installing: /home/qianw/EECE5554/LAB4/src/install/imu_interface/share/imu_interface/local_setup.bash
[6.900s] -- Installing: /home/qianw/EECE5554/LAB4/src/install/imu_interface/share/imu_interface/local_setup.sh
[6.900s] -- Installing: /home/qianw/EECE5554/LAB4/src/install/imu_interface/share/imu_interface/local_setup.zsh
[6.901s] -- Installing: /home/qianw/EECE5554/LAB4/src/install/imu_interface/share/imu_interface/local_setup.dsv
[6.901s] -- Installing: /home/qianw/EECE5554/LAB4/src/install/imu_interface/share/imu_interface/package.dsv
[6.902s] -- Installing: /home/qianw/EECE5554/LAB4/src/install/imu_interface/share/ament_index/resource_index/packages/imu_interface
[6.902s] -- Installing: /home/qianw/EECE5554/LAB4/src/install/imu_interface/share/imu_interface/cmake/export_imu_interface__rosidl_generator_cExport.cmake
[6.902s] -- Installing: /home/qianw/EECE5554/LAB4/src/install/imu_interface/share/imu_interface/cmake/export_imu_interface__rosidl_generator_cExport-noconfig.cmake
[6.902s] -- Installing: /home/qianw/EECE5554/LAB4/src/install/imu_interface/share/imu_interface/cmake/export_imu_interface__rosidl_typesupport_fastrtps_cExport.cmake
[6.903s] -- Installing: /home/qianw/EECE5554/LAB4/src/install/imu_interface/share/imu_interface/cmake/export_imu_interface__rosidl_typesupport_fastrtps_cExport-noconfig.cmake
[6.903s] -- Installing: /home/qianw/EECE5554/LAB4/src/install/imu_interface/share/imu_interface/cmake/export_imu_interface__rosidl_generator_cppExport.cmake
[6.903s] -- Installing: /home/qianw/EECE5554/LAB4/src/install/imu_interface/share/imu_interface/cmake/export_imu_interface__rosidl_typesupport_fastrtps_cppExport.cmake
[6.905s] -- Installing: /home/qianw/EECE5554/LAB4/src/install/imu_interface/share/imu_interface/cmake/export_imu_interface__rosidl_typesupport_fastrtps_cppExport-noconfig.cmake
[6.905s] -- Installing: /home/qianw/EECE5554/LAB4/src/install/imu_interface/share/imu_interface/cmake/imu_interface__rosidl_typesupport_introspection_cExport.cmake
[6.905s] -- Installing: /home/qianw/EECE5554/LAB4/src/install/imu_interface/share/imu_interface/cmake/imu_interface__rosidl_typesupport_introspection_cExport-noconfig.cmake
[6.905s] -- Installing: /home/qianw/EECE5554/LAB4/src/install/imu_interface/share/imu_interface/cmake/imu_interface__rosidl_typesupport_cExport.cmake
[6.906s] -- Installing: /home/qianw/EECE5554/LAB4/src/install/imu_interface/share/imu_interface/cmake/imu_interface__rosidl_typesupport_cExport-noconfig.cmake
[6.907s] -- Installing: /home/qianw/EECE5554/LAB4/src/install/imu_interface/share/imu_interface/cmake/imu_interface__rosidl_typesupport_introspection_cppExport.cmake
[6.907s] -- Installing: /home/qianw/EECE5554/LAB4/src/install/imu_interface/share/imu_interface/cmake/imu_interface__rosidl_typesupport_introspection_cppExport-noconfig.cmake
[6.907s] -- Installing: /home/qianw/EECE5554/LAB4/src/install/imu_interface/share/imu_interface/cmake/imu_interface__rosidl_typesupport_cppExport.cmake
[6.907s] -- Installing: /home/qianw/EECE5554/LAB4/src/install/imu_interface/share/imu_interface/cmake/imu_interface__rosidl_typesupport_cppExport-noconfig.cmake
[6.908s] -- Installing: /home/qianw/EECE5554/LAB4/src/install/imu_interface/share/imu_interface/cmake/export_imu_interface__rosidl_generator_pyExport.cmake
[6.908s] -- Installing: /home/qianw/EECE5554/LAB4/src/install/imu_interface/share/imu_interface/cmake/export_imu_interface__rosidl_generator_pyExport-noconfig.cmake
[6.908s] -- Installing: /home/qianw/EECE5554/LAB4/src/install/imu_interface/share/imu_interface/cmake/rosidl_cmake-extras.cmake
[6.908s] -- Installing: /home/qianw/EECE5554/LAB4/src/install/imu_interface/share/imu_interface/cmake/ament_cmake_export_dependencies-extras.cmake
[6.908s] -- Installing: /home/qianw/EECE5554/LAB4/src/install/imu_interface/share/imu_interface/cmake/ament_cmake_export_include_directories-extras.cmake
[6.908s] -- Installing: /home/qianw/EECE5554/LAB4/src/install/imu_interface/share/imu_interface/cmake/ament_cmake_export_libraries-extras.cmake
[6.909s] -- Installing: /home/qianw/EECE5554/LAB4/src/install/imu_interface/share/imu_interface/cmake/ament_cmake_export_targets-extras.cmake
[6.909s] -- Installing: /home/qianw/EECE5554/LAB4/src/install/imu_interface/share/imu_interface/cmake/rosidl_cmake_export_typesupport_targets-extras.cmake
[6.909s] -- Installing: /home/qianw/EECE5554/LAB4/src/install/imu_interface/share/imu_interface/cmake/rosidl_cmake_export_typesupport_libraries-extras.cmake
[6.909s] -- Installing: /home/qianw/EECE5554/LAB4/src/install/imu_interface/share/imu_interface/cmake/imu_interfaceConfig.cmake
[6.909s] -- Installing: /home/qianw/EECE5554/LAB4/src/install/imu_interface/share/imu_interface/cmake/imu_interfaceConfig-version.cmake
[6.909s] -- Installing: /home/qianw/EECE5554/LAB4/src/install/imu_interface/share/imu_interface/package.xml
[7.379s] Invoked command in '/home/qianw/EECE5554/LAB4/src/build/imu_interface' returned '0': CMAKE_PREFIX_PATH=/opt/ros/humble /usr/bin/cmake --install /home/qianw/EECE5554/LAB4/src/build/imu_interface
