[0.145s] Invoking command in '/home/qianw/EECE5554/LAB4/src/matlab_msg_gen/glnxa64/build/gps_interface': PS1=(venv) VIRTUAL_ENV_PROMPT=(venv) /home/qianw/MATLAB/R2024b/bin/glnxa64/cmake/bin/cmake --build /home/qianw/EECE5554/LAB4/src/matlab_msg_gen/glnxa64/build/gps_interface -- -j8 -l8
[0.180s] [0/1] Re-running CMake...
[0.216s] -- Found ament_cmake: 1.3.3 (/home/qianw/MATLAB/R2024b/sys/ros2/glnxa64/ros2/share/ament_cmake/cmake)
[0.508s] -- Found ament_cmake_ros: 0.10.0 (/home/qianw/MATLAB/R2024b/sys/ros2/glnxa64/ros2/share/ament_cmake_ros/cmake)
[0.526s] -- Found rosidl_typesupport_c: 2.0.0 (/home/qianw/MATLAB/R2024b/sys/ros2/glnxa64/ros2/share/rosidl_typesupport_c/cmake)
[0.528s] -- Using all available rosidl_typesupport_c: rosidl_typesupport_fastrtps_c;rosidl_typesupport_introspection_c
[0.542s] -- Found rosidl_adapter: 3.1.4 (/home/qianw/MATLAB/R2024b/sys/ros2/glnxa64/ros2/share/rosidl_adapter/cmake)
[0.666s] -- Found rosidl_typesupport_cpp: 2.0.0 (/home/qianw/MATLAB/R2024b/sys/ros2/glnxa64/ros2/share/rosidl_typesupport_cpp/cmake)
[0.668s] -- Using all available rosidl_typesupport_cpp: rosidl_typesupport_fastrtps_cpp;rosidl_typesupport_introspection_cpp
[0.758s] -- Found rosidl_default_generators: 1.2.0 (/home/qianw/MATLAB/R2024b/sys/ros2/glnxa64/ros2/share/rosidl_default_generators/cmake)
[0.767s] -- Found class_loader: 2.2.0 (/home/qianw/MATLAB/R2024b/sys/ros2/glnxa64/ros2/share/class_loader/cmake)
[0.779s] -- Found rclcpp: 16.0.5 (/home/qianw/MATLAB/R2024b/sys/ros2/glnxa64/ros2/share/rclcpp/cmake)
[1.015s] -- Found rmw_implementation_cmake: 6.1.1 (/home/qianw/MATLAB/R2024b/sys/ros2/glnxa64/ros2/share/rmw_implementation_cmake/cmake)
[1.022s] -- Found rmw_fastrtps_cpp: 6.2.2 (/home/qianw/MATLAB/R2024b/sys/ros2/glnxa64/ros2/share/rmw_fastrtps_cpp/cmake)
[1.242s] -- Using RMW implementation 'rmw_fastrtps_cpp' as default
[1.568s] -- Found std_msgs: 4.2.3 (/home/qianw/MATLAB/R2024b/sys/ros2/glnxa64/ros2/share/std_msgs/cmake)
[2.441s] -- Using all available rosidl_typesupport_c: rosidl_typesupport_fastrtps_c;rosidl_typesupport_introspection_c
[2.857s] -- Using all available rosidl_typesupport_cpp: rosidl_typesupport_fastrtps_cpp;rosidl_typesupport_introspection_cpp
[2.892s] -- Configuring done
[2.954s] -- Generating done
[2.966s] -- Build files have been written to: /home/qianw/EECE5554/LAB4/src/matlab_msg_gen/glnxa64/build/gps_interface
[2.995s] ninja: no work to do.
[3.000s] Invoked command in '/home/qianw/EECE5554/LAB4/src/matlab_msg_gen/glnxa64/build/gps_interface' returned '0': PS1=(venv) VIRTUAL_ENV_PROMPT=(venv) /home/qianw/MATLAB/R2024b/bin/glnxa64/cmake/bin/cmake --build /home/qianw/EECE5554/LAB4/src/matlab_msg_gen/glnxa64/build/gps_interface -- -j8 -l8
[3.034s] Invoking command in '/home/qianw/EECE5554/LAB4/src/matlab_msg_gen/glnxa64/build/gps_interface': PS1=(venv) VIRTUAL_ENV_PROMPT=(venv) /home/qianw/MATLAB/R2024b/bin/glnxa64/cmake/bin/cmake --install /home/qianw/EECE5554/LAB4/src/matlab_msg_gen/glnxa64/build/gps_interface
[3.043s] -- Install configuration: "Release"
[3.044s] -- Up-to-date: /home/qianw/EECE5554/LAB4/src/matlab_msg_gen/glnxa64/install/share/ament_index/resource_index/rosidl_interfaces/gps_interface
[3.044s] -- Up-to-date: /home/qianw/EECE5554/LAB4/src/matlab_msg_gen/glnxa64/install/include/gps_interface/gps_interface
[3.045s] -- Up-to-date: /home/qianw/EECE5554/LAB4/src/matlab_msg_gen/glnxa64/install/include/gps_interface/gps_interface/msg
[3.045s] -- Up-to-date: /home/qianw/EECE5554/LAB4/src/matlab_msg_gen/glnxa64/install/include/gps_interface/gps_interface/msg/gp_smsg.h
[3.046s] -- Up-to-date: /home/qianw/EECE5554/LAB4/src/matlab_msg_gen/glnxa64/install/include/gps_interface/gps_interface/msg/detail
[3.046s] -- Up-to-date: /home/qianw/EECE5554/LAB4/src/matlab_msg_gen/glnxa64/install/include/gps_interface/gps_interface/msg/detail/gp_smsg__functions.h
[3.046s] -- Up-to-date: /home/qianw/EECE5554/LAB4/src/matlab_msg_gen/glnxa64/install/include/gps_interface/gps_interface/msg/detail/gp_smsg__type_support.h
[3.046s] -- Up-to-date: /home/qianw/EECE5554/LAB4/src/matlab_msg_gen/glnxa64/install/include/gps_interface/gps_interface/msg/detail/gp_smsg__functions.c
[3.050s] -- Up-to-date: /home/qianw/EECE5554/LAB4/src/matlab_msg_gen/glnxa64/install/include/gps_interface/gps_interface/msg/detail/gp_smsg__struct.h
[3.050s] -- Up-to-date: /home/qianw/EECE5554/LAB4/src/matlab_msg_gen/glnxa64/install/include/gps_interface/gps_interface/msg/rosidl_generator_c__visibility_control.h
[3.050s] -- Up-to-date: /home/qianw/EECE5554/LAB4/src/matlab_msg_gen/glnxa64/install/share/gps_interface/environment/library_path.sh
[3.050s] -- Installing: /home/qianw/EECE5554/LAB4/src/matlab_msg_gen/glnxa64/install/share/gps_interface/environment/library_path.dsv
[3.051s] -- Up-to-date: /home/qianw/EECE5554/LAB4/src/matlab_msg_gen/glnxa64/install/lib/libgps_interface__rosidl_generator_c.so
[3.051s] -- Up-to-date: /home/qianw/EECE5554/LAB4/src/matlab_msg_gen/glnxa64/install/include/gps_interface/gps_interface
[3.051s] -- Up-to-date: /home/qianw/EECE5554/LAB4/src/matlab_msg_gen/glnxa64/install/include/gps_interface/gps_interface/msg
[3.051s] -- Up-to-date: /home/qianw/EECE5554/LAB4/src/matlab_msg_gen/glnxa64/install/include/gps_interface/gps_interface/msg/detail
[3.051s] -- Up-to-date: /home/qianw/EECE5554/LAB4/src/matlab_msg_gen/glnxa64/install/include/gps_interface/gps_interface/msg/detail/gp_smsg__rosidl_typesupport_fastrtps_c.h
[3.051s] -- Up-to-date: /home/qianw/EECE5554/LAB4/src/matlab_msg_gen/glnxa64/install/include/gps_interface/gps_interface/msg/rosidl_typesupport_fastrtps_c__visibility_control.h
[3.051s] -- Up-to-date: /home/qianw/EECE5554/LAB4/src/matlab_msg_gen/glnxa64/install/lib/libgps_interface__rosidl_typesupport_fastrtps_c.so
[3.051s] -- Up-to-date: /home/qianw/EECE5554/LAB4/src/matlab_msg_gen/glnxa64/install/include/gps_interface/gps_interface
[3.052s] -- Up-to-date: /home/qianw/EECE5554/LAB4/src/matlab_msg_gen/glnxa64/install/include/gps_interface/gps_interface/msg
[3.052s] -- Up-to-date: /home/qianw/EECE5554/LAB4/src/matlab_msg_gen/glnxa64/install/include/gps_interface/gps_interface/msg/detail
[3.052s] -- Up-to-date: /home/qianw/EECE5554/LAB4/src/matlab_msg_gen/glnxa64/install/include/gps_interface/gps_interface/msg/detail/gp_smsg__rosidl_typesupport_introspection_c.h
[3.052s] -- Up-to-date: /home/qianw/EECE5554/LAB4/src/matlab_msg_gen/glnxa64/install/include/gps_interface/gps_interface/msg/detail/gp_smsg__type_support.c
[3.052s] -- Up-to-date: /home/qianw/EECE5554/LAB4/src/matlab_msg_gen/glnxa64/install/include/gps_interface/gps_interface/msg/rosidl_typesupport_introspection_c__visibility_control.h
[3.052s] -- Up-to-date: /home/qianw/EECE5554/LAB4/src/matlab_msg_gen/glnxa64/install/lib/libgps_interface__rosidl_typesupport_introspection_c.so
[3.052s] -- Up-to-date: /home/qianw/EECE5554/LAB4/src/matlab_msg_gen/glnxa64/install/lib/libgps_interface__rosidl_typesupport_c.so
[3.052s] -- Up-to-date: /home/qianw/EECE5554/LAB4/src/matlab_msg_gen/glnxa64/install/include/gps_interface/gps_interface
[3.053s] -- Up-to-date: /home/qianw/EECE5554/LAB4/src/matlab_msg_gen/glnxa64/install/include/gps_interface/gps_interface/msg
[3.053s] -- Up-to-date: /home/qianw/EECE5554/LAB4/src/matlab_msg_gen/glnxa64/install/include/gps_interface/gps_interface/msg/detail
[3.053s] -- Up-to-date: /home/qianw/EECE5554/LAB4/src/matlab_msg_gen/glnxa64/install/include/gps_interface/gps_interface/msg/detail/gp_smsg__builder.hpp
[3.053s] -- Up-to-date: /home/qianw/EECE5554/LAB4/src/matlab_msg_gen/glnxa64/install/include/gps_interface/gps_interface/msg/detail/gp_smsg__struct.hpp
[3.053s] -- Up-to-date: /home/qianw/EECE5554/LAB4/src/matlab_msg_gen/glnxa64/install/include/gps_interface/gps_interface/msg/detail/gp_smsg__traits.hpp
[3.053s] -- Up-to-date: /home/qianw/EECE5554/LAB4/src/matlab_msg_gen/glnxa64/install/include/gps_interface/gps_interface/msg/gp_smsg.hpp
[3.053s] -- Up-to-date: /home/qianw/EECE5554/LAB4/src/matlab_msg_gen/glnxa64/install/include/gps_interface/gps_interface
[3.053s] -- Up-to-date: /home/qianw/EECE5554/LAB4/src/matlab_msg_gen/glnxa64/install/include/gps_interface/gps_interface/msg
[3.053s] -- Up-to-date: /home/qianw/EECE5554/LAB4/src/matlab_msg_gen/glnxa64/install/include/gps_interface/gps_interface/msg/detail
[3.053s] -- Up-to-date: /home/qianw/EECE5554/LAB4/src/matlab_msg_gen/glnxa64/install/include/gps_interface/gps_interface/msg/detail/gp_smsg__rosidl_typesupport_fastrtps_cpp.hpp
[3.054s] -- Up-to-date: /home/qianw/EECE5554/LAB4/src/matlab_msg_gen/glnxa64/install/include/gps_interface/gps_interface/msg/detail/dds_fastrtps
[3.054s] -- Up-to-date: /home/qianw/EECE5554/LAB4/src/matlab_msg_gen/glnxa64/install/include/gps_interface/gps_interface/msg/rosidl_typesupport_fastrtps_cpp__visibility_control.h
[3.054s] -- Up-to-date: /home/qianw/EECE5554/LAB4/src/matlab_msg_gen/glnxa64/install/lib/libgps_interface__rosidl_typesupport_fastrtps_cpp.so
[3.054s] -- Up-to-date: /home/qianw/EECE5554/LAB4/src/matlab_msg_gen/glnxa64/install/include/gps_interface/gps_interface
[3.054s] -- Up-to-date: /home/qianw/EECE5554/LAB4/src/matlab_msg_gen/glnxa64/install/include/gps_interface/gps_interface/msg
[3.054s] -- Up-to-date: /home/qianw/EECE5554/LAB4/src/matlab_msg_gen/glnxa64/install/include/gps_interface/gps_interface/msg/detail
[3.054s] -- Up-to-date: /home/qianw/EECE5554/LAB4/src/matlab_msg_gen/glnxa64/install/include/gps_interface/gps_interface/msg/detail/gp_smsg__rosidl_typesupport_introspection_cpp.hpp
[3.054s] -- Up-to-date: /home/qianw/EECE5554/LAB4/src/matlab_msg_gen/glnxa64/install/include/gps_interface/gps_interface/msg/detail/gp_smsg__type_support.cpp
[3.054s] -- Up-to-date: /home/qianw/EECE5554/LAB4/src/matlab_msg_gen/glnxa64/install/lib/libgps_interface__rosidl_typesupport_introspection_cpp.so
[3.056s] -- Up-to-date: /home/qianw/EECE5554/LAB4/src/matlab_msg_gen/glnxa64/install/lib/libgps_interface__rosidl_typesupport_cpp.so
[3.056s] -- Up-to-date: /home/qianw/EECE5554/LAB4/src/matlab_msg_gen/glnxa64/install/share/gps_interface/msg/GPSmsg.idl
[3.057s] -- Up-to-date: /home/qianw/EECE5554/LAB4/src/matlab_msg_gen/glnxa64/install/share/gps_interface/msg/GPSmsg.msg
[3.057s] -- Up-to-date: /home/qianw/EECE5554/LAB4/src/matlab_msg_gen/glnxa64/install/include
[3.057s] -- Up-to-date: /home/qianw/EECE5554/LAB4/src/matlab_msg_gen/glnxa64/install/include/gps_interface
[3.057s] -- Up-to-date: /home/qianw/EECE5554/LAB4/src/matlab_msg_gen/glnxa64/install/include/gps_interface/visibility_control.h
[3.057s] -- Up-to-date: /home/qianw/EECE5554/LAB4/src/matlab_msg_gen/glnxa64/install/lib/libgps_interface_matlab.so
[3.057s] -- Up-to-date: /home/qianw/EECE5554/LAB4/src/matlab_msg_gen/glnxa64/install/m/
[3.058s] -- Up-to-date: /home/qianw/EECE5554/LAB4/src/matlab_msg_gen/glnxa64/install/m//+ros
[3.058s] -- Up-to-date: /home/qianw/EECE5554/LAB4/src/matlab_msg_gen/glnxa64/install/m//+ros/+internal
[3.058s] -- Up-to-date: /home/qianw/EECE5554/LAB4/src/matlab_msg_gen/glnxa64/install/m//+ros/+internal/+ros2
[3.058s] -- Up-to-date: /home/qianw/EECE5554/LAB4/src/matlab_msg_gen/glnxa64/install/m//+ros/+internal/+ros2/+custommessages
[3.058s] -- Up-to-date: /home/qianw/EECE5554/LAB4/src/matlab_msg_gen/glnxa64/install/m//+ros/+internal/+ros2/+custommessages/+gps_interface
[3.058s] -- Up-to-date: /home/qianw/EECE5554/LAB4/src/matlab_msg_gen/glnxa64/install/m//+ros/+internal/+ros2/+custommessages/+gps_interface/gPSmsg.m
[3.058s] -- Up-to-date: /home/qianw/EECE5554/LAB4/src/matlab_msg_gen/glnxa64/install/share/ament_index/resource_index/package_run_dependencies/gps_interface
[3.058s] -- Up-to-date: /home/qianw/EECE5554/LAB4/src/matlab_msg_gen/glnxa64/install/share/ament_index/resource_index/parent_prefix_path/gps_interface
[3.059s] -- Up-to-date: /home/qianw/EECE5554/LAB4/src/matlab_msg_gen/glnxa64/install/share/gps_interface/environment/ament_prefix_path.sh
[3.059s] -- Installing: /home/qianw/EECE5554/LAB4/src/matlab_msg_gen/glnxa64/install/share/gps_interface/environment/ament_prefix_path.dsv
[3.059s] -- Up-to-date: /home/qianw/EECE5554/LAB4/src/matlab_msg_gen/glnxa64/install/share/gps_interface/environment/path.sh
[3.059s] -- Installing: /home/qianw/EECE5554/LAB4/src/matlab_msg_gen/glnxa64/install/share/gps_interface/environment/path.dsv
[3.059s] -- Up-to-date: /home/qianw/EECE5554/LAB4/src/matlab_msg_gen/glnxa64/install/share/gps_interface/local_setup.bash
[3.059s] -- Up-to-date: /home/qianw/EECE5554/LAB4/src/matlab_msg_gen/glnxa64/install/share/gps_interface/local_setup.sh
[3.059s] -- Up-to-date: /home/qianw/EECE5554/LAB4/src/matlab_msg_gen/glnxa64/install/share/gps_interface/local_setup.zsh
[3.059s] -- Installing: /home/qianw/EECE5554/LAB4/src/matlab_msg_gen/glnxa64/install/share/gps_interface/local_setup.dsv
[3.059s] -- Installing: /home/qianw/EECE5554/LAB4/src/matlab_msg_gen/glnxa64/install/share/gps_interface/package.dsv
[3.060s] -- Up-to-date: /home/qianw/EECE5554/LAB4/src/matlab_msg_gen/glnxa64/install/share/ament_index/resource_index/packages/gps_interface
[3.060s] -- Up-to-date: /home/qianw/EECE5554/LAB4/src/matlab_msg_gen/glnxa64/install/share/gps_interface/cmake/export_gps_interface__rosidl_generator_cExport.cmake
[3.060s] -- Up-to-date: /home/qianw/EECE5554/LAB4/src/matlab_msg_gen/glnxa64/install/share/gps_interface/cmake/export_gps_interface__rosidl_generator_cExport-release.cmake
[3.060s] -- Up-to-date: /home/qianw/EECE5554/LAB4/src/matlab_msg_gen/glnxa64/install/share/gps_interface/cmake/export_gps_interface__rosidl_typesupport_fastrtps_cExport.cmake
[3.061s] -- Up-to-date: /home/qianw/EECE5554/LAB4/src/matlab_msg_gen/glnxa64/install/share/gps_interface/cmake/export_gps_interface__rosidl_typesupport_fastrtps_cExport-release.cmake
[3.061s] -- Up-to-date: /home/qianw/EECE5554/LAB4/src/matlab_msg_gen/glnxa64/install/share/gps_interface/cmake/gps_interface__rosidl_typesupport_introspection_cExport.cmake
[3.061s] -- Up-to-date: /home/qianw/EECE5554/LAB4/src/matlab_msg_gen/glnxa64/install/share/gps_interface/cmake/gps_interface__rosidl_typesupport_introspection_cExport-release.cmake
[3.061s] -- Up-to-date: /home/qianw/EECE5554/LAB4/src/matlab_msg_gen/glnxa64/install/share/gps_interface/cmake/gps_interface__rosidl_typesupport_cExport.cmake
[3.061s] -- Up-to-date: /home/qianw/EECE5554/LAB4/src/matlab_msg_gen/glnxa64/install/share/gps_interface/cmake/gps_interface__rosidl_typesupport_cExport-release.cmake
[3.062s] -- Up-to-date: /home/qianw/EECE5554/LAB4/src/matlab_msg_gen/glnxa64/install/share/gps_interface/cmake/export_gps_interface__rosidl_generator_cppExport.cmake
[3.062s] -- Up-to-date: /home/qianw/EECE5554/LAB4/src/matlab_msg_gen/glnxa64/install/share/gps_interface/cmake/export_gps_interface__rosidl_typesupport_fastrtps_cppExport.cmake
[3.062s] -- Up-to-date: /home/qianw/EECE5554/LAB4/src/matlab_msg_gen/glnxa64/install/share/gps_interface/cmake/export_gps_interface__rosidl_typesupport_fastrtps_cppExport-release.cmake
[3.063s] -- Up-to-date: /home/qianw/EECE5554/LAB4/src/matlab_msg_gen/glnxa64/install/share/gps_interface/cmake/gps_interface__rosidl_typesupport_introspection_cppExport.cmake
[3.063s] -- Up-to-date: /home/qianw/EECE5554/LAB4/src/matlab_msg_gen/glnxa64/install/share/gps_interface/cmake/gps_interface__rosidl_typesupport_introspection_cppExport-release.cmake
[3.064s] -- Up-to-date: /home/qianw/EECE5554/LAB4/src/matlab_msg_gen/glnxa64/install/share/gps_interface/cmake/gps_interface__rosidl_typesupport_cppExport.cmake
[3.064s] -- Up-to-date: /home/qianw/EECE5554/LAB4/src/matlab_msg_gen/glnxa64/install/share/gps_interface/cmake/gps_interface__rosidl_typesupport_cppExport-release.cmake
[3.064s] -- Up-to-date: /home/qianw/EECE5554/LAB4/src/matlab_msg_gen/glnxa64/install/share/gps_interface/cmake/rosidl_cmake-extras.cmake
[3.064s] -- Up-to-date: /home/qianw/EECE5554/LAB4/src/matlab_msg_gen/glnxa64/install/share/gps_interface/cmake/ament_cmake_export_dependencies-extras.cmake
[3.064s] -- Up-to-date: /home/qianw/EECE5554/LAB4/src/matlab_msg_gen/glnxa64/install/share/gps_interface/cmake/ament_cmake_export_include_directories-extras.cmake
[3.064s] -- Up-to-date: /home/qianw/EECE5554/LAB4/src/matlab_msg_gen/glnxa64/install/share/gps_interface/cmake/ament_cmake_export_libraries-extras.cmake
[3.065s] -- Up-to-date: /home/qianw/EECE5554/LAB4/src/matlab_msg_gen/glnxa64/install/share/gps_interface/cmake/ament_cmake_export_targets-extras.cmake
[3.065s] -- Up-to-date: /home/qianw/EECE5554/LAB4/src/matlab_msg_gen/glnxa64/install/share/gps_interface/cmake/rosidl_cmake_export_typesupport_targets-extras.cmake
[3.065s] -- Up-to-date: /home/qianw/EECE5554/LAB4/src/matlab_msg_gen/glnxa64/install/share/gps_interface/cmake/rosidl_cmake_export_typesupport_libraries-extras.cmake
[3.065s] -- Up-to-date: /home/qianw/EECE5554/LAB4/src/matlab_msg_gen/glnxa64/install/share/gps_interface/cmake/gps_interfaceConfig.cmake
[3.065s] -- Up-to-date: /home/qianw/EECE5554/LAB4/src/matlab_msg_gen/glnxa64/install/share/gps_interface/cmake/gps_interfaceConfig-version.cmake
[3.065s] -- Installing: /home/qianw/EECE5554/LAB4/src/matlab_msg_gen/glnxa64/install/share/gps_interface/package.xml
[3.075s] Invoked command in '/home/qianw/EECE5554/LAB4/src/matlab_msg_gen/glnxa64/build/gps_interface' returned '0': PS1=(venv) VIRTUAL_ENV_PROMPT=(venv) /home/qianw/MATLAB/R2024b/bin/glnxa64/cmake/bin/cmake --install /home/qianw/EECE5554/LAB4/src/matlab_msg_gen/glnxa64/build/gps_interface
