[1.077s] Invoking command in '/root/ros2_ws/src/py_pubsub': PYTHONPATH=/root/ros2_ws/build/py_pubsub/prefix_override:/usr/lib/python3/dist-packages/colcon_core/task/python/colcon_distutils_commands:/root/ros2_ws/install/py_pubsub/lib/python3.10/site-packages:${PYTHONPATH} /usr/bin/python3 -W ignore:setup.py install is deprecated -W ignore:easy_install command is deprecated setup.py egg_info --egg-base ../../build/py_pubsub build --build-base /root/ros2_ws/build/py_pubsub/build install --record /root/ros2_ws/build/py_pubsub/install.log --single-version-externally-managed install_data
[1.546s] running egg_info
[1.548s] creating ../../build/py_pubsub/py_pubsub.egg-info
[1.548s] writing ../../build/py_pubsub/py_pubsub.egg-info/PKG-INFO
[1.548s] writing dependency_links to ../../build/py_pubsub/py_pubsub.egg-info/dependency_links.txt
[1.549s] writing entry points to ../../build/py_pubsub/py_pubsub.egg-info/entry_points.txt
[1.549s] writing requirements to ../../build/py_pubsub/py_pubsub.egg-info/requires.txt
[1.549s] writing top-level names to ../../build/py_pubsub/py_pubsub.egg-info/top_level.txt
[1.549s] writing manifest file '../../build/py_pubsub/py_pubsub.egg-info/SOURCES.txt'
[1.552s] reading manifest file '../../build/py_pubsub/py_pubsub.egg-info/SOURCES.txt'
[1.553s] adding license file 'LICENSE'
[1.553s] writing manifest file '../../build/py_pubsub/py_pubsub.egg-info/SOURCES.txt'
[1.553s] running build
[1.553s] running build_py
[1.553s] creating /root/ros2_ws/build/py_pubsub/build
[1.553s] creating /root/ros2_ws/build/py_pubsub/build/lib
[1.553s] creating /root/ros2_ws/build/py_pubsub/build/lib/py_pubsub
[1.554s] copying py_pubsub/subscriber_member_function.py -> /root/ros2_ws/build/py_pubsub/build/lib/py_pubsub
[1.554s] copying py_pubsub/publisher_member_function.py -> /root/ros2_ws/build/py_pubsub/build/lib/py_pubsub
[1.554s] copying py_pubsub/__init__.py -> /root/ros2_ws/build/py_pubsub/build/lib/py_pubsub
[1.554s] running install
[1.555s] running install_lib
[1.556s] creating /root/ros2_ws/install/py_pubsub/lib/python3.10/site-packages/py_pubsub
[1.556s] copying /root/ros2_ws/build/py_pubsub/build/lib/py_pubsub/subscriber_member_function.py -> /root/ros2_ws/install/py_pubsub/lib/python3.10/site-packages/py_pubsub
[1.556s] copying /root/ros2_ws/build/py_pubsub/build/lib/py_pubsub/publisher_member_function.py -> /root/ros2_ws/install/py_pubsub/lib/python3.10/site-packages/py_pubsub
[1.556s] copying /root/ros2_ws/build/py_pubsub/build/lib/py_pubsub/__init__.py -> /root/ros2_ws/install/py_pubsub/lib/python3.10/site-packages/py_pubsub
[1.558s] byte-compiling /root/ros2_ws/install/py_pubsub/lib/python3.10/site-packages/py_pubsub/subscriber_member_function.py to subscriber_member_function.cpython-310.pyc
[1.558s] byte-compiling /root/ros2_ws/install/py_pubsub/lib/python3.10/site-packages/py_pubsub/publisher_member_function.py to publisher_member_function.cpython-310.pyc
[1.558s] byte-compiling /root/ros2_ws/install/py_pubsub/lib/python3.10/site-packages/py_pubsub/__init__.py to __init__.cpython-310.pyc
[1.559s] running install_data
[1.559s] creating /root/ros2_ws/install/py_pubsub/share/ament_index
[1.559s] creating /root/ros2_ws/install/py_pubsub/share/ament_index/resource_index
[1.559s] creating /root/ros2_ws/install/py_pubsub/share/ament_index/resource_index/packages
[1.559s] copying resource/py_pubsub -> /root/ros2_ws/install/py_pubsub/share/ament_index/resource_index/packages
[1.559s] copying package.xml -> /root/ros2_ws/install/py_pubsub/share/py_pubsub
[1.559s] running install_egg_info
[1.563s] Copying ../../build/py_pubsub/py_pubsub.egg-info to /root/ros2_ws/install/py_pubsub/lib/python3.10/site-packages/py_pubsub-0.0.0-py3.10.egg-info
[1.563s] running install_scripts
[1.597s] Installing listener script to /root/ros2_ws/install/py_pubsub/lib/py_pubsub
[1.597s] Installing talker script to /root/ros2_ws/install/py_pubsub/lib/py_pubsub
[1.597s] writing list of installed files to '/root/ros2_ws/build/py_pubsub/install.log'
[1.632s] Invoked command in '/root/ros2_ws/src/py_pubsub' returned '0': PYTHONPATH=/root/ros2_ws/build/py_pubsub/prefix_override:/usr/lib/python3/dist-packages/colcon_core/task/python/colcon_distutils_commands:/root/ros2_ws/install/py_pubsub/lib/python3.10/site-packages:${PYTHONPATH} /usr/bin/python3 -W ignore:setup.py install is deprecated -W ignore:easy_install command is deprecated setup.py egg_info --egg-base ../../build/py_pubsub build --build-base /root/ros2_ws/build/py_pubsub/build install --record /root/ros2_ws/build/py_pubsub/install.log --single-version-externally-managed install_data
