[0.895s] Invoking command in '/home/qianw/EECE5554/LAB3/src/imu_driver': PYTHONPATH=/home/qianw/EECE5554/LAB3/build/imu_driver/prefix_override:/usr/lib/python3/dist-packages/colcon_core/task/python/colcon_distutils_commands:/home/qianw/EECE5554/LAB3/install/imu_driver/lib/python3.10/site-packages:${PYTHONPATH} /usr/bin/python3 -W ignore:setup.py install is deprecated -W ignore:easy_install command is deprecated setup.py egg_info --egg-base ../../build/imu_driver build --build-base /home/qianw/EECE5554/LAB3/build/imu_driver/build install --record /home/qianw/EECE5554/LAB3/build/imu_driver/install.log --single-version-externally-managed install_data
[1.252s] running egg_info
[1.253s] writing ../../build/imu_driver/imu_driver.egg-info/PKG-INFO
[1.253s] writing dependency_links to ../../build/imu_driver/imu_driver.egg-info/dependency_links.txt
[1.254s] writing entry points to ../../build/imu_driver/imu_driver.egg-info/entry_points.txt
[1.254s] writing requirements to ../../build/imu_driver/imu_driver.egg-info/requires.txt
[1.254s] writing top-level names to ../../build/imu_driver/imu_driver.egg-info/top_level.txt
[1.257s] reading manifest file '../../build/imu_driver/imu_driver.egg-info/SOURCES.txt'
[1.258s] writing manifest file '../../build/imu_driver/imu_driver.egg-info/SOURCES.txt'
[1.258s] running build
[1.259s] running build_py
[1.259s] copying imu_driver/imu_driver.py -> /home/qianw/EECE5554/LAB3/build/imu_driver/build/lib/imu_driver
[1.259s] running install
[1.260s] running install_lib
[1.261s] copying /home/qianw/EECE5554/LAB3/build/imu_driver/build/lib/imu_driver/imu_driver.py -> /home/qianw/EECE5554/LAB3/install/imu_driver/lib/python3.10/site-packages/imu_driver
[1.262s] byte-compiling /home/qianw/EECE5554/LAB3/install/imu_driver/lib/python3.10/site-packages/imu_driver/imu_driver.py to imu_driver.cpython-310.pyc
[1.263s] running install_data
[1.264s] copying launch/imu_launch.py -> /home/qianw/EECE5554/LAB3/install/imu_driver/share/imu_driver/launch
[1.264s] running install_egg_info
[1.268s] removing '/home/qianw/EECE5554/LAB3/install/imu_driver/lib/python3.10/site-packages/imu_driver-0.0.0-py3.10.egg-info' (and everything under it)
[1.268s] Copying ../../build/imu_driver/imu_driver.egg-info to /home/qianw/EECE5554/LAB3/install/imu_driver/lib/python3.10/site-packages/imu_driver-0.0.0-py3.10.egg-info
[1.270s] running install_scripts
[1.300s] Installing imu_driver script to /home/qianw/EECE5554/LAB3/install/imu_driver/lib/imu_driver
[1.301s] writing list of installed files to '/home/qianw/EECE5554/LAB3/build/imu_driver/install.log'
[1.329s] Invoked command in '/home/qianw/EECE5554/LAB3/src/imu_driver' returned '0': PYTHONPATH=/home/qianw/EECE5554/LAB3/build/imu_driver/prefix_override:/usr/lib/python3/dist-packages/colcon_core/task/python/colcon_distutils_commands:/home/qianw/EECE5554/LAB3/install/imu_driver/lib/python3.10/site-packages:${PYTHONPATH} /usr/bin/python3 -W ignore:setup.py install is deprecated -W ignore:easy_install command is deprecated setup.py egg_info --egg-base ../../build/imu_driver build --build-base /home/qianw/EECE5554/LAB3/build/imu_driver/build install --record /home/qianw/EECE5554/LAB3/build/imu_driver/install.log --single-version-externally-managed install_data
