-- The C compiler identification is GNU 11.4.0
-- The CXX compiler identification is GNU 11.4.0
-- Detecting C compiler ABI info
-- Detecting C compiler ABI info - done
-- Check for working C compiler: /usr/bin/cc - skipped
-- Detecting C compile features
-- Detecting C compile features - done
-- Detecting CXX compiler ABI info
-- Detecting CXX compiler ABI info - done
-- Check for working CXX compiler: /usr/bin/c++ - skipped
-- Detecting CXX compile features
-- Detecting CXX compile features - done
-- Found ament_cmake: 1.3.11 (/opt/ros/humble/share/ament_cmake/cmake)
-- Found Python3: /usr/bin/python3 (found version "3.10.12") found components: Interpreter 
-- Found ament_lint_auto: 0.12.11 (/opt/ros/humble/share/ament_lint_auto/cmake)
-- Added test 'lint_cmake' to check CMake code style
-- Added test 'xmllint' to check XML markup files
-- Configuring done
-- Generating done
-- Build files have been written to: /home/qianw/EECE5554/LAB3/src/imu_driver/build/imu_driver
-- Install configuration: ""
-- Installing: /home/qianw/EECE5554/LAB3/src/imu_driver/install/imu_driver/share/ament_index/resource_index/package_run_dependencies/imu_driver
-- Installing: /home/qianw/EECE5554/LAB3/src/imu_driver/install/imu_driver/share/ament_index/resource_index/parent_prefix_path/imu_driver
-- Installing: /home/qianw/EECE5554/LAB3/src/imu_driver/install/imu_driver/share/imu_driver/environment/ament_prefix_path.sh
-- Installing: /home/qianw/EECE5554/LAB3/src/imu_driver/install/imu_driver/share/imu_driver/environment/ament_prefix_path.dsv
-- Installing: /home/qianw/EECE5554/LAB3/src/imu_driver/install/imu_driver/share/imu_driver/environment/path.sh
-- Installing: /home/qianw/EECE5554/LAB3/src/imu_driver/install/imu_driver/share/imu_driver/environment/path.dsv
-- Installing: /home/qianw/EECE5554/LAB3/src/imu_driver/install/imu_driver/share/imu_driver/local_setup.bash
-- Installing: /home/qianw/EECE5554/LAB3/src/imu_driver/install/imu_driver/share/imu_driver/local_setup.sh
-- Installing: /home/qianw/EECE5554/LAB3/src/imu_driver/install/imu_driver/share/imu_driver/local_setup.zsh
-- Installing: /home/qianw/EECE5554/LAB3/src/imu_driver/install/imu_driver/share/imu_driver/local_setup.dsv
-- Installing: /home/qianw/EECE5554/LAB3/src/imu_driver/install/imu_driver/share/imu_driver/package.dsv
-- Installing: /home/qianw/EECE5554/LAB3/src/imu_driver/install/imu_driver/share/ament_index/resource_index/packages/imu_driver
-- Installing: /home/qianw/EECE5554/LAB3/src/imu_driver/install/imu_driver/share/imu_driver/cmake/imu_driverConfig.cmake
-- Installing: /home/qianw/EECE5554/LAB3/src/imu_driver/install/imu_driver/share/imu_driver/cmake/imu_driverConfig-version.cmake
-- Installing: /home/qianw/EECE5554/LAB3/src/imu_driver/install/imu_driver/share/imu_driver/package.xml
