[0.019s] Invoking command in '/home/qianw/EECE5554/LAB3/src/imu_driver/build/imu_driver': CMAKE_PREFIX_PATH=/opt/ros/humble /usr/bin/cmake /home/qianw/EECE5554/LAB3/src/imu_driver/imu_driver -DCMAKE_INSTALL_PREFIX=/home/qianw/EECE5554/LAB3/src/imu_driver/install/imu_driver
[0.256s] -- The C compiler identification is GNU 11.4.0
[0.453s] -- The CXX compiler identification is GNU 11.4.0
[0.479s] -- Detecting C compiler ABI info
[0.617s] -- Detecting C compiler ABI info - done
[0.629s] -- Check for working C compiler: /usr/bin/cc - skipped
[0.641s] -- Detecting C compile features
[0.642s] -- Detecting C compile features - done
[0.651s] -- Detecting CXX compiler ABI info
[0.822s] -- Detecting CXX compiler ABI info - done
[0.839s] -- Check for working CXX compiler: /usr/bin/c++ - skipped
[0.840s] -- Detecting CXX compile features
[0.841s] -- Detecting CXX compile features - done
[0.867s] -- Found ament_cmake: 1.3.11 (/opt/ros/humble/share/ament_cmake/cmake)
[1.192s] -- Found Python3: /usr/bin/python3 (found version "3.10.12") found components: Interpreter 
[1.386s] -- Found ament_lint_auto: 0.12.11 (/opt/ros/humble/share/ament_lint_auto/cmake)
[1.531s] -- Added test 'lint_cmake' to check CMake code style
[1.533s] -- Added test 'xmllint' to check XML markup files
[1.538s] -- Configuring done
[1.542s] -- Generating done
[1.543s] -- Build files have been written to: /home/qianw/EECE5554/LAB3/src/imu_driver/build/imu_driver
[1.550s] Invoked command in '/home/qianw/EECE5554/LAB3/src/imu_driver/build/imu_driver' returned '0': CMAKE_PREFIX_PATH=/opt/ros/humble /usr/bin/cmake /home/qianw/EECE5554/LAB3/src/imu_driver/imu_driver -DCMAKE_INSTALL_PREFIX=/home/qianw/EECE5554/LAB3/src/imu_driver/install/imu_driver
[1.553s] Invoking command in '/home/qianw/EECE5554/LAB3/src/imu_driver/build/imu_driver': CMAKE_PREFIX_PATH=/opt/ros/humble /usr/bin/cmake --build /home/qianw/EECE5554/LAB3/src/imu_driver/build/imu_driver -- -j8 -l8
[1.614s] Invoked command in '/home/qianw/EECE5554/LAB3/src/imu_driver/build/imu_driver' returned '0': CMAKE_PREFIX_PATH=/opt/ros/humble /usr/bin/cmake --build /home/qianw/EECE5554/LAB3/src/imu_driver/build/imu_driver -- -j8 -l8
[1.631s] Invoking command in '/home/qianw/EECE5554/LAB3/src/imu_driver/build/imu_driver': CMAKE_PREFIX_PATH=/opt/ros/humble /usr/bin/cmake --install /home/qianw/EECE5554/LAB3/src/imu_driver/build/imu_driver
[1.642s] -- Install configuration: ""
[1.642s] -- Installing: /home/qianw/EECE5554/LAB3/src/imu_driver/install/imu_driver/share/ament_index/resource_index/package_run_dependencies/imu_driver
[1.642s] -- Installing: /home/qianw/EECE5554/LAB3/src/imu_driver/install/imu_driver/share/ament_index/resource_index/parent_prefix_path/imu_driver
[1.643s] -- Installing: /home/qianw/EECE5554/LAB3/src/imu_driver/install/imu_driver/share/imu_driver/environment/ament_prefix_path.sh
[1.643s] -- Installing: /home/qianw/EECE5554/LAB3/src/imu_driver/install/imu_driver/share/imu_driver/environment/ament_prefix_path.dsv
[1.643s] -- Installing: /home/qianw/EECE5554/LAB3/src/imu_driver/install/imu_driver/share/imu_driver/environment/path.sh
[1.643s] -- Installing: /home/qianw/EECE5554/LAB3/src/imu_driver/install/imu_driver/share/imu_driver/environment/path.dsv
[1.644s] -- Installing: /home/qianw/EECE5554/LAB3/src/imu_driver/install/imu_driver/share/imu_driver/local_setup.bash
[1.644s] -- Installing: /home/qianw/EECE5554/LAB3/src/imu_driver/install/imu_driver/share/imu_driver/local_setup.sh
[1.644s] -- Installing: /home/qianw/EECE5554/LAB3/src/imu_driver/install/imu_driver/share/imu_driver/local_setup.zsh
[1.644s] -- Installing: /home/qianw/EECE5554/LAB3/src/imu_driver/install/imu_driver/share/imu_driver/local_setup.dsv
[1.645s] -- Installing: /home/qianw/EECE5554/LAB3/src/imu_driver/install/imu_driver/share/imu_driver/package.dsv
[1.645s] -- Installing: /home/qianw/EECE5554/LAB3/src/imu_driver/install/imu_driver/share/ament_index/resource_index/packages/imu_driver
[1.645s] -- Installing: /home/qianw/EECE5554/LAB3/src/imu_driver/install/imu_driver/share/imu_driver/cmake/imu_driverConfig.cmake
[1.645s] -- Installing: /home/qianw/EECE5554/LAB3/src/imu_driver/install/imu_driver/share/imu_driver/cmake/imu_driverConfig-version.cmake
[1.646s] -- Installing: /home/qianw/EECE5554/LAB3/src/imu_driver/install/imu_driver/share/imu_driver/package.xml
[1.649s] Invoked command in '/home/qianw/EECE5554/LAB3/src/imu_driver/build/imu_driver' returned '0': CMAKE_PREFIX_PATH=/opt/ros/humble /usr/bin/cmake --install /home/qianw/EECE5554/LAB3/src/imu_driver/build/imu_driver
