[0.979s] Invoking command in '/home/qianw/EECE5554/LAB1/src/gps_driver': PYTHONPATH=/home/qianw/EECE5554/LAB1/build/gps_driver/prefix_override:/usr/lib/python3/dist-packages/colcon_core/task/python/colcon_distutils_commands:/home/qianw/EECE5554/LAB1/install/gps_driver/lib/python3.10/site-packages:${PYTHONPATH} /usr/bin/python3 -W ignore:setup.py install is deprecated -W ignore:easy_install command is deprecated setup.py egg_info --egg-base ../../build/gps_driver build --build-base /home/qianw/EECE5554/LAB1/build/gps_driver/build install --record /home/qianw/EECE5554/LAB1/build/gps_driver/install.log --single-version-externally-managed install_data
[1.351s] running egg_info
[1.352s] creating ../../build/gps_driver/gps_driver.egg-info
[1.352s] writing ../../build/gps_driver/gps_driver.egg-info/PKG-INFO
[1.353s] writing dependency_links to ../../build/gps_driver/gps_driver.egg-info/dependency_links.txt
[1.353s] writing entry points to ../../build/gps_driver/gps_driver.egg-info/entry_points.txt
[1.353s] writing requirements to ../../build/gps_driver/gps_driver.egg-info/requires.txt
[1.353s] writing top-level names to ../../build/gps_driver/gps_driver.egg-info/top_level.txt
[1.354s] writing manifest file '../../build/gps_driver/gps_driver.egg-info/SOURCES.txt'
[1.355s] reading manifest file '../../build/gps_driver/gps_driver.egg-info/SOURCES.txt'
[1.356s] adding license file 'LICENSE'
[1.357s] writing manifest file '../../build/gps_driver/gps_driver.egg-info/SOURCES.txt'
[1.357s] running build
[1.357s] running build_py
[1.357s] creating /home/qianw/EECE5554/LAB1/build/gps_driver/build
[1.357s] creating /home/qianw/EECE5554/LAB1/build/gps_driver/build/lib
[1.358s] creating /home/qianw/EECE5554/LAB1/build/gps_driver/build/lib/gps_driver
[1.358s] copying gps_driver/__init__.py -> /home/qianw/EECE5554/LAB1/build/gps_driver/build/lib/gps_driver
[1.358s] copying gps_driver/driver.py -> /home/qianw/EECE5554/LAB1/build/gps_driver/build/lib/gps_driver
[1.358s] running install
[1.358s] running install_lib
[1.359s] creating /home/qianw/EECE5554/LAB1/install/gps_driver/lib/python3.10/site-packages/gps_driver
[1.360s] copying /home/qianw/EECE5554/LAB1/build/gps_driver/build/lib/gps_driver/__init__.py -> /home/qianw/EECE5554/LAB1/install/gps_driver/lib/python3.10/site-packages/gps_driver
[1.360s] copying /home/qianw/EECE5554/LAB1/build/gps_driver/build/lib/gps_driver/driver.py -> /home/qianw/EECE5554/LAB1/install/gps_driver/lib/python3.10/site-packages/gps_driver
[1.360s] byte-compiling /home/qianw/EECE5554/LAB1/install/gps_driver/lib/python3.10/site-packages/gps_driver/__init__.py to __init__.cpython-310.pyc
[1.361s] byte-compiling /home/qianw/EECE5554/LAB1/install/gps_driver/lib/python3.10/site-packages/gps_driver/driver.py to driver.cpython-310.pyc
[1.362s] running install_data
[1.363s] creating /home/qianw/EECE5554/LAB1/install/gps_driver/share/ament_index
[1.363s] creating /home/qianw/EECE5554/LAB1/install/gps_driver/share/ament_index/resource_index
[1.364s] creating /home/qianw/EECE5554/LAB1/install/gps_driver/share/ament_index/resource_index/packages
[1.364s] copying resource/gps_driver -> /home/qianw/EECE5554/LAB1/install/gps_driver/share/ament_index/resource_index/packages
[1.364s] copying package.xml -> /home/qianw/EECE5554/LAB1/install/gps_driver/share/gps_driver
[1.364s] creating /home/qianw/EECE5554/LAB1/install/gps_driver/share/gps_driver/launch
[1.364s] copying launch/gps_launch.py -> /home/qianw/EECE5554/LAB1/install/gps_driver/share/gps_driver/launch
[1.364s] running install_egg_info
[1.366s] Copying ../../build/gps_driver/gps_driver.egg-info to /home/qianw/EECE5554/LAB1/install/gps_driver/lib/python3.10/site-packages/gps_driver-0.0.0-py3.10.egg-info
[1.367s] running install_scripts
[1.400s] Installing gps_driver script to /home/qianw/EECE5554/LAB1/install/gps_driver/lib/gps_driver
[1.401s] writing list of installed files to '/home/qianw/EECE5554/LAB1/build/gps_driver/install.log'
[1.435s] Invoked command in '/home/qianw/EECE5554/LAB1/src/gps_driver' returned '0': PYTHONPATH=/home/qianw/EECE5554/LAB1/build/gps_driver/prefix_override:/usr/lib/python3/dist-packages/colcon_core/task/python/colcon_distutils_commands:/home/qianw/EECE5554/LAB1/install/gps_driver/lib/python3.10/site-packages:${PYTHONPATH} /usr/bin/python3 -W ignore:setup.py install is deprecated -W ignore:easy_install command is deprecated setup.py egg_info --egg-base ../../build/gps_driver build --build-base /home/qianw/EECE5554/LAB1/build/gps_driver/build install --record /home/qianw/EECE5554/LAB1/build/gps_driver/install.log --single-version-externally-managed install_data
