[0.018s] Invoking command in '/home/qianw/EECE5554/LAB1/build/gps_interface': CMAKE_PREFIX_PATH=${CMAKE_PREFIX_PATH}:/home/qianw/EECE5554/LAB1/install/gps_driver:/opt/ros/humble /usr/bin/cmake --build /home/qianw/EECE5554/LAB1/build/gps_interface -- -j8 -l8
[0.091s] [  9%] Built target gps_interface__rosidl_generator_c
[0.092s] [ 12%] Built target gps_interface__cpp
[0.106s] [ 12%] Built target ament_cmake_python_copy_gps_interface
[0.127s] [ 22%] Built target gps_interface__rosidl_typesupport_fastrtps_c
[0.130s] [ 32%] Built target gps_interface__rosidl_typesupport_cpp
[0.130s] [ 41%] Built target gps_interface__rosidl_typesupport_c
[0.131s] [ 51%] Built target gps_interface__rosidl_typesupport_fastrtps_cpp
[0.131s] [ 61%] Built target gps_interface__rosidl_typesupport_introspection_c
[0.131s] [ 70%] Built target gps_interface__rosidl_typesupport_introspection_cpp
[0.166s] [ 70%] Built target gps_interface
[0.194s] [ 74%] Built target gps_interface__py
[0.226s] [ 80%] Built target gps_interface__rosidl_generator_py
[0.264s] [ 87%] Built target gps_interface__rosidl_typesupport_fastrtps_c__pyext
[0.265s] [ 93%] Built target gps_interface__rosidl_typesupport_c__pyext
[0.265s] [100%] Built target gps_interface__rosidl_typesupport_introspection_c__pyext
[0.530s] running egg_info
[0.530s] writing gps_interface.egg-info/PKG-INFO
[0.530s] writing dependency_links to gps_interface.egg-info/dependency_links.txt
[0.530s] writing top-level names to gps_interface.egg-info/top_level.txt
[0.534s] reading manifest file 'gps_interface.egg-info/SOURCES.txt'
[0.535s] writing manifest file 'gps_interface.egg-info/SOURCES.txt'
[0.579s] [100%] Built target ament_cmake_python_build_gps_interface_egg
[0.594s] Invoked command in '/home/qianw/EECE5554/LAB1/build/gps_interface' returned '0': CMAKE_PREFIX_PATH=${CMAKE_PREFIX_PATH}:/home/qianw/EECE5554/LAB1/install/gps_driver:/opt/ros/humble /usr/bin/cmake --build /home/qianw/EECE5554/LAB1/build/gps_interface -- -j8 -l8
[0.609s] Invoking command in '/home/qianw/EECE5554/LAB1/build/gps_interface': CMAKE_PREFIX_PATH=${CMAKE_PREFIX_PATH}:/home/qianw/EECE5554/LAB1/install/gps_driver:/opt/ros/humble /usr/bin/cmake --install /home/qianw/EECE5554/LAB1/build/gps_interface
[0.622s] -- Install configuration: ""
[0.622s] -- Up-to-date: /home/qianw/EECE5554/LAB1/install/gps_interface/share/ament_index/resource_index/rosidl_interfaces/gps_interface
[0.622s] -- Up-to-date: /home/qianw/EECE5554/LAB1/install/gps_interface/include/gps_interface/gps_interface
[0.622s] -- Up-to-date: /home/qianw/EECE5554/LAB1/install/gps_interface/include/gps_interface/gps_interface/msg
[0.622s] -- Up-to-date: /home/qianw/EECE5554/LAB1/install/gps_interface/include/gps_interface/gps_interface/msg/gp_smsg.h
[0.623s] -- Up-to-date: /home/qianw/EECE5554/LAB1/install/gps_interface/include/gps_interface/gps_interface/msg/detail
[0.623s] -- Up-to-date: /home/qianw/EECE5554/LAB1/install/gps_interface/include/gps_interface/gps_interface/msg/detail/gp_smsg__functions.h
[0.624s] -- Up-to-date: /home/qianw/EECE5554/LAB1/install/gps_interface/include/gps_interface/gps_interface/msg/detail/gp_smsg__type_support.h
[0.624s] -- Up-to-date: /home/qianw/EECE5554/LAB1/install/gps_interface/include/gps_interface/gps_interface/msg/detail/gp_smsg__functions.c
[0.624s] -- Up-to-date: /home/qianw/EECE5554/LAB1/install/gps_interface/include/gps_interface/gps_interface/msg/detail/gp_smsg__struct.h
[0.624s] -- Up-to-date: /home/qianw/EECE5554/LAB1/install/gps_interface/include/gps_interface/gps_interface/msg/rosidl_generator_c__visibility_control.h
[0.624s] -- Up-to-date: /home/qianw/EECE5554/LAB1/install/gps_interface/share/gps_interface/environment/library_path.sh
[0.624s] -- Up-to-date: /home/qianw/EECE5554/LAB1/install/gps_interface/share/gps_interface/environment/library_path.dsv
[0.625s] -- Up-to-date: /home/qianw/EECE5554/LAB1/install/gps_interface/lib/libgps_interface__rosidl_generator_c.so
[0.625s] -- Up-to-date: /home/qianw/EECE5554/LAB1/install/gps_interface/include/gps_interface/gps_interface
[0.625s] -- Up-to-date: /home/qianw/EECE5554/LAB1/install/gps_interface/include/gps_interface/gps_interface/msg
[0.625s] -- Up-to-date: /home/qianw/EECE5554/LAB1/install/gps_interface/include/gps_interface/gps_interface/msg/detail
[0.625s] -- Up-to-date: /home/qianw/EECE5554/LAB1/install/gps_interface/include/gps_interface/gps_interface/msg/detail/gp_smsg__rosidl_typesupport_fastrtps_c.h
[0.625s] -- Up-to-date: /home/qianw/EECE5554/LAB1/install/gps_interface/include/gps_interface/gps_interface/msg/rosidl_typesupport_fastrtps_c__visibility_control.h
[0.625s] -- Up-to-date: /home/qianw/EECE5554/LAB1/install/gps_interface/lib/libgps_interface__rosidl_typesupport_fastrtps_c.so
[0.625s] -- Up-to-date: /home/qianw/EECE5554/LAB1/install/gps_interface/include/gps_interface/gps_interface
[0.625s] -- Up-to-date: /home/qianw/EECE5554/LAB1/install/gps_interface/include/gps_interface/gps_interface/msg
[0.625s] -- Up-to-date: /home/qianw/EECE5554/LAB1/install/gps_interface/include/gps_interface/gps_interface/msg/detail
[0.625s] -- Up-to-date: /home/qianw/EECE5554/LAB1/install/gps_interface/include/gps_interface/gps_interface/msg/detail/gp_smsg__rosidl_typesupport_introspection_c.h
[0.626s] -- Up-to-date: /home/qianw/EECE5554/LAB1/install/gps_interface/include/gps_interface/gps_interface/msg/detail/gp_smsg__type_support.c
[0.626s] -- Up-to-date: /home/qianw/EECE5554/LAB1/install/gps_interface/include/gps_interface/gps_interface/msg/rosidl_typesupport_introspection_c__visibility_control.h
[0.626s] -- Up-to-date: /home/qianw/EECE5554/LAB1/install/gps_interface/lib/libgps_interface__rosidl_typesupport_introspection_c.so
[0.626s] -- Up-to-date: /home/qianw/EECE5554/LAB1/install/gps_interface/lib/libgps_interface__rosidl_typesupport_c.so
[0.626s] -- Up-to-date: /home/qianw/EECE5554/LAB1/install/gps_interface/include/gps_interface/gps_interface
[0.626s] -- Up-to-date: /home/qianw/EECE5554/LAB1/install/gps_interface/include/gps_interface/gps_interface/msg
[0.626s] -- Up-to-date: /home/qianw/EECE5554/LAB1/install/gps_interface/include/gps_interface/gps_interface/msg/rosidl_generator_cpp__visibility_control.hpp
[0.627s] -- Up-to-date: /home/qianw/EECE5554/LAB1/install/gps_interface/include/gps_interface/gps_interface/msg/detail
[0.627s] -- Up-to-date: /home/qianw/EECE5554/LAB1/install/gps_interface/include/gps_interface/gps_interface/msg/detail/gp_smsg__type_support.hpp
[0.627s] -- Up-to-date: /home/qianw/EECE5554/LAB1/install/gps_interface/include/gps_interface/gps_interface/msg/detail/gp_smsg__builder.hpp
[0.627s] -- Up-to-date: /home/qianw/EECE5554/LAB1/install/gps_interface/include/gps_interface/gps_interface/msg/detail/gp_smsg__struct.hpp
[0.627s] -- Up-to-date: /home/qianw/EECE5554/LAB1/install/gps_interface/include/gps_interface/gps_interface/msg/detail/gp_smsg__traits.hpp
[0.627s] -- Up-to-date: /home/qianw/EECE5554/LAB1/install/gps_interface/include/gps_interface/gps_interface/msg/gp_smsg.hpp
[0.627s] -- Up-to-date: /home/qianw/EECE5554/LAB1/install/gps_interface/include/gps_interface/gps_interface
[0.627s] -- Up-to-date: /home/qianw/EECE5554/LAB1/install/gps_interface/include/gps_interface/gps_interface/msg
[0.627s] -- Up-to-date: /home/qianw/EECE5554/LAB1/install/gps_interface/include/gps_interface/gps_interface/msg/detail
[0.627s] -- Up-to-date: /home/qianw/EECE5554/LAB1/install/gps_interface/include/gps_interface/gps_interface/msg/detail/gp_smsg__rosidl_typesupport_fastrtps_cpp.hpp
[0.627s] -- Up-to-date: /home/qianw/EECE5554/LAB1/install/gps_interface/include/gps_interface/gps_interface/msg/detail/dds_fastrtps
[0.628s] -- Up-to-date: /home/qianw/EECE5554/LAB1/install/gps_interface/include/gps_interface/gps_interface/msg/rosidl_typesupport_fastrtps_cpp__visibility_control.h
[0.628s] -- Up-to-date: /home/qianw/EECE5554/LAB1/install/gps_interface/lib/libgps_interface__rosidl_typesupport_fastrtps_cpp.so
[0.628s] -- Up-to-date: /home/qianw/EECE5554/LAB1/install/gps_interface/include/gps_interface/gps_interface
[0.628s] -- Up-to-date: /home/qianw/EECE5554/LAB1/install/gps_interface/include/gps_interface/gps_interface/msg
[0.628s] -- Up-to-date: /home/qianw/EECE5554/LAB1/install/gps_interface/include/gps_interface/gps_interface/msg/detail
[0.628s] -- Up-to-date: /home/qianw/EECE5554/LAB1/install/gps_interface/include/gps_interface/gps_interface/msg/detail/gp_smsg__rosidl_typesupport_introspection_cpp.hpp
[0.628s] -- Up-to-date: /home/qianw/EECE5554/LAB1/install/gps_interface/include/gps_interface/gps_interface/msg/detail/gp_smsg__type_support.cpp
[0.628s] -- Up-to-date: /home/qianw/EECE5554/LAB1/install/gps_interface/lib/libgps_interface__rosidl_typesupport_introspection_cpp.so
[0.628s] -- Up-to-date: /home/qianw/EECE5554/LAB1/install/gps_interface/lib/libgps_interface__rosidl_typesupport_cpp.so
[0.628s] -- Up-to-date: /home/qianw/EECE5554/LAB1/install/gps_interface/share/gps_interface/environment/pythonpath.sh
[0.628s] -- Up-to-date: /home/qianw/EECE5554/LAB1/install/gps_interface/share/gps_interface/environment/pythonpath.dsv
[0.628s] -- Up-to-date: /home/qianw/EECE5554/LAB1/install/gps_interface/local/lib/python3.10/dist-packages/gps_interface-0.0.0-py3.10.egg-info
[0.629s] -- Installing: /home/qianw/EECE5554/LAB1/install/gps_interface/local/lib/python3.10/dist-packages/gps_interface-0.0.0-py3.10.egg-info/PKG-INFO
[0.629s] -- Installing: /home/qianw/EECE5554/LAB1/install/gps_interface/local/lib/python3.10/dist-packages/gps_interface-0.0.0-py3.10.egg-info/top_level.txt
[0.629s] -- Installing: /home/qianw/EECE5554/LAB1/install/gps_interface/local/lib/python3.10/dist-packages/gps_interface-0.0.0-py3.10.egg-info/dependency_links.txt
[0.629s] -- Installing: /home/qianw/EECE5554/LAB1/install/gps_interface/local/lib/python3.10/dist-packages/gps_interface-0.0.0-py3.10.egg-info/SOURCES.txt
[0.629s] -- Up-to-date: /home/qianw/EECE5554/LAB1/install/gps_interface/local/lib/python3.10/dist-packages/gps_interface
[0.629s] -- Up-to-date: /home/qianw/EECE5554/LAB1/install/gps_interface/local/lib/python3.10/dist-packages/gps_interface/_gps_interface_s.ep.rosidl_typesupport_fastrtps_c.c
[0.629s] -- Up-to-date: /home/qianw/EECE5554/LAB1/install/gps_interface/local/lib/python3.10/dist-packages/gps_interface/gps_interface_s__rosidl_typesupport_introspection_c.cpython-310-x86_64-linux-gnu.so
[0.629s] -- Up-to-date: /home/qianw/EECE5554/LAB1/install/gps_interface/local/lib/python3.10/dist-packages/gps_interface/libgps_interface__rosidl_generator_py.so
[0.629s] -- Up-to-date: /home/qianw/EECE5554/LAB1/install/gps_interface/local/lib/python3.10/dist-packages/gps_interface/__init__.py
[0.629s] -- Up-to-date: /home/qianw/EECE5554/LAB1/install/gps_interface/local/lib/python3.10/dist-packages/gps_interface/_gps_interface_s.ep.rosidl_typesupport_c.c
[0.629s] -- Up-to-date: /home/qianw/EECE5554/LAB1/install/gps_interface/local/lib/python3.10/dist-packages/gps_interface/gps_interface_s__rosidl_typesupport_c.cpython-310-x86_64-linux-gnu.so
[0.629s] -- Up-to-date: /home/qianw/EECE5554/LAB1/install/gps_interface/local/lib/python3.10/dist-packages/gps_interface/gps_interface_s__rosidl_typesupport_fastrtps_c.cpython-310-x86_64-linux-gnu.so
[0.629s] -- Up-to-date: /home/qianw/EECE5554/LAB1/install/gps_interface/local/lib/python3.10/dist-packages/gps_interface/_gps_interface_s.ep.rosidl_typesupport_introspection_c.c
[0.630s] -- Up-to-date: /home/qianw/EECE5554/LAB1/install/gps_interface/local/lib/python3.10/dist-packages/gps_interface/msg
[0.630s] -- Up-to-date: /home/qianw/EECE5554/LAB1/install/gps_interface/local/lib/python3.10/dist-packages/gps_interface/msg/_gp_smsg_s.c
[0.630s] -- Up-to-date: /home/qianw/EECE5554/LAB1/install/gps_interface/local/lib/python3.10/dist-packages/gps_interface/msg/_gp_smsg.py
[0.630s] -- Up-to-date: /home/qianw/EECE5554/LAB1/install/gps_interface/local/lib/python3.10/dist-packages/gps_interface/msg/__init__.py
[0.674s] Listing '/home/qianw/EECE5554/LAB1/install/gps_interface/local/lib/python3.10/dist-packages/gps_interface'...
[0.674s] Listing '/home/qianw/EECE5554/LAB1/install/gps_interface/local/lib/python3.10/dist-packages/gps_interface/msg'...
[0.680s] -- Up-to-date: /home/qianw/EECE5554/LAB1/install/gps_interface/local/lib/python3.10/dist-packages/gps_interface/gps_interface_s__rosidl_typesupport_fastrtps_c.cpython-310-x86_64-linux-gnu.so
[0.681s] -- Up-to-date: /home/qianw/EECE5554/LAB1/install/gps_interface/local/lib/python3.10/dist-packages/gps_interface/gps_interface_s__rosidl_typesupport_introspection_c.cpython-310-x86_64-linux-gnu.so
[0.681s] -- Up-to-date: /home/qianw/EECE5554/LAB1/install/gps_interface/local/lib/python3.10/dist-packages/gps_interface/gps_interface_s__rosidl_typesupport_c.cpython-310-x86_64-linux-gnu.so
[0.681s] -- Up-to-date: /home/qianw/EECE5554/LAB1/install/gps_interface/lib/libgps_interface__rosidl_generator_py.so
[0.682s] -- Up-to-date: /home/qianw/EECE5554/LAB1/install/gps_interface/share/gps_interface/msg/GPSmsg.idl
[0.682s] -- Up-to-date: /home/qianw/EECE5554/LAB1/install/gps_interface/share/gps_interface/msg/GPSmsg.msg
[0.682s] -- Up-to-date: /home/qianw/EECE5554/LAB1/install/gps_interface/share/ament_index/resource_index/package_run_dependencies/gps_interface
[0.682s] -- Up-to-date: /home/qianw/EECE5554/LAB1/install/gps_interface/share/ament_index/resource_index/parent_prefix_path/gps_interface
[0.682s] -- Up-to-date: /home/qianw/EECE5554/LAB1/install/gps_interface/share/gps_interface/environment/ament_prefix_path.sh
[0.683s] -- Up-to-date: /home/qianw/EECE5554/LAB1/install/gps_interface/share/gps_interface/environment/ament_prefix_path.dsv
[0.683s] -- Up-to-date: /home/qianw/EECE5554/LAB1/install/gps_interface/share/gps_interface/environment/path.sh
[0.683s] -- Up-to-date: /home/qianw/EECE5554/LAB1/install/gps_interface/share/gps_interface/environment/path.dsv
[0.683s] -- Up-to-date: /home/qianw/EECE5554/LAB1/install/gps_interface/share/gps_interface/local_setup.bash
[0.683s] -- Up-to-date: /home/qianw/EECE5554/LAB1/install/gps_interface/share/gps_interface/local_setup.sh
[0.683s] -- Up-to-date: /home/qianw/EECE5554/LAB1/install/gps_interface/share/gps_interface/local_setup.zsh
[0.684s] -- Up-to-date: /home/qianw/EECE5554/LAB1/install/gps_interface/share/gps_interface/local_setup.dsv
[0.684s] -- Installing: /home/qianw/EECE5554/LAB1/install/gps_interface/share/gps_interface/package.dsv
[0.684s] -- Up-to-date: /home/qianw/EECE5554/LAB1/install/gps_interface/share/ament_index/resource_index/packages/gps_interface
[0.684s] -- Up-to-date: /home/qianw/EECE5554/LAB1/install/gps_interface/share/gps_interface/cmake/export_gps_interface__rosidl_generator_cExport.cmake
[0.684s] -- Up-to-date: /home/qianw/EECE5554/LAB1/install/gps_interface/share/gps_interface/cmake/export_gps_interface__rosidl_generator_cExport-noconfig.cmake
[0.684s] -- Up-to-date: /home/qianw/EECE5554/LAB1/install/gps_interface/share/gps_interface/cmake/export_gps_interface__rosidl_typesupport_fastrtps_cExport.cmake
[0.685s] -- Up-to-date: /home/qianw/EECE5554/LAB1/install/gps_interface/share/gps_interface/cmake/export_gps_interface__rosidl_typesupport_fastrtps_cExport-noconfig.cmake
[0.685s] -- Up-to-date: /home/qianw/EECE5554/LAB1/install/gps_interface/share/gps_interface/cmake/gps_interface__rosidl_typesupport_introspection_cExport.cmake
[0.685s] -- Up-to-date: /home/qianw/EECE5554/LAB1/install/gps_interface/share/gps_interface/cmake/gps_interface__rosidl_typesupport_introspection_cExport-noconfig.cmake
[0.685s] -- Up-to-date: /home/qianw/EECE5554/LAB1/install/gps_interface/share/gps_interface/cmake/gps_interface__rosidl_typesupport_cExport.cmake
[0.685s] -- Up-to-date: /home/qianw/EECE5554/LAB1/install/gps_interface/share/gps_interface/cmake/gps_interface__rosidl_typesupport_cExport-noconfig.cmake
[0.685s] -- Up-to-date: /home/qianw/EECE5554/LAB1/install/gps_interface/share/gps_interface/cmake/export_gps_interface__rosidl_generator_cppExport.cmake
[0.685s] -- Up-to-date: /home/qianw/EECE5554/LAB1/install/gps_interface/share/gps_interface/cmake/export_gps_interface__rosidl_typesupport_fastrtps_cppExport.cmake
[0.686s] -- Up-to-date: /home/qianw/EECE5554/LAB1/install/gps_interface/share/gps_interface/cmake/export_gps_interface__rosidl_typesupport_fastrtps_cppExport-noconfig.cmake
[0.686s] -- Up-to-date: /home/qianw/EECE5554/LAB1/install/gps_interface/share/gps_interface/cmake/gps_interface__rosidl_typesupport_introspection_cppExport.cmake
[0.686s] -- Up-to-date: /home/qianw/EECE5554/LAB1/install/gps_interface/share/gps_interface/cmake/gps_interface__rosidl_typesupport_introspection_cppExport-noconfig.cmake
[0.686s] -- Up-to-date: /home/qianw/EECE5554/LAB1/install/gps_interface/share/gps_interface/cmake/gps_interface__rosidl_typesupport_cppExport.cmake
[0.686s] -- Up-to-date: /home/qianw/EECE5554/LAB1/install/gps_interface/share/gps_interface/cmake/gps_interface__rosidl_typesupport_cppExport-noconfig.cmake
[0.686s] -- Up-to-date: /home/qianw/EECE5554/LAB1/install/gps_interface/share/gps_interface/cmake/export_gps_interface__rosidl_generator_pyExport.cmake
[0.686s] -- Up-to-date: /home/qianw/EECE5554/LAB1/install/gps_interface/share/gps_interface/cmake/export_gps_interface__rosidl_generator_pyExport-noconfig.cmake
[0.687s] -- Up-to-date: /home/qianw/EECE5554/LAB1/install/gps_interface/share/gps_interface/cmake/rosidl_cmake-extras.cmake
[0.687s] -- Up-to-date: /home/qianw/EECE5554/LAB1/install/gps_interface/share/gps_interface/cmake/ament_cmake_export_dependencies-extras.cmake
[0.687s] -- Up-to-date: /home/qianw/EECE5554/LAB1/install/gps_interface/share/gps_interface/cmake/ament_cmake_export_include_directories-extras.cmake
[0.687s] -- Up-to-date: /home/qianw/EECE5554/LAB1/install/gps_interface/share/gps_interface/cmake/ament_cmake_export_libraries-extras.cmake
[0.687s] -- Up-to-date: /home/qianw/EECE5554/LAB1/install/gps_interface/share/gps_interface/cmake/ament_cmake_export_targets-extras.cmake
[0.687s] -- Up-to-date: /home/qianw/EECE5554/LAB1/install/gps_interface/share/gps_interface/cmake/rosidl_cmake_export_typesupport_targets-extras.cmake
[0.687s] -- Up-to-date: /home/qianw/EECE5554/LAB1/install/gps_interface/share/gps_interface/cmake/rosidl_cmake_export_typesupport_libraries-extras.cmake
[0.687s] -- Up-to-date: /home/qianw/EECE5554/LAB1/install/gps_interface/share/gps_interface/cmake/gps_interfaceConfig.cmake
[0.687s] -- Up-to-date: /home/qianw/EECE5554/LAB1/install/gps_interface/share/gps_interface/cmake/gps_interfaceConfig-version.cmake
[0.688s] -- Up-to-date: /home/qianw/EECE5554/LAB1/install/gps_interface/share/gps_interface/package.xml
[0.690s] Invoked command in '/home/qianw/EECE5554/LAB1/build/gps_interface' returned '0': CMAKE_PREFIX_PATH=${CMAKE_PREFIX_PATH}:/home/qianw/EECE5554/LAB1/install/gps_driver:/opt/ros/humble /usr/bin/cmake --install /home/qianw/EECE5554/LAB1/build/gps_interface
