[0.019s] Invoking command in '/home/qianw/EECE5554/LAB3/src/build/imu_interface': CMAKE_PREFIX_PATH=${CMAKE_PREFIX_PATH}:/home/qianw/EECE5554/LAB3/src/install/imu_driver:/opt/ros/humble /usr/bin/cmake --build /home/qianw/EECE5554/LAB3/src/build/imu_interface -- -j8 -l8
[0.107s] [  3%] Built target imu_interface__cpp
[0.107s] [ 12%] Built target imu_interface__rosidl_generator_c
[0.126s] [ 12%] Built target ament_cmake_python_copy_imu_interface
[0.154s] [ 41%] Built target imu_interface__rosidl_typesupport_fastrtps_cpp
[0.155s] [ 41%] Built target imu_interface__rosidl_typesupport_c
[0.155s] [ 41%] Built target imu_interface__rosidl_typesupport_introspection_c
[0.155s] [ 51%] Built target imu_interface__rosidl_typesupport_cpp
[0.158s] [ 61%] Built target imu_interface__rosidl_typesupport_introspection_cpp
[0.176s] [ 70%] Built target imu_interface__rosidl_typesupport_fastrtps_c
[0.212s] [ 70%] Built target imu_interface
[0.249s] [ 74%] Built target imu_interface__py
[0.300s] [ 80%] Built target imu_interface__rosidl_generator_py
[0.338s] [ 87%] Built target imu_interface__rosidl_typesupport_fastrtps_c__pyext
[0.339s] [ 93%] Built target imu_interface__rosidl_typesupport_c__pyext
[0.339s] [100%] Built target imu_interface__rosidl_typesupport_introspection_c__pyext
[0.606s] running egg_info
[0.607s] writing imu_interface.egg-info/PKG-INFO
[0.607s] writing dependency_links to imu_interface.egg-info/dependency_links.txt
[0.608s] writing top-level names to imu_interface.egg-info/top_level.txt
[0.611s] reading manifest file 'imu_interface.egg-info/SOURCES.txt'
[0.613s] writing manifest file 'imu_interface.egg-info/SOURCES.txt'
[0.659s] [100%] Built target ament_cmake_python_build_imu_interface_egg
[0.680s] Invoked command in '/home/qianw/EECE5554/LAB3/src/build/imu_interface' returned '0': CMAKE_PREFIX_PATH=${CMAKE_PREFIX_PATH}:/home/qianw/EECE5554/LAB3/src/install/imu_driver:/opt/ros/humble /usr/bin/cmake --build /home/qianw/EECE5554/LAB3/src/build/imu_interface -- -j8 -l8
[0.696s] Invoking command in '/home/qianw/EECE5554/LAB3/src/build/imu_interface': CMAKE_PREFIX_PATH=${CMAKE_PREFIX_PATH}:/home/qianw/EECE5554/LAB3/src/install/imu_driver:/opt/ros/humble /usr/bin/cmake --install /home/qianw/EECE5554/LAB3/src/build/imu_interface
[0.709s] -- Install configuration: ""
[0.709s] -- Up-to-date: /home/qianw/EECE5554/LAB3/src/install/imu_interface/share/ament_index/resource_index/rosidl_interfaces/imu_interface
[0.710s] -- Up-to-date: /home/qianw/EECE5554/LAB3/src/install/imu_interface/include/imu_interface/imu_interface
[0.710s] -- Up-to-date: /home/qianw/EECE5554/LAB3/src/install/imu_interface/include/imu_interface/imu_interface/msg
[0.711s] -- Up-to-date: /home/qianw/EECE5554/LAB3/src/install/imu_interface/include/imu_interface/imu_interface/msg/rosidl_generator_c__visibility_control.h
[0.711s] -- Up-to-date: /home/qianw/EECE5554/LAB3/src/install/imu_interface/include/imu_interface/imu_interface/msg/im_umsg.h
[0.711s] -- Up-to-date: /home/qianw/EECE5554/LAB3/src/install/imu_interface/include/imu_interface/imu_interface/msg/detail
[0.711s] -- Up-to-date: /home/qianw/EECE5554/LAB3/src/install/imu_interface/include/imu_interface/imu_interface/msg/detail/im_umsg__functions.c
[0.711s] -- Up-to-date: /home/qianw/EECE5554/LAB3/src/install/imu_interface/include/imu_interface/imu_interface/msg/detail/im_umsg__struct.h
[0.711s] -- Up-to-date: /home/qianw/EECE5554/LAB3/src/install/imu_interface/include/imu_interface/imu_interface/msg/detail/im_umsg__functions.h
[0.712s] -- Up-to-date: /home/qianw/EECE5554/LAB3/src/install/imu_interface/include/imu_interface/imu_interface/msg/detail/im_umsg__type_support.h
[0.712s] -- Up-to-date: /home/qianw/EECE5554/LAB3/src/install/imu_interface/share/imu_interface/environment/library_path.sh
[0.712s] -- Up-to-date: /home/qianw/EECE5554/LAB3/src/install/imu_interface/share/imu_interface/environment/library_path.dsv
[0.712s] -- Up-to-date: /home/qianw/EECE5554/LAB3/src/install/imu_interface/lib/libimu_interface__rosidl_generator_c.so
[0.712s] -- Up-to-date: /home/qianw/EECE5554/LAB3/src/install/imu_interface/include/imu_interface/imu_interface
[0.712s] -- Up-to-date: /home/qianw/EECE5554/LAB3/src/install/imu_interface/include/imu_interface/imu_interface/msg
[0.712s] -- Up-to-date: /home/qianw/EECE5554/LAB3/src/install/imu_interface/include/imu_interface/imu_interface/msg/rosidl_typesupport_fastrtps_c__visibility_control.h
[0.712s] -- Up-to-date: /home/qianw/EECE5554/LAB3/src/install/imu_interface/include/imu_interface/imu_interface/msg/detail
[0.712s] -- Up-to-date: /home/qianw/EECE5554/LAB3/src/install/imu_interface/include/imu_interface/imu_interface/msg/detail/im_umsg__rosidl_typesupport_fastrtps_c.h
[0.713s] -- Up-to-date: /home/qianw/EECE5554/LAB3/src/install/imu_interface/lib/libimu_interface__rosidl_typesupport_fastrtps_c.so
[0.713s] -- Up-to-date: /home/qianw/EECE5554/LAB3/src/install/imu_interface/include/imu_interface/imu_interface
[0.713s] -- Up-to-date: /home/qianw/EECE5554/LAB3/src/install/imu_interface/include/imu_interface/imu_interface/msg
[0.713s] -- Up-to-date: /home/qianw/EECE5554/LAB3/src/install/imu_interface/include/imu_interface/imu_interface/msg/im_umsg.hpp
[0.713s] -- Up-to-date: /home/qianw/EECE5554/LAB3/src/install/imu_interface/include/imu_interface/imu_interface/msg/rosidl_generator_cpp__visibility_control.hpp
[0.713s] -- Up-to-date: /home/qianw/EECE5554/LAB3/src/install/imu_interface/include/imu_interface/imu_interface/msg/detail
[0.713s] -- Up-to-date: /home/qianw/EECE5554/LAB3/src/install/imu_interface/include/imu_interface/imu_interface/msg/detail/im_umsg__struct.hpp
[0.713s] -- Up-to-date: /home/qianw/EECE5554/LAB3/src/install/imu_interface/include/imu_interface/imu_interface/msg/detail/im_umsg__type_support.hpp
[0.714s] -- Up-to-date: /home/qianw/EECE5554/LAB3/src/install/imu_interface/include/imu_interface/imu_interface/msg/detail/im_umsg__traits.hpp
[0.714s] -- Up-to-date: /home/qianw/EECE5554/LAB3/src/install/imu_interface/include/imu_interface/imu_interface/msg/detail/im_umsg__builder.hpp
[0.714s] -- Up-to-date: /home/qianw/EECE5554/LAB3/src/install/imu_interface/include/imu_interface/imu_interface
[0.714s] -- Up-to-date: /home/qianw/EECE5554/LAB3/src/install/imu_interface/include/imu_interface/imu_interface/msg
[0.714s] -- Up-to-date: /home/qianw/EECE5554/LAB3/src/install/imu_interface/include/imu_interface/imu_interface/msg/rosidl_typesupport_fastrtps_cpp__visibility_control.h
[0.714s] -- Up-to-date: /home/qianw/EECE5554/LAB3/src/install/imu_interface/include/imu_interface/imu_interface/msg/detail
[0.714s] -- Up-to-date: /home/qianw/EECE5554/LAB3/src/install/imu_interface/include/imu_interface/imu_interface/msg/detail/im_umsg__rosidl_typesupport_fastrtps_cpp.hpp
[0.714s] -- Up-to-date: /home/qianw/EECE5554/LAB3/src/install/imu_interface/include/imu_interface/imu_interface/msg/detail/dds_fastrtps
[0.714s] -- Up-to-date: /home/qianw/EECE5554/LAB3/src/install/imu_interface/lib/libimu_interface__rosidl_typesupport_fastrtps_cpp.so
[0.714s] -- Up-to-date: /home/qianw/EECE5554/LAB3/src/install/imu_interface/include/imu_interface/imu_interface
[0.715s] -- Up-to-date: /home/qianw/EECE5554/LAB3/src/install/imu_interface/include/imu_interface/imu_interface/msg
[0.715s] -- Up-to-date: /home/qianw/EECE5554/LAB3/src/install/imu_interface/include/imu_interface/imu_interface/msg/rosidl_typesupport_introspection_c__visibility_control.h
[0.715s] -- Up-to-date: /home/qianw/EECE5554/LAB3/src/install/imu_interface/include/imu_interface/imu_interface/msg/detail
[0.715s] -- Up-to-date: /home/qianw/EECE5554/LAB3/src/install/imu_interface/include/imu_interface/imu_interface/msg/detail/im_umsg__rosidl_typesupport_introspection_c.h
[0.715s] -- Up-to-date: /home/qianw/EECE5554/LAB3/src/install/imu_interface/include/imu_interface/imu_interface/msg/detail/im_umsg__type_support.c
[0.715s] -- Up-to-date: /home/qianw/EECE5554/LAB3/src/install/imu_interface/lib/libimu_interface__rosidl_typesupport_introspection_c.so
[0.715s] -- Up-to-date: /home/qianw/EECE5554/LAB3/src/install/imu_interface/lib/libimu_interface__rosidl_typesupport_c.so
[0.715s] -- Up-to-date: /home/qianw/EECE5554/LAB3/src/install/imu_interface/include/imu_interface/imu_interface
[0.715s] -- Up-to-date: /home/qianw/EECE5554/LAB3/src/install/imu_interface/include/imu_interface/imu_interface/msg
[0.716s] -- Up-to-date: /home/qianw/EECE5554/LAB3/src/install/imu_interface/include/imu_interface/imu_interface/msg/detail
[0.716s] -- Up-to-date: /home/qianw/EECE5554/LAB3/src/install/imu_interface/include/imu_interface/imu_interface/msg/detail/im_umsg__rosidl_typesupport_introspection_cpp.hpp
[0.716s] -- Up-to-date: /home/qianw/EECE5554/LAB3/src/install/imu_interface/include/imu_interface/imu_interface/msg/detail/im_umsg__type_support.cpp
[0.716s] -- Up-to-date: /home/qianw/EECE5554/LAB3/src/install/imu_interface/lib/libimu_interface__rosidl_typesupport_introspection_cpp.so
[0.716s] -- Up-to-date: /home/qianw/EECE5554/LAB3/src/install/imu_interface/lib/libimu_interface__rosidl_typesupport_cpp.so
[0.716s] -- Up-to-date: /home/qianw/EECE5554/LAB3/src/install/imu_interface/share/imu_interface/environment/pythonpath.sh
[0.716s] -- Up-to-date: /home/qianw/EECE5554/LAB3/src/install/imu_interface/share/imu_interface/environment/pythonpath.dsv
[0.716s] -- Up-to-date: /home/qianw/EECE5554/LAB3/src/install/imu_interface/local/lib/python3.10/dist-packages/imu_interface-0.0.0-py3.10.egg-info
[0.717s] -- Installing: /home/qianw/EECE5554/LAB3/src/install/imu_interface/local/lib/python3.10/dist-packages/imu_interface-0.0.0-py3.10.egg-info/SOURCES.txt
[0.717s] -- Installing: /home/qianw/EECE5554/LAB3/src/install/imu_interface/local/lib/python3.10/dist-packages/imu_interface-0.0.0-py3.10.egg-info/top_level.txt
[0.717s] -- Installing: /home/qianw/EECE5554/LAB3/src/install/imu_interface/local/lib/python3.10/dist-packages/imu_interface-0.0.0-py3.10.egg-info/dependency_links.txt
[0.717s] -- Installing: /home/qianw/EECE5554/LAB3/src/install/imu_interface/local/lib/python3.10/dist-packages/imu_interface-0.0.0-py3.10.egg-info/PKG-INFO
[0.717s] -- Up-to-date: /home/qianw/EECE5554/LAB3/src/install/imu_interface/local/lib/python3.10/dist-packages/imu_interface
[0.717s] -- Up-to-date: /home/qianw/EECE5554/LAB3/src/install/imu_interface/local/lib/python3.10/dist-packages/imu_interface/_imu_interface_s.ep.rosidl_typesupport_introspection_c.c
[0.717s] -- Up-to-date: /home/qianw/EECE5554/LAB3/src/install/imu_interface/local/lib/python3.10/dist-packages/imu_interface/msg
[0.717s] -- Up-to-date: /home/qianw/EECE5554/LAB3/src/install/imu_interface/local/lib/python3.10/dist-packages/imu_interface/msg/_im_umsg_s.c
[0.717s] -- Up-to-date: /home/qianw/EECE5554/LAB3/src/install/imu_interface/local/lib/python3.10/dist-packages/imu_interface/msg/_im_umsg.py
[0.717s] -- Up-to-date: /home/qianw/EECE5554/LAB3/src/install/imu_interface/local/lib/python3.10/dist-packages/imu_interface/msg/__init__.py
[0.717s] -- Up-to-date: /home/qianw/EECE5554/LAB3/src/install/imu_interface/local/lib/python3.10/dist-packages/imu_interface/imu_interface_s__rosidl_typesupport_introspection_c.cpython-310-x86_64-linux-gnu.so
[0.718s] -- Up-to-date: /home/qianw/EECE5554/LAB3/src/install/imu_interface/local/lib/python3.10/dist-packages/imu_interface/imu_interface_s__rosidl_typesupport_fastrtps_c.cpython-310-x86_64-linux-gnu.so
[0.718s] -- Up-to-date: /home/qianw/EECE5554/LAB3/src/install/imu_interface/local/lib/python3.10/dist-packages/imu_interface/imu_interface_s__rosidl_typesupport_c.cpython-310-x86_64-linux-gnu.so
[0.718s] -- Up-to-date: /home/qianw/EECE5554/LAB3/src/install/imu_interface/local/lib/python3.10/dist-packages/imu_interface/_imu_interface_s.ep.rosidl_typesupport_fastrtps_c.c
[0.718s] -- Up-to-date: /home/qianw/EECE5554/LAB3/src/install/imu_interface/local/lib/python3.10/dist-packages/imu_interface/_imu_interface_s.ep.rosidl_typesupport_c.c
[0.718s] -- Up-to-date: /home/qianw/EECE5554/LAB3/src/install/imu_interface/local/lib/python3.10/dist-packages/imu_interface/libimu_interface__rosidl_generator_py.so
[0.718s] -- Up-to-date: /home/qianw/EECE5554/LAB3/src/install/imu_interface/local/lib/python3.10/dist-packages/imu_interface/__init__.py
[0.772s] Listing '/home/qianw/EECE5554/LAB3/src/install/imu_interface/local/lib/python3.10/dist-packages/imu_interface'...
[0.772s] Listing '/home/qianw/EECE5554/LAB3/src/install/imu_interface/local/lib/python3.10/dist-packages/imu_interface/msg'...
[0.779s] -- Up-to-date: /home/qianw/EECE5554/LAB3/src/install/imu_interface/local/lib/python3.10/dist-packages/imu_interface/imu_interface_s__rosidl_typesupport_fastrtps_c.cpython-310-x86_64-linux-gnu.so
[0.793s] -- Up-to-date: /home/qianw/EECE5554/LAB3/src/install/imu_interface/local/lib/python3.10/dist-packages/imu_interface/imu_interface_s__rosidl_typesupport_introspection_c.cpython-310-x86_64-linux-gnu.so
[0.793s] -- Up-to-date: /home/qianw/EECE5554/LAB3/src/install/imu_interface/local/lib/python3.10/dist-packages/imu_interface/imu_interface_s__rosidl_typesupport_c.cpython-310-x86_64-linux-gnu.so
[0.793s] -- Up-to-date: /home/qianw/EECE5554/LAB3/src/install/imu_interface/lib/libimu_interface__rosidl_generator_py.so
[0.793s] -- Up-to-date: /home/qianw/EECE5554/LAB3/src/install/imu_interface/share/imu_interface/msg/IMUmsg.idl
[0.794s] -- Up-to-date: /home/qianw/EECE5554/LAB3/src/install/imu_interface/share/imu_interface/msg/IMUmsg.msg
[0.794s] -- Up-to-date: /home/qianw/EECE5554/LAB3/src/install/imu_interface/share/ament_index/resource_index/package_run_dependencies/imu_interface
[0.794s] -- Up-to-date: /home/qianw/EECE5554/LAB3/src/install/imu_interface/share/ament_index/resource_index/parent_prefix_path/imu_interface
[0.794s] -- Up-to-date: /home/qianw/EECE5554/LAB3/src/install/imu_interface/share/imu_interface/environment/ament_prefix_path.sh
[0.795s] -- Up-to-date: /home/qianw/EECE5554/LAB3/src/install/imu_interface/share/imu_interface/environment/ament_prefix_path.dsv
[0.795s] -- Up-to-date: /home/qianw/EECE5554/LAB3/src/install/imu_interface/share/imu_interface/environment/path.sh
[0.796s] -- Up-to-date: /home/qianw/EECE5554/LAB3/src/install/imu_interface/share/imu_interface/environment/path.dsv
[0.796s] -- Up-to-date: /home/qianw/EECE5554/LAB3/src/install/imu_interface/share/imu_interface/local_setup.bash
[0.796s] -- Up-to-date: /home/qianw/EECE5554/LAB3/src/install/imu_interface/share/imu_interface/local_setup.sh
[0.797s] -- Up-to-date: /home/qianw/EECE5554/LAB3/src/install/imu_interface/share/imu_interface/local_setup.zsh
[0.797s] -- Up-to-date: /home/qianw/EECE5554/LAB3/src/install/imu_interface/share/imu_interface/local_setup.dsv
[0.797s] -- Installing: /home/qianw/EECE5554/LAB3/src/install/imu_interface/share/imu_interface/package.dsv
[0.797s] -- Up-to-date: /home/qianw/EECE5554/LAB3/src/install/imu_interface/share/ament_index/resource_index/packages/imu_interface
[0.797s] -- Up-to-date: /home/qianw/EECE5554/LAB3/src/install/imu_interface/share/imu_interface/cmake/export_imu_interface__rosidl_generator_cExport.cmake
[0.797s] -- Up-to-date: /home/qianw/EECE5554/LAB3/src/install/imu_interface/share/imu_interface/cmake/export_imu_interface__rosidl_generator_cExport-noconfig.cmake
[0.797s] -- Up-to-date: /home/qianw/EECE5554/LAB3/src/install/imu_interface/share/imu_interface/cmake/export_imu_interface__rosidl_typesupport_fastrtps_cExport.cmake
[0.797s] -- Up-to-date: /home/qianw/EECE5554/LAB3/src/install/imu_interface/share/imu_interface/cmake/export_imu_interface__rosidl_typesupport_fastrtps_cExport-noconfig.cmake
[0.798s] -- Up-to-date: /home/qianw/EECE5554/LAB3/src/install/imu_interface/share/imu_interface/cmake/export_imu_interface__rosidl_generator_cppExport.cmake
[0.798s] -- Up-to-date: /home/qianw/EECE5554/LAB3/src/install/imu_interface/share/imu_interface/cmake/export_imu_interface__rosidl_typesupport_fastrtps_cppExport.cmake
[0.798s] -- Up-to-date: /home/qianw/EECE5554/LAB3/src/install/imu_interface/share/imu_interface/cmake/export_imu_interface__rosidl_typesupport_fastrtps_cppExport-noconfig.cmake
[0.798s] -- Up-to-date: /home/qianw/EECE5554/LAB3/src/install/imu_interface/share/imu_interface/cmake/imu_interface__rosidl_typesupport_introspection_cExport.cmake
[0.798s] -- Up-to-date: /home/qianw/EECE5554/LAB3/src/install/imu_interface/share/imu_interface/cmake/imu_interface__rosidl_typesupport_introspection_cExport-noconfig.cmake
[0.798s] -- Up-to-date: /home/qianw/EECE5554/LAB3/src/install/imu_interface/share/imu_interface/cmake/imu_interface__rosidl_typesupport_cExport.cmake
[0.799s] -- Up-to-date: /home/qianw/EECE5554/LAB3/src/install/imu_interface/share/imu_interface/cmake/imu_interface__rosidl_typesupport_cExport-noconfig.cmake
[0.799s] -- Up-to-date: /home/qianw/EECE5554/LAB3/src/install/imu_interface/share/imu_interface/cmake/imu_interface__rosidl_typesupport_introspection_cppExport.cmake
[0.799s] -- Up-to-date: /home/qianw/EECE5554/LAB3/src/install/imu_interface/share/imu_interface/cmake/imu_interface__rosidl_typesupport_introspection_cppExport-noconfig.cmake
[0.799s] -- Up-to-date: /home/qianw/EECE5554/LAB3/src/install/imu_interface/share/imu_interface/cmake/imu_interface__rosidl_typesupport_cppExport.cmake
[0.800s] -- Up-to-date: /home/qianw/EECE5554/LAB3/src/install/imu_interface/share/imu_interface/cmake/imu_interface__rosidl_typesupport_cppExport-noconfig.cmake
[0.800s] -- Up-to-date: /home/qianw/EECE5554/LAB3/src/install/imu_interface/share/imu_interface/cmake/export_imu_interface__rosidl_generator_pyExport.cmake
[0.800s] -- Up-to-date: /home/qianw/EECE5554/LAB3/src/install/imu_interface/share/imu_interface/cmake/export_imu_interface__rosidl_generator_pyExport-noconfig.cmake
[0.801s] -- Up-to-date: /home/qianw/EECE5554/LAB3/src/install/imu_interface/share/imu_interface/cmake/rosidl_cmake-extras.cmake
[0.801s] -- Up-to-date: /home/qianw/EECE5554/LAB3/src/install/imu_interface/share/imu_interface/cmake/ament_cmake_export_dependencies-extras.cmake
[0.801s] -- Up-to-date: /home/qianw/EECE5554/LAB3/src/install/imu_interface/share/imu_interface/cmake/ament_cmake_export_include_directories-extras.cmake
[0.801s] -- Up-to-date: /home/qianw/EECE5554/LAB3/src/install/imu_interface/share/imu_interface/cmake/ament_cmake_export_libraries-extras.cmake
[0.801s] -- Up-to-date: /home/qianw/EECE5554/LAB3/src/install/imu_interface/share/imu_interface/cmake/ament_cmake_export_targets-extras.cmake
[0.801s] -- Up-to-date: /home/qianw/EECE5554/LAB3/src/install/imu_interface/share/imu_interface/cmake/rosidl_cmake_export_typesupport_targets-extras.cmake
[0.801s] -- Up-to-date: /home/qianw/EECE5554/LAB3/src/install/imu_interface/share/imu_interface/cmake/rosidl_cmake_export_typesupport_libraries-extras.cmake
[0.802s] -- Up-to-date: /home/qianw/EECE5554/LAB3/src/install/imu_interface/share/imu_interface/cmake/imu_interfaceConfig.cmake
[0.802s] -- Up-to-date: /home/qianw/EECE5554/LAB3/src/install/imu_interface/share/imu_interface/cmake/imu_interfaceConfig-version.cmake
[0.802s] -- Up-to-date: /home/qianw/EECE5554/LAB3/src/install/imu_interface/share/imu_interface/package.xml
[0.802s] Invoked command in '/home/qianw/EECE5554/LAB3/src/build/imu_interface' returned '0': CMAKE_PREFIX_PATH=${CMAKE_PREFIX_PATH}:/home/qianw/EECE5554/LAB3/src/install/imu_driver:/opt/ros/humble /usr/bin/cmake --install /home/qianw/EECE5554/LAB3/src/build/imu_interface
