[0.171s] DEBUG:colcon:Command line arguments: ['/usr/bin/colcon', 'build']
[0.172s] DEBUG:colcon:Parsed command line arguments: Namespace(log_base=None, log_level=None, verb_name='build', build_base='build', install_base='install', merge_install=False, symlink_install=False, test_result_base=None, continue_on_error=False, executor='parallel', parallel_workers=8, event_handlers=None, ignore_user_meta=False, metas=['./colcon.meta'], base_paths=['.'], packages_ignore=None, packages_ignore_regex=None, paths=None, packages_up_to=None, packages_up_to_regex=None, packages_above=None, packages_above_and_dependencies=None, packages_above_depth=None, packages_select_by_dep=None, packages_skip_by_dep=None, packages_skip_up_to=None, packages_select_build_failed=False, packages_skip_build_finished=False, packages_select_test_failures=False, packages_skip_test_passed=False, packages_select=None, packages_skip=None, packages_select_regex=None, packages_skip_regex=None, packages_start=None, packages_end=None, allow_overriding=[], cmake_args=None, cmake_target=None, cmake_target_skip_unavailable=False, cmake_clean_cache=False, cmake_clean_first=False, cmake_force_configure=False, ament_cmake_args=None, catkin_cmake_args=None, catkin_skip_building_tests=False, mixin_files=None, mixin=None, verb_parser=<colcon_mixin.mixin.mixin_argument.MixinArgumentDecorator object at 0x77e108c3d270>, verb_extension=<colcon_core.verb.build.BuildVerb object at 0x77e108c3c220>, main=<bound method BuildVerb.main of <colcon_core.verb.build.BuildVerb object at 0x77e108c3c220>>, mixin_verb=('build',))
[0.435s] Level 1:colcon.colcon_core.package_discovery:discover_packages(colcon_meta) check parameters
[0.435s] Level 1:colcon.colcon_core.package_discovery:discover_packages(recursive) check parameters
[0.435s] Level 1:colcon.colcon_core.package_discovery:discover_packages(ignore) check parameters
[0.435s] Level 1:colcon.colcon_core.package_discovery:discover_packages(path) check parameters
[0.435s] Level 1:colcon.colcon_core.package_discovery:discover_packages(colcon_meta) discover
[0.435s] Level 1:colcon.colcon_core.package_discovery:discover_packages(recursive) discover
[0.435s] INFO:colcon.colcon_core.package_discovery:Crawling recursively for packages in '/home/qianw/EECE5554/LAB1'
[0.436s] Level 1:colcon.colcon_core.package_identification:_identify(.) by extensions ['ignore', 'ignore_ament_install']
[0.436s] Level 1:colcon.colcon_core.package_identification:_identify(.) by extension 'ignore'
[0.436s] Level 1:colcon.colcon_core.package_identification:_identify(.) by extension 'ignore_ament_install'
[0.436s] Level 1:colcon.colcon_core.package_identification:_identify(.) by extensions ['colcon_pkg']
[0.436s] Level 1:colcon.colcon_core.package_identification:_identify(.) by extension 'colcon_pkg'
[0.436s] Level 1:colcon.colcon_core.package_identification:_identify(.) by extensions ['colcon_meta']
[0.436s] Level 1:colcon.colcon_core.package_identification:_identify(.) by extension 'colcon_meta'
[0.436s] Level 1:colcon.colcon_core.package_identification:_identify(.) by extensions ['ros']
[0.436s] Level 1:colcon.colcon_core.package_identification:_identify(.) by extension 'ros'
[0.453s] Level 1:colcon.colcon_core.package_identification:_identify(.) by extensions ['cmake', 'python']
[0.453s] Level 1:colcon.colcon_core.package_identification:_identify(.) by extension 'cmake'
[0.453s] Level 1:colcon.colcon_core.package_identification:_identify(.) by extension 'python'
[0.454s] Level 1:colcon.colcon_core.package_identification:_identify(.) by extensions ['python_setup_py']
[0.454s] Level 1:colcon.colcon_core.package_identification:_identify(.) by extension 'python_setup_py'
[0.454s] Level 1:colcon.colcon_core.package_identification:_identify(build) by extensions ['ignore', 'ignore_ament_install']
[0.454s] Level 1:colcon.colcon_core.package_identification:_identify(build) by extension 'ignore'
[0.454s] Level 1:colcon.colcon_core.package_identification:_identify(build) ignored
[0.454s] Level 1:colcon.colcon_core.package_identification:_identify(install) by extensions ['ignore', 'ignore_ament_install']
[0.454s] Level 1:colcon.colcon_core.package_identification:_identify(install) by extension 'ignore'
[0.454s] Level 1:colcon.colcon_core.package_identification:_identify(install) ignored
[0.455s] Level 1:colcon.colcon_core.package_identification:_identify(log) by extensions ['ignore', 'ignore_ament_install']
[0.455s] Level 1:colcon.colcon_core.package_identification:_identify(log) by extension 'ignore'
[0.455s] Level 1:colcon.colcon_core.package_identification:_identify(log) ignored
[0.455s] Level 1:colcon.colcon_core.package_identification:_identify(src) by extensions ['ignore', 'ignore_ament_install']
[0.455s] Level 1:colcon.colcon_core.package_identification:_identify(src) by extension 'ignore'
[0.455s] Level 1:colcon.colcon_core.package_identification:_identify(src) by extension 'ignore_ament_install'
[0.455s] Level 1:colcon.colcon_core.package_identification:_identify(src) by extensions ['colcon_pkg']
[0.455s] Level 1:colcon.colcon_core.package_identification:_identify(src) by extension 'colcon_pkg'
[0.455s] Level 1:colcon.colcon_core.package_identification:_identify(src) by extensions ['colcon_meta']
[0.455s] Level 1:colcon.colcon_core.package_identification:_identify(src) by extension 'colcon_meta'
[0.455s] Level 1:colcon.colcon_core.package_identification:_identify(src) by extensions ['ros']
[0.455s] Level 1:colcon.colcon_core.package_identification:_identify(src) by extension 'ros'
[0.456s] Level 1:colcon.colcon_core.package_identification:_identify(src) by extensions ['cmake', 'python']
[0.456s] Level 1:colcon.colcon_core.package_identification:_identify(src) by extension 'cmake'
[0.456s] Level 1:colcon.colcon_core.package_identification:_identify(src) by extension 'python'
[0.456s] Level 1:colcon.colcon_core.package_identification:_identify(src) by extensions ['python_setup_py']
[0.456s] Level 1:colcon.colcon_core.package_identification:_identify(src) by extension 'python_setup_py'
[0.458s] Level 1:colcon.colcon_core.package_identification:_identify(src/analysis scripts) by extensions ['ignore', 'ignore_ament_install']
[0.458s] Level 1:colcon.colcon_core.package_identification:_identify(src/analysis scripts) by extension 'ignore'
[0.458s] Level 1:colcon.colcon_core.package_identification:_identify(src/analysis scripts) by extension 'ignore_ament_install'
[0.458s] Level 1:colcon.colcon_core.package_identification:_identify(src/analysis scripts) by extensions ['colcon_pkg']
[0.458s] Level 1:colcon.colcon_core.package_identification:_identify(src/analysis scripts) by extension 'colcon_pkg'
[0.458s] Level 1:colcon.colcon_core.package_identification:_identify(src/analysis scripts) by extensions ['colcon_meta']
[0.458s] Level 1:colcon.colcon_core.package_identification:_identify(src/analysis scripts) by extension 'colcon_meta'
[0.459s] Level 1:colcon.colcon_core.package_identification:_identify(src/analysis scripts) by extensions ['ros']
[0.459s] Level 1:colcon.colcon_core.package_identification:_identify(src/analysis scripts) by extension 'ros'
[0.459s] Level 1:colcon.colcon_core.package_identification:_identify(src/analysis scripts) by extensions ['cmake', 'python']
[0.459s] Level 1:colcon.colcon_core.package_identification:_identify(src/analysis scripts) by extension 'cmake'
[0.459s] Level 1:colcon.colcon_core.package_identification:_identify(src/analysis scripts) by extension 'python'
[0.459s] Level 1:colcon.colcon_core.package_identification:_identify(src/analysis scripts) by extensions ['python_setup_py']
[0.459s] Level 1:colcon.colcon_core.package_identification:_identify(src/analysis scripts) by extension 'python_setup_py'
[0.460s] Level 1:colcon.colcon_core.package_identification:_identify(src/gps_driver) by extensions ['ignore', 'ignore_ament_install']
[0.460s] Level 1:colcon.colcon_core.package_identification:_identify(src/gps_driver) by extension 'ignore'
[0.460s] Level 1:colcon.colcon_core.package_identification:_identify(src/gps_driver) by extension 'ignore_ament_install'
[0.460s] Level 1:colcon.colcon_core.package_identification:_identify(src/gps_driver) by extensions ['colcon_pkg']
[0.460s] Level 1:colcon.colcon_core.package_identification:_identify(src/gps_driver) by extension 'colcon_pkg'
[0.460s] Level 1:colcon.colcon_core.package_identification:_identify(src/gps_driver) by extensions ['colcon_meta']
[0.460s] Level 1:colcon.colcon_core.package_identification:_identify(src/gps_driver) by extension 'colcon_meta'
[0.461s] Level 1:colcon.colcon_core.package_identification:_identify(src/gps_driver) by extensions ['ros']
[0.461s] Level 1:colcon.colcon_core.package_identification:_identify(src/gps_driver) by extension 'ros'
[0.465s] DEBUG:colcon.colcon_core.package_identification:Package 'src/gps_driver' with type 'ros.ament_python' and name 'gps_driver'
[0.465s] Level 1:colcon.colcon_core.package_identification:_identify(src/gps_interface) by extensions ['ignore', 'ignore_ament_install']
[0.466s] Level 1:colcon.colcon_core.package_identification:_identify(src/gps_interface) by extension 'ignore'
[0.466s] Level 1:colcon.colcon_core.package_identification:_identify(src/gps_interface) by extension 'ignore_ament_install'
[0.466s] Level 1:colcon.colcon_core.package_identification:_identify(src/gps_interface) by extensions ['colcon_pkg']
[0.466s] Level 1:colcon.colcon_core.package_identification:_identify(src/gps_interface) by extension 'colcon_pkg'
[0.466s] Level 1:colcon.colcon_core.package_identification:_identify(src/gps_interface) by extensions ['colcon_meta']
[0.466s] Level 1:colcon.colcon_core.package_identification:_identify(src/gps_interface) by extension 'colcon_meta'
[0.466s] Level 1:colcon.colcon_core.package_identification:_identify(src/gps_interface) by extensions ['ros']
[0.466s] Level 1:colcon.colcon_core.package_identification:_identify(src/gps_interface) by extension 'ros'
[0.468s] DEBUG:colcon.colcon_core.package_identification:Package 'src/gps_interface' with type 'ros.ament_cmake' and name 'gps_interface'
[0.468s] Level 1:colcon.colcon_core.package_discovery:discover_packages(recursive) using defaults
[0.468s] Level 1:colcon.colcon_core.package_discovery:discover_packages(ignore) discover
[0.468s] Level 1:colcon.colcon_core.package_discovery:discover_packages(ignore) using defaults
[0.468s] Level 1:colcon.colcon_core.package_discovery:discover_packages(path) discover
[0.468s] Level 1:colcon.colcon_core.package_discovery:discover_packages(path) using defaults
[0.511s] Level 1:colcon.colcon_core.package_discovery:discover_packages(prefix_path) check parameters
[0.511s] Level 1:colcon.colcon_core.package_discovery:discover_packages(prefix_path) discover
[0.514s] DEBUG:colcon.colcon_installed_package_information.package_discovery:Found 271 installed packages in /opt/ros/humble
[0.516s] Level 1:colcon.colcon_core.package_discovery:discover_packages(prefix_path) using defaults
[0.574s] Level 5:colcon.colcon_core.verb:set package 'gps_interface' build argument 'cmake_args' from command line to 'None'
[0.574s] Level 5:colcon.colcon_core.verb:set package 'gps_interface' build argument 'cmake_target' from command line to 'None'
[0.574s] Level 5:colcon.colcon_core.verb:set package 'gps_interface' build argument 'cmake_target_skip_unavailable' from command line to 'False'
[0.574s] Level 5:colcon.colcon_core.verb:set package 'gps_interface' build argument 'cmake_clean_cache' from command line to 'False'
[0.574s] Level 5:colcon.colcon_core.verb:set package 'gps_interface' build argument 'cmake_clean_first' from command line to 'False'
[0.574s] Level 5:colcon.colcon_core.verb:set package 'gps_interface' build argument 'cmake_force_configure' from command line to 'False'
[0.575s] Level 5:colcon.colcon_core.verb:set package 'gps_interface' build argument 'ament_cmake_args' from command line to 'None'
[0.575s] Level 5:colcon.colcon_core.verb:set package 'gps_interface' build argument 'catkin_cmake_args' from command line to 'None'
[0.575s] Level 5:colcon.colcon_core.verb:set package 'gps_interface' build argument 'catkin_skip_building_tests' from command line to 'False'
[0.575s] DEBUG:colcon.colcon_core.verb:Building package 'gps_interface' with the following arguments: {'ament_cmake_args': None, 'build_base': '/home/qianw/EECE5554/LAB1/build/gps_interface', 'catkin_cmake_args': None, 'catkin_skip_building_tests': False, 'cmake_args': None, 'cmake_clean_cache': False, 'cmake_clean_first': False, 'cmake_force_configure': False, 'cmake_target': None, 'cmake_target_skip_unavailable': False, 'install_base': '/home/qianw/EECE5554/LAB1/install/gps_interface', 'merge_install': False, 'path': '/home/qianw/EECE5554/LAB1/src/gps_interface', 'symlink_install': False, 'test_result_base': None}
[0.575s] Level 5:colcon.colcon_core.verb:set package 'gps_driver' build argument 'cmake_args' from command line to 'None'
[0.575s] Level 5:colcon.colcon_core.verb:set package 'gps_driver' build argument 'cmake_target' from command line to 'None'
[0.575s] Level 5:colcon.colcon_core.verb:set package 'gps_driver' build argument 'cmake_target_skip_unavailable' from command line to 'False'
[0.575s] Level 5:colcon.colcon_core.verb:set package 'gps_driver' build argument 'cmake_clean_cache' from command line to 'False'
[0.575s] Level 5:colcon.colcon_core.verb:set package 'gps_driver' build argument 'cmake_clean_first' from command line to 'False'
[0.575s] Level 5:colcon.colcon_core.verb:set package 'gps_driver' build argument 'cmake_force_configure' from command line to 'False'
[0.575s] Level 5:colcon.colcon_core.verb:set package 'gps_driver' build argument 'ament_cmake_args' from command line to 'None'
[0.575s] Level 5:colcon.colcon_core.verb:set package 'gps_driver' build argument 'catkin_cmake_args' from command line to 'None'
[0.575s] Level 5:colcon.colcon_core.verb:set package 'gps_driver' build argument 'catkin_skip_building_tests' from command line to 'False'
[0.576s] DEBUG:colcon.colcon_core.verb:Building package 'gps_driver' with the following arguments: {'ament_cmake_args': None, 'build_base': '/home/qianw/EECE5554/LAB1/build/gps_driver', 'catkin_cmake_args': None, 'catkin_skip_building_tests': False, 'cmake_args': None, 'cmake_clean_cache': False, 'cmake_clean_first': False, 'cmake_force_configure': False, 'cmake_target': None, 'cmake_target_skip_unavailable': False, 'install_base': '/home/qianw/EECE5554/LAB1/install/gps_driver', 'merge_install': False, 'path': '/home/qianw/EECE5554/LAB1/src/gps_driver', 'symlink_install': False, 'test_result_base': None}
[0.576s] INFO:colcon.colcon_core.executor:Executing jobs using 'parallel' executor
[0.577s] DEBUG:colcon.colcon_parallel_executor.executor.parallel:run_until_complete
[0.577s] INFO:colcon.colcon_ros.task.ament_cmake.build:Building ROS package in '/home/qianw/EECE5554/LAB1/src/gps_interface' with build type 'ament_cmake'
[0.578s] INFO:colcon.colcon_cmake.task.cmake.build:Building CMake package in '/home/qianw/EECE5554/LAB1/src/gps_interface'
[0.581s] INFO:colcon.colcon_core.plugin_system:Skipping extension 'colcon_core.shell.bat': Not used on non-Windows systems
[0.581s] INFO:colcon.colcon_core.shell:Skip shell extension 'powershell' for command environment: Not usable outside of PowerShell
[0.581s] DEBUG:colcon.colcon_core.shell:Skip shell extension 'dsv' for command environment
[0.606s] DEBUG:colcon.colcon_core.event_handler.log_command:Invoking command in '/home/qianw/EECE5554/LAB1/build/gps_interface': CMAKE_PREFIX_PATH=/opt/ros/humble /usr/bin/cmake --build /home/qianw/EECE5554/LAB1/build/gps_interface -- -j8 -l8
[1.185s] DEBUG:colcon.colcon_core.event_handler.log_command:Invoked command in '/home/qianw/EECE5554/LAB1/build/gps_interface' returned '0': CMAKE_PREFIX_PATH=/opt/ros/humble /usr/bin/cmake --build /home/qianw/EECE5554/LAB1/build/gps_interface -- -j8 -l8
[1.212s] DEBUG:colcon.colcon_core.event_handler.log_command:Invoking command in '/home/qianw/EECE5554/LAB1/build/gps_interface': CMAKE_PREFIX_PATH=/opt/ros/humble /usr/bin/cmake --install /home/qianw/EECE5554/LAB1/build/gps_interface
[1.318s] Level 1:colcon.colcon_core.environment:create_environment_scripts_only(gps_interface)
[1.319s] DEBUG:colcon.colcon_core.event_handler.log_command:Invoked command in '/home/qianw/EECE5554/LAB1/build/gps_interface' returned '0': CMAKE_PREFIX_PATH=/opt/ros/humble /usr/bin/cmake --install /home/qianw/EECE5554/LAB1/build/gps_interface
[1.322s] Level 1:colcon.colcon_core.environment:checking '/home/qianw/EECE5554/LAB1/install/gps_interface' for CMake module files
[1.323s] Level 1:colcon.colcon_core.environment:checking '/home/qianw/EECE5554/LAB1/install/gps_interface' for CMake config files
[1.326s] Level 1:colcon.colcon_core.shell:create_environment_hook('gps_interface', 'cmake_prefix_path')
[1.326s] INFO:colcon.colcon_core.shell:Creating environment hook '/home/qianw/EECE5554/LAB1/install/gps_interface/share/gps_interface/hook/cmake_prefix_path.ps1'
[1.327s] INFO:colcon.colcon_core.shell:Creating environment descriptor '/home/qianw/EECE5554/LAB1/install/gps_interface/share/gps_interface/hook/cmake_prefix_path.dsv'
[1.328s] INFO:colcon.colcon_core.shell:Creating environment hook '/home/qianw/EECE5554/LAB1/install/gps_interface/share/gps_interface/hook/cmake_prefix_path.sh'
[1.330s] Level 1:colcon.colcon_core.environment:checking '/home/qianw/EECE5554/LAB1/install/gps_interface/lib'
[1.330s] Level 1:colcon.colcon_core.shell:create_environment_hook('gps_interface', 'ld_library_path_lib')
[1.331s] INFO:colcon.colcon_core.shell:Creating environment hook '/home/qianw/EECE5554/LAB1/install/gps_interface/share/gps_interface/hook/ld_library_path_lib.ps1'
[1.331s] INFO:colcon.colcon_core.shell:Creating environment descriptor '/home/qianw/EECE5554/LAB1/install/gps_interface/share/gps_interface/hook/ld_library_path_lib.dsv'
[1.332s] INFO:colcon.colcon_core.shell:Creating environment hook '/home/qianw/EECE5554/LAB1/install/gps_interface/share/gps_interface/hook/ld_library_path_lib.sh'
[1.332s] Level 1:colcon.colcon_core.environment:checking '/home/qianw/EECE5554/LAB1/install/gps_interface/bin'
[1.333s] Level 1:colcon.colcon_core.environment:checking '/home/qianw/EECE5554/LAB1/install/gps_interface/lib/pkgconfig/gps_interface.pc'
[1.333s] Level 1:colcon.colcon_core.environment:checking '/home/qianw/EECE5554/LAB1/install/gps_interface/lib/python3.10/site-packages'
[1.333s] Level 1:colcon.colcon_core.environment:checking '/home/qianw/EECE5554/LAB1/install/gps_interface/bin'
[1.334s] INFO:colcon.colcon_core.shell:Creating package script '/home/qianw/EECE5554/LAB1/install/gps_interface/share/gps_interface/package.ps1'
[1.335s] INFO:colcon.colcon_core.shell:Creating package descriptor '/home/qianw/EECE5554/LAB1/install/gps_interface/share/gps_interface/package.dsv'
[1.336s] INFO:colcon.colcon_core.shell:Creating package script '/home/qianw/EECE5554/LAB1/install/gps_interface/share/gps_interface/package.sh'
[1.338s] INFO:colcon.colcon_core.shell:Creating package script '/home/qianw/EECE5554/LAB1/install/gps_interface/share/gps_interface/package.bash'
[1.340s] INFO:colcon.colcon_core.shell:Creating package script '/home/qianw/EECE5554/LAB1/install/gps_interface/share/gps_interface/package.zsh'
[1.341s] Level 1:colcon.colcon_core.environment:create_file_with_runtime_dependencies(/home/qianw/EECE5554/LAB1/install/gps_interface/share/colcon-core/packages/gps_interface)
[1.342s] Level 1:colcon.colcon_core.environment:create_environment_scripts_only(gps_interface)
[1.342s] Level 1:colcon.colcon_core.environment:checking '/home/qianw/EECE5554/LAB1/install/gps_interface' for CMake module files
[1.343s] Level 1:colcon.colcon_core.environment:checking '/home/qianw/EECE5554/LAB1/install/gps_interface' for CMake config files
[1.344s] Level 1:colcon.colcon_core.shell:create_environment_hook('gps_interface', 'cmake_prefix_path')
[1.344s] INFO:colcon.colcon_core.shell:Creating environment hook '/home/qianw/EECE5554/LAB1/install/gps_interface/share/gps_interface/hook/cmake_prefix_path.ps1'
[1.345s] INFO:colcon.colcon_core.shell:Creating environment descriptor '/home/qianw/EECE5554/LAB1/install/gps_interface/share/gps_interface/hook/cmake_prefix_path.dsv'
[1.346s] INFO:colcon.colcon_core.shell:Creating environment hook '/home/qianw/EECE5554/LAB1/install/gps_interface/share/gps_interface/hook/cmake_prefix_path.sh'
[1.347s] Level 1:colcon.colcon_core.environment:checking '/home/qianw/EECE5554/LAB1/install/gps_interface/lib'
[1.347s] Level 1:colcon.colcon_core.shell:create_environment_hook('gps_interface', 'ld_library_path_lib')
[1.347s] INFO:colcon.colcon_core.shell:Creating environment hook '/home/qianw/EECE5554/LAB1/install/gps_interface/share/gps_interface/hook/ld_library_path_lib.ps1'
[1.348s] INFO:colcon.colcon_core.shell:Creating environment descriptor '/home/qianw/EECE5554/LAB1/install/gps_interface/share/gps_interface/hook/ld_library_path_lib.dsv'
[1.348s] INFO:colcon.colcon_core.shell:Creating environment hook '/home/qianw/EECE5554/LAB1/install/gps_interface/share/gps_interface/hook/ld_library_path_lib.sh'
[1.349s] Level 1:colcon.colcon_core.environment:checking '/home/qianw/EECE5554/LAB1/install/gps_interface/bin'
[1.349s] Level 1:colcon.colcon_core.environment:checking '/home/qianw/EECE5554/LAB1/install/gps_interface/lib/pkgconfig/gps_interface.pc'
[1.349s] Level 1:colcon.colcon_core.environment:checking '/home/qianw/EECE5554/LAB1/install/gps_interface/lib/python3.10/site-packages'
[1.350s] Level 1:colcon.colcon_core.environment:checking '/home/qianw/EECE5554/LAB1/install/gps_interface/bin'
[1.350s] INFO:colcon.colcon_core.shell:Creating package script '/home/qianw/EECE5554/LAB1/install/gps_interface/share/gps_interface/package.ps1'
[1.351s] INFO:colcon.colcon_core.shell:Creating package descriptor '/home/qianw/EECE5554/LAB1/install/gps_interface/share/gps_interface/package.dsv'
[1.352s] INFO:colcon.colcon_core.shell:Creating package script '/home/qianw/EECE5554/LAB1/install/gps_interface/share/gps_interface/package.sh'
[1.353s] INFO:colcon.colcon_core.shell:Creating package script '/home/qianw/EECE5554/LAB1/install/gps_interface/share/gps_interface/package.bash'
[1.353s] INFO:colcon.colcon_core.shell:Creating package script '/home/qianw/EECE5554/LAB1/install/gps_interface/share/gps_interface/package.zsh'
[1.354s] Level 1:colcon.colcon_core.environment:create_file_with_runtime_dependencies(/home/qianw/EECE5554/LAB1/install/gps_interface/share/colcon-core/packages/gps_interface)
[1.355s] INFO:colcon.colcon_ros.task.ament_python.build:Building ROS package in '/home/qianw/EECE5554/LAB1/src/gps_driver' with build type 'ament_python'
[1.355s] Level 1:colcon.colcon_core.shell:create_environment_hook('gps_driver', 'ament_prefix_path')
[1.355s] INFO:colcon.colcon_core.shell:Creating environment hook '/home/qianw/EECE5554/LAB1/install/gps_driver/share/gps_driver/hook/ament_prefix_path.ps1'
[1.358s] INFO:colcon.colcon_core.shell:Creating environment descriptor '/home/qianw/EECE5554/LAB1/install/gps_driver/share/gps_driver/hook/ament_prefix_path.dsv'
[1.358s] INFO:colcon.colcon_core.shell:Creating environment hook '/home/qianw/EECE5554/LAB1/install/gps_driver/share/gps_driver/hook/ament_prefix_path.sh'
[1.359s] INFO:colcon.colcon_core.shell:Skip shell extension 'powershell' for command environment: Not usable outside of PowerShell
[1.359s] DEBUG:colcon.colcon_core.shell:Skip shell extension 'dsv' for command environment
[1.779s] INFO:colcon.colcon_core.task.python.build:Building Python package in '/home/qianw/EECE5554/LAB1/src/gps_driver'
[1.779s] INFO:colcon.colcon_core.shell:Skip shell extension 'powershell' for command environment: Not usable outside of PowerShell
[1.780s] DEBUG:colcon.colcon_core.shell:Skip shell extension 'dsv' for command environment
[2.317s] DEBUG:colcon.colcon_core.event_handler.log_command:Invoking command in '/home/qianw/EECE5554/LAB1/src/gps_driver': AMENT_PREFIX_PATH=/home/qianw/EECE5554/LAB1/install/gps_interface:${AMENT_PREFIX_PATH} CMAKE_PREFIX_PATH=/home/qianw/EECE5554/LAB1/install/gps_interface LD_LIBRARY_PATH=/home/qianw/EECE5554/LAB1/install/gps_interface/lib:${LD_LIBRARY_PATH} PYTHONPATH=/home/qianw/EECE5554/LAB1/build/gps_driver/prefix_override:/usr/lib/python3/dist-packages/colcon_core/task/python/colcon_distutils_commands:/home/qianw/EECE5554/LAB1/install/gps_driver/lib/python3.10/site-packages:/home/qianw/EECE5554/LAB1/install/gps_interface/local/lib/python3.10/dist-packages:${PYTHONPATH} /usr/bin/python3 -W ignore:setup.py install is deprecated -W ignore:easy_install command is deprecated setup.py egg_info --egg-base ../../build/gps_driver build --build-base /home/qianw/EECE5554/LAB1/build/gps_driver/build install --record /home/qianw/EECE5554/LAB1/build/gps_driver/install.log --single-version-externally-managed install_data
[2.785s] Level 1:colcon.colcon_core.environment:checking '/home/qianw/EECE5554/LAB1/install/gps_driver' for CMake module files
[2.786s] DEBUG:colcon.colcon_core.event_handler.log_command:Invoked command in '/home/qianw/EECE5554/LAB1/src/gps_driver' returned '0': AMENT_PREFIX_PATH=/home/qianw/EECE5554/LAB1/install/gps_interface:${AMENT_PREFIX_PATH} CMAKE_PREFIX_PATH=/home/qianw/EECE5554/LAB1/install/gps_interface LD_LIBRARY_PATH=/home/qianw/EECE5554/LAB1/install/gps_interface/lib:${LD_LIBRARY_PATH} PYTHONPATH=/home/qianw/EECE5554/LAB1/build/gps_driver/prefix_override:/usr/lib/python3/dist-packages/colcon_core/task/python/colcon_distutils_commands:/home/qianw/EECE5554/LAB1/install/gps_driver/lib/python3.10/site-packages:/home/qianw/EECE5554/LAB1/install/gps_interface/local/lib/python3.10/dist-packages:${PYTHONPATH} /usr/bin/python3 -W ignore:setup.py install is deprecated -W ignore:easy_install command is deprecated setup.py egg_info --egg-base ../../build/gps_driver build --build-base /home/qianw/EECE5554/LAB1/build/gps_driver/build install --record /home/qianw/EECE5554/LAB1/build/gps_driver/install.log --single-version-externally-managed install_data
[2.787s] Level 1:colcon.colcon_core.environment:checking '/home/qianw/EECE5554/LAB1/install/gps_driver' for CMake config files
[2.789s] Level 1:colcon.colcon_core.environment:checking '/home/qianw/EECE5554/LAB1/install/gps_driver/lib'
[2.789s] Level 1:colcon.colcon_core.environment:checking '/home/qianw/EECE5554/LAB1/install/gps_driver/bin'
[2.790s] Level 1:colcon.colcon_core.environment:checking '/home/qianw/EECE5554/LAB1/install/gps_driver/lib/pkgconfig/gps_driver.pc'
[2.790s] Level 1:colcon.colcon_core.environment:checking '/home/qianw/EECE5554/LAB1/install/gps_driver/lib/python3.10/site-packages'
[2.790s] Level 1:colcon.colcon_core.shell:create_environment_hook('gps_driver', 'pythonpath')
[2.791s] INFO:colcon.colcon_core.shell:Creating environment hook '/home/qianw/EECE5554/LAB1/install/gps_driver/share/gps_driver/hook/pythonpath.ps1'
[2.792s] INFO:colcon.colcon_core.shell:Creating environment descriptor '/home/qianw/EECE5554/LAB1/install/gps_driver/share/gps_driver/hook/pythonpath.dsv'
[2.793s] INFO:colcon.colcon_core.shell:Creating environment hook '/home/qianw/EECE5554/LAB1/install/gps_driver/share/gps_driver/hook/pythonpath.sh'
[2.794s] Level 1:colcon.colcon_core.environment:checking '/home/qianw/EECE5554/LAB1/install/gps_driver/bin'
[2.794s] Level 1:colcon.colcon_core.environment:create_environment_scripts_only(gps_driver)
[2.794s] INFO:colcon.colcon_core.shell:Creating package script '/home/qianw/EECE5554/LAB1/install/gps_driver/share/gps_driver/package.ps1'
[2.795s] INFO:colcon.colcon_core.shell:Creating package descriptor '/home/qianw/EECE5554/LAB1/install/gps_driver/share/gps_driver/package.dsv'
[2.796s] INFO:colcon.colcon_core.shell:Creating package script '/home/qianw/EECE5554/LAB1/install/gps_driver/share/gps_driver/package.sh'
[2.796s] INFO:colcon.colcon_core.shell:Creating package script '/home/qianw/EECE5554/LAB1/install/gps_driver/share/gps_driver/package.bash'
[2.797s] INFO:colcon.colcon_core.shell:Creating package script '/home/qianw/EECE5554/LAB1/install/gps_driver/share/gps_driver/package.zsh'
[2.798s] Level 1:colcon.colcon_core.environment:create_file_with_runtime_dependencies(/home/qianw/EECE5554/LAB1/install/gps_driver/share/colcon-core/packages/gps_driver)
[2.798s] DEBUG:colcon.colcon_parallel_executor.executor.parallel:closing loop
[2.799s] DEBUG:colcon.colcon_parallel_executor.executor.parallel:loop closed
[2.799s] DEBUG:colcon.colcon_parallel_executor.executor.parallel:run_until_complete finished with '0'
[2.799s] DEBUG:colcon.colcon_core.event_reactor:joining thread
[2.806s] INFO:colcon.colcon_core.plugin_system:Skipping extension 'colcon_notification.desktop_notification.terminal_notifier': Not used on non-Darwin systems
[2.806s] INFO:colcon.colcon_core.plugin_system:Skipping extension 'colcon_notification.desktop_notification.win32': Not used on non-Windows systems
[2.807s] INFO:colcon.colcon_notification.desktop_notification:Sending desktop notification using 'notify2'
[2.807s] DEBUG:colcon.colcon_notification.desktop_notification.notify2:Failed to initialize notify2: org.freedesktop.DBus.Error.NoReply: Did not receive a reply. Possible causes include: the remote application did not send a reply, the message bus security policy blocked the reply, the reply timeout expired, or the network connection was broken.
[2.808s] DEBUG:colcon.colcon_core.event_reactor:joined thread
[2.808s] INFO:colcon.colcon_core.shell:Creating prefix script '/home/qianw/EECE5554/LAB1/install/local_setup.ps1'
[2.809s] INFO:colcon.colcon_core.shell:Creating prefix util module '/home/qianw/EECE5554/LAB1/install/_local_setup_util_ps1.py'
[2.811s] INFO:colcon.colcon_core.shell:Creating prefix chain script '/home/qianw/EECE5554/LAB1/install/setup.ps1'
[2.813s] INFO:colcon.colcon_core.shell:Creating prefix script '/home/qianw/EECE5554/LAB1/install/local_setup.sh'
[2.814s] INFO:colcon.colcon_core.shell:Creating prefix util module '/home/qianw/EECE5554/LAB1/install/_local_setup_util_sh.py'
[2.815s] INFO:colcon.colcon_core.shell:Creating prefix chain script '/home/qianw/EECE5554/LAB1/install/setup.sh'
[2.816s] INFO:colcon.colcon_core.shell:Creating prefix script '/home/qianw/EECE5554/LAB1/install/local_setup.bash'
[2.817s] INFO:colcon.colcon_core.shell:Creating prefix chain script '/home/qianw/EECE5554/LAB1/install/setup.bash'
[2.818s] INFO:colcon.colcon_core.shell:Creating prefix script '/home/qianw/EECE5554/LAB1/install/local_setup.zsh'
[2.819s] INFO:colcon.colcon_core.shell:Creating prefix chain script '/home/qianw/EECE5554/LAB1/install/setup.zsh'
