[0.465s] DEBUG:colcon:Command line arguments: ['/usr/bin/colcon', 'build']
[0.465s] DEBUG:colcon:Parsed command line arguments: Namespace(log_base=None, log_level=None, verb_name='build', build_base='build', install_base='install', merge_install=False, symlink_install=False, test_result_base=None, continue_on_error=False, executor='parallel', parallel_workers=8, event_handlers=None, ignore_user_meta=False, metas=['./colcon.meta'], base_paths=['.'], packages_ignore=None, packages_ignore_regex=None, paths=None, packages_up_to=None, packages_up_to_regex=None, packages_above=None, packages_above_and_dependencies=None, packages_above_depth=None, packages_select_by_dep=None, packages_skip_by_dep=None, packages_skip_up_to=None, packages_select_build_failed=False, packages_skip_build_finished=False, packages_select_test_failures=False, packages_skip_test_passed=False, packages_select=None, packages_skip=None, packages_select_regex=None, packages_skip_regex=None, packages_start=None, packages_end=None, allow_overriding=[], cmake_args=None, cmake_target=None, cmake_target_skip_unavailable=False, cmake_clean_cache=False, cmake_clean_first=False, cmake_force_configure=False, ament_cmake_args=None, catkin_cmake_args=None, catkin_skip_building_tests=False, mixin_files=None, mixin=None, verb_parser=<colcon_mixin.mixin.mixin_argument.MixinArgumentDecorator object at 0x74ad9a5651b0>, verb_extension=<colcon_core.verb.build.BuildVerb object at 0x74ad9a564160>, main=<bound method BuildVerb.main of <colcon_core.verb.build.BuildVerb object at 0x74ad9a564160>>, mixin_verb=('build',))
[0.918s] Level 1:colcon.colcon_core.package_discovery:discover_packages(colcon_meta) check parameters
[0.918s] Level 1:colcon.colcon_core.package_discovery:discover_packages(recursive) check parameters
[0.918s] Level 1:colcon.colcon_core.package_discovery:discover_packages(ignore) check parameters
[0.918s] Level 1:colcon.colcon_core.package_discovery:discover_packages(path) check parameters
[0.918s] Level 1:colcon.colcon_core.package_discovery:discover_packages(colcon_meta) discover
[0.918s] Level 1:colcon.colcon_core.package_discovery:discover_packages(recursive) discover
[0.919s] INFO:colcon.colcon_core.package_discovery:Crawling recursively for packages in '/home/qianw/EECE5554/LAB4/src'
[0.919s] Level 1:colcon.colcon_core.package_identification:_identify(.) by extensions ['ignore', 'ignore_ament_install']
[0.919s] Level 1:colcon.colcon_core.package_identification:_identify(.) by extension 'ignore'
[0.919s] Level 1:colcon.colcon_core.package_identification:_identify(.) by extension 'ignore_ament_install'
[0.919s] Level 1:colcon.colcon_core.package_identification:_identify(.) by extensions ['colcon_pkg']
[0.919s] Level 1:colcon.colcon_core.package_identification:_identify(.) by extension 'colcon_pkg'
[0.919s] Level 1:colcon.colcon_core.package_identification:_identify(.) by extensions ['colcon_meta']
[0.919s] Level 1:colcon.colcon_core.package_identification:_identify(.) by extension 'colcon_meta'
[0.919s] Level 1:colcon.colcon_core.package_identification:_identify(.) by extensions ['ros']
[0.919s] Level 1:colcon.colcon_core.package_identification:_identify(.) by extension 'ros'
[0.938s] Level 1:colcon.colcon_core.package_identification:_identify(.) by extensions ['cmake', 'python']
[0.938s] Level 1:colcon.colcon_core.package_identification:_identify(.) by extension 'cmake'
[0.938s] Level 1:colcon.colcon_core.package_identification:_identify(.) by extension 'python'
[0.938s] Level 1:colcon.colcon_core.package_identification:_identify(.) by extensions ['python_setup_py']
[0.938s] Level 1:colcon.colcon_core.package_identification:_identify(.) by extension 'python_setup_py'
[0.938s] Level 1:colcon.colcon_core.package_identification:_identify(analysis) by extensions ['ignore', 'ignore_ament_install']
[0.938s] Level 1:colcon.colcon_core.package_identification:_identify(analysis) by extension 'ignore'
[0.938s] Level 1:colcon.colcon_core.package_identification:_identify(analysis) by extension 'ignore_ament_install'
[0.938s] Level 1:colcon.colcon_core.package_identification:_identify(analysis) by extensions ['colcon_pkg']
[0.939s] Level 1:colcon.colcon_core.package_identification:_identify(analysis) by extension 'colcon_pkg'
[0.939s] Level 1:colcon.colcon_core.package_identification:_identify(analysis) by extensions ['colcon_meta']
[0.939s] Level 1:colcon.colcon_core.package_identification:_identify(analysis) by extension 'colcon_meta'
[0.939s] Level 1:colcon.colcon_core.package_identification:_identify(analysis) by extensions ['ros']
[0.939s] Level 1:colcon.colcon_core.package_identification:_identify(analysis) by extension 'ros'
[0.939s] Level 1:colcon.colcon_core.package_identification:_identify(analysis) by extensions ['cmake', 'python']
[0.939s] Level 1:colcon.colcon_core.package_identification:_identify(analysis) by extension 'cmake'
[0.939s] Level 1:colcon.colcon_core.package_identification:_identify(analysis) by extension 'python'
[0.939s] Level 1:colcon.colcon_core.package_identification:_identify(analysis) by extensions ['python_setup_py']
[0.939s] Level 1:colcon.colcon_core.package_identification:_identify(analysis) by extension 'python_setup_py'
[0.939s] Level 1:colcon.colcon_core.package_identification:_identify(build) by extensions ['ignore', 'ignore_ament_install']
[0.939s] Level 1:colcon.colcon_core.package_identification:_identify(build) by extension 'ignore'
[0.939s] Level 1:colcon.colcon_core.package_identification:_identify(build) ignored
[0.940s] Level 1:colcon.colcon_core.package_identification:_identify(gps_driver) by extensions ['ignore', 'ignore_ament_install']
[0.940s] Level 1:colcon.colcon_core.package_identification:_identify(gps_driver) by extension 'ignore'
[0.940s] Level 1:colcon.colcon_core.package_identification:_identify(gps_driver) by extension 'ignore_ament_install'
[0.940s] Level 1:colcon.colcon_core.package_identification:_identify(gps_driver) by extensions ['colcon_pkg']
[0.940s] Level 1:colcon.colcon_core.package_identification:_identify(gps_driver) by extension 'colcon_pkg'
[0.940s] Level 1:colcon.colcon_core.package_identification:_identify(gps_driver) by extensions ['colcon_meta']
[0.940s] Level 1:colcon.colcon_core.package_identification:_identify(gps_driver) by extension 'colcon_meta'
[0.940s] Level 1:colcon.colcon_core.package_identification:_identify(gps_driver) by extensions ['ros']
[0.940s] Level 1:colcon.colcon_core.package_identification:_identify(gps_driver) by extension 'ros'
[0.946s] DEBUG:colcon.colcon_core.package_identification:Package 'gps_driver' with type 'ros.ament_python' and name 'gps_driver'
[0.946s] Level 1:colcon.colcon_core.package_identification:_identify(gps_interface) by extensions ['ignore', 'ignore_ament_install']
[0.947s] Level 1:colcon.colcon_core.package_identification:_identify(gps_interface) by extension 'ignore'
[0.947s] Level 1:colcon.colcon_core.package_identification:_identify(gps_interface) by extension 'ignore_ament_install'
[0.947s] Level 1:colcon.colcon_core.package_identification:_identify(gps_interface) by extensions ['colcon_pkg']
[0.947s] Level 1:colcon.colcon_core.package_identification:_identify(gps_interface) by extension 'colcon_pkg'
[0.947s] Level 1:colcon.colcon_core.package_identification:_identify(gps_interface) by extensions ['colcon_meta']
[0.947s] Level 1:colcon.colcon_core.package_identification:_identify(gps_interface) by extension 'colcon_meta'
[0.947s] Level 1:colcon.colcon_core.package_identification:_identify(gps_interface) by extensions ['ros']
[0.947s] Level 1:colcon.colcon_core.package_identification:_identify(gps_interface) by extension 'ros'
[0.948s] DEBUG:colcon.colcon_core.package_identification:Package 'gps_interface' with type 'ros.ament_cmake' and name 'gps_interface'
[0.948s] Level 1:colcon.colcon_core.package_identification:_identify(imu_driver) by extensions ['ignore', 'ignore_ament_install']
[0.948s] Level 1:colcon.colcon_core.package_identification:_identify(imu_driver) by extension 'ignore'
[0.949s] Level 1:colcon.colcon_core.package_identification:_identify(imu_driver) by extension 'ignore_ament_install'
[0.949s] Level 1:colcon.colcon_core.package_identification:_identify(imu_driver) by extensions ['colcon_pkg']
[0.949s] Level 1:colcon.colcon_core.package_identification:_identify(imu_driver) by extension 'colcon_pkg'
[0.949s] Level 1:colcon.colcon_core.package_identification:_identify(imu_driver) by extensions ['colcon_meta']
[0.949s] Level 1:colcon.colcon_core.package_identification:_identify(imu_driver) by extension 'colcon_meta'
[0.949s] Level 1:colcon.colcon_core.package_identification:_identify(imu_driver) by extensions ['ros']
[0.949s] Level 1:colcon.colcon_core.package_identification:_identify(imu_driver) by extension 'ros'
[0.950s] DEBUG:colcon.colcon_core.package_identification:Package 'imu_driver' with type 'ros.ament_python' and name 'imu_driver'
[0.950s] Level 1:colcon.colcon_core.package_identification:_identify(imu_interface) by extensions ['ignore', 'ignore_ament_install']
[0.950s] Level 1:colcon.colcon_core.package_identification:_identify(imu_interface) by extension 'ignore'
[0.950s] Level 1:colcon.colcon_core.package_identification:_identify(imu_interface) by extension 'ignore_ament_install'
[0.950s] Level 1:colcon.colcon_core.package_identification:_identify(imu_interface) by extensions ['colcon_pkg']
[0.950s] Level 1:colcon.colcon_core.package_identification:_identify(imu_interface) by extension 'colcon_pkg'
[0.950s] Level 1:colcon.colcon_core.package_identification:_identify(imu_interface) by extensions ['colcon_meta']
[0.951s] Level 1:colcon.colcon_core.package_identification:_identify(imu_interface) by extension 'colcon_meta'
[0.951s] Level 1:colcon.colcon_core.package_identification:_identify(imu_interface) by extensions ['ros']
[0.951s] Level 1:colcon.colcon_core.package_identification:_identify(imu_interface) by extension 'ros'
[0.952s] DEBUG:colcon.colcon_core.package_identification:Package 'imu_interface' with type 'ros.ament_cmake' and name 'imu_interface'
[0.952s] Level 1:colcon.colcon_core.package_identification:_identify(install) by extensions ['ignore', 'ignore_ament_install']
[0.952s] Level 1:colcon.colcon_core.package_identification:_identify(install) by extension 'ignore'
[0.952s] Level 1:colcon.colcon_core.package_identification:_identify(install) ignored
[0.952s] Level 1:colcon.colcon_core.package_identification:_identify(log) by extensions ['ignore', 'ignore_ament_install']
[0.952s] Level 1:colcon.colcon_core.package_identification:_identify(log) by extension 'ignore'
[0.952s] Level 1:colcon.colcon_core.package_identification:_identify(log) ignored
[0.952s] Level 1:colcon.colcon_core.package_discovery:discover_packages(recursive) using defaults
[0.952s] Level 1:colcon.colcon_core.package_discovery:discover_packages(ignore) discover
[0.953s] Level 1:colcon.colcon_core.package_discovery:discover_packages(ignore) using defaults
[0.953s] Level 1:colcon.colcon_core.package_discovery:discover_packages(path) discover
[0.953s] Level 1:colcon.colcon_core.package_discovery:discover_packages(path) using defaults
[1.016s] Level 1:colcon.colcon_core.package_discovery:discover_packages(prefix_path) check parameters
[1.016s] Level 1:colcon.colcon_core.package_discovery:discover_packages(prefix_path) discover
[1.022s] DEBUG:colcon.colcon_installed_package_information.package_discovery:Found 271 installed packages in /opt/ros/humble
[1.024s] Level 1:colcon.colcon_core.package_discovery:discover_packages(prefix_path) using defaults
[1.090s] Level 5:colcon.colcon_core.verb:set package 'gps_interface' build argument 'cmake_args' from command line to 'None'
[1.090s] Level 5:colcon.colcon_core.verb:set package 'gps_interface' build argument 'cmake_target' from command line to 'None'
[1.090s] Level 5:colcon.colcon_core.verb:set package 'gps_interface' build argument 'cmake_target_skip_unavailable' from command line to 'False'
[1.090s] Level 5:colcon.colcon_core.verb:set package 'gps_interface' build argument 'cmake_clean_cache' from command line to 'False'
[1.090s] Level 5:colcon.colcon_core.verb:set package 'gps_interface' build argument 'cmake_clean_first' from command line to 'False'
[1.090s] Level 5:colcon.colcon_core.verb:set package 'gps_interface' build argument 'cmake_force_configure' from command line to 'False'
[1.090s] Level 5:colcon.colcon_core.verb:set package 'gps_interface' build argument 'ament_cmake_args' from command line to 'None'
[1.090s] Level 5:colcon.colcon_core.verb:set package 'gps_interface' build argument 'catkin_cmake_args' from command line to 'None'
[1.090s] Level 5:colcon.colcon_core.verb:set package 'gps_interface' build argument 'catkin_skip_building_tests' from command line to 'False'
[1.090s] DEBUG:colcon.colcon_core.verb:Building package 'gps_interface' with the following arguments: {'ament_cmake_args': None, 'build_base': '/home/qianw/EECE5554/LAB4/src/build/gps_interface', 'catkin_cmake_args': None, 'catkin_skip_building_tests': False, 'cmake_args': None, 'cmake_clean_cache': False, 'cmake_clean_first': False, 'cmake_force_configure': False, 'cmake_target': None, 'cmake_target_skip_unavailable': False, 'install_base': '/home/qianw/EECE5554/LAB4/src/install/gps_interface', 'merge_install': False, 'path': '/home/qianw/EECE5554/LAB4/src/gps_interface', 'symlink_install': False, 'test_result_base': None}
[1.091s] Level 5:colcon.colcon_core.verb:set package 'imu_interface' build argument 'cmake_args' from command line to 'None'
[1.091s] Level 5:colcon.colcon_core.verb:set package 'imu_interface' build argument 'cmake_target' from command line to 'None'
[1.091s] Level 5:colcon.colcon_core.verb:set package 'imu_interface' build argument 'cmake_target_skip_unavailable' from command line to 'False'
[1.091s] Level 5:colcon.colcon_core.verb:set package 'imu_interface' build argument 'cmake_clean_cache' from command line to 'False'
[1.091s] Level 5:colcon.colcon_core.verb:set package 'imu_interface' build argument 'cmake_clean_first' from command line to 'False'
[1.091s] Level 5:colcon.colcon_core.verb:set package 'imu_interface' build argument 'cmake_force_configure' from command line to 'False'
[1.091s] Level 5:colcon.colcon_core.verb:set package 'imu_interface' build argument 'ament_cmake_args' from command line to 'None'
[1.091s] Level 5:colcon.colcon_core.verb:set package 'imu_interface' build argument 'catkin_cmake_args' from command line to 'None'
[1.091s] Level 5:colcon.colcon_core.verb:set package 'imu_interface' build argument 'catkin_skip_building_tests' from command line to 'False'
[1.091s] DEBUG:colcon.colcon_core.verb:Building package 'imu_interface' with the following arguments: {'ament_cmake_args': None, 'build_base': '/home/qianw/EECE5554/LAB4/src/build/imu_interface', 'catkin_cmake_args': None, 'catkin_skip_building_tests': False, 'cmake_args': None, 'cmake_clean_cache': False, 'cmake_clean_first': False, 'cmake_force_configure': False, 'cmake_target': None, 'cmake_target_skip_unavailable': False, 'install_base': '/home/qianw/EECE5554/LAB4/src/install/imu_interface', 'merge_install': False, 'path': '/home/qianw/EECE5554/LAB4/src/imu_interface', 'symlink_install': False, 'test_result_base': None}
[1.092s] Level 5:colcon.colcon_core.verb:set package 'gps_driver' build argument 'cmake_args' from command line to 'None'
[1.092s] Level 5:colcon.colcon_core.verb:set package 'gps_driver' build argument 'cmake_target' from command line to 'None'
[1.092s] Level 5:colcon.colcon_core.verb:set package 'gps_driver' build argument 'cmake_target_skip_unavailable' from command line to 'False'
[1.092s] Level 5:colcon.colcon_core.verb:set package 'gps_driver' build argument 'cmake_clean_cache' from command line to 'False'
[1.092s] Level 5:colcon.colcon_core.verb:set package 'gps_driver' build argument 'cmake_clean_first' from command line to 'False'
[1.092s] Level 5:colcon.colcon_core.verb:set package 'gps_driver' build argument 'cmake_force_configure' from command line to 'False'
[1.092s] Level 5:colcon.colcon_core.verb:set package 'gps_driver' build argument 'ament_cmake_args' from command line to 'None'
[1.092s] Level 5:colcon.colcon_core.verb:set package 'gps_driver' build argument 'catkin_cmake_args' from command line to 'None'
[1.092s] Level 5:colcon.colcon_core.verb:set package 'gps_driver' build argument 'catkin_skip_building_tests' from command line to 'False'
[1.092s] DEBUG:colcon.colcon_core.verb:Building package 'gps_driver' with the following arguments: {'ament_cmake_args': None, 'build_base': '/home/qianw/EECE5554/LAB4/src/build/gps_driver', 'catkin_cmake_args': None, 'catkin_skip_building_tests': False, 'cmake_args': None, 'cmake_clean_cache': False, 'cmake_clean_first': False, 'cmake_force_configure': False, 'cmake_target': None, 'cmake_target_skip_unavailable': False, 'install_base': '/home/qianw/EECE5554/LAB4/src/install/gps_driver', 'merge_install': False, 'path': '/home/qianw/EECE5554/LAB4/src/gps_driver', 'symlink_install': False, 'test_result_base': None}
[1.093s] Level 5:colcon.colcon_core.verb:set package 'imu_driver' build argument 'cmake_args' from command line to 'None'
[1.093s] Level 5:colcon.colcon_core.verb:set package 'imu_driver' build argument 'cmake_target' from command line to 'None'
[1.093s] Level 5:colcon.colcon_core.verb:set package 'imu_driver' build argument 'cmake_target_skip_unavailable' from command line to 'False'
[1.093s] Level 5:colcon.colcon_core.verb:set package 'imu_driver' build argument 'cmake_clean_cache' from command line to 'False'
[1.093s] Level 5:colcon.colcon_core.verb:set package 'imu_driver' build argument 'cmake_clean_first' from command line to 'False'
[1.093s] Level 5:colcon.colcon_core.verb:set package 'imu_driver' build argument 'cmake_force_configure' from command line to 'False'
[1.093s] Level 5:colcon.colcon_core.verb:set package 'imu_driver' build argument 'ament_cmake_args' from command line to 'None'
[1.093s] Level 5:colcon.colcon_core.verb:set package 'imu_driver' build argument 'catkin_cmake_args' from command line to 'None'
[1.093s] Level 5:colcon.colcon_core.verb:set package 'imu_driver' build argument 'catkin_skip_building_tests' from command line to 'False'
[1.093s] DEBUG:colcon.colcon_core.verb:Building package 'imu_driver' with the following arguments: {'ament_cmake_args': None, 'build_base': '/home/qianw/EECE5554/LAB4/src/build/imu_driver', 'catkin_cmake_args': None, 'catkin_skip_building_tests': False, 'cmake_args': None, 'cmake_clean_cache': False, 'cmake_clean_first': False, 'cmake_force_configure': False, 'cmake_target': None, 'cmake_target_skip_unavailable': False, 'install_base': '/home/qianw/EECE5554/LAB4/src/install/imu_driver', 'merge_install': False, 'path': '/home/qianw/EECE5554/LAB4/src/imu_driver', 'symlink_install': False, 'test_result_base': None}
[1.094s] INFO:colcon.colcon_core.executor:Executing jobs using 'parallel' executor
[1.095s] DEBUG:colcon.colcon_parallel_executor.executor.parallel:run_until_complete
[1.096s] INFO:colcon.colcon_ros.task.ament_cmake.build:Building ROS package in '/home/qianw/EECE5554/LAB4/src/gps_interface' with build type 'ament_cmake'
[1.096s] INFO:colcon.colcon_cmake.task.cmake.build:Building CMake package in '/home/qianw/EECE5554/LAB4/src/gps_interface'
[1.105s] INFO:colcon.colcon_core.plugin_system:Skipping extension 'colcon_core.shell.bat': Not used on non-Windows systems
[1.105s] INFO:colcon.colcon_core.shell:Skip shell extension 'powershell' for command environment: Not usable outside of PowerShell
[1.105s] DEBUG:colcon.colcon_core.shell:Skip shell extension 'dsv' for command environment
[1.111s] INFO:colcon.colcon_ros.task.ament_cmake.build:Building ROS package in '/home/qianw/EECE5554/LAB4/src/imu_interface' with build type 'ament_cmake'
[1.111s] INFO:colcon.colcon_cmake.task.cmake.build:Building CMake package in '/home/qianw/EECE5554/LAB4/src/imu_interface'
[1.111s] INFO:colcon.colcon_core.shell:Skip shell extension 'powershell' for command environment: Not usable outside of PowerShell
[1.111s] DEBUG:colcon.colcon_core.shell:Skip shell extension 'dsv' for command environment
[1.119s] DEBUG:colcon.colcon_core.event_handler.log_command:Invoking command in '/home/qianw/EECE5554/LAB4/src/build/gps_interface': CMAKE_PREFIX_PATH=/opt/ros/humble /usr/bin/cmake /home/qianw/EECE5554/LAB4/src/gps_interface -DCMAKE_INSTALL_PREFIX=/home/qianw/EECE5554/LAB4/src/install/gps_interface
[1.130s] DEBUG:colcon.colcon_core.event_handler.log_command:Invoking command in '/home/qianw/EECE5554/LAB4/src/build/imu_interface': CMAKE_PREFIX_PATH=/opt/ros/humble /usr/bin/cmake /home/qianw/EECE5554/LAB4/src/imu_interface -DCMAKE_INSTALL_PREFIX=/home/qianw/EECE5554/LAB4/src/install/imu_interface
[4.056s] DEBUG:colcon.colcon_core.event_handler.log_command:Invoked command in '/home/qianw/EECE5554/LAB4/src/build/gps_interface' returned '0': CMAKE_PREFIX_PATH=/opt/ros/humble /usr/bin/cmake /home/qianw/EECE5554/LAB4/src/gps_interface -DCMAKE_INSTALL_PREFIX=/home/qianw/EECE5554/LAB4/src/install/gps_interface
[4.056s] DEBUG:colcon.colcon_core.event_handler.log_command:Invoking command in '/home/qianw/EECE5554/LAB4/src/build/gps_interface': CMAKE_PREFIX_PATH=/opt/ros/humble /usr/bin/cmake --build /home/qianw/EECE5554/LAB4/src/build/gps_interface -- -j8 -l8
[4.432s] DEBUG:colcon.colcon_core.event_handler.log_command:Invoked command in '/home/qianw/EECE5554/LAB4/src/build/imu_interface' returned '0': CMAKE_PREFIX_PATH=/opt/ros/humble /usr/bin/cmake /home/qianw/EECE5554/LAB4/src/imu_interface -DCMAKE_INSTALL_PREFIX=/home/qianw/EECE5554/LAB4/src/install/imu_interface
[4.440s] DEBUG:colcon.colcon_core.event_handler.log_command:Invoking command in '/home/qianw/EECE5554/LAB4/src/build/imu_interface': CMAKE_PREFIX_PATH=/opt/ros/humble /usr/bin/cmake --build /home/qianw/EECE5554/LAB4/src/build/imu_interface -- -j8 -l8
[7.810s] DEBUG:colcon.colcon_core.event_handler.log_command:Invoked command in '/home/qianw/EECE5554/LAB4/src/build/gps_interface' returned '0': CMAKE_PREFIX_PATH=/opt/ros/humble /usr/bin/cmake --build /home/qianw/EECE5554/LAB4/src/build/gps_interface -- -j8 -l8
[7.828s] DEBUG:colcon.colcon_core.event_handler.log_command:Invoking command in '/home/qianw/EECE5554/LAB4/src/build/gps_interface': CMAKE_PREFIX_PATH=/opt/ros/humble /usr/bin/cmake --install /home/qianw/EECE5554/LAB4/src/build/gps_interface
[7.907s] DEBUG:colcon.colcon_core.event_handler.log_command:Invoked command in '/home/qianw/EECE5554/LAB4/src/build/imu_interface' returned '0': CMAKE_PREFIX_PATH=/opt/ros/humble /usr/bin/cmake --build /home/qianw/EECE5554/LAB4/src/build/imu_interface -- -j8 -l8
[7.910s] DEBUG:colcon.colcon_core.event_handler.log_command:Invoking command in '/home/qianw/EECE5554/LAB4/src/build/imu_interface': CMAKE_PREFIX_PATH=/opt/ros/humble /usr/bin/cmake --install /home/qianw/EECE5554/LAB4/src/build/imu_interface
[7.950s] Level 1:colcon.colcon_core.environment:create_environment_scripts_only(gps_interface)
[7.951s] DEBUG:colcon.colcon_core.event_handler.log_command:Invoked command in '/home/qianw/EECE5554/LAB4/src/build/gps_interface' returned '0': CMAKE_PREFIX_PATH=/opt/ros/humble /usr/bin/cmake --install /home/qianw/EECE5554/LAB4/src/build/gps_interface
[7.962s] Level 1:colcon.colcon_core.environment:checking '/home/qianw/EECE5554/LAB4/src/install/gps_interface' for CMake module files
[7.963s] Level 1:colcon.colcon_core.environment:checking '/home/qianw/EECE5554/LAB4/src/install/gps_interface' for CMake config files
[7.964s] Level 1:colcon.colcon_core.shell:create_environment_hook('gps_interface', 'cmake_prefix_path')
[7.964s] INFO:colcon.colcon_core.shell:Creating environment hook '/home/qianw/EECE5554/LAB4/src/install/gps_interface/share/gps_interface/hook/cmake_prefix_path.ps1'
[7.966s] INFO:colcon.colcon_core.shell:Creating environment descriptor '/home/qianw/EECE5554/LAB4/src/install/gps_interface/share/gps_interface/hook/cmake_prefix_path.dsv'
[7.967s] INFO:colcon.colcon_core.shell:Creating environment hook '/home/qianw/EECE5554/LAB4/src/install/gps_interface/share/gps_interface/hook/cmake_prefix_path.sh'
[7.969s] Level 1:colcon.colcon_core.environment:checking '/home/qianw/EECE5554/LAB4/src/install/gps_interface/lib'
[7.969s] Level 1:colcon.colcon_core.shell:create_environment_hook('gps_interface', 'ld_library_path_lib')
[7.969s] INFO:colcon.colcon_core.shell:Creating environment hook '/home/qianw/EECE5554/LAB4/src/install/gps_interface/share/gps_interface/hook/ld_library_path_lib.ps1'
[7.970s] INFO:colcon.colcon_core.shell:Creating environment descriptor '/home/qianw/EECE5554/LAB4/src/install/gps_interface/share/gps_interface/hook/ld_library_path_lib.dsv'
[7.971s] INFO:colcon.colcon_core.shell:Creating environment hook '/home/qianw/EECE5554/LAB4/src/install/gps_interface/share/gps_interface/hook/ld_library_path_lib.sh'
[7.971s] Level 1:colcon.colcon_core.environment:checking '/home/qianw/EECE5554/LAB4/src/install/gps_interface/bin'
[7.971s] Level 1:colcon.colcon_core.environment:checking '/home/qianw/EECE5554/LAB4/src/install/gps_interface/lib/pkgconfig/gps_interface.pc'
[7.972s] Level 1:colcon.colcon_core.environment:checking '/home/qianw/EECE5554/LAB4/src/install/gps_interface/lib/python3.10/site-packages'
[7.972s] Level 1:colcon.colcon_core.environment:checking '/home/qianw/EECE5554/LAB4/src/install/gps_interface/bin'
[7.973s] INFO:colcon.colcon_core.shell:Creating package script '/home/qianw/EECE5554/LAB4/src/install/gps_interface/share/gps_interface/package.ps1'
[7.974s] INFO:colcon.colcon_core.shell:Creating package descriptor '/home/qianw/EECE5554/LAB4/src/install/gps_interface/share/gps_interface/package.dsv'
[7.976s] INFO:colcon.colcon_core.shell:Creating package script '/home/qianw/EECE5554/LAB4/src/install/gps_interface/share/gps_interface/package.sh'
[7.977s] INFO:colcon.colcon_core.shell:Creating package script '/home/qianw/EECE5554/LAB4/src/install/gps_interface/share/gps_interface/package.bash'
[7.979s] INFO:colcon.colcon_core.shell:Creating package script '/home/qianw/EECE5554/LAB4/src/install/gps_interface/share/gps_interface/package.zsh'
[7.981s] Level 1:colcon.colcon_core.environment:create_file_with_runtime_dependencies(/home/qianw/EECE5554/LAB4/src/install/gps_interface/share/colcon-core/packages/gps_interface)
[7.982s] Level 1:colcon.colcon_core.environment:create_environment_scripts_only(gps_interface)
[7.983s] Level 1:colcon.colcon_core.environment:checking '/home/qianw/EECE5554/LAB4/src/install/gps_interface' for CMake module files
[7.983s] Level 1:colcon.colcon_core.environment:checking '/home/qianw/EECE5554/LAB4/src/install/gps_interface' for CMake config files
[7.984s] Level 1:colcon.colcon_core.shell:create_environment_hook('gps_interface', 'cmake_prefix_path')
[7.985s] INFO:colcon.colcon_core.shell:Creating environment hook '/home/qianw/EECE5554/LAB4/src/install/gps_interface/share/gps_interface/hook/cmake_prefix_path.ps1'
[7.986s] INFO:colcon.colcon_core.shell:Creating environment descriptor '/home/qianw/EECE5554/LAB4/src/install/gps_interface/share/gps_interface/hook/cmake_prefix_path.dsv'
[7.986s] INFO:colcon.colcon_core.shell:Creating environment hook '/home/qianw/EECE5554/LAB4/src/install/gps_interface/share/gps_interface/hook/cmake_prefix_path.sh'
[7.987s] Level 1:colcon.colcon_core.environment:checking '/home/qianw/EECE5554/LAB4/src/install/gps_interface/lib'
[7.987s] Level 1:colcon.colcon_core.shell:create_environment_hook('gps_interface', 'ld_library_path_lib')
[7.988s] INFO:colcon.colcon_core.shell:Creating environment hook '/home/qianw/EECE5554/LAB4/src/install/gps_interface/share/gps_interface/hook/ld_library_path_lib.ps1'
[7.988s] INFO:colcon.colcon_core.shell:Creating environment descriptor '/home/qianw/EECE5554/LAB4/src/install/gps_interface/share/gps_interface/hook/ld_library_path_lib.dsv'
[7.989s] INFO:colcon.colcon_core.shell:Creating environment hook '/home/qianw/EECE5554/LAB4/src/install/gps_interface/share/gps_interface/hook/ld_library_path_lib.sh'
[7.989s] Level 1:colcon.colcon_core.environment:checking '/home/qianw/EECE5554/LAB4/src/install/gps_interface/bin'
[7.990s] Level 1:colcon.colcon_core.environment:checking '/home/qianw/EECE5554/LAB4/src/install/gps_interface/lib/pkgconfig/gps_interface.pc'
[7.990s] Level 1:colcon.colcon_core.environment:checking '/home/qianw/EECE5554/LAB4/src/install/gps_interface/lib/python3.10/site-packages'
[7.990s] Level 1:colcon.colcon_core.environment:checking '/home/qianw/EECE5554/LAB4/src/install/gps_interface/bin'
[7.991s] INFO:colcon.colcon_core.shell:Creating package script '/home/qianw/EECE5554/LAB4/src/install/gps_interface/share/gps_interface/package.ps1'
[7.992s] INFO:colcon.colcon_core.shell:Creating package descriptor '/home/qianw/EECE5554/LAB4/src/install/gps_interface/share/gps_interface/package.dsv'
[7.993s] INFO:colcon.colcon_core.shell:Creating package script '/home/qianw/EECE5554/LAB4/src/install/gps_interface/share/gps_interface/package.sh'
[7.994s] INFO:colcon.colcon_core.shell:Creating package script '/home/qianw/EECE5554/LAB4/src/install/gps_interface/share/gps_interface/package.bash'
[7.995s] INFO:colcon.colcon_core.shell:Creating package script '/home/qianw/EECE5554/LAB4/src/install/gps_interface/share/gps_interface/package.zsh'
[7.996s] Level 1:colcon.colcon_core.environment:create_file_with_runtime_dependencies(/home/qianw/EECE5554/LAB4/src/install/gps_interface/share/colcon-core/packages/gps_interface)
[7.998s] INFO:colcon.colcon_ros.task.ament_python.build:Building ROS package in '/home/qianw/EECE5554/LAB4/src/gps_driver' with build type 'ament_python'
[7.998s] Level 1:colcon.colcon_core.shell:create_environment_hook('gps_driver', 'ament_prefix_path')
[7.998s] INFO:colcon.colcon_core.shell:Creating environment hook '/home/qianw/EECE5554/LAB4/src/install/gps_driver/share/gps_driver/hook/ament_prefix_path.ps1'
[8.000s] INFO:colcon.colcon_core.shell:Creating environment descriptor '/home/qianw/EECE5554/LAB4/src/install/gps_driver/share/gps_driver/hook/ament_prefix_path.dsv'
[8.000s] INFO:colcon.colcon_core.shell:Creating environment hook '/home/qianw/EECE5554/LAB4/src/install/gps_driver/share/gps_driver/hook/ament_prefix_path.sh'
[8.001s] INFO:colcon.colcon_core.shell:Skip shell extension 'powershell' for command environment: Not usable outside of PowerShell
[8.001s] DEBUG:colcon.colcon_core.shell:Skip shell extension 'dsv' for command environment
[8.483s] INFO:colcon.colcon_core.task.python.build:Building Python package in '/home/qianw/EECE5554/LAB4/src/gps_driver'
[8.484s] INFO:colcon.colcon_core.shell:Skip shell extension 'powershell' for command environment: Not usable outside of PowerShell
[8.484s] DEBUG:colcon.colcon_core.shell:Skip shell extension 'dsv' for command environment
[8.489s] Level 1:colcon.colcon_core.environment:create_environment_scripts_only(imu_interface)
[8.490s] Level 1:colcon.colcon_core.environment:checking '/home/qianw/EECE5554/LAB4/src/install/imu_interface' for CMake module files
[8.491s] DEBUG:colcon.colcon_core.event_handler.log_command:Invoked command in '/home/qianw/EECE5554/LAB4/src/build/imu_interface' returned '0': CMAKE_PREFIX_PATH=/opt/ros/humble /usr/bin/cmake --install /home/qianw/EECE5554/LAB4/src/build/imu_interface
[8.492s] Level 1:colcon.colcon_core.environment:checking '/home/qianw/EECE5554/LAB4/src/install/imu_interface' for CMake config files
[8.493s] Level 1:colcon.colcon_core.shell:create_environment_hook('imu_interface', 'cmake_prefix_path')
[8.493s] INFO:colcon.colcon_core.shell:Creating environment hook '/home/qianw/EECE5554/LAB4/src/install/imu_interface/share/imu_interface/hook/cmake_prefix_path.ps1'
[8.494s] INFO:colcon.colcon_core.shell:Creating environment descriptor '/home/qianw/EECE5554/LAB4/src/install/imu_interface/share/imu_interface/hook/cmake_prefix_path.dsv'
[8.494s] INFO:colcon.colcon_core.shell:Creating environment hook '/home/qianw/EECE5554/LAB4/src/install/imu_interface/share/imu_interface/hook/cmake_prefix_path.sh'
[8.495s] Level 1:colcon.colcon_core.environment:checking '/home/qianw/EECE5554/LAB4/src/install/imu_interface/lib'
[8.495s] Level 1:colcon.colcon_core.shell:create_environment_hook('imu_interface', 'ld_library_path_lib')
[8.496s] INFO:colcon.colcon_core.shell:Creating environment hook '/home/qianw/EECE5554/LAB4/src/install/imu_interface/share/imu_interface/hook/ld_library_path_lib.ps1'
[8.496s] INFO:colcon.colcon_core.shell:Creating environment descriptor '/home/qianw/EECE5554/LAB4/src/install/imu_interface/share/imu_interface/hook/ld_library_path_lib.dsv'
[8.496s] INFO:colcon.colcon_core.shell:Creating environment hook '/home/qianw/EECE5554/LAB4/src/install/imu_interface/share/imu_interface/hook/ld_library_path_lib.sh'
[8.497s] Level 1:colcon.colcon_core.environment:checking '/home/qianw/EECE5554/LAB4/src/install/imu_interface/bin'
[8.497s] Level 1:colcon.colcon_core.environment:checking '/home/qianw/EECE5554/LAB4/src/install/imu_interface/lib/pkgconfig/imu_interface.pc'
[8.498s] Level 1:colcon.colcon_core.environment:checking '/home/qianw/EECE5554/LAB4/src/install/imu_interface/lib/python3.10/site-packages'
[8.498s] Level 1:colcon.colcon_core.environment:checking '/home/qianw/EECE5554/LAB4/src/install/imu_interface/bin'
[8.498s] INFO:colcon.colcon_core.shell:Creating package script '/home/qianw/EECE5554/LAB4/src/install/imu_interface/share/imu_interface/package.ps1'
[8.499s] INFO:colcon.colcon_core.shell:Creating package descriptor '/home/qianw/EECE5554/LAB4/src/install/imu_interface/share/imu_interface/package.dsv'
[8.500s] INFO:colcon.colcon_core.shell:Creating package script '/home/qianw/EECE5554/LAB4/src/install/imu_interface/share/imu_interface/package.sh'
[8.500s] INFO:colcon.colcon_core.shell:Creating package script '/home/qianw/EECE5554/LAB4/src/install/imu_interface/share/imu_interface/package.bash'
[8.501s] INFO:colcon.colcon_core.shell:Creating package script '/home/qianw/EECE5554/LAB4/src/install/imu_interface/share/imu_interface/package.zsh'
[8.502s] Level 1:colcon.colcon_core.environment:create_file_with_runtime_dependencies(/home/qianw/EECE5554/LAB4/src/install/imu_interface/share/colcon-core/packages/imu_interface)
[8.503s] Level 1:colcon.colcon_core.environment:create_environment_scripts_only(imu_interface)
[8.503s] Level 1:colcon.colcon_core.environment:checking '/home/qianw/EECE5554/LAB4/src/install/imu_interface' for CMake module files
[8.505s] Level 1:colcon.colcon_core.environment:checking '/home/qianw/EECE5554/LAB4/src/install/imu_interface' for CMake config files
[8.505s] Level 1:colcon.colcon_core.shell:create_environment_hook('imu_interface', 'cmake_prefix_path')
[8.506s] INFO:colcon.colcon_core.shell:Creating environment hook '/home/qianw/EECE5554/LAB4/src/install/imu_interface/share/imu_interface/hook/cmake_prefix_path.ps1'
[8.506s] INFO:colcon.colcon_core.shell:Creating environment descriptor '/home/qianw/EECE5554/LAB4/src/install/imu_interface/share/imu_interface/hook/cmake_prefix_path.dsv'
[8.507s] INFO:colcon.colcon_core.shell:Creating environment hook '/home/qianw/EECE5554/LAB4/src/install/imu_interface/share/imu_interface/hook/cmake_prefix_path.sh'
[8.508s] Level 1:colcon.colcon_core.environment:checking '/home/qianw/EECE5554/LAB4/src/install/imu_interface/lib'
[8.508s] Level 1:colcon.colcon_core.shell:create_environment_hook('imu_interface', 'ld_library_path_lib')
[8.508s] INFO:colcon.colcon_core.shell:Creating environment hook '/home/qianw/EECE5554/LAB4/src/install/imu_interface/share/imu_interface/hook/ld_library_path_lib.ps1'
[8.509s] INFO:colcon.colcon_core.shell:Creating environment descriptor '/home/qianw/EECE5554/LAB4/src/install/imu_interface/share/imu_interface/hook/ld_library_path_lib.dsv'
[8.510s] INFO:colcon.colcon_core.shell:Creating environment hook '/home/qianw/EECE5554/LAB4/src/install/imu_interface/share/imu_interface/hook/ld_library_path_lib.sh'
[8.510s] Level 1:colcon.colcon_core.environment:checking '/home/qianw/EECE5554/LAB4/src/install/imu_interface/bin'
[8.510s] Level 1:colcon.colcon_core.environment:checking '/home/qianw/EECE5554/LAB4/src/install/imu_interface/lib/pkgconfig/imu_interface.pc'
[8.511s] Level 1:colcon.colcon_core.environment:checking '/home/qianw/EECE5554/LAB4/src/install/imu_interface/lib/python3.10/site-packages'
[8.511s] Level 1:colcon.colcon_core.environment:checking '/home/qianw/EECE5554/LAB4/src/install/imu_interface/bin'
[8.512s] INFO:colcon.colcon_core.shell:Creating package script '/home/qianw/EECE5554/LAB4/src/install/imu_interface/share/imu_interface/package.ps1'
[8.513s] INFO:colcon.colcon_core.shell:Creating package descriptor '/home/qianw/EECE5554/LAB4/src/install/imu_interface/share/imu_interface/package.dsv'
[8.513s] INFO:colcon.colcon_core.shell:Creating package script '/home/qianw/EECE5554/LAB4/src/install/imu_interface/share/imu_interface/package.sh'
[8.515s] INFO:colcon.colcon_core.shell:Creating package script '/home/qianw/EECE5554/LAB4/src/install/imu_interface/share/imu_interface/package.bash'
[8.515s] INFO:colcon.colcon_core.shell:Creating package script '/home/qianw/EECE5554/LAB4/src/install/imu_interface/share/imu_interface/package.zsh'
[8.516s] Level 1:colcon.colcon_core.environment:create_file_with_runtime_dependencies(/home/qianw/EECE5554/LAB4/src/install/imu_interface/share/colcon-core/packages/imu_interface)
[8.517s] INFO:colcon.colcon_ros.task.ament_python.build:Building ROS package in '/home/qianw/EECE5554/LAB4/src/imu_driver' with build type 'ament_python'
[8.517s] Level 1:colcon.colcon_core.shell:create_environment_hook('imu_driver', 'ament_prefix_path')
[8.518s] INFO:colcon.colcon_core.shell:Creating environment hook '/home/qianw/EECE5554/LAB4/src/install/imu_driver/share/imu_driver/hook/ament_prefix_path.ps1'
[8.519s] INFO:colcon.colcon_core.shell:Creating environment descriptor '/home/qianw/EECE5554/LAB4/src/install/imu_driver/share/imu_driver/hook/ament_prefix_path.dsv'
[8.520s] INFO:colcon.colcon_core.shell:Creating environment hook '/home/qianw/EECE5554/LAB4/src/install/imu_driver/share/imu_driver/hook/ament_prefix_path.sh'
[8.521s] INFO:colcon.colcon_core.shell:Skip shell extension 'powershell' for command environment: Not usable outside of PowerShell
[8.521s] DEBUG:colcon.colcon_core.shell:Skip shell extension 'dsv' for command environment
[8.974s] INFO:colcon.colcon_core.task.python.build:Building Python package in '/home/qianw/EECE5554/LAB4/src/imu_driver'
[8.974s] INFO:colcon.colcon_core.shell:Skip shell extension 'powershell' for command environment: Not usable outside of PowerShell
[8.974s] DEBUG:colcon.colcon_core.shell:Skip shell extension 'dsv' for command environment
[9.151s] DEBUG:colcon.colcon_core.event_handler.log_command:Invoking command in '/home/qianw/EECE5554/LAB4/src/gps_driver': AMENT_PREFIX_PATH=/home/qianw/EECE5554/LAB4/src/install/gps_interface:${AMENT_PREFIX_PATH} CMAKE_PREFIX_PATH=/home/qianw/EECE5554/LAB4/src/install/gps_interface LD_LIBRARY_PATH=/home/qianw/EECE5554/LAB4/src/install/gps_interface/lib:${LD_LIBRARY_PATH} PYTHONPATH=/home/qianw/EECE5554/LAB4/src/build/gps_driver/prefix_override:/usr/lib/python3/dist-packages/colcon_core/task/python/colcon_distutils_commands:/home/qianw/EECE5554/LAB4/src/install/gps_driver/lib/python3.10/site-packages:/home/qianw/EECE5554/LAB4/src/install/gps_interface/local/lib/python3.10/dist-packages:${PYTHONPATH} /usr/bin/python3 -W ignore:setup.py install is deprecated -W ignore:easy_install command is deprecated setup.py egg_info --egg-base ../build/gps_driver build --build-base /home/qianw/EECE5554/LAB4/src/build/gps_driver/build install --record /home/qianw/EECE5554/LAB4/src/build/gps_driver/install.log --single-version-externally-managed install_data
[9.545s] DEBUG:colcon.colcon_core.event_handler.log_command:Invoking command in '/home/qianw/EECE5554/LAB4/src/imu_driver': AMENT_PREFIX_PATH=/home/qianw/EECE5554/LAB4/src/install/imu_interface:${AMENT_PREFIX_PATH} CMAKE_PREFIX_PATH=/home/qianw/EECE5554/LAB4/src/install/imu_interface LD_LIBRARY_PATH=/home/qianw/EECE5554/LAB4/src/install/imu_interface/lib:${LD_LIBRARY_PATH} PYTHONPATH=/home/qianw/EECE5554/LAB4/src/build/imu_driver/prefix_override:/usr/lib/python3/dist-packages/colcon_core/task/python/colcon_distutils_commands:/home/qianw/EECE5554/LAB4/src/install/imu_driver/lib/python3.10/site-packages:/home/qianw/EECE5554/LAB4/src/install/imu_interface/local/lib/python3.10/dist-packages:${PYTHONPATH} /usr/bin/python3 -W ignore:setup.py install is deprecated -W ignore:easy_install command is deprecated setup.py egg_info --egg-base ../build/imu_driver build --build-base /home/qianw/EECE5554/LAB4/src/build/imu_driver/build install --record /home/qianw/EECE5554/LAB4/src/build/imu_driver/install.log --single-version-externally-managed install_data
[9.663s] Level 1:colcon.colcon_core.environment:checking '/home/qianw/EECE5554/LAB4/src/install/gps_driver' for CMake module files
[9.664s] DEBUG:colcon.colcon_core.event_handler.log_command:Invoked command in '/home/qianw/EECE5554/LAB4/src/gps_driver' returned '0': AMENT_PREFIX_PATH=/home/qianw/EECE5554/LAB4/src/install/gps_interface:${AMENT_PREFIX_PATH} CMAKE_PREFIX_PATH=/home/qianw/EECE5554/LAB4/src/install/gps_interface LD_LIBRARY_PATH=/home/qianw/EECE5554/LAB4/src/install/gps_interface/lib:${LD_LIBRARY_PATH} PYTHONPATH=/home/qianw/EECE5554/LAB4/src/build/gps_driver/prefix_override:/usr/lib/python3/dist-packages/colcon_core/task/python/colcon_distutils_commands:/home/qianw/EECE5554/LAB4/src/install/gps_driver/lib/python3.10/site-packages:/home/qianw/EECE5554/LAB4/src/install/gps_interface/local/lib/python3.10/dist-packages:${PYTHONPATH} /usr/bin/python3 -W ignore:setup.py install is deprecated -W ignore:easy_install command is deprecated setup.py egg_info --egg-base ../build/gps_driver build --build-base /home/qianw/EECE5554/LAB4/src/build/gps_driver/build install --record /home/qianw/EECE5554/LAB4/src/build/gps_driver/install.log --single-version-externally-managed install_data
[9.665s] Level 1:colcon.colcon_core.environment:checking '/home/qianw/EECE5554/LAB4/src/install/gps_driver' for CMake config files
[9.665s] Level 1:colcon.colcon_core.environment:checking '/home/qianw/EECE5554/LAB4/src/install/gps_driver/lib'
[9.666s] Level 1:colcon.colcon_core.environment:checking '/home/qianw/EECE5554/LAB4/src/install/gps_driver/bin'
[9.666s] Level 1:colcon.colcon_core.environment:checking '/home/qianw/EECE5554/LAB4/src/install/gps_driver/lib/pkgconfig/gps_driver.pc'
[9.666s] Level 1:colcon.colcon_core.environment:checking '/home/qianw/EECE5554/LAB4/src/install/gps_driver/lib/python3.10/site-packages'
[9.666s] Level 1:colcon.colcon_core.shell:create_environment_hook('gps_driver', 'pythonpath')
[9.666s] INFO:colcon.colcon_core.shell:Creating environment hook '/home/qianw/EECE5554/LAB4/src/install/gps_driver/share/gps_driver/hook/pythonpath.ps1'
[9.667s] INFO:colcon.colcon_core.shell:Creating environment descriptor '/home/qianw/EECE5554/LAB4/src/install/gps_driver/share/gps_driver/hook/pythonpath.dsv'
[9.667s] INFO:colcon.colcon_core.shell:Creating environment hook '/home/qianw/EECE5554/LAB4/src/install/gps_driver/share/gps_driver/hook/pythonpath.sh'
[9.668s] Level 1:colcon.colcon_core.environment:checking '/home/qianw/EECE5554/LAB4/src/install/gps_driver/bin'
[9.668s] Level 1:colcon.colcon_core.environment:create_environment_scripts_only(gps_driver)
[9.669s] INFO:colcon.colcon_core.shell:Creating package script '/home/qianw/EECE5554/LAB4/src/install/gps_driver/share/gps_driver/package.ps1'
[9.670s] INFO:colcon.colcon_core.shell:Creating package descriptor '/home/qianw/EECE5554/LAB4/src/install/gps_driver/share/gps_driver/package.dsv'
[9.670s] INFO:colcon.colcon_core.shell:Creating package script '/home/qianw/EECE5554/LAB4/src/install/gps_driver/share/gps_driver/package.sh'
[9.671s] INFO:colcon.colcon_core.shell:Creating package script '/home/qianw/EECE5554/LAB4/src/install/gps_driver/share/gps_driver/package.bash'
[9.672s] INFO:colcon.colcon_core.shell:Creating package script '/home/qianw/EECE5554/LAB4/src/install/gps_driver/share/gps_driver/package.zsh'
[9.672s] Level 1:colcon.colcon_core.environment:create_file_with_runtime_dependencies(/home/qianw/EECE5554/LAB4/src/install/gps_driver/share/colcon-core/packages/gps_driver)
[10.041s] Level 1:colcon.colcon_core.environment:checking '/home/qianw/EECE5554/LAB4/src/install/imu_driver' for CMake module files
[10.043s] DEBUG:colcon.colcon_core.event_handler.log_command:Invoked command in '/home/qianw/EECE5554/LAB4/src/imu_driver' returned '0': AMENT_PREFIX_PATH=/home/qianw/EECE5554/LAB4/src/install/imu_interface:${AMENT_PREFIX_PATH} CMAKE_PREFIX_PATH=/home/qianw/EECE5554/LAB4/src/install/imu_interface LD_LIBRARY_PATH=/home/qianw/EECE5554/LAB4/src/install/imu_interface/lib:${LD_LIBRARY_PATH} PYTHONPATH=/home/qianw/EECE5554/LAB4/src/build/imu_driver/prefix_override:/usr/lib/python3/dist-packages/colcon_core/task/python/colcon_distutils_commands:/home/qianw/EECE5554/LAB4/src/install/imu_driver/lib/python3.10/site-packages:/home/qianw/EECE5554/LAB4/src/install/imu_interface/local/lib/python3.10/dist-packages:${PYTHONPATH} /usr/bin/python3 -W ignore:setup.py install is deprecated -W ignore:easy_install command is deprecated setup.py egg_info --egg-base ../build/imu_driver build --build-base /home/qianw/EECE5554/LAB4/src/build/imu_driver/build install --record /home/qianw/EECE5554/LAB4/src/build/imu_driver/install.log --single-version-externally-managed install_data
[10.044s] Level 1:colcon.colcon_core.environment:checking '/home/qianw/EECE5554/LAB4/src/install/imu_driver' for CMake config files
[10.045s] Level 1:colcon.colcon_core.environment:checking '/home/qianw/EECE5554/LAB4/src/install/imu_driver/lib'
[10.045s] Level 1:colcon.colcon_core.environment:checking '/home/qianw/EECE5554/LAB4/src/install/imu_driver/bin'
[10.045s] Level 1:colcon.colcon_core.environment:checking '/home/qianw/EECE5554/LAB4/src/install/imu_driver/lib/pkgconfig/imu_driver.pc'
[10.046s] Level 1:colcon.colcon_core.environment:checking '/home/qianw/EECE5554/LAB4/src/install/imu_driver/lib/python3.10/site-packages'
[10.046s] Level 1:colcon.colcon_core.shell:create_environment_hook('imu_driver', 'pythonpath')
[10.046s] INFO:colcon.colcon_core.shell:Creating environment hook '/home/qianw/EECE5554/LAB4/src/install/imu_driver/share/imu_driver/hook/pythonpath.ps1'
[10.047s] INFO:colcon.colcon_core.shell:Creating environment descriptor '/home/qianw/EECE5554/LAB4/src/install/imu_driver/share/imu_driver/hook/pythonpath.dsv'
[10.047s] INFO:colcon.colcon_core.shell:Creating environment hook '/home/qianw/EECE5554/LAB4/src/install/imu_driver/share/imu_driver/hook/pythonpath.sh'
[10.048s] Level 1:colcon.colcon_core.environment:checking '/home/qianw/EECE5554/LAB4/src/install/imu_driver/bin'
[10.048s] Level 1:colcon.colcon_core.environment:create_environment_scripts_only(imu_driver)
[10.049s] INFO:colcon.colcon_core.shell:Creating package script '/home/qianw/EECE5554/LAB4/src/install/imu_driver/share/imu_driver/package.ps1'
[10.050s] INFO:colcon.colcon_core.shell:Creating package descriptor '/home/qianw/EECE5554/LAB4/src/install/imu_driver/share/imu_driver/package.dsv'
[10.050s] INFO:colcon.colcon_core.shell:Creating package script '/home/qianw/EECE5554/LAB4/src/install/imu_driver/share/imu_driver/package.sh'
[10.051s] INFO:colcon.colcon_core.shell:Creating package script '/home/qianw/EECE5554/LAB4/src/install/imu_driver/share/imu_driver/package.bash'
[10.052s] INFO:colcon.colcon_core.shell:Creating package script '/home/qianw/EECE5554/LAB4/src/install/imu_driver/share/imu_driver/package.zsh'
[10.052s] Level 1:colcon.colcon_core.environment:create_file_with_runtime_dependencies(/home/qianw/EECE5554/LAB4/src/install/imu_driver/share/colcon-core/packages/imu_driver)
[10.053s] DEBUG:colcon.colcon_parallel_executor.executor.parallel:closing loop
[10.053s] DEBUG:colcon.colcon_parallel_executor.executor.parallel:loop closed
[10.053s] DEBUG:colcon.colcon_parallel_executor.executor.parallel:run_until_complete finished with '0'
[10.053s] DEBUG:colcon.colcon_core.event_reactor:joining thread
[10.064s] INFO:colcon.colcon_core.plugin_system:Skipping extension 'colcon_notification.desktop_notification.terminal_notifier': Not used on non-Darwin systems
[10.065s] INFO:colcon.colcon_core.plugin_system:Skipping extension 'colcon_notification.desktop_notification.win32': Not used on non-Windows systems
[10.065s] INFO:colcon.colcon_notification.desktop_notification:Sending desktop notification using 'notify2'
[10.065s] DEBUG:colcon.colcon_notification.desktop_notification.notify2:Failed to initialize notify2: org.freedesktop.DBus.Error.NoReply: Did not receive a reply. Possible causes include: the remote application did not send a reply, the message bus security policy blocked the reply, the reply timeout expired, or the network connection was broken.
[10.066s] DEBUG:colcon.colcon_core.event_reactor:joined thread
[10.066s] INFO:colcon.colcon_core.shell:Creating prefix script '/home/qianw/EECE5554/LAB4/src/install/local_setup.ps1'
[10.068s] INFO:colcon.colcon_core.shell:Creating prefix util module '/home/qianw/EECE5554/LAB4/src/install/_local_setup_util_ps1.py'
[10.071s] INFO:colcon.colcon_core.shell:Creating prefix chain script '/home/qianw/EECE5554/LAB4/src/install/setup.ps1'
[10.073s] INFO:colcon.colcon_core.shell:Creating prefix script '/home/qianw/EECE5554/LAB4/src/install/local_setup.sh'
[10.075s] INFO:colcon.colcon_core.shell:Creating prefix util module '/home/qianw/EECE5554/LAB4/src/install/_local_setup_util_sh.py'
[10.075s] INFO:colcon.colcon_core.shell:Creating prefix chain script '/home/qianw/EECE5554/LAB4/src/install/setup.sh'
[10.077s] INFO:colcon.colcon_core.shell:Creating prefix script '/home/qianw/EECE5554/LAB4/src/install/local_setup.bash'
[10.079s] INFO:colcon.colcon_core.shell:Creating prefix chain script '/home/qianw/EECE5554/LAB4/src/install/setup.bash'
[10.082s] INFO:colcon.colcon_core.shell:Creating prefix script '/home/qianw/EECE5554/LAB4/src/install/local_setup.zsh'
[10.083s] INFO:colcon.colcon_core.shell:Creating prefix chain script '/home/qianw/EECE5554/LAB4/src/install/setup.zsh'
