[0.000000] (-) TimerEvent: {}
[0.004599] (gps_interface) JobQueued: {'identifier': 'gps_interface', 'dependencies': OrderedDict()}
[0.004678] (imu_interface) JobQueued: {'identifier': 'imu_interface', 'dependencies': OrderedDict()}
[0.004709] (gps_interface) JobStarted: {'identifier': 'gps_interface'}
[0.068053] (imu_interface) JobStarted: {'identifier': 'imu_interface'}
[0.099600] (-) TimerEvent: {}
[0.109838] (gps_interface) JobProgress: {'identifier': 'gps_interface', 'progress': 'cmake'}
[0.114649] (gps_interface) JobProgress: {'identifier': 'gps_interface', 'progress': 'build'}
[0.114744] (gps_interface) Command: {'cmd': ['/home/qianw/MATLAB/R2024b/bin/glnxa64/cmake/bin/cmake', '--build', '/home/qianw/EECE5554/LAB4/src/matlab_msg_gen/glnxa64/build/gps_interface', '--', '-j8', '-l8'], 'cwd': '/home/qianw/EECE5554/LAB4/src/matlab_msg_gen/glnxa64/build/gps_interface', 'env': OrderedDict([('ARCH', 'glnxa64'), ('CUSTOM_LD_LIBRARY_PATH', ''), ('USER', 'qianw'), ('LOCAL_PYTHON_VENV_PATH', '/home/qianw/.matlab/R2024b/ros2/glnxa64/venv'), ('MEMKIND_HEAP_MANAGER', 'TBB'), ('CUSTOM_AMENT_PREFIX_PATH', '/home/qianw/EECE5554/LAB4/src/matlab_msg_gen/glnxa64/install:/home/qianw/MATLAB/R2024b/sys/ros2/glnxa64/ros2'), ('XDG_SESSION_TYPE', 'wayland'), ('KMP_HANDLE_SIGNALS', '0'), ('SHLVL', '1'), ('ICU_TIMEZONE_FILES_DIR', '/home/qianw/MATLAB/R2024b/bin/icutzdata'), ('LD_LIBRARY_PATH', ':/home/qianw/MATLAB/R2024b/sys/ros2/glnxa64/ros2/lib:/home/qianw/MATLAB/R2024b/sys/os/glnxa64:/home/qianw/MATLAB/R2024b/bin/glnxa64:/home/qianw/.MathWorks/IBOBuGAy6RMKv1qSO913GEckBr8xCIOmhZgwU7Cewvg/bin/glnxa64:/home/qianw/MATLAB/R2024b/extern/lib/glnxa64:/home/qianw/MATLAB/R2024b/cefclient/sys/os/glnxa64:/home/qianw/MATLAB/R2024b/sys/java/jre/glnxa64/jre/lib/amd64/native_threads:/home/qianw/MATLAB/R2024b/sys/java/jre/glnxa64/jre/lib/amd64/server'), ('BASEMATLABPATH', ''), ('HOME', '/home/qianw'), ('AUTOMOUNT_MAP', ''), ('OLDPWD', '/home/qianw/MATLAB/R2024b'), ('DESKTOP_SESSION', 'ubuntu'), ('MW_LD_SHIM', '/home/qianw/MATLAB/R2024b/bin/glnxa64/ld_shim.so.2.35.ubuntu_22_04'), ('GNOME_SHELL_SESSION_MODE', 'ubuntu'), ('GTK_MODULES', ''), ('KMP_BLOCKTIME', '1'), ('PS1', '(venv)'), ('LIBVA_MESSAGING_LEVEL', '0'), ('DBUS_STARTER_BUS_TYPE', 'session'), ('SYSTEMD_EXEC_PID', '1589'), ('DBUS_SESSION_BUS_ADDRESS', 'unix:path=/run/user/1000/bus,guid=05ca9b7e734973ff7170946067f5b6c6'), ('COLORTERM', 'truecolor'), ('CUSTOM_SITE_PACKAGES_PATH', ''), ('IM_CONFIG_PHASE', '1'), ('WAYLAND_DISPLAY', 'wayland-0'), ('COLCON_PREFIX_PATH', '/home/qianw/EECE5554/LAB4/src/matlab_msg_gen/glnxa64/install:/home/qianw/MATLAB/R2024b/sys/ros2/glnxa64/ros2:/home/qianw/MATLAB/R2024b/sys/ros2/glnxa64/ros2'), ('ROS_DISTRO', 'humble'), ('LOGNAME', 'qianw'), ('MATLAB_MEM_MGR_VALUE', ''), ('_', '/home/qianw/.matlab/R2024b/ros2/glnxa64/venv/bin/colcon'), ('PKG_CONFIG_PATH', '/home/qianw/MATLAB/R2024b/sys/ros2/glnxa64/ros2/lib/pkgconfig'), ('XDG_SESSION_CLASS', 'user'), ('USERNAME', 'qianw'), ('TERM', 'dumb'), ('GNOME_DESKTOP_SESSION_ID', 'this-is-deprecated'), ('PATH', '/home/qianw/MATLAB/R2024b/bin/glnxa64/cmake/bin::/home/qianw/MATLAB/R2024b/sys/ros2/glnxa64/ros2/bin:/home/qianw/.matlab/R2024b/ros2/glnxa64/venv/bin:/home/qianw/.matlab/R2024b/ros2/glnxa64/venv/bin:/home/qianw/MATLAB/R2024b/toolbox/shared/coder/ninja/glnxa64:/home/qianw/.local/bin:/usr/local/sbin:/usr/local/bin:/usr/sbin:/usr/bin:/sbin:/bin:/usr/games:/usr/local/games:/snap/bin:/snap/bin'), ('SESSION_MANAGER', 'local/Loounx2:@/tmp/.ICE-unix/1589,unix/Loounx2:/tmp/.ICE-unix/1589'), ('XDG_MENU_PREFIX', 'gnome-'), ('GNOME_TERMINAL_SCREEN', '/org/gnome/Terminal/screen/922497a6_5b45_4398_b204_6fe39b82aae5'), ('GNOME_SETUP_DISPLAY', ':1'), ('XDG_RUNTIME_DIR', '/run/user/1000'), ('TOOLBOX', '/home/qianw/MATLAB/R2024b/toolbox'), ('MKL_DOMAIN_NUM_THREADS', ''), ('KMP_INIT_AT_FORK', 'false'), ('DISPLAY', ':0'), ('LD_PRELOAD', ''), ('LANG', 'en_US.UTF-8'), ('XDG_CURRENT_DESKTOP', 'ubuntu:GNOME'), ('PRE_LD_PRELOAD', ''), ('VIRTUAL_ENV_PROMPT', '(venv)'), ('XMODIFIERS', '@im=ibus'), ('XDG_SESSION_DESKTOP', 'ubuntu'), ('XAUTHORITY', '/run/user/1000/.mutter-Xwaylandauth.IGPZ42'), ('GNOME_TERMINAL_SERVICE', ':1.138'), ('SSH_AGENT_LAUNCHER', 'gnome-keyring'), ('SSH_AUTH_SOCK', '/run/user/1000/keyring/ssh'), ('AMENT_PREFIX_PATH', '/home/qianw/EECE5554/LAB4/src/matlab_msg_gen/glnxa64/install:/home/qianw/MATLAB/R2024b/sys/ros2/glnxa64/ros2:/home/qianw/MATLAB/R2024b/sys/ros2/glnxa64/ros2'), ('SHELL', '/bin/bash'), ('CMAKE_PATH', '/home/qianw/MATLAB/R2024b/bin/glnxa64/cmake/bin'), ('XFILESEARCHPATH', '/home/qianw/MATLAB/R2024b/sys/java/jre/glnxa64/jre/lib/locale/%L/%T/%N%S:'), ('QT_ACCESSIBILITY', '1'), ('GDMSESSION', 'ubuntu'), ('OSG_LD_LIBRARY_PATH', '/home/qianw/MATLAB/R2024b/sys/openscenegraph/lib/glnxa64'), ('VIRTUAL_ENV', '/home/qianw/.matlab/R2024b/ros2/glnxa64/venv'), ('CUSTOM_PATH', ''), ('KMP_STACKSIZE', '512k'), ('QT_IM_MODULE', 'ibus'), ('PWD', '/home/qianw/EECE5554/LAB4/src/matlab_msg_gen/glnxa64/build/gps_interface'), ('XDG_CONFIG_DIRS', '/etc/xdg/xdg-ubuntu:/etc/xdg'), ('DYLD_LIBRARY_PATH', ':/home/qianw/MATLAB/R2024b/sys/ros2/glnxa64/ros2/lib:'), ('DBUS_STARTER_ADDRESS', 'unix:path=/run/user/1000/bus,guid=05ca9b7e734973ff7170946067f5b6c6'), ('XDG_DATA_DIRS', '/usr/share/ubuntu:/usr/local/share/:/usr/share/:/var/lib/snapd/desktop'), ('MKL_NUM_THREADS', ''), ('MW_PATCH_OFFSETS', '0000117000002EA0'), ('PYTHONPATH', ':/home/qianw/MATLAB/R2024b/sys/ros2/glnxa64/ros2/lib/python3.9/site-packages:/home/qianw/.matlab/R2024b/ros2/glnxa64/venv/lib/python3.10/site-packages:'), ('LC_NUMERIC', 'C'), ('COLCON', '1'), ('VTE_VERSION', '6800'), ('CMAKE_PREFIX_PATH', '/home/qianw/EECE5554/LAB4/src/matlab_msg_gen/glnxa64/install:/home/qianw/MATLAB/R2024b/sys/ros2/glnxa64/ros2:/home/qianw/MATLAB/R2024b/sys/ros2/glnxa64/ros2')]), 'shell': False}
[0.124891] (imu_interface) JobProgress: {'identifier': 'imu_interface', 'progress': 'cmake'}
[0.128455] (imu_interface) JobProgress: {'identifier': 'imu_interface', 'progress': 'build'}
[0.128612] (imu_interface) Command: {'cmd': ['/home/qianw/MATLAB/R2024b/bin/glnxa64/cmake/bin/cmake', '--build', '/home/qianw/EECE5554/LAB4/src/matlab_msg_gen/glnxa64/build/imu_interface', '--', '-j8', '-l8'], 'cwd': '/home/qianw/EECE5554/LAB4/src/matlab_msg_gen/glnxa64/build/imu_interface', 'env': OrderedDict([('ARCH', 'glnxa64'), ('CUSTOM_LD_LIBRARY_PATH', ''), ('USER', 'qianw'), ('LOCAL_PYTHON_VENV_PATH', '/home/qianw/.matlab/R2024b/ros2/glnxa64/venv'), ('MEMKIND_HEAP_MANAGER', 'TBB'), ('CUSTOM_AMENT_PREFIX_PATH', '/home/qianw/EECE5554/LAB4/src/matlab_msg_gen/glnxa64/install:/home/qianw/MATLAB/R2024b/sys/ros2/glnxa64/ros2'), ('XDG_SESSION_TYPE', 'wayland'), ('KMP_HANDLE_SIGNALS', '0'), ('SHLVL', '1'), ('ICU_TIMEZONE_FILES_DIR', '/home/qianw/MATLAB/R2024b/bin/icutzdata'), ('LD_LIBRARY_PATH', ':/home/qianw/MATLAB/R2024b/sys/ros2/glnxa64/ros2/lib:/home/qianw/MATLAB/R2024b/sys/os/glnxa64:/home/qianw/MATLAB/R2024b/bin/glnxa64:/home/qianw/.MathWorks/IBOBuGAy6RMKv1qSO913GEckBr8xCIOmhZgwU7Cewvg/bin/glnxa64:/home/qianw/MATLAB/R2024b/extern/lib/glnxa64:/home/qianw/MATLAB/R2024b/cefclient/sys/os/glnxa64:/home/qianw/MATLAB/R2024b/sys/java/jre/glnxa64/jre/lib/amd64/native_threads:/home/qianw/MATLAB/R2024b/sys/java/jre/glnxa64/jre/lib/amd64/server'), ('BASEMATLABPATH', ''), ('HOME', '/home/qianw'), ('AUTOMOUNT_MAP', ''), ('OLDPWD', '/home/qianw/MATLAB/R2024b'), ('DESKTOP_SESSION', 'ubuntu'), ('MW_LD_SHIM', '/home/qianw/MATLAB/R2024b/bin/glnxa64/ld_shim.so.2.35.ubuntu_22_04'), ('GNOME_SHELL_SESSION_MODE', 'ubuntu'), ('GTK_MODULES', ''), ('KMP_BLOCKTIME', '1'), ('PS1', '(venv)'), ('LIBVA_MESSAGING_LEVEL', '0'), ('DBUS_STARTER_BUS_TYPE', 'session'), ('SYSTEMD_EXEC_PID', '1589'), ('DBUS_SESSION_BUS_ADDRESS', 'unix:path=/run/user/1000/bus,guid=05ca9b7e734973ff7170946067f5b6c6'), ('COLORTERM', 'truecolor'), ('CUSTOM_SITE_PACKAGES_PATH', ''), ('IM_CONFIG_PHASE', '1'), ('WAYLAND_DISPLAY', 'wayland-0'), ('COLCON_PREFIX_PATH', '/home/qianw/EECE5554/LAB4/src/matlab_msg_gen/glnxa64/install:/home/qianw/MATLAB/R2024b/sys/ros2/glnxa64/ros2:/home/qianw/MATLAB/R2024b/sys/ros2/glnxa64/ros2'), ('ROS_DISTRO', 'humble'), ('LOGNAME', 'qianw'), ('MATLAB_MEM_MGR_VALUE', ''), ('_', '/home/qianw/.matlab/R2024b/ros2/glnxa64/venv/bin/colcon'), ('PKG_CONFIG_PATH', '/home/qianw/MATLAB/R2024b/sys/ros2/glnxa64/ros2/lib/pkgconfig'), ('XDG_SESSION_CLASS', 'user'), ('USERNAME', 'qianw'), ('TERM', 'dumb'), ('GNOME_DESKTOP_SESSION_ID', 'this-is-deprecated'), ('PATH', '/home/qianw/MATLAB/R2024b/bin/glnxa64/cmake/bin::/home/qianw/MATLAB/R2024b/sys/ros2/glnxa64/ros2/bin:/home/qianw/.matlab/R2024b/ros2/glnxa64/venv/bin:/home/qianw/.matlab/R2024b/ros2/glnxa64/venv/bin:/home/qianw/MATLAB/R2024b/toolbox/shared/coder/ninja/glnxa64:/home/qianw/.local/bin:/usr/local/sbin:/usr/local/bin:/usr/sbin:/usr/bin:/sbin:/bin:/usr/games:/usr/local/games:/snap/bin:/snap/bin'), ('SESSION_MANAGER', 'local/Loounx2:@/tmp/.ICE-unix/1589,unix/Loounx2:/tmp/.ICE-unix/1589'), ('XDG_MENU_PREFIX', 'gnome-'), ('GNOME_TERMINAL_SCREEN', '/org/gnome/Terminal/screen/922497a6_5b45_4398_b204_6fe39b82aae5'), ('GNOME_SETUP_DISPLAY', ':1'), ('XDG_RUNTIME_DIR', '/run/user/1000'), ('TOOLBOX', '/home/qianw/MATLAB/R2024b/toolbox'), ('MKL_DOMAIN_NUM_THREADS', ''), ('KMP_INIT_AT_FORK', 'false'), ('DISPLAY', ':0'), ('LD_PRELOAD', ''), ('LANG', 'en_US.UTF-8'), ('XDG_CURRENT_DESKTOP', 'ubuntu:GNOME'), ('PRE_LD_PRELOAD', ''), ('VIRTUAL_ENV_PROMPT', '(venv)'), ('XMODIFIERS', '@im=ibus'), ('XDG_SESSION_DESKTOP', 'ubuntu'), ('XAUTHORITY', '/run/user/1000/.mutter-Xwaylandauth.IGPZ42'), ('GNOME_TERMINAL_SERVICE', ':1.138'), ('SSH_AGENT_LAUNCHER', 'gnome-keyring'), ('SSH_AUTH_SOCK', '/run/user/1000/keyring/ssh'), ('AMENT_PREFIX_PATH', '/home/qianw/EECE5554/LAB4/src/matlab_msg_gen/glnxa64/install:/home/qianw/MATLAB/R2024b/sys/ros2/glnxa64/ros2:/home/qianw/MATLAB/R2024b/sys/ros2/glnxa64/ros2'), ('SHELL', '/bin/bash'), ('CMAKE_PATH', '/home/qianw/MATLAB/R2024b/bin/glnxa64/cmake/bin'), ('XFILESEARCHPATH', '/home/qianw/MATLAB/R2024b/sys/java/jre/glnxa64/jre/lib/locale/%L/%T/%N%S:'), ('QT_ACCESSIBILITY', '1'), ('GDMSESSION', 'ubuntu'), ('OSG_LD_LIBRARY_PATH', '/home/qianw/MATLAB/R2024b/sys/openscenegraph/lib/glnxa64'), ('VIRTUAL_ENV', '/home/qianw/.matlab/R2024b/ros2/glnxa64/venv'), ('CUSTOM_PATH', ''), ('KMP_STACKSIZE', '512k'), ('QT_IM_MODULE', 'ibus'), ('PWD', '/home/qianw/EECE5554/LAB4/src/matlab_msg_gen/glnxa64/build/imu_interface'), ('XDG_CONFIG_DIRS', '/etc/xdg/xdg-ubuntu:/etc/xdg'), ('DYLD_LIBRARY_PATH', ':/home/qianw/MATLAB/R2024b/sys/ros2/glnxa64/ros2/lib:'), ('DBUS_STARTER_ADDRESS', 'unix:path=/run/user/1000/bus,guid=05ca9b7e734973ff7170946067f5b6c6'), ('XDG_DATA_DIRS', '/usr/share/ubuntu:/usr/local/share/:/usr/share/:/var/lib/snapd/desktop'), ('MKL_NUM_THREADS', ''), ('MW_PATCH_OFFSETS', '0000117000002EA0'), ('PYTHONPATH', ':/home/qianw/MATLAB/R2024b/sys/ros2/glnxa64/ros2/lib/python3.9/site-packages:/home/qianw/.matlab/R2024b/ros2/glnxa64/venv/lib/python3.10/site-packages:'), ('LC_NUMERIC', 'C'), ('COLCON', '1'), ('VTE_VERSION', '6800'), ('CMAKE_PREFIX_PATH', '/home/qianw/EECE5554/LAB4/src/matlab_msg_gen/glnxa64/install:/home/qianw/MATLAB/R2024b/sys/ros2/glnxa64/ros2:/home/qianw/MATLAB/R2024b/sys/ros2/glnxa64/ros2')]), 'shell': False}
[0.137063] (gps_interface) StdoutLine: {'line': b'[0/1] Re-running CMake...\n'}
[0.143678] (imu_interface) StdoutLine: {'line': b'[0/1] Re-running CMake...\n'}
[0.156568] (gps_interface) StdoutLine: {'line': b'-- Found ament_cmake: 1.3.3 (/home/qianw/MATLAB/R2024b/sys/ros2/glnxa64/ros2/share/ament_cmake/cmake)\n'}
[0.161042] (imu_interface) StdoutLine: {'line': b'-- Found ament_cmake: 1.3.3 (/home/qianw/MATLAB/R2024b/sys/ros2/glnxa64/ros2/share/ament_cmake/cmake)\n'}
[0.199813] (-) TimerEvent: {}
[0.301166] (-) TimerEvent: {}
[0.394942] (gps_interface) StdoutLine: {'line': b'-- Found ament_cmake_ros: 0.10.0 (/home/qianw/MATLAB/R2024b/sys/ros2/glnxa64/ros2/share/ament_cmake_ros/cmake)\n'}
[0.397590] (imu_interface) StdoutLine: {'line': b'-- Found ament_cmake_ros: 0.10.0 (/home/qianw/MATLAB/R2024b/sys/ros2/glnxa64/ros2/share/ament_cmake_ros/cmake)\n'}
[0.402500] (gps_interface) StdoutLine: {'line': b'-- Found rosidl_typesupport_c: 2.0.0 (/home/qianw/MATLAB/R2024b/sys/ros2/glnxa64/ros2/share/rosidl_typesupport_c/cmake)\n'}
[0.402711] (-) TimerEvent: {}
[0.402877] (gps_interface) StdoutLine: {'line': b'-- Using all available rosidl_typesupport_c: rosidl_typesupport_fastrtps_c;rosidl_typesupport_introspection_c\n'}
[0.403355] (imu_interface) StdoutLine: {'line': b'-- Found rosidl_typesupport_c: 2.0.0 (/home/qianw/MATLAB/R2024b/sys/ros2/glnxa64/ros2/share/rosidl_typesupport_c/cmake)\n'}
[0.403878] (imu_interface) StdoutLine: {'line': b'-- Using all available rosidl_typesupport_c: rosidl_typesupport_fastrtps_c;rosidl_typesupport_introspection_c\n'}
[0.408145] (gps_interface) StdoutLine: {'line': b'-- Found rosidl_adapter: 3.1.4 (/home/qianw/MATLAB/R2024b/sys/ros2/glnxa64/ros2/share/rosidl_adapter/cmake)\n'}
[0.411677] (imu_interface) StdoutLine: {'line': b'-- Found rosidl_adapter: 3.1.4 (/home/qianw/MATLAB/R2024b/sys/ros2/glnxa64/ros2/share/rosidl_adapter/cmake)\n'}
[0.486582] (gps_interface) StdoutLine: {'line': b'-- Found rosidl_typesupport_cpp: 2.0.0 (/home/qianw/MATLAB/R2024b/sys/ros2/glnxa64/ros2/share/rosidl_typesupport_cpp/cmake)\n'}
[0.487142] (gps_interface) StdoutLine: {'line': b'-- Using all available rosidl_typesupport_cpp: rosidl_typesupport_fastrtps_cpp;rosidl_typesupport_introspection_cpp\n'}
[0.489882] (imu_interface) StdoutLine: {'line': b'-- Found rosidl_typesupport_cpp: 2.0.0 (/home/qianw/MATLAB/R2024b/sys/ros2/glnxa64/ros2/share/rosidl_typesupport_cpp/cmake)\n'}
[0.494710] (imu_interface) StdoutLine: {'line': b'-- Using all available rosidl_typesupport_cpp: rosidl_typesupport_fastrtps_cpp;rosidl_typesupport_introspection_cpp\n'}
[0.502953] (-) TimerEvent: {}
[0.544531] (gps_interface) StdoutLine: {'line': b'-- Found rosidl_default_generators: 1.2.0 (/home/qianw/MATLAB/R2024b/sys/ros2/glnxa64/ros2/share/rosidl_default_generators/cmake)\n'}
[0.548438] (gps_interface) StdoutLine: {'line': b'-- Found class_loader: 2.2.0 (/home/qianw/MATLAB/R2024b/sys/ros2/glnxa64/ros2/share/class_loader/cmake)\n'}
[0.553595] (imu_interface) StdoutLine: {'line': b'-- Found rosidl_default_generators: 1.2.0 (/home/qianw/MATLAB/R2024b/sys/ros2/glnxa64/ros2/share/rosidl_default_generators/cmake)\n'}
[0.556672] (gps_interface) StdoutLine: {'line': b'-- Found rclcpp: 16.0.5 (/home/qianw/MATLAB/R2024b/sys/ros2/glnxa64/ros2/share/rclcpp/cmake)\n'}
[0.564577] (imu_interface) StdoutLine: {'line': b'-- Found class_loader: 2.2.0 (/home/qianw/MATLAB/R2024b/sys/ros2/glnxa64/ros2/share/class_loader/cmake)\n'}
[0.569478] (imu_interface) StdoutLine: {'line': b'-- Found rclcpp: 16.0.5 (/home/qianw/MATLAB/R2024b/sys/ros2/glnxa64/ros2/share/rclcpp/cmake)\n'}
[0.603348] (-) TimerEvent: {}
[0.704528] (-) TimerEvent: {}
[0.730122] (gps_interface) StdoutLine: {'line': b'-- Found rmw_implementation_cmake: 6.1.1 (/home/qianw/MATLAB/R2024b/sys/ros2/glnxa64/ros2/share/rmw_implementation_cmake/cmake)\n'}
[0.732549] (gps_interface) StdoutLine: {'line': b'-- Found rmw_fastrtps_cpp: 6.2.2 (/home/qianw/MATLAB/R2024b/sys/ros2/glnxa64/ros2/share/rmw_fastrtps_cpp/cmake)\n'}
[0.742079] (imu_interface) StdoutLine: {'line': b'-- Found rmw_implementation_cmake: 6.1.1 (/home/qianw/MATLAB/R2024b/sys/ros2/glnxa64/ros2/share/rmw_implementation_cmake/cmake)\n'}
[0.744546] (imu_interface) StdoutLine: {'line': b'-- Found rmw_fastrtps_cpp: 6.2.2 (/home/qianw/MATLAB/R2024b/sys/ros2/glnxa64/ros2/share/rmw_fastrtps_cpp/cmake)\n'}
[0.805485] (-) TimerEvent: {}
[0.905955] (-) TimerEvent: {}
[0.912783] (gps_interface) StdoutLine: {'line': b"-- Using RMW implementation 'rmw_fastrtps_cpp' as default\n"}
[0.926636] (imu_interface) StdoutLine: {'line': b"-- Using RMW implementation 'rmw_fastrtps_cpp' as default\n"}
[1.006429] (-) TimerEvent: {}
[1.106876] (-) TimerEvent: {}
[1.139642] (gps_interface) StdoutLine: {'line': b'-- Found std_msgs: 4.2.3 (/home/qianw/MATLAB/R2024b/sys/ros2/glnxa64/ros2/share/std_msgs/cmake)\n'}
[1.160833] (imu_interface) StdoutLine: {'line': b'-- Found sensor_msgs: 4.2.3 (/home/qianw/MATLAB/R2024b/sys/ros2/glnxa64/ros2/share/sensor_msgs/cmake)\n'}
[1.209051] (-) TimerEvent: {}
[1.309848] (-) TimerEvent: {}
[1.411164] (-) TimerEvent: {}
[1.511846] (-) TimerEvent: {}
[1.619249] (-) TimerEvent: {}
[1.719886] (-) TimerEvent: {}
[1.820774] (-) TimerEvent: {}
[1.921727] (-) TimerEvent: {}
[2.007039] (gps_interface) StdoutLine: {'line': b'-- Using all available rosidl_typesupport_c: rosidl_typesupport_fastrtps_c;rosidl_typesupport_introspection_c\n'}
[2.027544] (-) TimerEvent: {}
[2.128077] (-) TimerEvent: {}
[2.228879] (-) TimerEvent: {}
[2.330214] (-) TimerEvent: {}
[2.433509] (-) TimerEvent: {}
[2.442661] (gps_interface) StdoutLine: {'line': b'-- Using all available rosidl_typesupport_cpp: rosidl_typesupport_fastrtps_cpp;rosidl_typesupport_introspection_cpp\n'}
[2.457921] (gps_interface) StdoutLine: {'line': b'-- Configuring done\n'}
[2.507952] (gps_interface) StdoutLine: {'line': b'-- Generating done\n'}
[2.514311] (gps_interface) StdoutLine: {'line': b'-- Build files have been written to: /home/qianw/EECE5554/LAB4/src/matlab_msg_gen/glnxa64/build/gps_interface\n'}
[2.540332] (-) TimerEvent: {}
[2.570081] (gps_interface) StdoutLine: {'line': b'ninja: no work to do.\n'}
[2.581674] (gps_interface) CommandEnded: {'returncode': 0}
[2.612343] (gps_interface) JobProgress: {'identifier': 'gps_interface', 'progress': 'install'}
[2.620840] (gps_interface) Command: {'cmd': ['/home/qianw/MATLAB/R2024b/bin/glnxa64/cmake/bin/cmake', '--install', '/home/qianw/EECE5554/LAB4/src/matlab_msg_gen/glnxa64/build/gps_interface'], 'cwd': '/home/qianw/EECE5554/LAB4/src/matlab_msg_gen/glnxa64/build/gps_interface', 'env': OrderedDict([('ARCH', 'glnxa64'), ('CUSTOM_LD_LIBRARY_PATH', ''), ('USER', 'qianw'), ('LOCAL_PYTHON_VENV_PATH', '/home/qianw/.matlab/R2024b/ros2/glnxa64/venv'), ('MEMKIND_HEAP_MANAGER', 'TBB'), ('CUSTOM_AMENT_PREFIX_PATH', '/home/qianw/EECE5554/LAB4/src/matlab_msg_gen/glnxa64/install:/home/qianw/MATLAB/R2024b/sys/ros2/glnxa64/ros2'), ('XDG_SESSION_TYPE', 'wayland'), ('KMP_HANDLE_SIGNALS', '0'), ('SHLVL', '1'), ('ICU_TIMEZONE_FILES_DIR', '/home/qianw/MATLAB/R2024b/bin/icutzdata'), ('LD_LIBRARY_PATH', ':/home/qianw/MATLAB/R2024b/sys/ros2/glnxa64/ros2/lib:/home/qianw/MATLAB/R2024b/sys/os/glnxa64:/home/qianw/MATLAB/R2024b/bin/glnxa64:/home/qianw/.MathWorks/IBOBuGAy6RMKv1qSO913GEckBr8xCIOmhZgwU7Cewvg/bin/glnxa64:/home/qianw/MATLAB/R2024b/extern/lib/glnxa64:/home/qianw/MATLAB/R2024b/cefclient/sys/os/glnxa64:/home/qianw/MATLAB/R2024b/sys/java/jre/glnxa64/jre/lib/amd64/native_threads:/home/qianw/MATLAB/R2024b/sys/java/jre/glnxa64/jre/lib/amd64/server'), ('BASEMATLABPATH', ''), ('HOME', '/home/qianw'), ('AUTOMOUNT_MAP', ''), ('OLDPWD', '/home/qianw/MATLAB/R2024b'), ('DESKTOP_SESSION', 'ubuntu'), ('MW_LD_SHIM', '/home/qianw/MATLAB/R2024b/bin/glnxa64/ld_shim.so.2.35.ubuntu_22_04'), ('GNOME_SHELL_SESSION_MODE', 'ubuntu'), ('GTK_MODULES', ''), ('KMP_BLOCKTIME', '1'), ('PS1', '(venv)'), ('LIBVA_MESSAGING_LEVEL', '0'), ('DBUS_STARTER_BUS_TYPE', 'session'), ('SYSTEMD_EXEC_PID', '1589'), ('DBUS_SESSION_BUS_ADDRESS', 'unix:path=/run/user/1000/bus,guid=05ca9b7e734973ff7170946067f5b6c6'), ('COLORTERM', 'truecolor'), ('CUSTOM_SITE_PACKAGES_PATH', ''), ('IM_CONFIG_PHASE', '1'), ('WAYLAND_DISPLAY', 'wayland-0'), ('COLCON_PREFIX_PATH', '/home/qianw/EECE5554/LAB4/src/matlab_msg_gen/glnxa64/install:/home/qianw/MATLAB/R2024b/sys/ros2/glnxa64/ros2:/home/qianw/MATLAB/R2024b/sys/ros2/glnxa64/ros2'), ('ROS_DISTRO', 'humble'), ('LOGNAME', 'qianw'), ('MATLAB_MEM_MGR_VALUE', ''), ('_', '/home/qianw/.matlab/R2024b/ros2/glnxa64/venv/bin/colcon'), ('PKG_CONFIG_PATH', '/home/qianw/MATLAB/R2024b/sys/ros2/glnxa64/ros2/lib/pkgconfig'), ('XDG_SESSION_CLASS', 'user'), ('USERNAME', 'qianw'), ('TERM', 'dumb'), ('GNOME_DESKTOP_SESSION_ID', 'this-is-deprecated'), ('PATH', '/home/qianw/MATLAB/R2024b/bin/glnxa64/cmake/bin::/home/qianw/MATLAB/R2024b/sys/ros2/glnxa64/ros2/bin:/home/qianw/.matlab/R2024b/ros2/glnxa64/venv/bin:/home/qianw/.matlab/R2024b/ros2/glnxa64/venv/bin:/home/qianw/MATLAB/R2024b/toolbox/shared/coder/ninja/glnxa64:/home/qianw/.local/bin:/usr/local/sbin:/usr/local/bin:/usr/sbin:/usr/bin:/sbin:/bin:/usr/games:/usr/local/games:/snap/bin:/snap/bin'), ('SESSION_MANAGER', 'local/Loounx2:@/tmp/.ICE-unix/1589,unix/Loounx2:/tmp/.ICE-unix/1589'), ('XDG_MENU_PREFIX', 'gnome-'), ('GNOME_TERMINAL_SCREEN', '/org/gnome/Terminal/screen/922497a6_5b45_4398_b204_6fe39b82aae5'), ('GNOME_SETUP_DISPLAY', ':1'), ('XDG_RUNTIME_DIR', '/run/user/1000'), ('TOOLBOX', '/home/qianw/MATLAB/R2024b/toolbox'), ('MKL_DOMAIN_NUM_THREADS', ''), ('KMP_INIT_AT_FORK', 'false'), ('DISPLAY', ':0'), ('LD_PRELOAD', ''), ('LANG', 'en_US.UTF-8'), ('XDG_CURRENT_DESKTOP', 'ubuntu:GNOME'), ('PRE_LD_PRELOAD', ''), ('VIRTUAL_ENV_PROMPT', '(venv)'), ('XMODIFIERS', '@im=ibus'), ('XDG_SESSION_DESKTOP', 'ubuntu'), ('XAUTHORITY', '/run/user/1000/.mutter-Xwaylandauth.IGPZ42'), ('GNOME_TERMINAL_SERVICE', ':1.138'), ('SSH_AGENT_LAUNCHER', 'gnome-keyring'), ('SSH_AUTH_SOCK', '/run/user/1000/keyring/ssh'), ('AMENT_PREFIX_PATH', '/home/qianw/EECE5554/LAB4/src/matlab_msg_gen/glnxa64/install:/home/qianw/MATLAB/R2024b/sys/ros2/glnxa64/ros2:/home/qianw/MATLAB/R2024b/sys/ros2/glnxa64/ros2'), ('SHELL', '/bin/bash'), ('CMAKE_PATH', '/home/qianw/MATLAB/R2024b/bin/glnxa64/cmake/bin'), ('XFILESEARCHPATH', '/home/qianw/MATLAB/R2024b/sys/java/jre/glnxa64/jre/lib/locale/%L/%T/%N%S:'), ('QT_ACCESSIBILITY', '1'), ('GDMSESSION', 'ubuntu'), ('OSG_LD_LIBRARY_PATH', '/home/qianw/MATLAB/R2024b/sys/openscenegraph/lib/glnxa64'), ('VIRTUAL_ENV', '/home/qianw/.matlab/R2024b/ros2/glnxa64/venv'), ('CUSTOM_PATH', ''), ('KMP_STACKSIZE', '512k'), ('QT_IM_MODULE', 'ibus'), ('PWD', '/home/qianw/EECE5554/LAB4/src/matlab_msg_gen/glnxa64/build/gps_interface'), ('XDG_CONFIG_DIRS', '/etc/xdg/xdg-ubuntu:/etc/xdg'), ('DYLD_LIBRARY_PATH', ':/home/qianw/MATLAB/R2024b/sys/ros2/glnxa64/ros2/lib:'), ('DBUS_STARTER_ADDRESS', 'unix:path=/run/user/1000/bus,guid=05ca9b7e734973ff7170946067f5b6c6'), ('XDG_DATA_DIRS', '/usr/share/ubuntu:/usr/local/share/:/usr/share/:/var/lib/snapd/desktop'), ('MKL_NUM_THREADS', ''), ('MW_PATCH_OFFSETS', '0000117000002EA0'), ('PYTHONPATH', ':/home/qianw/MATLAB/R2024b/sys/ros2/glnxa64/ros2/lib/python3.9/site-packages:/home/qianw/.matlab/R2024b/ros2/glnxa64/venv/lib/python3.10/site-packages:'), ('LC_NUMERIC', 'C'), ('COLCON', '1'), ('VTE_VERSION', '6800'), ('CMAKE_PREFIX_PATH', '/home/qianw/EECE5554/LAB4/src/matlab_msg_gen/glnxa64/install:/home/qianw/MATLAB/R2024b/sys/ros2/glnxa64/ros2:/home/qianw/MATLAB/R2024b/sys/ros2/glnxa64/ros2')]), 'shell': False}
[2.629569] (gps_interface) StdoutLine: {'line': b'-- Install configuration: "Release"\n'}
[2.629865] (gps_interface) StdoutLine: {'line': b'-- Up-to-date: /home/qianw/EECE5554/LAB4/src/matlab_msg_gen/glnxa64/install/share/ament_index/resource_index/rosidl_interfaces/gps_interface\n'}
[2.629973] (gps_interface) StdoutLine: {'line': b'-- Up-to-date: /home/qianw/EECE5554/LAB4/src/matlab_msg_gen/glnxa64/install/include/gps_interface/gps_interface\n'}
[2.630061] (gps_interface) StdoutLine: {'line': b'-- Up-to-date: /home/qianw/EECE5554/LAB4/src/matlab_msg_gen/glnxa64/install/include/gps_interface/gps_interface/msg\n'}
[2.630143] (gps_interface) StdoutLine: {'line': b'-- Up-to-date: /home/qianw/EECE5554/LAB4/src/matlab_msg_gen/glnxa64/install/include/gps_interface/gps_interface/msg/gp_smsg.h\n'}
[2.630263] (gps_interface) StdoutLine: {'line': b'-- Up-to-date: /home/qianw/EECE5554/LAB4/src/matlab_msg_gen/glnxa64/install/include/gps_interface/gps_interface/msg/detail\n'}
[2.630400] (gps_interface) StdoutLine: {'line': b'-- Up-to-date: /home/qianw/EECE5554/LAB4/src/matlab_msg_gen/glnxa64/install/include/gps_interface/gps_interface/msg/detail/gp_smsg__functions.h\n'}
[2.630484] (gps_interface) StdoutLine: {'line': b'-- Up-to-date: /home/qianw/EECE5554/LAB4/src/matlab_msg_gen/glnxa64/install/include/gps_interface/gps_interface/msg/detail/gp_smsg__type_support.h\n'}
[2.630603] (gps_interface) StdoutLine: {'line': b'-- Up-to-date: /home/qianw/EECE5554/LAB4/src/matlab_msg_gen/glnxa64/install/include/gps_interface/gps_interface/msg/detail/gp_smsg__functions.c\n'}
[2.630790] (gps_interface) StdoutLine: {'line': b'-- Up-to-date: /home/qianw/EECE5554/LAB4/src/matlab_msg_gen/glnxa64/install/include/gps_interface/gps_interface/msg/detail/gp_smsg__struct.h\n'}
[2.630888] (gps_interface) StdoutLine: {'line': b'-- Up-to-date: /home/qianw/EECE5554/LAB4/src/matlab_msg_gen/glnxa64/install/include/gps_interface/gps_interface/msg/rosidl_generator_c__visibility_control.h\n'}
[2.630979] (gps_interface) StdoutLine: {'line': b'-- Up-to-date: /home/qianw/EECE5554/LAB4/src/matlab_msg_gen/glnxa64/install/share/gps_interface/environment/library_path.sh\n'}
[2.631057] (gps_interface) StdoutLine: {'line': b'-- Installing: /home/qianw/EECE5554/LAB4/src/matlab_msg_gen/glnxa64/install/share/gps_interface/environment/library_path.dsv\n'}
[2.631134] (gps_interface) StdoutLine: {'line': b'-- Up-to-date: /home/qianw/EECE5554/LAB4/src/matlab_msg_gen/glnxa64/install/lib/libgps_interface__rosidl_generator_c.so\n'}
[2.631277] (gps_interface) StdoutLine: {'line': b'-- Up-to-date: /home/qianw/EECE5554/LAB4/src/matlab_msg_gen/glnxa64/install/include/gps_interface/gps_interface\n'}
[2.631385] (gps_interface) StdoutLine: {'line': b'-- Up-to-date: /home/qianw/EECE5554/LAB4/src/matlab_msg_gen/glnxa64/install/include/gps_interface/gps_interface/msg\n'}
[2.631465] (gps_interface) StdoutLine: {'line': b'-- Up-to-date: /home/qianw/EECE5554/LAB4/src/matlab_msg_gen/glnxa64/install/include/gps_interface/gps_interface/msg/detail\n'}
[2.631542] (gps_interface) StdoutLine: {'line': b'-- Up-to-date: /home/qianw/EECE5554/LAB4/src/matlab_msg_gen/glnxa64/install/include/gps_interface/gps_interface/msg/detail/gp_smsg__rosidl_typesupport_fastrtps_c.h\n'}
[2.633937] (gps_interface) StdoutLine: {'line': b'-- Up-to-date: /home/qianw/EECE5554/LAB4/src/matlab_msg_gen/glnxa64/install/include/gps_interface/gps_interface/msg/rosidl_typesupport_fastrtps_c__visibility_control.h\n'}
[2.634231] (gps_interface) StdoutLine: {'line': b'-- Up-to-date: /home/qianw/EECE5554/LAB4/src/matlab_msg_gen/glnxa64/install/lib/libgps_interface__rosidl_typesupport_fastrtps_c.so\n'}
[2.634439] (gps_interface) StdoutLine: {'line': b'-- Up-to-date: /home/qianw/EECE5554/LAB4/src/matlab_msg_gen/glnxa64/install/include/gps_interface/gps_interface\n'}
[2.634651] (gps_interface) StdoutLine: {'line': b'-- Up-to-date: /home/qianw/EECE5554/LAB4/src/matlab_msg_gen/glnxa64/install/include/gps_interface/gps_interface/msg\n'}
[2.634751] (gps_interface) StdoutLine: {'line': b'-- Up-to-date: /home/qianw/EECE5554/LAB4/src/matlab_msg_gen/glnxa64/install/include/gps_interface/gps_interface/msg/detail\n'}
[2.634847] (gps_interface) StdoutLine: {'line': b'-- Up-to-date: /home/qianw/EECE5554/LAB4/src/matlab_msg_gen/glnxa64/install/include/gps_interface/gps_interface/msg/detail/gp_smsg__rosidl_typesupport_introspection_c.h\n'}
[2.635119] (gps_interface) StdoutLine: {'line': b'-- Up-to-date: /home/qianw/EECE5554/LAB4/src/matlab_msg_gen/glnxa64/install/include/gps_interface/gps_interface/msg/detail/gp_smsg__type_support.c\n'}
[2.635353] (gps_interface) StdoutLine: {'line': b'-- Up-to-date: /home/qianw/EECE5554/LAB4/src/matlab_msg_gen/glnxa64/install/include/gps_interface/gps_interface/msg/rosidl_typesupport_introspection_c__visibility_control.h\n'}
[2.635556] (gps_interface) StdoutLine: {'line': b'-- Up-to-date: /home/qianw/EECE5554/LAB4/src/matlab_msg_gen/glnxa64/install/lib/libgps_interface__rosidl_typesupport_introspection_c.so\n'}
[2.635739] (gps_interface) StdoutLine: {'line': b'-- Up-to-date: /home/qianw/EECE5554/LAB4/src/matlab_msg_gen/glnxa64/install/lib/libgps_interface__rosidl_typesupport_c.so\n'}
[2.639851] (gps_interface) StdoutLine: {'line': b'-- Up-to-date: /home/qianw/EECE5554/LAB4/src/matlab_msg_gen/glnxa64/install/include/gps_interface/gps_interface\n'}
[2.640075] (gps_interface) StdoutLine: {'line': b'-- Up-to-date: /home/qianw/EECE5554/LAB4/src/matlab_msg_gen/glnxa64/install/include/gps_interface/gps_interface/msg\n'}
[2.640635] (-) TimerEvent: {}
[2.640782] (gps_interface) StdoutLine: {'line': b'-- Up-to-date: /home/qianw/EECE5554/LAB4/src/matlab_msg_gen/glnxa64/install/include/gps_interface/gps_interface/msg/detail\n'}
[2.640906] (gps_interface) StdoutLine: {'line': b'-- Up-to-date: /home/qianw/EECE5554/LAB4/src/matlab_msg_gen/glnxa64/install/include/gps_interface/gps_interface/msg/detail/gp_smsg__builder.hpp\n'}
[2.641038] (gps_interface) StdoutLine: {'line': b'-- Up-to-date: /home/qianw/EECE5554/LAB4/src/matlab_msg_gen/glnxa64/install/include/gps_interface/gps_interface/msg/detail/gp_smsg__struct.hpp\n'}
[2.641410] (gps_interface) StdoutLine: {'line': b'-- Up-to-date: /home/qianw/EECE5554/LAB4/src/matlab_msg_gen/glnxa64/install/include/gps_interface/gps_interface/msg/detail/gp_smsg__traits.hpp\n'}
[2.641603] (gps_interface) StdoutLine: {'line': b'-- Up-to-date: /home/qianw/EECE5554/LAB4/src/matlab_msg_gen/glnxa64/install/include/gps_interface/gps_interface/msg/gp_smsg.hpp\n'}
[2.641839] (gps_interface) StdoutLine: {'line': b'-- Up-to-date: /home/qianw/EECE5554/LAB4/src/matlab_msg_gen/glnxa64/install/include/gps_interface/gps_interface\n'}
[2.642166] (gps_interface) StdoutLine: {'line': b'-- Up-to-date: /home/qianw/EECE5554/LAB4/src/matlab_msg_gen/glnxa64/install/include/gps_interface/gps_interface/msg\n'}
[2.642978] (gps_interface) StdoutLine: {'line': b'-- Up-to-date: /home/qianw/EECE5554/LAB4/src/matlab_msg_gen/glnxa64/install/include/gps_interface/gps_interface/msg/detail\n'}
[2.643276] (gps_interface) StdoutLine: {'line': b'-- Up-to-date: /home/qianw/EECE5554/LAB4/src/matlab_msg_gen/glnxa64/install/include/gps_interface/gps_interface/msg/detail/gp_smsg__rosidl_typesupport_fastrtps_cpp.hpp\n'}
[2.643492] (gps_interface) StdoutLine: {'line': b'-- Up-to-date: /home/qianw/EECE5554/LAB4/src/matlab_msg_gen/glnxa64/install/include/gps_interface/gps_interface/msg/detail/dds_fastrtps\n'}
[2.643799] (gps_interface) StdoutLine: {'line': b'-- Up-to-date: /home/qianw/EECE5554/LAB4/src/matlab_msg_gen/glnxa64/install/include/gps_interface/gps_interface/msg/rosidl_typesupport_fastrtps_cpp__visibility_control.h\n'}
[2.643980] (gps_interface) StdoutLine: {'line': b'-- Up-to-date: /home/qianw/EECE5554/LAB4/src/matlab_msg_gen/glnxa64/install/lib/libgps_interface__rosidl_typesupport_fastrtps_cpp.so\n'}
[2.644220] (gps_interface) StdoutLine: {'line': b'-- Up-to-date: /home/qianw/EECE5554/LAB4/src/matlab_msg_gen/glnxa64/install/include/gps_interface/gps_interface\n'}
[2.644435] (gps_interface) StdoutLine: {'line': b'-- Up-to-date: /home/qianw/EECE5554/LAB4/src/matlab_msg_gen/glnxa64/install/include/gps_interface/gps_interface/msg\n'}
[2.644614] (gps_interface) StdoutLine: {'line': b'-- Up-to-date: /home/qianw/EECE5554/LAB4/src/matlab_msg_gen/glnxa64/install/include/gps_interface/gps_interface/msg/detail\n'}
[2.644808] (gps_interface) StdoutLine: {'line': b'-- Up-to-date: /home/qianw/EECE5554/LAB4/src/matlab_msg_gen/glnxa64/install/include/gps_interface/gps_interface/msg/detail/gp_smsg__rosidl_typesupport_introspection_cpp.hpp\n'}
[2.644934] (gps_interface) StdoutLine: {'line': b'-- Up-to-date: /home/qianw/EECE5554/LAB4/src/matlab_msg_gen/glnxa64/install/include/gps_interface/gps_interface/msg/detail/gp_smsg__type_support.cpp\n'}
[2.645065] (gps_interface) StdoutLine: {'line': b'-- Up-to-date: /home/qianw/EECE5554/LAB4/src/matlab_msg_gen/glnxa64/install/lib/libgps_interface__rosidl_typesupport_introspection_cpp.so\n'}
[2.645253] (gps_interface) StdoutLine: {'line': b'-- Up-to-date: /home/qianw/EECE5554/LAB4/src/matlab_msg_gen/glnxa64/install/lib/libgps_interface__rosidl_typesupport_cpp.so\n'}
[2.645459] (gps_interface) StdoutLine: {'line': b'-- Up-to-date: /home/qianw/EECE5554/LAB4/src/matlab_msg_gen/glnxa64/install/share/gps_interface/msg/GPSmsg.idl\n'}
[2.645582] (gps_interface) StdoutLine: {'line': b'-- Up-to-date: /home/qianw/EECE5554/LAB4/src/matlab_msg_gen/glnxa64/install/share/gps_interface/msg/GPSmsg.msg\n'}
[2.645758] (gps_interface) StdoutLine: {'line': b'-- Up-to-date: /home/qianw/EECE5554/LAB4/src/matlab_msg_gen/glnxa64/install/include\n'}
[2.645898] (gps_interface) StdoutLine: {'line': b'-- Up-to-date: /home/qianw/EECE5554/LAB4/src/matlab_msg_gen/glnxa64/install/include/gps_interface\n'}
[2.646065] (gps_interface) StdoutLine: {'line': b'-- Up-to-date: /home/qianw/EECE5554/LAB4/src/matlab_msg_gen/glnxa64/install/include/gps_interface/visibility_control.h\n'}
[2.646378] (gps_interface) StdoutLine: {'line': b'-- Up-to-date: /home/qianw/EECE5554/LAB4/src/matlab_msg_gen/glnxa64/install/lib/libgps_interface_matlab.so\n'}
[2.649231] (gps_interface) StdoutLine: {'line': b'-- Up-to-date: /home/qianw/EECE5554/LAB4/src/matlab_msg_gen/glnxa64/install/m/\n'}
[2.649356] (gps_interface) StdoutLine: {'line': b'-- Up-to-date: /home/qianw/EECE5554/LAB4/src/matlab_msg_gen/glnxa64/install/m//+ros\n'}
[2.649446] (gps_interface) StdoutLine: {'line': b'-- Up-to-date: /home/qianw/EECE5554/LAB4/src/matlab_msg_gen/glnxa64/install/m//+ros/+internal\n'}
[2.649530] (gps_interface) StdoutLine: {'line': b'-- Up-to-date: /home/qianw/EECE5554/LAB4/src/matlab_msg_gen/glnxa64/install/m//+ros/+internal/+ros2\n'}
[2.649613] (gps_interface) StdoutLine: {'line': b'-- Up-to-date: /home/qianw/EECE5554/LAB4/src/matlab_msg_gen/glnxa64/install/m//+ros/+internal/+ros2/+custommessages\n'}
[2.649694] (gps_interface) StdoutLine: {'line': b'-- Up-to-date: /home/qianw/EECE5554/LAB4/src/matlab_msg_gen/glnxa64/install/m//+ros/+internal/+ros2/+custommessages/+gps_interface\n'}
[2.649775] (gps_interface) StdoutLine: {'line': b'-- Up-to-date: /home/qianw/EECE5554/LAB4/src/matlab_msg_gen/glnxa64/install/m//+ros/+internal/+ros2/+custommessages/+gps_interface/gPSmsg.m\n'}
[2.649856] (gps_interface) StdoutLine: {'line': b'-- Up-to-date: /home/qianw/EECE5554/LAB4/src/matlab_msg_gen/glnxa64/install/share/ament_index/resource_index/package_run_dependencies/gps_interface\n'}
[2.649938] (gps_interface) StdoutLine: {'line': b'-- Up-to-date: /home/qianw/EECE5554/LAB4/src/matlab_msg_gen/glnxa64/install/share/ament_index/resource_index/parent_prefix_path/gps_interface\n'}
[2.650018] (gps_interface) StdoutLine: {'line': b'-- Up-to-date: /home/qianw/EECE5554/LAB4/src/matlab_msg_gen/glnxa64/install/share/gps_interface/environment/ament_prefix_path.sh\n'}
[2.650096] (gps_interface) StdoutLine: {'line': b'-- Installing: /home/qianw/EECE5554/LAB4/src/matlab_msg_gen/glnxa64/install/share/gps_interface/environment/ament_prefix_path.dsv\n'}
[2.650176] (gps_interface) StdoutLine: {'line': b'-- Up-to-date: /home/qianw/EECE5554/LAB4/src/matlab_msg_gen/glnxa64/install/share/gps_interface/environment/path.sh\n'}
[2.650255] (gps_interface) StdoutLine: {'line': b'-- Installing: /home/qianw/EECE5554/LAB4/src/matlab_msg_gen/glnxa64/install/share/gps_interface/environment/path.dsv\n'}
[2.650334] (gps_interface) StdoutLine: {'line': b'-- Up-to-date: /home/qianw/EECE5554/LAB4/src/matlab_msg_gen/glnxa64/install/share/gps_interface/local_setup.bash\n'}
[2.650425] (gps_interface) StdoutLine: {'line': b'-- Up-to-date: /home/qianw/EECE5554/LAB4/src/matlab_msg_gen/glnxa64/install/share/gps_interface/local_setup.sh\n'}
[2.650506] (gps_interface) StdoutLine: {'line': b'-- Up-to-date: /home/qianw/EECE5554/LAB4/src/matlab_msg_gen/glnxa64/install/share/gps_interface/local_setup.zsh\n'}
[2.650585] (gps_interface) StdoutLine: {'line': b'-- Installing: /home/qianw/EECE5554/LAB4/src/matlab_msg_gen/glnxa64/install/share/gps_interface/local_setup.dsv\n'}
[2.650665] (gps_interface) StdoutLine: {'line': b'-- Installing: /home/qianw/EECE5554/LAB4/src/matlab_msg_gen/glnxa64/install/share/gps_interface/package.dsv\n'}
[2.650743] (gps_interface) StdoutLine: {'line': b'-- Up-to-date: /home/qianw/EECE5554/LAB4/src/matlab_msg_gen/glnxa64/install/share/ament_index/resource_index/packages/gps_interface\n'}
[2.650823] (gps_interface) StdoutLine: {'line': b'-- Up-to-date: /home/qianw/EECE5554/LAB4/src/matlab_msg_gen/glnxa64/install/share/gps_interface/cmake/export_gps_interface__rosidl_generator_cExport.cmake\n'}
[2.650904] (gps_interface) StdoutLine: {'line': b'-- Up-to-date: /home/qianw/EECE5554/LAB4/src/matlab_msg_gen/glnxa64/install/share/gps_interface/cmake/export_gps_interface__rosidl_generator_cExport-release.cmake\n'}
[2.650984] (gps_interface) StdoutLine: {'line': b'-- Up-to-date: /home/qianw/EECE5554/LAB4/src/matlab_msg_gen/glnxa64/install/share/gps_interface/cmake/export_gps_interface__rosidl_typesupport_fastrtps_cExport.cmake\n'}
[2.651858] (gps_interface) StdoutLine: {'line': b'-- Up-to-date: /home/qianw/EECE5554/LAB4/src/matlab_msg_gen/glnxa64/install/share/gps_interface/cmake/export_gps_interface__rosidl_typesupport_fastrtps_cExport-release.cmake\n'}
[2.652110] (gps_interface) StdoutLine: {'line': b'-- Up-to-date: /home/qianw/EECE5554/LAB4/src/matlab_msg_gen/glnxa64/install/share/gps_interface/cmake/gps_interface__rosidl_typesupport_introspection_cExport.cmake\n'}
[2.652707] (gps_interface) StdoutLine: {'line': b'-- Up-to-date: /home/qianw/EECE5554/LAB4/src/matlab_msg_gen/glnxa64/install/share/gps_interface/cmake/gps_interface__rosidl_typesupport_introspection_cExport-release.cmake\n'}
[2.652964] (gps_interface) StdoutLine: {'line': b'-- Up-to-date: /home/qianw/EECE5554/LAB4/src/matlab_msg_gen/glnxa64/install/share/gps_interface/cmake/gps_interface__rosidl_typesupport_cExport.cmake\n'}
[2.653130] (gps_interface) StdoutLine: {'line': b'-- Up-to-date: /home/qianw/EECE5554/LAB4/src/matlab_msg_gen/glnxa64/install/share/gps_interface/cmake/gps_interface__rosidl_typesupport_cExport-release.cmake\n'}
[2.653703] (gps_interface) StdoutLine: {'line': b'-- Up-to-date: /home/qianw/EECE5554/LAB4/src/matlab_msg_gen/glnxa64/install/share/gps_interface/cmake/export_gps_interface__rosidl_generator_cppExport.cmake\n'}
[2.658961] (gps_interface) StdoutLine: {'line': b'-- Up-to-date: /home/qianw/EECE5554/LAB4/src/matlab_msg_gen/glnxa64/install/share/gps_interface/cmake/export_gps_interface__rosidl_typesupport_fastrtps_cppExport.cmake\n'}
[2.659138] (gps_interface) StdoutLine: {'line': b'-- Up-to-date: /home/qianw/EECE5554/LAB4/src/matlab_msg_gen/glnxa64/install/share/gps_interface/cmake/export_gps_interface__rosidl_typesupport_fastrtps_cppExport-release.cmake\n'}
[2.659484] (gps_interface) StdoutLine: {'line': b'-- Up-to-date: /home/qianw/EECE5554/LAB4/src/matlab_msg_gen/glnxa64/install/share/gps_interface/cmake/gps_interface__rosidl_typesupport_introspection_cppExport.cmake\n'}
[2.659641] (gps_interface) StdoutLine: {'line': b'-- Up-to-date: /home/qianw/EECE5554/LAB4/src/matlab_msg_gen/glnxa64/install/share/gps_interface/cmake/gps_interface__rosidl_typesupport_introspection_cppExport-release.cmake\n'}
[2.659755] (gps_interface) StdoutLine: {'line': b'-- Up-to-date: /home/qianw/EECE5554/LAB4/src/matlab_msg_gen/glnxa64/install/share/gps_interface/cmake/gps_interface__rosidl_typesupport_cppExport.cmake\n'}
[2.659872] (gps_interface) StdoutLine: {'line': b'-- Up-to-date: /home/qianw/EECE5554/LAB4/src/matlab_msg_gen/glnxa64/install/share/gps_interface/cmake/gps_interface__rosidl_typesupport_cppExport-release.cmake\n'}
[2.659991] (gps_interface) StdoutLine: {'line': b'-- Up-to-date: /home/qianw/EECE5554/LAB4/src/matlab_msg_gen/glnxa64/install/share/gps_interface/cmake/rosidl_cmake-extras.cmake\n'}
[2.660106] (gps_interface) StdoutLine: {'line': b'-- Up-to-date: /home/qianw/EECE5554/LAB4/src/matlab_msg_gen/glnxa64/install/share/gps_interface/cmake/ament_cmake_export_dependencies-extras.cmake\n'}
[2.660404] (gps_interface) StdoutLine: {'line': b'-- Up-to-date: /home/qianw/EECE5554/LAB4/src/matlab_msg_gen/glnxa64/install/share/gps_interface/cmake/ament_cmake_export_include_directories-extras.cmake\n'}
[2.660632] (gps_interface) StdoutLine: {'line': b'-- Up-to-date: /home/qianw/EECE5554/LAB4/src/matlab_msg_gen/glnxa64/install/share/gps_interface/cmake/ament_cmake_export_libraries-extras.cmake\n'}
[2.660752] (gps_interface) StdoutLine: {'line': b'-- Up-to-date: /home/qianw/EECE5554/LAB4/src/matlab_msg_gen/glnxa64/install/share/gps_interface/cmake/ament_cmake_export_targets-extras.cmake\n'}
[2.664479] (gps_interface) StdoutLine: {'line': b'-- Up-to-date: /home/qianw/EECE5554/LAB4/src/matlab_msg_gen/glnxa64/install/share/gps_interface/cmake/rosidl_cmake_export_typesupport_targets-extras.cmake\n'}
[2.664690] (gps_interface) StdoutLine: {'line': b'-- Up-to-date: /home/qianw/EECE5554/LAB4/src/matlab_msg_gen/glnxa64/install/share/gps_interface/cmake/rosidl_cmake_export_typesupport_libraries-extras.cmake\n'}
[2.664806] (gps_interface) StdoutLine: {'line': b'-- Up-to-date: /home/qianw/EECE5554/LAB4/src/matlab_msg_gen/glnxa64/install/share/gps_interface/cmake/gps_interfaceConfig.cmake\n'}
[2.666997] (gps_interface) StdoutLine: {'line': b'-- Up-to-date: /home/qianw/EECE5554/LAB4/src/matlab_msg_gen/glnxa64/install/share/gps_interface/cmake/gps_interfaceConfig-version.cmake\n'}
[2.667272] (gps_interface) StdoutLine: {'line': b'-- Installing: /home/qianw/EECE5554/LAB4/src/matlab_msg_gen/glnxa64/install/share/gps_interface/package.xml\n'}
[2.667500] (gps_interface) CommandEnded: {'returncode': 0}
[2.739167] (imu_interface) StdoutLine: {'line': b'-- Using all available rosidl_typesupport_c: rosidl_typesupport_fastrtps_c;rosidl_typesupport_introspection_c\n'}
[2.745329] (-) TimerEvent: {}
[2.853119] (-) TimerEvent: {}
[2.867694] (gps_interface) JobEnded: {'identifier': 'gps_interface', 'rc': 0}
[2.953782] (-) TimerEvent: {}
[3.054302] (-) TimerEvent: {}
[3.154852] (-) TimerEvent: {}
[3.255602] (-) TimerEvent: {}
[3.356836] (-) TimerEvent: {}
[3.443134] (imu_interface) StdoutLine: {'line': b'-- Using all available rosidl_typesupport_cpp: rosidl_typesupport_fastrtps_cpp;rosidl_typesupport_introspection_cpp\n'}
[3.457390] (-) TimerEvent: {}
[3.458921] (imu_interface) StdoutLine: {'line': b'-- Configuring done\n'}
[3.516043] (imu_interface) StdoutLine: {'line': b'-- Generating done\n'}
[3.530731] (imu_interface) StdoutLine: {'line': b'-- Build files have been written to: /home/qianw/EECE5554/LAB4/src/matlab_msg_gen/glnxa64/build/imu_interface\n'}
[3.557684] (-) TimerEvent: {}
[3.559978] (imu_interface) StdoutLine: {'line': b'ninja: no work to do.\n'}
[3.565923] (imu_interface) CommandEnded: {'returncode': 0}
[3.601253] (imu_interface) JobProgress: {'identifier': 'imu_interface', 'progress': 'install'}
[3.601354] (imu_interface) Command: {'cmd': ['/home/qianw/MATLAB/R2024b/bin/glnxa64/cmake/bin/cmake', '--install', '/home/qianw/EECE5554/LAB4/src/matlab_msg_gen/glnxa64/build/imu_interface'], 'cwd': '/home/qianw/EECE5554/LAB4/src/matlab_msg_gen/glnxa64/build/imu_interface', 'env': OrderedDict([('ARCH', 'glnxa64'), ('CUSTOM_LD_LIBRARY_PATH', ''), ('USER', 'qianw'), ('LOCAL_PYTHON_VENV_PATH', '/home/qianw/.matlab/R2024b/ros2/glnxa64/venv'), ('MEMKIND_HEAP_MANAGER', 'TBB'), ('CUSTOM_AMENT_PREFIX_PATH', '/home/qianw/EECE5554/LAB4/src/matlab_msg_gen/glnxa64/install:/home/qianw/MATLAB/R2024b/sys/ros2/glnxa64/ros2'), ('XDG_SESSION_TYPE', 'wayland'), ('KMP_HANDLE_SIGNALS', '0'), ('SHLVL', '1'), ('ICU_TIMEZONE_FILES_DIR', '/home/qianw/MATLAB/R2024b/bin/icutzdata'), ('LD_LIBRARY_PATH', ':/home/qianw/MATLAB/R2024b/sys/ros2/glnxa64/ros2/lib:/home/qianw/MATLAB/R2024b/sys/os/glnxa64:/home/qianw/MATLAB/R2024b/bin/glnxa64:/home/qianw/.MathWorks/IBOBuGAy6RMKv1qSO913GEckBr8xCIOmhZgwU7Cewvg/bin/glnxa64:/home/qianw/MATLAB/R2024b/extern/lib/glnxa64:/home/qianw/MATLAB/R2024b/cefclient/sys/os/glnxa64:/home/qianw/MATLAB/R2024b/sys/java/jre/glnxa64/jre/lib/amd64/native_threads:/home/qianw/MATLAB/R2024b/sys/java/jre/glnxa64/jre/lib/amd64/server'), ('BASEMATLABPATH', ''), ('HOME', '/home/qianw'), ('AUTOMOUNT_MAP', ''), ('OLDPWD', '/home/qianw/MATLAB/R2024b'), ('DESKTOP_SESSION', 'ubuntu'), ('MW_LD_SHIM', '/home/qianw/MATLAB/R2024b/bin/glnxa64/ld_shim.so.2.35.ubuntu_22_04'), ('GNOME_SHELL_SESSION_MODE', 'ubuntu'), ('GTK_MODULES', ''), ('KMP_BLOCKTIME', '1'), ('PS1', '(venv)'), ('LIBVA_MESSAGING_LEVEL', '0'), ('DBUS_STARTER_BUS_TYPE', 'session'), ('SYSTEMD_EXEC_PID', '1589'), ('DBUS_SESSION_BUS_ADDRESS', 'unix:path=/run/user/1000/bus,guid=05ca9b7e734973ff7170946067f5b6c6'), ('COLORTERM', 'truecolor'), ('CUSTOM_SITE_PACKAGES_PATH', ''), ('IM_CONFIG_PHASE', '1'), ('WAYLAND_DISPLAY', 'wayland-0'), ('COLCON_PREFIX_PATH', '/home/qianw/EECE5554/LAB4/src/matlab_msg_gen/glnxa64/install:/home/qianw/MATLAB/R2024b/sys/ros2/glnxa64/ros2:/home/qianw/MATLAB/R2024b/sys/ros2/glnxa64/ros2'), ('ROS_DISTRO', 'humble'), ('LOGNAME', 'qianw'), ('MATLAB_MEM_MGR_VALUE', ''), ('_', '/home/qianw/.matlab/R2024b/ros2/glnxa64/venv/bin/colcon'), ('PKG_CONFIG_PATH', '/home/qianw/MATLAB/R2024b/sys/ros2/glnxa64/ros2/lib/pkgconfig'), ('XDG_SESSION_CLASS', 'user'), ('USERNAME', 'qianw'), ('TERM', 'dumb'), ('GNOME_DESKTOP_SESSION_ID', 'this-is-deprecated'), ('PATH', '/home/qianw/MATLAB/R2024b/bin/glnxa64/cmake/bin::/home/qianw/MATLAB/R2024b/sys/ros2/glnxa64/ros2/bin:/home/qianw/.matlab/R2024b/ros2/glnxa64/venv/bin:/home/qianw/.matlab/R2024b/ros2/glnxa64/venv/bin:/home/qianw/MATLAB/R2024b/toolbox/shared/coder/ninja/glnxa64:/home/qianw/.local/bin:/usr/local/sbin:/usr/local/bin:/usr/sbin:/usr/bin:/sbin:/bin:/usr/games:/usr/local/games:/snap/bin:/snap/bin'), ('SESSION_MANAGER', 'local/Loounx2:@/tmp/.ICE-unix/1589,unix/Loounx2:/tmp/.ICE-unix/1589'), ('XDG_MENU_PREFIX', 'gnome-'), ('GNOME_TERMINAL_SCREEN', '/org/gnome/Terminal/screen/922497a6_5b45_4398_b204_6fe39b82aae5'), ('GNOME_SETUP_DISPLAY', ':1'), ('XDG_RUNTIME_DIR', '/run/user/1000'), ('TOOLBOX', '/home/qianw/MATLAB/R2024b/toolbox'), ('MKL_DOMAIN_NUM_THREADS', ''), ('KMP_INIT_AT_FORK', 'false'), ('DISPLAY', ':0'), ('LD_PRELOAD', ''), ('LANG', 'en_US.UTF-8'), ('XDG_CURRENT_DESKTOP', 'ubuntu:GNOME'), ('PRE_LD_PRELOAD', ''), ('VIRTUAL_ENV_PROMPT', '(venv)'), ('XMODIFIERS', '@im=ibus'), ('XDG_SESSION_DESKTOP', 'ubuntu'), ('XAUTHORITY', '/run/user/1000/.mutter-Xwaylandauth.IGPZ42'), ('GNOME_TERMINAL_SERVICE', ':1.138'), ('SSH_AGENT_LAUNCHER', 'gnome-keyring'), ('SSH_AUTH_SOCK', '/run/user/1000/keyring/ssh'), ('AMENT_PREFIX_PATH', '/home/qianw/EECE5554/LAB4/src/matlab_msg_gen/glnxa64/install:/home/qianw/MATLAB/R2024b/sys/ros2/glnxa64/ros2:/home/qianw/MATLAB/R2024b/sys/ros2/glnxa64/ros2'), ('SHELL', '/bin/bash'), ('CMAKE_PATH', '/home/qianw/MATLAB/R2024b/bin/glnxa64/cmake/bin'), ('XFILESEARCHPATH', '/home/qianw/MATLAB/R2024b/sys/java/jre/glnxa64/jre/lib/locale/%L/%T/%N%S:'), ('QT_ACCESSIBILITY', '1'), ('GDMSESSION', 'ubuntu'), ('OSG_LD_LIBRARY_PATH', '/home/qianw/MATLAB/R2024b/sys/openscenegraph/lib/glnxa64'), ('VIRTUAL_ENV', '/home/qianw/.matlab/R2024b/ros2/glnxa64/venv'), ('CUSTOM_PATH', ''), ('KMP_STACKSIZE', '512k'), ('QT_IM_MODULE', 'ibus'), ('PWD', '/home/qianw/EECE5554/LAB4/src/matlab_msg_gen/glnxa64/build/imu_interface'), ('XDG_CONFIG_DIRS', '/etc/xdg/xdg-ubuntu:/etc/xdg'), ('DYLD_LIBRARY_PATH', ':/home/qianw/MATLAB/R2024b/sys/ros2/glnxa64/ros2/lib:'), ('DBUS_STARTER_ADDRESS', 'unix:path=/run/user/1000/bus,guid=05ca9b7e734973ff7170946067f5b6c6'), ('XDG_DATA_DIRS', '/usr/share/ubuntu:/usr/local/share/:/usr/share/:/var/lib/snapd/desktop'), ('MKL_NUM_THREADS', ''), ('MW_PATCH_OFFSETS', '0000117000002EA0'), ('PYTHONPATH', ':/home/qianw/MATLAB/R2024b/sys/ros2/glnxa64/ros2/lib/python3.9/site-packages:/home/qianw/.matlab/R2024b/ros2/glnxa64/venv/lib/python3.10/site-packages:'), ('LC_NUMERIC', 'C'), ('COLCON', '1'), ('VTE_VERSION', '6800'), ('CMAKE_PREFIX_PATH', '/home/qianw/EECE5554/LAB4/src/matlab_msg_gen/glnxa64/install:/home/qianw/MATLAB/R2024b/sys/ros2/glnxa64/ros2:/home/qianw/MATLAB/R2024b/sys/ros2/glnxa64/ros2')]), 'shell': False}
[3.607414] (imu_interface) StdoutLine: {'line': b'-- Install configuration: "Release"\n'}
[3.607770] (imu_interface) StdoutLine: {'line': b'-- Up-to-date: /home/qianw/EECE5554/LAB4/src/matlab_msg_gen/glnxa64/install/share/ament_index/resource_index/rosidl_interfaces/imu_interface\n'}
[3.607945] (imu_interface) StdoutLine: {'line': b'-- Up-to-date: /home/qianw/EECE5554/LAB4/src/matlab_msg_gen/glnxa64/install/include/imu_interface/imu_interface\n'}
[3.608057] (imu_interface) StdoutLine: {'line': b'-- Up-to-date: /home/qianw/EECE5554/LAB4/src/matlab_msg_gen/glnxa64/install/include/imu_interface/imu_interface/msg\n'}
[3.608169] (imu_interface) StdoutLine: {'line': b'-- Up-to-date: /home/qianw/EECE5554/LAB4/src/matlab_msg_gen/glnxa64/install/include/imu_interface/imu_interface/msg/detail\n'}
[3.608284] (imu_interface) StdoutLine: {'line': b'-- Up-to-date: /home/qianw/EECE5554/LAB4/src/matlab_msg_gen/glnxa64/install/include/imu_interface/imu_interface/msg/detail/im_umsg__struct.h\n'}
[3.608402] (imu_interface) StdoutLine: {'line': b'-- Up-to-date: /home/qianw/EECE5554/LAB4/src/matlab_msg_gen/glnxa64/install/include/imu_interface/imu_interface/msg/detail/im_umsg__type_support.h\n'}
[3.608799] (imu_interface) StdoutLine: {'line': b'-- Up-to-date: /home/qianw/EECE5554/LAB4/src/matlab_msg_gen/glnxa64/install/include/imu_interface/imu_interface/msg/detail/im_umsg__functions.h\n'}
[3.609020] (imu_interface) StdoutLine: {'line': b'-- Up-to-date: /home/qianw/EECE5554/LAB4/src/matlab_msg_gen/glnxa64/install/include/imu_interface/imu_interface/msg/detail/im_umsg__functions.c\n'}
[3.609381] (imu_interface) StdoutLine: {'line': b'-- Up-to-date: /home/qianw/EECE5554/LAB4/src/matlab_msg_gen/glnxa64/install/include/imu_interface/imu_interface/msg/rosidl_generator_c__visibility_control.h\n'}
[3.609716] (imu_interface) StdoutLine: {'line': b'-- Up-to-date: /home/qianw/EECE5554/LAB4/src/matlab_msg_gen/glnxa64/install/include/imu_interface/imu_interface/msg/im_umsg.h\n'}
[3.609829] (imu_interface) StdoutLine: {'line': b'-- Up-to-date: /home/qianw/EECE5554/LAB4/src/matlab_msg_gen/glnxa64/install/share/imu_interface/environment/library_path.sh\n'}
[3.609916] (imu_interface) StdoutLine: {'line': b'-- Installing: /home/qianw/EECE5554/LAB4/src/matlab_msg_gen/glnxa64/install/share/imu_interface/environment/library_path.dsv\n'}
[3.610000] (imu_interface) StdoutLine: {'line': b'-- Up-to-date: /home/qianw/EECE5554/LAB4/src/matlab_msg_gen/glnxa64/install/lib/libimu_interface__rosidl_generator_c.so\n'}
[3.610080] (imu_interface) StdoutLine: {'line': b'-- Up-to-date: /home/qianw/EECE5554/LAB4/src/matlab_msg_gen/glnxa64/install/include/imu_interface/imu_interface\n'}
[3.610161] (imu_interface) StdoutLine: {'line': b'-- Up-to-date: /home/qianw/EECE5554/LAB4/src/matlab_msg_gen/glnxa64/install/include/imu_interface/imu_interface/msg\n'}
[3.610585] (imu_interface) StdoutLine: {'line': b'-- Up-to-date: /home/qianw/EECE5554/LAB4/src/matlab_msg_gen/glnxa64/install/include/imu_interface/imu_interface/msg/detail\n'}
[3.611114] (imu_interface) StdoutLine: {'line': b'-- Up-to-date: /home/qianw/EECE5554/LAB4/src/matlab_msg_gen/glnxa64/install/include/imu_interface/imu_interface/msg/detail/im_umsg__rosidl_typesupport_fastrtps_c.h\n'}
[3.611989] (imu_interface) StdoutLine: {'line': b'-- Up-to-date: /home/qianw/EECE5554/LAB4/src/matlab_msg_gen/glnxa64/install/include/imu_interface/imu_interface/msg/rosidl_typesupport_fastrtps_c__visibility_control.h\n'}
[3.612512] (imu_interface) StdoutLine: {'line': b'-- Up-to-date: /home/qianw/EECE5554/LAB4/src/matlab_msg_gen/glnxa64/install/lib/libimu_interface__rosidl_typesupport_fastrtps_c.so\n'}
[3.612943] (imu_interface) StdoutLine: {'line': b'-- Up-to-date: /home/qianw/EECE5554/LAB4/src/matlab_msg_gen/glnxa64/install/include/imu_interface/imu_interface\n'}
[3.613526] (imu_interface) StdoutLine: {'line': b'-- Up-to-date: /home/qianw/EECE5554/LAB4/src/matlab_msg_gen/glnxa64/install/include/imu_interface/imu_interface/msg\n'}
[3.613773] (imu_interface) StdoutLine: {'line': b'-- Up-to-date: /home/qianw/EECE5554/LAB4/src/matlab_msg_gen/glnxa64/install/include/imu_interface/imu_interface/msg/detail\n'}
[3.613977] (imu_interface) StdoutLine: {'line': b'-- Up-to-date: /home/qianw/EECE5554/LAB4/src/matlab_msg_gen/glnxa64/install/include/imu_interface/imu_interface/msg/detail/im_umsg__rosidl_typesupport_introspection_c.h\n'}
[3.614432] (imu_interface) StdoutLine: {'line': b'-- Up-to-date: /home/qianw/EECE5554/LAB4/src/matlab_msg_gen/glnxa64/install/include/imu_interface/imu_interface/msg/detail/im_umsg__type_support.c\n'}
[3.614605] (imu_interface) StdoutLine: {'line': b'-- Up-to-date: /home/qianw/EECE5554/LAB4/src/matlab_msg_gen/glnxa64/install/include/imu_interface/imu_interface/msg/rosidl_typesupport_introspection_c__visibility_control.h\n'}
[3.614728] (imu_interface) StdoutLine: {'line': b'-- Up-to-date: /home/qianw/EECE5554/LAB4/src/matlab_msg_gen/glnxa64/install/lib/libimu_interface__rosidl_typesupport_introspection_c.so\n'}
[3.614841] (imu_interface) StdoutLine: {'line': b'-- Up-to-date: /home/qianw/EECE5554/LAB4/src/matlab_msg_gen/glnxa64/install/lib/libimu_interface__rosidl_typesupport_c.so\n'}
[3.614948] (imu_interface) StdoutLine: {'line': b'-- Up-to-date: /home/qianw/EECE5554/LAB4/src/matlab_msg_gen/glnxa64/install/include/imu_interface/imu_interface\n'}
[3.615048] (imu_interface) StdoutLine: {'line': b'-- Up-to-date: /home/qianw/EECE5554/LAB4/src/matlab_msg_gen/glnxa64/install/include/imu_interface/imu_interface/msg\n'}
[3.615171] (imu_interface) StdoutLine: {'line': b'-- Up-to-date: /home/qianw/EECE5554/LAB4/src/matlab_msg_gen/glnxa64/install/include/imu_interface/imu_interface/msg/detail\n'}
[3.615285] (imu_interface) StdoutLine: {'line': b'-- Up-to-date: /home/qianw/EECE5554/LAB4/src/matlab_msg_gen/glnxa64/install/include/imu_interface/imu_interface/msg/detail/im_umsg__struct.hpp\n'}
[3.615594] (imu_interface) StdoutLine: {'line': b'-- Up-to-date: /home/qianw/EECE5554/LAB4/src/matlab_msg_gen/glnxa64/install/include/imu_interface/imu_interface/msg/detail/im_umsg__builder.hpp\n'}
[3.615695] (imu_interface) StdoutLine: {'line': b'-- Up-to-date: /home/qianw/EECE5554/LAB4/src/matlab_msg_gen/glnxa64/install/include/imu_interface/imu_interface/msg/detail/im_umsg__traits.hpp\n'}
[3.615773] (imu_interface) StdoutLine: {'line': b'-- Up-to-date: /home/qianw/EECE5554/LAB4/src/matlab_msg_gen/glnxa64/install/include/imu_interface/imu_interface/msg/im_umsg.hpp\n'}
[3.615851] (imu_interface) StdoutLine: {'line': b'-- Up-to-date: /home/qianw/EECE5554/LAB4/src/matlab_msg_gen/glnxa64/install/include/imu_interface/imu_interface\n'}
[3.615927] (imu_interface) StdoutLine: {'line': b'-- Up-to-date: /home/qianw/EECE5554/LAB4/src/matlab_msg_gen/glnxa64/install/include/imu_interface/imu_interface/msg\n'}
[3.616003] (imu_interface) StdoutLine: {'line': b'-- Up-to-date: /home/qianw/EECE5554/LAB4/src/matlab_msg_gen/glnxa64/install/include/imu_interface/imu_interface/msg/detail\n'}
[3.616087] (imu_interface) StdoutLine: {'line': b'-- Up-to-date: /home/qianw/EECE5554/LAB4/src/matlab_msg_gen/glnxa64/install/include/imu_interface/imu_interface/msg/detail/im_umsg__rosidl_typesupport_fastrtps_cpp.hpp\n'}
[3.616166] (imu_interface) StdoutLine: {'line': b'-- Up-to-date: /home/qianw/EECE5554/LAB4/src/matlab_msg_gen/glnxa64/install/include/imu_interface/imu_interface/msg/detail/dds_fastrtps\n'}
[3.616321] (imu_interface) StdoutLine: {'line': b'-- Up-to-date: /home/qianw/EECE5554/LAB4/src/matlab_msg_gen/glnxa64/install/include/imu_interface/imu_interface/msg/rosidl_typesupport_fastrtps_cpp__visibility_control.h\n'}
[3.616409] (imu_interface) StdoutLine: {'line': b'-- Up-to-date: /home/qianw/EECE5554/LAB4/src/matlab_msg_gen/glnxa64/install/lib/libimu_interface__rosidl_typesupport_fastrtps_cpp.so\n'}
[3.616488] (imu_interface) StdoutLine: {'line': b'-- Up-to-date: /home/qianw/EECE5554/LAB4/src/matlab_msg_gen/glnxa64/install/include/imu_interface/imu_interface\n'}
[3.616592] (imu_interface) StdoutLine: {'line': b'-- Up-to-date: /home/qianw/EECE5554/LAB4/src/matlab_msg_gen/glnxa64/install/include/imu_interface/imu_interface/msg\n'}
[3.616696] (imu_interface) StdoutLine: {'line': b'-- Up-to-date: /home/qianw/EECE5554/LAB4/src/matlab_msg_gen/glnxa64/install/include/imu_interface/imu_interface/msg/detail\n'}
[3.616797] (imu_interface) StdoutLine: {'line': b'-- Up-to-date: /home/qianw/EECE5554/LAB4/src/matlab_msg_gen/glnxa64/install/include/imu_interface/imu_interface/msg/detail/im_umsg__rosidl_typesupport_introspection_cpp.hpp\n'}
[3.616914] (imu_interface) StdoutLine: {'line': b'-- Up-to-date: /home/qianw/EECE5554/LAB4/src/matlab_msg_gen/glnxa64/install/include/imu_interface/imu_interface/msg/detail/im_umsg__type_support.cpp\n'}
[3.617318] (imu_interface) StdoutLine: {'line': b'-- Up-to-date: /home/qianw/EECE5554/LAB4/src/matlab_msg_gen/glnxa64/install/lib/libimu_interface__rosidl_typesupport_introspection_cpp.so\n'}
[3.617511] (imu_interface) StdoutLine: {'line': b'-- Up-to-date: /home/qianw/EECE5554/LAB4/src/matlab_msg_gen/glnxa64/install/lib/libimu_interface__rosidl_typesupport_cpp.so\n'}
[3.617660] (imu_interface) StdoutLine: {'line': b'-- Up-to-date: /home/qianw/EECE5554/LAB4/src/matlab_msg_gen/glnxa64/install/share/imu_interface/msg/IMUmsg.idl\n'}
[3.618764] (imu_interface) StdoutLine: {'line': b'-- Up-to-date: /home/qianw/EECE5554/LAB4/src/matlab_msg_gen/glnxa64/install/share/imu_interface/msg/IMUmsg.msg\n'}
[3.619259] (imu_interface) StdoutLine: {'line': b'-- Up-to-date: /home/qianw/EECE5554/LAB4/src/matlab_msg_gen/glnxa64/install/include\n'}
[3.626459] (imu_interface) StdoutLine: {'line': b'-- Up-to-date: /home/qianw/EECE5554/LAB4/src/matlab_msg_gen/glnxa64/install/include/imu_interface\n'}
[3.626690] (imu_interface) StdoutLine: {'line': b'-- Up-to-date: /home/qianw/EECE5554/LAB4/src/matlab_msg_gen/glnxa64/install/include/imu_interface/visibility_control.h\n'}
[3.626844] (imu_interface) StdoutLine: {'line': b'-- Up-to-date: /home/qianw/EECE5554/LAB4/src/matlab_msg_gen/glnxa64/install/lib/libimu_interface_matlab.so\n'}
[3.626968] (imu_interface) StdoutLine: {'line': b'-- Up-to-date: /home/qianw/EECE5554/LAB4/src/matlab_msg_gen/glnxa64/install/m/\n'}
[3.627084] (imu_interface) StdoutLine: {'line': b'-- Up-to-date: /home/qianw/EECE5554/LAB4/src/matlab_msg_gen/glnxa64/install/m//+ros\n'}
[3.627193] (imu_interface) StdoutLine: {'line': b'-- Up-to-date: /home/qianw/EECE5554/LAB4/src/matlab_msg_gen/glnxa64/install/m//+ros/+internal\n'}
[3.634711] (imu_interface) StdoutLine: {'line': b'-- Up-to-date: /home/qianw/EECE5554/LAB4/src/matlab_msg_gen/glnxa64/install/m//+ros/+internal/+ros2\n'}
[3.640131] (imu_interface) StdoutLine: {'line': b'-- Up-to-date: /home/qianw/EECE5554/LAB4/src/matlab_msg_gen/glnxa64/install/m//+ros/+internal/+ros2/+custommessages\n'}
[3.640616] (imu_interface) StdoutLine: {'line': b'-- Up-to-date: /home/qianw/EECE5554/LAB4/src/matlab_msg_gen/glnxa64/install/m//+ros/+internal/+ros2/+custommessages/+imu_interface\n'}
[3.640749] (imu_interface) StdoutLine: {'line': b'-- Up-to-date: /home/qianw/EECE5554/LAB4/src/matlab_msg_gen/glnxa64/install/m//+ros/+internal/+ros2/+custommessages/+imu_interface/iMUmsg.m\n'}
[3.640851] (imu_interface) StdoutLine: {'line': b'-- Up-to-date: /home/qianw/EECE5554/LAB4/src/matlab_msg_gen/glnxa64/install/share/ament_index/resource_index/package_run_dependencies/imu_interface\n'}
[3.640952] (imu_interface) StdoutLine: {'line': b'-- Up-to-date: /home/qianw/EECE5554/LAB4/src/matlab_msg_gen/glnxa64/install/share/ament_index/resource_index/parent_prefix_path/imu_interface\n'}
[3.641057] (imu_interface) StdoutLine: {'line': b'-- Up-to-date: /home/qianw/EECE5554/LAB4/src/matlab_msg_gen/glnxa64/install/share/imu_interface/environment/ament_prefix_path.sh\n'}
[3.641160] (imu_interface) StdoutLine: {'line': b'-- Installing: /home/qianw/EECE5554/LAB4/src/matlab_msg_gen/glnxa64/install/share/imu_interface/environment/ament_prefix_path.dsv\n'}
[3.641270] (imu_interface) StdoutLine: {'line': b'-- Up-to-date: /home/qianw/EECE5554/LAB4/src/matlab_msg_gen/glnxa64/install/share/imu_interface/environment/path.sh\n'}
[3.641536] (imu_interface) StdoutLine: {'line': b'-- Installing: /home/qianw/EECE5554/LAB4/src/matlab_msg_gen/glnxa64/install/share/imu_interface/environment/path.dsv\n'}
[3.641644] (imu_interface) StdoutLine: {'line': b'-- Up-to-date: /home/qianw/EECE5554/LAB4/src/matlab_msg_gen/glnxa64/install/share/imu_interface/local_setup.bash\n'}
[3.643042] (imu_interface) StdoutLine: {'line': b'-- Up-to-date: /home/qianw/EECE5554/LAB4/src/matlab_msg_gen/glnxa64/install/share/imu_interface/local_setup.sh\n'}
[3.643358] (imu_interface) StdoutLine: {'line': b'-- Up-to-date: /home/qianw/EECE5554/LAB4/src/matlab_msg_gen/glnxa64/install/share/imu_interface/local_setup.zsh\n'}
[3.643652] (imu_interface) StdoutLine: {'line': b'-- Installing: /home/qianw/EECE5554/LAB4/src/matlab_msg_gen/glnxa64/install/share/imu_interface/local_setup.dsv\n'}
[3.643838] (imu_interface) StdoutLine: {'line': b'-- Installing: /home/qianw/EECE5554/LAB4/src/matlab_msg_gen/glnxa64/install/share/imu_interface/package.dsv\n'}
[3.644014] (imu_interface) StdoutLine: {'line': b'-- Up-to-date: /home/qianw/EECE5554/LAB4/src/matlab_msg_gen/glnxa64/install/share/ament_index/resource_index/packages/imu_interface\n'}
[3.644303] (imu_interface) StdoutLine: {'line': b'-- Up-to-date: /home/qianw/EECE5554/LAB4/src/matlab_msg_gen/glnxa64/install/share/imu_interface/cmake/export_imu_interface__rosidl_generator_cExport.cmake\n'}
[3.644467] (imu_interface) StdoutLine: {'line': b'-- Up-to-date: /home/qianw/EECE5554/LAB4/src/matlab_msg_gen/glnxa64/install/share/imu_interface/cmake/export_imu_interface__rosidl_generator_cExport-release.cmake\n'}
[3.644590] (imu_interface) StdoutLine: {'line': b'-- Up-to-date: /home/qianw/EECE5554/LAB4/src/matlab_msg_gen/glnxa64/install/share/imu_interface/cmake/export_imu_interface__rosidl_typesupport_fastrtps_cExport.cmake\n'}
[3.644685] (imu_interface) StdoutLine: {'line': b'-- Up-to-date: /home/qianw/EECE5554/LAB4/src/matlab_msg_gen/glnxa64/install/share/imu_interface/cmake/export_imu_interface__rosidl_typesupport_fastrtps_cExport-release.cmake\n'}
[3.644824] (imu_interface) StdoutLine: {'line': b'-- Up-to-date: /home/qianw/EECE5554/LAB4/src/matlab_msg_gen/glnxa64/install/share/imu_interface/cmake/imu_interface__rosidl_typesupport_introspection_cExport.cmake\n'}
[3.644951] (imu_interface) StdoutLine: {'line': b'-- Up-to-date: /home/qianw/EECE5554/LAB4/src/matlab_msg_gen/glnxa64/install/share/imu_interface/cmake/imu_interface__rosidl_typesupport_introspection_cExport-release.cmake\n'}
[3.645083] (imu_interface) StdoutLine: {'line': b'-- Up-to-date: /home/qianw/EECE5554/LAB4/src/matlab_msg_gen/glnxa64/install/share/imu_interface/cmake/imu_interface__rosidl_typesupport_cExport.cmake\n'}
[3.645483] (imu_interface) StdoutLine: {'line': b'-- Up-to-date: /home/qianw/EECE5554/LAB4/src/matlab_msg_gen/glnxa64/install/share/imu_interface/cmake/imu_interface__rosidl_typesupport_cExport-release.cmake\n'}
[3.645600] (imu_interface) StdoutLine: {'line': b'-- Up-to-date: /home/qianw/EECE5554/LAB4/src/matlab_msg_gen/glnxa64/install/share/imu_interface/cmake/export_imu_interface__rosidl_generator_cppExport.cmake\n'}
[3.645707] (imu_interface) StdoutLine: {'line': b'-- Up-to-date: /home/qianw/EECE5554/LAB4/src/matlab_msg_gen/glnxa64/install/share/imu_interface/cmake/export_imu_interface__rosidl_typesupport_fastrtps_cppExport.cmake\n'}
[3.645817] (imu_interface) StdoutLine: {'line': b'-- Up-to-date: /home/qianw/EECE5554/LAB4/src/matlab_msg_gen/glnxa64/install/share/imu_interface/cmake/export_imu_interface__rosidl_typesupport_fastrtps_cppExport-release.cmake\n'}
[3.645917] (imu_interface) StdoutLine: {'line': b'-- Up-to-date: /home/qianw/EECE5554/LAB4/src/matlab_msg_gen/glnxa64/install/share/imu_interface/cmake/imu_interface__rosidl_typesupport_introspection_cppExport.cmake\n'}
[3.646015] (imu_interface) StdoutLine: {'line': b'-- Up-to-date: /home/qianw/EECE5554/LAB4/src/matlab_msg_gen/glnxa64/install/share/imu_interface/cmake/imu_interface__rosidl_typesupport_introspection_cppExport-release.cmake\n'}
[3.646162] (imu_interface) StdoutLine: {'line': b'-- Up-to-date: /home/qianw/EECE5554/LAB4/src/matlab_msg_gen/glnxa64/install/share/imu_interface/cmake/imu_interface__rosidl_typesupport_cppExport.cmake\n'}
[3.646276] (imu_interface) StdoutLine: {'line': b'-- Up-to-date: /home/qianw/EECE5554/LAB4/src/matlab_msg_gen/glnxa64/install/share/imu_interface/cmake/imu_interface__rosidl_typesupport_cppExport-release.cmake\n'}
[3.646452] (imu_interface) StdoutLine: {'line': b'-- Up-to-date: /home/qianw/EECE5554/LAB4/src/matlab_msg_gen/glnxa64/install/share/imu_interface/cmake/rosidl_cmake-extras.cmake\n'}
[3.646700] (imu_interface) StdoutLine: {'line': b'-- Up-to-date: /home/qianw/EECE5554/LAB4/src/matlab_msg_gen/glnxa64/install/share/imu_interface/cmake/ament_cmake_export_dependencies-extras.cmake\n'}
[3.646827] (imu_interface) StdoutLine: {'line': b'-- Up-to-date: /home/qianw/EECE5554/LAB4/src/matlab_msg_gen/glnxa64/install/share/imu_interface/cmake/ament_cmake_export_include_directories-extras.cmake\n'}
[3.646928] (imu_interface) StdoutLine: {'line': b'-- Up-to-date: /home/qianw/EECE5554/LAB4/src/matlab_msg_gen/glnxa64/install/share/imu_interface/cmake/ament_cmake_export_libraries-extras.cmake\n'}
[3.647034] (imu_interface) StdoutLine: {'line': b'-- Up-to-date: /home/qianw/EECE5554/LAB4/src/matlab_msg_gen/glnxa64/install/share/imu_interface/cmake/ament_cmake_export_targets-extras.cmake\n'}
[3.647144] (imu_interface) StdoutLine: {'line': b'-- Up-to-date: /home/qianw/EECE5554/LAB4/src/matlab_msg_gen/glnxa64/install/share/imu_interface/cmake/rosidl_cmake_export_typesupport_targets-extras.cmake\n'}
[3.647467] (imu_interface) StdoutLine: {'line': b'-- Up-to-date: /home/qianw/EECE5554/LAB4/src/matlab_msg_gen/glnxa64/install/share/imu_interface/cmake/rosidl_cmake_export_typesupport_libraries-extras.cmake\n'}
[3.647602] (imu_interface) StdoutLine: {'line': b'-- Up-to-date: /home/qianw/EECE5554/LAB4/src/matlab_msg_gen/glnxa64/install/share/imu_interface/cmake/imu_interfaceConfig.cmake\n'}
[3.647714] (imu_interface) StdoutLine: {'line': b'-- Up-to-date: /home/qianw/EECE5554/LAB4/src/matlab_msg_gen/glnxa64/install/share/imu_interface/cmake/imu_interfaceConfig-version.cmake\n'}
[3.647817] (imu_interface) StdoutLine: {'line': b'-- Installing: /home/qianw/EECE5554/LAB4/src/matlab_msg_gen/glnxa64/install/share/imu_interface/package.xml\n'}
[3.648034] (imu_interface) CommandEnded: {'returncode': 0}
[3.664959] (-) TimerEvent: {}
[3.768043] (-) TimerEvent: {}
[3.825972] (imu_interface) JobEnded: {'identifier': 'imu_interface', 'rc': 0}
[3.826974] (-) EventReactorShutdown: {}
