[0.886s] DEBUG:colcon:Command line arguments: ['/home/qianw/.matlab/R2024b/ros2/glnxa64/venv/bin/colcon', 'build', '--merge-install', '--cmake-args', '-DCMAKE_BUILD_TYPE=Release', '-DCMAKE_SHARED_LINKER_FLAGS=-Wl,-no-as-needed', '-DBUILD_TESTING=OFF', '-DALIAS_ROS2_TF2=1', '-DCMAKE_CXX_FLAGS_RELEASE=-O0', '-G', 'Ninja', '-DCMAKE_C_COMPILER=/usr/bin/gcc', '-DCMAKE_CXX_COMPILER=/usr/bin/g++']
[0.886s] DEBUG:colcon:Parsed command line arguments: Namespace(log_base=None, log_level=None, verb_name='build', build_base='build', install_base='install', merge_install=True, symlink_install=False, test_result_base=None, continue_on_error=False, executor='parallel', parallel_workers=8, event_handlers=None, ignore_user_meta=False, metas=['./colcon.meta'], base_paths=['.'], packages_ignore=None, packages_ignore_regex=None, paths=None, packages_up_to=None, packages_up_to_regex=None, packages_above=None, packages_above_and_dependencies=None, packages_above_depth=None, packages_select_by_dep=None, packages_skip_by_dep=None, packages_skip_up_to=None, packages_select_build_failed=False, packages_skip_build_finished=False, packages_select_test_failures=False, packages_skip_test_passed=False, packages_select=None, packages_skip=None, packages_select_regex=None, packages_skip_regex=None, packages_start=None, packages_end=None, cmake_args=['-DCMAKE_BUILD_TYPE=Release', '-DCMAKE_SHARED_LINKER_FLAGS=-Wl,-no-as-needed', '-DBUILD_TESTING=OFF', '-DALIAS_ROS2_TF2=1', '-DCMAKE_CXX_FLAGS_RELEASE=-O0', '-G', 'Ninja', '-DCMAKE_C_COMPILER=/usr/bin/gcc', '-DCMAKE_CXX_COMPILER=/usr/bin/g++'], cmake_target=None, cmake_target_skip_unavailable=False, cmake_clean_cache=False, cmake_clean_first=False, cmake_force_configure=False, ament_cmake_args=None, catkin_cmake_args=None, catkin_skip_building_tests=False, verb_parser=<colcon_defaults.argument_parser.defaults.DefaultArgumentsDecorator object at 0x79bc242884f0>, verb_extension=<colcon_core.verb.build.BuildVerb object at 0x79bc243df2b0>, main=<bound method BuildVerb.main of <colcon_core.verb.build.BuildVerb object at 0x79bc243df2b0>>)
[0.983s] Level 1:colcon.colcon_core.package_discovery:discover_packages(colcon_meta) check parameters
[0.984s] Level 1:colcon.colcon_core.package_discovery:discover_packages(recursive) check parameters
[0.985s] Level 1:colcon.colcon_core.package_discovery:discover_packages(ignore) check parameters
[0.985s] Level 1:colcon.colcon_core.package_discovery:discover_packages(path) check parameters
[0.985s] Level 1:colcon.colcon_core.package_discovery:discover_packages(colcon_meta) discover
[0.985s] Level 1:colcon.colcon_core.package_discovery:discover_packages(recursive) discover
[0.985s] INFO:colcon.colcon_core.package_discovery:Crawling recursively for packages in '/home/qianw/EECE5554/LAB4/src/matlab_msg_gen/glnxa64'
[0.986s] Level 1:colcon.colcon_core.package_identification:_identify(.) by extensions ['ignore', 'ignore_ament_install']
[0.986s] Level 1:colcon.colcon_core.package_identification:_identify(.) by extension 'ignore'
[0.986s] Level 1:colcon.colcon_core.package_identification:_identify(.) by extension 'ignore_ament_install'
[0.986s] Level 1:colcon.colcon_core.package_identification:_identify(.) by extensions ['colcon_pkg']
[0.986s] Level 1:colcon.colcon_core.package_identification:_identify(.) by extension 'colcon_pkg'
[0.987s] Level 1:colcon.colcon_core.package_identification:_identify(.) by extensions ['colcon_meta']
[0.987s] Level 1:colcon.colcon_core.package_identification:_identify(.) by extension 'colcon_meta'
[0.987s] Level 1:colcon.colcon_core.package_identification:_identify(.) by extensions ['ros']
[0.987s] Level 1:colcon.colcon_core.package_identification:_identify(.) by extension 'ros'
[1.043s] Level 1:colcon.colcon_core.package_identification:_identify(.) by extensions ['cmake', 'python']
[1.043s] Level 1:colcon.colcon_core.package_identification:_identify(.) by extension 'cmake'
[1.043s] Level 1:colcon.colcon_core.package_identification:_identify(.) by extension 'python'
[1.043s] Level 1:colcon.colcon_core.package_identification:_identify(.) by extensions ['python_setup_py']
[1.043s] Level 1:colcon.colcon_core.package_identification:_identify(.) by extension 'python_setup_py'
[1.044s] Level 1:colcon.colcon_core.package_identification:_identify(build) by extensions ['ignore', 'ignore_ament_install']
[1.044s] Level 1:colcon.colcon_core.package_identification:_identify(build) by extension 'ignore'
[1.044s] Level 1:colcon.colcon_core.package_identification:_identify(build) ignored
[1.044s] Level 1:colcon.colcon_core.package_identification:_identify(install) by extensions ['ignore', 'ignore_ament_install']
[1.044s] Level 1:colcon.colcon_core.package_identification:_identify(install) by extension 'ignore'
[1.044s] Level 1:colcon.colcon_core.package_identification:_identify(install) ignored
[1.045s] Level 1:colcon.colcon_core.package_identification:_identify(log) by extensions ['ignore', 'ignore_ament_install']
[1.045s] Level 1:colcon.colcon_core.package_identification:_identify(log) by extension 'ignore'
[1.045s] Level 1:colcon.colcon_core.package_identification:_identify(log) ignored
[1.045s] Level 1:colcon.colcon_core.package_identification:_identify(src) by extensions ['ignore', 'ignore_ament_install']
[1.045s] Level 1:colcon.colcon_core.package_identification:_identify(src) by extension 'ignore'
[1.045s] Level 1:colcon.colcon_core.package_identification:_identify(src) by extension 'ignore_ament_install'
[1.045s] Level 1:colcon.colcon_core.package_identification:_identify(src) by extensions ['colcon_pkg']
[1.045s] Level 1:colcon.colcon_core.package_identification:_identify(src) by extension 'colcon_pkg'
[1.046s] Level 1:colcon.colcon_core.package_identification:_identify(src) by extensions ['colcon_meta']
[1.046s] Level 1:colcon.colcon_core.package_identification:_identify(src) by extension 'colcon_meta'
[1.046s] Level 1:colcon.colcon_core.package_identification:_identify(src) by extensions ['ros']
[1.046s] Level 1:colcon.colcon_core.package_identification:_identify(src) by extension 'ros'
[1.046s] Level 1:colcon.colcon_core.package_identification:_identify(src) by extensions ['cmake', 'python']
[1.046s] Level 1:colcon.colcon_core.package_identification:_identify(src) by extension 'cmake'
[1.046s] Level 1:colcon.colcon_core.package_identification:_identify(src) by extension 'python'
[1.046s] Level 1:colcon.colcon_core.package_identification:_identify(src) by extensions ['python_setup_py']
[1.046s] Level 1:colcon.colcon_core.package_identification:_identify(src) by extension 'python_setup_py'
[1.047s] Level 1:colcon.colcon_core.package_identification:_identify(src/gps_interface) by extensions ['ignore', 'ignore_ament_install']
[1.047s] Level 1:colcon.colcon_core.package_identification:_identify(src/gps_interface) by extension 'ignore'
[1.047s] Level 1:colcon.colcon_core.package_identification:_identify(src/gps_interface) by extension 'ignore_ament_install'
[1.047s] Level 1:colcon.colcon_core.package_identification:_identify(src/gps_interface) by extensions ['colcon_pkg']
[1.047s] Level 1:colcon.colcon_core.package_identification:_identify(src/gps_interface) by extension 'colcon_pkg'
[1.047s] Level 1:colcon.colcon_core.package_identification:_identify(src/gps_interface) by extensions ['colcon_meta']
[1.047s] Level 1:colcon.colcon_core.package_identification:_identify(src/gps_interface) by extension 'colcon_meta'
[1.047s] Level 1:colcon.colcon_core.package_identification:_identify(src/gps_interface) by extensions ['ros']
[1.047s] Level 1:colcon.colcon_core.package_identification:_identify(src/gps_interface) by extension 'ros'
[1.055s] DEBUG:colcon.colcon_core.package_identification:Package 'src/gps_interface' with type 'ros.ament_cmake' and name 'gps_interface'
[1.056s] Level 1:colcon.colcon_core.package_identification:_identify(src/imu_interface) by extensions ['ignore', 'ignore_ament_install']
[1.056s] Level 1:colcon.colcon_core.package_identification:_identify(src/imu_interface) by extension 'ignore'
[1.056s] Level 1:colcon.colcon_core.package_identification:_identify(src/imu_interface) by extension 'ignore_ament_install'
[1.056s] Level 1:colcon.colcon_core.package_identification:_identify(src/imu_interface) by extensions ['colcon_pkg']
[1.056s] Level 1:colcon.colcon_core.package_identification:_identify(src/imu_interface) by extension 'colcon_pkg'
[1.056s] Level 1:colcon.colcon_core.package_identification:_identify(src/imu_interface) by extensions ['colcon_meta']
[1.056s] Level 1:colcon.colcon_core.package_identification:_identify(src/imu_interface) by extension 'colcon_meta'
[1.057s] Level 1:colcon.colcon_core.package_identification:_identify(src/imu_interface) by extensions ['ros']
[1.057s] Level 1:colcon.colcon_core.package_identification:_identify(src/imu_interface) by extension 'ros'
[1.058s] DEBUG:colcon.colcon_core.package_identification:Package 'src/imu_interface' with type 'ros.ament_cmake' and name 'imu_interface'
[1.058s] Level 1:colcon.colcon_core.package_discovery:discover_packages(recursive) using defaults
[1.059s] Level 1:colcon.colcon_core.package_discovery:discover_packages(ignore) discover
[1.059s] Level 1:colcon.colcon_core.package_discovery:discover_packages(ignore) using defaults
[1.059s] Level 1:colcon.colcon_core.package_discovery:discover_packages(path) discover
[1.059s] Level 1:colcon.colcon_core.package_discovery:discover_packages(path) using defaults
[1.216s] Level 5:colcon.colcon_core.verb:set package 'gps_interface' build argument 'cmake_args' from command line to '['-DCMAKE_BUILD_TYPE=Release', '-DCMAKE_SHARED_LINKER_FLAGS=-Wl,-no-as-needed', '-DBUILD_TESTING=OFF', '-DALIAS_ROS2_TF2=1', '-DCMAKE_CXX_FLAGS_RELEASE=-O0', '-G', 'Ninja', '-DCMAKE_C_COMPILER=/usr/bin/gcc', '-DCMAKE_CXX_COMPILER=/usr/bin/g++']'
[1.217s] Level 5:colcon.colcon_core.verb:set package 'gps_interface' build argument 'cmake_target' from command line to 'None'
[1.217s] Level 5:colcon.colcon_core.verb:set package 'gps_interface' build argument 'cmake_target_skip_unavailable' from command line to 'False'
[1.217s] Level 5:colcon.colcon_core.verb:set package 'gps_interface' build argument 'cmake_clean_cache' from command line to 'False'
[1.217s] Level 5:colcon.colcon_core.verb:set package 'gps_interface' build argument 'cmake_clean_first' from command line to 'False'
[1.217s] Level 5:colcon.colcon_core.verb:set package 'gps_interface' build argument 'cmake_force_configure' from command line to 'False'
[1.217s] Level 5:colcon.colcon_core.verb:set package 'gps_interface' build argument 'ament_cmake_args' from command line to 'None'
[1.217s] Level 5:colcon.colcon_core.verb:set package 'gps_interface' build argument 'catkin_cmake_args' from command line to 'None'
[1.217s] Level 5:colcon.colcon_core.verb:set package 'gps_interface' build argument 'catkin_skip_building_tests' from command line to 'False'
[1.217s] DEBUG:colcon.colcon_core.verb:Building package 'gps_interface' with the following arguments: {'ament_cmake_args': None, 'build_base': '/home/qianw/EECE5554/LAB4/src/matlab_msg_gen/glnxa64/build/gps_interface', 'catkin_cmake_args': None, 'catkin_skip_building_tests': False, 'cmake_args': ['-DCMAKE_BUILD_TYPE=Release', '-DCMAKE_SHARED_LINKER_FLAGS=-Wl,-no-as-needed', '-DBUILD_TESTING=OFF', '-DALIAS_ROS2_TF2=1', '-DCMAKE_CXX_FLAGS_RELEASE=-O0', '-G', 'Ninja', '-DCMAKE_C_COMPILER=/usr/bin/gcc', '-DCMAKE_CXX_COMPILER=/usr/bin/g++'], 'cmake_clean_cache': False, 'cmake_clean_first': False, 'cmake_force_configure': False, 'cmake_target': None, 'cmake_target_skip_unavailable': False, 'install_base': '/home/qianw/EECE5554/LAB4/src/matlab_msg_gen/glnxa64/install', 'merge_install': True, 'path': '/home/qianw/EECE5554/LAB4/src/matlab_msg_gen/glnxa64/src/gps_interface', 'symlink_install': False, 'test_result_base': None}
[1.235s] Level 5:colcon.colcon_core.verb:set package 'imu_interface' build argument 'cmake_args' from command line to '['-DCMAKE_BUILD_TYPE=Release', '-DCMAKE_SHARED_LINKER_FLAGS=-Wl,-no-as-needed', '-DBUILD_TESTING=OFF', '-DALIAS_ROS2_TF2=1', '-DCMAKE_CXX_FLAGS_RELEASE=-O0', '-G', 'Ninja', '-DCMAKE_C_COMPILER=/usr/bin/gcc', '-DCMAKE_CXX_COMPILER=/usr/bin/g++']'
[1.235s] Level 5:colcon.colcon_core.verb:set package 'imu_interface' build argument 'cmake_target' from command line to 'None'
[1.236s] Level 5:colcon.colcon_core.verb:set package 'imu_interface' build argument 'cmake_target_skip_unavailable' from command line to 'False'
[1.236s] Level 5:colcon.colcon_core.verb:set package 'imu_interface' build argument 'cmake_clean_cache' from command line to 'False'
[1.236s] Level 5:colcon.colcon_core.verb:set package 'imu_interface' build argument 'cmake_clean_first' from command line to 'False'
[1.236s] Level 5:colcon.colcon_core.verb:set package 'imu_interface' build argument 'cmake_force_configure' from command line to 'False'
[1.236s] Level 5:colcon.colcon_core.verb:set package 'imu_interface' build argument 'ament_cmake_args' from command line to 'None'
[1.236s] Level 5:colcon.colcon_core.verb:set package 'imu_interface' build argument 'catkin_cmake_args' from command line to 'None'
[1.236s] Level 5:colcon.colcon_core.verb:set package 'imu_interface' build argument 'catkin_skip_building_tests' from command line to 'False'
[1.236s] DEBUG:colcon.colcon_core.verb:Building package 'imu_interface' with the following arguments: {'ament_cmake_args': None, 'build_base': '/home/qianw/EECE5554/LAB4/src/matlab_msg_gen/glnxa64/build/imu_interface', 'catkin_cmake_args': None, 'catkin_skip_building_tests': False, 'cmake_args': ['-DCMAKE_BUILD_TYPE=Release', '-DCMAKE_SHARED_LINKER_FLAGS=-Wl,-no-as-needed', '-DBUILD_TESTING=OFF', '-DALIAS_ROS2_TF2=1', '-DCMAKE_CXX_FLAGS_RELEASE=-O0', '-G', 'Ninja', '-DCMAKE_C_COMPILER=/usr/bin/gcc', '-DCMAKE_CXX_COMPILER=/usr/bin/g++'], 'cmake_clean_cache': False, 'cmake_clean_first': False, 'cmake_force_configure': False, 'cmake_target': None, 'cmake_target_skip_unavailable': False, 'install_base': '/home/qianw/EECE5554/LAB4/src/matlab_msg_gen/glnxa64/install', 'merge_install': True, 'path': '/home/qianw/EECE5554/LAB4/src/matlab_msg_gen/glnxa64/src/imu_interface', 'symlink_install': False, 'test_result_base': None}
[1.241s] INFO:colcon.colcon_core.executor:Executing jobs using 'parallel' executor
[1.274s] DEBUG:colcon.colcon_parallel_executor.executor.parallel:run_until_complete
[1.275s] INFO:colcon.colcon_ros.task.ament_cmake.build:Building ROS package in '/home/qianw/EECE5554/LAB4/src/matlab_msg_gen/glnxa64/src/gps_interface' with build type 'ament_cmake'
[1.275s] INFO:colcon.colcon_cmake.task.cmake.build:Building CMake package in '/home/qianw/EECE5554/LAB4/src/matlab_msg_gen/glnxa64/src/gps_interface'
[1.296s] INFO:colcon.colcon_core.plugin_system:Skipping extension 'colcon_core.shell.bat': Not used on non-Windows systems
[1.296s] INFO:colcon.colcon_core.shell:Skip shell extension 'powershell' for command environment: Not usable outside of PowerShell
[1.297s] DEBUG:colcon.colcon_core.shell:Skip shell extension 'dsv' for command environment
[1.336s] INFO:colcon.colcon_ros.task.ament_cmake.build:Building ROS package in '/home/qianw/EECE5554/LAB4/src/matlab_msg_gen/glnxa64/src/imu_interface' with build type 'ament_cmake'
[1.336s] INFO:colcon.colcon_cmake.task.cmake.build:Building CMake package in '/home/qianw/EECE5554/LAB4/src/matlab_msg_gen/glnxa64/src/imu_interface'
[1.351s] INFO:colcon.colcon_core.shell:Skip shell extension 'powershell' for command environment: Not usable outside of PowerShell
[1.351s] DEBUG:colcon.colcon_core.shell:Skip shell extension 'dsv' for command environment
[1.409s] DEBUG:colcon.colcon_core.event_handler.log_command:Invoking command in '/home/qianw/EECE5554/LAB4/src/matlab_msg_gen/glnxa64/build/gps_interface': PS1=(venv) VIRTUAL_ENV_PROMPT=(venv) /home/qianw/MATLAB/R2024b/bin/glnxa64/cmake/bin/cmake --build /home/qianw/EECE5554/LAB4/src/matlab_msg_gen/glnxa64/build/gps_interface -- -j8 -l8
[1.428s] DEBUG:colcon.colcon_core.event_handler.log_command:Invoking command in '/home/qianw/EECE5554/LAB4/src/matlab_msg_gen/glnxa64/build/imu_interface': PS1=(venv) VIRTUAL_ENV_PROMPT=(venv) /home/qianw/MATLAB/R2024b/bin/glnxa64/cmake/bin/cmake --build /home/qianw/EECE5554/LAB4/src/matlab_msg_gen/glnxa64/build/imu_interface -- -j8 -l8
[4.101s] DEBUG:colcon.colcon_core.event_handler.log_command:Invoked command in '/home/qianw/EECE5554/LAB4/src/matlab_msg_gen/glnxa64/build/gps_interface' returned '0': PS1=(venv) VIRTUAL_ENV_PROMPT=(venv) /home/qianw/MATLAB/R2024b/bin/glnxa64/cmake/bin/cmake --build /home/qianw/EECE5554/LAB4/src/matlab_msg_gen/glnxa64/build/gps_interface -- -j8 -l8
[4.155s] DEBUG:colcon.colcon_core.event_handler.log_command:Invoking command in '/home/qianw/EECE5554/LAB4/src/matlab_msg_gen/glnxa64/build/gps_interface': PS1=(venv) VIRTUAL_ENV_PROMPT=(venv) /home/qianw/MATLAB/R2024b/bin/glnxa64/cmake/bin/cmake --install /home/qianw/EECE5554/LAB4/src/matlab_msg_gen/glnxa64/build/gps_interface
[4.191s] Level 1:colcon.colcon_core.environment:create_environment_scripts_only(gps_interface)
[4.192s] DEBUG:colcon.colcon_core.event_handler.log_command:Invoked command in '/home/qianw/EECE5554/LAB4/src/matlab_msg_gen/glnxa64/build/gps_interface' returned '0': PS1=(venv) VIRTUAL_ENV_PROMPT=(venv) /home/qianw/MATLAB/R2024b/bin/glnxa64/cmake/bin/cmake --install /home/qianw/EECE5554/LAB4/src/matlab_msg_gen/glnxa64/build/gps_interface
[4.222s] Level 1:colcon.colcon_core.environment:checking '/home/qianw/EECE5554/LAB4/src/matlab_msg_gen/glnxa64/install' for CMake module files
[4.223s] Level 1:colcon.colcon_core.environment:checking '/home/qianw/EECE5554/LAB4/src/matlab_msg_gen/glnxa64/install' for CMake config files
[4.224s] Level 1:colcon.colcon_core.shell:create_environment_hook('gps_interface', 'cmake_prefix_path')
[4.237s] INFO:colcon.colcon_core.shell:Creating environment hook '/home/qianw/EECE5554/LAB4/src/matlab_msg_gen/glnxa64/install/share/gps_interface/hook/cmake_prefix_path.ps1'
[4.239s] INFO:colcon.colcon_core.shell:Creating environment descriptor '/home/qianw/EECE5554/LAB4/src/matlab_msg_gen/glnxa64/install/share/gps_interface/hook/cmake_prefix_path.dsv'
[4.241s] INFO:colcon.colcon_core.shell:Creating environment hook '/home/qianw/EECE5554/LAB4/src/matlab_msg_gen/glnxa64/install/share/gps_interface/hook/cmake_prefix_path.sh'
[4.245s] Level 1:colcon.colcon_core.environment:checking '/home/qianw/EECE5554/LAB4/src/matlab_msg_gen/glnxa64/install/lib'
[4.246s] Level 1:colcon.colcon_core.shell:create_environment_hook('gps_interface', 'ld_library_path_lib')
[4.266s] INFO:colcon.colcon_core.shell:Creating environment hook '/home/qianw/EECE5554/LAB4/src/matlab_msg_gen/glnxa64/install/share/gps_interface/hook/ld_library_path_lib.ps1'
[4.267s] INFO:colcon.colcon_core.shell:Creating environment descriptor '/home/qianw/EECE5554/LAB4/src/matlab_msg_gen/glnxa64/install/share/gps_interface/hook/ld_library_path_lib.dsv'
[4.267s] INFO:colcon.colcon_core.shell:Creating environment hook '/home/qianw/EECE5554/LAB4/src/matlab_msg_gen/glnxa64/install/share/gps_interface/hook/ld_library_path_lib.sh'
[4.268s] Level 1:colcon.colcon_core.environment:checking '/home/qianw/EECE5554/LAB4/src/matlab_msg_gen/glnxa64/install/bin'
[4.268s] Level 1:colcon.colcon_core.environment:checking '/home/qianw/EECE5554/LAB4/src/matlab_msg_gen/glnxa64/install/lib/pkgconfig/gps_interface.pc'
[4.270s] Level 1:colcon.colcon_core.environment:checking '/home/qianw/EECE5554/LAB4/src/matlab_msg_gen/glnxa64/install/lib/python3.10/site-packages'
[4.270s] Level 1:colcon.colcon_core.environment:checking '/home/qianw/EECE5554/LAB4/src/matlab_msg_gen/glnxa64/install/bin'
[4.289s] INFO:colcon.colcon_core.shell:Creating package script '/home/qianw/EECE5554/LAB4/src/matlab_msg_gen/glnxa64/install/share/gps_interface/package.ps1'
[4.291s] INFO:colcon.colcon_core.shell:Creating package descriptor '/home/qianw/EECE5554/LAB4/src/matlab_msg_gen/glnxa64/install/share/gps_interface/package.dsv'
[4.292s] INFO:colcon.colcon_core.shell:Creating package script '/home/qianw/EECE5554/LAB4/src/matlab_msg_gen/glnxa64/install/share/gps_interface/package.sh'
[4.293s] INFO:colcon.colcon_core.shell:Creating package script '/home/qianw/EECE5554/LAB4/src/matlab_msg_gen/glnxa64/install/share/gps_interface/package.bash'
[4.295s] INFO:colcon.colcon_core.shell:Creating package script '/home/qianw/EECE5554/LAB4/src/matlab_msg_gen/glnxa64/install/share/gps_interface/package.zsh'
[4.296s] Level 1:colcon.colcon_core.environment:create_file_with_runtime_dependencies(/home/qianw/EECE5554/LAB4/src/matlab_msg_gen/glnxa64/install/share/colcon-core/packages/gps_interface)
[4.343s] Level 1:colcon.colcon_core.environment:create_environment_scripts_only(gps_interface)
[4.364s] Level 1:colcon.colcon_core.environment:checking '/home/qianw/EECE5554/LAB4/src/matlab_msg_gen/glnxa64/install' for CMake module files
[4.366s] Level 1:colcon.colcon_core.environment:checking '/home/qianw/EECE5554/LAB4/src/matlab_msg_gen/glnxa64/install' for CMake config files
[4.367s] Level 1:colcon.colcon_core.shell:create_environment_hook('gps_interface', 'cmake_prefix_path')
[4.384s] INFO:colcon.colcon_core.shell:Creating environment hook '/home/qianw/EECE5554/LAB4/src/matlab_msg_gen/glnxa64/install/share/gps_interface/hook/cmake_prefix_path.ps1'
[4.385s] INFO:colcon.colcon_core.shell:Creating environment descriptor '/home/qianw/EECE5554/LAB4/src/matlab_msg_gen/glnxa64/install/share/gps_interface/hook/cmake_prefix_path.dsv'
[4.386s] INFO:colcon.colcon_core.shell:Creating environment hook '/home/qianw/EECE5554/LAB4/src/matlab_msg_gen/glnxa64/install/share/gps_interface/hook/cmake_prefix_path.sh'
[4.387s] Level 1:colcon.colcon_core.environment:checking '/home/qianw/EECE5554/LAB4/src/matlab_msg_gen/glnxa64/install/lib'
[4.387s] Level 1:colcon.colcon_core.shell:create_environment_hook('gps_interface', 'ld_library_path_lib')
[4.400s] INFO:colcon.colcon_core.shell:Creating environment hook '/home/qianw/EECE5554/LAB4/src/matlab_msg_gen/glnxa64/install/share/gps_interface/hook/ld_library_path_lib.ps1'
[4.402s] INFO:colcon.colcon_core.shell:Creating environment descriptor '/home/qianw/EECE5554/LAB4/src/matlab_msg_gen/glnxa64/install/share/gps_interface/hook/ld_library_path_lib.dsv'
[4.402s] INFO:colcon.colcon_core.shell:Creating environment hook '/home/qianw/EECE5554/LAB4/src/matlab_msg_gen/glnxa64/install/share/gps_interface/hook/ld_library_path_lib.sh'
[4.407s] Level 1:colcon.colcon_core.environment:checking '/home/qianw/EECE5554/LAB4/src/matlab_msg_gen/glnxa64/install/bin'
[4.407s] Level 1:colcon.colcon_core.environment:checking '/home/qianw/EECE5554/LAB4/src/matlab_msg_gen/glnxa64/install/lib/pkgconfig/gps_interface.pc'
[4.408s] Level 1:colcon.colcon_core.environment:checking '/home/qianw/EECE5554/LAB4/src/matlab_msg_gen/glnxa64/install/lib/python3.10/site-packages'
[4.408s] Level 1:colcon.colcon_core.environment:checking '/home/qianw/EECE5554/LAB4/src/matlab_msg_gen/glnxa64/install/bin'
[4.427s] INFO:colcon.colcon_core.shell:Creating package script '/home/qianw/EECE5554/LAB4/src/matlab_msg_gen/glnxa64/install/share/gps_interface/package.ps1'
[4.429s] INFO:colcon.colcon_core.shell:Creating package descriptor '/home/qianw/EECE5554/LAB4/src/matlab_msg_gen/glnxa64/install/share/gps_interface/package.dsv'
[4.431s] INFO:colcon.colcon_core.shell:Creating package script '/home/qianw/EECE5554/LAB4/src/matlab_msg_gen/glnxa64/install/share/gps_interface/package.sh'
[4.433s] INFO:colcon.colcon_core.shell:Creating package script '/home/qianw/EECE5554/LAB4/src/matlab_msg_gen/glnxa64/install/share/gps_interface/package.bash'
[4.436s] INFO:colcon.colcon_core.shell:Creating package script '/home/qianw/EECE5554/LAB4/src/matlab_msg_gen/glnxa64/install/share/gps_interface/package.zsh'
[4.439s] Level 1:colcon.colcon_core.environment:create_file_with_runtime_dependencies(/home/qianw/EECE5554/LAB4/src/matlab_msg_gen/glnxa64/install/share/colcon-core/packages/gps_interface)
[5.168s] DEBUG:colcon.colcon_core.event_handler.log_command:Invoked command in '/home/qianw/EECE5554/LAB4/src/matlab_msg_gen/glnxa64/build/imu_interface' returned '0': PS1=(venv) VIRTUAL_ENV_PROMPT=(venv) /home/qianw/MATLAB/R2024b/bin/glnxa64/cmake/bin/cmake --build /home/qianw/EECE5554/LAB4/src/matlab_msg_gen/glnxa64/build/imu_interface -- -j8 -l8
[5.207s] DEBUG:colcon.colcon_core.event_handler.log_command:Invoking command in '/home/qianw/EECE5554/LAB4/src/matlab_msg_gen/glnxa64/build/imu_interface': PS1=(venv) VIRTUAL_ENV_PROMPT=(venv) /home/qianw/MATLAB/R2024b/bin/glnxa64/cmake/bin/cmake --install /home/qianw/EECE5554/LAB4/src/matlab_msg_gen/glnxa64/build/imu_interface
[5.244s] Level 1:colcon.colcon_core.environment:create_environment_scripts_only(imu_interface)
[5.266s] Level 1:colcon.colcon_core.environment:checking '/home/qianw/EECE5554/LAB4/src/matlab_msg_gen/glnxa64/install' for CMake module files
[5.271s] DEBUG:colcon.colcon_core.event_handler.log_command:Invoked command in '/home/qianw/EECE5554/LAB4/src/matlab_msg_gen/glnxa64/build/imu_interface' returned '0': PS1=(venv) VIRTUAL_ENV_PROMPT=(venv) /home/qianw/MATLAB/R2024b/bin/glnxa64/cmake/bin/cmake --install /home/qianw/EECE5554/LAB4/src/matlab_msg_gen/glnxa64/build/imu_interface
[5.274s] Level 1:colcon.colcon_core.environment:checking '/home/qianw/EECE5554/LAB4/src/matlab_msg_gen/glnxa64/install' for CMake config files
[5.274s] Level 1:colcon.colcon_core.shell:create_environment_hook('imu_interface', 'cmake_prefix_path')
[5.291s] INFO:colcon.colcon_core.shell:Creating environment hook '/home/qianw/EECE5554/LAB4/src/matlab_msg_gen/glnxa64/install/share/imu_interface/hook/cmake_prefix_path.ps1'
[5.293s] INFO:colcon.colcon_core.shell:Creating environment descriptor '/home/qianw/EECE5554/LAB4/src/matlab_msg_gen/glnxa64/install/share/imu_interface/hook/cmake_prefix_path.dsv'
[5.293s] INFO:colcon.colcon_core.shell:Creating environment hook '/home/qianw/EECE5554/LAB4/src/matlab_msg_gen/glnxa64/install/share/imu_interface/hook/cmake_prefix_path.sh'
[5.295s] Level 1:colcon.colcon_core.environment:checking '/home/qianw/EECE5554/LAB4/src/matlab_msg_gen/glnxa64/install/lib'
[5.295s] Level 1:colcon.colcon_core.shell:create_environment_hook('imu_interface', 'ld_library_path_lib')
[5.316s] INFO:colcon.colcon_core.shell:Creating environment hook '/home/qianw/EECE5554/LAB4/src/matlab_msg_gen/glnxa64/install/share/imu_interface/hook/ld_library_path_lib.ps1'
[5.317s] INFO:colcon.colcon_core.shell:Creating environment descriptor '/home/qianw/EECE5554/LAB4/src/matlab_msg_gen/glnxa64/install/share/imu_interface/hook/ld_library_path_lib.dsv'
[5.318s] INFO:colcon.colcon_core.shell:Creating environment hook '/home/qianw/EECE5554/LAB4/src/matlab_msg_gen/glnxa64/install/share/imu_interface/hook/ld_library_path_lib.sh'
[5.319s] Level 1:colcon.colcon_core.environment:checking '/home/qianw/EECE5554/LAB4/src/matlab_msg_gen/glnxa64/install/bin'
[5.319s] Level 1:colcon.colcon_core.environment:checking '/home/qianw/EECE5554/LAB4/src/matlab_msg_gen/glnxa64/install/lib/pkgconfig/imu_interface.pc'
[5.320s] Level 1:colcon.colcon_core.environment:checking '/home/qianw/EECE5554/LAB4/src/matlab_msg_gen/glnxa64/install/lib/python3.10/site-packages'
[5.321s] Level 1:colcon.colcon_core.environment:checking '/home/qianw/EECE5554/LAB4/src/matlab_msg_gen/glnxa64/install/bin'
[5.341s] INFO:colcon.colcon_core.shell:Creating package script '/home/qianw/EECE5554/LAB4/src/matlab_msg_gen/glnxa64/install/share/imu_interface/package.ps1'
[5.342s] INFO:colcon.colcon_core.shell:Creating package descriptor '/home/qianw/EECE5554/LAB4/src/matlab_msg_gen/glnxa64/install/share/imu_interface/package.dsv'
[5.343s] INFO:colcon.colcon_core.shell:Creating package script '/home/qianw/EECE5554/LAB4/src/matlab_msg_gen/glnxa64/install/share/imu_interface/package.sh'
[5.348s] INFO:colcon.colcon_core.shell:Creating package script '/home/qianw/EECE5554/LAB4/src/matlab_msg_gen/glnxa64/install/share/imu_interface/package.bash'
[5.349s] INFO:colcon.colcon_core.shell:Creating package script '/home/qianw/EECE5554/LAB4/src/matlab_msg_gen/glnxa64/install/share/imu_interface/package.zsh'
[5.350s] Level 1:colcon.colcon_core.environment:create_file_with_runtime_dependencies(/home/qianw/EECE5554/LAB4/src/matlab_msg_gen/glnxa64/install/share/colcon-core/packages/imu_interface)
[5.397s] Level 1:colcon.colcon_core.environment:create_environment_scripts_only(imu_interface)
[5.413s] Level 1:colcon.colcon_core.environment:checking '/home/qianw/EECE5554/LAB4/src/matlab_msg_gen/glnxa64/install' for CMake module files
[5.415s] Level 1:colcon.colcon_core.environment:checking '/home/qianw/EECE5554/LAB4/src/matlab_msg_gen/glnxa64/install' for CMake config files
[5.416s] Level 1:colcon.colcon_core.shell:create_environment_hook('imu_interface', 'cmake_prefix_path')
[5.429s] INFO:colcon.colcon_core.shell:Creating environment hook '/home/qianw/EECE5554/LAB4/src/matlab_msg_gen/glnxa64/install/share/imu_interface/hook/cmake_prefix_path.ps1'
[5.430s] INFO:colcon.colcon_core.shell:Creating environment descriptor '/home/qianw/EECE5554/LAB4/src/matlab_msg_gen/glnxa64/install/share/imu_interface/hook/cmake_prefix_path.dsv'
[5.431s] INFO:colcon.colcon_core.shell:Creating environment hook '/home/qianw/EECE5554/LAB4/src/matlab_msg_gen/glnxa64/install/share/imu_interface/hook/cmake_prefix_path.sh'
[5.432s] Level 1:colcon.colcon_core.environment:checking '/home/qianw/EECE5554/LAB4/src/matlab_msg_gen/glnxa64/install/lib'
[5.432s] Level 1:colcon.colcon_core.shell:create_environment_hook('imu_interface', 'ld_library_path_lib')
[5.451s] INFO:colcon.colcon_core.shell:Creating environment hook '/home/qianw/EECE5554/LAB4/src/matlab_msg_gen/glnxa64/install/share/imu_interface/hook/ld_library_path_lib.ps1'
[5.453s] INFO:colcon.colcon_core.shell:Creating environment descriptor '/home/qianw/EECE5554/LAB4/src/matlab_msg_gen/glnxa64/install/share/imu_interface/hook/ld_library_path_lib.dsv'
[5.453s] INFO:colcon.colcon_core.shell:Creating environment hook '/home/qianw/EECE5554/LAB4/src/matlab_msg_gen/glnxa64/install/share/imu_interface/hook/ld_library_path_lib.sh'
[5.454s] Level 1:colcon.colcon_core.environment:checking '/home/qianw/EECE5554/LAB4/src/matlab_msg_gen/glnxa64/install/bin'
[5.455s] Level 1:colcon.colcon_core.environment:checking '/home/qianw/EECE5554/LAB4/src/matlab_msg_gen/glnxa64/install/lib/pkgconfig/imu_interface.pc'
[5.455s] Level 1:colcon.colcon_core.environment:checking '/home/qianw/EECE5554/LAB4/src/matlab_msg_gen/glnxa64/install/lib/python3.10/site-packages'
[5.456s] Level 1:colcon.colcon_core.environment:checking '/home/qianw/EECE5554/LAB4/src/matlab_msg_gen/glnxa64/install/bin'
[5.470s] INFO:colcon.colcon_core.shell:Creating package script '/home/qianw/EECE5554/LAB4/src/matlab_msg_gen/glnxa64/install/share/imu_interface/package.ps1'
[5.472s] INFO:colcon.colcon_core.shell:Creating package descriptor '/home/qianw/EECE5554/LAB4/src/matlab_msg_gen/glnxa64/install/share/imu_interface/package.dsv'
[5.473s] INFO:colcon.colcon_core.shell:Creating package script '/home/qianw/EECE5554/LAB4/src/matlab_msg_gen/glnxa64/install/share/imu_interface/package.sh'
[5.474s] INFO:colcon.colcon_core.shell:Creating package script '/home/qianw/EECE5554/LAB4/src/matlab_msg_gen/glnxa64/install/share/imu_interface/package.bash'
[5.474s] INFO:colcon.colcon_core.shell:Creating package script '/home/qianw/EECE5554/LAB4/src/matlab_msg_gen/glnxa64/install/share/imu_interface/package.zsh'
[5.475s] Level 1:colcon.colcon_core.environment:create_file_with_runtime_dependencies(/home/qianw/EECE5554/LAB4/src/matlab_msg_gen/glnxa64/install/share/colcon-core/packages/imu_interface)
[5.476s] DEBUG:colcon.colcon_parallel_executor.executor.parallel:closing loop
[5.476s] DEBUG:colcon.colcon_parallel_executor.executor.parallel:loop closed
[5.476s] DEBUG:colcon.colcon_parallel_executor.executor.parallel:run_until_complete finished with '0'
[5.476s] DEBUG:colcon.colcon_core.event_reactor:joining thread
[5.496s] INFO:colcon.colcon_core.plugin_system:Skipping extension 'colcon_notification.desktop_notification.notify2': 'notify2' not found
[5.496s] INFO:colcon.colcon_core.plugin_system:Skipping extension 'colcon_notification.desktop_notification.terminal_notifier': Not used on non-Darwin systems
[5.496s] INFO:colcon.colcon_core.plugin_system:Skipping extension 'colcon_notification.desktop_notification.win32': Not used on non-Windows systems
[5.497s] INFO:colcon.colcon_notification.desktop_notification:Sending desktop notification using 'notify_send'
[5.557s] DEBUG:colcon.colcon_core.event_reactor:joined thread
[5.570s] INFO:colcon.colcon_core.shell:Creating prefix script '/home/qianw/EECE5554/LAB4/src/matlab_msg_gen/glnxa64/install/local_setup.ps1'
[5.572s] INFO:colcon.colcon_core.shell:Creating prefix util module '/home/qianw/EECE5554/LAB4/src/matlab_msg_gen/glnxa64/install/_local_setup_util_ps1.py'
[5.574s] INFO:colcon.colcon_core.shell:Creating prefix chain script '/home/qianw/EECE5554/LAB4/src/matlab_msg_gen/glnxa64/install/setup.ps1'
[5.586s] INFO:colcon.colcon_core.shell:Creating prefix script '/home/qianw/EECE5554/LAB4/src/matlab_msg_gen/glnxa64/install/local_setup.sh'
[5.587s] INFO:colcon.colcon_core.shell:Creating prefix util module '/home/qianw/EECE5554/LAB4/src/matlab_msg_gen/glnxa64/install/_local_setup_util_sh.py'
[5.590s] INFO:colcon.colcon_core.shell:Creating prefix chain script '/home/qianw/EECE5554/LAB4/src/matlab_msg_gen/glnxa64/install/setup.sh'
[5.601s] INFO:colcon.colcon_core.shell:Creating prefix script '/home/qianw/EECE5554/LAB4/src/matlab_msg_gen/glnxa64/install/local_setup.bash'
[5.602s] INFO:colcon.colcon_core.shell:Creating prefix chain script '/home/qianw/EECE5554/LAB4/src/matlab_msg_gen/glnxa64/install/setup.bash'
[5.614s] INFO:colcon.colcon_core.shell:Creating prefix script '/home/qianw/EECE5554/LAB4/src/matlab_msg_gen/glnxa64/install/local_setup.zsh'
[5.614s] INFO:colcon.colcon_core.shell:Creating prefix chain script '/home/qianw/EECE5554/LAB4/src/matlab_msg_gen/glnxa64/install/setup.zsh'
