[0.066s] Invoking command in '/home/qianw/EECE5554/LAB3/src/matlab_msg_gen/glnxa64/build/imu_interface': PS1=(venv) VIRTUAL_ENV_PROMPT=(venv) /home/qianw/MATLAB/R2024b/bin/glnxa64/cmake/bin/cmake /home/qianw/EECE5554/LAB3/src/matlab_msg_gen/glnxa64/src/imu_interface -DCMAKE_BUILD_TYPE=Release -DCMAKE_SHARED_LINKER_FLAGS=-Wl,-no-as-needed -DBUILD_TESTING=OFF -DALIAS_ROS2_TF2=1 -DCMAKE_CXX_FLAGS_RELEASE=-O0 -G Ninja -DCMAKE_C_COMPILER=/usr/bin/gcc -DCMAKE_CXX_COMPILER=/usr/bin/g++ -DCMAKE_INSTALL_PREFIX=/home/qianw/EECE5554/LAB3/src/matlab_msg_gen/glnxa64/install
[0.157s] -- The C compiler identification is GNU 11.4.0
[0.272s] -- The CXX compiler identification is GNU 11.4.0
[0.289s] -- Detecting C compiler ABI info
[0.398s] -- Detecting C compiler ABI info - done
[0.422s] -- Check for working C compiler: /usr/bin/gcc - skipped
[0.422s] -- Detecting C compile features
[0.423s] -- Detecting C compile features - done
[0.429s] -- Detecting CXX compiler ABI info
[0.547s] -- Detecting CXX compiler ABI info - done
[0.573s] -- Check for working CXX compiler: /usr/bin/g++ - skipped
[0.573s] -- Detecting CXX compile features
[0.573s] -- Detecting CXX compile features - done
[0.575s] -- Found ament_cmake: 1.3.3 (/home/qianw/MATLAB/R2024b/sys/ros2/glnxa64/ros2/share/ament_cmake/cmake)
[1.897s] -- Found Python3: /home/qianw/.matlab/R2024b/ros2/glnxa64/venv/bin/python3.10 (found version "3.10.12") found components: Interpreter 
[2.053s] -- Found ament_cmake_ros: 0.10.0 (/home/qianw/MATLAB/R2024b/sys/ros2/glnxa64/ros2/share/ament_cmake_ros/cmake)
[2.065s] -- Found rosidl_typesupport_c: 2.0.0 (/home/qianw/MATLAB/R2024b/sys/ros2/glnxa64/ros2/share/rosidl_typesupport_c/cmake)
[2.065s] -- Using all available rosidl_typesupport_c: rosidl_typesupport_fastrtps_c;rosidl_typesupport_introspection_c
[2.083s] -- Found rosidl_adapter: 3.1.4 (/home/qianw/MATLAB/R2024b/sys/ros2/glnxa64/ros2/share/rosidl_adapter/cmake)
[2.181s] -- Found rosidl_typesupport_cpp: 2.0.0 (/home/qianw/MATLAB/R2024b/sys/ros2/glnxa64/ros2/share/rosidl_typesupport_cpp/cmake)
[2.183s] -- Using all available rosidl_typesupport_cpp: rosidl_typesupport_fastrtps_cpp;rosidl_typesupport_introspection_cpp
[2.258s] -- Found rosidl_default_generators: 1.2.0 (/home/qianw/MATLAB/R2024b/sys/ros2/glnxa64/ros2/share/rosidl_default_generators/cmake)
[2.268s] -- Found class_loader: 2.2.0 (/home/qianw/MATLAB/R2024b/sys/ros2/glnxa64/ros2/share/class_loader/cmake)
[2.278s] -- Found rclcpp: 16.0.5 (/home/qianw/MATLAB/R2024b/sys/ros2/glnxa64/ros2/share/rclcpp/cmake)
[2.469s] -- Found rmw_implementation_cmake: 6.1.1 (/home/qianw/MATLAB/R2024b/sys/ros2/glnxa64/ros2/share/rmw_implementation_cmake/cmake)
[2.474s] -- Found rmw_fastrtps_cpp: 6.2.2 (/home/qianw/MATLAB/R2024b/sys/ros2/glnxa64/ros2/share/rmw_fastrtps_cpp/cmake)
[2.628s] -- Found FastRTPS: /home/qianw/MATLAB/R2024b/sys/ros2/glnxa64/ros2/include  
[2.696s] -- Using RMW implementation 'rmw_fastrtps_cpp' as default
[2.712s] -- Performing Test CMAKE_HAVE_LIBC_PTHREAD
[2.828s] -- Performing Test CMAKE_HAVE_LIBC_PTHREAD - Success
[2.828s] -- Found Threads: TRUE  
[3.068s] -- Found sensor_msgs: 4.2.3 (/home/qianw/MATLAB/R2024b/sys/ros2/glnxa64/ros2/share/sensor_msgs/cmake)
[4.578s] -- Using all available rosidl_typesupport_c: rosidl_typesupport_fastrtps_c;rosidl_typesupport_introspection_c
[5.308s] -- Using all available rosidl_typesupport_cpp: rosidl_typesupport_fastrtps_cpp;rosidl_typesupport_introspection_cpp
[5.331s] -- Configuring done
[5.387s] -- Generating done
[5.411s] -- Build files have been written to: /home/qianw/EECE5554/LAB3/src/matlab_msg_gen/glnxa64/build/imu_interface
[5.453s] Invoked command in '/home/qianw/EECE5554/LAB3/src/matlab_msg_gen/glnxa64/build/imu_interface' returned '0': PS1=(venv) VIRTUAL_ENV_PROMPT=(venv) /home/qianw/MATLAB/R2024b/bin/glnxa64/cmake/bin/cmake /home/qianw/EECE5554/LAB3/src/matlab_msg_gen/glnxa64/src/imu_interface -DCMAKE_BUILD_TYPE=Release -DCMAKE_SHARED_LINKER_FLAGS=-Wl,-no-as-needed -DBUILD_TESTING=OFF -DALIAS_ROS2_TF2=1 -DCMAKE_CXX_FLAGS_RELEASE=-O0 -G Ninja -DCMAKE_C_COMPILER=/usr/bin/gcc -DCMAKE_CXX_COMPILER=/usr/bin/g++ -DCMAKE_INSTALL_PREFIX=/home/qianw/EECE5554/LAB3/src/matlab_msg_gen/glnxa64/install
[5.454s] Invoking command in '/home/qianw/EECE5554/LAB3/src/matlab_msg_gen/glnxa64/build/imu_interface': PS1=(venv) VIRTUAL_ENV_PROMPT=(venv) /home/qianw/MATLAB/R2024b/bin/glnxa64/cmake/bin/cmake --build /home/qianw/EECE5554/LAB3/src/matlab_msg_gen/glnxa64/build/imu_interface -- -j8 -l8
[5.907s] [1/24] Generating C++ code for ROS interfaces
[5.937s] [2/24] Generating C code for ROS interfaces
[6.130s] [3/24] Building C object CMakeFiles/imu_interface__rosidl_generator_c.dir/rosidl_generator_c/imu_interface/msg/detail/im_umsg__functions.c.o
[6.191s] [4/24] Linking C shared library libimu_interface__rosidl_generator_c.so
[6.342s] [5/24] Generating C++ introspection for ROS interfaces
[6.343s] [6/24] Generating C++ type support dispatch for ROS interfaces
[6.367s] [7/24] Generating C++ type support for eProsima Fast-RTPS
[6.836s] [8/24] Generating C type support dispatch for ROS interfaces
[6.985s] [9/24] Generating C introspection for ROS interfaces
[7.005s] [10/24] Generating C type support for eProsima Fast-RTPS
[7.034s] [11/24] Building CXX object CMakeFiles/imu_interface__rosidl_typesupport_c.dir/rosidl_typesupport_c/imu_interface/msg/im_umsg__type_support.cpp.o
[7.206s] [12/24] Building C object CMakeFiles/imu_interface__rosidl_typesupport_introspection_c.dir/rosidl_typesupport_introspection_c/imu_interface/msg/detail/im_umsg__type_support.c.o
[7.347s] [13/24] Linking C shared library libimu_interface__rosidl_typesupport_introspection_c.so
[7.370s] [14/24] Linking CXX shared library libimu_interface__rosidl_typesupport_c.so
[7.604s] [15/24] Building CXX object CMakeFiles/imu_interface__rosidl_typesupport_cpp.dir/rosidl_typesupport_cpp/imu_interface/msg/im_umsg__type_support.cpp.o
[7.880s] [16/24] Building CXX object CMakeFiles/imu_interface__rosidl_typesupport_introspection_cpp.dir/rosidl_typesupport_introspection_cpp/imu_interface/msg/detail/im_umsg__type_support.cpp.o
[7.946s] [17/24] Linking CXX shared library libimu_interface__rosidl_typesupport_cpp.so
[8.059s] [18/24] Building CXX object CMakeFiles/imu_interface__rosidl_typesupport_fastrtps_cpp.dir/rosidl_typesupport_fastrtps_cpp/imu_interface/msg/detail/dds_fastrtps/im_umsg__type_support.cpp.o
[8.107s] [19/24] Linking CXX shared library libimu_interface__rosidl_typesupport_introspection_cpp.so
[8.299s] [20/24] Linking CXX shared library libimu_interface__rosidl_typesupport_fastrtps_cpp.so
[8.307s] [21/24] Building CXX object CMakeFiles/imu_interface__rosidl_typesupport_fastrtps_c.dir/rosidl_typesupport_fastrtps_c/imu_interface/msg/detail/im_umsg__type_support_c.cpp.o
[8.494s] [22/24] Linking CXX shared library libimu_interface__rosidl_typesupport_fastrtps_c.so
[31.416s] [23/24] Building CXX object CMakeFiles/imu_interface_matlab.dir/src/imu_interface_IMUmsg_message.cpp.o
[32.539s] [24/24] Linking CXX shared library libimu_interface_matlab.so
[32.544s] Invoked command in '/home/qianw/EECE5554/LAB3/src/matlab_msg_gen/glnxa64/build/imu_interface' returned '0': PS1=(venv) VIRTUAL_ENV_PROMPT=(venv) /home/qianw/MATLAB/R2024b/bin/glnxa64/cmake/bin/cmake --build /home/qianw/EECE5554/LAB3/src/matlab_msg_gen/glnxa64/build/imu_interface -- -j8 -l8
[32.578s] Invoking command in '/home/qianw/EECE5554/LAB3/src/matlab_msg_gen/glnxa64/build/imu_interface': PS1=(venv) VIRTUAL_ENV_PROMPT=(venv) /home/qianw/MATLAB/R2024b/bin/glnxa64/cmake/bin/cmake --install /home/qianw/EECE5554/LAB3/src/matlab_msg_gen/glnxa64/build/imu_interface
[32.585s] -- Install configuration: "Release"
[32.585s] -- Installing: /home/qianw/EECE5554/LAB3/src/matlab_msg_gen/glnxa64/install/share/ament_index/resource_index/rosidl_interfaces/imu_interface
[32.586s] -- Installing: /home/qianw/EECE5554/LAB3/src/matlab_msg_gen/glnxa64/install/include/imu_interface/imu_interface
[32.586s] -- Installing: /home/qianw/EECE5554/LAB3/src/matlab_msg_gen/glnxa64/install/include/imu_interface/imu_interface/msg
[32.586s] -- Installing: /home/qianw/EECE5554/LAB3/src/matlab_msg_gen/glnxa64/install/include/imu_interface/imu_interface/msg/detail
[32.586s] -- Installing: /home/qianw/EECE5554/LAB3/src/matlab_msg_gen/glnxa64/install/include/imu_interface/imu_interface/msg/detail/im_umsg__struct.h
[32.587s] -- Installing: /home/qianw/EECE5554/LAB3/src/matlab_msg_gen/glnxa64/install/include/imu_interface/imu_interface/msg/detail/im_umsg__type_support.h
[32.587s] -- Installing: /home/qianw/EECE5554/LAB3/src/matlab_msg_gen/glnxa64/install/include/imu_interface/imu_interface/msg/detail/im_umsg__functions.h
[32.587s] -- Installing: /home/qianw/EECE5554/LAB3/src/matlab_msg_gen/glnxa64/install/include/imu_interface/imu_interface/msg/detail/im_umsg__functions.c
[32.587s] -- Installing: /home/qianw/EECE5554/LAB3/src/matlab_msg_gen/glnxa64/install/include/imu_interface/imu_interface/msg/rosidl_generator_c__visibility_control.h
[32.587s] -- Installing: /home/qianw/EECE5554/LAB3/src/matlab_msg_gen/glnxa64/install/include/imu_interface/imu_interface/msg/im_umsg.h
[32.587s] -- Installing: /home/qianw/EECE5554/LAB3/src/matlab_msg_gen/glnxa64/install/share/imu_interface/environment/library_path.sh
[32.588s] -- Installing: /home/qianw/EECE5554/LAB3/src/matlab_msg_gen/glnxa64/install/share/imu_interface/environment/library_path.dsv
[32.588s] -- Installing: /home/qianw/EECE5554/LAB3/src/matlab_msg_gen/glnxa64/install/lib/libimu_interface__rosidl_generator_c.so
[32.588s] -- Up-to-date: /home/qianw/EECE5554/LAB3/src/matlab_msg_gen/glnxa64/install/include/imu_interface/imu_interface
[32.588s] -- Up-to-date: /home/qianw/EECE5554/LAB3/src/matlab_msg_gen/glnxa64/install/include/imu_interface/imu_interface/msg
[32.589s] -- Up-to-date: /home/qianw/EECE5554/LAB3/src/matlab_msg_gen/glnxa64/install/include/imu_interface/imu_interface/msg/detail
[32.589s] -- Installing: /home/qianw/EECE5554/LAB3/src/matlab_msg_gen/glnxa64/install/include/imu_interface/imu_interface/msg/detail/im_umsg__rosidl_typesupport_fastrtps_c.h
[32.589s] -- Installing: /home/qianw/EECE5554/LAB3/src/matlab_msg_gen/glnxa64/install/include/imu_interface/imu_interface/msg/rosidl_typesupport_fastrtps_c__visibility_control.h
[32.590s] -- Installing: /home/qianw/EECE5554/LAB3/src/matlab_msg_gen/glnxa64/install/lib/libimu_interface__rosidl_typesupport_fastrtps_c.so
[32.590s] -- Up-to-date: /home/qianw/EECE5554/LAB3/src/matlab_msg_gen/glnxa64/install/include/imu_interface/imu_interface
[32.590s] -- Up-to-date: /home/qianw/EECE5554/LAB3/src/matlab_msg_gen/glnxa64/install/include/imu_interface/imu_interface/msg
[32.590s] -- Up-to-date: /home/qianw/EECE5554/LAB3/src/matlab_msg_gen/glnxa64/install/include/imu_interface/imu_interface/msg/detail
[32.591s] -- Installing: /home/qianw/EECE5554/LAB3/src/matlab_msg_gen/glnxa64/install/include/imu_interface/imu_interface/msg/detail/im_umsg__rosidl_typesupport_introspection_c.h
[32.591s] -- Installing: /home/qianw/EECE5554/LAB3/src/matlab_msg_gen/glnxa64/install/include/imu_interface/imu_interface/msg/detail/im_umsg__type_support.c
[32.591s] -- Installing: /home/qianw/EECE5554/LAB3/src/matlab_msg_gen/glnxa64/install/include/imu_interface/imu_interface/msg/rosidl_typesupport_introspection_c__visibility_control.h
[32.591s] -- Installing: /home/qianw/EECE5554/LAB3/src/matlab_msg_gen/glnxa64/install/lib/libimu_interface__rosidl_typesupport_introspection_c.so
[32.591s] -- Installing: /home/qianw/EECE5554/LAB3/src/matlab_msg_gen/glnxa64/install/lib/libimu_interface__rosidl_typesupport_c.so
[32.592s] -- Up-to-date: /home/qianw/EECE5554/LAB3/src/matlab_msg_gen/glnxa64/install/include/imu_interface/imu_interface
[32.592s] -- Up-to-date: /home/qianw/EECE5554/LAB3/src/matlab_msg_gen/glnxa64/install/include/imu_interface/imu_interface/msg
[32.592s] -- Up-to-date: /home/qianw/EECE5554/LAB3/src/matlab_msg_gen/glnxa64/install/include/imu_interface/imu_interface/msg/detail
[32.593s] -- Installing: /home/qianw/EECE5554/LAB3/src/matlab_msg_gen/glnxa64/install/include/imu_interface/imu_interface/msg/detail/im_umsg__struct.hpp
[32.594s] -- Installing: /home/qianw/EECE5554/LAB3/src/matlab_msg_gen/glnxa64/install/include/imu_interface/imu_interface/msg/detail/im_umsg__builder.hpp
[32.594s] -- Installing: /home/qianw/EECE5554/LAB3/src/matlab_msg_gen/glnxa64/install/include/imu_interface/imu_interface/msg/detail/im_umsg__traits.hpp
[32.594s] -- Installing: /home/qianw/EECE5554/LAB3/src/matlab_msg_gen/glnxa64/install/include/imu_interface/imu_interface/msg/im_umsg.hpp
[32.594s] -- Up-to-date: /home/qianw/EECE5554/LAB3/src/matlab_msg_gen/glnxa64/install/include/imu_interface/imu_interface
[32.595s] -- Up-to-date: /home/qianw/EECE5554/LAB3/src/matlab_msg_gen/glnxa64/install/include/imu_interface/imu_interface/msg
[32.595s] -- Up-to-date: /home/qianw/EECE5554/LAB3/src/matlab_msg_gen/glnxa64/install/include/imu_interface/imu_interface/msg/detail
[32.595s] -- Installing: /home/qianw/EECE5554/LAB3/src/matlab_msg_gen/glnxa64/install/include/imu_interface/imu_interface/msg/detail/im_umsg__rosidl_typesupport_fastrtps_cpp.hpp
[32.595s] -- Installing: /home/qianw/EECE5554/LAB3/src/matlab_msg_gen/glnxa64/install/include/imu_interface/imu_interface/msg/detail/dds_fastrtps
[32.595s] -- Installing: /home/qianw/EECE5554/LAB3/src/matlab_msg_gen/glnxa64/install/include/imu_interface/imu_interface/msg/rosidl_typesupport_fastrtps_cpp__visibility_control.h
[32.595s] -- Installing: /home/qianw/EECE5554/LAB3/src/matlab_msg_gen/glnxa64/install/lib/libimu_interface__rosidl_typesupport_fastrtps_cpp.so
[32.595s] -- Up-to-date: /home/qianw/EECE5554/LAB3/src/matlab_msg_gen/glnxa64/install/include/imu_interface/imu_interface
[32.595s] -- Up-to-date: /home/qianw/EECE5554/LAB3/src/matlab_msg_gen/glnxa64/install/include/imu_interface/imu_interface/msg
[32.596s] -- Up-to-date: /home/qianw/EECE5554/LAB3/src/matlab_msg_gen/glnxa64/install/include/imu_interface/imu_interface/msg/detail
[32.596s] -- Installing: /home/qianw/EECE5554/LAB3/src/matlab_msg_gen/glnxa64/install/include/imu_interface/imu_interface/msg/detail/im_umsg__rosidl_typesupport_introspection_cpp.hpp
[32.596s] -- Installing: /home/qianw/EECE5554/LAB3/src/matlab_msg_gen/glnxa64/install/include/imu_interface/imu_interface/msg/detail/im_umsg__type_support.cpp
[32.596s] -- Installing: /home/qianw/EECE5554/LAB3/src/matlab_msg_gen/glnxa64/install/lib/libimu_interface__rosidl_typesupport_introspection_cpp.so
[32.596s] -- Installing: /home/qianw/EECE5554/LAB3/src/matlab_msg_gen/glnxa64/install/lib/libimu_interface__rosidl_typesupport_cpp.so
[32.596s] -- Installing: /home/qianw/EECE5554/LAB3/src/matlab_msg_gen/glnxa64/install/share/imu_interface/msg/IMUmsg.idl
[32.596s] -- Installing: /home/qianw/EECE5554/LAB3/src/matlab_msg_gen/glnxa64/install/share/imu_interface/msg/IMUmsg.msg
[32.596s] -- Up-to-date: /home/qianw/EECE5554/LAB3/src/matlab_msg_gen/glnxa64/install/include
[32.597s] -- Up-to-date: /home/qianw/EECE5554/LAB3/src/matlab_msg_gen/glnxa64/install/include/imu_interface
[32.597s] -- Installing: /home/qianw/EECE5554/LAB3/src/matlab_msg_gen/glnxa64/install/include/imu_interface/visibility_control.h
[32.597s] -- Installing: /home/qianw/EECE5554/LAB3/src/matlab_msg_gen/glnxa64/install/lib/libimu_interface_matlab.so
[32.605s] -- Installing: /home/qianw/EECE5554/LAB3/src/matlab_msg_gen/glnxa64/install/m/
[32.606s] -- Installing: /home/qianw/EECE5554/LAB3/src/matlab_msg_gen/glnxa64/install/m//+ros
[32.606s] -- Installing: /home/qianw/EECE5554/LAB3/src/matlab_msg_gen/glnxa64/install/m//+ros/+internal
[32.607s] -- Installing: /home/qianw/EECE5554/LAB3/src/matlab_msg_gen/glnxa64/install/m//+ros/+internal/+ros2
[32.607s] -- Installing: /home/qianw/EECE5554/LAB3/src/matlab_msg_gen/glnxa64/install/m//+ros/+internal/+ros2/+custommessages
[32.607s] -- Installing: /home/qianw/EECE5554/LAB3/src/matlab_msg_gen/glnxa64/install/m//+ros/+internal/+ros2/+custommessages/+imu_interface
[32.608s] -- Installing: /home/qianw/EECE5554/LAB3/src/matlab_msg_gen/glnxa64/install/m//+ros/+internal/+ros2/+custommessages/+imu_interface/iMUmsg.m
[32.608s] -- Installing: /home/qianw/EECE5554/LAB3/src/matlab_msg_gen/glnxa64/install/share/ament_index/resource_index/package_run_dependencies/imu_interface
[32.609s] -- Installing: /home/qianw/EECE5554/LAB3/src/matlab_msg_gen/glnxa64/install/share/ament_index/resource_index/parent_prefix_path/imu_interface
[32.609s] -- Installing: /home/qianw/EECE5554/LAB3/src/matlab_msg_gen/glnxa64/install/share/imu_interface/environment/ament_prefix_path.sh
[32.609s] -- Installing: /home/qianw/EECE5554/LAB3/src/matlab_msg_gen/glnxa64/install/share/imu_interface/environment/ament_prefix_path.dsv
[32.610s] -- Installing: /home/qianw/EECE5554/LAB3/src/matlab_msg_gen/glnxa64/install/share/imu_interface/environment/path.sh
[32.610s] -- Installing: /home/qianw/EECE5554/LAB3/src/matlab_msg_gen/glnxa64/install/share/imu_interface/environment/path.dsv
[32.610s] -- Installing: /home/qianw/EECE5554/LAB3/src/matlab_msg_gen/glnxa64/install/share/imu_interface/local_setup.bash
[32.611s] -- Installing: /home/qianw/EECE5554/LAB3/src/matlab_msg_gen/glnxa64/install/share/imu_interface/local_setup.sh
[32.611s] -- Installing: /home/qianw/EECE5554/LAB3/src/matlab_msg_gen/glnxa64/install/share/imu_interface/local_setup.zsh
[32.611s] -- Installing: /home/qianw/EECE5554/LAB3/src/matlab_msg_gen/glnxa64/install/share/imu_interface/local_setup.dsv
[32.611s] -- Installing: /home/qianw/EECE5554/LAB3/src/matlab_msg_gen/glnxa64/install/share/imu_interface/package.dsv
[32.611s] -- Installing: /home/qianw/EECE5554/LAB3/src/matlab_msg_gen/glnxa64/install/share/ament_index/resource_index/packages/imu_interface
[32.612s] -- Installing: /home/qianw/EECE5554/LAB3/src/matlab_msg_gen/glnxa64/install/share/imu_interface/cmake/export_imu_interface__rosidl_generator_cExport.cmake
[32.612s] -- Installing: /home/qianw/EECE5554/LAB3/src/matlab_msg_gen/glnxa64/install/share/imu_interface/cmake/export_imu_interface__rosidl_generator_cExport-release.cmake
[32.612s] -- Installing: /home/qianw/EECE5554/LAB3/src/matlab_msg_gen/glnxa64/install/share/imu_interface/cmake/export_imu_interface__rosidl_typesupport_fastrtps_cExport.cmake
[32.612s] -- Installing: /home/qianw/EECE5554/LAB3/src/matlab_msg_gen/glnxa64/install/share/imu_interface/cmake/export_imu_interface__rosidl_typesupport_fastrtps_cExport-release.cmake
[32.613s] -- Installing: /home/qianw/EECE5554/LAB3/src/matlab_msg_gen/glnxa64/install/share/imu_interface/cmake/imu_interface__rosidl_typesupport_introspection_cExport.cmake
[32.613s] -- Installing: /home/qianw/EECE5554/LAB3/src/matlab_msg_gen/glnxa64/install/share/imu_interface/cmake/imu_interface__rosidl_typesupport_introspection_cExport-release.cmake
[32.613s] -- Installing: /home/qianw/EECE5554/LAB3/src/matlab_msg_gen/glnxa64/install/share/imu_interface/cmake/imu_interface__rosidl_typesupport_cExport.cmake
[32.613s] -- Installing: /home/qianw/EECE5554/LAB3/src/matlab_msg_gen/glnxa64/install/share/imu_interface/cmake/imu_interface__rosidl_typesupport_cExport-release.cmake
[32.613s] -- Installing: /home/qianw/EECE5554/LAB3/src/matlab_msg_gen/glnxa64/install/share/imu_interface/cmake/export_imu_interface__rosidl_generator_cppExport.cmake
[32.613s] -- Installing: /home/qianw/EECE5554/LAB3/src/matlab_msg_gen/glnxa64/install/share/imu_interface/cmake/export_imu_interface__rosidl_typesupport_fastrtps_cppExport.cmake
[32.614s] -- Installing: /home/qianw/EECE5554/LAB3/src/matlab_msg_gen/glnxa64/install/share/imu_interface/cmake/export_imu_interface__rosidl_typesupport_fastrtps_cppExport-release.cmake
[32.614s] -- Installing: /home/qianw/EECE5554/LAB3/src/matlab_msg_gen/glnxa64/install/share/imu_interface/cmake/imu_interface__rosidl_typesupport_introspection_cppExport.cmake
[32.614s] -- Installing: /home/qianw/EECE5554/LAB3/src/matlab_msg_gen/glnxa64/install/share/imu_interface/cmake/imu_interface__rosidl_typesupport_introspection_cppExport-release.cmake
[32.614s] -- Installing: /home/qianw/EECE5554/LAB3/src/matlab_msg_gen/glnxa64/install/share/imu_interface/cmake/imu_interface__rosidl_typesupport_cppExport.cmake
[32.614s] -- Installing: /home/qianw/EECE5554/LAB3/src/matlab_msg_gen/glnxa64/install/share/imu_interface/cmake/imu_interface__rosidl_typesupport_cppExport-release.cmake
[32.614s] -- Installing: /home/qianw/EECE5554/LAB3/src/matlab_msg_gen/glnxa64/install/share/imu_interface/cmake/rosidl_cmake-extras.cmake
[32.615s] -- Installing: /home/qianw/EECE5554/LAB3/src/matlab_msg_gen/glnxa64/install/share/imu_interface/cmake/ament_cmake_export_dependencies-extras.cmake
[32.615s] -- Installing: /home/qianw/EECE5554/LAB3/src/matlab_msg_gen/glnxa64/install/share/imu_interface/cmake/ament_cmake_export_include_directories-extras.cmake
[32.615s] -- Installing: /home/qianw/EECE5554/LAB3/src/matlab_msg_gen/glnxa64/install/share/imu_interface/cmake/ament_cmake_export_libraries-extras.cmake
[32.615s] -- Installing: /home/qianw/EECE5554/LAB3/src/matlab_msg_gen/glnxa64/install/share/imu_interface/cmake/ament_cmake_export_targets-extras.cmake
[32.615s] -- Installing: /home/qianw/EECE5554/LAB3/src/matlab_msg_gen/glnxa64/install/share/imu_interface/cmake/rosidl_cmake_export_typesupport_targets-extras.cmake
[32.616s] -- Installing: /home/qianw/EECE5554/LAB3/src/matlab_msg_gen/glnxa64/install/share/imu_interface/cmake/rosidl_cmake_export_typesupport_libraries-extras.cmake
[32.616s] -- Installing: /home/qianw/EECE5554/LAB3/src/matlab_msg_gen/glnxa64/install/share/imu_interface/cmake/imu_interfaceConfig.cmake
[32.616s] -- Installing: /home/qianw/EECE5554/LAB3/src/matlab_msg_gen/glnxa64/install/share/imu_interface/cmake/imu_interfaceConfig-version.cmake
[32.616s] -- Installing: /home/qianw/EECE5554/LAB3/src/matlab_msg_gen/glnxa64/install/share/imu_interface/package.xml
[32.622s] Invoked command in '/home/qianw/EECE5554/LAB3/src/matlab_msg_gen/glnxa64/build/imu_interface' returned '0': PS1=(venv) VIRTUAL_ENV_PROMPT=(venv) /home/qianw/MATLAB/R2024b/bin/glnxa64/cmake/bin/cmake --install /home/qianw/EECE5554/LAB3/src/matlab_msg_gen/glnxa64/build/imu_interface
