[1.450s] Invoking command in '/home/qianw/EECE5554/LAB4/src/imu_driver': AMENT_PREFIX_PATH=/home/qianw/EECE5554/LAB4/src/install/imu_interface:${AMENT_PREFIX_PATH} CMAKE_PREFIX_PATH=/home/qianw/EECE5554/LAB4/src/install/imu_interface LD_LIBRARY_PATH=/home/qianw/EECE5554/LAB4/src/install/imu_interface/lib:${LD_LIBRARY_PATH} PYTHONPATH=/home/qianw/EECE5554/LAB4/src/build/imu_driver/prefix_override:/usr/lib/python3/dist-packages/colcon_core/task/python/colcon_distutils_commands:/home/qianw/EECE5554/LAB4/src/install/imu_driver/lib/python3.10/site-packages:/home/qianw/EECE5554/LAB4/src/install/imu_interface/local/lib/python3.10/dist-packages:${PYTHONPATH} /usr/bin/python3 -W ignore:setup.py install is deprecated -W ignore:easy_install command is deprecated setup.py egg_info --egg-base ../build/imu_driver build --build-base /home/qianw/EECE5554/LAB4/src/build/imu_driver/build install --record /home/qianw/EECE5554/LAB4/src/build/imu_driver/install.log --single-version-externally-managed install_data
[1.861s] running egg_info
[1.861s] writing ../build/imu_driver/imu_driver.egg-info/PKG-INFO
[1.862s] writing dependency_links to ../build/imu_driver/imu_driver.egg-info/dependency_links.txt
[1.862s] writing entry points to ../build/imu_driver/imu_driver.egg-info/entry_points.txt
[1.862s] writing requirements to ../build/imu_driver/imu_driver.egg-info/requires.txt
[1.862s] writing top-level names to ../build/imu_driver/imu_driver.egg-info/top_level.txt
[1.865s] reading manifest file '../build/imu_driver/imu_driver.egg-info/SOURCES.txt'
[1.867s] writing manifest file '../build/imu_driver/imu_driver.egg-info/SOURCES.txt'
[1.867s] running build
[1.867s] running build_py
[1.868s] running install
[1.868s] running install_lib
[1.872s] running install_data
[1.872s] running install_egg_info
[1.875s] removing '/home/qianw/EECE5554/LAB4/src/install/imu_driver/lib/python3.10/site-packages/imu_driver-0.0.0-py3.10.egg-info' (and everything under it)
[1.876s] Copying ../build/imu_driver/imu_driver.egg-info to /home/qianw/EECE5554/LAB4/src/install/imu_driver/lib/python3.10/site-packages/imu_driver-0.0.0-py3.10.egg-info
[1.877s] running install_scripts
[1.912s] Installing imu_driver script to /home/qianw/EECE5554/LAB4/src/install/imu_driver/lib/imu_driver
[1.912s] writing list of installed files to '/home/qianw/EECE5554/LAB4/src/build/imu_driver/install.log'
[1.950s] Invoked command in '/home/qianw/EECE5554/LAB4/src/imu_driver' returned '0': AMENT_PREFIX_PATH=/home/qianw/EECE5554/LAB4/src/install/imu_interface:${AMENT_PREFIX_PATH} CMAKE_PREFIX_PATH=/home/qianw/EECE5554/LAB4/src/install/imu_interface LD_LIBRARY_PATH=/home/qianw/EECE5554/LAB4/src/install/imu_interface/lib:${LD_LIBRARY_PATH} PYTHONPATH=/home/qianw/EECE5554/LAB4/src/build/imu_driver/prefix_override:/usr/lib/python3/dist-packages/colcon_core/task/python/colcon_distutils_commands:/home/qianw/EECE5554/LAB4/src/install/imu_driver/lib/python3.10/site-packages:/home/qianw/EECE5554/LAB4/src/install/imu_interface/local/lib/python3.10/dist-packages:${PYTHONPATH} /usr/bin/python3 -W ignore:setup.py install is deprecated -W ignore:easy_install command is deprecated setup.py egg_info --egg-base ../build/imu_driver build --build-base /home/qianw/EECE5554/LAB4/src/build/imu_driver/build install --record /home/qianw/EECE5554/LAB4/src/build/imu_driver/install.log --single-version-externally-managed install_data
