[0.016s] Invoking command in '/home/qianw/EECE5554/LAB1/build/gps_interface': CMAKE_PREFIX_PATH=${CMAKE_PREFIX_PATH}:/home/qianw/EECE5554/LAB1/install/gps_driver:/opt/ros/humble /usr/bin/cmake /home/qianw/EECE5554/LAB1/src/gps_interface -DCMAKE_INSTALL_PREFIX=/home/qianw/EECE5554/LAB1/install/gps_interface
[0.093s] -- The C compiler identification is GNU 11.4.0
[0.181s] -- The CXX compiler identification is GNU 11.4.0
[0.193s] -- Detecting C compiler ABI info
[0.294s] -- Detecting C compiler ABI info - done
[0.306s] -- Check for working C compiler: /usr/bin/cc - skipped
[0.307s] -- Detecting C compile features
[0.307s] -- Detecting C compile features - done
[0.312s] -- Detecting CXX compiler ABI info
[0.430s] -- Detecting CXX compiler ABI info - done
[0.443s] -- Check for working CXX compiler: /usr/bin/c++ - skipped
[0.444s] -- Detecting CXX compile features
[0.444s] -- Detecting CXX compile features - done
[0.447s] -- Found ament_cmake: 1.3.11 (/opt/ros/humble/share/ament_cmake/cmake)
[0.681s] -- Found Python3: /usr/bin/python3 (found version "3.10.12") found components: Interpreter 
[0.806s] -- Found rosidl_default_generators: 1.2.0 (/opt/ros/humble/share/rosidl_default_generators/cmake)
[0.809s] -- Using all available rosidl_typesupport_c: rosidl_typesupport_fastrtps_c;rosidl_typesupport_introspection_c
[0.817s] -- Found rosidl_adapter: 3.1.6 (/opt/ros/humble/share/rosidl_adapter/cmake)
[0.872s] -- Using all available rosidl_typesupport_cpp: rosidl_typesupport_fastrtps_cpp;rosidl_typesupport_introspection_cpp
[0.918s] -- Found std_msgs: 4.2.4 (/opt/ros/humble/share/std_msgs/cmake)
[1.352s] -- Found ament_cmake_ros: 0.10.0 (/opt/ros/humble/share/ament_cmake_ros/cmake)
[1.683s] -- Using all available rosidl_typesupport_c: rosidl_typesupport_fastrtps_c;rosidl_typesupport_introspection_c
[2.113s] -- Using all available rosidl_typesupport_cpp: rosidl_typesupport_fastrtps_cpp;rosidl_typesupport_introspection_cpp
[2.146s] -- Found PythonInterp: /usr/bin/python3 (found suitable version "3.10.12", minimum required is "3.6") 
[2.148s] -- Found python_cmake_module: 0.10.0 (/opt/ros/humble/share/python_cmake_module/cmake)
[2.188s] -- Found PythonLibs: /usr/lib/x86_64-linux-gnu/libpython3.10.so (found suitable version "3.10.12", minimum required is "3.5") 
[2.189s] -- Using PYTHON_EXECUTABLE: /usr/bin/python3
[2.190s] -- Using PYTHON_INCLUDE_DIRS: /usr/include/python3.10
[2.190s] -- Using PYTHON_LIBRARIES: /usr/lib/x86_64-linux-gnu/libpython3.10.so
[2.220s] -- Found PythonExtra: .so  
[2.293s] -- Found ament_lint_auto: 0.12.11 (/opt/ros/humble/share/ament_lint_auto/cmake)
[2.318s] -- Added test 'lint_cmake' to check CMake code style
[2.323s] -- Added test 'xmllint' to check XML markup files
[2.323s] -- Configuring done
[2.369s] -- Generating done
[2.388s] -- Build files have been written to: /home/qianw/EECE5554/LAB1/build/gps_interface
[2.398s] Invoked command in '/home/qianw/EECE5554/LAB1/build/gps_interface' returned '0': CMAKE_PREFIX_PATH=${CMAKE_PREFIX_PATH}:/home/qianw/EECE5554/LAB1/install/gps_driver:/opt/ros/humble /usr/bin/cmake /home/qianw/EECE5554/LAB1/src/gps_interface -DCMAKE_INSTALL_PREFIX=/home/qianw/EECE5554/LAB1/install/gps_interface
[2.399s] Invoking command in '/home/qianw/EECE5554/LAB1/build/gps_interface': CMAKE_PREFIX_PATH=${CMAKE_PREFIX_PATH}:/home/qianw/EECE5554/LAB1/install/gps_driver:/opt/ros/humble /usr/bin/cmake --build /home/qianw/EECE5554/LAB1/build/gps_interface -- -j8 -l8
[2.453s] [  3%] [34m[1mGenerating C code for ROS interfaces[0m
[2.471s] [  6%] [34m[1mGenerating C++ code for ROS interfaces[0m
[2.484s] [  6%] Built target ament_cmake_python_copy_gps_interface
[2.850s] [  9%] [32mBuilding C object CMakeFiles/gps_interface__rosidl_generator_c.dir/rosidl_generator_c/gps_interface/msg/detail/gp_smsg__functions.c.o[0m
[2.868s] running egg_info
[2.871s] creating gps_interface.egg-info
[2.872s] writing gps_interface.egg-info/PKG-INFO
[2.872s] writing dependency_links to gps_interface.egg-info/dependency_links.txt
[2.872s] writing top-level names to gps_interface.egg-info/top_level.txt
[2.872s] writing manifest file 'gps_interface.egg-info/SOURCES.txt'
[2.875s] reading manifest file 'gps_interface.egg-info/SOURCES.txt'
[2.876s] writing manifest file 'gps_interface.egg-info/SOURCES.txt'
[2.877s] [  9%] Built target gps_interface__cpp
[2.899s] [ 16%] [34m[1mGenerating C++ type support dispatch for ROS interfaces[0m
[2.899s] [ 16%] [34m[1mGenerating C++ type support for eProsima Fast-RTPS[0m
[2.899s] [ 19%] [34m[1mGenerating C++ introspection for ROS interfaces[0m
[2.932s] [ 19%] Built target ament_cmake_python_build_gps_interface_egg
[2.942s] [ 22%] [32m[1mLinking C shared library libgps_interface__rosidl_generator_c.so[0m
[3.005s] [ 22%] Built target gps_interface__rosidl_generator_c
[3.023s] [ 29%] [34m[1mGenerating C type support for eProsima Fast-RTPS[0m
[3.023s] [ 32%] [34m[1mGenerating C introspection for ROS interfaces[0m
[3.023s] [ 32%] [34m[1mGenerating C type support dispatch for ROS interfaces[0m
[3.283s] [ 35%] [32mBuilding CXX object CMakeFiles/gps_interface__rosidl_typesupport_cpp.dir/rosidl_typesupport_cpp/gps_interface/msg/gp_smsg__type_support.cpp.o[0m
[3.321s] [ 38%] [32mBuilding CXX object CMakeFiles/gps_interface__rosidl_typesupport_fastrtps_cpp.dir/rosidl_typesupport_fastrtps_cpp/gps_interface/msg/detail/dds_fastrtps/gp_smsg__type_support.cpp.o[0m
[3.321s] [ 41%] [32mBuilding CXX object CMakeFiles/gps_interface__rosidl_typesupport_introspection_cpp.dir/rosidl_typesupport_introspection_cpp/gps_interface/msg/detail/gp_smsg__type_support.cpp.o[0m
[3.469s] [ 45%] [32mBuilding CXX object CMakeFiles/gps_interface__rosidl_typesupport_c.dir/rosidl_typesupport_c/gps_interface/msg/gp_smsg__type_support.cpp.o[0m
[3.476s] [ 48%] [32mBuilding CXX object CMakeFiles/gps_interface__rosidl_typesupport_fastrtps_c.dir/rosidl_typesupport_fastrtps_c/gps_interface/msg/detail/gp_smsg__type_support_c.cpp.o[0m
[3.482s] [ 51%] [32mBuilding C object CMakeFiles/gps_interface__rosidl_typesupport_introspection_c.dir/rosidl_typesupport_introspection_c/gps_interface/msg/detail/gp_smsg__type_support.c.o[0m
[3.526s] [ 54%] [32m[1mLinking CXX shared library libgps_interface__rosidl_typesupport_c.so[0m
[3.544s] [ 58%] [32m[1mLinking C shared library libgps_interface__rosidl_typesupport_introspection_c.so[0m
[3.601s] [ 58%] Built target gps_interface__rosidl_typesupport_introspection_c
[3.604s] [ 58%] Built target gps_interface__rosidl_typesupport_c
[3.834s] [ 61%] [32m[1mLinking CXX shared library libgps_interface__rosidl_typesupport_cpp.so[0m
[3.897s] [ 61%] Built target gps_interface__rosidl_typesupport_cpp
[4.020s] [ 64%] [32m[1mLinking CXX shared library libgps_interface__rosidl_typesupport_fastrtps_cpp.so[0m
[4.024s] [ 67%] [32m[1mLinking CXX shared library libgps_interface__rosidl_typesupport_introspection_cpp.so[0m
[4.107s] [ 70%] [32m[1mLinking CXX shared library libgps_interface__rosidl_typesupport_fastrtps_c.so[0m
[4.141s] [ 70%] Built target gps_interface__rosidl_typesupport_introspection_cpp
[4.157s] [ 70%] Built target gps_interface__rosidl_typesupport_fastrtps_cpp
[4.212s] [ 70%] Built target gps_interface__rosidl_typesupport_fastrtps_c
[4.240s] [ 70%] Built target gps_interface
[4.267s] [ 74%] [34m[1mGenerating Python code for ROS interfaces[0m
[4.755s] [ 74%] Built target gps_interface__py
[4.787s] [ 77%] [32mBuilding C object CMakeFiles/gps_interface__rosidl_generator_py.dir/rosidl_generator_py/gps_interface/msg/_gp_smsg_s.c.o[0m
[4.961s] [ 80%] [32m[1mLinking C shared library rosidl_generator_py/gps_interface/libgps_interface__rosidl_generator_py.so[0m
[5.025s] [ 80%] Built target gps_interface__rosidl_generator_py
[5.061s] [ 83%] [32mBuilding C object CMakeFiles/gps_interface__rosidl_typesupport_fastrtps_c__pyext.dir/rosidl_generator_py/gps_interface/_gps_interface_s.ep.rosidl_typesupport_fastrtps_c.c.o[0m
[5.068s] [ 87%] [32mBuilding C object CMakeFiles/gps_interface__rosidl_typesupport_introspection_c__pyext.dir/rosidl_generator_py/gps_interface/_gps_interface_s.ep.rosidl_typesupport_introspection_c.c.o[0m
[5.068s] [ 90%] [32mBuilding C object CMakeFiles/gps_interface__rosidl_typesupport_c__pyext.dir/rosidl_generator_py/gps_interface/_gps_interface_s.ep.rosidl_typesupport_c.c.o[0m
[5.278s] [ 93%] [32m[1mLinking C shared library rosidl_generator_py/gps_interface/gps_interface_s__rosidl_typesupport_introspection_c.cpython-310-x86_64-linux-gnu.so[0m
[5.280s] [ 96%] [32m[1mLinking C shared library rosidl_generator_py/gps_interface/gps_interface_s__rosidl_typesupport_c.cpython-310-x86_64-linux-gnu.so[0m
[5.306s] [100%] [32m[1mLinking C shared library rosidl_generator_py/gps_interface/gps_interface_s__rosidl_typesupport_fastrtps_c.cpython-310-x86_64-linux-gnu.so[0m
[5.338s] [100%] Built target gps_interface__rosidl_typesupport_introspection_c__pyext
[5.339s] [100%] Built target gps_interface__rosidl_typesupport_c__pyext
[5.370s] [100%] Built target gps_interface__rosidl_typesupport_fastrtps_c__pyext
[5.386s] Invoked command in '/home/qianw/EECE5554/LAB1/build/gps_interface' returned '0': CMAKE_PREFIX_PATH=${CMAKE_PREFIX_PATH}:/home/qianw/EECE5554/LAB1/install/gps_driver:/opt/ros/humble /usr/bin/cmake --build /home/qianw/EECE5554/LAB1/build/gps_interface -- -j8 -l8
[5.400s] Invoking command in '/home/qianw/EECE5554/LAB1/build/gps_interface': CMAKE_PREFIX_PATH=${CMAKE_PREFIX_PATH}:/home/qianw/EECE5554/LAB1/install/gps_driver:/opt/ros/humble /usr/bin/cmake --install /home/qianw/EECE5554/LAB1/build/gps_interface
[5.412s] -- Install configuration: ""
[5.412s] -- Installing: /home/qianw/EECE5554/LAB1/install/gps_interface/share/ament_index/resource_index/rosidl_interfaces/gps_interface
[5.413s] -- Installing: /home/qianw/EECE5554/LAB1/install/gps_interface/include/gps_interface/gps_interface
[5.413s] -- Installing: /home/qianw/EECE5554/LAB1/install/gps_interface/include/gps_interface/gps_interface/msg
[5.413s] -- Installing: /home/qianw/EECE5554/LAB1/install/gps_interface/include/gps_interface/gps_interface/msg/gp_smsg.h
[5.413s] -- Installing: /home/qianw/EECE5554/LAB1/install/gps_interface/include/gps_interface/gps_interface/msg/detail
[5.413s] -- Installing: /home/qianw/EECE5554/LAB1/install/gps_interface/include/gps_interface/gps_interface/msg/detail/gp_smsg__functions.h
[5.413s] -- Installing: /home/qianw/EECE5554/LAB1/install/gps_interface/include/gps_interface/gps_interface/msg/detail/gp_smsg__type_support.h
[5.413s] -- Installing: /home/qianw/EECE5554/LAB1/install/gps_interface/include/gps_interface/gps_interface/msg/detail/gp_smsg__functions.c
[5.413s] -- Installing: /home/qianw/EECE5554/LAB1/install/gps_interface/include/gps_interface/gps_interface/msg/detail/gp_smsg__struct.h
[5.414s] -- Installing: /home/qianw/EECE5554/LAB1/install/gps_interface/include/gps_interface/gps_interface/msg/rosidl_generator_c__visibility_control.h
[5.414s] -- Installing: /home/qianw/EECE5554/LAB1/install/gps_interface/share/gps_interface/environment/library_path.sh
[5.414s] -- Installing: /home/qianw/EECE5554/LAB1/install/gps_interface/share/gps_interface/environment/library_path.dsv
[5.414s] -- Installing: /home/qianw/EECE5554/LAB1/install/gps_interface/lib/libgps_interface__rosidl_generator_c.so
[5.414s] -- Set runtime path of "/home/qianw/EECE5554/LAB1/install/gps_interface/lib/libgps_interface__rosidl_generator_c.so" to ""
[5.414s] -- Up-to-date: /home/qianw/EECE5554/LAB1/install/gps_interface/include/gps_interface/gps_interface
[5.414s] -- Up-to-date: /home/qianw/EECE5554/LAB1/install/gps_interface/include/gps_interface/gps_interface/msg
[5.414s] -- Up-to-date: /home/qianw/EECE5554/LAB1/install/gps_interface/include/gps_interface/gps_interface/msg/detail
[5.415s] -- Installing: /home/qianw/EECE5554/LAB1/install/gps_interface/include/gps_interface/gps_interface/msg/detail/gp_smsg__rosidl_typesupport_fastrtps_c.h
[5.415s] -- Installing: /home/qianw/EECE5554/LAB1/install/gps_interface/include/gps_interface/gps_interface/msg/rosidl_typesupport_fastrtps_c__visibility_control.h
[5.415s] -- Installing: /home/qianw/EECE5554/LAB1/install/gps_interface/lib/libgps_interface__rosidl_typesupport_fastrtps_c.so
[5.415s] -- Set runtime path of "/home/qianw/EECE5554/LAB1/install/gps_interface/lib/libgps_interface__rosidl_typesupport_fastrtps_c.so" to ""
[5.415s] -- Up-to-date: /home/qianw/EECE5554/LAB1/install/gps_interface/include/gps_interface/gps_interface
[5.415s] -- Up-to-date: /home/qianw/EECE5554/LAB1/install/gps_interface/include/gps_interface/gps_interface/msg
[5.416s] -- Up-to-date: /home/qianw/EECE5554/LAB1/install/gps_interface/include/gps_interface/gps_interface/msg/detail
[5.416s] -- Installing: /home/qianw/EECE5554/LAB1/install/gps_interface/include/gps_interface/gps_interface/msg/detail/gp_smsg__rosidl_typesupport_introspection_c.h
[5.416s] -- Installing: /home/qianw/EECE5554/LAB1/install/gps_interface/include/gps_interface/gps_interface/msg/detail/gp_smsg__type_support.c
[5.416s] -- Installing: /home/qianw/EECE5554/LAB1/install/gps_interface/include/gps_interface/gps_interface/msg/rosidl_typesupport_introspection_c__visibility_control.h
[5.416s] -- Installing: /home/qianw/EECE5554/LAB1/install/gps_interface/lib/libgps_interface__rosidl_typesupport_introspection_c.so
[5.416s] -- Set runtime path of "/home/qianw/EECE5554/LAB1/install/gps_interface/lib/libgps_interface__rosidl_typesupport_introspection_c.so" to ""
[5.417s] -- Installing: /home/qianw/EECE5554/LAB1/install/gps_interface/lib/libgps_interface__rosidl_typesupport_c.so
[5.417s] -- Set runtime path of "/home/qianw/EECE5554/LAB1/install/gps_interface/lib/libgps_interface__rosidl_typesupport_c.so" to ""
[5.417s] -- Up-to-date: /home/qianw/EECE5554/LAB1/install/gps_interface/include/gps_interface/gps_interface
[5.417s] -- Up-to-date: /home/qianw/EECE5554/LAB1/install/gps_interface/include/gps_interface/gps_interface/msg
[5.417s] -- Installing: /home/qianw/EECE5554/LAB1/install/gps_interface/include/gps_interface/gps_interface/msg/rosidl_generator_cpp__visibility_control.hpp
[5.417s] -- Up-to-date: /home/qianw/EECE5554/LAB1/install/gps_interface/include/gps_interface/gps_interface/msg/detail
[5.417s] -- Installing: /home/qianw/EECE5554/LAB1/install/gps_interface/include/gps_interface/gps_interface/msg/detail/gp_smsg__type_support.hpp
[5.417s] -- Installing: /home/qianw/EECE5554/LAB1/install/gps_interface/include/gps_interface/gps_interface/msg/detail/gp_smsg__builder.hpp
[5.419s] -- Installing: /home/qianw/EECE5554/LAB1/install/gps_interface/include/gps_interface/gps_interface/msg/detail/gp_smsg__struct.hpp
[5.419s] -- Installing: /home/qianw/EECE5554/LAB1/install/gps_interface/include/gps_interface/gps_interface/msg/detail/gp_smsg__traits.hpp
[5.419s] -- Installing: /home/qianw/EECE5554/LAB1/install/gps_interface/include/gps_interface/gps_interface/msg/gp_smsg.hpp
[5.419s] -- Up-to-date: /home/qianw/EECE5554/LAB1/install/gps_interface/include/gps_interface/gps_interface
[5.420s] -- Up-to-date: /home/qianw/EECE5554/LAB1/install/gps_interface/include/gps_interface/gps_interface/msg
[5.420s] -- Up-to-date: /home/qianw/EECE5554/LAB1/install/gps_interface/include/gps_interface/gps_interface/msg/detail
[5.420s] -- Installing: /home/qianw/EECE5554/LAB1/install/gps_interface/include/gps_interface/gps_interface/msg/detail/gp_smsg__rosidl_typesupport_fastrtps_cpp.hpp
[5.420s] -- Installing: /home/qianw/EECE5554/LAB1/install/gps_interface/include/gps_interface/gps_interface/msg/detail/dds_fastrtps
[5.420s] -- Installing: /home/qianw/EECE5554/LAB1/install/gps_interface/include/gps_interface/gps_interface/msg/rosidl_typesupport_fastrtps_cpp__visibility_control.h
[5.420s] -- Installing: /home/qianw/EECE5554/LAB1/install/gps_interface/lib/libgps_interface__rosidl_typesupport_fastrtps_cpp.so
[5.420s] -- Set runtime path of "/home/qianw/EECE5554/LAB1/install/gps_interface/lib/libgps_interface__rosidl_typesupport_fastrtps_cpp.so" to ""
[5.420s] -- Up-to-date: /home/qianw/EECE5554/LAB1/install/gps_interface/include/gps_interface/gps_interface
[5.421s] -- Up-to-date: /home/qianw/EECE5554/LAB1/install/gps_interface/include/gps_interface/gps_interface/msg
[5.421s] -- Up-to-date: /home/qianw/EECE5554/LAB1/install/gps_interface/include/gps_interface/gps_interface/msg/detail
[5.421s] -- Installing: /home/qianw/EECE5554/LAB1/install/gps_interface/include/gps_interface/gps_interface/msg/detail/gp_smsg__rosidl_typesupport_introspection_cpp.hpp
[5.421s] -- Installing: /home/qianw/EECE5554/LAB1/install/gps_interface/include/gps_interface/gps_interface/msg/detail/gp_smsg__type_support.cpp
[5.421s] -- Installing: /home/qianw/EECE5554/LAB1/install/gps_interface/lib/libgps_interface__rosidl_typesupport_introspection_cpp.so
[5.421s] -- Set runtime path of "/home/qianw/EECE5554/LAB1/install/gps_interface/lib/libgps_interface__rosidl_typesupport_introspection_cpp.so" to ""
[5.422s] -- Installing: /home/qianw/EECE5554/LAB1/install/gps_interface/lib/libgps_interface__rosidl_typesupport_cpp.so
[5.422s] -- Set runtime path of "/home/qianw/EECE5554/LAB1/install/gps_interface/lib/libgps_interface__rosidl_typesupport_cpp.so" to ""
[5.422s] -- Installing: /home/qianw/EECE5554/LAB1/install/gps_interface/share/gps_interface/environment/pythonpath.sh
[5.422s] -- Installing: /home/qianw/EECE5554/LAB1/install/gps_interface/share/gps_interface/environment/pythonpath.dsv
[5.422s] -- Installing: /home/qianw/EECE5554/LAB1/install/gps_interface/local/lib/python3.10/dist-packages/gps_interface-0.0.0-py3.10.egg-info
[5.423s] -- Installing: /home/qianw/EECE5554/LAB1/install/gps_interface/local/lib/python3.10/dist-packages/gps_interface-0.0.0-py3.10.egg-info/PKG-INFO
[5.423s] -- Installing: /home/qianw/EECE5554/LAB1/install/gps_interface/local/lib/python3.10/dist-packages/gps_interface-0.0.0-py3.10.egg-info/top_level.txt
[5.423s] -- Installing: /home/qianw/EECE5554/LAB1/install/gps_interface/local/lib/python3.10/dist-packages/gps_interface-0.0.0-py3.10.egg-info/dependency_links.txt
[5.423s] -- Installing: /home/qianw/EECE5554/LAB1/install/gps_interface/local/lib/python3.10/dist-packages/gps_interface-0.0.0-py3.10.egg-info/SOURCES.txt
[5.423s] -- Installing: /home/qianw/EECE5554/LAB1/install/gps_interface/local/lib/python3.10/dist-packages/gps_interface
[5.423s] -- Installing: /home/qianw/EECE5554/LAB1/install/gps_interface/local/lib/python3.10/dist-packages/gps_interface/_gps_interface_s.ep.rosidl_typesupport_fastrtps_c.c
[5.423s] -- Installing: /home/qianw/EECE5554/LAB1/install/gps_interface/local/lib/python3.10/dist-packages/gps_interface/gps_interface_s__rosidl_typesupport_introspection_c.cpython-310-x86_64-linux-gnu.so
[5.423s] -- Installing: /home/qianw/EECE5554/LAB1/install/gps_interface/local/lib/python3.10/dist-packages/gps_interface/libgps_interface__rosidl_generator_py.so
[5.424s] -- Installing: /home/qianw/EECE5554/LAB1/install/gps_interface/local/lib/python3.10/dist-packages/gps_interface/__init__.py
[5.424s] -- Installing: /home/qianw/EECE5554/LAB1/install/gps_interface/local/lib/python3.10/dist-packages/gps_interface/_gps_interface_s.ep.rosidl_typesupport_c.c
[5.424s] -- Installing: /home/qianw/EECE5554/LAB1/install/gps_interface/local/lib/python3.10/dist-packages/gps_interface/gps_interface_s__rosidl_typesupport_c.cpython-310-x86_64-linux-gnu.so
[5.424s] -- Installing: /home/qianw/EECE5554/LAB1/install/gps_interface/local/lib/python3.10/dist-packages/gps_interface/gps_interface_s__rosidl_typesupport_fastrtps_c.cpython-310-x86_64-linux-gnu.so
[5.424s] -- Installing: /home/qianw/EECE5554/LAB1/install/gps_interface/local/lib/python3.10/dist-packages/gps_interface/_gps_interface_s.ep.rosidl_typesupport_introspection_c.c
[5.424s] -- Installing: /home/qianw/EECE5554/LAB1/install/gps_interface/local/lib/python3.10/dist-packages/gps_interface/msg
[5.424s] -- Installing: /home/qianw/EECE5554/LAB1/install/gps_interface/local/lib/python3.10/dist-packages/gps_interface/msg/_gp_smsg_s.c
[5.424s] -- Installing: /home/qianw/EECE5554/LAB1/install/gps_interface/local/lib/python3.10/dist-packages/gps_interface/msg/_gp_smsg.py
[5.424s] -- Installing: /home/qianw/EECE5554/LAB1/install/gps_interface/local/lib/python3.10/dist-packages/gps_interface/msg/__init__.py
[5.477s] Listing '/home/qianw/EECE5554/LAB1/install/gps_interface/local/lib/python3.10/dist-packages/gps_interface'...
[5.477s] Compiling '/home/qianw/EECE5554/LAB1/install/gps_interface/local/lib/python3.10/dist-packages/gps_interface/__init__.py'...
[5.477s] Listing '/home/qianw/EECE5554/LAB1/install/gps_interface/local/lib/python3.10/dist-packages/gps_interface/msg'...
[5.477s] Compiling '/home/qianw/EECE5554/LAB1/install/gps_interface/local/lib/python3.10/dist-packages/gps_interface/msg/__init__.py'...
[5.477s] Compiling '/home/qianw/EECE5554/LAB1/install/gps_interface/local/lib/python3.10/dist-packages/gps_interface/msg/_gp_smsg.py'...
[5.483s] -- Installing: /home/qianw/EECE5554/LAB1/install/gps_interface/local/lib/python3.10/dist-packages/gps_interface/gps_interface_s__rosidl_typesupport_fastrtps_c.cpython-310-x86_64-linux-gnu.so
[5.484s] -- Set runtime path of "/home/qianw/EECE5554/LAB1/install/gps_interface/local/lib/python3.10/dist-packages/gps_interface/gps_interface_s__rosidl_typesupport_fastrtps_c.cpython-310-x86_64-linux-gnu.so" to ""
[5.484s] -- Installing: /home/qianw/EECE5554/LAB1/install/gps_interface/local/lib/python3.10/dist-packages/gps_interface/gps_interface_s__rosidl_typesupport_introspection_c.cpython-310-x86_64-linux-gnu.so
[5.485s] -- Set runtime path of "/home/qianw/EECE5554/LAB1/install/gps_interface/local/lib/python3.10/dist-packages/gps_interface/gps_interface_s__rosidl_typesupport_introspection_c.cpython-310-x86_64-linux-gnu.so" to ""
[5.485s] -- Installing: /home/qianw/EECE5554/LAB1/install/gps_interface/local/lib/python3.10/dist-packages/gps_interface/gps_interface_s__rosidl_typesupport_c.cpython-310-x86_64-linux-gnu.so
[5.485s] -- Set runtime path of "/home/qianw/EECE5554/LAB1/install/gps_interface/local/lib/python3.10/dist-packages/gps_interface/gps_interface_s__rosidl_typesupport_c.cpython-310-x86_64-linux-gnu.so" to ""
[5.486s] -- Installing: /home/qianw/EECE5554/LAB1/install/gps_interface/lib/libgps_interface__rosidl_generator_py.so
[5.486s] -- Set runtime path of "/home/qianw/EECE5554/LAB1/install/gps_interface/lib/libgps_interface__rosidl_generator_py.so" to ""
[5.486s] -- Installing: /home/qianw/EECE5554/LAB1/install/gps_interface/share/gps_interface/msg/GPSmsg.idl
[5.486s] -- Installing: /home/qianw/EECE5554/LAB1/install/gps_interface/share/gps_interface/msg/GPSmsg.msg
[5.487s] -- Installing: /home/qianw/EECE5554/LAB1/install/gps_interface/share/ament_index/resource_index/package_run_dependencies/gps_interface
[5.487s] -- Installing: /home/qianw/EECE5554/LAB1/install/gps_interface/share/ament_index/resource_index/parent_prefix_path/gps_interface
[5.487s] -- Installing: /home/qianw/EECE5554/LAB1/install/gps_interface/share/gps_interface/environment/ament_prefix_path.sh
[5.487s] -- Installing: /home/qianw/EECE5554/LAB1/install/gps_interface/share/gps_interface/environment/ament_prefix_path.dsv
[5.487s] -- Installing: /home/qianw/EECE5554/LAB1/install/gps_interface/share/gps_interface/environment/path.sh
[5.488s] -- Installing: /home/qianw/EECE5554/LAB1/install/gps_interface/share/gps_interface/environment/path.dsv
[5.488s] -- Installing: /home/qianw/EECE5554/LAB1/install/gps_interface/share/gps_interface/local_setup.bash
[5.488s] -- Installing: /home/qianw/EECE5554/LAB1/install/gps_interface/share/gps_interface/local_setup.sh
[5.488s] -- Installing: /home/qianw/EECE5554/LAB1/install/gps_interface/share/gps_interface/local_setup.zsh
[5.489s] -- Installing: /home/qianw/EECE5554/LAB1/install/gps_interface/share/gps_interface/local_setup.dsv
[5.489s] -- Installing: /home/qianw/EECE5554/LAB1/install/gps_interface/share/gps_interface/package.dsv
[5.489s] -- Installing: /home/qianw/EECE5554/LAB1/install/gps_interface/share/ament_index/resource_index/packages/gps_interface
[5.489s] -- Installing: /home/qianw/EECE5554/LAB1/install/gps_interface/share/gps_interface/cmake/export_gps_interface__rosidl_generator_cExport.cmake
[5.489s] -- Installing: /home/qianw/EECE5554/LAB1/install/gps_interface/share/gps_interface/cmake/export_gps_interface__rosidl_generator_cExport-noconfig.cmake
[5.490s] -- Installing: /home/qianw/EECE5554/LAB1/install/gps_interface/share/gps_interface/cmake/export_gps_interface__rosidl_typesupport_fastrtps_cExport.cmake
[5.490s] -- Installing: /home/qianw/EECE5554/LAB1/install/gps_interface/share/gps_interface/cmake/export_gps_interface__rosidl_typesupport_fastrtps_cExport-noconfig.cmake
[5.490s] -- Installing: /home/qianw/EECE5554/LAB1/install/gps_interface/share/gps_interface/cmake/gps_interface__rosidl_typesupport_introspection_cExport.cmake
[5.490s] -- Installing: /home/qianw/EECE5554/LAB1/install/gps_interface/share/gps_interface/cmake/gps_interface__rosidl_typesupport_introspection_cExport-noconfig.cmake
[5.490s] -- Installing: /home/qianw/EECE5554/LAB1/install/gps_interface/share/gps_interface/cmake/gps_interface__rosidl_typesupport_cExport.cmake
[5.490s] -- Installing: /home/qianw/EECE5554/LAB1/install/gps_interface/share/gps_interface/cmake/gps_interface__rosidl_typesupport_cExport-noconfig.cmake
[5.491s] -- Installing: /home/qianw/EECE5554/LAB1/install/gps_interface/share/gps_interface/cmake/export_gps_interface__rosidl_generator_cppExport.cmake
[5.491s] -- Installing: /home/qianw/EECE5554/LAB1/install/gps_interface/share/gps_interface/cmake/export_gps_interface__rosidl_typesupport_fastrtps_cppExport.cmake
[5.491s] -- Installing: /home/qianw/EECE5554/LAB1/install/gps_interface/share/gps_interface/cmake/export_gps_interface__rosidl_typesupport_fastrtps_cppExport-noconfig.cmake
[5.491s] -- Installing: /home/qianw/EECE5554/LAB1/install/gps_interface/share/gps_interface/cmake/gps_interface__rosidl_typesupport_introspection_cppExport.cmake
[5.492s] -- Installing: /home/qianw/EECE5554/LAB1/install/gps_interface/share/gps_interface/cmake/gps_interface__rosidl_typesupport_introspection_cppExport-noconfig.cmake
[5.492s] -- Installing: /home/qianw/EECE5554/LAB1/install/gps_interface/share/gps_interface/cmake/gps_interface__rosidl_typesupport_cppExport.cmake
[5.492s] -- Installing: /home/qianw/EECE5554/LAB1/install/gps_interface/share/gps_interface/cmake/gps_interface__rosidl_typesupport_cppExport-noconfig.cmake
[5.492s] -- Installing: /home/qianw/EECE5554/LAB1/install/gps_interface/share/gps_interface/cmake/export_gps_interface__rosidl_generator_pyExport.cmake
[5.493s] -- Installing: /home/qianw/EECE5554/LAB1/install/gps_interface/share/gps_interface/cmake/export_gps_interface__rosidl_generator_pyExport-noconfig.cmake
[5.493s] -- Installing: /home/qianw/EECE5554/LAB1/install/gps_interface/share/gps_interface/cmake/rosidl_cmake-extras.cmake
[5.493s] -- Installing: /home/qianw/EECE5554/LAB1/install/gps_interface/share/gps_interface/cmake/ament_cmake_export_dependencies-extras.cmake
[5.493s] -- Installing: /home/qianw/EECE5554/LAB1/install/gps_interface/share/gps_interface/cmake/ament_cmake_export_include_directories-extras.cmake
[5.494s] -- Installing: /home/qianw/EECE5554/LAB1/install/gps_interface/share/gps_interface/cmake/ament_cmake_export_libraries-extras.cmake
[5.494s] -- Installing: /home/qianw/EECE5554/LAB1/install/gps_interface/share/gps_interface/cmake/ament_cmake_export_targets-extras.cmake
[5.494s] -- Installing: /home/qianw/EECE5554/LAB1/install/gps_interface/share/gps_interface/cmake/rosidl_cmake_export_typesupport_targets-extras.cmake
[5.494s] -- Installing: /home/qianw/EECE5554/LAB1/install/gps_interface/share/gps_interface/cmake/rosidl_cmake_export_typesupport_libraries-extras.cmake
[5.494s] -- Installing: /home/qianw/EECE5554/LAB1/install/gps_interface/share/gps_interface/cmake/gps_interfaceConfig.cmake
[5.494s] -- Installing: /home/qianw/EECE5554/LAB1/install/gps_interface/share/gps_interface/cmake/gps_interfaceConfig-version.cmake
[5.495s] -- Installing: /home/qianw/EECE5554/LAB1/install/gps_interface/share/gps_interface/package.xml
[5.499s] Invoked command in '/home/qianw/EECE5554/LAB1/build/gps_interface' returned '0': CMAKE_PREFIX_PATH=${CMAKE_PREFIX_PATH}:/home/qianw/EECE5554/LAB1/install/gps_driver:/opt/ros/humble /usr/bin/cmake --install /home/qianw/EECE5554/LAB1/build/gps_interface
