[35m[1mConsolidate compiler generated dependencies of target gps_interface__rosidl_generator_c[0m
[  3%] Built target gps_interface__cpp
[ 12%] Built target gps_interface__rosidl_generator_c
[ 12%] Built target ament_cmake_python_copy_gps_interface
[35m[1mConsolidate compiler generated dependencies of target gps_interface__rosidl_typesupport_cpp[0m
[35m[1mConsolidate compiler generated dependencies of target gps_interface__rosidl_typesupport_introspection_cpp[0m
[35m[1mConsolidate compiler generated dependencies of target gps_interface__rosidl_typesupport_fastrtps_cpp[0m
[35m[1mConsolidate compiler generated dependencies of target gps_interface__rosidl_typesupport_introspection_c[0m
[35m[1mConsolidate compiler generated dependencies of target gps_interface__rosidl_typesupport_c[0m
[35m[1mConsolidate compiler generated dependencies of target gps_interface__rosidl_typesupport_fastrtps_c[0m
[ 22%] Built target gps_interface__rosidl_typesupport_introspection_cpp
[ 32%] Built target gps_interface__rosidl_typesupport_fastrtps_cpp
[ 51%] Built target gps_interface__rosidl_typesupport_cpp
[ 51%] Built target gps_interface__rosidl_typesupport_introspection_c
[ 61%] Built target gps_interface__rosidl_typesupport_fastrtps_c
[ 70%] Built target gps_interface__rosidl_typesupport_c
[ 70%] Built target gps_interface
[ 74%] Built target gps_interface__py
[35m[1mConsolidate compiler generated dependencies of target gps_interface__rosidl_generator_py[0m
[ 80%] Built target gps_interface__rosidl_generator_py
[35m[1mConsolidate compiler generated dependencies of target gps_interface__rosidl_typesupport_introspection_c__pyext[0m
[35m[1mConsolidate compiler generated dependencies of target gps_interface__rosidl_typesupport_fastrtps_c__pyext[0m
[35m[1mConsolidate compiler generated dependencies of target gps_interface__rosidl_typesupport_c__pyext[0m
[ 87%] Built target gps_interface__rosidl_typesupport_c__pyext
[ 96%] Built target gps_interface__rosidl_typesupport_fastrtps_c__pyext
[100%] Built target gps_interface__rosidl_typesupport_introspection_c__pyext
running egg_info
writing gps_interface.egg-info/PKG-INFO
writing dependency_links to gps_interface.egg-info/dependency_links.txt
writing top-level names to gps_interface.egg-info/top_level.txt
reading manifest file 'gps_interface.egg-info/SOURCES.txt'
writing manifest file 'gps_interface.egg-info/SOURCES.txt'
[100%] Built target ament_cmake_python_build_gps_interface_egg
-- Install configuration: ""
-- Up-to-date: /home/qianw/EECE5554/LAB1/install/gps_interface/share/ament_index/resource_index/rosidl_interfaces/gps_interface
-- Up-to-date: /home/qianw/EECE5554/LAB1/install/gps_interface/include/gps_interface/gps_interface
-- Up-to-date: /home/qianw/EECE5554/LAB1/install/gps_interface/include/gps_interface/gps_interface/msg
-- Up-to-date: /home/qianw/EECE5554/LAB1/install/gps_interface/include/gps_interface/gps_interface/msg/gp_smsg.h
-- Up-to-date: /home/qianw/EECE5554/LAB1/install/gps_interface/include/gps_interface/gps_interface/msg/detail
-- Up-to-date: /home/qianw/EECE5554/LAB1/install/gps_interface/include/gps_interface/gps_interface/msg/detail/gp_smsg__functions.h
-- Up-to-date: /home/qianw/EECE5554/LAB1/install/gps_interface/include/gps_interface/gps_interface/msg/detail/gp_smsg__type_support.h
-- Up-to-date: /home/qianw/EECE5554/LAB1/install/gps_interface/include/gps_interface/gps_interface/msg/detail/gp_smsg__functions.c
-- Up-to-date: /home/qianw/EECE5554/LAB1/install/gps_interface/include/gps_interface/gps_interface/msg/detail/gp_smsg__struct.h
-- Up-to-date: /home/qianw/EECE5554/LAB1/install/gps_interface/include/gps_interface/gps_interface/msg/rosidl_generator_c__visibility_control.h
-- Up-to-date: /home/qianw/EECE5554/LAB1/install/gps_interface/share/gps_interface/environment/library_path.sh
-- Up-to-date: /home/qianw/EECE5554/LAB1/install/gps_interface/share/gps_interface/environment/library_path.dsv
-- Up-to-date: /home/qianw/EECE5554/LAB1/install/gps_interface/lib/libgps_interface__rosidl_generator_c.so
-- Up-to-date: /home/qianw/EECE5554/LAB1/install/gps_interface/include/gps_interface/gps_interface
-- Up-to-date: /home/qianw/EECE5554/LAB1/install/gps_interface/include/gps_interface/gps_interface/msg
-- Up-to-date: /home/qianw/EECE5554/LAB1/install/gps_interface/include/gps_interface/gps_interface/msg/detail
-- Up-to-date: /home/qianw/EECE5554/LAB1/install/gps_interface/include/gps_interface/gps_interface/msg/detail/gp_smsg__rosidl_typesupport_fastrtps_c.h
-- Up-to-date: /home/qianw/EECE5554/LAB1/install/gps_interface/include/gps_interface/gps_interface/msg/rosidl_typesupport_fastrtps_c__visibility_control.h
-- Up-to-date: /home/qianw/EECE5554/LAB1/install/gps_interface/lib/libgps_interface__rosidl_typesupport_fastrtps_c.so
-- Up-to-date: /home/qianw/EECE5554/LAB1/install/gps_interface/include/gps_interface/gps_interface
-- Up-to-date: /home/qianw/EECE5554/LAB1/install/gps_interface/include/gps_interface/gps_interface/msg
-- Up-to-date: /home/qianw/EECE5554/LAB1/install/gps_interface/include/gps_interface/gps_interface/msg/detail
-- Up-to-date: /home/qianw/EECE5554/LAB1/install/gps_interface/include/gps_interface/gps_interface/msg/detail/gp_smsg__rosidl_typesupport_introspection_c.h
-- Up-to-date: /home/qianw/EECE5554/LAB1/install/gps_interface/include/gps_interface/gps_interface/msg/detail/gp_smsg__type_support.c
-- Up-to-date: /home/qianw/EECE5554/LAB1/install/gps_interface/include/gps_interface/gps_interface/msg/rosidl_typesupport_introspection_c__visibility_control.h
-- Up-to-date: /home/qianw/EECE5554/LAB1/install/gps_interface/lib/libgps_interface__rosidl_typesupport_introspection_c.so
-- Up-to-date: /home/qianw/EECE5554/LAB1/install/gps_interface/lib/libgps_interface__rosidl_typesupport_c.so
-- Up-to-date: /home/qianw/EECE5554/LAB1/install/gps_interface/include/gps_interface/gps_interface
-- Up-to-date: /home/qianw/EECE5554/LAB1/install/gps_interface/include/gps_interface/gps_interface/msg
-- Up-to-date: /home/qianw/EECE5554/LAB1/install/gps_interface/include/gps_interface/gps_interface/msg/rosidl_generator_cpp__visibility_control.hpp
-- Up-to-date: /home/qianw/EECE5554/LAB1/install/gps_interface/include/gps_interface/gps_interface/msg/detail
-- Up-to-date: /home/qianw/EECE5554/LAB1/install/gps_interface/include/gps_interface/gps_interface/msg/detail/gp_smsg__type_support.hpp
-- Up-to-date: /home/qianw/EECE5554/LAB1/install/gps_interface/include/gps_interface/gps_interface/msg/detail/gp_smsg__builder.hpp
-- Up-to-date: /home/qianw/EECE5554/LAB1/install/gps_interface/include/gps_interface/gps_interface/msg/detail/gp_smsg__struct.hpp
-- Up-to-date: /home/qianw/EECE5554/LAB1/install/gps_interface/include/gps_interface/gps_interface/msg/detail/gp_smsg__traits.hpp
-- Up-to-date: /home/qianw/EECE5554/LAB1/install/gps_interface/include/gps_interface/gps_interface/msg/gp_smsg.hpp
-- Up-to-date: /home/qianw/EECE5554/LAB1/install/gps_interface/include/gps_interface/gps_interface
-- Up-to-date: /home/qianw/EECE5554/LAB1/install/gps_interface/include/gps_interface/gps_interface/msg
-- Up-to-date: /home/qianw/EECE5554/LAB1/install/gps_interface/include/gps_interface/gps_interface/msg/detail
-- Up-to-date: /home/qianw/EECE5554/LAB1/install/gps_interface/include/gps_interface/gps_interface/msg/detail/gp_smsg__rosidl_typesupport_fastrtps_cpp.hpp
-- Up-to-date: /home/qianw/EECE5554/LAB1/install/gps_interface/include/gps_interface/gps_interface/msg/detail/dds_fastrtps
-- Up-to-date: /home/qianw/EECE5554/LAB1/install/gps_interface/include/gps_interface/gps_interface/msg/rosidl_typesupport_fastrtps_cpp__visibility_control.h
-- Up-to-date: /home/qianw/EECE5554/LAB1/install/gps_interface/lib/libgps_interface__rosidl_typesupport_fastrtps_cpp.so
-- Up-to-date: /home/qianw/EECE5554/LAB1/install/gps_interface/include/gps_interface/gps_interface
-- Up-to-date: /home/qianw/EECE5554/LAB1/install/gps_interface/include/gps_interface/gps_interface/msg
-- Up-to-date: /home/qianw/EECE5554/LAB1/install/gps_interface/include/gps_interface/gps_interface/msg/detail
-- Up-to-date: /home/qianw/EECE5554/LAB1/install/gps_interface/include/gps_interface/gps_interface/msg/detail/gp_smsg__rosidl_typesupport_introspection_cpp.hpp
-- Up-to-date: /home/qianw/EECE5554/LAB1/install/gps_interface/include/gps_interface/gps_interface/msg/detail/gp_smsg__type_support.cpp
-- Up-to-date: /home/qianw/EECE5554/LAB1/install/gps_interface/lib/libgps_interface__rosidl_typesupport_introspection_cpp.so
-- Up-to-date: /home/qianw/EECE5554/LAB1/install/gps_interface/lib/libgps_interface__rosidl_typesupport_cpp.so
-- Up-to-date: /home/qianw/EECE5554/LAB1/install/gps_interface/share/gps_interface/environment/pythonpath.sh
-- Up-to-date: /home/qianw/EECE5554/LAB1/install/gps_interface/share/gps_interface/environment/pythonpath.dsv
-- Up-to-date: /home/qianw/EECE5554/LAB1/install/gps_interface/local/lib/python3.10/dist-packages/gps_interface-0.0.0-py3.10.egg-info
-- Installing: /home/qianw/EECE5554/LAB1/install/gps_interface/local/lib/python3.10/dist-packages/gps_interface-0.0.0-py3.10.egg-info/PKG-INFO
-- Installing: /home/qianw/EECE5554/LAB1/install/gps_interface/local/lib/python3.10/dist-packages/gps_interface-0.0.0-py3.10.egg-info/top_level.txt
-- Installing: /home/qianw/EECE5554/LAB1/install/gps_interface/local/lib/python3.10/dist-packages/gps_interface-0.0.0-py3.10.egg-info/dependency_links.txt
-- Installing: /home/qianw/EECE5554/LAB1/install/gps_interface/local/lib/python3.10/dist-packages/gps_interface-0.0.0-py3.10.egg-info/SOURCES.txt
-- Up-to-date: /home/qianw/EECE5554/LAB1/install/gps_interface/local/lib/python3.10/dist-packages/gps_interface
-- Up-to-date: /home/qianw/EECE5554/LAB1/install/gps_interface/local/lib/python3.10/dist-packages/gps_interface/_gps_interface_s.ep.rosidl_typesupport_fastrtps_c.c
-- Up-to-date: /home/qianw/EECE5554/LAB1/install/gps_interface/local/lib/python3.10/dist-packages/gps_interface/gps_interface_s__rosidl_typesupport_introspection_c.cpython-310-x86_64-linux-gnu.so
-- Up-to-date: /home/qianw/EECE5554/LAB1/install/gps_interface/local/lib/python3.10/dist-packages/gps_interface/libgps_interface__rosidl_generator_py.so
-- Up-to-date: /home/qianw/EECE5554/LAB1/install/gps_interface/local/lib/python3.10/dist-packages/gps_interface/__init__.py
-- Up-to-date: /home/qianw/EECE5554/LAB1/install/gps_interface/local/lib/python3.10/dist-packages/gps_interface/_gps_interface_s.ep.rosidl_typesupport_c.c
-- Up-to-date: /home/qianw/EECE5554/LAB1/install/gps_interface/local/lib/python3.10/dist-packages/gps_interface/gps_interface_s__rosidl_typesupport_c.cpython-310-x86_64-linux-gnu.so
-- Up-to-date: /home/qianw/EECE5554/LAB1/install/gps_interface/local/lib/python3.10/dist-packages/gps_interface/gps_interface_s__rosidl_typesupport_fastrtps_c.cpython-310-x86_64-linux-gnu.so
-- Up-to-date: /home/qianw/EECE5554/LAB1/install/gps_interface/local/lib/python3.10/dist-packages/gps_interface/_gps_interface_s.ep.rosidl_typesupport_introspection_c.c
-- Up-to-date: /home/qianw/EECE5554/LAB1/install/gps_interface/local/lib/python3.10/dist-packages/gps_interface/msg
-- Up-to-date: /home/qianw/EECE5554/LAB1/install/gps_interface/local/lib/python3.10/dist-packages/gps_interface/msg/_gp_smsg_s.c
-- Up-to-date: /home/qianw/EECE5554/LAB1/install/gps_interface/local/lib/python3.10/dist-packages/gps_interface/msg/_gp_smsg.py
-- Up-to-date: /home/qianw/EECE5554/LAB1/install/gps_interface/local/lib/python3.10/dist-packages/gps_interface/msg/__init__.py
Listing '/home/qianw/EECE5554/LAB1/install/gps_interface/local/lib/python3.10/dist-packages/gps_interface'...
Listing '/home/qianw/EECE5554/LAB1/install/gps_interface/local/lib/python3.10/dist-packages/gps_interface/msg'...
-- Up-to-date: /home/qianw/EECE5554/LAB1/install/gps_interface/local/lib/python3.10/dist-packages/gps_interface/gps_interface_s__rosidl_typesupport_fastrtps_c.cpython-310-x86_64-linux-gnu.so
-- Up-to-date: /home/qianw/EECE5554/LAB1/install/gps_interface/local/lib/python3.10/dist-packages/gps_interface/gps_interface_s__rosidl_typesupport_introspection_c.cpython-310-x86_64-linux-gnu.so
-- Up-to-date: /home/qianw/EECE5554/LAB1/install/gps_interface/local/lib/python3.10/dist-packages/gps_interface/gps_interface_s__rosidl_typesupport_c.cpython-310-x86_64-linux-gnu.so
-- Up-to-date: /home/qianw/EECE5554/LAB1/install/gps_interface/lib/libgps_interface__rosidl_generator_py.so
-- Up-to-date: /home/qianw/EECE5554/LAB1/install/gps_interface/share/gps_interface/msg/GPSmsg.idl
-- Up-to-date: /home/qianw/EECE5554/LAB1/install/gps_interface/share/gps_interface/msg/GPSmsg.msg
-- Up-to-date: /home/qianw/EECE5554/LAB1/install/gps_interface/share/ament_index/resource_index/package_run_dependencies/gps_interface
-- Up-to-date: /home/qianw/EECE5554/LAB1/install/gps_interface/share/ament_index/resource_index/parent_prefix_path/gps_interface
-- Up-to-date: /home/qianw/EECE5554/LAB1/install/gps_interface/share/gps_interface/environment/ament_prefix_path.sh
-- Up-to-date: /home/qianw/EECE5554/LAB1/install/gps_interface/share/gps_interface/environment/ament_prefix_path.dsv
-- Up-to-date: /home/qianw/EECE5554/LAB1/install/gps_interface/share/gps_interface/environment/path.sh
-- Up-to-date: /home/qianw/EECE5554/LAB1/install/gps_interface/share/gps_interface/environment/path.dsv
-- Up-to-date: /home/qianw/EECE5554/LAB1/install/gps_interface/share/gps_interface/local_setup.bash
-- Up-to-date: /home/qianw/EECE5554/LAB1/install/gps_interface/share/gps_interface/local_setup.sh
-- Up-to-date: /home/qianw/EECE5554/LAB1/install/gps_interface/share/gps_interface/local_setup.zsh
-- Up-to-date: /home/qianw/EECE5554/LAB1/install/gps_interface/share/gps_interface/local_setup.dsv
-- Installing: /home/qianw/EECE5554/LAB1/install/gps_interface/share/gps_interface/package.dsv
-- Up-to-date: /home/qianw/EECE5554/LAB1/install/gps_interface/share/ament_index/resource_index/packages/gps_interface
-- Up-to-date: /home/qianw/EECE5554/LAB1/install/gps_interface/share/gps_interface/cmake/export_gps_interface__rosidl_generator_cExport.cmake
-- Up-to-date: /home/qianw/EECE5554/LAB1/install/gps_interface/share/gps_interface/cmake/export_gps_interface__rosidl_generator_cExport-noconfig.cmake
-- Up-to-date: /home/qianw/EECE5554/LAB1/install/gps_interface/share/gps_interface/cmake/export_gps_interface__rosidl_typesupport_fastrtps_cExport.cmake
-- Up-to-date: /home/qianw/EECE5554/LAB1/install/gps_interface/share/gps_interface/cmake/export_gps_interface__rosidl_typesupport_fastrtps_cExport-noconfig.cmake
-- Up-to-date: /home/qianw/EECE5554/LAB1/install/gps_interface/share/gps_interface/cmake/gps_interface__rosidl_typesupport_introspection_cExport.cmake
-- Up-to-date: /home/qianw/EECE5554/LAB1/install/gps_interface/share/gps_interface/cmake/gps_interface__rosidl_typesupport_introspection_cExport-noconfig.cmake
-- Up-to-date: /home/qianw/EECE5554/LAB1/install/gps_interface/share/gps_interface/cmake/gps_interface__rosidl_typesupport_cExport.cmake
-- Up-to-date: /home/qianw/EECE5554/LAB1/install/gps_interface/share/gps_interface/cmake/gps_interface__rosidl_typesupport_cExport-noconfig.cmake
-- Up-to-date: /home/qianw/EECE5554/LAB1/install/gps_interface/share/gps_interface/cmake/export_gps_interface__rosidl_generator_cppExport.cmake
-- Up-to-date: /home/qianw/EECE5554/LAB1/install/gps_interface/share/gps_interface/cmake/export_gps_interface__rosidl_typesupport_fastrtps_cppExport.cmake
-- Up-to-date: /home/qianw/EECE5554/LAB1/install/gps_interface/share/gps_interface/cmake/export_gps_interface__rosidl_typesupport_fastrtps_cppExport-noconfig.cmake
-- Up-to-date: /home/qianw/EECE5554/LAB1/install/gps_interface/share/gps_interface/cmake/gps_interface__rosidl_typesupport_introspection_cppExport.cmake
-- Up-to-date: /home/qianw/EECE5554/LAB1/install/gps_interface/share/gps_interface/cmake/gps_interface__rosidl_typesupport_introspection_cppExport-noconfig.cmake
-- Up-to-date: /home/qianw/EECE5554/LAB1/install/gps_interface/share/gps_interface/cmake/gps_interface__rosidl_typesupport_cppExport.cmake
-- Up-to-date: /home/qianw/EECE5554/LAB1/install/gps_interface/share/gps_interface/cmake/gps_interface__rosidl_typesupport_cppExport-noconfig.cmake
-- Up-to-date: /home/qianw/EECE5554/LAB1/install/gps_interface/share/gps_interface/cmake/export_gps_interface__rosidl_generator_pyExport.cmake
-- Up-to-date: /home/qianw/EECE5554/LAB1/install/gps_interface/share/gps_interface/cmake/export_gps_interface__rosidl_generator_pyExport-noconfig.cmake
-- Up-to-date: /home/qianw/EECE5554/LAB1/install/gps_interface/share/gps_interface/cmake/rosidl_cmake-extras.cmake
-- Up-to-date: /home/qianw/EECE5554/LAB1/install/gps_interface/share/gps_interface/cmake/ament_cmake_export_dependencies-extras.cmake
-- Up-to-date: /home/qianw/EECE5554/LAB1/install/gps_interface/share/gps_interface/cmake/ament_cmake_export_include_directories-extras.cmake
-- Up-to-date: /home/qianw/EECE5554/LAB1/install/gps_interface/share/gps_interface/cmake/ament_cmake_export_libraries-extras.cmake
-- Up-to-date: /home/qianw/EECE5554/LAB1/install/gps_interface/share/gps_interface/cmake/ament_cmake_export_targets-extras.cmake
-- Up-to-date: /home/qianw/EECE5554/LAB1/install/gps_interface/share/gps_interface/cmake/rosidl_cmake_export_typesupport_targets-extras.cmake
-- Up-to-date: /home/qianw/EECE5554/LAB1/install/gps_interface/share/gps_interface/cmake/rosidl_cmake_export_typesupport_libraries-extras.cmake
-- Up-to-date: /home/qianw/EECE5554/LAB1/install/gps_interface/share/gps_interface/cmake/gps_interfaceConfig.cmake
-- Up-to-date: /home/qianw/EECE5554/LAB1/install/gps_interface/share/gps_interface/cmake/gps_interfaceConfig-version.cmake
-- Up-to-date: /home/qianw/EECE5554/LAB1/install/gps_interface/share/gps_interface/package.xml
