[0.026s] Invoking command in '/home/qianw/EECE5554/LAB1/build/gps_interface': CMAKE_PREFIX_PATH=/opt/ros/humble /usr/bin/cmake --build /home/qianw/EECE5554/LAB1/build/gps_interface -- -j8 -l8
[0.112s] [35m[1mConsolidate compiler generated dependencies of target gps_interface__rosidl_generator_c[0m
[0.121s] [  3%] Built target gps_interface__cpp
[0.137s] [ 12%] Built target gps_interface__rosidl_generator_c
[0.145s] [ 12%] Built target ament_cmake_python_copy_gps_interface
[0.151s] [35m[1mConsolidate compiler generated dependencies of target gps_interface__rosidl_typesupport_cpp[0m
[0.151s] [35m[1mConsolidate compiler generated dependencies of target gps_interface__rosidl_typesupport_introspection_cpp[0m
[0.151s] [35m[1mConsolidate compiler generated dependencies of target gps_interface__rosidl_typesupport_fastrtps_cpp[0m
[0.163s] [35m[1mConsolidate compiler generated dependencies of target gps_interface__rosidl_typesupport_introspection_c[0m
[0.163s] [35m[1mConsolidate compiler generated dependencies of target gps_interface__rosidl_typesupport_c[0m
[0.163s] [35m[1mConsolidate compiler generated dependencies of target gps_interface__rosidl_typesupport_fastrtps_c[0m
[0.168s] [ 22%] Built target gps_interface__rosidl_typesupport_introspection_cpp
[0.174s] [ 32%] Built target gps_interface__rosidl_typesupport_fastrtps_cpp
[0.177s] [ 51%] Built target gps_interface__rosidl_typesupport_cpp
[0.179s] [ 51%] Built target gps_interface__rosidl_typesupport_introspection_c
[0.179s] [ 61%] Built target gps_interface__rosidl_typesupport_fastrtps_c
[0.179s] [ 70%] Built target gps_interface__rosidl_typesupport_c
[0.211s] [ 70%] Built target gps_interface
[0.241s] [ 74%] Built target gps_interface__py
[0.258s] [35m[1mConsolidate compiler generated dependencies of target gps_interface__rosidl_generator_py[0m
[0.277s] [ 80%] Built target gps_interface__rosidl_generator_py
[0.297s] [35m[1mConsolidate compiler generated dependencies of target gps_interface__rosidl_typesupport_introspection_c__pyext[0m
[0.297s] [35m[1mConsolidate compiler generated dependencies of target gps_interface__rosidl_typesupport_fastrtps_c__pyext[0m
[0.297s] [35m[1mConsolidate compiler generated dependencies of target gps_interface__rosidl_typesupport_c__pyext[0m
[0.312s] [ 87%] Built target gps_interface__rosidl_typesupport_c__pyext
[0.312s] [ 96%] Built target gps_interface__rosidl_typesupport_fastrtps_c__pyext
[0.312s] [100%] Built target gps_interface__rosidl_typesupport_introspection_c__pyext
[0.540s] running egg_info
[0.541s] writing gps_interface.egg-info/PKG-INFO
[0.542s] writing dependency_links to gps_interface.egg-info/dependency_links.txt
[0.543s] writing top-level names to gps_interface.egg-info/top_level.txt
[0.547s] reading manifest file 'gps_interface.egg-info/SOURCES.txt'
[0.549s] writing manifest file 'gps_interface.egg-info/SOURCES.txt'
[0.588s] [100%] Built target ament_cmake_python_build_gps_interface_egg
[0.607s] Invoked command in '/home/qianw/EECE5554/LAB1/build/gps_interface' returned '0': CMAKE_PREFIX_PATH=/opt/ros/humble /usr/bin/cmake --build /home/qianw/EECE5554/LAB1/build/gps_interface -- -j8 -l8
[0.634s] Invoking command in '/home/qianw/EECE5554/LAB1/build/gps_interface': CMAKE_PREFIX_PATH=/opt/ros/humble /usr/bin/cmake --install /home/qianw/EECE5554/LAB1/build/gps_interface
[0.644s] -- Install configuration: ""
[0.646s] -- Up-to-date: /home/qianw/EECE5554/LAB1/install/gps_interface/share/ament_index/resource_index/rosidl_interfaces/gps_interface
[0.647s] -- Up-to-date: /home/qianw/EECE5554/LAB1/install/gps_interface/include/gps_interface/gps_interface
[0.647s] -- Up-to-date: /home/qianw/EECE5554/LAB1/install/gps_interface/include/gps_interface/gps_interface/msg
[0.648s] -- Up-to-date: /home/qianw/EECE5554/LAB1/install/gps_interface/include/gps_interface/gps_interface/msg/gp_smsg.h
[0.648s] -- Up-to-date: /home/qianw/EECE5554/LAB1/install/gps_interface/include/gps_interface/gps_interface/msg/detail
[0.648s] -- Up-to-date: /home/qianw/EECE5554/LAB1/install/gps_interface/include/gps_interface/gps_interface/msg/detail/gp_smsg__functions.h
[0.649s] -- Up-to-date: /home/qianw/EECE5554/LAB1/install/gps_interface/include/gps_interface/gps_interface/msg/detail/gp_smsg__type_support.h
[0.649s] -- Up-to-date: /home/qianw/EECE5554/LAB1/install/gps_interface/include/gps_interface/gps_interface/msg/detail/gp_smsg__functions.c
[0.649s] -- Up-to-date: /home/qianw/EECE5554/LAB1/install/gps_interface/include/gps_interface/gps_interface/msg/detail/gp_smsg__struct.h
[0.649s] -- Up-to-date: /home/qianw/EECE5554/LAB1/install/gps_interface/include/gps_interface/gps_interface/msg/rosidl_generator_c__visibility_control.h
[0.649s] -- Up-to-date: /home/qianw/EECE5554/LAB1/install/gps_interface/share/gps_interface/environment/library_path.sh
[0.650s] -- Up-to-date: /home/qianw/EECE5554/LAB1/install/gps_interface/share/gps_interface/environment/library_path.dsv
[0.651s] -- Up-to-date: /home/qianw/EECE5554/LAB1/install/gps_interface/lib/libgps_interface__rosidl_generator_c.so
[0.651s] -- Up-to-date: /home/qianw/EECE5554/LAB1/install/gps_interface/include/gps_interface/gps_interface
[0.651s] -- Up-to-date: /home/qianw/EECE5554/LAB1/install/gps_interface/include/gps_interface/gps_interface/msg
[0.651s] -- Up-to-date: /home/qianw/EECE5554/LAB1/install/gps_interface/include/gps_interface/gps_interface/msg/detail
[0.651s] -- Up-to-date: /home/qianw/EECE5554/LAB1/install/gps_interface/include/gps_interface/gps_interface/msg/detail/gp_smsg__rosidl_typesupport_fastrtps_c.h
[0.651s] -- Up-to-date: /home/qianw/EECE5554/LAB1/install/gps_interface/include/gps_interface/gps_interface/msg/rosidl_typesupport_fastrtps_c__visibility_control.h
[0.652s] -- Up-to-date: /home/qianw/EECE5554/LAB1/install/gps_interface/lib/libgps_interface__rosidl_typesupport_fastrtps_c.so
[0.653s] -- Up-to-date: /home/qianw/EECE5554/LAB1/install/gps_interface/include/gps_interface/gps_interface
[0.653s] -- Up-to-date: /home/qianw/EECE5554/LAB1/install/gps_interface/include/gps_interface/gps_interface/msg
[0.653s] -- Up-to-date: /home/qianw/EECE5554/LAB1/install/gps_interface/include/gps_interface/gps_interface/msg/detail
[0.653s] -- Up-to-date: /home/qianw/EECE5554/LAB1/install/gps_interface/include/gps_interface/gps_interface/msg/detail/gp_smsg__rosidl_typesupport_introspection_c.h
[0.653s] -- Up-to-date: /home/qianw/EECE5554/LAB1/install/gps_interface/include/gps_interface/gps_interface/msg/detail/gp_smsg__type_support.c
[0.653s] -- Up-to-date: /home/qianw/EECE5554/LAB1/install/gps_interface/include/gps_interface/gps_interface/msg/rosidl_typesupport_introspection_c__visibility_control.h
[0.654s] -- Up-to-date: /home/qianw/EECE5554/LAB1/install/gps_interface/lib/libgps_interface__rosidl_typesupport_introspection_c.so
[0.654s] -- Up-to-date: /home/qianw/EECE5554/LAB1/install/gps_interface/lib/libgps_interface__rosidl_typesupport_c.so
[0.655s] -- Up-to-date: /home/qianw/EECE5554/LAB1/install/gps_interface/include/gps_interface/gps_interface
[0.655s] -- Up-to-date: /home/qianw/EECE5554/LAB1/install/gps_interface/include/gps_interface/gps_interface/msg
[0.655s] -- Up-to-date: /home/qianw/EECE5554/LAB1/install/gps_interface/include/gps_interface/gps_interface/msg/rosidl_generator_cpp__visibility_control.hpp
[0.655s] -- Up-to-date: /home/qianw/EECE5554/LAB1/install/gps_interface/include/gps_interface/gps_interface/msg/detail
[0.655s] -- Up-to-date: /home/qianw/EECE5554/LAB1/install/gps_interface/include/gps_interface/gps_interface/msg/detail/gp_smsg__type_support.hpp
[0.655s] -- Up-to-date: /home/qianw/EECE5554/LAB1/install/gps_interface/include/gps_interface/gps_interface/msg/detail/gp_smsg__builder.hpp
[0.656s] -- Up-to-date: /home/qianw/EECE5554/LAB1/install/gps_interface/include/gps_interface/gps_interface/msg/detail/gp_smsg__struct.hpp
[0.656s] -- Up-to-date: /home/qianw/EECE5554/LAB1/install/gps_interface/include/gps_interface/gps_interface/msg/detail/gp_smsg__traits.hpp
[0.656s] -- Up-to-date: /home/qianw/EECE5554/LAB1/install/gps_interface/include/gps_interface/gps_interface/msg/gp_smsg.hpp
[0.656s] -- Up-to-date: /home/qianw/EECE5554/LAB1/install/gps_interface/include/gps_interface/gps_interface
[0.656s] -- Up-to-date: /home/qianw/EECE5554/LAB1/install/gps_interface/include/gps_interface/gps_interface/msg
[0.656s] -- Up-to-date: /home/qianw/EECE5554/LAB1/install/gps_interface/include/gps_interface/gps_interface/msg/detail
[0.657s] -- Up-to-date: /home/qianw/EECE5554/LAB1/install/gps_interface/include/gps_interface/gps_interface/msg/detail/gp_smsg__rosidl_typesupport_fastrtps_cpp.hpp
[0.657s] -- Up-to-date: /home/qianw/EECE5554/LAB1/install/gps_interface/include/gps_interface/gps_interface/msg/detail/dds_fastrtps
[0.657s] -- Up-to-date: /home/qianw/EECE5554/LAB1/install/gps_interface/include/gps_interface/gps_interface/msg/rosidl_typesupport_fastrtps_cpp__visibility_control.h
[0.657s] -- Up-to-date: /home/qianw/EECE5554/LAB1/install/gps_interface/lib/libgps_interface__rosidl_typesupport_fastrtps_cpp.so
[0.657s] -- Up-to-date: /home/qianw/EECE5554/LAB1/install/gps_interface/include/gps_interface/gps_interface
[0.657s] -- Up-to-date: /home/qianw/EECE5554/LAB1/install/gps_interface/include/gps_interface/gps_interface/msg
[0.657s] -- Up-to-date: /home/qianw/EECE5554/LAB1/install/gps_interface/include/gps_interface/gps_interface/msg/detail
[0.657s] -- Up-to-date: /home/qianw/EECE5554/LAB1/install/gps_interface/include/gps_interface/gps_interface/msg/detail/gp_smsg__rosidl_typesupport_introspection_cpp.hpp
[0.658s] -- Up-to-date: /home/qianw/EECE5554/LAB1/install/gps_interface/include/gps_interface/gps_interface/msg/detail/gp_smsg__type_support.cpp
[0.658s] -- Up-to-date: /home/qianw/EECE5554/LAB1/install/gps_interface/lib/libgps_interface__rosidl_typesupport_introspection_cpp.so
[0.660s] -- Up-to-date: /home/qianw/EECE5554/LAB1/install/gps_interface/lib/libgps_interface__rosidl_typesupport_cpp.so
[0.660s] -- Up-to-date: /home/qianw/EECE5554/LAB1/install/gps_interface/share/gps_interface/environment/pythonpath.sh
[0.660s] -- Up-to-date: /home/qianw/EECE5554/LAB1/install/gps_interface/share/gps_interface/environment/pythonpath.dsv
[0.661s] -- Up-to-date: /home/qianw/EECE5554/LAB1/install/gps_interface/local/lib/python3.10/dist-packages/gps_interface-0.0.0-py3.10.egg-info
[0.662s] -- Installing: /home/qianw/EECE5554/LAB1/install/gps_interface/local/lib/python3.10/dist-packages/gps_interface-0.0.0-py3.10.egg-info/PKG-INFO
[0.662s] -- Installing: /home/qianw/EECE5554/LAB1/install/gps_interface/local/lib/python3.10/dist-packages/gps_interface-0.0.0-py3.10.egg-info/top_level.txt
[0.662s] -- Installing: /home/qianw/EECE5554/LAB1/install/gps_interface/local/lib/python3.10/dist-packages/gps_interface-0.0.0-py3.10.egg-info/dependency_links.txt
[0.663s] -- Installing: /home/qianw/EECE5554/LAB1/install/gps_interface/local/lib/python3.10/dist-packages/gps_interface-0.0.0-py3.10.egg-info/SOURCES.txt
[0.663s] -- Up-to-date: /home/qianw/EECE5554/LAB1/install/gps_interface/local/lib/python3.10/dist-packages/gps_interface
[0.663s] -- Up-to-date: /home/qianw/EECE5554/LAB1/install/gps_interface/local/lib/python3.10/dist-packages/gps_interface/_gps_interface_s.ep.rosidl_typesupport_fastrtps_c.c
[0.663s] -- Up-to-date: /home/qianw/EECE5554/LAB1/install/gps_interface/local/lib/python3.10/dist-packages/gps_interface/gps_interface_s__rosidl_typesupport_introspection_c.cpython-310-x86_64-linux-gnu.so
[0.664s] -- Up-to-date: /home/qianw/EECE5554/LAB1/install/gps_interface/local/lib/python3.10/dist-packages/gps_interface/libgps_interface__rosidl_generator_py.so
[0.664s] -- Up-to-date: /home/qianw/EECE5554/LAB1/install/gps_interface/local/lib/python3.10/dist-packages/gps_interface/__init__.py
[0.664s] -- Up-to-date: /home/qianw/EECE5554/LAB1/install/gps_interface/local/lib/python3.10/dist-packages/gps_interface/_gps_interface_s.ep.rosidl_typesupport_c.c
[0.664s] -- Up-to-date: /home/qianw/EECE5554/LAB1/install/gps_interface/local/lib/python3.10/dist-packages/gps_interface/gps_interface_s__rosidl_typesupport_c.cpython-310-x86_64-linux-gnu.so
[0.664s] -- Up-to-date: /home/qianw/EECE5554/LAB1/install/gps_interface/local/lib/python3.10/dist-packages/gps_interface/gps_interface_s__rosidl_typesupport_fastrtps_c.cpython-310-x86_64-linux-gnu.so
[0.664s] -- Up-to-date: /home/qianw/EECE5554/LAB1/install/gps_interface/local/lib/python3.10/dist-packages/gps_interface/_gps_interface_s.ep.rosidl_typesupport_introspection_c.c
[0.664s] -- Up-to-date: /home/qianw/EECE5554/LAB1/install/gps_interface/local/lib/python3.10/dist-packages/gps_interface/msg
[0.665s] -- Up-to-date: /home/qianw/EECE5554/LAB1/install/gps_interface/local/lib/python3.10/dist-packages/gps_interface/msg/_gp_smsg_s.c
[0.665s] -- Up-to-date: /home/qianw/EECE5554/LAB1/install/gps_interface/local/lib/python3.10/dist-packages/gps_interface/msg/_gp_smsg.py
[0.665s] -- Up-to-date: /home/qianw/EECE5554/LAB1/install/gps_interface/local/lib/python3.10/dist-packages/gps_interface/msg/__init__.py
[0.711s] Listing '/home/qianw/EECE5554/LAB1/install/gps_interface/local/lib/python3.10/dist-packages/gps_interface'...
[0.711s] Listing '/home/qianw/EECE5554/LAB1/install/gps_interface/local/lib/python3.10/dist-packages/gps_interface/msg'...
[0.719s] -- Up-to-date: /home/qianw/EECE5554/LAB1/install/gps_interface/local/lib/python3.10/dist-packages/gps_interface/gps_interface_s__rosidl_typesupport_fastrtps_c.cpython-310-x86_64-linux-gnu.so
[0.720s] -- Up-to-date: /home/qianw/EECE5554/LAB1/install/gps_interface/local/lib/python3.10/dist-packages/gps_interface/gps_interface_s__rosidl_typesupport_introspection_c.cpython-310-x86_64-linux-gnu.so
[0.721s] -- Up-to-date: /home/qianw/EECE5554/LAB1/install/gps_interface/local/lib/python3.10/dist-packages/gps_interface/gps_interface_s__rosidl_typesupport_c.cpython-310-x86_64-linux-gnu.so
[0.722s] -- Up-to-date: /home/qianw/EECE5554/LAB1/install/gps_interface/lib/libgps_interface__rosidl_generator_py.so
[0.723s] -- Up-to-date: /home/qianw/EECE5554/LAB1/install/gps_interface/share/gps_interface/msg/GPSmsg.idl
[0.723s] -- Up-to-date: /home/qianw/EECE5554/LAB1/install/gps_interface/share/gps_interface/msg/GPSmsg.msg
[0.724s] -- Up-to-date: /home/qianw/EECE5554/LAB1/install/gps_interface/share/ament_index/resource_index/package_run_dependencies/gps_interface
[0.724s] -- Up-to-date: /home/qianw/EECE5554/LAB1/install/gps_interface/share/ament_index/resource_index/parent_prefix_path/gps_interface
[0.724s] -- Up-to-date: /home/qianw/EECE5554/LAB1/install/gps_interface/share/gps_interface/environment/ament_prefix_path.sh
[0.725s] -- Up-to-date: /home/qianw/EECE5554/LAB1/install/gps_interface/share/gps_interface/environment/ament_prefix_path.dsv
[0.725s] -- Up-to-date: /home/qianw/EECE5554/LAB1/install/gps_interface/share/gps_interface/environment/path.sh
[0.725s] -- Up-to-date: /home/qianw/EECE5554/LAB1/install/gps_interface/share/gps_interface/environment/path.dsv
[0.725s] -- Up-to-date: /home/qianw/EECE5554/LAB1/install/gps_interface/share/gps_interface/local_setup.bash
[0.725s] -- Up-to-date: /home/qianw/EECE5554/LAB1/install/gps_interface/share/gps_interface/local_setup.sh
[0.725s] -- Up-to-date: /home/qianw/EECE5554/LAB1/install/gps_interface/share/gps_interface/local_setup.zsh
[0.725s] -- Up-to-date: /home/qianw/EECE5554/LAB1/install/gps_interface/share/gps_interface/local_setup.dsv
[0.726s] -- Installing: /home/qianw/EECE5554/LAB1/install/gps_interface/share/gps_interface/package.dsv
[0.726s] -- Up-to-date: /home/qianw/EECE5554/LAB1/install/gps_interface/share/ament_index/resource_index/packages/gps_interface
[0.728s] -- Up-to-date: /home/qianw/EECE5554/LAB1/install/gps_interface/share/gps_interface/cmake/export_gps_interface__rosidl_generator_cExport.cmake
[0.729s] -- Up-to-date: /home/qianw/EECE5554/LAB1/install/gps_interface/share/gps_interface/cmake/export_gps_interface__rosidl_generator_cExport-noconfig.cmake
[0.729s] -- Up-to-date: /home/qianw/EECE5554/LAB1/install/gps_interface/share/gps_interface/cmake/export_gps_interface__rosidl_typesupport_fastrtps_cExport.cmake
[0.730s] -- Up-to-date: /home/qianw/EECE5554/LAB1/install/gps_interface/share/gps_interface/cmake/export_gps_interface__rosidl_typesupport_fastrtps_cExport-noconfig.cmake
[0.730s] -- Up-to-date: /home/qianw/EECE5554/LAB1/install/gps_interface/share/gps_interface/cmake/gps_interface__rosidl_typesupport_introspection_cExport.cmake
[0.730s] -- Up-to-date: /home/qianw/EECE5554/LAB1/install/gps_interface/share/gps_interface/cmake/gps_interface__rosidl_typesupport_introspection_cExport-noconfig.cmake
[0.731s] -- Up-to-date: /home/qianw/EECE5554/LAB1/install/gps_interface/share/gps_interface/cmake/gps_interface__rosidl_typesupport_cExport.cmake
[0.731s] -- Up-to-date: /home/qianw/EECE5554/LAB1/install/gps_interface/share/gps_interface/cmake/gps_interface__rosidl_typesupport_cExport-noconfig.cmake
[0.732s] -- Up-to-date: /home/qianw/EECE5554/LAB1/install/gps_interface/share/gps_interface/cmake/export_gps_interface__rosidl_generator_cppExport.cmake
[0.733s] -- Up-to-date: /home/qianw/EECE5554/LAB1/install/gps_interface/share/gps_interface/cmake/export_gps_interface__rosidl_typesupport_fastrtps_cppExport.cmake
[0.734s] -- Up-to-date: /home/qianw/EECE5554/LAB1/install/gps_interface/share/gps_interface/cmake/export_gps_interface__rosidl_typesupport_fastrtps_cppExport-noconfig.cmake
[0.734s] -- Up-to-date: /home/qianw/EECE5554/LAB1/install/gps_interface/share/gps_interface/cmake/gps_interface__rosidl_typesupport_introspection_cppExport.cmake
[0.734s] -- Up-to-date: /home/qianw/EECE5554/LAB1/install/gps_interface/share/gps_interface/cmake/gps_interface__rosidl_typesupport_introspection_cppExport-noconfig.cmake
[0.735s] -- Up-to-date: /home/qianw/EECE5554/LAB1/install/gps_interface/share/gps_interface/cmake/gps_interface__rosidl_typesupport_cppExport.cmake
[0.735s] -- Up-to-date: /home/qianw/EECE5554/LAB1/install/gps_interface/share/gps_interface/cmake/gps_interface__rosidl_typesupport_cppExport-noconfig.cmake
[0.736s] -- Up-to-date: /home/qianw/EECE5554/LAB1/install/gps_interface/share/gps_interface/cmake/export_gps_interface__rosidl_generator_pyExport.cmake
[0.737s] -- Up-to-date: /home/qianw/EECE5554/LAB1/install/gps_interface/share/gps_interface/cmake/export_gps_interface__rosidl_generator_pyExport-noconfig.cmake
[0.737s] -- Up-to-date: /home/qianw/EECE5554/LAB1/install/gps_interface/share/gps_interface/cmake/rosidl_cmake-extras.cmake
[0.737s] -- Up-to-date: /home/qianw/EECE5554/LAB1/install/gps_interface/share/gps_interface/cmake/ament_cmake_export_dependencies-extras.cmake
[0.737s] -- Up-to-date: /home/qianw/EECE5554/LAB1/install/gps_interface/share/gps_interface/cmake/ament_cmake_export_include_directories-extras.cmake
[0.737s] -- Up-to-date: /home/qianw/EECE5554/LAB1/install/gps_interface/share/gps_interface/cmake/ament_cmake_export_libraries-extras.cmake
[0.737s] -- Up-to-date: /home/qianw/EECE5554/LAB1/install/gps_interface/share/gps_interface/cmake/ament_cmake_export_targets-extras.cmake
[0.737s] -- Up-to-date: /home/qianw/EECE5554/LAB1/install/gps_interface/share/gps_interface/cmake/rosidl_cmake_export_typesupport_targets-extras.cmake
[0.737s] -- Up-to-date: /home/qianw/EECE5554/LAB1/install/gps_interface/share/gps_interface/cmake/rosidl_cmake_export_typesupport_libraries-extras.cmake
[0.738s] -- Up-to-date: /home/qianw/EECE5554/LAB1/install/gps_interface/share/gps_interface/cmake/gps_interfaceConfig.cmake
[0.738s] -- Up-to-date: /home/qianw/EECE5554/LAB1/install/gps_interface/share/gps_interface/cmake/gps_interfaceConfig-version.cmake
[0.738s] -- Up-to-date: /home/qianw/EECE5554/LAB1/install/gps_interface/share/gps_interface/package.xml
[0.740s] Invoked command in '/home/qianw/EECE5554/LAB1/build/gps_interface' returned '0': CMAKE_PREFIX_PATH=/opt/ros/humble /usr/bin/cmake --install /home/qianw/EECE5554/LAB1/build/gps_interface
