[0.000000] (-) TimerEvent: {}
[0.001434] (gps_interface) JobQueued: {'identifier': 'gps_interface', 'dependencies': OrderedDict()}
[0.001498] (imu_interface) JobQueued: {'identifier': 'imu_interface', 'dependencies': OrderedDict()}
[0.001537] (gps_interface) JobStarted: {'identifier': 'gps_interface'}
[0.092656] (imu_interface) JobStarted: {'identifier': 'imu_interface'}
[0.108664] (-) TimerEvent: {}
[0.140469] (gps_interface) JobProgress: {'identifier': 'gps_interface', 'progress': 'cmake'}
[0.143513] (gps_interface) JobProgress: {'identifier': 'gps_interface', 'progress': 'build'}
[0.143597] (gps_interface) Command: {'cmd': ['/home/qianw/MATLAB/R2024b/bin/glnxa64/cmake/bin/cmake', '--build', '/home/qianw/EECE5554/LAB4/src/matlab_msg_gen/glnxa64/build/gps_interface', '--', '-j8', '-l8'], 'cwd': '/home/qianw/EECE5554/LAB4/src/matlab_msg_gen/glnxa64/build/gps_interface', 'env': OrderedDict([('ARCH', 'glnxa64'), ('CUSTOM_LD_LIBRARY_PATH', ''), ('USER', 'qianw'), ('LOCAL_PYTHON_VENV_PATH', '/home/qianw/.matlab/R2024b/ros2/glnxa64/venv'), ('MEMKIND_HEAP_MANAGER', 'TBB'), ('CUSTOM_AMENT_PREFIX_PATH', '/home/qianw/EECE5554/LAB4/src/matlab_msg_gen/glnxa64/install:/home/qianw/MATLAB/R2024b/sys/ros2/glnxa64/ros2'), ('XDG_SESSION_TYPE', 'wayland'), ('KMP_HANDLE_SIGNALS', '0'), ('SHLVL', '1'), ('ICU_TIMEZONE_FILES_DIR', '/home/qianw/MATLAB/R2024b/bin/icutzdata'), ('LD_LIBRARY_PATH', ':/home/qianw/MATLAB/R2024b/sys/ros2/glnxa64/ros2/lib:/home/qianw/MATLAB/R2024b/sys/os/glnxa64:/home/qianw/MATLAB/R2024b/bin/glnxa64:/home/qianw/.MathWorks/IBOBuGAy6RMKv1qSO913GEckBr8xCIOmhZgwU7Cewvg/bin/glnxa64:/home/qianw/MATLAB/R2024b/extern/lib/glnxa64:/home/qianw/MATLAB/R2024b/cefclient/sys/os/glnxa64:/home/qianw/MATLAB/R2024b/sys/java/jre/glnxa64/jre/lib/amd64/native_threads:/home/qianw/MATLAB/R2024b/sys/java/jre/glnxa64/jre/lib/amd64/server'), ('BASEMATLABPATH', ''), ('HOME', '/home/qianw'), ('AUTOMOUNT_MAP', ''), ('OLDPWD', '/home/qianw/MATLAB/R2024b'), ('DESKTOP_SESSION', 'ubuntu'), ('MW_LD_SHIM', '/home/qianw/MATLAB/R2024b/bin/glnxa64/ld_shim.so.2.35.ubuntu_22_04'), ('GNOME_SHELL_SESSION_MODE', 'ubuntu'), ('GTK_MODULES', ''), ('KMP_BLOCKTIME', '1'), ('PS1', '(venv)'), ('LIBVA_MESSAGING_LEVEL', '0'), ('DBUS_STARTER_BUS_TYPE', 'session'), ('SYSTEMD_EXEC_PID', '1589'), ('DBUS_SESSION_BUS_ADDRESS', 'unix:path=/run/user/1000/bus,guid=05ca9b7e734973ff7170946067f5b6c6'), ('COLORTERM', 'truecolor'), ('CUSTOM_SITE_PACKAGES_PATH', ''), ('IM_CONFIG_PHASE', '1'), ('WAYLAND_DISPLAY', 'wayland-0'), ('COLCON_PREFIX_PATH', '/home/qianw/EECE5554/LAB4/src/matlab_msg_gen/glnxa64/install:/home/qianw/MATLAB/R2024b/sys/ros2/glnxa64/ros2:/home/qianw/MATLAB/R2024b/sys/ros2/glnxa64/ros2'), ('ROS_DISTRO', 'humble'), ('LOGNAME', 'qianw'), ('MATLAB_MEM_MGR_VALUE', ''), ('_', '/home/qianw/.matlab/R2024b/ros2/glnxa64/venv/bin/colcon'), ('PKG_CONFIG_PATH', '/home/qianw/MATLAB/R2024b/sys/ros2/glnxa64/ros2/lib/pkgconfig'), ('XDG_SESSION_CLASS', 'user'), ('USERNAME', 'qianw'), ('TERM', 'dumb'), ('GNOME_DESKTOP_SESSION_ID', 'this-is-deprecated'), ('PATH', '/home/qianw/MATLAB/R2024b/bin/glnxa64/cmake/bin::/home/qianw/MATLAB/R2024b/sys/ros2/glnxa64/ros2/bin:/home/qianw/.matlab/R2024b/ros2/glnxa64/venv/bin:/home/qianw/.matlab/R2024b/ros2/glnxa64/venv/bin:/home/qianw/MATLAB/R2024b/toolbox/shared/coder/ninja/glnxa64:/home/qianw/.local/bin:/usr/local/sbin:/usr/local/bin:/usr/sbin:/usr/bin:/sbin:/bin:/usr/games:/usr/local/games:/snap/bin:/snap/bin'), ('SESSION_MANAGER', 'local/Loounx2:@/tmp/.ICE-unix/1589,unix/Loounx2:/tmp/.ICE-unix/1589'), ('XDG_MENU_PREFIX', 'gnome-'), ('GNOME_TERMINAL_SCREEN', '/org/gnome/Terminal/screen/922497a6_5b45_4398_b204_6fe39b82aae5'), ('GNOME_SETUP_DISPLAY', ':1'), ('XDG_RUNTIME_DIR', '/run/user/1000'), ('TOOLBOX', '/home/qianw/MATLAB/R2024b/toolbox'), ('MKL_DOMAIN_NUM_THREADS', ''), ('KMP_INIT_AT_FORK', 'false'), ('DISPLAY', ':0'), ('LD_PRELOAD', ''), ('LANG', 'en_US.UTF-8'), ('XDG_CURRENT_DESKTOP', 'ubuntu:GNOME'), ('PRE_LD_PRELOAD', ''), ('VIRTUAL_ENV_PROMPT', '(venv)'), ('XMODIFIERS', '@im=ibus'), ('XDG_SESSION_DESKTOP', 'ubuntu'), ('XAUTHORITY', '/run/user/1000/.mutter-Xwaylandauth.IGPZ42'), ('GNOME_TERMINAL_SERVICE', ':1.138'), ('SSH_AGENT_LAUNCHER', 'gnome-keyring'), ('SSH_AUTH_SOCK', '/run/user/1000/keyring/ssh'), ('AMENT_PREFIX_PATH', '/home/qianw/EECE5554/LAB4/src/matlab_msg_gen/glnxa64/install:/home/qianw/MATLAB/R2024b/sys/ros2/glnxa64/ros2:/home/qianw/MATLAB/R2024b/sys/ros2/glnxa64/ros2'), ('SHELL', '/bin/bash'), ('CMAKE_PATH', '/home/qianw/MATLAB/R2024b/bin/glnxa64/cmake/bin'), ('XFILESEARCHPATH', '/home/qianw/MATLAB/R2024b/sys/java/jre/glnxa64/jre/lib/locale/%L/%T/%N%S:'), ('QT_ACCESSIBILITY', '1'), ('GDMSESSION', 'ubuntu'), ('OSG_LD_LIBRARY_PATH', '/home/qianw/MATLAB/R2024b/sys/openscenegraph/lib/glnxa64'), ('VIRTUAL_ENV', '/home/qianw/.matlab/R2024b/ros2/glnxa64/venv'), ('CUSTOM_PATH', ''), ('KMP_STACKSIZE', '512k'), ('QT_IM_MODULE', 'ibus'), ('PWD', '/home/qianw/EECE5554/LAB4/src/matlab_msg_gen/glnxa64/build/gps_interface'), ('XDG_CONFIG_DIRS', '/etc/xdg/xdg-ubuntu:/etc/xdg'), ('DYLD_LIBRARY_PATH', ':/home/qianw/MATLAB/R2024b/sys/ros2/glnxa64/ros2/lib:'), ('DBUS_STARTER_ADDRESS', 'unix:path=/run/user/1000/bus,guid=05ca9b7e734973ff7170946067f5b6c6'), ('XDG_DATA_DIRS', '/usr/share/ubuntu:/usr/local/share/:/usr/share/:/var/lib/snapd/desktop'), ('MKL_NUM_THREADS', ''), ('MW_PATCH_OFFSETS', '0000117000002EA0'), ('PYTHONPATH', ':/home/qianw/MATLAB/R2024b/sys/ros2/glnxa64/ros2/lib/python3.9/site-packages:/home/qianw/.matlab/R2024b/ros2/glnxa64/venv/lib/python3.10/site-packages:'), ('LC_NUMERIC', 'C'), ('COLCON', '1'), ('VTE_VERSION', '6800'), ('CMAKE_PREFIX_PATH', '/home/qianw/EECE5554/LAB4/src/matlab_msg_gen/glnxa64/install:/home/qianw/MATLAB/R2024b/sys/ros2/glnxa64/ros2:/home/qianw/MATLAB/R2024b/sys/ros2/glnxa64/ros2')]), 'shell': False}
[0.163229] (imu_interface) JobProgress: {'identifier': 'imu_interface', 'progress': 'cmake'}
[0.166690] (imu_interface) JobProgress: {'identifier': 'imu_interface', 'progress': 'build'}
[0.166767] (imu_interface) Command: {'cmd': ['/home/qianw/MATLAB/R2024b/bin/glnxa64/cmake/bin/cmake', '--build', '/home/qianw/EECE5554/LAB4/src/matlab_msg_gen/glnxa64/build/imu_interface', '--', '-j8', '-l8'], 'cwd': '/home/qianw/EECE5554/LAB4/src/matlab_msg_gen/glnxa64/build/imu_interface', 'env': OrderedDict([('ARCH', 'glnxa64'), ('CUSTOM_LD_LIBRARY_PATH', ''), ('USER', 'qianw'), ('LOCAL_PYTHON_VENV_PATH', '/home/qianw/.matlab/R2024b/ros2/glnxa64/venv'), ('MEMKIND_HEAP_MANAGER', 'TBB'), ('CUSTOM_AMENT_PREFIX_PATH', '/home/qianw/EECE5554/LAB4/src/matlab_msg_gen/glnxa64/install:/home/qianw/MATLAB/R2024b/sys/ros2/glnxa64/ros2'), ('XDG_SESSION_TYPE', 'wayland'), ('KMP_HANDLE_SIGNALS', '0'), ('SHLVL', '1'), ('ICU_TIMEZONE_FILES_DIR', '/home/qianw/MATLAB/R2024b/bin/icutzdata'), ('LD_LIBRARY_PATH', ':/home/qianw/MATLAB/R2024b/sys/ros2/glnxa64/ros2/lib:/home/qianw/MATLAB/R2024b/sys/os/glnxa64:/home/qianw/MATLAB/R2024b/bin/glnxa64:/home/qianw/.MathWorks/IBOBuGAy6RMKv1qSO913GEckBr8xCIOmhZgwU7Cewvg/bin/glnxa64:/home/qianw/MATLAB/R2024b/extern/lib/glnxa64:/home/qianw/MATLAB/R2024b/cefclient/sys/os/glnxa64:/home/qianw/MATLAB/R2024b/sys/java/jre/glnxa64/jre/lib/amd64/native_threads:/home/qianw/MATLAB/R2024b/sys/java/jre/glnxa64/jre/lib/amd64/server'), ('BASEMATLABPATH', ''), ('HOME', '/home/qianw'), ('AUTOMOUNT_MAP', ''), ('OLDPWD', '/home/qianw/MATLAB/R2024b'), ('DESKTOP_SESSION', 'ubuntu'), ('MW_LD_SHIM', '/home/qianw/MATLAB/R2024b/bin/glnxa64/ld_shim.so.2.35.ubuntu_22_04'), ('GNOME_SHELL_SESSION_MODE', 'ubuntu'), ('GTK_MODULES', ''), ('KMP_BLOCKTIME', '1'), ('PS1', '(venv)'), ('LIBVA_MESSAGING_LEVEL', '0'), ('DBUS_STARTER_BUS_TYPE', 'session'), ('SYSTEMD_EXEC_PID', '1589'), ('DBUS_SESSION_BUS_ADDRESS', 'unix:path=/run/user/1000/bus,guid=05ca9b7e734973ff7170946067f5b6c6'), ('COLORTERM', 'truecolor'), ('CUSTOM_SITE_PACKAGES_PATH', ''), ('IM_CONFIG_PHASE', '1'), ('WAYLAND_DISPLAY', 'wayland-0'), ('COLCON_PREFIX_PATH', '/home/qianw/EECE5554/LAB4/src/matlab_msg_gen/glnxa64/install:/home/qianw/MATLAB/R2024b/sys/ros2/glnxa64/ros2:/home/qianw/MATLAB/R2024b/sys/ros2/glnxa64/ros2'), ('ROS_DISTRO', 'humble'), ('LOGNAME', 'qianw'), ('MATLAB_MEM_MGR_VALUE', ''), ('_', '/home/qianw/.matlab/R2024b/ros2/glnxa64/venv/bin/colcon'), ('PKG_CONFIG_PATH', '/home/qianw/MATLAB/R2024b/sys/ros2/glnxa64/ros2/lib/pkgconfig'), ('XDG_SESSION_CLASS', 'user'), ('USERNAME', 'qianw'), ('TERM', 'dumb'), ('GNOME_DESKTOP_SESSION_ID', 'this-is-deprecated'), ('PATH', '/home/qianw/MATLAB/R2024b/bin/glnxa64/cmake/bin::/home/qianw/MATLAB/R2024b/sys/ros2/glnxa64/ros2/bin:/home/qianw/.matlab/R2024b/ros2/glnxa64/venv/bin:/home/qianw/.matlab/R2024b/ros2/glnxa64/venv/bin:/home/qianw/MATLAB/R2024b/toolbox/shared/coder/ninja/glnxa64:/home/qianw/.local/bin:/usr/local/sbin:/usr/local/bin:/usr/sbin:/usr/bin:/sbin:/bin:/usr/games:/usr/local/games:/snap/bin:/snap/bin'), ('SESSION_MANAGER', 'local/Loounx2:@/tmp/.ICE-unix/1589,unix/Loounx2:/tmp/.ICE-unix/1589'), ('XDG_MENU_PREFIX', 'gnome-'), ('GNOME_TERMINAL_SCREEN', '/org/gnome/Terminal/screen/922497a6_5b45_4398_b204_6fe39b82aae5'), ('GNOME_SETUP_DISPLAY', ':1'), ('XDG_RUNTIME_DIR', '/run/user/1000'), ('TOOLBOX', '/home/qianw/MATLAB/R2024b/toolbox'), ('MKL_DOMAIN_NUM_THREADS', ''), ('KMP_INIT_AT_FORK', 'false'), ('DISPLAY', ':0'), ('LD_PRELOAD', ''), ('LANG', 'en_US.UTF-8'), ('XDG_CURRENT_DESKTOP', 'ubuntu:GNOME'), ('PRE_LD_PRELOAD', ''), ('VIRTUAL_ENV_PROMPT', '(venv)'), ('XMODIFIERS', '@im=ibus'), ('XDG_SESSION_DESKTOP', 'ubuntu'), ('XAUTHORITY', '/run/user/1000/.mutter-Xwaylandauth.IGPZ42'), ('GNOME_TERMINAL_SERVICE', ':1.138'), ('SSH_AGENT_LAUNCHER', 'gnome-keyring'), ('SSH_AUTH_SOCK', '/run/user/1000/keyring/ssh'), ('AMENT_PREFIX_PATH', '/home/qianw/EECE5554/LAB4/src/matlab_msg_gen/glnxa64/install:/home/qianw/MATLAB/R2024b/sys/ros2/glnxa64/ros2:/home/qianw/MATLAB/R2024b/sys/ros2/glnxa64/ros2'), ('SHELL', '/bin/bash'), ('CMAKE_PATH', '/home/qianw/MATLAB/R2024b/bin/glnxa64/cmake/bin'), ('XFILESEARCHPATH', '/home/qianw/MATLAB/R2024b/sys/java/jre/glnxa64/jre/lib/locale/%L/%T/%N%S:'), ('QT_ACCESSIBILITY', '1'), ('GDMSESSION', 'ubuntu'), ('OSG_LD_LIBRARY_PATH', '/home/qianw/MATLAB/R2024b/sys/openscenegraph/lib/glnxa64'), ('VIRTUAL_ENV', '/home/qianw/.matlab/R2024b/ros2/glnxa64/venv'), ('CUSTOM_PATH', ''), ('KMP_STACKSIZE', '512k'), ('QT_IM_MODULE', 'ibus'), ('PWD', '/home/qianw/EECE5554/LAB4/src/matlab_msg_gen/glnxa64/build/imu_interface'), ('XDG_CONFIG_DIRS', '/etc/xdg/xdg-ubuntu:/etc/xdg'), ('DYLD_LIBRARY_PATH', ':/home/qianw/MATLAB/R2024b/sys/ros2/glnxa64/ros2/lib:'), ('DBUS_STARTER_ADDRESS', 'unix:path=/run/user/1000/bus,guid=05ca9b7e734973ff7170946067f5b6c6'), ('XDG_DATA_DIRS', '/usr/share/ubuntu:/usr/local/share/:/usr/share/:/var/lib/snapd/desktop'), ('MKL_NUM_THREADS', ''), ('MW_PATCH_OFFSETS', '0000117000002EA0'), ('PYTHONPATH', ':/home/qianw/MATLAB/R2024b/sys/ros2/glnxa64/ros2/lib/python3.9/site-packages:/home/qianw/.matlab/R2024b/ros2/glnxa64/venv/lib/python3.10/site-packages:'), ('LC_NUMERIC', 'C'), ('COLCON', '1'), ('VTE_VERSION', '6800'), ('CMAKE_PREFIX_PATH', '/home/qianw/EECE5554/LAB4/src/matlab_msg_gen/glnxa64/install:/home/qianw/MATLAB/R2024b/sys/ros2/glnxa64/ros2:/home/qianw/MATLAB/R2024b/sys/ros2/glnxa64/ros2')]), 'shell': False}
[0.180948] (gps_interface) StdoutLine: {'line': b'[0/1] Re-running CMake...\n'}
[0.181711] (imu_interface) StdoutLine: {'line': b'[0/1] Re-running CMake...\n'}
[0.209028] (-) TimerEvent: {}
[0.214996] (imu_interface) StdoutLine: {'line': b'-- Found ament_cmake: 1.3.3 (/home/qianw/MATLAB/R2024b/sys/ros2/glnxa64/ros2/share/ament_cmake/cmake)\n'}
[0.216798] (gps_interface) StdoutLine: {'line': b'-- Found ament_cmake: 1.3.3 (/home/qianw/MATLAB/R2024b/sys/ros2/glnxa64/ros2/share/ament_cmake/cmake)\n'}
[0.311068] (-) TimerEvent: {}
[0.411871] (-) TimerEvent: {}
[0.509053] (gps_interface) StdoutLine: {'line': b'-- Found ament_cmake_ros: 0.10.0 (/home/qianw/MATLAB/R2024b/sys/ros2/glnxa64/ros2/share/ament_cmake_ros/cmake)\n'}
[0.509504] (imu_interface) StdoutLine: {'line': b'-- Found ament_cmake_ros: 0.10.0 (/home/qianw/MATLAB/R2024b/sys/ros2/glnxa64/ros2/share/ament_cmake_ros/cmake)\n'}
[0.511980] (-) TimerEvent: {}
[0.527112] (gps_interface) StdoutLine: {'line': b'-- Found rosidl_typesupport_c: 2.0.0 (/home/qianw/MATLAB/R2024b/sys/ros2/glnxa64/ros2/share/rosidl_typesupport_c/cmake)\n'}
[0.527627] (imu_interface) StdoutLine: {'line': b'-- Found rosidl_typesupport_c: 2.0.0 (/home/qianw/MATLAB/R2024b/sys/ros2/glnxa64/ros2/share/rosidl_typesupport_c/cmake)\n'}
[0.529416] (gps_interface) StdoutLine: {'line': b'-- Using all available rosidl_typesupport_c: rosidl_typesupport_fastrtps_c;rosidl_typesupport_introspection_c\n'}
[0.530392] (imu_interface) StdoutLine: {'line': b'-- Using all available rosidl_typesupport_c: rosidl_typesupport_fastrtps_c;rosidl_typesupport_introspection_c\n'}
[0.543018] (gps_interface) StdoutLine: {'line': b'-- Found rosidl_adapter: 3.1.4 (/home/qianw/MATLAB/R2024b/sys/ros2/glnxa64/ros2/share/rosidl_adapter/cmake)\n'}
[0.543633] (imu_interface) StdoutLine: {'line': b'-- Found rosidl_adapter: 3.1.4 (/home/qianw/MATLAB/R2024b/sys/ros2/glnxa64/ros2/share/rosidl_adapter/cmake)\n'}
[0.612429] (-) TimerEvent: {}
[0.666077] (imu_interface) StdoutLine: {'line': b'-- Found rosidl_typesupport_cpp: 2.0.0 (/home/qianw/MATLAB/R2024b/sys/ros2/glnxa64/ros2/share/rosidl_typesupport_cpp/cmake)\n'}
[0.667409] (gps_interface) StdoutLine: {'line': b'-- Found rosidl_typesupport_cpp: 2.0.0 (/home/qianw/MATLAB/R2024b/sys/ros2/glnxa64/ros2/share/rosidl_typesupport_cpp/cmake)\n'}
[0.669642] (gps_interface) StdoutLine: {'line': b'-- Using all available rosidl_typesupport_cpp: rosidl_typesupport_fastrtps_cpp;rosidl_typesupport_introspection_cpp\n'}
[0.669855] (imu_interface) StdoutLine: {'line': b'-- Using all available rosidl_typesupport_cpp: rosidl_typesupport_fastrtps_cpp;rosidl_typesupport_introspection_cpp\n'}
[0.712559] (-) TimerEvent: {}
[0.759563] (imu_interface) StdoutLine: {'line': b'-- Found rosidl_default_generators: 1.2.0 (/home/qianw/MATLAB/R2024b/sys/ros2/glnxa64/ros2/share/rosidl_default_generators/cmake)\n'}
[0.759787] (gps_interface) StdoutLine: {'line': b'-- Found rosidl_default_generators: 1.2.0 (/home/qianw/MATLAB/R2024b/sys/ros2/glnxa64/ros2/share/rosidl_default_generators/cmake)\n'}
[0.768391] (gps_interface) StdoutLine: {'line': b'-- Found class_loader: 2.2.0 (/home/qianw/MATLAB/R2024b/sys/ros2/glnxa64/ros2/share/class_loader/cmake)\n'}
[0.770144] (imu_interface) StdoutLine: {'line': b'-- Found class_loader: 2.2.0 (/home/qianw/MATLAB/R2024b/sys/ros2/glnxa64/ros2/share/class_loader/cmake)\n'}
[0.779669] (imu_interface) StdoutLine: {'line': b'-- Found rclcpp: 16.0.5 (/home/qianw/MATLAB/R2024b/sys/ros2/glnxa64/ros2/share/rclcpp/cmake)\n'}
[0.780046] (gps_interface) StdoutLine: {'line': b'-- Found rclcpp: 16.0.5 (/home/qianw/MATLAB/R2024b/sys/ros2/glnxa64/ros2/share/rclcpp/cmake)\n'}
[0.813925] (-) TimerEvent: {}
[0.914594] (-) TimerEvent: {}
[1.015405] (-) TimerEvent: {}
[1.016051] (imu_interface) StdoutLine: {'line': b'-- Found rmw_implementation_cmake: 6.1.1 (/home/qianw/MATLAB/R2024b/sys/ros2/glnxa64/ros2/share/rmw_implementation_cmake/cmake)\n'}
[1.016693] (gps_interface) StdoutLine: {'line': b'-- Found rmw_implementation_cmake: 6.1.1 (/home/qianw/MATLAB/R2024b/sys/ros2/glnxa64/ros2/share/rmw_implementation_cmake/cmake)\n'}
[1.023723] (gps_interface) StdoutLine: {'line': b'-- Found rmw_fastrtps_cpp: 6.2.2 (/home/qianw/MATLAB/R2024b/sys/ros2/glnxa64/ros2/share/rmw_fastrtps_cpp/cmake)\n'}
[1.024471] (imu_interface) StdoutLine: {'line': b'-- Found rmw_fastrtps_cpp: 6.2.2 (/home/qianw/MATLAB/R2024b/sys/ros2/glnxa64/ros2/share/rmw_fastrtps_cpp/cmake)\n'}
[1.116567] (-) TimerEvent: {}
[1.217476] (-) TimerEvent: {}
[1.243412] (gps_interface) StdoutLine: {'line': b"-- Using RMW implementation 'rmw_fastrtps_cpp' as default\n"}
[1.246562] (imu_interface) StdoutLine: {'line': b"-- Using RMW implementation 'rmw_fastrtps_cpp' as default\n"}
[1.317672] (-) TimerEvent: {}
[1.419868] (-) TimerEvent: {}
[1.520694] (-) TimerEvent: {}
[1.569716] (gps_interface) StdoutLine: {'line': b'-- Found std_msgs: 4.2.3 (/home/qianw/MATLAB/R2024b/sys/ros2/glnxa64/ros2/share/std_msgs/cmake)\n'}
[1.570222] (imu_interface) StdoutLine: {'line': b'-- Found sensor_msgs: 4.2.3 (/home/qianw/MATLAB/R2024b/sys/ros2/glnxa64/ros2/share/sensor_msgs/cmake)\n'}
[1.621247] (-) TimerEvent: {}
[1.722449] (-) TimerEvent: {}
[1.828386] (-) TimerEvent: {}
[1.928749] (-) TimerEvent: {}
[2.030703] (-) TimerEvent: {}
[2.131398] (-) TimerEvent: {}
[2.232568] (-) TimerEvent: {}
[2.335242] (-) TimerEvent: {}
[2.436275] (-) TimerEvent: {}
[2.442606] (gps_interface) StdoutLine: {'line': b'-- Using all available rosidl_typesupport_c: rosidl_typesupport_fastrtps_c;rosidl_typesupport_introspection_c\n'}
[2.537599] (-) TimerEvent: {}
[2.638714] (-) TimerEvent: {}
[2.739703] (-) TimerEvent: {}
[2.842786] (-) TimerEvent: {}
[2.858060] (gps_interface) StdoutLine: {'line': b'-- Using all available rosidl_typesupport_cpp: rosidl_typesupport_fastrtps_cpp;rosidl_typesupport_introspection_cpp\n'}
[2.892879] (gps_interface) StdoutLine: {'line': b'-- Configuring done\n'}
[2.943021] (-) TimerEvent: {}
[2.955340] (gps_interface) StdoutLine: {'line': b'-- Generating done\n'}
[2.967191] (gps_interface) StdoutLine: {'line': b'-- Build files have been written to: /home/qianw/EECE5554/LAB4/src/matlab_msg_gen/glnxa64/build/gps_interface\n'}
[2.996766] (gps_interface) StdoutLine: {'line': b'ninja: no work to do.\n'}
[3.000554] (gps_interface) CommandEnded: {'returncode': 0}
[3.029717] (gps_interface) JobProgress: {'identifier': 'gps_interface', 'progress': 'install'}
[3.034975] (gps_interface) Command: {'cmd': ['/home/qianw/MATLAB/R2024b/bin/glnxa64/cmake/bin/cmake', '--install', '/home/qianw/EECE5554/LAB4/src/matlab_msg_gen/glnxa64/build/gps_interface'], 'cwd': '/home/qianw/EECE5554/LAB4/src/matlab_msg_gen/glnxa64/build/gps_interface', 'env': OrderedDict([('ARCH', 'glnxa64'), ('CUSTOM_LD_LIBRARY_PATH', ''), ('USER', 'qianw'), ('LOCAL_PYTHON_VENV_PATH', '/home/qianw/.matlab/R2024b/ros2/glnxa64/venv'), ('MEMKIND_HEAP_MANAGER', 'TBB'), ('CUSTOM_AMENT_PREFIX_PATH', '/home/qianw/EECE5554/LAB4/src/matlab_msg_gen/glnxa64/install:/home/qianw/MATLAB/R2024b/sys/ros2/glnxa64/ros2'), ('XDG_SESSION_TYPE', 'wayland'), ('KMP_HANDLE_SIGNALS', '0'), ('SHLVL', '1'), ('ICU_TIMEZONE_FILES_DIR', '/home/qianw/MATLAB/R2024b/bin/icutzdata'), ('LD_LIBRARY_PATH', ':/home/qianw/MATLAB/R2024b/sys/ros2/glnxa64/ros2/lib:/home/qianw/MATLAB/R2024b/sys/os/glnxa64:/home/qianw/MATLAB/R2024b/bin/glnxa64:/home/qianw/.MathWorks/IBOBuGAy6RMKv1qSO913GEckBr8xCIOmhZgwU7Cewvg/bin/glnxa64:/home/qianw/MATLAB/R2024b/extern/lib/glnxa64:/home/qianw/MATLAB/R2024b/cefclient/sys/os/glnxa64:/home/qianw/MATLAB/R2024b/sys/java/jre/glnxa64/jre/lib/amd64/native_threads:/home/qianw/MATLAB/R2024b/sys/java/jre/glnxa64/jre/lib/amd64/server'), ('BASEMATLABPATH', ''), ('HOME', '/home/qianw'), ('AUTOMOUNT_MAP', ''), ('OLDPWD', '/home/qianw/MATLAB/R2024b'), ('DESKTOP_SESSION', 'ubuntu'), ('MW_LD_SHIM', '/home/qianw/MATLAB/R2024b/bin/glnxa64/ld_shim.so.2.35.ubuntu_22_04'), ('GNOME_SHELL_SESSION_MODE', 'ubuntu'), ('GTK_MODULES', ''), ('KMP_BLOCKTIME', '1'), ('PS1', '(venv)'), ('LIBVA_MESSAGING_LEVEL', '0'), ('DBUS_STARTER_BUS_TYPE', 'session'), ('SYSTEMD_EXEC_PID', '1589'), ('DBUS_SESSION_BUS_ADDRESS', 'unix:path=/run/user/1000/bus,guid=05ca9b7e734973ff7170946067f5b6c6'), ('COLORTERM', 'truecolor'), ('CUSTOM_SITE_PACKAGES_PATH', ''), ('IM_CONFIG_PHASE', '1'), ('WAYLAND_DISPLAY', 'wayland-0'), ('COLCON_PREFIX_PATH', '/home/qianw/EECE5554/LAB4/src/matlab_msg_gen/glnxa64/install:/home/qianw/MATLAB/R2024b/sys/ros2/glnxa64/ros2:/home/qianw/MATLAB/R2024b/sys/ros2/glnxa64/ros2'), ('ROS_DISTRO', 'humble'), ('LOGNAME', 'qianw'), ('MATLAB_MEM_MGR_VALUE', ''), ('_', '/home/qianw/.matlab/R2024b/ros2/glnxa64/venv/bin/colcon'), ('PKG_CONFIG_PATH', '/home/qianw/MATLAB/R2024b/sys/ros2/glnxa64/ros2/lib/pkgconfig'), ('XDG_SESSION_CLASS', 'user'), ('USERNAME', 'qianw'), ('TERM', 'dumb'), ('GNOME_DESKTOP_SESSION_ID', 'this-is-deprecated'), ('PATH', '/home/qianw/MATLAB/R2024b/bin/glnxa64/cmake/bin::/home/qianw/MATLAB/R2024b/sys/ros2/glnxa64/ros2/bin:/home/qianw/.matlab/R2024b/ros2/glnxa64/venv/bin:/home/qianw/.matlab/R2024b/ros2/glnxa64/venv/bin:/home/qianw/MATLAB/R2024b/toolbox/shared/coder/ninja/glnxa64:/home/qianw/.local/bin:/usr/local/sbin:/usr/local/bin:/usr/sbin:/usr/bin:/sbin:/bin:/usr/games:/usr/local/games:/snap/bin:/snap/bin'), ('SESSION_MANAGER', 'local/Loounx2:@/tmp/.ICE-unix/1589,unix/Loounx2:/tmp/.ICE-unix/1589'), ('XDG_MENU_PREFIX', 'gnome-'), ('GNOME_TERMINAL_SCREEN', '/org/gnome/Terminal/screen/922497a6_5b45_4398_b204_6fe39b82aae5'), ('GNOME_SETUP_DISPLAY', ':1'), ('XDG_RUNTIME_DIR', '/run/user/1000'), ('TOOLBOX', '/home/qianw/MATLAB/R2024b/toolbox'), ('MKL_DOMAIN_NUM_THREADS', ''), ('KMP_INIT_AT_FORK', 'false'), ('DISPLAY', ':0'), ('LD_PRELOAD', ''), ('LANG', 'en_US.UTF-8'), ('XDG_CURRENT_DESKTOP', 'ubuntu:GNOME'), ('PRE_LD_PRELOAD', ''), ('VIRTUAL_ENV_PROMPT', '(venv)'), ('XMODIFIERS', '@im=ibus'), ('XDG_SESSION_DESKTOP', 'ubuntu'), ('XAUTHORITY', '/run/user/1000/.mutter-Xwaylandauth.IGPZ42'), ('GNOME_TERMINAL_SERVICE', ':1.138'), ('SSH_AGENT_LAUNCHER', 'gnome-keyring'), ('SSH_AUTH_SOCK', '/run/user/1000/keyring/ssh'), ('AMENT_PREFIX_PATH', '/home/qianw/EECE5554/LAB4/src/matlab_msg_gen/glnxa64/install:/home/qianw/MATLAB/R2024b/sys/ros2/glnxa64/ros2:/home/qianw/MATLAB/R2024b/sys/ros2/glnxa64/ros2'), ('SHELL', '/bin/bash'), ('CMAKE_PATH', '/home/qianw/MATLAB/R2024b/bin/glnxa64/cmake/bin'), ('XFILESEARCHPATH', '/home/qianw/MATLAB/R2024b/sys/java/jre/glnxa64/jre/lib/locale/%L/%T/%N%S:'), ('QT_ACCESSIBILITY', '1'), ('GDMSESSION', 'ubuntu'), ('OSG_LD_LIBRARY_PATH', '/home/qianw/MATLAB/R2024b/sys/openscenegraph/lib/glnxa64'), ('VIRTUAL_ENV', '/home/qianw/.matlab/R2024b/ros2/glnxa64/venv'), ('CUSTOM_PATH', ''), ('KMP_STACKSIZE', '512k'), ('QT_IM_MODULE', 'ibus'), ('PWD', '/home/qianw/EECE5554/LAB4/src/matlab_msg_gen/glnxa64/build/gps_interface'), ('XDG_CONFIG_DIRS', '/etc/xdg/xdg-ubuntu:/etc/xdg'), ('DYLD_LIBRARY_PATH', ':/home/qianw/MATLAB/R2024b/sys/ros2/glnxa64/ros2/lib:'), ('DBUS_STARTER_ADDRESS', 'unix:path=/run/user/1000/bus,guid=05ca9b7e734973ff7170946067f5b6c6'), ('XDG_DATA_DIRS', '/usr/share/ubuntu:/usr/local/share/:/usr/share/:/var/lib/snapd/desktop'), ('MKL_NUM_THREADS', ''), ('MW_PATCH_OFFSETS', '0000117000002EA0'), ('PYTHONPATH', ':/home/qianw/MATLAB/R2024b/sys/ros2/glnxa64/ros2/lib/python3.9/site-packages:/home/qianw/.matlab/R2024b/ros2/glnxa64/venv/lib/python3.10/site-packages:'), ('LC_NUMERIC', 'C'), ('COLCON', '1'), ('VTE_VERSION', '6800'), ('CMAKE_PREFIX_PATH', '/home/qianw/EECE5554/LAB4/src/matlab_msg_gen/glnxa64/install:/home/qianw/MATLAB/R2024b/sys/ros2/glnxa64/ros2:/home/qianw/MATLAB/R2024b/sys/ros2/glnxa64/ros2')]), 'shell': False}
[3.044466] (gps_interface) StdoutLine: {'line': b'-- Install configuration: "Release"\n'}
[3.044708] (-) TimerEvent: {}
[3.044866] (gps_interface) StdoutLine: {'line': b'-- Up-to-date: /home/qianw/EECE5554/LAB4/src/matlab_msg_gen/glnxa64/install/share/ament_index/resource_index/rosidl_interfaces/gps_interface\n'}
[3.045164] (gps_interface) StdoutLine: {'line': b'-- Up-to-date: /home/qianw/EECE5554/LAB4/src/matlab_msg_gen/glnxa64/install/include/gps_interface/gps_interface\n'}
[3.046439] (gps_interface) StdoutLine: {'line': b'-- Up-to-date: /home/qianw/EECE5554/LAB4/src/matlab_msg_gen/glnxa64/install/include/gps_interface/gps_interface/msg\n'}
[3.046840] (gps_interface) StdoutLine: {'line': b'-- Up-to-date: /home/qianw/EECE5554/LAB4/src/matlab_msg_gen/glnxa64/install/include/gps_interface/gps_interface/msg/gp_smsg.h\n'}
[3.047001] (gps_interface) StdoutLine: {'line': b'-- Up-to-date: /home/qianw/EECE5554/LAB4/src/matlab_msg_gen/glnxa64/install/include/gps_interface/gps_interface/msg/detail\n'}
[3.047148] (gps_interface) StdoutLine: {'line': b'-- Up-to-date: /home/qianw/EECE5554/LAB4/src/matlab_msg_gen/glnxa64/install/include/gps_interface/gps_interface/msg/detail/gp_smsg__functions.h\n'}
[3.047389] (gps_interface) StdoutLine: {'line': b'-- Up-to-date: /home/qianw/EECE5554/LAB4/src/matlab_msg_gen/glnxa64/install/include/gps_interface/gps_interface/msg/detail/gp_smsg__type_support.h\n'}
[3.047521] (gps_interface) StdoutLine: {'line': b'-- Up-to-date: /home/qianw/EECE5554/LAB4/src/matlab_msg_gen/glnxa64/install/include/gps_interface/gps_interface/msg/detail/gp_smsg__functions.c\n'}
[3.051465] (gps_interface) StdoutLine: {'line': b'-- Up-to-date: /home/qianw/EECE5554/LAB4/src/matlab_msg_gen/glnxa64/install/include/gps_interface/gps_interface/msg/detail/gp_smsg__struct.h\n'}
[3.051725] (gps_interface) StdoutLine: {'line': b'-- Up-to-date: /home/qianw/EECE5554/LAB4/src/matlab_msg_gen/glnxa64/install/include/gps_interface/gps_interface/msg/rosidl_generator_c__visibility_control.h\n'}
[3.051838] (gps_interface) StdoutLine: {'line': b'-- Up-to-date: /home/qianw/EECE5554/LAB4/src/matlab_msg_gen/glnxa64/install/share/gps_interface/environment/library_path.sh\n'}
[3.051947] (gps_interface) StdoutLine: {'line': b'-- Installing: /home/qianw/EECE5554/LAB4/src/matlab_msg_gen/glnxa64/install/share/gps_interface/environment/library_path.dsv\n'}
[3.052045] (gps_interface) StdoutLine: {'line': b'-- Up-to-date: /home/qianw/EECE5554/LAB4/src/matlab_msg_gen/glnxa64/install/lib/libgps_interface__rosidl_generator_c.so\n'}
[3.052332] (gps_interface) StdoutLine: {'line': b'-- Up-to-date: /home/qianw/EECE5554/LAB4/src/matlab_msg_gen/glnxa64/install/include/gps_interface/gps_interface\n'}
[3.052450] (gps_interface) StdoutLine: {'line': b'-- Up-to-date: /home/qianw/EECE5554/LAB4/src/matlab_msg_gen/glnxa64/install/include/gps_interface/gps_interface/msg\n'}
[3.052542] (gps_interface) StdoutLine: {'line': b'-- Up-to-date: /home/qianw/EECE5554/LAB4/src/matlab_msg_gen/glnxa64/install/include/gps_interface/gps_interface/msg/detail\n'}
[3.052632] (gps_interface) StdoutLine: {'line': b'-- Up-to-date: /home/qianw/EECE5554/LAB4/src/matlab_msg_gen/glnxa64/install/include/gps_interface/gps_interface/msg/detail/gp_smsg__rosidl_typesupport_fastrtps_c.h\n'}
[3.052753] (gps_interface) StdoutLine: {'line': b'-- Up-to-date: /home/qianw/EECE5554/LAB4/src/matlab_msg_gen/glnxa64/install/include/gps_interface/gps_interface/msg/rosidl_typesupport_fastrtps_c__visibility_control.h\n'}
[3.052865] (gps_interface) StdoutLine: {'line': b'-- Up-to-date: /home/qianw/EECE5554/LAB4/src/matlab_msg_gen/glnxa64/install/lib/libgps_interface__rosidl_typesupport_fastrtps_c.so\n'}
[3.052961] (gps_interface) StdoutLine: {'line': b'-- Up-to-date: /home/qianw/EECE5554/LAB4/src/matlab_msg_gen/glnxa64/install/include/gps_interface/gps_interface\n'}
[3.053101] (gps_interface) StdoutLine: {'line': b'-- Up-to-date: /home/qianw/EECE5554/LAB4/src/matlab_msg_gen/glnxa64/install/include/gps_interface/gps_interface/msg\n'}
[3.053263] (gps_interface) StdoutLine: {'line': b'-- Up-to-date: /home/qianw/EECE5554/LAB4/src/matlab_msg_gen/glnxa64/install/include/gps_interface/gps_interface/msg/detail\n'}
[3.053419] (gps_interface) StdoutLine: {'line': b'-- Up-to-date: /home/qianw/EECE5554/LAB4/src/matlab_msg_gen/glnxa64/install/include/gps_interface/gps_interface/msg/detail/gp_smsg__rosidl_typesupport_introspection_c.h\n'}
[3.053522] (gps_interface) StdoutLine: {'line': b'-- Up-to-date: /home/qianw/EECE5554/LAB4/src/matlab_msg_gen/glnxa64/install/include/gps_interface/gps_interface/msg/detail/gp_smsg__type_support.c\n'}
[3.053616] (gps_interface) StdoutLine: {'line': b'-- Up-to-date: /home/qianw/EECE5554/LAB4/src/matlab_msg_gen/glnxa64/install/include/gps_interface/gps_interface/msg/rosidl_typesupport_introspection_c__visibility_control.h\n'}
[3.053708] (gps_interface) StdoutLine: {'line': b'-- Up-to-date: /home/qianw/EECE5554/LAB4/src/matlab_msg_gen/glnxa64/install/lib/libgps_interface__rosidl_typesupport_introspection_c.so\n'}
[3.053799] (gps_interface) StdoutLine: {'line': b'-- Up-to-date: /home/qianw/EECE5554/LAB4/src/matlab_msg_gen/glnxa64/install/lib/libgps_interface__rosidl_typesupport_c.so\n'}
[3.053906] (gps_interface) StdoutLine: {'line': b'-- Up-to-date: /home/qianw/EECE5554/LAB4/src/matlab_msg_gen/glnxa64/install/include/gps_interface/gps_interface\n'}
[3.054041] (gps_interface) StdoutLine: {'line': b'-- Up-to-date: /home/qianw/EECE5554/LAB4/src/matlab_msg_gen/glnxa64/install/include/gps_interface/gps_interface/msg\n'}
[3.054166] (gps_interface) StdoutLine: {'line': b'-- Up-to-date: /home/qianw/EECE5554/LAB4/src/matlab_msg_gen/glnxa64/install/include/gps_interface/gps_interface/msg/detail\n'}
[3.054262] (gps_interface) StdoutLine: {'line': b'-- Up-to-date: /home/qianw/EECE5554/LAB4/src/matlab_msg_gen/glnxa64/install/include/gps_interface/gps_interface/msg/detail/gp_smsg__builder.hpp\n'}
[3.054366] (gps_interface) StdoutLine: {'line': b'-- Up-to-date: /home/qianw/EECE5554/LAB4/src/matlab_msg_gen/glnxa64/install/include/gps_interface/gps_interface/msg/detail/gp_smsg__struct.hpp\n'}
[3.054455] (gps_interface) StdoutLine: {'line': b'-- Up-to-date: /home/qianw/EECE5554/LAB4/src/matlab_msg_gen/glnxa64/install/include/gps_interface/gps_interface/msg/detail/gp_smsg__traits.hpp\n'}
[3.054558] (gps_interface) StdoutLine: {'line': b'-- Up-to-date: /home/qianw/EECE5554/LAB4/src/matlab_msg_gen/glnxa64/install/include/gps_interface/gps_interface/msg/gp_smsg.hpp\n'}
[3.054650] (gps_interface) StdoutLine: {'line': b'-- Up-to-date: /home/qianw/EECE5554/LAB4/src/matlab_msg_gen/glnxa64/install/include/gps_interface/gps_interface\n'}
[3.054739] (gps_interface) StdoutLine: {'line': b'-- Up-to-date: /home/qianw/EECE5554/LAB4/src/matlab_msg_gen/glnxa64/install/include/gps_interface/gps_interface/msg\n'}
[3.054825] (gps_interface) StdoutLine: {'line': b'-- Up-to-date: /home/qianw/EECE5554/LAB4/src/matlab_msg_gen/glnxa64/install/include/gps_interface/gps_interface/msg/detail\n'}
[3.054921] (gps_interface) StdoutLine: {'line': b'-- Up-to-date: /home/qianw/EECE5554/LAB4/src/matlab_msg_gen/glnxa64/install/include/gps_interface/gps_interface/msg/detail/gp_smsg__rosidl_typesupport_fastrtps_cpp.hpp\n'}
[3.055034] (gps_interface) StdoutLine: {'line': b'-- Up-to-date: /home/qianw/EECE5554/LAB4/src/matlab_msg_gen/glnxa64/install/include/gps_interface/gps_interface/msg/detail/dds_fastrtps\n'}
[3.055136] (gps_interface) StdoutLine: {'line': b'-- Up-to-date: /home/qianw/EECE5554/LAB4/src/matlab_msg_gen/glnxa64/install/include/gps_interface/gps_interface/msg/rosidl_typesupport_fastrtps_cpp__visibility_control.h\n'}
[3.055238] (gps_interface) StdoutLine: {'line': b'-- Up-to-date: /home/qianw/EECE5554/LAB4/src/matlab_msg_gen/glnxa64/install/lib/libgps_interface__rosidl_typesupport_fastrtps_cpp.so\n'}
[3.055328] (gps_interface) StdoutLine: {'line': b'-- Up-to-date: /home/qianw/EECE5554/LAB4/src/matlab_msg_gen/glnxa64/install/include/gps_interface/gps_interface\n'}
[3.055416] (gps_interface) StdoutLine: {'line': b'-- Up-to-date: /home/qianw/EECE5554/LAB4/src/matlab_msg_gen/glnxa64/install/include/gps_interface/gps_interface/msg\n'}
[3.055501] (gps_interface) StdoutLine: {'line': b'-- Up-to-date: /home/qianw/EECE5554/LAB4/src/matlab_msg_gen/glnxa64/install/include/gps_interface/gps_interface/msg/detail\n'}
[3.055596] (gps_interface) StdoutLine: {'line': b'-- Up-to-date: /home/qianw/EECE5554/LAB4/src/matlab_msg_gen/glnxa64/install/include/gps_interface/gps_interface/msg/detail/gp_smsg__rosidl_typesupport_introspection_cpp.hpp\n'}
[3.055693] (gps_interface) StdoutLine: {'line': b'-- Up-to-date: /home/qianw/EECE5554/LAB4/src/matlab_msg_gen/glnxa64/install/include/gps_interface/gps_interface/msg/detail/gp_smsg__type_support.cpp\n'}
[3.055782] (gps_interface) StdoutLine: {'line': b'-- Up-to-date: /home/qianw/EECE5554/LAB4/src/matlab_msg_gen/glnxa64/install/lib/libgps_interface__rosidl_typesupport_introspection_cpp.so\n'}
[3.055937] (gps_interface) StdoutLine: {'line': b'-- Up-to-date: /home/qianw/EECE5554/LAB4/src/matlab_msg_gen/glnxa64/install/lib/libgps_interface__rosidl_typesupport_cpp.so\n'}
[3.057839] (gps_interface) StdoutLine: {'line': b'-- Up-to-date: /home/qianw/EECE5554/LAB4/src/matlab_msg_gen/glnxa64/install/share/gps_interface/msg/GPSmsg.idl\n'}
[3.057974] (gps_interface) StdoutLine: {'line': b'-- Up-to-date: /home/qianw/EECE5554/LAB4/src/matlab_msg_gen/glnxa64/install/share/gps_interface/msg/GPSmsg.msg\n'}
[3.058183] (gps_interface) StdoutLine: {'line': b'-- Up-to-date: /home/qianw/EECE5554/LAB4/src/matlab_msg_gen/glnxa64/install/include\n'}
[3.058293] (gps_interface) StdoutLine: {'line': b'-- Up-to-date: /home/qianw/EECE5554/LAB4/src/matlab_msg_gen/glnxa64/install/include/gps_interface\n'}
[3.058534] (gps_interface) StdoutLine: {'line': b'-- Up-to-date: /home/qianw/EECE5554/LAB4/src/matlab_msg_gen/glnxa64/install/include/gps_interface/visibility_control.h\n'}
[3.058653] (gps_interface) StdoutLine: {'line': b'-- Up-to-date: /home/qianw/EECE5554/LAB4/src/matlab_msg_gen/glnxa64/install/lib/libgps_interface_matlab.so\n'}
[3.058742] (gps_interface) StdoutLine: {'line': b'-- Up-to-date: /home/qianw/EECE5554/LAB4/src/matlab_msg_gen/glnxa64/install/m/\n'}
[3.059051] (gps_interface) StdoutLine: {'line': b'-- Up-to-date: /home/qianw/EECE5554/LAB4/src/matlab_msg_gen/glnxa64/install/m//+ros\n'}
[3.059178] (gps_interface) StdoutLine: {'line': b'-- Up-to-date: /home/qianw/EECE5554/LAB4/src/matlab_msg_gen/glnxa64/install/m//+ros/+internal\n'}
[3.059276] (gps_interface) StdoutLine: {'line': b'-- Up-to-date: /home/qianw/EECE5554/LAB4/src/matlab_msg_gen/glnxa64/install/m//+ros/+internal/+ros2\n'}
[3.059426] (gps_interface) StdoutLine: {'line': b'-- Up-to-date: /home/qianw/EECE5554/LAB4/src/matlab_msg_gen/glnxa64/install/m//+ros/+internal/+ros2/+custommessages\n'}
[3.059544] (gps_interface) StdoutLine: {'line': b'-- Up-to-date: /home/qianw/EECE5554/LAB4/src/matlab_msg_gen/glnxa64/install/m//+ros/+internal/+ros2/+custommessages/+gps_interface\n'}
[3.059624] (gps_interface) StdoutLine: {'line': b'-- Up-to-date: /home/qianw/EECE5554/LAB4/src/matlab_msg_gen/glnxa64/install/m//+ros/+internal/+ros2/+custommessages/+gps_interface/gPSmsg.m\n'}
[3.059821] (gps_interface) StdoutLine: {'line': b'-- Up-to-date: /home/qianw/EECE5554/LAB4/src/matlab_msg_gen/glnxa64/install/share/ament_index/resource_index/package_run_dependencies/gps_interface\n'}
[3.059915] (gps_interface) StdoutLine: {'line': b'-- Up-to-date: /home/qianw/EECE5554/LAB4/src/matlab_msg_gen/glnxa64/install/share/ament_index/resource_index/parent_prefix_path/gps_interface\n'}
[3.060001] (gps_interface) StdoutLine: {'line': b'-- Up-to-date: /home/qianw/EECE5554/LAB4/src/matlab_msg_gen/glnxa64/install/share/gps_interface/environment/ament_prefix_path.sh\n'}
[3.060088] (gps_interface) StdoutLine: {'line': b'-- Installing: /home/qianw/EECE5554/LAB4/src/matlab_msg_gen/glnxa64/install/share/gps_interface/environment/ament_prefix_path.dsv\n'}
[3.060179] (gps_interface) StdoutLine: {'line': b'-- Up-to-date: /home/qianw/EECE5554/LAB4/src/matlab_msg_gen/glnxa64/install/share/gps_interface/environment/path.sh\n'}
[3.060277] (gps_interface) StdoutLine: {'line': b'-- Installing: /home/qianw/EECE5554/LAB4/src/matlab_msg_gen/glnxa64/install/share/gps_interface/environment/path.dsv\n'}
[3.060428] (gps_interface) StdoutLine: {'line': b'-- Up-to-date: /home/qianw/EECE5554/LAB4/src/matlab_msg_gen/glnxa64/install/share/gps_interface/local_setup.bash\n'}
[3.060533] (gps_interface) StdoutLine: {'line': b'-- Up-to-date: /home/qianw/EECE5554/LAB4/src/matlab_msg_gen/glnxa64/install/share/gps_interface/local_setup.sh\n'}
[3.060647] (gps_interface) StdoutLine: {'line': b'-- Up-to-date: /home/qianw/EECE5554/LAB4/src/matlab_msg_gen/glnxa64/install/share/gps_interface/local_setup.zsh\n'}
[3.060856] (gps_interface) StdoutLine: {'line': b'-- Installing: /home/qianw/EECE5554/LAB4/src/matlab_msg_gen/glnxa64/install/share/gps_interface/local_setup.dsv\n'}
[3.060955] (gps_interface) StdoutLine: {'line': b'-- Installing: /home/qianw/EECE5554/LAB4/src/matlab_msg_gen/glnxa64/install/share/gps_interface/package.dsv\n'}
[3.061040] (gps_interface) StdoutLine: {'line': b'-- Up-to-date: /home/qianw/EECE5554/LAB4/src/matlab_msg_gen/glnxa64/install/share/ament_index/resource_index/packages/gps_interface\n'}
[3.061128] (gps_interface) StdoutLine: {'line': b'-- Up-to-date: /home/qianw/EECE5554/LAB4/src/matlab_msg_gen/glnxa64/install/share/gps_interface/cmake/export_gps_interface__rosidl_generator_cExport.cmake\n'}
[3.061575] (gps_interface) StdoutLine: {'line': b'-- Up-to-date: /home/qianw/EECE5554/LAB4/src/matlab_msg_gen/glnxa64/install/share/gps_interface/cmake/export_gps_interface__rosidl_generator_cExport-release.cmake\n'}
[3.061861] (gps_interface) StdoutLine: {'line': b'-- Up-to-date: /home/qianw/EECE5554/LAB4/src/matlab_msg_gen/glnxa64/install/share/gps_interface/cmake/export_gps_interface__rosidl_typesupport_fastrtps_cExport.cmake\n'}
[3.061980] (gps_interface) StdoutLine: {'line': b'-- Up-to-date: /home/qianw/EECE5554/LAB4/src/matlab_msg_gen/glnxa64/install/share/gps_interface/cmake/export_gps_interface__rosidl_typesupport_fastrtps_cExport-release.cmake\n'}
[3.062137] (gps_interface) StdoutLine: {'line': b'-- Up-to-date: /home/qianw/EECE5554/LAB4/src/matlab_msg_gen/glnxa64/install/share/gps_interface/cmake/gps_interface__rosidl_typesupport_introspection_cExport.cmake\n'}
[3.062661] (gps_interface) StdoutLine: {'line': b'-- Up-to-date: /home/qianw/EECE5554/LAB4/src/matlab_msg_gen/glnxa64/install/share/gps_interface/cmake/gps_interface__rosidl_typesupport_introspection_cExport-release.cmake\n'}
[3.062800] (gps_interface) StdoutLine: {'line': b'-- Up-to-date: /home/qianw/EECE5554/LAB4/src/matlab_msg_gen/glnxa64/install/share/gps_interface/cmake/gps_interface__rosidl_typesupport_cExport.cmake\n'}
[3.062936] (gps_interface) StdoutLine: {'line': b'-- Up-to-date: /home/qianw/EECE5554/LAB4/src/matlab_msg_gen/glnxa64/install/share/gps_interface/cmake/gps_interface__rosidl_typesupport_cExport-release.cmake\n'}
[3.063235] (gps_interface) StdoutLine: {'line': b'-- Up-to-date: /home/qianw/EECE5554/LAB4/src/matlab_msg_gen/glnxa64/install/share/gps_interface/cmake/export_gps_interface__rosidl_generator_cppExport.cmake\n'}
[3.063675] (gps_interface) StdoutLine: {'line': b'-- Up-to-date: /home/qianw/EECE5554/LAB4/src/matlab_msg_gen/glnxa64/install/share/gps_interface/cmake/export_gps_interface__rosidl_typesupport_fastrtps_cppExport.cmake\n'}
[3.063789] (gps_interface) StdoutLine: {'line': b'-- Up-to-date: /home/qianw/EECE5554/LAB4/src/matlab_msg_gen/glnxa64/install/share/gps_interface/cmake/export_gps_interface__rosidl_typesupport_fastrtps_cppExport-release.cmake\n'}
[3.064027] (gps_interface) StdoutLine: {'line': b'-- Up-to-date: /home/qianw/EECE5554/LAB4/src/matlab_msg_gen/glnxa64/install/share/gps_interface/cmake/gps_interface__rosidl_typesupport_introspection_cppExport.cmake\n'}
[3.064187] (gps_interface) StdoutLine: {'line': b'-- Up-to-date: /home/qianw/EECE5554/LAB4/src/matlab_msg_gen/glnxa64/install/share/gps_interface/cmake/gps_interface__rosidl_typesupport_introspection_cppExport-release.cmake\n'}
[3.064810] (gps_interface) StdoutLine: {'line': b'-- Up-to-date: /home/qianw/EECE5554/LAB4/src/matlab_msg_gen/glnxa64/install/share/gps_interface/cmake/gps_interface__rosidl_typesupport_cppExport.cmake\n'}
[3.065372] (gps_interface) StdoutLine: {'line': b'-- Up-to-date: /home/qianw/EECE5554/LAB4/src/matlab_msg_gen/glnxa64/install/share/gps_interface/cmake/gps_interface__rosidl_typesupport_cppExport-release.cmake\n'}
[3.065551] (gps_interface) StdoutLine: {'line': b'-- Up-to-date: /home/qianw/EECE5554/LAB4/src/matlab_msg_gen/glnxa64/install/share/gps_interface/cmake/rosidl_cmake-extras.cmake\n'}
[3.065679] (gps_interface) StdoutLine: {'line': b'-- Up-to-date: /home/qianw/EECE5554/LAB4/src/matlab_msg_gen/glnxa64/install/share/gps_interface/cmake/ament_cmake_export_dependencies-extras.cmake\n'}
[3.065865] (gps_interface) StdoutLine: {'line': b'-- Up-to-date: /home/qianw/EECE5554/LAB4/src/matlab_msg_gen/glnxa64/install/share/gps_interface/cmake/ament_cmake_export_include_directories-extras.cmake\n'}
[3.065970] (gps_interface) StdoutLine: {'line': b'-- Up-to-date: /home/qianw/EECE5554/LAB4/src/matlab_msg_gen/glnxa64/install/share/gps_interface/cmake/ament_cmake_export_libraries-extras.cmake\n'}
[3.066064] (gps_interface) StdoutLine: {'line': b'-- Up-to-date: /home/qianw/EECE5554/LAB4/src/matlab_msg_gen/glnxa64/install/share/gps_interface/cmake/ament_cmake_export_targets-extras.cmake\n'}
[3.066164] (gps_interface) StdoutLine: {'line': b'-- Up-to-date: /home/qianw/EECE5554/LAB4/src/matlab_msg_gen/glnxa64/install/share/gps_interface/cmake/rosidl_cmake_export_typesupport_targets-extras.cmake\n'}
[3.066324] (gps_interface) StdoutLine: {'line': b'-- Up-to-date: /home/qianw/EECE5554/LAB4/src/matlab_msg_gen/glnxa64/install/share/gps_interface/cmake/rosidl_cmake_export_typesupport_libraries-extras.cmake\n'}
[3.066438] (gps_interface) StdoutLine: {'line': b'-- Up-to-date: /home/qianw/EECE5554/LAB4/src/matlab_msg_gen/glnxa64/install/share/gps_interface/cmake/gps_interfaceConfig.cmake\n'}
[3.066528] (gps_interface) StdoutLine: {'line': b'-- Up-to-date: /home/qianw/EECE5554/LAB4/src/matlab_msg_gen/glnxa64/install/share/gps_interface/cmake/gps_interfaceConfig-version.cmake\n'}
[3.066614] (gps_interface) StdoutLine: {'line': b'-- Installing: /home/qianw/EECE5554/LAB4/src/matlab_msg_gen/glnxa64/install/share/gps_interface/package.xml\n'}
[3.076193] (gps_interface) CommandEnded: {'returncode': 0}
[3.111885] (imu_interface) StdoutLine: {'line': b'-- Using all available rosidl_typesupport_c: rosidl_typesupport_fastrtps_c;rosidl_typesupport_introspection_c\n'}
[3.150272] (-) TimerEvent: {}
[3.259585] (-) TimerEvent: {}
[3.284585] (gps_interface) JobEnded: {'identifier': 'gps_interface', 'rc': 0}
[3.360360] (-) TimerEvent: {}
[3.461150] (-) TimerEvent: {}
[3.561947] (-) TimerEvent: {}
[3.663818] (-) TimerEvent: {}
[3.767488] (-) TimerEvent: {}
[3.803571] (imu_interface) StdoutLine: {'line': b'-- Using all available rosidl_typesupport_cpp: rosidl_typesupport_fastrtps_cpp;rosidl_typesupport_introspection_cpp\n'}
[3.833678] (imu_interface) StdoutLine: {'line': b'-- Configuring done\n'}
[3.867638] (-) TimerEvent: {}
[3.899596] (imu_interface) StdoutLine: {'line': b'-- Generating done\n'}
[3.907493] (imu_interface) StdoutLine: {'line': b'-- Build files have been written to: /home/qianw/EECE5554/LAB4/src/matlab_msg_gen/glnxa64/build/imu_interface\n'}
[3.933400] (imu_interface) StdoutLine: {'line': b'ninja: no work to do.\n'}
[3.935114] (imu_interface) CommandEnded: {'returncode': 0}
[3.960743] (imu_interface) JobProgress: {'identifier': 'imu_interface', 'progress': 'install'}
[3.960837] (imu_interface) Command: {'cmd': ['/home/qianw/MATLAB/R2024b/bin/glnxa64/cmake/bin/cmake', '--install', '/home/qianw/EECE5554/LAB4/src/matlab_msg_gen/glnxa64/build/imu_interface'], 'cwd': '/home/qianw/EECE5554/LAB4/src/matlab_msg_gen/glnxa64/build/imu_interface', 'env': OrderedDict([('ARCH', 'glnxa64'), ('CUSTOM_LD_LIBRARY_PATH', ''), ('USER', 'qianw'), ('LOCAL_PYTHON_VENV_PATH', '/home/qianw/.matlab/R2024b/ros2/glnxa64/venv'), ('MEMKIND_HEAP_MANAGER', 'TBB'), ('CUSTOM_AMENT_PREFIX_PATH', '/home/qianw/EECE5554/LAB4/src/matlab_msg_gen/glnxa64/install:/home/qianw/MATLAB/R2024b/sys/ros2/glnxa64/ros2'), ('XDG_SESSION_TYPE', 'wayland'), ('KMP_HANDLE_SIGNALS', '0'), ('SHLVL', '1'), ('ICU_TIMEZONE_FILES_DIR', '/home/qianw/MATLAB/R2024b/bin/icutzdata'), ('LD_LIBRARY_PATH', ':/home/qianw/MATLAB/R2024b/sys/ros2/glnxa64/ros2/lib:/home/qianw/MATLAB/R2024b/sys/os/glnxa64:/home/qianw/MATLAB/R2024b/bin/glnxa64:/home/qianw/.MathWorks/IBOBuGAy6RMKv1qSO913GEckBr8xCIOmhZgwU7Cewvg/bin/glnxa64:/home/qianw/MATLAB/R2024b/extern/lib/glnxa64:/home/qianw/MATLAB/R2024b/cefclient/sys/os/glnxa64:/home/qianw/MATLAB/R2024b/sys/java/jre/glnxa64/jre/lib/amd64/native_threads:/home/qianw/MATLAB/R2024b/sys/java/jre/glnxa64/jre/lib/amd64/server'), ('BASEMATLABPATH', ''), ('HOME', '/home/qianw'), ('AUTOMOUNT_MAP', ''), ('OLDPWD', '/home/qianw/MATLAB/R2024b'), ('DESKTOP_SESSION', 'ubuntu'), ('MW_LD_SHIM', '/home/qianw/MATLAB/R2024b/bin/glnxa64/ld_shim.so.2.35.ubuntu_22_04'), ('GNOME_SHELL_SESSION_MODE', 'ubuntu'), ('GTK_MODULES', ''), ('KMP_BLOCKTIME', '1'), ('PS1', '(venv)'), ('LIBVA_MESSAGING_LEVEL', '0'), ('DBUS_STARTER_BUS_TYPE', 'session'), ('SYSTEMD_EXEC_PID', '1589'), ('DBUS_SESSION_BUS_ADDRESS', 'unix:path=/run/user/1000/bus,guid=05ca9b7e734973ff7170946067f5b6c6'), ('COLORTERM', 'truecolor'), ('CUSTOM_SITE_PACKAGES_PATH', ''), ('IM_CONFIG_PHASE', '1'), ('WAYLAND_DISPLAY', 'wayland-0'), ('COLCON_PREFIX_PATH', '/home/qianw/EECE5554/LAB4/src/matlab_msg_gen/glnxa64/install:/home/qianw/MATLAB/R2024b/sys/ros2/glnxa64/ros2:/home/qianw/MATLAB/R2024b/sys/ros2/glnxa64/ros2'), ('ROS_DISTRO', 'humble'), ('LOGNAME', 'qianw'), ('MATLAB_MEM_MGR_VALUE', ''), ('_', '/home/qianw/.matlab/R2024b/ros2/glnxa64/venv/bin/colcon'), ('PKG_CONFIG_PATH', '/home/qianw/MATLAB/R2024b/sys/ros2/glnxa64/ros2/lib/pkgconfig'), ('XDG_SESSION_CLASS', 'user'), ('USERNAME', 'qianw'), ('TERM', 'dumb'), ('GNOME_DESKTOP_SESSION_ID', 'this-is-deprecated'), ('PATH', '/home/qianw/MATLAB/R2024b/bin/glnxa64/cmake/bin::/home/qianw/MATLAB/R2024b/sys/ros2/glnxa64/ros2/bin:/home/qianw/.matlab/R2024b/ros2/glnxa64/venv/bin:/home/qianw/.matlab/R2024b/ros2/glnxa64/venv/bin:/home/qianw/MATLAB/R2024b/toolbox/shared/coder/ninja/glnxa64:/home/qianw/.local/bin:/usr/local/sbin:/usr/local/bin:/usr/sbin:/usr/bin:/sbin:/bin:/usr/games:/usr/local/games:/snap/bin:/snap/bin'), ('SESSION_MANAGER', 'local/Loounx2:@/tmp/.ICE-unix/1589,unix/Loounx2:/tmp/.ICE-unix/1589'), ('XDG_MENU_PREFIX', 'gnome-'), ('GNOME_TERMINAL_SCREEN', '/org/gnome/Terminal/screen/922497a6_5b45_4398_b204_6fe39b82aae5'), ('GNOME_SETUP_DISPLAY', ':1'), ('XDG_RUNTIME_DIR', '/run/user/1000'), ('TOOLBOX', '/home/qianw/MATLAB/R2024b/toolbox'), ('MKL_DOMAIN_NUM_THREADS', ''), ('KMP_INIT_AT_FORK', 'false'), ('DISPLAY', ':0'), ('LD_PRELOAD', ''), ('LANG', 'en_US.UTF-8'), ('XDG_CURRENT_DESKTOP', 'ubuntu:GNOME'), ('PRE_LD_PRELOAD', ''), ('VIRTUAL_ENV_PROMPT', '(venv)'), ('XMODIFIERS', '@im=ibus'), ('XDG_SESSION_DESKTOP', 'ubuntu'), ('XAUTHORITY', '/run/user/1000/.mutter-Xwaylandauth.IGPZ42'), ('GNOME_TERMINAL_SERVICE', ':1.138'), ('SSH_AGENT_LAUNCHER', 'gnome-keyring'), ('SSH_AUTH_SOCK', '/run/user/1000/keyring/ssh'), ('AMENT_PREFIX_PATH', '/home/qianw/EECE5554/LAB4/src/matlab_msg_gen/glnxa64/install:/home/qianw/MATLAB/R2024b/sys/ros2/glnxa64/ros2:/home/qianw/MATLAB/R2024b/sys/ros2/glnxa64/ros2'), ('SHELL', '/bin/bash'), ('CMAKE_PATH', '/home/qianw/MATLAB/R2024b/bin/glnxa64/cmake/bin'), ('XFILESEARCHPATH', '/home/qianw/MATLAB/R2024b/sys/java/jre/glnxa64/jre/lib/locale/%L/%T/%N%S:'), ('QT_ACCESSIBILITY', '1'), ('GDMSESSION', 'ubuntu'), ('OSG_LD_LIBRARY_PATH', '/home/qianw/MATLAB/R2024b/sys/openscenegraph/lib/glnxa64'), ('VIRTUAL_ENV', '/home/qianw/.matlab/R2024b/ros2/glnxa64/venv'), ('CUSTOM_PATH', ''), ('KMP_STACKSIZE', '512k'), ('QT_IM_MODULE', 'ibus'), ('PWD', '/home/qianw/EECE5554/LAB4/src/matlab_msg_gen/glnxa64/build/imu_interface'), ('XDG_CONFIG_DIRS', '/etc/xdg/xdg-ubuntu:/etc/xdg'), ('DYLD_LIBRARY_PATH', ':/home/qianw/MATLAB/R2024b/sys/ros2/glnxa64/ros2/lib:'), ('DBUS_STARTER_ADDRESS', 'unix:path=/run/user/1000/bus,guid=05ca9b7e734973ff7170946067f5b6c6'), ('XDG_DATA_DIRS', '/usr/share/ubuntu:/usr/local/share/:/usr/share/:/var/lib/snapd/desktop'), ('MKL_NUM_THREADS', ''), ('MW_PATCH_OFFSETS', '0000117000002EA0'), ('PYTHONPATH', ':/home/qianw/MATLAB/R2024b/sys/ros2/glnxa64/ros2/lib/python3.9/site-packages:/home/qianw/.matlab/R2024b/ros2/glnxa64/venv/lib/python3.10/site-packages:'), ('LC_NUMERIC', 'C'), ('COLCON', '1'), ('VTE_VERSION', '6800'), ('CMAKE_PREFIX_PATH', '/home/qianw/EECE5554/LAB4/src/matlab_msg_gen/glnxa64/install:/home/qianw/MATLAB/R2024b/sys/ros2/glnxa64/ros2:/home/qianw/MATLAB/R2024b/sys/ros2/glnxa64/ros2')]), 'shell': False}
[3.963775] (imu_interface) StdoutLine: {'line': b'-- Install configuration: "Release"\n'}
[3.964189] (imu_interface) StdoutLine: {'line': b'-- Up-to-date: /home/qianw/EECE5554/LAB4/src/matlab_msg_gen/glnxa64/install/share/ament_index/resource_index/rosidl_interfaces/imu_interface\n'}
[3.964490] (imu_interface) StdoutLine: {'line': b'-- Up-to-date: /home/qianw/EECE5554/LAB4/src/matlab_msg_gen/glnxa64/install/include/imu_interface/imu_interface\n'}
[3.964604] (imu_interface) StdoutLine: {'line': b'-- Up-to-date: /home/qianw/EECE5554/LAB4/src/matlab_msg_gen/glnxa64/install/include/imu_interface/imu_interface/msg\n'}
[3.964730] (imu_interface) StdoutLine: {'line': b'-- Up-to-date: /home/qianw/EECE5554/LAB4/src/matlab_msg_gen/glnxa64/install/include/imu_interface/imu_interface/msg/detail\n'}
[3.964975] (imu_interface) StdoutLine: {'line': b'-- Up-to-date: /home/qianw/EECE5554/LAB4/src/matlab_msg_gen/glnxa64/install/include/imu_interface/imu_interface/msg/detail/im_umsg__struct.h\n'}
[3.965689] (imu_interface) StdoutLine: {'line': b'-- Up-to-date: /home/qianw/EECE5554/LAB4/src/matlab_msg_gen/glnxa64/install/include/imu_interface/imu_interface/msg/detail/im_umsg__type_support.h\n'}
[3.965973] (imu_interface) StdoutLine: {'line': b'-- Up-to-date: /home/qianw/EECE5554/LAB4/src/matlab_msg_gen/glnxa64/install/include/imu_interface/imu_interface/msg/detail/im_umsg__functions.h\n'}
[3.966205] (imu_interface) StdoutLine: {'line': b'-- Up-to-date: /home/qianw/EECE5554/LAB4/src/matlab_msg_gen/glnxa64/install/include/imu_interface/imu_interface/msg/detail/im_umsg__functions.c\n'}
[3.966366] (imu_interface) StdoutLine: {'line': b'-- Up-to-date: /home/qianw/EECE5554/LAB4/src/matlab_msg_gen/glnxa64/install/include/imu_interface/imu_interface/msg/rosidl_generator_c__visibility_control.h\n'}
[3.966632] (imu_interface) StdoutLine: {'line': b'-- Up-to-date: /home/qianw/EECE5554/LAB4/src/matlab_msg_gen/glnxa64/install/include/imu_interface/imu_interface/msg/im_umsg.h\n'}
[3.966753] (imu_interface) StdoutLine: {'line': b'-- Up-to-date: /home/qianw/EECE5554/LAB4/src/matlab_msg_gen/glnxa64/install/share/imu_interface/environment/library_path.sh\n'}
[3.966850] (imu_interface) StdoutLine: {'line': b'-- Installing: /home/qianw/EECE5554/LAB4/src/matlab_msg_gen/glnxa64/install/share/imu_interface/environment/library_path.dsv\n'}
[3.966943] (imu_interface) StdoutLine: {'line': b'-- Up-to-date: /home/qianw/EECE5554/LAB4/src/matlab_msg_gen/glnxa64/install/lib/libimu_interface__rosidl_generator_c.so\n'}
[3.967062] (imu_interface) StdoutLine: {'line': b'-- Up-to-date: /home/qianw/EECE5554/LAB4/src/matlab_msg_gen/glnxa64/install/include/imu_interface/imu_interface\n'}
[3.967176] (imu_interface) StdoutLine: {'line': b'-- Up-to-date: /home/qianw/EECE5554/LAB4/src/matlab_msg_gen/glnxa64/install/include/imu_interface/imu_interface/msg\n'}
[3.967395] (imu_interface) StdoutLine: {'line': b'-- Up-to-date: /home/qianw/EECE5554/LAB4/src/matlab_msg_gen/glnxa64/install/include/imu_interface/imu_interface/msg/detail\n'}
[3.967817] (-) TimerEvent: {}
[3.968098] (imu_interface) StdoutLine: {'line': b'-- Up-to-date: /home/qianw/EECE5554/LAB4/src/matlab_msg_gen/glnxa64/install/include/imu_interface/imu_interface/msg/detail/im_umsg__rosidl_typesupport_fastrtps_c.h\n'}
[3.968700] (imu_interface) StdoutLine: {'line': b'-- Up-to-date: /home/qianw/EECE5554/LAB4/src/matlab_msg_gen/glnxa64/install/include/imu_interface/imu_interface/msg/rosidl_typesupport_fastrtps_c__visibility_control.h\n'}
[3.969008] (imu_interface) StdoutLine: {'line': b'-- Up-to-date: /home/qianw/EECE5554/LAB4/src/matlab_msg_gen/glnxa64/install/lib/libimu_interface__rosidl_typesupport_fastrtps_c.so\n'}
[3.969247] (imu_interface) StdoutLine: {'line': b'-- Up-to-date: /home/qianw/EECE5554/LAB4/src/matlab_msg_gen/glnxa64/install/include/imu_interface/imu_interface\n'}
[3.969782] (imu_interface) StdoutLine: {'line': b'-- Up-to-date: /home/qianw/EECE5554/LAB4/src/matlab_msg_gen/glnxa64/install/include/imu_interface/imu_interface/msg\n'}
[3.969891] (imu_interface) StdoutLine: {'line': b'-- Up-to-date: /home/qianw/EECE5554/LAB4/src/matlab_msg_gen/glnxa64/install/include/imu_interface/imu_interface/msg/detail\n'}
[3.970025] (imu_interface) StdoutLine: {'line': b'-- Up-to-date: /home/qianw/EECE5554/LAB4/src/matlab_msg_gen/glnxa64/install/include/imu_interface/imu_interface/msg/detail/im_umsg__rosidl_typesupport_introspection_c.h\n'}
[3.973894] (imu_interface) StdoutLine: {'line': b'-- Up-to-date: /home/qianw/EECE5554/LAB4/src/matlab_msg_gen/glnxa64/install/include/imu_interface/imu_interface/msg/detail/im_umsg__type_support.c\n'}
[3.974015] (imu_interface) StdoutLine: {'line': b'-- Up-to-date: /home/qianw/EECE5554/LAB4/src/matlab_msg_gen/glnxa64/install/include/imu_interface/imu_interface/msg/rosidl_typesupport_introspection_c__visibility_control.h\n'}
[3.974123] (imu_interface) StdoutLine: {'line': b'-- Up-to-date: /home/qianw/EECE5554/LAB4/src/matlab_msg_gen/glnxa64/install/lib/libimu_interface__rosidl_typesupport_introspection_c.so\n'}
[3.974213] (imu_interface) StdoutLine: {'line': b'-- Up-to-date: /home/qianw/EECE5554/LAB4/src/matlab_msg_gen/glnxa64/install/lib/libimu_interface__rosidl_typesupport_c.so\n'}
[3.974300] (imu_interface) StdoutLine: {'line': b'-- Up-to-date: /home/qianw/EECE5554/LAB4/src/matlab_msg_gen/glnxa64/install/include/imu_interface/imu_interface\n'}
[3.974404] (imu_interface) StdoutLine: {'line': b'-- Up-to-date: /home/qianw/EECE5554/LAB4/src/matlab_msg_gen/glnxa64/install/include/imu_interface/imu_interface/msg\n'}
[3.974496] (imu_interface) StdoutLine: {'line': b'-- Up-to-date: /home/qianw/EECE5554/LAB4/src/matlab_msg_gen/glnxa64/install/include/imu_interface/imu_interface/msg/detail\n'}
[3.974583] (imu_interface) StdoutLine: {'line': b'-- Up-to-date: /home/qianw/EECE5554/LAB4/src/matlab_msg_gen/glnxa64/install/include/imu_interface/imu_interface/msg/detail/im_umsg__struct.hpp\n'}
[3.974667] (imu_interface) StdoutLine: {'line': b'-- Up-to-date: /home/qianw/EECE5554/LAB4/src/matlab_msg_gen/glnxa64/install/include/imu_interface/imu_interface/msg/detail/im_umsg__builder.hpp\n'}
[3.974764] (imu_interface) StdoutLine: {'line': b'-- Up-to-date: /home/qianw/EECE5554/LAB4/src/matlab_msg_gen/glnxa64/install/include/imu_interface/imu_interface/msg/detail/im_umsg__traits.hpp\n'}
[3.974851] (imu_interface) StdoutLine: {'line': b'-- Up-to-date: /home/qianw/EECE5554/LAB4/src/matlab_msg_gen/glnxa64/install/include/imu_interface/imu_interface/msg/im_umsg.hpp\n'}
[3.974936] (imu_interface) StdoutLine: {'line': b'-- Up-to-date: /home/qianw/EECE5554/LAB4/src/matlab_msg_gen/glnxa64/install/include/imu_interface/imu_interface\n'}
[3.975018] (imu_interface) StdoutLine: {'line': b'-- Up-to-date: /home/qianw/EECE5554/LAB4/src/matlab_msg_gen/glnxa64/install/include/imu_interface/imu_interface/msg\n'}
[3.975102] (imu_interface) StdoutLine: {'line': b'-- Up-to-date: /home/qianw/EECE5554/LAB4/src/matlab_msg_gen/glnxa64/install/include/imu_interface/imu_interface/msg/detail\n'}
[3.975366] (imu_interface) StdoutLine: {'line': b'-- Up-to-date: /home/qianw/EECE5554/LAB4/src/matlab_msg_gen/glnxa64/install/include/imu_interface/imu_interface/msg/detail/im_umsg__rosidl_typesupport_fastrtps_cpp.hpp\n'}
[3.975479] (imu_interface) StdoutLine: {'line': b'-- Up-to-date: /home/qianw/EECE5554/LAB4/src/matlab_msg_gen/glnxa64/install/include/imu_interface/imu_interface/msg/detail/dds_fastrtps\n'}
[3.975581] (imu_interface) StdoutLine: {'line': b'-- Up-to-date: /home/qianw/EECE5554/LAB4/src/matlab_msg_gen/glnxa64/install/include/imu_interface/imu_interface/msg/rosidl_typesupport_fastrtps_cpp__visibility_control.h\n'}
[3.975660] (imu_interface) StdoutLine: {'line': b'-- Up-to-date: /home/qianw/EECE5554/LAB4/src/matlab_msg_gen/glnxa64/install/lib/libimu_interface__rosidl_typesupport_fastrtps_cpp.so\n'}
[3.975742] (imu_interface) StdoutLine: {'line': b'-- Up-to-date: /home/qianw/EECE5554/LAB4/src/matlab_msg_gen/glnxa64/install/include/imu_interface/imu_interface\n'}
[3.975830] (imu_interface) StdoutLine: {'line': b'-- Up-to-date: /home/qianw/EECE5554/LAB4/src/matlab_msg_gen/glnxa64/install/include/imu_interface/imu_interface/msg\n'}
[3.975915] (imu_interface) StdoutLine: {'line': b'-- Up-to-date: /home/qianw/EECE5554/LAB4/src/matlab_msg_gen/glnxa64/install/include/imu_interface/imu_interface/msg/detail\n'}
[3.976002] (imu_interface) StdoutLine: {'line': b'-- Up-to-date: /home/qianw/EECE5554/LAB4/src/matlab_msg_gen/glnxa64/install/include/imu_interface/imu_interface/msg/detail/im_umsg__rosidl_typesupport_introspection_cpp.hpp\n'}
[3.976092] (imu_interface) StdoutLine: {'line': b'-- Up-to-date: /home/qianw/EECE5554/LAB4/src/matlab_msg_gen/glnxa64/install/include/imu_interface/imu_interface/msg/detail/im_umsg__type_support.cpp\n'}
[3.976177] (imu_interface) StdoutLine: {'line': b'-- Up-to-date: /home/qianw/EECE5554/LAB4/src/matlab_msg_gen/glnxa64/install/lib/libimu_interface__rosidl_typesupport_introspection_cpp.so\n'}
[3.976360] (imu_interface) StdoutLine: {'line': b'-- Up-to-date: /home/qianw/EECE5554/LAB4/src/matlab_msg_gen/glnxa64/install/lib/libimu_interface__rosidl_typesupport_cpp.so\n'}
[3.976473] (imu_interface) StdoutLine: {'line': b'-- Up-to-date: /home/qianw/EECE5554/LAB4/src/matlab_msg_gen/glnxa64/install/share/imu_interface/msg/IMUmsg.idl\n'}
[3.976553] (imu_interface) StdoutLine: {'line': b'-- Up-to-date: /home/qianw/EECE5554/LAB4/src/matlab_msg_gen/glnxa64/install/share/imu_interface/msg/IMUmsg.msg\n'}
[3.976654] (imu_interface) StdoutLine: {'line': b'-- Up-to-date: /home/qianw/EECE5554/LAB4/src/matlab_msg_gen/glnxa64/install/include\n'}
[3.976735] (imu_interface) StdoutLine: {'line': b'-- Up-to-date: /home/qianw/EECE5554/LAB4/src/matlab_msg_gen/glnxa64/install/include/imu_interface\n'}
[3.976822] (imu_interface) StdoutLine: {'line': b'-- Up-to-date: /home/qianw/EECE5554/LAB4/src/matlab_msg_gen/glnxa64/install/include/imu_interface/visibility_control.h\n'}
[3.976901] (imu_interface) StdoutLine: {'line': b'-- Up-to-date: /home/qianw/EECE5554/LAB4/src/matlab_msg_gen/glnxa64/install/lib/libimu_interface_matlab.so\n'}
[3.976990] (imu_interface) StdoutLine: {'line': b'-- Up-to-date: /home/qianw/EECE5554/LAB4/src/matlab_msg_gen/glnxa64/install/m/\n'}
[3.977079] (imu_interface) StdoutLine: {'line': b'-- Up-to-date: /home/qianw/EECE5554/LAB4/src/matlab_msg_gen/glnxa64/install/m//+ros\n'}
[3.977182] (imu_interface) StdoutLine: {'line': b'-- Up-to-date: /home/qianw/EECE5554/LAB4/src/matlab_msg_gen/glnxa64/install/m//+ros/+internal\n'}
[3.977271] (imu_interface) StdoutLine: {'line': b'-- Up-to-date: /home/qianw/EECE5554/LAB4/src/matlab_msg_gen/glnxa64/install/m//+ros/+internal/+ros2\n'}
[3.977445] (imu_interface) StdoutLine: {'line': b'-- Up-to-date: /home/qianw/EECE5554/LAB4/src/matlab_msg_gen/glnxa64/install/m//+ros/+internal/+ros2/+custommessages\n'}
[3.977534] (imu_interface) StdoutLine: {'line': b'-- Up-to-date: /home/qianw/EECE5554/LAB4/src/matlab_msg_gen/glnxa64/install/m//+ros/+internal/+ros2/+custommessages/+imu_interface\n'}
[3.977625] (imu_interface) StdoutLine: {'line': b'-- Up-to-date: /home/qianw/EECE5554/LAB4/src/matlab_msg_gen/glnxa64/install/m//+ros/+internal/+ros2/+custommessages/+imu_interface/iMUmsg.m\n'}
[3.977727] (imu_interface) StdoutLine: {'line': b'-- Up-to-date: /home/qianw/EECE5554/LAB4/src/matlab_msg_gen/glnxa64/install/share/ament_index/resource_index/package_run_dependencies/imu_interface\n'}
[3.977822] (imu_interface) StdoutLine: {'line': b'-- Up-to-date: /home/qianw/EECE5554/LAB4/src/matlab_msg_gen/glnxa64/install/share/ament_index/resource_index/parent_prefix_path/imu_interface\n'}
[3.977912] (imu_interface) StdoutLine: {'line': b'-- Up-to-date: /home/qianw/EECE5554/LAB4/src/matlab_msg_gen/glnxa64/install/share/imu_interface/environment/ament_prefix_path.sh\n'}
[3.977998] (imu_interface) StdoutLine: {'line': b'-- Installing: /home/qianw/EECE5554/LAB4/src/matlab_msg_gen/glnxa64/install/share/imu_interface/environment/ament_prefix_path.dsv\n'}
[3.978089] (imu_interface) StdoutLine: {'line': b'-- Up-to-date: /home/qianw/EECE5554/LAB4/src/matlab_msg_gen/glnxa64/install/share/imu_interface/environment/path.sh\n'}
[3.978259] (imu_interface) StdoutLine: {'line': b'-- Installing: /home/qianw/EECE5554/LAB4/src/matlab_msg_gen/glnxa64/install/share/imu_interface/environment/path.dsv\n'}
[3.978362] (imu_interface) StdoutLine: {'line': b'-- Up-to-date: /home/qianw/EECE5554/LAB4/src/matlab_msg_gen/glnxa64/install/share/imu_interface/local_setup.bash\n'}
[3.978463] (imu_interface) StdoutLine: {'line': b'-- Up-to-date: /home/qianw/EECE5554/LAB4/src/matlab_msg_gen/glnxa64/install/share/imu_interface/local_setup.sh\n'}
[3.978550] (imu_interface) StdoutLine: {'line': b'-- Up-to-date: /home/qianw/EECE5554/LAB4/src/matlab_msg_gen/glnxa64/install/share/imu_interface/local_setup.zsh\n'}
[3.978637] (imu_interface) StdoutLine: {'line': b'-- Installing: /home/qianw/EECE5554/LAB4/src/matlab_msg_gen/glnxa64/install/share/imu_interface/local_setup.dsv\n'}
[3.978733] (imu_interface) StdoutLine: {'line': b'-- Installing: /home/qianw/EECE5554/LAB4/src/matlab_msg_gen/glnxa64/install/share/imu_interface/package.dsv\n'}
[3.978824] (imu_interface) StdoutLine: {'line': b'-- Up-to-date: /home/qianw/EECE5554/LAB4/src/matlab_msg_gen/glnxa64/install/share/ament_index/resource_index/packages/imu_interface\n'}
[3.982518] (imu_interface) StdoutLine: {'line': b'-- Up-to-date: /home/qianw/EECE5554/LAB4/src/matlab_msg_gen/glnxa64/install/share/imu_interface/cmake/export_imu_interface__rosidl_generator_cExport.cmake\n'}
[3.982753] (imu_interface) StdoutLine: {'line': b'-- Up-to-date: /home/qianw/EECE5554/LAB4/src/matlab_msg_gen/glnxa64/install/share/imu_interface/cmake/export_imu_interface__rosidl_generator_cExport-release.cmake\n'}
[3.983431] (imu_interface) StdoutLine: {'line': b'-- Up-to-date: /home/qianw/EECE5554/LAB4/src/matlab_msg_gen/glnxa64/install/share/imu_interface/cmake/export_imu_interface__rosidl_typesupport_fastrtps_cExport.cmake\n'}
[3.983703] (imu_interface) StdoutLine: {'line': b'-- Up-to-date: /home/qianw/EECE5554/LAB4/src/matlab_msg_gen/glnxa64/install/share/imu_interface/cmake/export_imu_interface__rosidl_typesupport_fastrtps_cExport-release.cmake\n'}
[3.984476] (imu_interface) StdoutLine: {'line': b'-- Up-to-date: /home/qianw/EECE5554/LAB4/src/matlab_msg_gen/glnxa64/install/share/imu_interface/cmake/imu_interface__rosidl_typesupport_introspection_cExport.cmake\n'}
[3.985046] (imu_interface) StdoutLine: {'line': b'-- Up-to-date: /home/qianw/EECE5554/LAB4/src/matlab_msg_gen/glnxa64/install/share/imu_interface/cmake/imu_interface__rosidl_typesupport_introspection_cExport-release.cmake\n'}
[3.985587] (imu_interface) StdoutLine: {'line': b'-- Up-to-date: /home/qianw/EECE5554/LAB4/src/matlab_msg_gen/glnxa64/install/share/imu_interface/cmake/imu_interface__rosidl_typesupport_cExport.cmake\n'}
[3.985863] (imu_interface) StdoutLine: {'line': b'-- Up-to-date: /home/qianw/EECE5554/LAB4/src/matlab_msg_gen/glnxa64/install/share/imu_interface/cmake/imu_interface__rosidl_typesupport_cExport-release.cmake\n'}
[3.986497] (imu_interface) StdoutLine: {'line': b'-- Up-to-date: /home/qianw/EECE5554/LAB4/src/matlab_msg_gen/glnxa64/install/share/imu_interface/cmake/export_imu_interface__rosidl_generator_cppExport.cmake\n'}
[3.987199] (imu_interface) StdoutLine: {'line': b'-- Up-to-date: /home/qianw/EECE5554/LAB4/src/matlab_msg_gen/glnxa64/install/share/imu_interface/cmake/export_imu_interface__rosidl_typesupport_fastrtps_cppExport.cmake\n'}
[3.987408] (imu_interface) StdoutLine: {'line': b'-- Up-to-date: /home/qianw/EECE5554/LAB4/src/matlab_msg_gen/glnxa64/install/share/imu_interface/cmake/export_imu_interface__rosidl_typesupport_fastrtps_cppExport-release.cmake\n'}
[3.988071] (imu_interface) StdoutLine: {'line': b'-- Up-to-date: /home/qianw/EECE5554/LAB4/src/matlab_msg_gen/glnxa64/install/share/imu_interface/cmake/imu_interface__rosidl_typesupport_introspection_cppExport.cmake\n'}
[3.988249] (imu_interface) StdoutLine: {'line': b'-- Up-to-date: /home/qianw/EECE5554/LAB4/src/matlab_msg_gen/glnxa64/install/share/imu_interface/cmake/imu_interface__rosidl_typesupport_introspection_cppExport-release.cmake\n'}
[3.988793] (imu_interface) StdoutLine: {'line': b'-- Up-to-date: /home/qianw/EECE5554/LAB4/src/matlab_msg_gen/glnxa64/install/share/imu_interface/cmake/imu_interface__rosidl_typesupport_cppExport.cmake\n'}
[3.988998] (imu_interface) StdoutLine: {'line': b'-- Up-to-date: /home/qianw/EECE5554/LAB4/src/matlab_msg_gen/glnxa64/install/share/imu_interface/cmake/imu_interface__rosidl_typesupport_cppExport-release.cmake\n'}
[3.989266] (imu_interface) StdoutLine: {'line': b'-- Up-to-date: /home/qianw/EECE5554/LAB4/src/matlab_msg_gen/glnxa64/install/share/imu_interface/cmake/rosidl_cmake-extras.cmake\n'}
[3.989675] (imu_interface) StdoutLine: {'line': b'-- Up-to-date: /home/qianw/EECE5554/LAB4/src/matlab_msg_gen/glnxa64/install/share/imu_interface/cmake/ament_cmake_export_dependencies-extras.cmake\n'}
[3.989800] (imu_interface) StdoutLine: {'line': b'-- Up-to-date: /home/qianw/EECE5554/LAB4/src/matlab_msg_gen/glnxa64/install/share/imu_interface/cmake/ament_cmake_export_include_directories-extras.cmake\n'}
[3.989944] (imu_interface) StdoutLine: {'line': b'-- Up-to-date: /home/qianw/EECE5554/LAB4/src/matlab_msg_gen/glnxa64/install/share/imu_interface/cmake/ament_cmake_export_libraries-extras.cmake\n'}
[3.990072] (imu_interface) StdoutLine: {'line': b'-- Up-to-date: /home/qianw/EECE5554/LAB4/src/matlab_msg_gen/glnxa64/install/share/imu_interface/cmake/ament_cmake_export_targets-extras.cmake\n'}
[3.990411] (imu_interface) StdoutLine: {'line': b'-- Up-to-date: /home/qianw/EECE5554/LAB4/src/matlab_msg_gen/glnxa64/install/share/imu_interface/cmake/rosidl_cmake_export_typesupport_targets-extras.cmake\n'}
[3.990582] (imu_interface) StdoutLine: {'line': b'-- Up-to-date: /home/qianw/EECE5554/LAB4/src/matlab_msg_gen/glnxa64/install/share/imu_interface/cmake/rosidl_cmake_export_typesupport_libraries-extras.cmake\n'}
[3.990682] (imu_interface) StdoutLine: {'line': b'-- Up-to-date: /home/qianw/EECE5554/LAB4/src/matlab_msg_gen/glnxa64/install/share/imu_interface/cmake/imu_interfaceConfig.cmake\n'}
[3.990792] (imu_interface) StdoutLine: {'line': b'-- Up-to-date: /home/qianw/EECE5554/LAB4/src/matlab_msg_gen/glnxa64/install/share/imu_interface/cmake/imu_interfaceConfig-version.cmake\n'}
[3.990909] (imu_interface) StdoutLine: {'line': b'-- Installing: /home/qianw/EECE5554/LAB4/src/matlab_msg_gen/glnxa64/install/share/imu_interface/package.xml\n'}
[3.997403] (imu_interface) CommandEnded: {'returncode': 0}
[4.068199] (-) TimerEvent: {}
[4.160251] (imu_interface) JobEnded: {'identifier': 'imu_interface', 'rc': 0}
[4.162042] (-) EventReactorShutdown: {}
