[0.029s] Invoking command in '/home/qianw/EECE5554/LAB4/src/build/imu_interface': CMAKE_PREFIX_PATH=/opt/ros/humble /usr/bin/cmake --build /home/qianw/EECE5554/LAB4/src/build/imu_interface -- -j8 -l8
[0.090s] [35m[1mConsolidate compiler generated dependencies of target imu_interface__rosidl_generator_c[0m
[0.109s] [  9%] Built target imu_interface__rosidl_generator_c
[0.109s] [ 12%] Built target imu_interface__cpp
[0.134s] [ 12%] Built target ament_cmake_python_copy_imu_interface
[0.136s] [35m[1mConsolidate compiler generated dependencies of target imu_interface__rosidl_typesupport_fastrtps_c[0m
[0.136s] [35m[1mConsolidate compiler generated dependencies of target imu_interface__rosidl_typesupport_introspection_c[0m
[0.137s] [35m[1mConsolidate compiler generated dependencies of target imu_interface__rosidl_typesupport_c[0m
[0.141s] [35m[1mConsolidate compiler generated dependencies of target imu_interface__rosidl_typesupport_introspection_cpp[0m
[0.167s] [ 22%] Built target imu_interface__rosidl_typesupport_fastrtps_c
[0.171s] [ 32%] Built target imu_interface__rosidl_typesupport_introspection_c
[0.171s] [35m[1mConsolidate compiler generated dependencies of target imu_interface__rosidl_typesupport_cpp[0m
[0.175s] [ 41%] Built target imu_interface__rosidl_typesupport_c
[0.176s] [35m[1mConsolidate compiler generated dependencies of target imu_interface__rosidl_typesupport_fastrtps_cpp[0m
[0.182s] [ 51%] Built target imu_interface__rosidl_typesupport_introspection_cpp
[0.192s] [ 61%] Built target imu_interface__rosidl_typesupport_cpp
[0.200s] [ 70%] Built target imu_interface__rosidl_typesupport_fastrtps_cpp
[0.235s] [ 70%] Built target imu_interface
[0.270s] [ 74%] Built target imu_interface__py
[0.288s] [35m[1mConsolidate compiler generated dependencies of target imu_interface__rosidl_generator_py[0m
[0.307s] [ 80%] Built target imu_interface__rosidl_generator_py
[0.323s] [35m[1mConsolidate compiler generated dependencies of target imu_interface__rosidl_typesupport_introspection_c__pyext[0m
[0.328s] [35m[1mConsolidate compiler generated dependencies of target imu_interface__rosidl_typesupport_fastrtps_c__pyext[0m
[0.329s] [35m[1mConsolidate compiler generated dependencies of target imu_interface__rosidl_typesupport_c__pyext[0m
[0.347s] [ 87%] Built target imu_interface__rosidl_typesupport_introspection_c__pyext
[0.352s] [ 93%] Built target imu_interface__rosidl_typesupport_c__pyext
[0.356s] [100%] Built target imu_interface__rosidl_typesupport_fastrtps_c__pyext
[0.583s] running egg_info
[0.585s] writing imu_interface.egg-info/PKG-INFO
[0.585s] writing dependency_links to imu_interface.egg-info/dependency_links.txt
[0.586s] writing top-level names to imu_interface.egg-info/top_level.txt
[0.591s] reading manifest file 'imu_interface.egg-info/SOURCES.txt'
[0.591s] writing manifest file 'imu_interface.egg-info/SOURCES.txt'
[0.631s] [100%] Built target ament_cmake_python_build_imu_interface_egg
[0.662s] Invoked command in '/home/qianw/EECE5554/LAB4/src/build/imu_interface' returned '0': CMAKE_PREFIX_PATH=/opt/ros/humble /usr/bin/cmake --build /home/qianw/EECE5554/LAB4/src/build/imu_interface -- -j8 -l8
[0.665s] Invoking command in '/home/qianw/EECE5554/LAB4/src/build/imu_interface': CMAKE_PREFIX_PATH=/opt/ros/humble /usr/bin/cmake --install /home/qianw/EECE5554/LAB4/src/build/imu_interface
[0.681s] -- Install configuration: ""
[0.682s] -- Up-to-date: /home/qianw/EECE5554/LAB4/src/install/imu_interface/share/ament_index/resource_index/rosidl_interfaces/imu_interface
[0.682s] -- Up-to-date: /home/qianw/EECE5554/LAB4/src/install/imu_interface/include/imu_interface/imu_interface
[0.682s] -- Up-to-date: /home/qianw/EECE5554/LAB4/src/install/imu_interface/include/imu_interface/imu_interface/msg
[0.682s] -- Up-to-date: /home/qianw/EECE5554/LAB4/src/install/imu_interface/include/imu_interface/imu_interface/msg/detail
[0.682s] -- Up-to-date: /home/qianw/EECE5554/LAB4/src/install/imu_interface/include/imu_interface/imu_interface/msg/detail/im_umsg__struct.h
[0.682s] -- Up-to-date: /home/qianw/EECE5554/LAB4/src/install/imu_interface/include/imu_interface/imu_interface/msg/detail/im_umsg__type_support.h
[0.683s] -- Up-to-date: /home/qianw/EECE5554/LAB4/src/install/imu_interface/include/imu_interface/imu_interface/msg/detail/im_umsg__functions.h
[0.683s] -- Up-to-date: /home/qianw/EECE5554/LAB4/src/install/imu_interface/include/imu_interface/imu_interface/msg/detail/im_umsg__functions.c
[0.683s] -- Up-to-date: /home/qianw/EECE5554/LAB4/src/install/imu_interface/include/imu_interface/imu_interface/msg/rosidl_generator_c__visibility_control.h
[0.683s] -- Up-to-date: /home/qianw/EECE5554/LAB4/src/install/imu_interface/include/imu_interface/imu_interface/msg/im_umsg.h
[0.685s] -- Up-to-date: /home/qianw/EECE5554/LAB4/src/install/imu_interface/share/imu_interface/environment/library_path.sh
[0.685s] -- Up-to-date: /home/qianw/EECE5554/LAB4/src/install/imu_interface/share/imu_interface/environment/library_path.dsv
[0.685s] -- Up-to-date: /home/qianw/EECE5554/LAB4/src/install/imu_interface/lib/libimu_interface__rosidl_generator_c.so
[0.685s] -- Up-to-date: /home/qianw/EECE5554/LAB4/src/install/imu_interface/include/imu_interface/imu_interface
[0.685s] -- Up-to-date: /home/qianw/EECE5554/LAB4/src/install/imu_interface/include/imu_interface/imu_interface/msg
[0.685s] -- Up-to-date: /home/qianw/EECE5554/LAB4/src/install/imu_interface/include/imu_interface/imu_interface/msg/detail
[0.685s] -- Up-to-date: /home/qianw/EECE5554/LAB4/src/install/imu_interface/include/imu_interface/imu_interface/msg/detail/im_umsg__rosidl_typesupport_fastrtps_c.h
[0.685s] -- Up-to-date: /home/qianw/EECE5554/LAB4/src/install/imu_interface/include/imu_interface/imu_interface/msg/rosidl_typesupport_fastrtps_c__visibility_control.h
[0.686s] -- Up-to-date: /home/qianw/EECE5554/LAB4/src/install/imu_interface/lib/libimu_interface__rosidl_typesupport_fastrtps_c.so
[0.686s] -- Up-to-date: /home/qianw/EECE5554/LAB4/src/install/imu_interface/include/imu_interface/imu_interface
[0.686s] -- Up-to-date: /home/qianw/EECE5554/LAB4/src/install/imu_interface/include/imu_interface/imu_interface/msg
[0.686s] -- Up-to-date: /home/qianw/EECE5554/LAB4/src/install/imu_interface/include/imu_interface/imu_interface/msg/rosidl_generator_cpp__visibility_control.hpp
[0.686s] -- Up-to-date: /home/qianw/EECE5554/LAB4/src/install/imu_interface/include/imu_interface/imu_interface/msg/detail
[0.686s] -- Up-to-date: /home/qianw/EECE5554/LAB4/src/install/imu_interface/include/imu_interface/imu_interface/msg/detail/im_umsg__struct.hpp
[0.686s] -- Up-to-date: /home/qianw/EECE5554/LAB4/src/install/imu_interface/include/imu_interface/imu_interface/msg/detail/im_umsg__builder.hpp
[0.686s] -- Up-to-date: /home/qianw/EECE5554/LAB4/src/install/imu_interface/include/imu_interface/imu_interface/msg/detail/im_umsg__type_support.hpp
[0.686s] -- Up-to-date: /home/qianw/EECE5554/LAB4/src/install/imu_interface/include/imu_interface/imu_interface/msg/detail/im_umsg__traits.hpp
[0.686s] -- Up-to-date: /home/qianw/EECE5554/LAB4/src/install/imu_interface/include/imu_interface/imu_interface/msg/im_umsg.hpp
[0.686s] -- Up-to-date: /home/qianw/EECE5554/LAB4/src/install/imu_interface/include/imu_interface/imu_interface
[0.687s] -- Up-to-date: /home/qianw/EECE5554/LAB4/src/install/imu_interface/include/imu_interface/imu_interface/msg
[0.687s] -- Up-to-date: /home/qianw/EECE5554/LAB4/src/install/imu_interface/include/imu_interface/imu_interface/msg/detail
[0.687s] -- Up-to-date: /home/qianw/EECE5554/LAB4/src/install/imu_interface/include/imu_interface/imu_interface/msg/detail/im_umsg__rosidl_typesupport_fastrtps_cpp.hpp
[0.687s] -- Up-to-date: /home/qianw/EECE5554/LAB4/src/install/imu_interface/include/imu_interface/imu_interface/msg/detail/dds_fastrtps
[0.687s] -- Up-to-date: /home/qianw/EECE5554/LAB4/src/install/imu_interface/include/imu_interface/imu_interface/msg/rosidl_typesupport_fastrtps_cpp__visibility_control.h
[0.687s] -- Up-to-date: /home/qianw/EECE5554/LAB4/src/install/imu_interface/lib/libimu_interface__rosidl_typesupport_fastrtps_cpp.so
[0.687s] -- Up-to-date: /home/qianw/EECE5554/LAB4/src/install/imu_interface/include/imu_interface/imu_interface
[0.688s] -- Up-to-date: /home/qianw/EECE5554/LAB4/src/install/imu_interface/include/imu_interface/imu_interface/msg
[0.688s] -- Up-to-date: /home/qianw/EECE5554/LAB4/src/install/imu_interface/include/imu_interface/imu_interface/msg/detail
[0.688s] -- Up-to-date: /home/qianw/EECE5554/LAB4/src/install/imu_interface/include/imu_interface/imu_interface/msg/detail/im_umsg__rosidl_typesupport_introspection_c.h
[0.688s] -- Up-to-date: /home/qianw/EECE5554/LAB4/src/install/imu_interface/include/imu_interface/imu_interface/msg/detail/im_umsg__type_support.c
[0.688s] -- Up-to-date: /home/qianw/EECE5554/LAB4/src/install/imu_interface/include/imu_interface/imu_interface/msg/rosidl_typesupport_introspection_c__visibility_control.h
[0.688s] -- Up-to-date: /home/qianw/EECE5554/LAB4/src/install/imu_interface/lib/libimu_interface__rosidl_typesupport_introspection_c.so
[0.690s] -- Up-to-date: /home/qianw/EECE5554/LAB4/src/install/imu_interface/lib/libimu_interface__rosidl_typesupport_c.so
[0.690s] -- Up-to-date: /home/qianw/EECE5554/LAB4/src/install/imu_interface/include/imu_interface/imu_interface
[0.691s] -- Up-to-date: /home/qianw/EECE5554/LAB4/src/install/imu_interface/include/imu_interface/imu_interface/msg
[0.691s] -- Up-to-date: /home/qianw/EECE5554/LAB4/src/install/imu_interface/include/imu_interface/imu_interface/msg/detail
[0.691s] -- Up-to-date: /home/qianw/EECE5554/LAB4/src/install/imu_interface/include/imu_interface/imu_interface/msg/detail/im_umsg__rosidl_typesupport_introspection_cpp.hpp
[0.691s] -- Up-to-date: /home/qianw/EECE5554/LAB4/src/install/imu_interface/include/imu_interface/imu_interface/msg/detail/im_umsg__type_support.cpp
[0.692s] -- Up-to-date: /home/qianw/EECE5554/LAB4/src/install/imu_interface/lib/libimu_interface__rosidl_typesupport_introspection_cpp.so
[0.692s] -- Up-to-date: /home/qianw/EECE5554/LAB4/src/install/imu_interface/lib/libimu_interface__rosidl_typesupport_cpp.so
[0.692s] -- Up-to-date: /home/qianw/EECE5554/LAB4/src/install/imu_interface/share/imu_interface/environment/pythonpath.sh
[0.692s] -- Up-to-date: /home/qianw/EECE5554/LAB4/src/install/imu_interface/share/imu_interface/environment/pythonpath.dsv
[0.693s] -- Up-to-date: /home/qianw/EECE5554/LAB4/src/install/imu_interface/local/lib/python3.10/dist-packages/imu_interface-0.0.0-py3.10.egg-info
[0.693s] -- Installing: /home/qianw/EECE5554/LAB4/src/install/imu_interface/local/lib/python3.10/dist-packages/imu_interface-0.0.0-py3.10.egg-info/PKG-INFO
[0.693s] -- Installing: /home/qianw/EECE5554/LAB4/src/install/imu_interface/local/lib/python3.10/dist-packages/imu_interface-0.0.0-py3.10.egg-info/top_level.txt
[0.693s] -- Installing: /home/qianw/EECE5554/LAB4/src/install/imu_interface/local/lib/python3.10/dist-packages/imu_interface-0.0.0-py3.10.egg-info/dependency_links.txt
[0.693s] -- Installing: /home/qianw/EECE5554/LAB4/src/install/imu_interface/local/lib/python3.10/dist-packages/imu_interface-0.0.0-py3.10.egg-info/SOURCES.txt
[0.694s] -- Up-to-date: /home/qianw/EECE5554/LAB4/src/install/imu_interface/local/lib/python3.10/dist-packages/imu_interface
[0.694s] -- Up-to-date: /home/qianw/EECE5554/LAB4/src/install/imu_interface/local/lib/python3.10/dist-packages/imu_interface/libimu_interface__rosidl_generator_py.so
[0.694s] -- Up-to-date: /home/qianw/EECE5554/LAB4/src/install/imu_interface/local/lib/python3.10/dist-packages/imu_interface/imu_interface_s__rosidl_typesupport_fastrtps_c.cpython-310-x86_64-linux-gnu.so
[0.694s] -- Up-to-date: /home/qianw/EECE5554/LAB4/src/install/imu_interface/local/lib/python3.10/dist-packages/imu_interface/_imu_interface_s.ep.rosidl_typesupport_c.c
[0.694s] -- Up-to-date: /home/qianw/EECE5554/LAB4/src/install/imu_interface/local/lib/python3.10/dist-packages/imu_interface/_imu_interface_s.ep.rosidl_typesupport_fastrtps_c.c
[0.694s] -- Up-to-date: /home/qianw/EECE5554/LAB4/src/install/imu_interface/local/lib/python3.10/dist-packages/imu_interface/imu_interface_s__rosidl_typesupport_c.cpython-310-x86_64-linux-gnu.so
[0.694s] -- Up-to-date: /home/qianw/EECE5554/LAB4/src/install/imu_interface/local/lib/python3.10/dist-packages/imu_interface/__init__.py
[0.695s] -- Up-to-date: /home/qianw/EECE5554/LAB4/src/install/imu_interface/local/lib/python3.10/dist-packages/imu_interface/_imu_interface_s.ep.rosidl_typesupport_introspection_c.c
[0.695s] -- Up-to-date: /home/qianw/EECE5554/LAB4/src/install/imu_interface/local/lib/python3.10/dist-packages/imu_interface/imu_interface_s__rosidl_typesupport_introspection_c.cpython-310-x86_64-linux-gnu.so
[0.695s] -- Up-to-date: /home/qianw/EECE5554/LAB4/src/install/imu_interface/local/lib/python3.10/dist-packages/imu_interface/msg
[0.695s] -- Up-to-date: /home/qianw/EECE5554/LAB4/src/install/imu_interface/local/lib/python3.10/dist-packages/imu_interface/msg/_im_umsg.py
[0.695s] -- Up-to-date: /home/qianw/EECE5554/LAB4/src/install/imu_interface/local/lib/python3.10/dist-packages/imu_interface/msg/__init__.py
[0.695s] -- Up-to-date: /home/qianw/EECE5554/LAB4/src/install/imu_interface/local/lib/python3.10/dist-packages/imu_interface/msg/_im_umsg_s.c
[0.737s] Listing '/home/qianw/EECE5554/LAB4/src/install/imu_interface/local/lib/python3.10/dist-packages/imu_interface'...
[0.737s] Listing '/home/qianw/EECE5554/LAB4/src/install/imu_interface/local/lib/python3.10/dist-packages/imu_interface/msg'...
[0.747s] -- Up-to-date: /home/qianw/EECE5554/LAB4/src/install/imu_interface/local/lib/python3.10/dist-packages/imu_interface/imu_interface_s__rosidl_typesupport_fastrtps_c.cpython-310-x86_64-linux-gnu.so
[0.749s] -- Up-to-date: /home/qianw/EECE5554/LAB4/src/install/imu_interface/local/lib/python3.10/dist-packages/imu_interface/imu_interface_s__rosidl_typesupport_introspection_c.cpython-310-x86_64-linux-gnu.so
[0.749s] -- Up-to-date: /home/qianw/EECE5554/LAB4/src/install/imu_interface/local/lib/python3.10/dist-packages/imu_interface/imu_interface_s__rosidl_typesupport_c.cpython-310-x86_64-linux-gnu.so
[0.750s] -- Up-to-date: /home/qianw/EECE5554/LAB4/src/install/imu_interface/lib/libimu_interface__rosidl_generator_py.so
[0.750s] -- Up-to-date: /home/qianw/EECE5554/LAB4/src/install/imu_interface/share/imu_interface/msg/IMUmsg.idl
[0.750s] -- Up-to-date: /home/qianw/EECE5554/LAB4/src/install/imu_interface/share/imu_interface/msg/IMUmsg.msg
[0.750s] -- Up-to-date: /home/qianw/EECE5554/LAB4/src/install/imu_interface/share/ament_index/resource_index/package_run_dependencies/imu_interface
[0.750s] -- Up-to-date: /home/qianw/EECE5554/LAB4/src/install/imu_interface/share/ament_index/resource_index/parent_prefix_path/imu_interface
[0.751s] -- Up-to-date: /home/qianw/EECE5554/LAB4/src/install/imu_interface/share/imu_interface/environment/ament_prefix_path.sh
[0.751s] -- Up-to-date: /home/qianw/EECE5554/LAB4/src/install/imu_interface/share/imu_interface/environment/ament_prefix_path.dsv
[0.752s] -- Up-to-date: /home/qianw/EECE5554/LAB4/src/install/imu_interface/share/imu_interface/environment/path.sh
[0.752s] -- Up-to-date: /home/qianw/EECE5554/LAB4/src/install/imu_interface/share/imu_interface/environment/path.dsv
[0.752s] -- Up-to-date: /home/qianw/EECE5554/LAB4/src/install/imu_interface/share/imu_interface/local_setup.bash
[0.752s] -- Up-to-date: /home/qianw/EECE5554/LAB4/src/install/imu_interface/share/imu_interface/local_setup.sh
[0.753s] -- Up-to-date: /home/qianw/EECE5554/LAB4/src/install/imu_interface/share/imu_interface/local_setup.zsh
[0.753s] -- Up-to-date: /home/qianw/EECE5554/LAB4/src/install/imu_interface/share/imu_interface/local_setup.dsv
[0.753s] -- Installing: /home/qianw/EECE5554/LAB4/src/install/imu_interface/share/imu_interface/package.dsv
[0.754s] -- Up-to-date: /home/qianw/EECE5554/LAB4/src/install/imu_interface/share/ament_index/resource_index/packages/imu_interface
[0.755s] -- Up-to-date: /home/qianw/EECE5554/LAB4/src/install/imu_interface/share/imu_interface/cmake/export_imu_interface__rosidl_generator_cExport.cmake
[0.755s] -- Up-to-date: /home/qianw/EECE5554/LAB4/src/install/imu_interface/share/imu_interface/cmake/export_imu_interface__rosidl_generator_cExport-noconfig.cmake
[0.755s] -- Up-to-date: /home/qianw/EECE5554/LAB4/src/install/imu_interface/share/imu_interface/cmake/export_imu_interface__rosidl_typesupport_fastrtps_cExport.cmake
[0.755s] -- Up-to-date: /home/qianw/EECE5554/LAB4/src/install/imu_interface/share/imu_interface/cmake/export_imu_interface__rosidl_typesupport_fastrtps_cExport-noconfig.cmake
[0.755s] -- Up-to-date: /home/qianw/EECE5554/LAB4/src/install/imu_interface/share/imu_interface/cmake/export_imu_interface__rosidl_generator_cppExport.cmake
[0.755s] -- Up-to-date: /home/qianw/EECE5554/LAB4/src/install/imu_interface/share/imu_interface/cmake/export_imu_interface__rosidl_typesupport_fastrtps_cppExport.cmake
[0.756s] -- Up-to-date: /home/qianw/EECE5554/LAB4/src/install/imu_interface/share/imu_interface/cmake/export_imu_interface__rosidl_typesupport_fastrtps_cppExport-noconfig.cmake
[0.756s] -- Up-to-date: /home/qianw/EECE5554/LAB4/src/install/imu_interface/share/imu_interface/cmake/imu_interface__rosidl_typesupport_introspection_cExport.cmake
[0.756s] -- Up-to-date: /home/qianw/EECE5554/LAB4/src/install/imu_interface/share/imu_interface/cmake/imu_interface__rosidl_typesupport_introspection_cExport-noconfig.cmake
[0.756s] -- Up-to-date: /home/qianw/EECE5554/LAB4/src/install/imu_interface/share/imu_interface/cmake/imu_interface__rosidl_typesupport_cExport.cmake
[0.756s] -- Up-to-date: /home/qianw/EECE5554/LAB4/src/install/imu_interface/share/imu_interface/cmake/imu_interface__rosidl_typesupport_cExport-noconfig.cmake
[0.756s] -- Up-to-date: /home/qianw/EECE5554/LAB4/src/install/imu_interface/share/imu_interface/cmake/imu_interface__rosidl_typesupport_introspection_cppExport.cmake
[0.757s] -- Up-to-date: /home/qianw/EECE5554/LAB4/src/install/imu_interface/share/imu_interface/cmake/imu_interface__rosidl_typesupport_introspection_cppExport-noconfig.cmake
[0.757s] -- Up-to-date: /home/qianw/EECE5554/LAB4/src/install/imu_interface/share/imu_interface/cmake/imu_interface__rosidl_typesupport_cppExport.cmake
[0.757s] -- Up-to-date: /home/qianw/EECE5554/LAB4/src/install/imu_interface/share/imu_interface/cmake/imu_interface__rosidl_typesupport_cppExport-noconfig.cmake
[0.757s] -- Up-to-date: /home/qianw/EECE5554/LAB4/src/install/imu_interface/share/imu_interface/cmake/export_imu_interface__rosidl_generator_pyExport.cmake
[0.757s] -- Up-to-date: /home/qianw/EECE5554/LAB4/src/install/imu_interface/share/imu_interface/cmake/export_imu_interface__rosidl_generator_pyExport-noconfig.cmake
[0.758s] -- Up-to-date: /home/qianw/EECE5554/LAB4/src/install/imu_interface/share/imu_interface/cmake/rosidl_cmake-extras.cmake
[0.758s] -- Up-to-date: /home/qianw/EECE5554/LAB4/src/install/imu_interface/share/imu_interface/cmake/ament_cmake_export_dependencies-extras.cmake
[0.758s] -- Up-to-date: /home/qianw/EECE5554/LAB4/src/install/imu_interface/share/imu_interface/cmake/ament_cmake_export_include_directories-extras.cmake
[0.758s] -- Up-to-date: /home/qianw/EECE5554/LAB4/src/install/imu_interface/share/imu_interface/cmake/ament_cmake_export_libraries-extras.cmake
[0.758s] -- Up-to-date: /home/qianw/EECE5554/LAB4/src/install/imu_interface/share/imu_interface/cmake/ament_cmake_export_targets-extras.cmake
[0.759s] -- Up-to-date: /home/qianw/EECE5554/LAB4/src/install/imu_interface/share/imu_interface/cmake/rosidl_cmake_export_typesupport_targets-extras.cmake
[0.759s] -- Up-to-date: /home/qianw/EECE5554/LAB4/src/install/imu_interface/share/imu_interface/cmake/rosidl_cmake_export_typesupport_libraries-extras.cmake
[0.759s] -- Up-to-date: /home/qianw/EECE5554/LAB4/src/install/imu_interface/share/imu_interface/cmake/imu_interfaceConfig.cmake
[0.760s] -- Up-to-date: /home/qianw/EECE5554/LAB4/src/install/imu_interface/share/imu_interface/cmake/imu_interfaceConfig-version.cmake
[0.760s] -- Up-to-date: /home/qianw/EECE5554/LAB4/src/install/imu_interface/share/imu_interface/package.xml
[0.807s] Invoked command in '/home/qianw/EECE5554/LAB4/src/build/imu_interface' returned '0': CMAKE_PREFIX_PATH=/opt/ros/humble /usr/bin/cmake --install /home/qianw/EECE5554/LAB4/src/build/imu_interface
