[0.000000] (-) TimerEvent: {}
[0.000566] (imu_interface) JobQueued: {'identifier': 'imu_interface', 'dependencies': OrderedDict()}
[0.005164] (imu_interface) JobStarted: {'identifier': 'imu_interface'}
[0.062639] (imu_interface) JobProgress: {'identifier': 'imu_interface', 'progress': 'cmake'}
[0.064793] (imu_interface) Command: {'cmd': ['/home/qianw/MATLAB/R2024b/bin/glnxa64/cmake/bin/cmake', '/home/qianw/EECE5554/LAB3/src/matlab_msg_gen/glnxa64/src/imu_interface', '-DCMAKE_BUILD_TYPE=Release', '-DCMAKE_SHARED_LINKER_FLAGS=-Wl,-no-as-needed', '-DBUILD_TESTING=OFF', '-DALIAS_ROS2_TF2=1', '-DCMAKE_CXX_FLAGS_RELEASE=-O0', '-G', 'Ninja', '-DCMAKE_C_COMPILER=/usr/bin/gcc', '-DCMAKE_CXX_COMPILER=/usr/bin/g++', '-DCMAKE_INSTALL_PREFIX=/home/qianw/EECE5554/LAB3/src/matlab_msg_gen/glnxa64/install'], 'cwd': '/home/qianw/EECE5554/LAB3/src/matlab_msg_gen/glnxa64/build/imu_interface', 'env': OrderedDict([('ARCH', 'glnxa64'), ('CUSTOM_LD_LIBRARY_PATH', ''), ('USER', 'qianw'), ('LOCAL_PYTHON_VENV_PATH', '/home/qianw/.matlab/R2024b/ros2/glnxa64/venv'), ('MEMKIND_HEAP_MANAGER', 'TBB'), ('CUSTOM_AMENT_PREFIX_PATH', '/home/qianw/EECE5554/LAB4/src/matlab_msg_gen/glnxa64/install:/home/qianw/MATLAB/R2024b/sys/ros2/glnxa64/ros2'), ('XDG_SESSION_TYPE', 'wayland'), ('KMP_HANDLE_SIGNALS', '0'), ('SHLVL', '1'), ('ICU_TIMEZONE_FILES_DIR', '/home/qianw/MATLAB/R2024b/bin/icutzdata'), ('LD_LIBRARY_PATH', ':/home/qianw/MATLAB/R2024b/sys/ros2/glnxa64/ros2/lib:/home/qianw/MATLAB/R2024b/sys/os/glnxa64:/home/qianw/MATLAB/R2024b/bin/glnxa64:/home/qianw/.MathWorks/IBOBuGAy6RMKv1qSO913GEckBr8xCIOmhZgwU7Cewvg/bin/glnxa64:/home/qianw/MATLAB/R2024b/extern/lib/glnxa64:/home/qianw/MATLAB/R2024b/cefclient/sys/os/glnxa64:/home/qianw/MATLAB/R2024b/sys/java/jre/glnxa64/jre/lib/amd64/native_threads:/home/qianw/MATLAB/R2024b/sys/java/jre/glnxa64/jre/lib/amd64/server'), ('BASEMATLABPATH', ''), ('HOME', '/home/qianw'), ('AUTOMOUNT_MAP', ''), ('OLDPWD', '/home/qianw/MATLAB/R2024b'), ('DESKTOP_SESSION', 'ubuntu'), ('MW_LD_SHIM', '/home/qianw/MATLAB/R2024b/bin/glnxa64/ld_shim.so.2.35.ubuntu_22_04'), ('GNOME_SHELL_SESSION_MODE', 'ubuntu'), ('GTK_MODULES', ''), ('KMP_BLOCKTIME', '1'), ('PS1', '(venv)'), ('LIBVA_MESSAGING_LEVEL', '0'), ('DBUS_STARTER_BUS_TYPE', 'session'), ('SYSTEMD_EXEC_PID', '1626'), ('DBUS_SESSION_BUS_ADDRESS', 'unix:path=/run/user/1000/bus,guid=1474c47e612689c2683acc2967edbc42'), ('COLORTERM', 'truecolor'), ('CUSTOM_SITE_PACKAGES_PATH', ''), ('IM_CONFIG_PHASE', '1'), ('WAYLAND_DISPLAY', 'wayland-0'), ('COLCON_PREFIX_PATH', '/home/qianw/EECE5554/LAB4/src/matlab_msg_gen/glnxa64/install:/home/qianw/MATLAB/R2024b/sys/ros2/glnxa64/ros2:/home/qianw/MATLAB/R2024b/sys/ros2/glnxa64/ros2'), ('ROS_DISTRO', 'humble'), ('LOGNAME', 'qianw'), ('MATLAB_MEM_MGR_VALUE', ''), ('_', '/home/qianw/.matlab/R2024b/ros2/glnxa64/venv/bin/colcon'), ('PKG_CONFIG_PATH', '/home/qianw/MATLAB/R2024b/sys/ros2/glnxa64/ros2/lib/pkgconfig'), ('XDG_SESSION_CLASS', 'user'), ('USERNAME', 'qianw'), ('TERM', 'dumb'), ('GNOME_DESKTOP_SESSION_ID', 'this-is-deprecated'), ('PATH', '/home/qianw/MATLAB/R2024b/bin/glnxa64/cmake/bin::/home/qianw/MATLAB/R2024b/sys/ros2/glnxa64/ros2/bin:/home/qianw/.matlab/R2024b/ros2/glnxa64/venv/bin:/home/qianw/.matlab/R2024b/ros2/glnxa64/venv/bin:/home/qianw/MATLAB/R2024b/toolbox/shared/coder/ninja/glnxa64:/home/qianw/.local/bin:/usr/local/sbin:/usr/local/bin:/usr/sbin:/usr/bin:/sbin:/bin:/usr/games:/usr/local/games:/snap/bin:/snap/bin'), ('SESSION_MANAGER', 'local/Loounx2:@/tmp/.ICE-unix/1626,unix/Loounx2:/tmp/.ICE-unix/1626'), ('XDG_MENU_PREFIX', 'gnome-'), ('GNOME_TERMINAL_SCREEN', '/org/gnome/Terminal/screen/f7bcdb00_d691_4030_9501_861e24401ed7'), ('GNOME_SETUP_DISPLAY', ':1'), ('XDG_RUNTIME_DIR', '/run/user/1000'), ('TOOLBOX', '/home/qianw/MATLAB/R2024b/toolbox'), ('MKL_DOMAIN_NUM_THREADS', ''), ('KMP_INIT_AT_FORK', 'false'), ('DISPLAY', ':0'), ('LD_PRELOAD', ''), ('LANG', 'en_US.UTF-8'), ('XDG_CURRENT_DESKTOP', 'ubuntu:GNOME'), ('PRE_LD_PRELOAD', ''), ('VIRTUAL_ENV_PROMPT', '(venv)'), ('XMODIFIERS', '@im=ibus'), ('XDG_SESSION_DESKTOP', 'ubuntu'), ('XAUTHORITY', '/run/user/1000/.mutter-Xwaylandauth.2OI332'), ('GNOME_TERMINAL_SERVICE', ':1.213'), ('SSH_AGENT_LAUNCHER', 'gnome-keyring'), ('SSH_AUTH_SOCK', '/run/user/1000/keyring/ssh'), ('AMENT_PREFIX_PATH', '/home/qianw/EECE5554/LAB4/src/matlab_msg_gen/glnxa64/install:/home/qianw/MATLAB/R2024b/sys/ros2/glnxa64/ros2:/home/qianw/MATLAB/R2024b/sys/ros2/glnxa64/ros2'), ('SHELL', '/bin/bash'), ('CMAKE_PATH', '/home/qianw/MATLAB/R2024b/bin/glnxa64/cmake/bin'), ('XFILESEARCHPATH', '/home/qianw/MATLAB/R2024b/sys/java/jre/glnxa64/jre/lib/locale/%L/%T/%N%S:'), ('QT_ACCESSIBILITY', '1'), ('GDMSESSION', 'ubuntu'), ('OSG_LD_LIBRARY_PATH', '/home/qianw/MATLAB/R2024b/sys/openscenegraph/lib/glnxa64'), ('VIRTUAL_ENV', '/home/qianw/.matlab/R2024b/ros2/glnxa64/venv'), ('CUSTOM_PATH', ''), ('KMP_STACKSIZE', '512k'), ('QT_IM_MODULE', 'ibus'), ('PWD', '/home/qianw/EECE5554/LAB3/src/matlab_msg_gen/glnxa64/build/imu_interface'), ('XDG_CONFIG_DIRS', '/etc/xdg/xdg-ubuntu:/etc/xdg'), ('DYLD_LIBRARY_PATH', ':/home/qianw/MATLAB/R2024b/sys/ros2/glnxa64/ros2/lib:'), ('DBUS_STARTER_ADDRESS', 'unix:path=/run/user/1000/bus,guid=1474c47e612689c2683acc2967edbc42'), ('XDG_DATA_DIRS', '/usr/share/ubuntu:/usr/local/share/:/usr/share/:/var/lib/snapd/desktop'), ('MKL_NUM_THREADS', ''), ('MW_PATCH_OFFSETS', '0000117000002EA0'), ('PYTHONPATH', ':/home/qianw/MATLAB/R2024b/sys/ros2/glnxa64/ros2/lib/python3.9/site-packages:/home/qianw/.matlab/R2024b/ros2/glnxa64/venv/lib/python3.10/site-packages:'), ('LC_NUMERIC', 'C'), ('COLCON', '1'), ('VTE_VERSION', '6800'), ('CMAKE_PREFIX_PATH', '/home/qianw/EECE5554/LAB4/src/matlab_msg_gen/glnxa64/install:/home/qianw/MATLAB/R2024b/sys/ros2/glnxa64/ros2:/home/qianw/MATLAB/R2024b/sys/ros2/glnxa64/ros2')]), 'shell': False}
[0.099055] (-) TimerEvent: {}
[0.162010] (imu_interface) StdoutLine: {'line': b'-- The C compiler identification is GNU 11.4.0\n'}
[0.199968] (-) TimerEvent: {}
[0.276800] (imu_interface) StdoutLine: {'line': b'-- The CXX compiler identification is GNU 11.4.0\n'}
[0.293561] (imu_interface) StdoutLine: {'line': b'-- Detecting C compiler ABI info\n'}
[0.300312] (-) TimerEvent: {}
[0.401309] (-) TimerEvent: {}
[0.402939] (imu_interface) StdoutLine: {'line': b'-- Detecting C compiler ABI info - done\n'}
[0.427196] (imu_interface) StdoutLine: {'line': b'-- Check for working C compiler: /usr/bin/gcc - skipped\n'}
[0.427483] (imu_interface) StdoutLine: {'line': b'-- Detecting C compile features\n'}
[0.427693] (imu_interface) StdoutLine: {'line': b'-- Detecting C compile features - done\n'}
[0.433868] (imu_interface) StdoutLine: {'line': b'-- Detecting CXX compiler ABI info\n'}
[0.501584] (-) TimerEvent: {}
[0.551966] (imu_interface) StdoutLine: {'line': b'-- Detecting CXX compiler ABI info - done\n'}
[0.577631] (imu_interface) StdoutLine: {'line': b'-- Check for working CXX compiler: /usr/bin/g++ - skipped\n'}
[0.577948] (imu_interface) StdoutLine: {'line': b'-- Detecting CXX compile features\n'}
[0.578123] (imu_interface) StdoutLine: {'line': b'-- Detecting CXX compile features - done\n'}
[0.579618] (imu_interface) StdoutLine: {'line': b'-- Found ament_cmake: 1.3.3 (/home/qianw/MATLAB/R2024b/sys/ros2/glnxa64/ros2/share/ament_cmake/cmake)\n'}
[0.602200] (-) TimerEvent: {}
[0.702996] (-) TimerEvent: {}
[0.804059] (-) TimerEvent: {}
[0.904902] (-) TimerEvent: {}
[1.005935] (-) TimerEvent: {}
[1.106272] (-) TimerEvent: {}
[1.206578] (-) TimerEvent: {}
[1.319376] (-) TimerEvent: {}
[1.421354] (-) TimerEvent: {}
[1.522452] (-) TimerEvent: {}
[1.623282] (-) TimerEvent: {}
[1.724052] (-) TimerEvent: {}
[1.824515] (-) TimerEvent: {}
[1.901573] (imu_interface) StdoutLine: {'line': b'-- Found Python3: /home/qianw/.matlab/R2024b/ros2/glnxa64/venv/bin/python3.10 (found version "3.10.12") found components: Interpreter \n'}
[1.925587] (-) TimerEvent: {}
[2.026871] (-) TimerEvent: {}
[2.057608] (imu_interface) StdoutLine: {'line': b'-- Found ament_cmake_ros: 0.10.0 (/home/qianw/MATLAB/R2024b/sys/ros2/glnxa64/ros2/share/ament_cmake_ros/cmake)\n'}
[2.070016] (imu_interface) StdoutLine: {'line': b'-- Found rosidl_typesupport_c: 2.0.0 (/home/qianw/MATLAB/R2024b/sys/ros2/glnxa64/ros2/share/rosidl_typesupport_c/cmake)\n'}
[2.070472] (imu_interface) StdoutLine: {'line': b'-- Using all available rosidl_typesupport_c: rosidl_typesupport_fastrtps_c;rosidl_typesupport_introspection_c\n'}
[2.087664] (imu_interface) StdoutLine: {'line': b'-- Found rosidl_adapter: 3.1.4 (/home/qianw/MATLAB/R2024b/sys/ros2/glnxa64/ros2/share/rosidl_adapter/cmake)\n'}
[2.128787] (-) TimerEvent: {}
[2.186389] (imu_interface) StdoutLine: {'line': b'-- Found rosidl_typesupport_cpp: 2.0.0 (/home/qianw/MATLAB/R2024b/sys/ros2/glnxa64/ros2/share/rosidl_typesupport_cpp/cmake)\n'}
[2.187647] (imu_interface) StdoutLine: {'line': b'-- Using all available rosidl_typesupport_cpp: rosidl_typesupport_fastrtps_cpp;rosidl_typesupport_introspection_cpp\n'}
[2.229197] (-) TimerEvent: {}
[2.263239] (imu_interface) StdoutLine: {'line': b'-- Found rosidl_default_generators: 1.2.0 (/home/qianw/MATLAB/R2024b/sys/ros2/glnxa64/ros2/share/rosidl_default_generators/cmake)\n'}
[2.272423] (imu_interface) StdoutLine: {'line': b'-- Found class_loader: 2.2.0 (/home/qianw/MATLAB/R2024b/sys/ros2/glnxa64/ros2/share/class_loader/cmake)\n'}
[2.282765] (imu_interface) StdoutLine: {'line': b'-- Found rclcpp: 16.0.5 (/home/qianw/MATLAB/R2024b/sys/ros2/glnxa64/ros2/share/rclcpp/cmake)\n'}
[2.330117] (-) TimerEvent: {}
[2.432039] (-) TimerEvent: {}
[2.474330] (imu_interface) StdoutLine: {'line': b'-- Found rmw_implementation_cmake: 6.1.1 (/home/qianw/MATLAB/R2024b/sys/ros2/glnxa64/ros2/share/rmw_implementation_cmake/cmake)\n'}
[2.479147] (imu_interface) StdoutLine: {'line': b'-- Found rmw_fastrtps_cpp: 6.2.2 (/home/qianw/MATLAB/R2024b/sys/ros2/glnxa64/ros2/share/rmw_fastrtps_cpp/cmake)\n'}
[2.534223] (-) TimerEvent: {}
[2.632529] (imu_interface) StdoutLine: {'line': b'-- Found FastRTPS: /home/qianw/MATLAB/R2024b/sys/ros2/glnxa64/ros2/include  \n'}
[2.634582] (-) TimerEvent: {}
[2.701288] (imu_interface) StdoutLine: {'line': b"-- Using RMW implementation 'rmw_fastrtps_cpp' as default\n"}
[2.717374] (imu_interface) StdoutLine: {'line': b'-- Performing Test CMAKE_HAVE_LIBC_PTHREAD\n'}
[2.734897] (-) TimerEvent: {}
[2.832703] (imu_interface) StdoutLine: {'line': b'-- Performing Test CMAKE_HAVE_LIBC_PTHREAD - Success\n'}
[2.833557] (imu_interface) StdoutLine: {'line': b'-- Found Threads: TRUE  \n'}
[2.835083] (-) TimerEvent: {}
[2.936433] (-) TimerEvent: {}
[3.036971] (-) TimerEvent: {}
[3.072556] (imu_interface) StdoutLine: {'line': b'-- Found sensor_msgs: 4.2.3 (/home/qianw/MATLAB/R2024b/sys/ros2/glnxa64/ros2/share/sensor_msgs/cmake)\n'}
[3.137300] (-) TimerEvent: {}
[3.238076] (-) TimerEvent: {}
[3.338931] (-) TimerEvent: {}
[3.439979] (-) TimerEvent: {}
[3.541040] (-) TimerEvent: {}
[3.642207] (-) TimerEvent: {}
[3.745047] (-) TimerEvent: {}
[3.845437] (-) TimerEvent: {}
[3.946098] (-) TimerEvent: {}
[4.048945] (-) TimerEvent: {}
[4.149380] (-) TimerEvent: {}
[4.249777] (-) TimerEvent: {}
[4.352978] (-) TimerEvent: {}
[4.454481] (-) TimerEvent: {}
[4.555391] (-) TimerEvent: {}
[4.582452] (imu_interface) StdoutLine: {'line': b'-- Using all available rosidl_typesupport_c: rosidl_typesupport_fastrtps_c;rosidl_typesupport_introspection_c\n'}
[4.656103] (-) TimerEvent: {}
[4.756711] (-) TimerEvent: {}
[4.859956] (-) TimerEvent: {}
[4.960430] (-) TimerEvent: {}
[5.061937] (-) TimerEvent: {}
[5.162285] (-) TimerEvent: {}
[5.262796] (-) TimerEvent: {}
[5.313323] (imu_interface) StdoutLine: {'line': b'-- Using all available rosidl_typesupport_cpp: rosidl_typesupport_fastrtps_cpp;rosidl_typesupport_introspection_cpp\n'}
[5.335902] (imu_interface) StdoutLine: {'line': b'-- Configuring done\n'}
[5.365948] (-) TimerEvent: {}
[5.391950] (imu_interface) StdoutLine: {'line': b'-- Generating done\n'}
[5.416001] (imu_interface) StdoutLine: {'line': b'-- Build files have been written to: /home/qianw/EECE5554/LAB3/src/matlab_msg_gen/glnxa64/build/imu_interface\n'}
[5.452711] (imu_interface) CommandEnded: {'returncode': 0}
[5.458642] (imu_interface) JobProgress: {'identifier': 'imu_interface', 'progress': 'build'}
[5.458777] (imu_interface) Command: {'cmd': ['/home/qianw/MATLAB/R2024b/bin/glnxa64/cmake/bin/cmake', '--build', '/home/qianw/EECE5554/LAB3/src/matlab_msg_gen/glnxa64/build/imu_interface', '--', '-j8', '-l8'], 'cwd': '/home/qianw/EECE5554/LAB3/src/matlab_msg_gen/glnxa64/build/imu_interface', 'env': OrderedDict([('ARCH', 'glnxa64'), ('CUSTOM_LD_LIBRARY_PATH', ''), ('USER', 'qianw'), ('LOCAL_PYTHON_VENV_PATH', '/home/qianw/.matlab/R2024b/ros2/glnxa64/venv'), ('MEMKIND_HEAP_MANAGER', 'TBB'), ('CUSTOM_AMENT_PREFIX_PATH', '/home/qianw/EECE5554/LAB4/src/matlab_msg_gen/glnxa64/install:/home/qianw/MATLAB/R2024b/sys/ros2/glnxa64/ros2'), ('XDG_SESSION_TYPE', 'wayland'), ('KMP_HANDLE_SIGNALS', '0'), ('SHLVL', '1'), ('ICU_TIMEZONE_FILES_DIR', '/home/qianw/MATLAB/R2024b/bin/icutzdata'), ('LD_LIBRARY_PATH', ':/home/qianw/MATLAB/R2024b/sys/ros2/glnxa64/ros2/lib:/home/qianw/MATLAB/R2024b/sys/os/glnxa64:/home/qianw/MATLAB/R2024b/bin/glnxa64:/home/qianw/.MathWorks/IBOBuGAy6RMKv1qSO913GEckBr8xCIOmhZgwU7Cewvg/bin/glnxa64:/home/qianw/MATLAB/R2024b/extern/lib/glnxa64:/home/qianw/MATLAB/R2024b/cefclient/sys/os/glnxa64:/home/qianw/MATLAB/R2024b/sys/java/jre/glnxa64/jre/lib/amd64/native_threads:/home/qianw/MATLAB/R2024b/sys/java/jre/glnxa64/jre/lib/amd64/server'), ('BASEMATLABPATH', ''), ('HOME', '/home/qianw'), ('AUTOMOUNT_MAP', ''), ('OLDPWD', '/home/qianw/MATLAB/R2024b'), ('DESKTOP_SESSION', 'ubuntu'), ('MW_LD_SHIM', '/home/qianw/MATLAB/R2024b/bin/glnxa64/ld_shim.so.2.35.ubuntu_22_04'), ('GNOME_SHELL_SESSION_MODE', 'ubuntu'), ('GTK_MODULES', ''), ('KMP_BLOCKTIME', '1'), ('PS1', '(venv)'), ('LIBVA_MESSAGING_LEVEL', '0'), ('DBUS_STARTER_BUS_TYPE', 'session'), ('SYSTEMD_EXEC_PID', '1626'), ('DBUS_SESSION_BUS_ADDRESS', 'unix:path=/run/user/1000/bus,guid=1474c47e612689c2683acc2967edbc42'), ('COLORTERM', 'truecolor'), ('CUSTOM_SITE_PACKAGES_PATH', ''), ('IM_CONFIG_PHASE', '1'), ('WAYLAND_DISPLAY', 'wayland-0'), ('COLCON_PREFIX_PATH', '/home/qianw/EECE5554/LAB4/src/matlab_msg_gen/glnxa64/install:/home/qianw/MATLAB/R2024b/sys/ros2/glnxa64/ros2:/home/qianw/MATLAB/R2024b/sys/ros2/glnxa64/ros2'), ('ROS_DISTRO', 'humble'), ('LOGNAME', 'qianw'), ('MATLAB_MEM_MGR_VALUE', ''), ('_', '/home/qianw/.matlab/R2024b/ros2/glnxa64/venv/bin/colcon'), ('PKG_CONFIG_PATH', '/home/qianw/MATLAB/R2024b/sys/ros2/glnxa64/ros2/lib/pkgconfig'), ('XDG_SESSION_CLASS', 'user'), ('USERNAME', 'qianw'), ('TERM', 'dumb'), ('GNOME_DESKTOP_SESSION_ID', 'this-is-deprecated'), ('PATH', '/home/qianw/MATLAB/R2024b/bin/glnxa64/cmake/bin::/home/qianw/MATLAB/R2024b/sys/ros2/glnxa64/ros2/bin:/home/qianw/.matlab/R2024b/ros2/glnxa64/venv/bin:/home/qianw/.matlab/R2024b/ros2/glnxa64/venv/bin:/home/qianw/MATLAB/R2024b/toolbox/shared/coder/ninja/glnxa64:/home/qianw/.local/bin:/usr/local/sbin:/usr/local/bin:/usr/sbin:/usr/bin:/sbin:/bin:/usr/games:/usr/local/games:/snap/bin:/snap/bin'), ('SESSION_MANAGER', 'local/Loounx2:@/tmp/.ICE-unix/1626,unix/Loounx2:/tmp/.ICE-unix/1626'), ('XDG_MENU_PREFIX', 'gnome-'), ('GNOME_TERMINAL_SCREEN', '/org/gnome/Terminal/screen/f7bcdb00_d691_4030_9501_861e24401ed7'), ('GNOME_SETUP_DISPLAY', ':1'), ('XDG_RUNTIME_DIR', '/run/user/1000'), ('TOOLBOX', '/home/qianw/MATLAB/R2024b/toolbox'), ('MKL_DOMAIN_NUM_THREADS', ''), ('KMP_INIT_AT_FORK', 'false'), ('DISPLAY', ':0'), ('LD_PRELOAD', ''), ('LANG', 'en_US.UTF-8'), ('XDG_CURRENT_DESKTOP', 'ubuntu:GNOME'), ('PRE_LD_PRELOAD', ''), ('VIRTUAL_ENV_PROMPT', '(venv)'), ('XMODIFIERS', '@im=ibus'), ('XDG_SESSION_DESKTOP', 'ubuntu'), ('XAUTHORITY', '/run/user/1000/.mutter-Xwaylandauth.2OI332'), ('GNOME_TERMINAL_SERVICE', ':1.213'), ('SSH_AGENT_LAUNCHER', 'gnome-keyring'), ('SSH_AUTH_SOCK', '/run/user/1000/keyring/ssh'), ('AMENT_PREFIX_PATH', '/home/qianw/EECE5554/LAB4/src/matlab_msg_gen/glnxa64/install:/home/qianw/MATLAB/R2024b/sys/ros2/glnxa64/ros2:/home/qianw/MATLAB/R2024b/sys/ros2/glnxa64/ros2'), ('SHELL', '/bin/bash'), ('CMAKE_PATH', '/home/qianw/MATLAB/R2024b/bin/glnxa64/cmake/bin'), ('XFILESEARCHPATH', '/home/qianw/MATLAB/R2024b/sys/java/jre/glnxa64/jre/lib/locale/%L/%T/%N%S:'), ('QT_ACCESSIBILITY', '1'), ('GDMSESSION', 'ubuntu'), ('OSG_LD_LIBRARY_PATH', '/home/qianw/MATLAB/R2024b/sys/openscenegraph/lib/glnxa64'), ('VIRTUAL_ENV', '/home/qianw/.matlab/R2024b/ros2/glnxa64/venv'), ('CUSTOM_PATH', ''), ('KMP_STACKSIZE', '512k'), ('QT_IM_MODULE', 'ibus'), ('PWD', '/home/qianw/EECE5554/LAB3/src/matlab_msg_gen/glnxa64/build/imu_interface'), ('XDG_CONFIG_DIRS', '/etc/xdg/xdg-ubuntu:/etc/xdg'), ('DYLD_LIBRARY_PATH', ':/home/qianw/MATLAB/R2024b/sys/ros2/glnxa64/ros2/lib:'), ('DBUS_STARTER_ADDRESS', 'unix:path=/run/user/1000/bus,guid=1474c47e612689c2683acc2967edbc42'), ('XDG_DATA_DIRS', '/usr/share/ubuntu:/usr/local/share/:/usr/share/:/var/lib/snapd/desktop'), ('MKL_NUM_THREADS', ''), ('MW_PATCH_OFFSETS', '0000117000002EA0'), ('PYTHONPATH', ':/home/qianw/MATLAB/R2024b/sys/ros2/glnxa64/ros2/lib/python3.9/site-packages:/home/qianw/.matlab/R2024b/ros2/glnxa64/venv/lib/python3.10/site-packages:'), ('LC_NUMERIC', 'C'), ('COLCON', '1'), ('VTE_VERSION', '6800'), ('CMAKE_PREFIX_PATH', '/home/qianw/EECE5554/LAB4/src/matlab_msg_gen/glnxa64/install:/home/qianw/MATLAB/R2024b/sys/ros2/glnxa64/ros2:/home/qianw/MATLAB/R2024b/sys/ros2/glnxa64/ros2')]), 'shell': False}
[5.466329] (-) TimerEvent: {}
[5.569106] (-) TimerEvent: {}
[5.669826] (-) TimerEvent: {}
[5.770243] (-) TimerEvent: {}
[5.872970] (-) TimerEvent: {}
[5.912359] (imu_interface) StdoutLine: {'line': b'[1/24] Generating C++ code for ROS interfaces\n'}
[5.942374] (imu_interface) StdoutLine: {'line': b'[2/24] Generating C code for ROS interfaces\n'}
[5.974015] (-) TimerEvent: {}
[6.075266] (-) TimerEvent: {}
[6.134679] (imu_interface) StdoutLine: {'line': b'[3/24] Building C object CMakeFiles/imu_interface__rosidl_generator_c.dir/rosidl_generator_c/imu_interface/msg/detail/im_umsg__functions.c.o\n'}
[6.176024] (-) TimerEvent: {}
[6.195572] (imu_interface) StdoutLine: {'line': b'[4/24] Linking C shared library libimu_interface__rosidl_generator_c.so\n'}
[6.276979] (-) TimerEvent: {}
[6.347046] (imu_interface) StdoutLine: {'line': b'[5/24] Generating C++ introspection for ROS interfaces\n'}
[6.347900] (imu_interface) StdoutLine: {'line': b'[6/24] Generating C++ type support dispatch for ROS interfaces\n'}
[6.372196] (imu_interface) StdoutLine: {'line': b'[7/24] Generating C++ type support for eProsima Fast-RTPS\n'}
[6.379064] (-) TimerEvent: {}
[6.479544] (-) TimerEvent: {}
[6.584363] (-) TimerEvent: {}
[6.690653] (-) TimerEvent: {}
[6.796789] (-) TimerEvent: {}
[6.840534] (imu_interface) StdoutLine: {'line': b'[8/24] Generating C type support dispatch for ROS interfaces\n'}
[6.898032] (-) TimerEvent: {}
[6.989977] (imu_interface) StdoutLine: {'line': b'[9/24] Generating C introspection for ROS interfaces\n'}
[6.998285] (-) TimerEvent: {}
[7.009344] (imu_interface) StdoutLine: {'line': b'[10/24] Generating C type support for eProsima Fast-RTPS\n'}
[7.039391] (imu_interface) StdoutLine: {'line': b'[11/24] Building CXX object CMakeFiles/imu_interface__rosidl_typesupport_c.dir/rosidl_typesupport_c/imu_interface/msg/im_umsg__type_support.cpp.o\n'}
[7.101686] (-) TimerEvent: {}
[7.211227] (imu_interface) StdoutLine: {'line': b'[12/24] Building C object CMakeFiles/imu_interface__rosidl_typesupport_introspection_c.dir/rosidl_typesupport_introspection_c/imu_interface/msg/detail/im_umsg__type_support.c.o\n'}
[7.211669] (-) TimerEvent: {}
[7.312163] (-) TimerEvent: {}
[7.352122] (imu_interface) StdoutLine: {'line': b'[13/24] Linking C shared library libimu_interface__rosidl_typesupport_introspection_c.so\n'}
[7.375000] (imu_interface) StdoutLine: {'line': b'[14/24] Linking CXX shared library libimu_interface__rosidl_typesupport_c.so\n'}
[7.412613] (-) TimerEvent: {}
[7.513276] (-) TimerEvent: {}
[7.609157] (imu_interface) StdoutLine: {'line': b'[15/24] Building CXX object CMakeFiles/imu_interface__rosidl_typesupport_cpp.dir/rosidl_typesupport_cpp/imu_interface/msg/im_umsg__type_support.cpp.o\n'}
[7.613487] (-) TimerEvent: {}
[7.719457] (-) TimerEvent: {}
[7.822142] (-) TimerEvent: {}
[7.884883] (imu_interface) StdoutLine: {'line': b'[16/24] Building CXX object CMakeFiles/imu_interface__rosidl_typesupport_introspection_cpp.dir/rosidl_typesupport_introspection_cpp/imu_interface/msg/detail/im_umsg__type_support.cpp.o\n'}
[7.928401] (-) TimerEvent: {}
[7.951040] (imu_interface) StdoutLine: {'line': b'[17/24] Linking CXX shared library libimu_interface__rosidl_typesupport_cpp.so\n'}
[8.028704] (-) TimerEvent: {}
[8.064047] (imu_interface) StdoutLine: {'line': b'[18/24] Building CXX object CMakeFiles/imu_interface__rosidl_typesupport_fastrtps_cpp.dir/rosidl_typesupport_fastrtps_cpp/imu_interface/msg/detail/dds_fastrtps/im_umsg__type_support.cpp.o\n'}
[8.111883] (imu_interface) StdoutLine: {'line': b'[19/24] Linking CXX shared library libimu_interface__rosidl_typesupport_introspection_cpp.so\n'}
[8.130285] (-) TimerEvent: {}
[8.231004] (-) TimerEvent: {}
[8.304345] (imu_interface) StdoutLine: {'line': b'[20/24] Linking CXX shared library libimu_interface__rosidl_typesupport_fastrtps_cpp.so\n'}
[8.311577] (imu_interface) StdoutLine: {'line': b'[21/24] Building CXX object CMakeFiles/imu_interface__rosidl_typesupport_fastrtps_c.dir/rosidl_typesupport_fastrtps_c/imu_interface/msg/detail/im_umsg__type_support_c.cpp.o\n'}
[8.331554] (-) TimerEvent: {}
[8.440318] (-) TimerEvent: {}
[8.499104] (imu_interface) StdoutLine: {'line': b'[22/24] Linking CXX shared library libimu_interface__rosidl_typesupport_fastrtps_c.so\n'}
[8.540576] (-) TimerEvent: {}
[8.644155] (-) TimerEvent: {}
[8.745005] (-) TimerEvent: {}
[8.846719] (-) TimerEvent: {}
[8.947734] (-) TimerEvent: {}
[9.048807] (-) TimerEvent: {}
[9.149762] (-) TimerEvent: {}
[9.250895] (-) TimerEvent: {}
[9.353411] (-) TimerEvent: {}
[9.454781] (-) TimerEvent: {}
[9.556514] (-) TimerEvent: {}
[9.657938] (-) TimerEvent: {}
[9.758687] (-) TimerEvent: {}
[9.859690] (-) TimerEvent: {}
[9.960749] (-) TimerEvent: {}
[10.061700] (-) TimerEvent: {}
[10.162127] (-) TimerEvent: {}
[10.263235] (-) TimerEvent: {}
[10.364131] (-) TimerEvent: {}
[10.465953] (-) TimerEvent: {}
[10.566336] (-) TimerEvent: {}
[10.667014] (-) TimerEvent: {}
[10.767639] (-) TimerEvent: {}
[10.871436] (-) TimerEvent: {}
[10.973484] (-) TimerEvent: {}
[11.078077] (-) TimerEvent: {}
[11.179379] (-) TimerEvent: {}
[11.279918] (-) TimerEvent: {}
[11.380371] (-) TimerEvent: {}
[11.485258] (-) TimerEvent: {}
[11.586475] (-) TimerEvent: {}
[11.687210] (-) TimerEvent: {}
[11.790287] (-) TimerEvent: {}
[11.891035] (-) TimerEvent: {}
[11.991608] (-) TimerEvent: {}
[12.092170] (-) TimerEvent: {}
[12.193275] (-) TimerEvent: {}
[12.293934] (-) TimerEvent: {}
[12.395183] (-) TimerEvent: {}
[12.496420] (-) TimerEvent: {}
[12.597980] (-) TimerEvent: {}
[12.699601] (-) TimerEvent: {}
[12.801485] (-) TimerEvent: {}
[12.902183] (-) TimerEvent: {}
[13.003491] (-) TimerEvent: {}
[13.104038] (-) TimerEvent: {}
[13.206555] (-) TimerEvent: {}
[13.307336] (-) TimerEvent: {}
[13.410971] (-) TimerEvent: {}
[13.511722] (-) TimerEvent: {}
[13.613645] (-) TimerEvent: {}
[13.714174] (-) TimerEvent: {}
[13.814681] (-) TimerEvent: {}
[13.922119] (-) TimerEvent: {}
[14.024013] (-) TimerEvent: {}
[14.124987] (-) TimerEvent: {}
[14.225712] (-) TimerEvent: {}
[14.326391] (-) TimerEvent: {}
[14.427004] (-) TimerEvent: {}
[14.528496] (-) TimerEvent: {}
[14.629424] (-) TimerEvent: {}
[14.731105] (-) TimerEvent: {}
[14.831709] (-) TimerEvent: {}
[14.936445] (-) TimerEvent: {}
[15.037136] (-) TimerEvent: {}
[15.139939] (-) TimerEvent: {}
[15.242210] (-) TimerEvent: {}
[15.342929] (-) TimerEvent: {}
[15.444539] (-) TimerEvent: {}
[15.545088] (-) TimerEvent: {}
[15.645690] (-) TimerEvent: {}
[15.746133] (-) TimerEvent: {}
[15.849473] (-) TimerEvent: {}
[15.950495] (-) TimerEvent: {}
[16.051934] (-) TimerEvent: {}
[16.152367] (-) TimerEvent: {}
[16.252987] (-) TimerEvent: {}
[16.354084] (-) TimerEvent: {}
[16.457507] (-) TimerEvent: {}
[16.558803] (-) TimerEvent: {}
[16.659329] (-) TimerEvent: {}
[16.763560] (-) TimerEvent: {}
[16.868982] (-) TimerEvent: {}
[16.969682] (-) TimerEvent: {}
[17.075705] (-) TimerEvent: {}
[17.178953] (-) TimerEvent: {}
[17.279307] (-) TimerEvent: {}
[17.379789] (-) TimerEvent: {}
[17.480490] (-) TimerEvent: {}
[17.581397] (-) TimerEvent: {}
[17.682197] (-) TimerEvent: {}
[17.782646] (-) TimerEvent: {}
[17.886060] (-) TimerEvent: {}
[17.986464] (-) TimerEvent: {}
[18.087991] (-) TimerEvent: {}
[18.188924] (-) TimerEvent: {}
[18.291083] (-) TimerEvent: {}
[18.391786] (-) TimerEvent: {}
[18.493516] (-) TimerEvent: {}
[18.596697] (-) TimerEvent: {}
[18.697528] (-) TimerEvent: {}
[18.798755] (-) TimerEvent: {}
[18.899777] (-) TimerEvent: {}
[19.001162] (-) TimerEvent: {}
[19.103971] (-) TimerEvent: {}
[19.204563] (-) TimerEvent: {}
[19.305154] (-) TimerEvent: {}
[19.405780] (-) TimerEvent: {}
[19.507124] (-) TimerEvent: {}
[19.612178] (-) TimerEvent: {}
[19.712539] (-) TimerEvent: {}
[19.818289] (-) TimerEvent: {}
[19.921101] (-) TimerEvent: {}
[20.021802] (-) TimerEvent: {}
[20.124211] (-) TimerEvent: {}
[20.225200] (-) TimerEvent: {}
[20.325992] (-) TimerEvent: {}
[20.427481] (-) TimerEvent: {}
[20.528077] (-) TimerEvent: {}
[20.628969] (-) TimerEvent: {}
[20.730076] (-) TimerEvent: {}
[20.830445] (-) TimerEvent: {}
[20.930943] (-) TimerEvent: {}
[21.032149] (-) TimerEvent: {}
[21.140118] (-) TimerEvent: {}
[21.242502] (-) TimerEvent: {}
[21.344093] (-) TimerEvent: {}
[21.446407] (-) TimerEvent: {}
[21.547156] (-) TimerEvent: {}
[21.649967] (-) TimerEvent: {}
[21.750451] (-) TimerEvent: {}
[21.851504] (-) TimerEvent: {}
[21.955286] (-) TimerEvent: {}
[22.056738] (-) TimerEvent: {}
[22.157639] (-) TimerEvent: {}
[22.259149] (-) TimerEvent: {}
[22.360649] (-) TimerEvent: {}
[22.462305] (-) TimerEvent: {}
[22.565369] (-) TimerEvent: {}
[22.668032] (-) TimerEvent: {}
[22.771726] (-) TimerEvent: {}
[22.876868] (-) TimerEvent: {}
[22.980699] (-) TimerEvent: {}
[23.082572] (-) TimerEvent: {}
[23.184245] (-) TimerEvent: {}
[23.286555] (-) TimerEvent: {}
[23.388316] (-) TimerEvent: {}
[23.492181] (-) TimerEvent: {}
[23.593051] (-) TimerEvent: {}
[23.695524] (-) TimerEvent: {}
[23.798087] (-) TimerEvent: {}
[23.898600] (-) TimerEvent: {}
[23.999740] (-) TimerEvent: {}
[24.101666] (-) TimerEvent: {}
[24.209818] (-) TimerEvent: {}
[24.311544] (-) TimerEvent: {}
[24.414136] (-) TimerEvent: {}
[24.515112] (-) TimerEvent: {}
[24.616469] (-) TimerEvent: {}
[24.718231] (-) TimerEvent: {}
[24.818712] (-) TimerEvent: {}
[24.920330] (-) TimerEvent: {}
[25.021261] (-) TimerEvent: {}
[25.122256] (-) TimerEvent: {}
[25.223199] (-) TimerEvent: {}
[25.325268] (-) TimerEvent: {}
[25.431166] (-) TimerEvent: {}
[25.531935] (-) TimerEvent: {}
[25.633121] (-) TimerEvent: {}
[25.734312] (-) TimerEvent: {}
[25.835020] (-) TimerEvent: {}
[25.936810] (-) TimerEvent: {}
[26.037585] (-) TimerEvent: {}
[26.138510] (-) TimerEvent: {}
[26.239153] (-) TimerEvent: {}
[26.340316] (-) TimerEvent: {}
[26.441014] (-) TimerEvent: {}
[26.541943] (-) TimerEvent: {}
[26.642905] (-) TimerEvent: {}
[26.744022] (-) TimerEvent: {}
[26.845304] (-) TimerEvent: {}
[26.946322] (-) TimerEvent: {}
[27.047949] (-) TimerEvent: {}
[27.150080] (-) TimerEvent: {}
[27.250856] (-) TimerEvent: {}
[27.351247] (-) TimerEvent: {}
[27.452435] (-) TimerEvent: {}
[27.553267] (-) TimerEvent: {}
[27.654071] (-) TimerEvent: {}
[27.754941] (-) TimerEvent: {}
[27.855348] (-) TimerEvent: {}
[27.955945] (-) TimerEvent: {}
[28.056815] (-) TimerEvent: {}
[28.158007] (-) TimerEvent: {}
[28.262280] (-) TimerEvent: {}
[28.362748] (-) TimerEvent: {}
[28.463802] (-) TimerEvent: {}
[28.565022] (-) TimerEvent: {}
[28.665641] (-) TimerEvent: {}
[28.769032] (-) TimerEvent: {}
[28.869594] (-) TimerEvent: {}
[28.971547] (-) TimerEvent: {}
[29.075105] (-) TimerEvent: {}
[29.179587] (-) TimerEvent: {}
[29.281565] (-) TimerEvent: {}
[29.382324] (-) TimerEvent: {}
[29.483104] (-) TimerEvent: {}
[29.584452] (-) TimerEvent: {}
[29.685315] (-) TimerEvent: {}
[29.786567] (-) TimerEvent: {}
[29.887610] (-) TimerEvent: {}
[29.988454] (-) TimerEvent: {}
[30.089076] (-) TimerEvent: {}
[30.189676] (-) TimerEvent: {}
[30.290711] (-) TimerEvent: {}
[30.391640] (-) TimerEvent: {}
[30.492327] (-) TimerEvent: {}
[30.594321] (-) TimerEvent: {}
[30.695106] (-) TimerEvent: {}
[30.796539] (-) TimerEvent: {}
[30.897188] (-) TimerEvent: {}
[30.998427] (-) TimerEvent: {}
[31.099494] (-) TimerEvent: {}
[31.200319] (-) TimerEvent: {}
[31.301029] (-) TimerEvent: {}
[31.401610] (-) TimerEvent: {}
[31.420724] (imu_interface) StdoutLine: {'line': b'[23/24] Building CXX object CMakeFiles/imu_interface_matlab.dir/src/imu_interface_IMUmsg_message.cpp.o\n'}
[31.502480] (-) TimerEvent: {}
[31.603934] (-) TimerEvent: {}
[31.704751] (-) TimerEvent: {}
[31.805795] (-) TimerEvent: {}
[31.907116] (-) TimerEvent: {}
[32.007548] (-) TimerEvent: {}
[32.108043] (-) TimerEvent: {}
[32.209479] (-) TimerEvent: {}
[32.310498] (-) TimerEvent: {}
[32.411077] (-) TimerEvent: {}
[32.512029] (-) TimerEvent: {}
[32.543840] (imu_interface) StdoutLine: {'line': b'[24/24] Linking CXX shared library libimu_interface_matlab.so\n'}
[32.548335] (imu_interface) CommandEnded: {'returncode': 0}
[32.580195] (imu_interface) JobProgress: {'identifier': 'imu_interface', 'progress': 'install'}
[32.582182] (imu_interface) Command: {'cmd': ['/home/qianw/MATLAB/R2024b/bin/glnxa64/cmake/bin/cmake', '--install', '/home/qianw/EECE5554/LAB3/src/matlab_msg_gen/glnxa64/build/imu_interface'], 'cwd': '/home/qianw/EECE5554/LAB3/src/matlab_msg_gen/glnxa64/build/imu_interface', 'env': OrderedDict([('ARCH', 'glnxa64'), ('CUSTOM_LD_LIBRARY_PATH', ''), ('USER', 'qianw'), ('LOCAL_PYTHON_VENV_PATH', '/home/qianw/.matlab/R2024b/ros2/glnxa64/venv'), ('MEMKIND_HEAP_MANAGER', 'TBB'), ('CUSTOM_AMENT_PREFIX_PATH', '/home/qianw/EECE5554/LAB4/src/matlab_msg_gen/glnxa64/install:/home/qianw/MATLAB/R2024b/sys/ros2/glnxa64/ros2'), ('XDG_SESSION_TYPE', 'wayland'), ('KMP_HANDLE_SIGNALS', '0'), ('SHLVL', '1'), ('ICU_TIMEZONE_FILES_DIR', '/home/qianw/MATLAB/R2024b/bin/icutzdata'), ('LD_LIBRARY_PATH', ':/home/qianw/MATLAB/R2024b/sys/ros2/glnxa64/ros2/lib:/home/qianw/MATLAB/R2024b/sys/os/glnxa64:/home/qianw/MATLAB/R2024b/bin/glnxa64:/home/qianw/.MathWorks/IBOBuGAy6RMKv1qSO913GEckBr8xCIOmhZgwU7Cewvg/bin/glnxa64:/home/qianw/MATLAB/R2024b/extern/lib/glnxa64:/home/qianw/MATLAB/R2024b/cefclient/sys/os/glnxa64:/home/qianw/MATLAB/R2024b/sys/java/jre/glnxa64/jre/lib/amd64/native_threads:/home/qianw/MATLAB/R2024b/sys/java/jre/glnxa64/jre/lib/amd64/server'), ('BASEMATLABPATH', ''), ('HOME', '/home/qianw'), ('AUTOMOUNT_MAP', ''), ('OLDPWD', '/home/qianw/MATLAB/R2024b'), ('DESKTOP_SESSION', 'ubuntu'), ('MW_LD_SHIM', '/home/qianw/MATLAB/R2024b/bin/glnxa64/ld_shim.so.2.35.ubuntu_22_04'), ('GNOME_SHELL_SESSION_MODE', 'ubuntu'), ('GTK_MODULES', ''), ('KMP_BLOCKTIME', '1'), ('PS1', '(venv)'), ('LIBVA_MESSAGING_LEVEL', '0'), ('DBUS_STARTER_BUS_TYPE', 'session'), ('SYSTEMD_EXEC_PID', '1626'), ('DBUS_SESSION_BUS_ADDRESS', 'unix:path=/run/user/1000/bus,guid=1474c47e612689c2683acc2967edbc42'), ('COLORTERM', 'truecolor'), ('CUSTOM_SITE_PACKAGES_PATH', ''), ('IM_CONFIG_PHASE', '1'), ('WAYLAND_DISPLAY', 'wayland-0'), ('COLCON_PREFIX_PATH', '/home/qianw/EECE5554/LAB4/src/matlab_msg_gen/glnxa64/install:/home/qianw/MATLAB/R2024b/sys/ros2/glnxa64/ros2:/home/qianw/MATLAB/R2024b/sys/ros2/glnxa64/ros2'), ('ROS_DISTRO', 'humble'), ('LOGNAME', 'qianw'), ('MATLAB_MEM_MGR_VALUE', ''), ('_', '/home/qianw/.matlab/R2024b/ros2/glnxa64/venv/bin/colcon'), ('PKG_CONFIG_PATH', '/home/qianw/MATLAB/R2024b/sys/ros2/glnxa64/ros2/lib/pkgconfig'), ('XDG_SESSION_CLASS', 'user'), ('USERNAME', 'qianw'), ('TERM', 'dumb'), ('GNOME_DESKTOP_SESSION_ID', 'this-is-deprecated'), ('PATH', '/home/qianw/MATLAB/R2024b/bin/glnxa64/cmake/bin::/home/qianw/MATLAB/R2024b/sys/ros2/glnxa64/ros2/bin:/home/qianw/.matlab/R2024b/ros2/glnxa64/venv/bin:/home/qianw/.matlab/R2024b/ros2/glnxa64/venv/bin:/home/qianw/MATLAB/R2024b/toolbox/shared/coder/ninja/glnxa64:/home/qianw/.local/bin:/usr/local/sbin:/usr/local/bin:/usr/sbin:/usr/bin:/sbin:/bin:/usr/games:/usr/local/games:/snap/bin:/snap/bin'), ('SESSION_MANAGER', 'local/Loounx2:@/tmp/.ICE-unix/1626,unix/Loounx2:/tmp/.ICE-unix/1626'), ('XDG_MENU_PREFIX', 'gnome-'), ('GNOME_TERMINAL_SCREEN', '/org/gnome/Terminal/screen/f7bcdb00_d691_4030_9501_861e24401ed7'), ('GNOME_SETUP_DISPLAY', ':1'), ('XDG_RUNTIME_DIR', '/run/user/1000'), ('TOOLBOX', '/home/qianw/MATLAB/R2024b/toolbox'), ('MKL_DOMAIN_NUM_THREADS', ''), ('KMP_INIT_AT_FORK', 'false'), ('DISPLAY', ':0'), ('LD_PRELOAD', ''), ('LANG', 'en_US.UTF-8'), ('XDG_CURRENT_DESKTOP', 'ubuntu:GNOME'), ('PRE_LD_PRELOAD', ''), ('VIRTUAL_ENV_PROMPT', '(venv)'), ('XMODIFIERS', '@im=ibus'), ('XDG_SESSION_DESKTOP', 'ubuntu'), ('XAUTHORITY', '/run/user/1000/.mutter-Xwaylandauth.2OI332'), ('GNOME_TERMINAL_SERVICE', ':1.213'), ('SSH_AGENT_LAUNCHER', 'gnome-keyring'), ('SSH_AUTH_SOCK', '/run/user/1000/keyring/ssh'), ('AMENT_PREFIX_PATH', '/home/qianw/EECE5554/LAB4/src/matlab_msg_gen/glnxa64/install:/home/qianw/MATLAB/R2024b/sys/ros2/glnxa64/ros2:/home/qianw/MATLAB/R2024b/sys/ros2/glnxa64/ros2'), ('SHELL', '/bin/bash'), ('CMAKE_PATH', '/home/qianw/MATLAB/R2024b/bin/glnxa64/cmake/bin'), ('XFILESEARCHPATH', '/home/qianw/MATLAB/R2024b/sys/java/jre/glnxa64/jre/lib/locale/%L/%T/%N%S:'), ('QT_ACCESSIBILITY', '1'), ('GDMSESSION', 'ubuntu'), ('OSG_LD_LIBRARY_PATH', '/home/qianw/MATLAB/R2024b/sys/openscenegraph/lib/glnxa64'), ('VIRTUAL_ENV', '/home/qianw/.matlab/R2024b/ros2/glnxa64/venv'), ('CUSTOM_PATH', ''), ('KMP_STACKSIZE', '512k'), ('QT_IM_MODULE', 'ibus'), ('PWD', '/home/qianw/EECE5554/LAB3/src/matlab_msg_gen/glnxa64/build/imu_interface'), ('XDG_CONFIG_DIRS', '/etc/xdg/xdg-ubuntu:/etc/xdg'), ('DYLD_LIBRARY_PATH', ':/home/qianw/MATLAB/R2024b/sys/ros2/glnxa64/ros2/lib:'), ('DBUS_STARTER_ADDRESS', 'unix:path=/run/user/1000/bus,guid=1474c47e612689c2683acc2967edbc42'), ('XDG_DATA_DIRS', '/usr/share/ubuntu:/usr/local/share/:/usr/share/:/var/lib/snapd/desktop'), ('MKL_NUM_THREADS', ''), ('MW_PATCH_OFFSETS', '0000117000002EA0'), ('PYTHONPATH', ':/home/qianw/MATLAB/R2024b/sys/ros2/glnxa64/ros2/lib/python3.9/site-packages:/home/qianw/.matlab/R2024b/ros2/glnxa64/venv/lib/python3.10/site-packages:'), ('LC_NUMERIC', 'C'), ('COLCON', '1'), ('VTE_VERSION', '6800'), ('CMAKE_PREFIX_PATH', '/home/qianw/EECE5554/LAB4/src/matlab_msg_gen/glnxa64/install:/home/qianw/MATLAB/R2024b/sys/ros2/glnxa64/ros2:/home/qianw/MATLAB/R2024b/sys/ros2/glnxa64/ros2')]), 'shell': False}
[32.590201] (imu_interface) StdoutLine: {'line': b'-- Install configuration: "Release"\n'}
[32.590532] (imu_interface) StdoutLine: {'line': b'-- Installing: /home/qianw/EECE5554/LAB3/src/matlab_msg_gen/glnxa64/install/share/ament_index/resource_index/rosidl_interfaces/imu_interface\n'}
[32.590734] (imu_interface) StdoutLine: {'line': b'-- Installing: /home/qianw/EECE5554/LAB3/src/matlab_msg_gen/glnxa64/install/include/imu_interface/imu_interface\n'}
[32.591091] (imu_interface) StdoutLine: {'line': b'-- Installing: /home/qianw/EECE5554/LAB3/src/matlab_msg_gen/glnxa64/install/include/imu_interface/imu_interface/msg\n'}
[32.591296] (imu_interface) StdoutLine: {'line': b'-- Installing: /home/qianw/EECE5554/LAB3/src/matlab_msg_gen/glnxa64/install/include/imu_interface/imu_interface/msg/detail\n'}
[32.591480] (imu_interface) StdoutLine: {'line': b'-- Installing: /home/qianw/EECE5554/LAB3/src/matlab_msg_gen/glnxa64/install/include/imu_interface/imu_interface/msg/detail/im_umsg__struct.h\n'}
[32.591787] (imu_interface) StdoutLine: {'line': b'-- Installing: /home/qianw/EECE5554/LAB3/src/matlab_msg_gen/glnxa64/install/include/imu_interface/imu_interface/msg/detail/im_umsg__type_support.h\n'}
[32.591909] (imu_interface) StdoutLine: {'line': b'-- Installing: /home/qianw/EECE5554/LAB3/src/matlab_msg_gen/glnxa64/install/include/imu_interface/imu_interface/msg/detail/im_umsg__functions.h\n'}
[32.592005] (imu_interface) StdoutLine: {'line': b'-- Installing: /home/qianw/EECE5554/LAB3/src/matlab_msg_gen/glnxa64/install/include/imu_interface/imu_interface/msg/detail/im_umsg__functions.c\n'}
[32.592154] (imu_interface) StdoutLine: {'line': b'-- Installing: /home/qianw/EECE5554/LAB3/src/matlab_msg_gen/glnxa64/install/include/imu_interface/imu_interface/msg/rosidl_generator_c__visibility_control.h\n'}
[32.592330] (imu_interface) StdoutLine: {'line': b'-- Installing: /home/qianw/EECE5554/LAB3/src/matlab_msg_gen/glnxa64/install/include/imu_interface/imu_interface/msg/im_umsg.h\n'}
[32.592529] (imu_interface) StdoutLine: {'line': b'-- Installing: /home/qianw/EECE5554/LAB3/src/matlab_msg_gen/glnxa64/install/share/imu_interface/environment/library_path.sh\n'}
[32.592728] (imu_interface) StdoutLine: {'line': b'-- Installing: /home/qianw/EECE5554/LAB3/src/matlab_msg_gen/glnxa64/install/share/imu_interface/environment/library_path.dsv\n'}
[32.592925] (imu_interface) StdoutLine: {'line': b'-- Installing: /home/qianw/EECE5554/LAB3/src/matlab_msg_gen/glnxa64/install/lib/libimu_interface__rosidl_generator_c.so\n'}
[32.593198] (imu_interface) StdoutLine: {'line': b'-- Up-to-date: /home/qianw/EECE5554/LAB3/src/matlab_msg_gen/glnxa64/install/include/imu_interface/imu_interface\n'}
[32.593478] (imu_interface) StdoutLine: {'line': b'-- Up-to-date: /home/qianw/EECE5554/LAB3/src/matlab_msg_gen/glnxa64/install/include/imu_interface/imu_interface/msg\n'}
[32.593673] (imu_interface) StdoutLine: {'line': b'-- Up-to-date: /home/qianw/EECE5554/LAB3/src/matlab_msg_gen/glnxa64/install/include/imu_interface/imu_interface/msg/detail\n'}
[32.593786] (imu_interface) StdoutLine: {'line': b'-- Installing: /home/qianw/EECE5554/LAB3/src/matlab_msg_gen/glnxa64/install/include/imu_interface/imu_interface/msg/detail/im_umsg__rosidl_typesupport_fastrtps_c.h\n'}
[32.593974] (imu_interface) StdoutLine: {'line': b'-- Installing: /home/qianw/EECE5554/LAB3/src/matlab_msg_gen/glnxa64/install/include/imu_interface/imu_interface/msg/rosidl_typesupport_fastrtps_c__visibility_control.h\n'}
[32.594736] (imu_interface) StdoutLine: {'line': b'-- Installing: /home/qianw/EECE5554/LAB3/src/matlab_msg_gen/glnxa64/install/lib/libimu_interface__rosidl_typesupport_fastrtps_c.so\n'}
[32.595081] (imu_interface) StdoutLine: {'line': b'-- Up-to-date: /home/qianw/EECE5554/LAB3/src/matlab_msg_gen/glnxa64/install/include/imu_interface/imu_interface\n'}
[32.595316] (imu_interface) StdoutLine: {'line': b'-- Up-to-date: /home/qianw/EECE5554/LAB3/src/matlab_msg_gen/glnxa64/install/include/imu_interface/imu_interface/msg\n'}
[32.595513] (imu_interface) StdoutLine: {'line': b'-- Up-to-date: /home/qianw/EECE5554/LAB3/src/matlab_msg_gen/glnxa64/install/include/imu_interface/imu_interface/msg/detail\n'}
[32.595617] (imu_interface) StdoutLine: {'line': b'-- Installing: /home/qianw/EECE5554/LAB3/src/matlab_msg_gen/glnxa64/install/include/imu_interface/imu_interface/msg/detail/im_umsg__rosidl_typesupport_introspection_c.h\n'}
[32.595817] (imu_interface) StdoutLine: {'line': b'-- Installing: /home/qianw/EECE5554/LAB3/src/matlab_msg_gen/glnxa64/install/include/imu_interface/imu_interface/msg/detail/im_umsg__type_support.c\n'}
[32.596432] (imu_interface) StdoutLine: {'line': b'-- Installing: /home/qianw/EECE5554/LAB3/src/matlab_msg_gen/glnxa64/install/include/imu_interface/imu_interface/msg/rosidl_typesupport_introspection_c__visibility_control.h\n'}
[32.596541] (imu_interface) StdoutLine: {'line': b'-- Installing: /home/qianw/EECE5554/LAB3/src/matlab_msg_gen/glnxa64/install/lib/libimu_interface__rosidl_typesupport_introspection_c.so\n'}
[32.596628] (imu_interface) StdoutLine: {'line': b'-- Installing: /home/qianw/EECE5554/LAB3/src/matlab_msg_gen/glnxa64/install/lib/libimu_interface__rosidl_typesupport_c.so\n'}
[32.596710] (imu_interface) StdoutLine: {'line': b'-- Up-to-date: /home/qianw/EECE5554/LAB3/src/matlab_msg_gen/glnxa64/install/include/imu_interface/imu_interface\n'}
[32.596789] (imu_interface) StdoutLine: {'line': b'-- Up-to-date: /home/qianw/EECE5554/LAB3/src/matlab_msg_gen/glnxa64/install/include/imu_interface/imu_interface/msg\n'}
[32.596962] (imu_interface) StdoutLine: {'line': b'-- Up-to-date: /home/qianw/EECE5554/LAB3/src/matlab_msg_gen/glnxa64/install/include/imu_interface/imu_interface/msg/detail\n'}
[32.597535] (imu_interface) StdoutLine: {'line': b'-- Installing: /home/qianw/EECE5554/LAB3/src/matlab_msg_gen/glnxa64/install/include/imu_interface/imu_interface/msg/detail/im_umsg__struct.hpp\n'}
[32.597795] (imu_interface) StdoutLine: {'line': b'-- Installing: /home/qianw/EECE5554/LAB3/src/matlab_msg_gen/glnxa64/install/include/imu_interface/imu_interface/msg/detail/im_umsg__builder.hpp\n'}
[32.599339] (imu_interface) StdoutLine: {'line': b'-- Installing: /home/qianw/EECE5554/LAB3/src/matlab_msg_gen/glnxa64/install/include/imu_interface/imu_interface/msg/detail/im_umsg__traits.hpp\n'}
[32.599478] (imu_interface) StdoutLine: {'line': b'-- Installing: /home/qianw/EECE5554/LAB3/src/matlab_msg_gen/glnxa64/install/include/imu_interface/imu_interface/msg/im_umsg.hpp\n'}
[32.599570] (imu_interface) StdoutLine: {'line': b'-- Up-to-date: /home/qianw/EECE5554/LAB3/src/matlab_msg_gen/glnxa64/install/include/imu_interface/imu_interface\n'}
[32.599653] (imu_interface) StdoutLine: {'line': b'-- Up-to-date: /home/qianw/EECE5554/LAB3/src/matlab_msg_gen/glnxa64/install/include/imu_interface/imu_interface/msg\n'}
[32.599734] (imu_interface) StdoutLine: {'line': b'-- Up-to-date: /home/qianw/EECE5554/LAB3/src/matlab_msg_gen/glnxa64/install/include/imu_interface/imu_interface/msg/detail\n'}
[32.599812] (imu_interface) StdoutLine: {'line': b'-- Installing: /home/qianw/EECE5554/LAB3/src/matlab_msg_gen/glnxa64/install/include/imu_interface/imu_interface/msg/detail/im_umsg__rosidl_typesupport_fastrtps_cpp.hpp\n'}
[32.599889] (imu_interface) StdoutLine: {'line': b'-- Installing: /home/qianw/EECE5554/LAB3/src/matlab_msg_gen/glnxa64/install/include/imu_interface/imu_interface/msg/detail/dds_fastrtps\n'}
[32.599974] (imu_interface) StdoutLine: {'line': b'-- Installing: /home/qianw/EECE5554/LAB3/src/matlab_msg_gen/glnxa64/install/include/imu_interface/imu_interface/msg/rosidl_typesupport_fastrtps_cpp__visibility_control.h\n'}
[32.600064] (imu_interface) StdoutLine: {'line': b'-- Installing: /home/qianw/EECE5554/LAB3/src/matlab_msg_gen/glnxa64/install/lib/libimu_interface__rosidl_typesupport_fastrtps_cpp.so\n'}
[32.600151] (imu_interface) StdoutLine: {'line': b'-- Up-to-date: /home/qianw/EECE5554/LAB3/src/matlab_msg_gen/glnxa64/install/include/imu_interface/imu_interface\n'}
[32.600236] (imu_interface) StdoutLine: {'line': b'-- Up-to-date: /home/qianw/EECE5554/LAB3/src/matlab_msg_gen/glnxa64/install/include/imu_interface/imu_interface/msg\n'}
[32.600475] (imu_interface) StdoutLine: {'line': b'-- Up-to-date: /home/qianw/EECE5554/LAB3/src/matlab_msg_gen/glnxa64/install/include/imu_interface/imu_interface/msg/detail\n'}
[32.600765] (imu_interface) StdoutLine: {'line': b'-- Installing: /home/qianw/EECE5554/LAB3/src/matlab_msg_gen/glnxa64/install/include/imu_interface/imu_interface/msg/detail/im_umsg__rosidl_typesupport_introspection_cpp.hpp\n'}
[32.601073] (imu_interface) StdoutLine: {'line': b'-- Installing: /home/qianw/EECE5554/LAB3/src/matlab_msg_gen/glnxa64/install/include/imu_interface/imu_interface/msg/detail/im_umsg__type_support.cpp\n'}
[32.601304] (imu_interface) StdoutLine: {'line': b'-- Installing: /home/qianw/EECE5554/LAB3/src/matlab_msg_gen/glnxa64/install/lib/libimu_interface__rosidl_typesupport_introspection_cpp.so\n'}
[32.601392] (imu_interface) StdoutLine: {'line': b'-- Installing: /home/qianw/EECE5554/LAB3/src/matlab_msg_gen/glnxa64/install/lib/libimu_interface__rosidl_typesupport_cpp.so\n'}
[32.601471] (imu_interface) StdoutLine: {'line': b'-- Installing: /home/qianw/EECE5554/LAB3/src/matlab_msg_gen/glnxa64/install/share/imu_interface/msg/IMUmsg.idl\n'}
[32.601551] (imu_interface) StdoutLine: {'line': b'-- Installing: /home/qianw/EECE5554/LAB3/src/matlab_msg_gen/glnxa64/install/share/imu_interface/msg/IMUmsg.msg\n'}
[32.601629] (imu_interface) StdoutLine: {'line': b'-- Up-to-date: /home/qianw/EECE5554/LAB3/src/matlab_msg_gen/glnxa64/install/include\n'}
[32.601707] (imu_interface) StdoutLine: {'line': b'-- Up-to-date: /home/qianw/EECE5554/LAB3/src/matlab_msg_gen/glnxa64/install/include/imu_interface\n'}
[32.601785] (imu_interface) StdoutLine: {'line': b'-- Installing: /home/qianw/EECE5554/LAB3/src/matlab_msg_gen/glnxa64/install/include/imu_interface/visibility_control.h\n'}
[32.602168] (imu_interface) StdoutLine: {'line': b'-- Installing: /home/qianw/EECE5554/LAB3/src/matlab_msg_gen/glnxa64/install/lib/libimu_interface_matlab.so\n'}
[32.609849] (imu_interface) StdoutLine: {'line': b'-- Installing: /home/qianw/EECE5554/LAB3/src/matlab_msg_gen/glnxa64/install/m/\n'}
[32.610457] (imu_interface) StdoutLine: {'line': b'-- Installing: /home/qianw/EECE5554/LAB3/src/matlab_msg_gen/glnxa64/install/m//+ros\n'}
[32.611090] (imu_interface) StdoutLine: {'line': b'-- Installing: /home/qianw/EECE5554/LAB3/src/matlab_msg_gen/glnxa64/install/m//+ros/+internal\n'}
[32.611394] (imu_interface) StdoutLine: {'line': b'-- Installing: /home/qianw/EECE5554/LAB3/src/matlab_msg_gen/glnxa64/install/m//+ros/+internal/+ros2\n'}
[32.611755] (imu_interface) StdoutLine: {'line': b'-- Installing: /home/qianw/EECE5554/LAB3/src/matlab_msg_gen/glnxa64/install/m//+ros/+internal/+ros2/+custommessages\n'}
[32.612040] (-) TimerEvent: {}
[32.612286] (imu_interface) StdoutLine: {'line': b'-- Installing: /home/qianw/EECE5554/LAB3/src/matlab_msg_gen/glnxa64/install/m//+ros/+internal/+ros2/+custommessages/+imu_interface\n'}
[32.612586] (imu_interface) StdoutLine: {'line': b'-- Installing: /home/qianw/EECE5554/LAB3/src/matlab_msg_gen/glnxa64/install/m//+ros/+internal/+ros2/+custommessages/+imu_interface/iMUmsg.m\n'}
[32.612778] (imu_interface) StdoutLine: {'line': b'-- Installing: /home/qianw/EECE5554/LAB3/src/matlab_msg_gen/glnxa64/install/share/ament_index/resource_index/package_run_dependencies/imu_interface\n'}
[32.613345] (imu_interface) StdoutLine: {'line': b'-- Installing: /home/qianw/EECE5554/LAB3/src/matlab_msg_gen/glnxa64/install/share/ament_index/resource_index/parent_prefix_path/imu_interface\n'}
[32.614004] (imu_interface) StdoutLine: {'line': b'-- Installing: /home/qianw/EECE5554/LAB3/src/matlab_msg_gen/glnxa64/install/share/imu_interface/environment/ament_prefix_path.sh\n'}
[32.614539] (imu_interface) StdoutLine: {'line': b'-- Installing: /home/qianw/EECE5554/LAB3/src/matlab_msg_gen/glnxa64/install/share/imu_interface/environment/ament_prefix_path.dsv\n'}
[32.614838] (imu_interface) StdoutLine: {'line': b'-- Installing: /home/qianw/EECE5554/LAB3/src/matlab_msg_gen/glnxa64/install/share/imu_interface/environment/path.sh\n'}
[32.615170] (imu_interface) StdoutLine: {'line': b'-- Installing: /home/qianw/EECE5554/LAB3/src/matlab_msg_gen/glnxa64/install/share/imu_interface/environment/path.dsv\n'}
[32.615362] (imu_interface) StdoutLine: {'line': b'-- Installing: /home/qianw/EECE5554/LAB3/src/matlab_msg_gen/glnxa64/install/share/imu_interface/local_setup.bash\n'}
[32.615644] (imu_interface) StdoutLine: {'line': b'-- Installing: /home/qianw/EECE5554/LAB3/src/matlab_msg_gen/glnxa64/install/share/imu_interface/local_setup.sh\n'}
[32.615826] (imu_interface) StdoutLine: {'line': b'-- Installing: /home/qianw/EECE5554/LAB3/src/matlab_msg_gen/glnxa64/install/share/imu_interface/local_setup.zsh\n'}
[32.616052] (imu_interface) StdoutLine: {'line': b'-- Installing: /home/qianw/EECE5554/LAB3/src/matlab_msg_gen/glnxa64/install/share/imu_interface/local_setup.dsv\n'}
[32.616221] (imu_interface) StdoutLine: {'line': b'-- Installing: /home/qianw/EECE5554/LAB3/src/matlab_msg_gen/glnxa64/install/share/imu_interface/package.dsv\n'}
[32.616396] (imu_interface) StdoutLine: {'line': b'-- Installing: /home/qianw/EECE5554/LAB3/src/matlab_msg_gen/glnxa64/install/share/ament_index/resource_index/packages/imu_interface\n'}
[32.616612] (imu_interface) StdoutLine: {'line': b'-- Installing: /home/qianw/EECE5554/LAB3/src/matlab_msg_gen/glnxa64/install/share/imu_interface/cmake/export_imu_interface__rosidl_generator_cExport.cmake\n'}
[32.616835] (imu_interface) StdoutLine: {'line': b'-- Installing: /home/qianw/EECE5554/LAB3/src/matlab_msg_gen/glnxa64/install/share/imu_interface/cmake/export_imu_interface__rosidl_generator_cExport-release.cmake\n'}
[32.617213] (imu_interface) StdoutLine: {'line': b'-- Installing: /home/qianw/EECE5554/LAB3/src/matlab_msg_gen/glnxa64/install/share/imu_interface/cmake/export_imu_interface__rosidl_typesupport_fastrtps_cExport.cmake\n'}
[32.617537] (imu_interface) StdoutLine: {'line': b'-- Installing: /home/qianw/EECE5554/LAB3/src/matlab_msg_gen/glnxa64/install/share/imu_interface/cmake/export_imu_interface__rosidl_typesupport_fastrtps_cExport-release.cmake\n'}
[32.617743] (imu_interface) StdoutLine: {'line': b'-- Installing: /home/qianw/EECE5554/LAB3/src/matlab_msg_gen/glnxa64/install/share/imu_interface/cmake/imu_interface__rosidl_typesupport_introspection_cExport.cmake\n'}
[32.617929] (imu_interface) StdoutLine: {'line': b'-- Installing: /home/qianw/EECE5554/LAB3/src/matlab_msg_gen/glnxa64/install/share/imu_interface/cmake/imu_interface__rosidl_typesupport_introspection_cExport-release.cmake\n'}
[32.618155] (imu_interface) StdoutLine: {'line': b'-- Installing: /home/qianw/EECE5554/LAB3/src/matlab_msg_gen/glnxa64/install/share/imu_interface/cmake/imu_interface__rosidl_typesupport_cExport.cmake\n'}
[32.618285] (imu_interface) StdoutLine: {'line': b'-- Installing: /home/qianw/EECE5554/LAB3/src/matlab_msg_gen/glnxa64/install/share/imu_interface/cmake/imu_interface__rosidl_typesupport_cExport-release.cmake\n'}
[32.618475] (imu_interface) StdoutLine: {'line': b'-- Installing: /home/qianw/EECE5554/LAB3/src/matlab_msg_gen/glnxa64/install/share/imu_interface/cmake/export_imu_interface__rosidl_generator_cppExport.cmake\n'}
[32.618579] (imu_interface) StdoutLine: {'line': b'-- Installing: /home/qianw/EECE5554/LAB3/src/matlab_msg_gen/glnxa64/install/share/imu_interface/cmake/export_imu_interface__rosidl_typesupport_fastrtps_cppExport.cmake\n'}
[32.618709] (imu_interface) StdoutLine: {'line': b'-- Installing: /home/qianw/EECE5554/LAB3/src/matlab_msg_gen/glnxa64/install/share/imu_interface/cmake/export_imu_interface__rosidl_typesupport_fastrtps_cppExport-release.cmake\n'}
[32.619050] (imu_interface) StdoutLine: {'line': b'-- Installing: /home/qianw/EECE5554/LAB3/src/matlab_msg_gen/glnxa64/install/share/imu_interface/cmake/imu_interface__rosidl_typesupport_introspection_cppExport.cmake\n'}
[32.619197] (imu_interface) StdoutLine: {'line': b'-- Installing: /home/qianw/EECE5554/LAB3/src/matlab_msg_gen/glnxa64/install/share/imu_interface/cmake/imu_interface__rosidl_typesupport_introspection_cppExport-release.cmake\n'}
[32.619374] (imu_interface) StdoutLine: {'line': b'-- Installing: /home/qianw/EECE5554/LAB3/src/matlab_msg_gen/glnxa64/install/share/imu_interface/cmake/imu_interface__rosidl_typesupport_cppExport.cmake\n'}
[32.619499] (imu_interface) StdoutLine: {'line': b'-- Installing: /home/qianw/EECE5554/LAB3/src/matlab_msg_gen/glnxa64/install/share/imu_interface/cmake/imu_interface__rosidl_typesupport_cppExport-release.cmake\n'}
[32.619603] (imu_interface) StdoutLine: {'line': b'-- Installing: /home/qianw/EECE5554/LAB3/src/matlab_msg_gen/glnxa64/install/share/imu_interface/cmake/rosidl_cmake-extras.cmake\n'}
[32.620036] (imu_interface) StdoutLine: {'line': b'-- Installing: /home/qianw/EECE5554/LAB3/src/matlab_msg_gen/glnxa64/install/share/imu_interface/cmake/ament_cmake_export_dependencies-extras.cmake\n'}
[32.620304] (imu_interface) StdoutLine: {'line': b'-- Installing: /home/qianw/EECE5554/LAB3/src/matlab_msg_gen/glnxa64/install/share/imu_interface/cmake/ament_cmake_export_include_directories-extras.cmake\n'}
[32.620408] (imu_interface) StdoutLine: {'line': b'-- Installing: /home/qianw/EECE5554/LAB3/src/matlab_msg_gen/glnxa64/install/share/imu_interface/cmake/ament_cmake_export_libraries-extras.cmake\n'}
[32.620524] (imu_interface) StdoutLine: {'line': b'-- Installing: /home/qianw/EECE5554/LAB3/src/matlab_msg_gen/glnxa64/install/share/imu_interface/cmake/ament_cmake_export_targets-extras.cmake\n'}
[32.620624] (imu_interface) StdoutLine: {'line': b'-- Installing: /home/qianw/EECE5554/LAB3/src/matlab_msg_gen/glnxa64/install/share/imu_interface/cmake/rosidl_cmake_export_typesupport_targets-extras.cmake\n'}
[32.620725] (imu_interface) StdoutLine: {'line': b'-- Installing: /home/qianw/EECE5554/LAB3/src/matlab_msg_gen/glnxa64/install/share/imu_interface/cmake/rosidl_cmake_export_typesupport_libraries-extras.cmake\n'}
[32.621037] (imu_interface) StdoutLine: {'line': b'-- Installing: /home/qianw/EECE5554/LAB3/src/matlab_msg_gen/glnxa64/install/share/imu_interface/cmake/imu_interfaceConfig.cmake\n'}
[32.621190] (imu_interface) StdoutLine: {'line': b'-- Installing: /home/qianw/EECE5554/LAB3/src/matlab_msg_gen/glnxa64/install/share/imu_interface/cmake/imu_interfaceConfig-version.cmake\n'}
[32.621284] (imu_interface) StdoutLine: {'line': b'-- Installing: /home/qianw/EECE5554/LAB3/src/matlab_msg_gen/glnxa64/install/share/imu_interface/package.xml\n'}
[32.626358] (imu_interface) CommandEnded: {'returncode': 0}
[32.712676] (-) TimerEvent: {}
[32.815293] (-) TimerEvent: {}
[32.819245] (imu_interface) JobEnded: {'identifier': 'imu_interface', 'rc': 0}
[32.820210] (-) EventReactorShutdown: {}
