[0.000000] (-) TimerEvent: {}
[0.000285] (gps_interface) JobQueued: {'identifier': 'gps_interface', 'dependencies': OrderedDict()}
[0.000379] (imu_interface) JobQueued: {'identifier': 'imu_interface', 'dependencies': OrderedDict()}
[0.000505] (gps_interface) JobStarted: {'identifier': 'gps_interface'}
[0.097495] (-) TimerEvent: {}
[0.109490] (imu_interface) JobStarted: {'identifier': 'imu_interface'}
[0.175980] (gps_interface) JobProgress: {'identifier': 'gps_interface', 'progress': 'cmake'}
[0.181004] (gps_interface) JobProgress: {'identifier': 'gps_interface', 'progress': 'build'}
[0.181096] (gps_interface) Command: {'cmd': ['/home/qianw/MATLAB/R2024b/bin/glnxa64/cmake/bin/cmake', '--build', '/home/qianw/EECE5554/LAB4/src/matlab_msg_gen/glnxa64/build/gps_interface', '--', '-j8', '-l8'], 'cwd': '/home/qianw/EECE5554/LAB4/src/matlab_msg_gen/glnxa64/build/gps_interface', 'env': OrderedDict([('ARCH', 'glnxa64'), ('CUSTOM_LD_LIBRARY_PATH', ''), ('USER', 'qianw'), ('LOCAL_PYTHON_VENV_PATH', '/home/qianw/.matlab/R2024b/ros2/glnxa64/venv'), ('MEMKIND_HEAP_MANAGER', 'TBB'), ('CUSTOM_AMENT_PREFIX_PATH', '/home/qianw/EECE5554/LAB4/src/matlab_msg_gen/glnxa64/install:/home/qianw/MATLAB/R2024b/sys/ros2/glnxa64/ros2'), ('XDG_SESSION_TYPE', 'wayland'), ('KMP_HANDLE_SIGNALS', '0'), ('SHLVL', '1'), ('ICU_TIMEZONE_FILES_DIR', '/home/qianw/MATLAB/R2024b/bin/icutzdata'), ('LD_LIBRARY_PATH', ':/home/qianw/MATLAB/R2024b/sys/ros2/glnxa64/ros2/lib:/home/qianw/MATLAB/R2024b/sys/os/glnxa64:/home/qianw/MATLAB/R2024b/bin/glnxa64:/home/qianw/.MathWorks/IBOBuGAy6RMKv1qSO913GEckBr8xCIOmhZgwU7Cewvg/bin/glnxa64:/home/qianw/MATLAB/R2024b/extern/lib/glnxa64:/home/qianw/MATLAB/R2024b/cefclient/sys/os/glnxa64:/home/qianw/MATLAB/R2024b/sys/java/jre/glnxa64/jre/lib/amd64/native_threads:/home/qianw/MATLAB/R2024b/sys/java/jre/glnxa64/jre/lib/amd64/server'), ('BASEMATLABPATH', ''), ('HOME', '/home/qianw'), ('AUTOMOUNT_MAP', ''), ('OLDPWD', '/home/qianw/MATLAB/R2024b'), ('DESKTOP_SESSION', 'ubuntu'), ('MW_LD_SHIM', '/home/qianw/MATLAB/R2024b/bin/glnxa64/ld_shim.so.2.35.ubuntu_22_04'), ('GNOME_SHELL_SESSION_MODE', 'ubuntu'), ('GTK_MODULES', ''), ('KMP_BLOCKTIME', '1'), ('PS1', '(venv)'), ('LIBVA_MESSAGING_LEVEL', '0'), ('DBUS_STARTER_BUS_TYPE', 'session'), ('SYSTEMD_EXEC_PID', '1484'), ('DBUS_SESSION_BUS_ADDRESS', 'unix:path=/run/user/1000/bus,guid=331c74e4606934545a7c296767f42544'), ('COLORTERM', 'truecolor'), ('CUSTOM_SITE_PACKAGES_PATH', ''), ('IM_CONFIG_PHASE', '1'), ('WAYLAND_DISPLAY', 'wayland-0'), ('COLCON_PREFIX_PATH', '/home/qianw/EECE5554/LAB4/src/matlab_msg_gen/glnxa64/install:/home/qianw/MATLAB/R2024b/sys/ros2/glnxa64/ros2:/home/qianw/MATLAB/R2024b/sys/ros2/glnxa64/ros2'), ('ROS_DISTRO', 'humble'), ('LOGNAME', 'qianw'), ('MATLAB_MEM_MGR_VALUE', ''), ('_', '/home/qianw/.matlab/R2024b/ros2/glnxa64/venv/bin/colcon'), ('PKG_CONFIG_PATH', '/home/qianw/MATLAB/R2024b/sys/ros2/glnxa64/ros2/lib/pkgconfig'), ('XDG_SESSION_CLASS', 'user'), ('USERNAME', 'qianw'), ('TERM', 'dumb'), ('GNOME_DESKTOP_SESSION_ID', 'this-is-deprecated'), ('PATH', '/home/qianw/MATLAB/R2024b/bin/glnxa64/cmake/bin::/home/qianw/MATLAB/R2024b/sys/ros2/glnxa64/ros2/bin:/home/qianw/.matlab/R2024b/ros2/glnxa64/venv/bin:/home/qianw/.matlab/R2024b/ros2/glnxa64/venv/bin:/home/qianw/MATLAB/R2024b/toolbox/shared/coder/ninja/glnxa64:/home/qianw/.local/bin:/usr/local/sbin:/usr/local/bin:/usr/sbin:/usr/bin:/sbin:/bin:/usr/games:/usr/local/games:/snap/bin:/snap/bin'), ('SESSION_MANAGER', 'local/Loounx2:@/tmp/.ICE-unix/1484,unix/Loounx2:/tmp/.ICE-unix/1484'), ('XDG_MENU_PREFIX', 'gnome-'), ('GNOME_TERMINAL_SCREEN', '/org/gnome/Terminal/screen/37868b00_e2e4_40ca_87f3_1ec651e0ca25'), ('GNOME_SETUP_DISPLAY', ':1'), ('XDG_RUNTIME_DIR', '/run/user/1000'), ('TOOLBOX', '/home/qianw/MATLAB/R2024b/toolbox'), ('MKL_DOMAIN_NUM_THREADS', ''), ('KMP_INIT_AT_FORK', 'false'), ('DISPLAY', ':0'), ('LD_PRELOAD', ''), ('LANG', 'en_US.UTF-8'), ('XDG_CURRENT_DESKTOP', 'ubuntu:GNOME'), ('PRE_LD_PRELOAD', ''), ('VIRTUAL_ENV_PROMPT', '(venv)'), ('XMODIFIERS', '@im=ibus'), ('XDG_SESSION_DESKTOP', 'ubuntu'), ('XAUTHORITY', '/run/user/1000/.mutter-Xwaylandauth.QUYU42'), ('GNOME_TERMINAL_SERVICE', ':1.164'), ('SSH_AGENT_LAUNCHER', 'gnome-keyring'), ('SSH_AUTH_SOCK', '/run/user/1000/keyring/ssh'), ('AMENT_PREFIX_PATH', '/home/qianw/EECE5554/LAB4/src/matlab_msg_gen/glnxa64/install:/home/qianw/MATLAB/R2024b/sys/ros2/glnxa64/ros2:/home/qianw/MATLAB/R2024b/sys/ros2/glnxa64/ros2'), ('SHELL', '/bin/bash'), ('CMAKE_PATH', '/home/qianw/MATLAB/R2024b/bin/glnxa64/cmake/bin'), ('XFILESEARCHPATH', '/home/qianw/MATLAB/R2024b/sys/java/jre/glnxa64/jre/lib/locale/%L/%T/%N%S:'), ('QT_ACCESSIBILITY', '1'), ('GDMSESSION', 'ubuntu'), ('OSG_LD_LIBRARY_PATH', '/home/qianw/MATLAB/R2024b/sys/openscenegraph/lib/glnxa64'), ('VIRTUAL_ENV', '/home/qianw/.matlab/R2024b/ros2/glnxa64/venv'), ('CUSTOM_PATH', ''), ('KMP_STACKSIZE', '512k'), ('QT_IM_MODULE', 'ibus'), ('PWD', '/home/qianw/EECE5554/LAB4/src/matlab_msg_gen/glnxa64/build/gps_interface'), ('XDG_CONFIG_DIRS', '/etc/xdg/xdg-ubuntu:/etc/xdg'), ('DYLD_LIBRARY_PATH', ':/home/qianw/MATLAB/R2024b/sys/ros2/glnxa64/ros2/lib:'), ('DBUS_STARTER_ADDRESS', 'unix:path=/run/user/1000/bus,guid=331c74e4606934545a7c296767f42544'), ('XDG_DATA_DIRS', '/usr/share/ubuntu:/usr/local/share/:/usr/share/:/var/lib/snapd/desktop'), ('MKL_NUM_THREADS', ''), ('MW_PATCH_OFFSETS', '0000117000002EA0'), ('PYTHONPATH', ':/home/qianw/MATLAB/R2024b/sys/ros2/glnxa64/ros2/lib/python3.9/site-packages:/home/qianw/.matlab/R2024b/ros2/glnxa64/venv/lib/python3.10/site-packages:'), ('LC_NUMERIC', 'C'), ('COLCON', '1'), ('VTE_VERSION', '6800'), ('CMAKE_PREFIX_PATH', '/home/qianw/EECE5554/LAB4/src/matlab_msg_gen/glnxa64/install:/home/qianw/MATLAB/R2024b/sys/ros2/glnxa64/ros2:/home/qianw/MATLAB/R2024b/sys/ros2/glnxa64/ros2')]), 'shell': False}
[0.192697] (imu_interface) JobProgress: {'identifier': 'imu_interface', 'progress': 'cmake'}
[0.207154] (imu_interface) JobProgress: {'identifier': 'imu_interface', 'progress': 'build'}
[0.207308] (-) TimerEvent: {}
[0.207452] (imu_interface) Command: {'cmd': ['/home/qianw/MATLAB/R2024b/bin/glnxa64/cmake/bin/cmake', '--build', '/home/qianw/EECE5554/LAB4/src/matlab_msg_gen/glnxa64/build/imu_interface', '--', '-j8', '-l8'], 'cwd': '/home/qianw/EECE5554/LAB4/src/matlab_msg_gen/glnxa64/build/imu_interface', 'env': OrderedDict([('ARCH', 'glnxa64'), ('CUSTOM_LD_LIBRARY_PATH', ''), ('USER', 'qianw'), ('LOCAL_PYTHON_VENV_PATH', '/home/qianw/.matlab/R2024b/ros2/glnxa64/venv'), ('MEMKIND_HEAP_MANAGER', 'TBB'), ('CUSTOM_AMENT_PREFIX_PATH', '/home/qianw/EECE5554/LAB4/src/matlab_msg_gen/glnxa64/install:/home/qianw/MATLAB/R2024b/sys/ros2/glnxa64/ros2'), ('XDG_SESSION_TYPE', 'wayland'), ('KMP_HANDLE_SIGNALS', '0'), ('SHLVL', '1'), ('ICU_TIMEZONE_FILES_DIR', '/home/qianw/MATLAB/R2024b/bin/icutzdata'), ('LD_LIBRARY_PATH', ':/home/qianw/MATLAB/R2024b/sys/ros2/glnxa64/ros2/lib:/home/qianw/MATLAB/R2024b/sys/os/glnxa64:/home/qianw/MATLAB/R2024b/bin/glnxa64:/home/qianw/.MathWorks/IBOBuGAy6RMKv1qSO913GEckBr8xCIOmhZgwU7Cewvg/bin/glnxa64:/home/qianw/MATLAB/R2024b/extern/lib/glnxa64:/home/qianw/MATLAB/R2024b/cefclient/sys/os/glnxa64:/home/qianw/MATLAB/R2024b/sys/java/jre/glnxa64/jre/lib/amd64/native_threads:/home/qianw/MATLAB/R2024b/sys/java/jre/glnxa64/jre/lib/amd64/server'), ('BASEMATLABPATH', ''), ('HOME', '/home/qianw'), ('AUTOMOUNT_MAP', ''), ('OLDPWD', '/home/qianw/MATLAB/R2024b'), ('DESKTOP_SESSION', 'ubuntu'), ('MW_LD_SHIM', '/home/qianw/MATLAB/R2024b/bin/glnxa64/ld_shim.so.2.35.ubuntu_22_04'), ('GNOME_SHELL_SESSION_MODE', 'ubuntu'), ('GTK_MODULES', ''), ('KMP_BLOCKTIME', '1'), ('PS1', '(venv)'), ('LIBVA_MESSAGING_LEVEL', '0'), ('DBUS_STARTER_BUS_TYPE', 'session'), ('SYSTEMD_EXEC_PID', '1484'), ('DBUS_SESSION_BUS_ADDRESS', 'unix:path=/run/user/1000/bus,guid=331c74e4606934545a7c296767f42544'), ('COLORTERM', 'truecolor'), ('CUSTOM_SITE_PACKAGES_PATH', ''), ('IM_CONFIG_PHASE', '1'), ('WAYLAND_DISPLAY', 'wayland-0'), ('COLCON_PREFIX_PATH', '/home/qianw/EECE5554/LAB4/src/matlab_msg_gen/glnxa64/install:/home/qianw/MATLAB/R2024b/sys/ros2/glnxa64/ros2:/home/qianw/MATLAB/R2024b/sys/ros2/glnxa64/ros2'), ('ROS_DISTRO', 'humble'), ('LOGNAME', 'qianw'), ('MATLAB_MEM_MGR_VALUE', ''), ('_', '/home/qianw/.matlab/R2024b/ros2/glnxa64/venv/bin/colcon'), ('PKG_CONFIG_PATH', '/home/qianw/MATLAB/R2024b/sys/ros2/glnxa64/ros2/lib/pkgconfig'), ('XDG_SESSION_CLASS', 'user'), ('USERNAME', 'qianw'), ('TERM', 'dumb'), ('GNOME_DESKTOP_SESSION_ID', 'this-is-deprecated'), ('PATH', '/home/qianw/MATLAB/R2024b/bin/glnxa64/cmake/bin::/home/qianw/MATLAB/R2024b/sys/ros2/glnxa64/ros2/bin:/home/qianw/.matlab/R2024b/ros2/glnxa64/venv/bin:/home/qianw/.matlab/R2024b/ros2/glnxa64/venv/bin:/home/qianw/MATLAB/R2024b/toolbox/shared/coder/ninja/glnxa64:/home/qianw/.local/bin:/usr/local/sbin:/usr/local/bin:/usr/sbin:/usr/bin:/sbin:/bin:/usr/games:/usr/local/games:/snap/bin:/snap/bin'), ('SESSION_MANAGER', 'local/Loounx2:@/tmp/.ICE-unix/1484,unix/Loounx2:/tmp/.ICE-unix/1484'), ('XDG_MENU_PREFIX', 'gnome-'), ('GNOME_TERMINAL_SCREEN', '/org/gnome/Terminal/screen/37868b00_e2e4_40ca_87f3_1ec651e0ca25'), ('GNOME_SETUP_DISPLAY', ':1'), ('XDG_RUNTIME_DIR', '/run/user/1000'), ('TOOLBOX', '/home/qianw/MATLAB/R2024b/toolbox'), ('MKL_DOMAIN_NUM_THREADS', ''), ('KMP_INIT_AT_FORK', 'false'), ('DISPLAY', ':0'), ('LD_PRELOAD', ''), ('LANG', 'en_US.UTF-8'), ('XDG_CURRENT_DESKTOP', 'ubuntu:GNOME'), ('PRE_LD_PRELOAD', ''), ('VIRTUAL_ENV_PROMPT', '(venv)'), ('XMODIFIERS', '@im=ibus'), ('XDG_SESSION_DESKTOP', 'ubuntu'), ('XAUTHORITY', '/run/user/1000/.mutter-Xwaylandauth.QUYU42'), ('GNOME_TERMINAL_SERVICE', ':1.164'), ('SSH_AGENT_LAUNCHER', 'gnome-keyring'), ('SSH_AUTH_SOCK', '/run/user/1000/keyring/ssh'), ('AMENT_PREFIX_PATH', '/home/qianw/EECE5554/LAB4/src/matlab_msg_gen/glnxa64/install:/home/qianw/MATLAB/R2024b/sys/ros2/glnxa64/ros2:/home/qianw/MATLAB/R2024b/sys/ros2/glnxa64/ros2'), ('SHELL', '/bin/bash'), ('CMAKE_PATH', '/home/qianw/MATLAB/R2024b/bin/glnxa64/cmake/bin'), ('XFILESEARCHPATH', '/home/qianw/MATLAB/R2024b/sys/java/jre/glnxa64/jre/lib/locale/%L/%T/%N%S:'), ('QT_ACCESSIBILITY', '1'), ('GDMSESSION', 'ubuntu'), ('OSG_LD_LIBRARY_PATH', '/home/qianw/MATLAB/R2024b/sys/openscenegraph/lib/glnxa64'), ('VIRTUAL_ENV', '/home/qianw/.matlab/R2024b/ros2/glnxa64/venv'), ('CUSTOM_PATH', ''), ('KMP_STACKSIZE', '512k'), ('QT_IM_MODULE', 'ibus'), ('PWD', '/home/qianw/EECE5554/LAB4/src/matlab_msg_gen/glnxa64/build/imu_interface'), ('XDG_CONFIG_DIRS', '/etc/xdg/xdg-ubuntu:/etc/xdg'), ('DYLD_LIBRARY_PATH', ':/home/qianw/MATLAB/R2024b/sys/ros2/glnxa64/ros2/lib:'), ('DBUS_STARTER_ADDRESS', 'unix:path=/run/user/1000/bus,guid=331c74e4606934545a7c296767f42544'), ('XDG_DATA_DIRS', '/usr/share/ubuntu:/usr/local/share/:/usr/share/:/var/lib/snapd/desktop'), ('MKL_NUM_THREADS', ''), ('MW_PATCH_OFFSETS', '0000117000002EA0'), ('PYTHONPATH', ':/home/qianw/MATLAB/R2024b/sys/ros2/glnxa64/ros2/lib/python3.9/site-packages:/home/qianw/.matlab/R2024b/ros2/glnxa64/venv/lib/python3.10/site-packages:'), ('LC_NUMERIC', 'C'), ('COLCON', '1'), ('VTE_VERSION', '6800'), ('CMAKE_PREFIX_PATH', '/home/qianw/EECE5554/LAB4/src/matlab_msg_gen/glnxa64/install:/home/qianw/MATLAB/R2024b/sys/ros2/glnxa64/ros2:/home/qianw/MATLAB/R2024b/sys/ros2/glnxa64/ros2')]), 'shell': False}
[0.307710] (-) TimerEvent: {}
[0.334637] (imu_interface) StdoutLine: {'line': b'[0/1] Re-running CMake...\n'}
[0.334952] (gps_interface) StdoutLine: {'line': b'[0/1] Re-running CMake...\n'}
[0.393968] (imu_interface) StdoutLine: {'line': b'-- Found ament_cmake: 1.3.3 (/home/qianw/MATLAB/R2024b/sys/ros2/glnxa64/ros2/share/ament_cmake/cmake)\n'}
[0.394869] (gps_interface) StdoutLine: {'line': b'-- Found ament_cmake: 1.3.3 (/home/qianw/MATLAB/R2024b/sys/ros2/glnxa64/ros2/share/ament_cmake/cmake)\n'}
[0.407981] (-) TimerEvent: {}
[0.511492] (-) TimerEvent: {}
[0.613393] (-) TimerEvent: {}
[0.715509] (-) TimerEvent: {}
[0.816551] (-) TimerEvent: {}
[0.878852] (gps_interface) StdoutLine: {'line': b'-- Found ament_cmake_ros: 0.10.0 (/home/qianw/MATLAB/R2024b/sys/ros2/glnxa64/ros2/share/ament_cmake_ros/cmake)\n'}
[0.879782] (imu_interface) StdoutLine: {'line': b'-- Found ament_cmake_ros: 0.10.0 (/home/qianw/MATLAB/R2024b/sys/ros2/glnxa64/ros2/share/ament_cmake_ros/cmake)\n'}
[0.909079] (imu_interface) StdoutLine: {'line': b'-- Found rosidl_typesupport_c: 2.0.0 (/home/qianw/MATLAB/R2024b/sys/ros2/glnxa64/ros2/share/rosidl_typesupport_c/cmake)\n'}
[0.909866] (gps_interface) StdoutLine: {'line': b'-- Found rosidl_typesupport_c: 2.0.0 (/home/qianw/MATLAB/R2024b/sys/ros2/glnxa64/ros2/share/rosidl_typesupport_c/cmake)\n'}
[0.915006] (gps_interface) StdoutLine: {'line': b'-- Using all available rosidl_typesupport_c: rosidl_typesupport_fastrtps_c;rosidl_typesupport_introspection_c\n'}
[0.916606] (imu_interface) StdoutLine: {'line': b'-- Using all available rosidl_typesupport_c: rosidl_typesupport_fastrtps_c;rosidl_typesupport_introspection_c\n'}
[0.916844] (-) TimerEvent: {}
[0.937480] (gps_interface) StdoutLine: {'line': b'-- Found rosidl_adapter: 3.1.4 (/home/qianw/MATLAB/R2024b/sys/ros2/glnxa64/ros2/share/rosidl_adapter/cmake)\n'}
[0.938307] (imu_interface) StdoutLine: {'line': b'-- Found rosidl_adapter: 3.1.4 (/home/qianw/MATLAB/R2024b/sys/ros2/glnxa64/ros2/share/rosidl_adapter/cmake)\n'}
[1.017474] (-) TimerEvent: {}
[1.088916] (gps_interface) StdoutLine: {'line': b'-- Found rosidl_typesupport_cpp: 2.0.0 (/home/qianw/MATLAB/R2024b/sys/ros2/glnxa64/ros2/share/rosidl_typesupport_cpp/cmake)\n'}
[1.090516] (imu_interface) StdoutLine: {'line': b'-- Found rosidl_typesupport_cpp: 2.0.0 (/home/qianw/MATLAB/R2024b/sys/ros2/glnxa64/ros2/share/rosidl_typesupport_cpp/cmake)\n'}
[1.091490] (gps_interface) StdoutLine: {'line': b'-- Using all available rosidl_typesupport_cpp: rosidl_typesupport_fastrtps_cpp;rosidl_typesupport_introspection_cpp\n'}
[1.091884] (imu_interface) StdoutLine: {'line': b'-- Using all available rosidl_typesupport_cpp: rosidl_typesupport_fastrtps_cpp;rosidl_typesupport_introspection_cpp\n'}
[1.117652] (-) TimerEvent: {}
[1.211960] (imu_interface) StdoutLine: {'line': b'-- Found rosidl_default_generators: 1.2.0 (/home/qianw/MATLAB/R2024b/sys/ros2/glnxa64/ros2/share/rosidl_default_generators/cmake)\n'}
[1.215148] (gps_interface) StdoutLine: {'line': b'-- Found rosidl_default_generators: 1.2.0 (/home/qianw/MATLAB/R2024b/sys/ros2/glnxa64/ros2/share/rosidl_default_generators/cmake)\n'}
[1.217775] (-) TimerEvent: {}
[1.222372] (gps_interface) StdoutLine: {'line': b'-- Found class_loader: 2.2.0 (/home/qianw/MATLAB/R2024b/sys/ros2/glnxa64/ros2/share/class_loader/cmake)\n'}
[1.222575] (imu_interface) StdoutLine: {'line': b'-- Found class_loader: 2.2.0 (/home/qianw/MATLAB/R2024b/sys/ros2/glnxa64/ros2/share/class_loader/cmake)\n'}
[1.238880] (gps_interface) StdoutLine: {'line': b'-- Found rclcpp: 16.0.5 (/home/qianw/MATLAB/R2024b/sys/ros2/glnxa64/ros2/share/rclcpp/cmake)\n'}
[1.241801] (imu_interface) StdoutLine: {'line': b'-- Found rclcpp: 16.0.5 (/home/qianw/MATLAB/R2024b/sys/ros2/glnxa64/ros2/share/rclcpp/cmake)\n'}
[1.318255] (-) TimerEvent: {}
[1.418976] (-) TimerEvent: {}
[1.520011] (-) TimerEvent: {}
[1.571992] (imu_interface) StdoutLine: {'line': b'-- Found rmw_implementation_cmake: 6.1.1 (/home/qianw/MATLAB/R2024b/sys/ros2/glnxa64/ros2/share/rmw_implementation_cmake/cmake)\n'}
[1.575016] (gps_interface) StdoutLine: {'line': b'-- Found rmw_implementation_cmake: 6.1.1 (/home/qianw/MATLAB/R2024b/sys/ros2/glnxa64/ros2/share/rmw_implementation_cmake/cmake)\n'}
[1.584557] (imu_interface) StdoutLine: {'line': b'-- Found rmw_fastrtps_cpp: 6.2.2 (/home/qianw/MATLAB/R2024b/sys/ros2/glnxa64/ros2/share/rmw_fastrtps_cpp/cmake)\n'}
[1.584996] (gps_interface) StdoutLine: {'line': b'-- Found rmw_fastrtps_cpp: 6.2.2 (/home/qianw/MATLAB/R2024b/sys/ros2/glnxa64/ros2/share/rmw_fastrtps_cpp/cmake)\n'}
[1.620257] (-) TimerEvent: {}
[1.720878] (-) TimerEvent: {}
[1.821796] (-) TimerEvent: {}
[1.886972] (gps_interface) StdoutLine: {'line': b"-- Using RMW implementation 'rmw_fastrtps_cpp' as default\n"}
[1.887678] (imu_interface) StdoutLine: {'line': b"-- Using RMW implementation 'rmw_fastrtps_cpp' as default\n"}
[1.924046] (-) TimerEvent: {}
[2.024839] (-) TimerEvent: {}
[2.125623] (-) TimerEvent: {}
[2.226568] (-) TimerEvent: {}
[2.327082] (-) TimerEvent: {}
[2.424962] (gps_interface) StdoutLine: {'line': b'-- Found std_msgs: 4.2.3 (/home/qianw/MATLAB/R2024b/sys/ros2/glnxa64/ros2/share/std_msgs/cmake)\n'}
[2.425405] (imu_interface) StdoutLine: {'line': b'-- Found sensor_msgs: 4.2.3 (/home/qianw/MATLAB/R2024b/sys/ros2/glnxa64/ros2/share/sensor_msgs/cmake)\n'}
[2.427696] (-) TimerEvent: {}
[2.528376] (-) TimerEvent: {}
[2.636783] (-) TimerEvent: {}
[2.737368] (-) TimerEvent: {}
[2.838667] (-) TimerEvent: {}
[2.939612] (-) TimerEvent: {}
[3.040271] (-) TimerEvent: {}
[3.141457] (-) TimerEvent: {}
[3.244390] (-) TimerEvent: {}
[3.345243] (-) TimerEvent: {}
[3.446585] (-) TimerEvent: {}
[3.547035] (-) TimerEvent: {}
[3.649602] (-) TimerEvent: {}
[3.750999] (-) TimerEvent: {}
[3.852211] (-) TimerEvent: {}
[3.860815] (gps_interface) StdoutLine: {'line': b'-- Using all available rosidl_typesupport_c: rosidl_typesupport_fastrtps_c;rosidl_typesupport_introspection_c\n'}
[3.952888] (-) TimerEvent: {}
[4.053402] (-) TimerEvent: {}
[4.154019] (-) TimerEvent: {}
[4.254764] (-) TimerEvent: {}
[4.355458] (-) TimerEvent: {}
[4.457263] (-) TimerEvent: {}
[4.506161] (gps_interface) StdoutLine: {'line': b'-- Using all available rosidl_typesupport_cpp: rosidl_typesupport_fastrtps_cpp;rosidl_typesupport_introspection_cpp\n'}
[4.557291] (-) TimerEvent: {}
[4.584937] (gps_interface) StdoutLine: {'line': b'-- Configuring done\n'}
[4.662105] (-) TimerEvent: {}
[4.716700] (gps_interface) StdoutLine: {'line': b'-- Generating done\n'}
[4.740141] (gps_interface) StdoutLine: {'line': b'-- Build files have been written to: /home/qianw/EECE5554/LAB4/src/matlab_msg_gen/glnxa64/build/gps_interface\n'}
[4.761920] (-) TimerEvent: {}
[4.791636] (imu_interface) StdoutLine: {'line': b'-- Using all available rosidl_typesupport_c: rosidl_typesupport_fastrtps_c;rosidl_typesupport_introspection_c\n'}
[4.862361] (-) TimerEvent: {}
[4.900329] (gps_interface) StdoutLine: {'line': b'ninja: no work to do.\n'}
[4.902899] (gps_interface) CommandEnded: {'returncode': 0}
[4.950011] (gps_interface) JobProgress: {'identifier': 'gps_interface', 'progress': 'install'}
[4.957908] (gps_interface) Command: {'cmd': ['/home/qianw/MATLAB/R2024b/bin/glnxa64/cmake/bin/cmake', '--install', '/home/qianw/EECE5554/LAB4/src/matlab_msg_gen/glnxa64/build/gps_interface'], 'cwd': '/home/qianw/EECE5554/LAB4/src/matlab_msg_gen/glnxa64/build/gps_interface', 'env': OrderedDict([('ARCH', 'glnxa64'), ('CUSTOM_LD_LIBRARY_PATH', ''), ('USER', 'qianw'), ('LOCAL_PYTHON_VENV_PATH', '/home/qianw/.matlab/R2024b/ros2/glnxa64/venv'), ('MEMKIND_HEAP_MANAGER', 'TBB'), ('CUSTOM_AMENT_PREFIX_PATH', '/home/qianw/EECE5554/LAB4/src/matlab_msg_gen/glnxa64/install:/home/qianw/MATLAB/R2024b/sys/ros2/glnxa64/ros2'), ('XDG_SESSION_TYPE', 'wayland'), ('KMP_HANDLE_SIGNALS', '0'), ('SHLVL', '1'), ('ICU_TIMEZONE_FILES_DIR', '/home/qianw/MATLAB/R2024b/bin/icutzdata'), ('LD_LIBRARY_PATH', ':/home/qianw/MATLAB/R2024b/sys/ros2/glnxa64/ros2/lib:/home/qianw/MATLAB/R2024b/sys/os/glnxa64:/home/qianw/MATLAB/R2024b/bin/glnxa64:/home/qianw/.MathWorks/IBOBuGAy6RMKv1qSO913GEckBr8xCIOmhZgwU7Cewvg/bin/glnxa64:/home/qianw/MATLAB/R2024b/extern/lib/glnxa64:/home/qianw/MATLAB/R2024b/cefclient/sys/os/glnxa64:/home/qianw/MATLAB/R2024b/sys/java/jre/glnxa64/jre/lib/amd64/native_threads:/home/qianw/MATLAB/R2024b/sys/java/jre/glnxa64/jre/lib/amd64/server'), ('BASEMATLABPATH', ''), ('HOME', '/home/qianw'), ('AUTOMOUNT_MAP', ''), ('OLDPWD', '/home/qianw/MATLAB/R2024b'), ('DESKTOP_SESSION', 'ubuntu'), ('MW_LD_SHIM', '/home/qianw/MATLAB/R2024b/bin/glnxa64/ld_shim.so.2.35.ubuntu_22_04'), ('GNOME_SHELL_SESSION_MODE', 'ubuntu'), ('GTK_MODULES', ''), ('KMP_BLOCKTIME', '1'), ('PS1', '(venv)'), ('LIBVA_MESSAGING_LEVEL', '0'), ('DBUS_STARTER_BUS_TYPE', 'session'), ('SYSTEMD_EXEC_PID', '1484'), ('DBUS_SESSION_BUS_ADDRESS', 'unix:path=/run/user/1000/bus,guid=331c74e4606934545a7c296767f42544'), ('COLORTERM', 'truecolor'), ('CUSTOM_SITE_PACKAGES_PATH', ''), ('IM_CONFIG_PHASE', '1'), ('WAYLAND_DISPLAY', 'wayland-0'), ('COLCON_PREFIX_PATH', '/home/qianw/EECE5554/LAB4/src/matlab_msg_gen/glnxa64/install:/home/qianw/MATLAB/R2024b/sys/ros2/glnxa64/ros2:/home/qianw/MATLAB/R2024b/sys/ros2/glnxa64/ros2'), ('ROS_DISTRO', 'humble'), ('LOGNAME', 'qianw'), ('MATLAB_MEM_MGR_VALUE', ''), ('_', '/home/qianw/.matlab/R2024b/ros2/glnxa64/venv/bin/colcon'), ('PKG_CONFIG_PATH', '/home/qianw/MATLAB/R2024b/sys/ros2/glnxa64/ros2/lib/pkgconfig'), ('XDG_SESSION_CLASS', 'user'), ('USERNAME', 'qianw'), ('TERM', 'dumb'), ('GNOME_DESKTOP_SESSION_ID', 'this-is-deprecated'), ('PATH', '/home/qianw/MATLAB/R2024b/bin/glnxa64/cmake/bin::/home/qianw/MATLAB/R2024b/sys/ros2/glnxa64/ros2/bin:/home/qianw/.matlab/R2024b/ros2/glnxa64/venv/bin:/home/qianw/.matlab/R2024b/ros2/glnxa64/venv/bin:/home/qianw/MATLAB/R2024b/toolbox/shared/coder/ninja/glnxa64:/home/qianw/.local/bin:/usr/local/sbin:/usr/local/bin:/usr/sbin:/usr/bin:/sbin:/bin:/usr/games:/usr/local/games:/snap/bin:/snap/bin'), ('SESSION_MANAGER', 'local/Loounx2:@/tmp/.ICE-unix/1484,unix/Loounx2:/tmp/.ICE-unix/1484'), ('XDG_MENU_PREFIX', 'gnome-'), ('GNOME_TERMINAL_SCREEN', '/org/gnome/Terminal/screen/37868b00_e2e4_40ca_87f3_1ec651e0ca25'), ('GNOME_SETUP_DISPLAY', ':1'), ('XDG_RUNTIME_DIR', '/run/user/1000'), ('TOOLBOX', '/home/qianw/MATLAB/R2024b/toolbox'), ('MKL_DOMAIN_NUM_THREADS', ''), ('KMP_INIT_AT_FORK', 'false'), ('DISPLAY', ':0'), ('LD_PRELOAD', ''), ('LANG', 'en_US.UTF-8'), ('XDG_CURRENT_DESKTOP', 'ubuntu:GNOME'), ('PRE_LD_PRELOAD', ''), ('VIRTUAL_ENV_PROMPT', '(venv)'), ('XMODIFIERS', '@im=ibus'), ('XDG_SESSION_DESKTOP', 'ubuntu'), ('XAUTHORITY', '/run/user/1000/.mutter-Xwaylandauth.QUYU42'), ('GNOME_TERMINAL_SERVICE', ':1.164'), ('SSH_AGENT_LAUNCHER', 'gnome-keyring'), ('SSH_AUTH_SOCK', '/run/user/1000/keyring/ssh'), ('AMENT_PREFIX_PATH', '/home/qianw/EECE5554/LAB4/src/matlab_msg_gen/glnxa64/install:/home/qianw/MATLAB/R2024b/sys/ros2/glnxa64/ros2:/home/qianw/MATLAB/R2024b/sys/ros2/glnxa64/ros2'), ('SHELL', '/bin/bash'), ('CMAKE_PATH', '/home/qianw/MATLAB/R2024b/bin/glnxa64/cmake/bin'), ('XFILESEARCHPATH', '/home/qianw/MATLAB/R2024b/sys/java/jre/glnxa64/jre/lib/locale/%L/%T/%N%S:'), ('QT_ACCESSIBILITY', '1'), ('GDMSESSION', 'ubuntu'), ('OSG_LD_LIBRARY_PATH', '/home/qianw/MATLAB/R2024b/sys/openscenegraph/lib/glnxa64'), ('VIRTUAL_ENV', '/home/qianw/.matlab/R2024b/ros2/glnxa64/venv'), ('CUSTOM_PATH', ''), ('KMP_STACKSIZE', '512k'), ('QT_IM_MODULE', 'ibus'), ('PWD', '/home/qianw/EECE5554/LAB4/src/matlab_msg_gen/glnxa64/build/gps_interface'), ('XDG_CONFIG_DIRS', '/etc/xdg/xdg-ubuntu:/etc/xdg'), ('DYLD_LIBRARY_PATH', ':/home/qianw/MATLAB/R2024b/sys/ros2/glnxa64/ros2/lib:'), ('DBUS_STARTER_ADDRESS', 'unix:path=/run/user/1000/bus,guid=331c74e4606934545a7c296767f42544'), ('XDG_DATA_DIRS', '/usr/share/ubuntu:/usr/local/share/:/usr/share/:/var/lib/snapd/desktop'), ('MKL_NUM_THREADS', ''), ('MW_PATCH_OFFSETS', '0000117000002EA0'), ('PYTHONPATH', ':/home/qianw/MATLAB/R2024b/sys/ros2/glnxa64/ros2/lib/python3.9/site-packages:/home/qianw/.matlab/R2024b/ros2/glnxa64/venv/lib/python3.10/site-packages:'), ('LC_NUMERIC', 'C'), ('COLCON', '1'), ('VTE_VERSION', '6800'), ('CMAKE_PREFIX_PATH', '/home/qianw/EECE5554/LAB4/src/matlab_msg_gen/glnxa64/install:/home/qianw/MATLAB/R2024b/sys/ros2/glnxa64/ros2:/home/qianw/MATLAB/R2024b/sys/ros2/glnxa64/ros2')]), 'shell': False}
[4.964957] (-) TimerEvent: {}
[4.965657] (gps_interface) StdoutLine: {'line': b'-- Install configuration: "Release"\n'}
[4.965882] (gps_interface) StdoutLine: {'line': b'-- Up-to-date: /home/qianw/EECE5554/LAB4/src/matlab_msg_gen/glnxa64/install/share/ament_index/resource_index/rosidl_interfaces/gps_interface\n'}
[4.966006] (gps_interface) StdoutLine: {'line': b'-- Up-to-date: /home/qianw/EECE5554/LAB4/src/matlab_msg_gen/glnxa64/install/include/gps_interface/gps_interface\n'}
[4.966116] (gps_interface) StdoutLine: {'line': b'-- Up-to-date: /home/qianw/EECE5554/LAB4/src/matlab_msg_gen/glnxa64/install/include/gps_interface/gps_interface/msg\n'}
[4.967607] (gps_interface) StdoutLine: {'line': b'-- Up-to-date: /home/qianw/EECE5554/LAB4/src/matlab_msg_gen/glnxa64/install/include/gps_interface/gps_interface/msg/gp_smsg.h\n'}
[4.967805] (gps_interface) StdoutLine: {'line': b'-- Up-to-date: /home/qianw/EECE5554/LAB4/src/matlab_msg_gen/glnxa64/install/include/gps_interface/gps_interface/msg/detail\n'}
[4.968065] (gps_interface) StdoutLine: {'line': b'-- Up-to-date: /home/qianw/EECE5554/LAB4/src/matlab_msg_gen/glnxa64/install/include/gps_interface/gps_interface/msg/detail/gp_smsg__functions.h\n'}
[4.968780] (gps_interface) StdoutLine: {'line': b'-- Up-to-date: /home/qianw/EECE5554/LAB4/src/matlab_msg_gen/glnxa64/install/include/gps_interface/gps_interface/msg/detail/gp_smsg__type_support.h\n'}
[4.968981] (gps_interface) StdoutLine: {'line': b'-- Up-to-date: /home/qianw/EECE5554/LAB4/src/matlab_msg_gen/glnxa64/install/include/gps_interface/gps_interface/msg/detail/gp_smsg__functions.c\n'}
[4.969449] (gps_interface) StdoutLine: {'line': b'-- Up-to-date: /home/qianw/EECE5554/LAB4/src/matlab_msg_gen/glnxa64/install/include/gps_interface/gps_interface/msg/detail/gp_smsg__struct.h\n'}
[4.969849] (gps_interface) StdoutLine: {'line': b'-- Up-to-date: /home/qianw/EECE5554/LAB4/src/matlab_msg_gen/glnxa64/install/include/gps_interface/gps_interface/msg/rosidl_generator_c__visibility_control.h\n'}
[4.970244] (gps_interface) StdoutLine: {'line': b'-- Up-to-date: /home/qianw/EECE5554/LAB4/src/matlab_msg_gen/glnxa64/install/share/gps_interface/environment/library_path.sh\n'}
[4.970419] (gps_interface) StdoutLine: {'line': b'-- Installing: /home/qianw/EECE5554/LAB4/src/matlab_msg_gen/glnxa64/install/share/gps_interface/environment/library_path.dsv\n'}
[4.970709] (gps_interface) StdoutLine: {'line': b'-- Up-to-date: /home/qianw/EECE5554/LAB4/src/matlab_msg_gen/glnxa64/install/lib/libgps_interface__rosidl_generator_c.so\n'}
[4.970893] (gps_interface) StdoutLine: {'line': b'-- Up-to-date: /home/qianw/EECE5554/LAB4/src/matlab_msg_gen/glnxa64/install/include/gps_interface/gps_interface\n'}
[4.971033] (gps_interface) StdoutLine: {'line': b'-- Up-to-date: /home/qianw/EECE5554/LAB4/src/matlab_msg_gen/glnxa64/install/include/gps_interface/gps_interface/msg\n'}
[4.971310] (gps_interface) StdoutLine: {'line': b'-- Up-to-date: /home/qianw/EECE5554/LAB4/src/matlab_msg_gen/glnxa64/install/include/gps_interface/gps_interface/msg/detail\n'}
[4.971566] (gps_interface) StdoutLine: {'line': b'-- Up-to-date: /home/qianw/EECE5554/LAB4/src/matlab_msg_gen/glnxa64/install/include/gps_interface/gps_interface/msg/detail/gp_smsg__rosidl_typesupport_fastrtps_c.h\n'}
[4.971788] (gps_interface) StdoutLine: {'line': b'-- Up-to-date: /home/qianw/EECE5554/LAB4/src/matlab_msg_gen/glnxa64/install/include/gps_interface/gps_interface/msg/rosidl_typesupport_fastrtps_c__visibility_control.h\n'}
[4.972086] (gps_interface) StdoutLine: {'line': b'-- Up-to-date: /home/qianw/EECE5554/LAB4/src/matlab_msg_gen/glnxa64/install/lib/libgps_interface__rosidl_typesupport_fastrtps_c.so\n'}
[4.972566] (gps_interface) StdoutLine: {'line': b'-- Up-to-date: /home/qianw/EECE5554/LAB4/src/matlab_msg_gen/glnxa64/install/include/gps_interface/gps_interface\n'}
[4.972709] (gps_interface) StdoutLine: {'line': b'-- Up-to-date: /home/qianw/EECE5554/LAB4/src/matlab_msg_gen/glnxa64/install/include/gps_interface/gps_interface/msg\n'}
[4.972838] (gps_interface) StdoutLine: {'line': b'-- Up-to-date: /home/qianw/EECE5554/LAB4/src/matlab_msg_gen/glnxa64/install/include/gps_interface/gps_interface/msg/detail\n'}
[4.972961] (gps_interface) StdoutLine: {'line': b'-- Up-to-date: /home/qianw/EECE5554/LAB4/src/matlab_msg_gen/glnxa64/install/include/gps_interface/gps_interface/msg/detail/gp_smsg__rosidl_typesupport_introspection_c.h\n'}
[4.973083] (gps_interface) StdoutLine: {'line': b'-- Up-to-date: /home/qianw/EECE5554/LAB4/src/matlab_msg_gen/glnxa64/install/include/gps_interface/gps_interface/msg/detail/gp_smsg__type_support.c\n'}
[4.973277] (gps_interface) StdoutLine: {'line': b'-- Up-to-date: /home/qianw/EECE5554/LAB4/src/matlab_msg_gen/glnxa64/install/include/gps_interface/gps_interface/msg/rosidl_typesupport_introspection_c__visibility_control.h\n'}
[4.973426] (gps_interface) StdoutLine: {'line': b'-- Up-to-date: /home/qianw/EECE5554/LAB4/src/matlab_msg_gen/glnxa64/install/lib/libgps_interface__rosidl_typesupport_introspection_c.so\n'}
[4.973541] (gps_interface) StdoutLine: {'line': b'-- Up-to-date: /home/qianw/EECE5554/LAB4/src/matlab_msg_gen/glnxa64/install/lib/libgps_interface__rosidl_typesupport_c.so\n'}
[4.973878] (gps_interface) StdoutLine: {'line': b'-- Up-to-date: /home/qianw/EECE5554/LAB4/src/matlab_msg_gen/glnxa64/install/include/gps_interface/gps_interface\n'}
[4.973984] (gps_interface) StdoutLine: {'line': b'-- Up-to-date: /home/qianw/EECE5554/LAB4/src/matlab_msg_gen/glnxa64/install/include/gps_interface/gps_interface/msg\n'}
[4.974079] (gps_interface) StdoutLine: {'line': b'-- Up-to-date: /home/qianw/EECE5554/LAB4/src/matlab_msg_gen/glnxa64/install/include/gps_interface/gps_interface/msg/detail\n'}
[4.974264] (gps_interface) StdoutLine: {'line': b'-- Up-to-date: /home/qianw/EECE5554/LAB4/src/matlab_msg_gen/glnxa64/install/include/gps_interface/gps_interface/msg/detail/gp_smsg__builder.hpp\n'}
[4.974368] (gps_interface) StdoutLine: {'line': b'-- Up-to-date: /home/qianw/EECE5554/LAB4/src/matlab_msg_gen/glnxa64/install/include/gps_interface/gps_interface/msg/detail/gp_smsg__struct.hpp\n'}
[4.974492] (gps_interface) StdoutLine: {'line': b'-- Up-to-date: /home/qianw/EECE5554/LAB4/src/matlab_msg_gen/glnxa64/install/include/gps_interface/gps_interface/msg/detail/gp_smsg__traits.hpp\n'}
[4.974589] (gps_interface) StdoutLine: {'line': b'-- Up-to-date: /home/qianw/EECE5554/LAB4/src/matlab_msg_gen/glnxa64/install/include/gps_interface/gps_interface/msg/gp_smsg.hpp\n'}
[4.974684] (gps_interface) StdoutLine: {'line': b'-- Up-to-date: /home/qianw/EECE5554/LAB4/src/matlab_msg_gen/glnxa64/install/include/gps_interface/gps_interface\n'}
[4.974779] (gps_interface) StdoutLine: {'line': b'-- Up-to-date: /home/qianw/EECE5554/LAB4/src/matlab_msg_gen/glnxa64/install/include/gps_interface/gps_interface/msg\n'}
[4.974873] (gps_interface) StdoutLine: {'line': b'-- Up-to-date: /home/qianw/EECE5554/LAB4/src/matlab_msg_gen/glnxa64/install/include/gps_interface/gps_interface/msg/detail\n'}
[4.974987] (gps_interface) StdoutLine: {'line': b'-- Up-to-date: /home/qianw/EECE5554/LAB4/src/matlab_msg_gen/glnxa64/install/include/gps_interface/gps_interface/msg/detail/gp_smsg__rosidl_typesupport_fastrtps_cpp.hpp\n'}
[4.975121] (gps_interface) StdoutLine: {'line': b'-- Up-to-date: /home/qianw/EECE5554/LAB4/src/matlab_msg_gen/glnxa64/install/include/gps_interface/gps_interface/msg/detail/dds_fastrtps\n'}
[4.975327] (gps_interface) StdoutLine: {'line': b'-- Up-to-date: /home/qianw/EECE5554/LAB4/src/matlab_msg_gen/glnxa64/install/include/gps_interface/gps_interface/msg/rosidl_typesupport_fastrtps_cpp__visibility_control.h\n'}
[4.978633] (gps_interface) StdoutLine: {'line': b'-- Up-to-date: /home/qianw/EECE5554/LAB4/src/matlab_msg_gen/glnxa64/install/lib/libgps_interface__rosidl_typesupport_fastrtps_cpp.so\n'}
[4.978784] (gps_interface) StdoutLine: {'line': b'-- Up-to-date: /home/qianw/EECE5554/LAB4/src/matlab_msg_gen/glnxa64/install/include/gps_interface/gps_interface\n'}
[4.979002] (gps_interface) StdoutLine: {'line': b'-- Up-to-date: /home/qianw/EECE5554/LAB4/src/matlab_msg_gen/glnxa64/install/include/gps_interface/gps_interface/msg\n'}
[4.979219] (gps_interface) StdoutLine: {'line': b'-- Up-to-date: /home/qianw/EECE5554/LAB4/src/matlab_msg_gen/glnxa64/install/include/gps_interface/gps_interface/msg/detail\n'}
[4.979401] (gps_interface) StdoutLine: {'line': b'-- Up-to-date: /home/qianw/EECE5554/LAB4/src/matlab_msg_gen/glnxa64/install/include/gps_interface/gps_interface/msg/detail/gp_smsg__rosidl_typesupport_introspection_cpp.hpp\n'}
[4.979571] (gps_interface) StdoutLine: {'line': b'-- Up-to-date: /home/qianw/EECE5554/LAB4/src/matlab_msg_gen/glnxa64/install/include/gps_interface/gps_interface/msg/detail/gp_smsg__type_support.cpp\n'}
[4.981050] (gps_interface) StdoutLine: {'line': b'-- Up-to-date: /home/qianw/EECE5554/LAB4/src/matlab_msg_gen/glnxa64/install/lib/libgps_interface__rosidl_typesupport_introspection_cpp.so\n'}
[4.981365] (gps_interface) StdoutLine: {'line': b'-- Up-to-date: /home/qianw/EECE5554/LAB4/src/matlab_msg_gen/glnxa64/install/lib/libgps_interface__rosidl_typesupport_cpp.so\n'}
[4.982024] (gps_interface) StdoutLine: {'line': b'-- Up-to-date: /home/qianw/EECE5554/LAB4/src/matlab_msg_gen/glnxa64/install/share/gps_interface/msg/GPSmsg.idl\n'}
[4.982255] (gps_interface) StdoutLine: {'line': b'-- Up-to-date: /home/qianw/EECE5554/LAB4/src/matlab_msg_gen/glnxa64/install/share/gps_interface/msg/GPSmsg.msg\n'}
[4.982385] (gps_interface) StdoutLine: {'line': b'-- Up-to-date: /home/qianw/EECE5554/LAB4/src/matlab_msg_gen/glnxa64/install/include\n'}
[4.982488] (gps_interface) StdoutLine: {'line': b'-- Up-to-date: /home/qianw/EECE5554/LAB4/src/matlab_msg_gen/glnxa64/install/include/gps_interface\n'}
[4.982587] (gps_interface) StdoutLine: {'line': b'-- Up-to-date: /home/qianw/EECE5554/LAB4/src/matlab_msg_gen/glnxa64/install/include/gps_interface/visibility_control.h\n'}
[4.982685] (gps_interface) StdoutLine: {'line': b'-- Up-to-date: /home/qianw/EECE5554/LAB4/src/matlab_msg_gen/glnxa64/install/lib/libgps_interface_matlab.so\n'}
[4.984414] (gps_interface) StdoutLine: {'line': b'-- Up-to-date: /home/qianw/EECE5554/LAB4/src/matlab_msg_gen/glnxa64/install/m/\n'}
[4.984886] (gps_interface) StdoutLine: {'line': b'-- Up-to-date: /home/qianw/EECE5554/LAB4/src/matlab_msg_gen/glnxa64/install/m//+ros\n'}
[4.985008] (gps_interface) StdoutLine: {'line': b'-- Up-to-date: /home/qianw/EECE5554/LAB4/src/matlab_msg_gen/glnxa64/install/m//+ros/+internal\n'}
[4.985112] (gps_interface) StdoutLine: {'line': b'-- Up-to-date: /home/qianw/EECE5554/LAB4/src/matlab_msg_gen/glnxa64/install/m//+ros/+internal/+ros2\n'}
[4.985418] (gps_interface) StdoutLine: {'line': b'-- Up-to-date: /home/qianw/EECE5554/LAB4/src/matlab_msg_gen/glnxa64/install/m//+ros/+internal/+ros2/+custommessages\n'}
[4.985588] (gps_interface) StdoutLine: {'line': b'-- Up-to-date: /home/qianw/EECE5554/LAB4/src/matlab_msg_gen/glnxa64/install/m//+ros/+internal/+ros2/+custommessages/+gps_interface\n'}
[4.985718] (gps_interface) StdoutLine: {'line': b'-- Up-to-date: /home/qianw/EECE5554/LAB4/src/matlab_msg_gen/glnxa64/install/m//+ros/+internal/+ros2/+custommessages/+gps_interface/gPSmsg.m\n'}
[4.985817] (gps_interface) StdoutLine: {'line': b'-- Up-to-date: /home/qianw/EECE5554/LAB4/src/matlab_msg_gen/glnxa64/install/share/ament_index/resource_index/package_run_dependencies/gps_interface\n'}
[4.985914] (gps_interface) StdoutLine: {'line': b'-- Up-to-date: /home/qianw/EECE5554/LAB4/src/matlab_msg_gen/glnxa64/install/share/ament_index/resource_index/parent_prefix_path/gps_interface\n'}
[4.986029] (gps_interface) StdoutLine: {'line': b'-- Up-to-date: /home/qianw/EECE5554/LAB4/src/matlab_msg_gen/glnxa64/install/share/gps_interface/environment/ament_prefix_path.sh\n'}
[4.986150] (gps_interface) StdoutLine: {'line': b'-- Installing: /home/qianw/EECE5554/LAB4/src/matlab_msg_gen/glnxa64/install/share/gps_interface/environment/ament_prefix_path.dsv\n'}
[4.986488] (gps_interface) StdoutLine: {'line': b'-- Up-to-date: /home/qianw/EECE5554/LAB4/src/matlab_msg_gen/glnxa64/install/share/gps_interface/environment/path.sh\n'}
[4.986601] (gps_interface) StdoutLine: {'line': b'-- Installing: /home/qianw/EECE5554/LAB4/src/matlab_msg_gen/glnxa64/install/share/gps_interface/environment/path.dsv\n'}
[4.986698] (gps_interface) StdoutLine: {'line': b'-- Up-to-date: /home/qianw/EECE5554/LAB4/src/matlab_msg_gen/glnxa64/install/share/gps_interface/local_setup.bash\n'}
[4.986815] (gps_interface) StdoutLine: {'line': b'-- Up-to-date: /home/qianw/EECE5554/LAB4/src/matlab_msg_gen/glnxa64/install/share/gps_interface/local_setup.sh\n'}
[4.987174] (gps_interface) StdoutLine: {'line': b'-- Up-to-date: /home/qianw/EECE5554/LAB4/src/matlab_msg_gen/glnxa64/install/share/gps_interface/local_setup.zsh\n'}
[4.988565] (gps_interface) StdoutLine: {'line': b'-- Installing: /home/qianw/EECE5554/LAB4/src/matlab_msg_gen/glnxa64/install/share/gps_interface/local_setup.dsv\n'}
[4.988813] (gps_interface) StdoutLine: {'line': b'-- Installing: /home/qianw/EECE5554/LAB4/src/matlab_msg_gen/glnxa64/install/share/gps_interface/package.dsv\n'}
[4.988984] (gps_interface) StdoutLine: {'line': b'-- Up-to-date: /home/qianw/EECE5554/LAB4/src/matlab_msg_gen/glnxa64/install/share/ament_index/resource_index/packages/gps_interface\n'}
[4.989290] (gps_interface) StdoutLine: {'line': b'-- Up-to-date: /home/qianw/EECE5554/LAB4/src/matlab_msg_gen/glnxa64/install/share/gps_interface/cmake/export_gps_interface__rosidl_generator_cExport.cmake\n'}
[4.989436] (gps_interface) StdoutLine: {'line': b'-- Up-to-date: /home/qianw/EECE5554/LAB4/src/matlab_msg_gen/glnxa64/install/share/gps_interface/cmake/export_gps_interface__rosidl_generator_cExport-release.cmake\n'}
[4.989698] (gps_interface) StdoutLine: {'line': b'-- Up-to-date: /home/qianw/EECE5554/LAB4/src/matlab_msg_gen/glnxa64/install/share/gps_interface/cmake/export_gps_interface__rosidl_typesupport_fastrtps_cExport.cmake\n'}
[4.989808] (gps_interface) StdoutLine: {'line': b'-- Up-to-date: /home/qianw/EECE5554/LAB4/src/matlab_msg_gen/glnxa64/install/share/gps_interface/cmake/export_gps_interface__rosidl_typesupport_fastrtps_cExport-release.cmake\n'}
[4.989959] (gps_interface) StdoutLine: {'line': b'-- Up-to-date: /home/qianw/EECE5554/LAB4/src/matlab_msg_gen/glnxa64/install/share/gps_interface/cmake/gps_interface__rosidl_typesupport_introspection_cExport.cmake\n'}
[4.990061] (gps_interface) StdoutLine: {'line': b'-- Up-to-date: /home/qianw/EECE5554/LAB4/src/matlab_msg_gen/glnxa64/install/share/gps_interface/cmake/gps_interface__rosidl_typesupport_introspection_cExport-release.cmake\n'}
[4.990333] (gps_interface) StdoutLine: {'line': b'-- Up-to-date: /home/qianw/EECE5554/LAB4/src/matlab_msg_gen/glnxa64/install/share/gps_interface/cmake/gps_interface__rosidl_typesupport_cExport.cmake\n'}
[4.990593] (gps_interface) StdoutLine: {'line': b'-- Up-to-date: /home/qianw/EECE5554/LAB4/src/matlab_msg_gen/glnxa64/install/share/gps_interface/cmake/gps_interface__rosidl_typesupport_cExport-release.cmake\n'}
[4.990822] (gps_interface) StdoutLine: {'line': b'-- Up-to-date: /home/qianw/EECE5554/LAB4/src/matlab_msg_gen/glnxa64/install/share/gps_interface/cmake/export_gps_interface__rosidl_generator_cppExport.cmake\n'}
[4.990977] (gps_interface) StdoutLine: {'line': b'-- Up-to-date: /home/qianw/EECE5554/LAB4/src/matlab_msg_gen/glnxa64/install/share/gps_interface/cmake/export_gps_interface__rosidl_typesupport_fastrtps_cppExport.cmake\n'}
[4.991102] (gps_interface) StdoutLine: {'line': b'-- Up-to-date: /home/qianw/EECE5554/LAB4/src/matlab_msg_gen/glnxa64/install/share/gps_interface/cmake/export_gps_interface__rosidl_typesupport_fastrtps_cppExport-release.cmake\n'}
[4.991376] (gps_interface) StdoutLine: {'line': b'-- Up-to-date: /home/qianw/EECE5554/LAB4/src/matlab_msg_gen/glnxa64/install/share/gps_interface/cmake/gps_interface__rosidl_typesupport_introspection_cppExport.cmake\n'}
[4.991775] (gps_interface) StdoutLine: {'line': b'-- Up-to-date: /home/qianw/EECE5554/LAB4/src/matlab_msg_gen/glnxa64/install/share/gps_interface/cmake/gps_interface__rosidl_typesupport_introspection_cppExport-release.cmake\n'}
[4.992215] (gps_interface) StdoutLine: {'line': b'-- Up-to-date: /home/qianw/EECE5554/LAB4/src/matlab_msg_gen/glnxa64/install/share/gps_interface/cmake/gps_interface__rosidl_typesupport_cppExport.cmake\n'}
[4.992574] (gps_interface) StdoutLine: {'line': b'-- Up-to-date: /home/qianw/EECE5554/LAB4/src/matlab_msg_gen/glnxa64/install/share/gps_interface/cmake/gps_interface__rosidl_typesupport_cppExport-release.cmake\n'}
[4.992961] (gps_interface) StdoutLine: {'line': b'-- Up-to-date: /home/qianw/EECE5554/LAB4/src/matlab_msg_gen/glnxa64/install/share/gps_interface/cmake/rosidl_cmake-extras.cmake\n'}
[4.993179] (gps_interface) StdoutLine: {'line': b'-- Up-to-date: /home/qianw/EECE5554/LAB4/src/matlab_msg_gen/glnxa64/install/share/gps_interface/cmake/ament_cmake_export_dependencies-extras.cmake\n'}
[4.993326] (gps_interface) StdoutLine: {'line': b'-- Up-to-date: /home/qianw/EECE5554/LAB4/src/matlab_msg_gen/glnxa64/install/share/gps_interface/cmake/ament_cmake_export_include_directories-extras.cmake\n'}
[4.993421] (gps_interface) StdoutLine: {'line': b'-- Up-to-date: /home/qianw/EECE5554/LAB4/src/matlab_msg_gen/glnxa64/install/share/gps_interface/cmake/ament_cmake_export_libraries-extras.cmake\n'}
[4.993640] (gps_interface) StdoutLine: {'line': b'-- Up-to-date: /home/qianw/EECE5554/LAB4/src/matlab_msg_gen/glnxa64/install/share/gps_interface/cmake/ament_cmake_export_targets-extras.cmake\n'}
[4.993752] (gps_interface) StdoutLine: {'line': b'-- Up-to-date: /home/qianw/EECE5554/LAB4/src/matlab_msg_gen/glnxa64/install/share/gps_interface/cmake/rosidl_cmake_export_typesupport_targets-extras.cmake\n'}
[4.993889] (gps_interface) StdoutLine: {'line': b'-- Up-to-date: /home/qianw/EECE5554/LAB4/src/matlab_msg_gen/glnxa64/install/share/gps_interface/cmake/rosidl_cmake_export_typesupport_libraries-extras.cmake\n'}
[4.993985] (gps_interface) StdoutLine: {'line': b'-- Up-to-date: /home/qianw/EECE5554/LAB4/src/matlab_msg_gen/glnxa64/install/share/gps_interface/cmake/gps_interfaceConfig.cmake\n'}
[4.994076] (gps_interface) StdoutLine: {'line': b'-- Up-to-date: /home/qianw/EECE5554/LAB4/src/matlab_msg_gen/glnxa64/install/share/gps_interface/cmake/gps_interfaceConfig-version.cmake\n'}
[4.994352] (gps_interface) StdoutLine: {'line': b'-- Installing: /home/qianw/EECE5554/LAB4/src/matlab_msg_gen/glnxa64/install/share/gps_interface/package.xml\n'}
[5.001725] (gps_interface) CommandEnded: {'returncode': 0}
[5.065272] (-) TimerEvent: {}
[5.168354] (-) TimerEvent: {}
[5.274756] (-) TimerEvent: {}
[5.300753] (gps_interface) JobEnded: {'identifier': 'gps_interface', 'rc': 0}
[5.376387] (-) TimerEvent: {}
[5.478358] (-) TimerEvent: {}
[5.580251] (-) TimerEvent: {}
[5.681471] (-) TimerEvent: {}
[5.783190] (-) TimerEvent: {}
[5.885428] (-) TimerEvent: {}
[5.986597] (-) TimerEvent: {}
[6.074288] (imu_interface) StdoutLine: {'line': b'-- Using all available rosidl_typesupport_cpp: rosidl_typesupport_fastrtps_cpp;rosidl_typesupport_introspection_cpp\n'}
[6.086924] (-) TimerEvent: {}
[6.172079] (imu_interface) StdoutLine: {'line': b'-- Configuring done\n'}
[6.188920] (-) TimerEvent: {}
[6.290135] (-) TimerEvent: {}
[6.336356] (imu_interface) StdoutLine: {'line': b'-- Generating done\n'}
[6.362671] (imu_interface) StdoutLine: {'line': b'-- Build files have been written to: /home/qianw/EECE5554/LAB4/src/matlab_msg_gen/glnxa64/build/imu_interface\n'}
[6.391271] (-) TimerEvent: {}
[6.454031] (imu_interface) StdoutLine: {'line': b'ninja: no work to do.\n'}
[6.459524] (imu_interface) CommandEnded: {'returncode': 0}
[6.492179] (-) TimerEvent: {}
[6.581583] (imu_interface) JobProgress: {'identifier': 'imu_interface', 'progress': 'install'}
[6.581803] (imu_interface) Command: {'cmd': ['/home/qianw/MATLAB/R2024b/bin/glnxa64/cmake/bin/cmake', '--install', '/home/qianw/EECE5554/LAB4/src/matlab_msg_gen/glnxa64/build/imu_interface'], 'cwd': '/home/qianw/EECE5554/LAB4/src/matlab_msg_gen/glnxa64/build/imu_interface', 'env': OrderedDict([('ARCH', 'glnxa64'), ('CUSTOM_LD_LIBRARY_PATH', ''), ('USER', 'qianw'), ('LOCAL_PYTHON_VENV_PATH', '/home/qianw/.matlab/R2024b/ros2/glnxa64/venv'), ('MEMKIND_HEAP_MANAGER', 'TBB'), ('CUSTOM_AMENT_PREFIX_PATH', '/home/qianw/EECE5554/LAB4/src/matlab_msg_gen/glnxa64/install:/home/qianw/MATLAB/R2024b/sys/ros2/glnxa64/ros2'), ('XDG_SESSION_TYPE', 'wayland'), ('KMP_HANDLE_SIGNALS', '0'), ('SHLVL', '1'), ('ICU_TIMEZONE_FILES_DIR', '/home/qianw/MATLAB/R2024b/bin/icutzdata'), ('LD_LIBRARY_PATH', ':/home/qianw/MATLAB/R2024b/sys/ros2/glnxa64/ros2/lib:/home/qianw/MATLAB/R2024b/sys/os/glnxa64:/home/qianw/MATLAB/R2024b/bin/glnxa64:/home/qianw/.MathWorks/IBOBuGAy6RMKv1qSO913GEckBr8xCIOmhZgwU7Cewvg/bin/glnxa64:/home/qianw/MATLAB/R2024b/extern/lib/glnxa64:/home/qianw/MATLAB/R2024b/cefclient/sys/os/glnxa64:/home/qianw/MATLAB/R2024b/sys/java/jre/glnxa64/jre/lib/amd64/native_threads:/home/qianw/MATLAB/R2024b/sys/java/jre/glnxa64/jre/lib/amd64/server'), ('BASEMATLABPATH', ''), ('HOME', '/home/qianw'), ('AUTOMOUNT_MAP', ''), ('OLDPWD', '/home/qianw/MATLAB/R2024b'), ('DESKTOP_SESSION', 'ubuntu'), ('MW_LD_SHIM', '/home/qianw/MATLAB/R2024b/bin/glnxa64/ld_shim.so.2.35.ubuntu_22_04'), ('GNOME_SHELL_SESSION_MODE', 'ubuntu'), ('GTK_MODULES', ''), ('KMP_BLOCKTIME', '1'), ('PS1', '(venv)'), ('LIBVA_MESSAGING_LEVEL', '0'), ('DBUS_STARTER_BUS_TYPE', 'session'), ('SYSTEMD_EXEC_PID', '1484'), ('DBUS_SESSION_BUS_ADDRESS', 'unix:path=/run/user/1000/bus,guid=331c74e4606934545a7c296767f42544'), ('COLORTERM', 'truecolor'), ('CUSTOM_SITE_PACKAGES_PATH', ''), ('IM_CONFIG_PHASE', '1'), ('WAYLAND_DISPLAY', 'wayland-0'), ('COLCON_PREFIX_PATH', '/home/qianw/EECE5554/LAB4/src/matlab_msg_gen/glnxa64/install:/home/qianw/MATLAB/R2024b/sys/ros2/glnxa64/ros2:/home/qianw/MATLAB/R2024b/sys/ros2/glnxa64/ros2'), ('ROS_DISTRO', 'humble'), ('LOGNAME', 'qianw'), ('MATLAB_MEM_MGR_VALUE', ''), ('_', '/home/qianw/.matlab/R2024b/ros2/glnxa64/venv/bin/colcon'), ('PKG_CONFIG_PATH', '/home/qianw/MATLAB/R2024b/sys/ros2/glnxa64/ros2/lib/pkgconfig'), ('XDG_SESSION_CLASS', 'user'), ('USERNAME', 'qianw'), ('TERM', 'dumb'), ('GNOME_DESKTOP_SESSION_ID', 'this-is-deprecated'), ('PATH', '/home/qianw/MATLAB/R2024b/bin/glnxa64/cmake/bin::/home/qianw/MATLAB/R2024b/sys/ros2/glnxa64/ros2/bin:/home/qianw/.matlab/R2024b/ros2/glnxa64/venv/bin:/home/qianw/.matlab/R2024b/ros2/glnxa64/venv/bin:/home/qianw/MATLAB/R2024b/toolbox/shared/coder/ninja/glnxa64:/home/qianw/.local/bin:/usr/local/sbin:/usr/local/bin:/usr/sbin:/usr/bin:/sbin:/bin:/usr/games:/usr/local/games:/snap/bin:/snap/bin'), ('SESSION_MANAGER', 'local/Loounx2:@/tmp/.ICE-unix/1484,unix/Loounx2:/tmp/.ICE-unix/1484'), ('XDG_MENU_PREFIX', 'gnome-'), ('GNOME_TERMINAL_SCREEN', '/org/gnome/Terminal/screen/37868b00_e2e4_40ca_87f3_1ec651e0ca25'), ('GNOME_SETUP_DISPLAY', ':1'), ('XDG_RUNTIME_DIR', '/run/user/1000'), ('TOOLBOX', '/home/qianw/MATLAB/R2024b/toolbox'), ('MKL_DOMAIN_NUM_THREADS', ''), ('KMP_INIT_AT_FORK', 'false'), ('DISPLAY', ':0'), ('LD_PRELOAD', ''), ('LANG', 'en_US.UTF-8'), ('XDG_CURRENT_DESKTOP', 'ubuntu:GNOME'), ('PRE_LD_PRELOAD', ''), ('VIRTUAL_ENV_PROMPT', '(venv)'), ('XMODIFIERS', '@im=ibus'), ('XDG_SESSION_DESKTOP', 'ubuntu'), ('XAUTHORITY', '/run/user/1000/.mutter-Xwaylandauth.QUYU42'), ('GNOME_TERMINAL_SERVICE', ':1.164'), ('SSH_AGENT_LAUNCHER', 'gnome-keyring'), ('SSH_AUTH_SOCK', '/run/user/1000/keyring/ssh'), ('AMENT_PREFIX_PATH', '/home/qianw/EECE5554/LAB4/src/matlab_msg_gen/glnxa64/install:/home/qianw/MATLAB/R2024b/sys/ros2/glnxa64/ros2:/home/qianw/MATLAB/R2024b/sys/ros2/glnxa64/ros2'), ('SHELL', '/bin/bash'), ('CMAKE_PATH', '/home/qianw/MATLAB/R2024b/bin/glnxa64/cmake/bin'), ('XFILESEARCHPATH', '/home/qianw/MATLAB/R2024b/sys/java/jre/glnxa64/jre/lib/locale/%L/%T/%N%S:'), ('QT_ACCESSIBILITY', '1'), ('GDMSESSION', 'ubuntu'), ('OSG_LD_LIBRARY_PATH', '/home/qianw/MATLAB/R2024b/sys/openscenegraph/lib/glnxa64'), ('VIRTUAL_ENV', '/home/qianw/.matlab/R2024b/ros2/glnxa64/venv'), ('CUSTOM_PATH', ''), ('KMP_STACKSIZE', '512k'), ('QT_IM_MODULE', 'ibus'), ('PWD', '/home/qianw/EECE5554/LAB4/src/matlab_msg_gen/glnxa64/build/imu_interface'), ('XDG_CONFIG_DIRS', '/etc/xdg/xdg-ubuntu:/etc/xdg'), ('DYLD_LIBRARY_PATH', ':/home/qianw/MATLAB/R2024b/sys/ros2/glnxa64/ros2/lib:'), ('DBUS_STARTER_ADDRESS', 'unix:path=/run/user/1000/bus,guid=331c74e4606934545a7c296767f42544'), ('XDG_DATA_DIRS', '/usr/share/ubuntu:/usr/local/share/:/usr/share/:/var/lib/snapd/desktop'), ('MKL_NUM_THREADS', ''), ('MW_PATCH_OFFSETS', '0000117000002EA0'), ('PYTHONPATH', ':/home/qianw/MATLAB/R2024b/sys/ros2/glnxa64/ros2/lib/python3.9/site-packages:/home/qianw/.matlab/R2024b/ros2/glnxa64/venv/lib/python3.10/site-packages:'), ('LC_NUMERIC', 'C'), ('COLCON', '1'), ('VTE_VERSION', '6800'), ('CMAKE_PREFIX_PATH', '/home/qianw/EECE5554/LAB4/src/matlab_msg_gen/glnxa64/install:/home/qianw/MATLAB/R2024b/sys/ros2/glnxa64/ros2:/home/qianw/MATLAB/R2024b/sys/ros2/glnxa64/ros2')]), 'shell': False}
[6.590948] (imu_interface) StdoutLine: {'line': b'-- Install configuration: "Release"\n'}
[6.592098] (imu_interface) StdoutLine: {'line': b'-- Up-to-date: /home/qianw/EECE5554/LAB4/src/matlab_msg_gen/glnxa64/install/share/ament_index/resource_index/rosidl_interfaces/imu_interface\n'}
[6.592570] (-) TimerEvent: {}
[6.594312] (imu_interface) StdoutLine: {'line': b'-- Up-to-date: /home/qianw/EECE5554/LAB4/src/matlab_msg_gen/glnxa64/install/include/imu_interface/imu_interface\n'}
[6.594797] (imu_interface) StdoutLine: {'line': b'-- Up-to-date: /home/qianw/EECE5554/LAB4/src/matlab_msg_gen/glnxa64/install/include/imu_interface/imu_interface/msg\n'}
[6.595299] (imu_interface) StdoutLine: {'line': b'-- Up-to-date: /home/qianw/EECE5554/LAB4/src/matlab_msg_gen/glnxa64/install/include/imu_interface/imu_interface/msg/detail\n'}
[6.598600] (imu_interface) StdoutLine: {'line': b'-- Up-to-date: /home/qianw/EECE5554/LAB4/src/matlab_msg_gen/glnxa64/install/include/imu_interface/imu_interface/msg/detail/im_umsg__struct.h\n'}
[6.599535] (imu_interface) StdoutLine: {'line': b'-- Up-to-date: /home/qianw/EECE5554/LAB4/src/matlab_msg_gen/glnxa64/install/include/imu_interface/imu_interface/msg/detail/im_umsg__type_support.h\n'}
[6.599816] (imu_interface) StdoutLine: {'line': b'-- Up-to-date: /home/qianw/EECE5554/LAB4/src/matlab_msg_gen/glnxa64/install/include/imu_interface/imu_interface/msg/detail/im_umsg__functions.h\n'}
[6.600076] (imu_interface) StdoutLine: {'line': b'-- Up-to-date: /home/qianw/EECE5554/LAB4/src/matlab_msg_gen/glnxa64/install/include/imu_interface/imu_interface/msg/detail/im_umsg__functions.c\n'}
[6.600496] (imu_interface) StdoutLine: {'line': b'-- Up-to-date: /home/qianw/EECE5554/LAB4/src/matlab_msg_gen/glnxa64/install/include/imu_interface/imu_interface/msg/rosidl_generator_c__visibility_control.h\n'}
[6.600750] (imu_interface) StdoutLine: {'line': b'-- Up-to-date: /home/qianw/EECE5554/LAB4/src/matlab_msg_gen/glnxa64/install/include/imu_interface/imu_interface/msg/im_umsg.h\n'}
[6.600993] (imu_interface) StdoutLine: {'line': b'-- Up-to-date: /home/qianw/EECE5554/LAB4/src/matlab_msg_gen/glnxa64/install/share/imu_interface/environment/library_path.sh\n'}
[6.603839] (imu_interface) StdoutLine: {'line': b'-- Installing: /home/qianw/EECE5554/LAB4/src/matlab_msg_gen/glnxa64/install/share/imu_interface/environment/library_path.dsv\n'}
[6.604528] (imu_interface) StdoutLine: {'line': b'-- Up-to-date: /home/qianw/EECE5554/LAB4/src/matlab_msg_gen/glnxa64/install/lib/libimu_interface__rosidl_generator_c.so\n'}
[6.605563] (imu_interface) StdoutLine: {'line': b'-- Up-to-date: /home/qianw/EECE5554/LAB4/src/matlab_msg_gen/glnxa64/install/include/imu_interface/imu_interface\n'}
[6.605991] (imu_interface) StdoutLine: {'line': b'-- Up-to-date: /home/qianw/EECE5554/LAB4/src/matlab_msg_gen/glnxa64/install/include/imu_interface/imu_interface/msg\n'}
[6.606974] (imu_interface) StdoutLine: {'line': b'-- Up-to-date: /home/qianw/EECE5554/LAB4/src/matlab_msg_gen/glnxa64/install/include/imu_interface/imu_interface/msg/detail\n'}
[6.608712] (imu_interface) StdoutLine: {'line': b'-- Up-to-date: /home/qianw/EECE5554/LAB4/src/matlab_msg_gen/glnxa64/install/include/imu_interface/imu_interface/msg/detail/im_umsg__rosidl_typesupport_fastrtps_c.h\n'}
[6.609409] (imu_interface) StdoutLine: {'line': b'-- Up-to-date: /home/qianw/EECE5554/LAB4/src/matlab_msg_gen/glnxa64/install/include/imu_interface/imu_interface/msg/rosidl_typesupport_fastrtps_c__visibility_control.h\n'}
[6.609851] (imu_interface) StdoutLine: {'line': b'-- Up-to-date: /home/qianw/EECE5554/LAB4/src/matlab_msg_gen/glnxa64/install/lib/libimu_interface__rosidl_typesupport_fastrtps_c.so\n'}
[6.617682] (imu_interface) StdoutLine: {'line': b'-- Up-to-date: /home/qianw/EECE5554/LAB4/src/matlab_msg_gen/glnxa64/install/include/imu_interface/imu_interface\n'}
[6.618611] (imu_interface) StdoutLine: {'line': b'-- Up-to-date: /home/qianw/EECE5554/LAB4/src/matlab_msg_gen/glnxa64/install/include/imu_interface/imu_interface/msg\n'}
[6.619224] (imu_interface) StdoutLine: {'line': b'-- Up-to-date: /home/qianw/EECE5554/LAB4/src/matlab_msg_gen/glnxa64/install/include/imu_interface/imu_interface/msg/detail\n'}
[6.619377] (imu_interface) StdoutLine: {'line': b'-- Up-to-date: /home/qianw/EECE5554/LAB4/src/matlab_msg_gen/glnxa64/install/include/imu_interface/imu_interface/msg/detail/im_umsg__rosidl_typesupport_introspection_c.h\n'}
[6.621944] (imu_interface) StdoutLine: {'line': b'-- Up-to-date: /home/qianw/EECE5554/LAB4/src/matlab_msg_gen/glnxa64/install/include/imu_interface/imu_interface/msg/detail/im_umsg__type_support.c\n'}
[6.622585] (imu_interface) StdoutLine: {'line': b'-- Up-to-date: /home/qianw/EECE5554/LAB4/src/matlab_msg_gen/glnxa64/install/include/imu_interface/imu_interface/msg/rosidl_typesupport_introspection_c__visibility_control.h\n'}
[6.622757] (imu_interface) StdoutLine: {'line': b'-- Up-to-date: /home/qianw/EECE5554/LAB4/src/matlab_msg_gen/glnxa64/install/lib/libimu_interface__rosidl_typesupport_introspection_c.so\n'}
[6.622891] (imu_interface) StdoutLine: {'line': b'-- Up-to-date: /home/qianw/EECE5554/LAB4/src/matlab_msg_gen/glnxa64/install/lib/libimu_interface__rosidl_typesupport_c.so\n'}
[6.623018] (imu_interface) StdoutLine: {'line': b'-- Up-to-date: /home/qianw/EECE5554/LAB4/src/matlab_msg_gen/glnxa64/install/include/imu_interface/imu_interface\n'}
[6.623142] (imu_interface) StdoutLine: {'line': b'-- Up-to-date: /home/qianw/EECE5554/LAB4/src/matlab_msg_gen/glnxa64/install/include/imu_interface/imu_interface/msg\n'}
[6.625150] (imu_interface) StdoutLine: {'line': b'-- Up-to-date: /home/qianw/EECE5554/LAB4/src/matlab_msg_gen/glnxa64/install/include/imu_interface/imu_interface/msg/detail\n'}
[6.625357] (imu_interface) StdoutLine: {'line': b'-- Up-to-date: /home/qianw/EECE5554/LAB4/src/matlab_msg_gen/glnxa64/install/include/imu_interface/imu_interface/msg/detail/im_umsg__struct.hpp\n'}
[6.625495] (imu_interface) StdoutLine: {'line': b'-- Up-to-date: /home/qianw/EECE5554/LAB4/src/matlab_msg_gen/glnxa64/install/include/imu_interface/imu_interface/msg/detail/im_umsg__builder.hpp\n'}
[6.625602] (imu_interface) StdoutLine: {'line': b'-- Up-to-date: /home/qianw/EECE5554/LAB4/src/matlab_msg_gen/glnxa64/install/include/imu_interface/imu_interface/msg/detail/im_umsg__traits.hpp\n'}
[6.625700] (imu_interface) StdoutLine: {'line': b'-- Up-to-date: /home/qianw/EECE5554/LAB4/src/matlab_msg_gen/glnxa64/install/include/imu_interface/imu_interface/msg/im_umsg.hpp\n'}
[6.625796] (imu_interface) StdoutLine: {'line': b'-- Up-to-date: /home/qianw/EECE5554/LAB4/src/matlab_msg_gen/glnxa64/install/include/imu_interface/imu_interface\n'}
[6.625898] (imu_interface) StdoutLine: {'line': b'-- Up-to-date: /home/qianw/EECE5554/LAB4/src/matlab_msg_gen/glnxa64/install/include/imu_interface/imu_interface/msg\n'}
[6.627009] (imu_interface) StdoutLine: {'line': b'-- Up-to-date: /home/qianw/EECE5554/LAB4/src/matlab_msg_gen/glnxa64/install/include/imu_interface/imu_interface/msg/detail\n'}
[6.629223] (imu_interface) StdoutLine: {'line': b'-- Up-to-date: /home/qianw/EECE5554/LAB4/src/matlab_msg_gen/glnxa64/install/include/imu_interface/imu_interface/msg/detail/im_umsg__rosidl_typesupport_fastrtps_cpp.hpp\n'}
[6.629403] (imu_interface) StdoutLine: {'line': b'-- Up-to-date: /home/qianw/EECE5554/LAB4/src/matlab_msg_gen/glnxa64/install/include/imu_interface/imu_interface/msg/detail/dds_fastrtps\n'}
[6.629868] (imu_interface) StdoutLine: {'line': b'-- Up-to-date: /home/qianw/EECE5554/LAB4/src/matlab_msg_gen/glnxa64/install/include/imu_interface/imu_interface/msg/rosidl_typesupport_fastrtps_cpp__visibility_control.h\n'}
[6.631425] (imu_interface) StdoutLine: {'line': b'-- Up-to-date: /home/qianw/EECE5554/LAB4/src/matlab_msg_gen/glnxa64/install/lib/libimu_interface__rosidl_typesupport_fastrtps_cpp.so\n'}
[6.632898] (imu_interface) StdoutLine: {'line': b'-- Up-to-date: /home/qianw/EECE5554/LAB4/src/matlab_msg_gen/glnxa64/install/include/imu_interface/imu_interface\n'}
[6.633411] (imu_interface) StdoutLine: {'line': b'-- Up-to-date: /home/qianw/EECE5554/LAB4/src/matlab_msg_gen/glnxa64/install/include/imu_interface/imu_interface/msg\n'}
[6.633706] (imu_interface) StdoutLine: {'line': b'-- Up-to-date: /home/qianw/EECE5554/LAB4/src/matlab_msg_gen/glnxa64/install/include/imu_interface/imu_interface/msg/detail\n'}
[6.633840] (imu_interface) StdoutLine: {'line': b'-- Up-to-date: /home/qianw/EECE5554/LAB4/src/matlab_msg_gen/glnxa64/install/include/imu_interface/imu_interface/msg/detail/im_umsg__rosidl_typesupport_introspection_cpp.hpp\n'}
[6.633958] (imu_interface) StdoutLine: {'line': b'-- Up-to-date: /home/qianw/EECE5554/LAB4/src/matlab_msg_gen/glnxa64/install/include/imu_interface/imu_interface/msg/detail/im_umsg__type_support.cpp\n'}
[6.634253] (imu_interface) StdoutLine: {'line': b'-- Up-to-date: /home/qianw/EECE5554/LAB4/src/matlab_msg_gen/glnxa64/install/lib/libimu_interface__rosidl_typesupport_introspection_cpp.so\n'}
[6.634424] (imu_interface) StdoutLine: {'line': b'-- Up-to-date: /home/qianw/EECE5554/LAB4/src/matlab_msg_gen/glnxa64/install/lib/libimu_interface__rosidl_typesupport_cpp.so\n'}
[6.634627] (imu_interface) StdoutLine: {'line': b'-- Up-to-date: /home/qianw/EECE5554/LAB4/src/matlab_msg_gen/glnxa64/install/share/imu_interface/msg/IMUmsg.idl\n'}
[6.634771] (imu_interface) StdoutLine: {'line': b'-- Up-to-date: /home/qianw/EECE5554/LAB4/src/matlab_msg_gen/glnxa64/install/share/imu_interface/msg/IMUmsg.msg\n'}
[6.634881] (imu_interface) StdoutLine: {'line': b'-- Up-to-date: /home/qianw/EECE5554/LAB4/src/matlab_msg_gen/glnxa64/install/include\n'}
[6.634988] (imu_interface) StdoutLine: {'line': b'-- Up-to-date: /home/qianw/EECE5554/LAB4/src/matlab_msg_gen/glnxa64/install/include/imu_interface\n'}
[6.635096] (imu_interface) StdoutLine: {'line': b'-- Up-to-date: /home/qianw/EECE5554/LAB4/src/matlab_msg_gen/glnxa64/install/include/imu_interface/visibility_control.h\n'}
[6.635448] (imu_interface) StdoutLine: {'line': b'-- Up-to-date: /home/qianw/EECE5554/LAB4/src/matlab_msg_gen/glnxa64/install/lib/libimu_interface_matlab.so\n'}
[6.635574] (imu_interface) StdoutLine: {'line': b'-- Up-to-date: /home/qianw/EECE5554/LAB4/src/matlab_msg_gen/glnxa64/install/m/\n'}
[6.635825] (imu_interface) StdoutLine: {'line': b'-- Up-to-date: /home/qianw/EECE5554/LAB4/src/matlab_msg_gen/glnxa64/install/m//+ros\n'}
[6.635941] (imu_interface) StdoutLine: {'line': b'-- Up-to-date: /home/qianw/EECE5554/LAB4/src/matlab_msg_gen/glnxa64/install/m//+ros/+internal\n'}
[6.636063] (imu_interface) StdoutLine: {'line': b'-- Up-to-date: /home/qianw/EECE5554/LAB4/src/matlab_msg_gen/glnxa64/install/m//+ros/+internal/+ros2\n'}
[6.636282] (imu_interface) StdoutLine: {'line': b'-- Up-to-date: /home/qianw/EECE5554/LAB4/src/matlab_msg_gen/glnxa64/install/m//+ros/+internal/+ros2/+custommessages\n'}
[6.636416] (imu_interface) StdoutLine: {'line': b'-- Up-to-date: /home/qianw/EECE5554/LAB4/src/matlab_msg_gen/glnxa64/install/m//+ros/+internal/+ros2/+custommessages/+imu_interface\n'}
[6.636525] (imu_interface) StdoutLine: {'line': b'-- Up-to-date: /home/qianw/EECE5554/LAB4/src/matlab_msg_gen/glnxa64/install/m//+ros/+internal/+ros2/+custommessages/+imu_interface/iMUmsg.m\n'}
[6.636633] (imu_interface) StdoutLine: {'line': b'-- Up-to-date: /home/qianw/EECE5554/LAB4/src/matlab_msg_gen/glnxa64/install/share/ament_index/resource_index/package_run_dependencies/imu_interface\n'}
[6.636942] (imu_interface) StdoutLine: {'line': b'-- Up-to-date: /home/qianw/EECE5554/LAB4/src/matlab_msg_gen/glnxa64/install/share/ament_index/resource_index/parent_prefix_path/imu_interface\n'}
[6.637144] (imu_interface) StdoutLine: {'line': b'-- Up-to-date: /home/qianw/EECE5554/LAB4/src/matlab_msg_gen/glnxa64/install/share/imu_interface/environment/ament_prefix_path.sh\n'}
[6.637298] (imu_interface) StdoutLine: {'line': b'-- Installing: /home/qianw/EECE5554/LAB4/src/matlab_msg_gen/glnxa64/install/share/imu_interface/environment/ament_prefix_path.dsv\n'}
[6.637498] (imu_interface) StdoutLine: {'line': b'-- Up-to-date: /home/qianw/EECE5554/LAB4/src/matlab_msg_gen/glnxa64/install/share/imu_interface/environment/path.sh\n'}
[6.637643] (imu_interface) StdoutLine: {'line': b'-- Installing: /home/qianw/EECE5554/LAB4/src/matlab_msg_gen/glnxa64/install/share/imu_interface/environment/path.dsv\n'}
[6.638013] (imu_interface) StdoutLine: {'line': b'-- Up-to-date: /home/qianw/EECE5554/LAB4/src/matlab_msg_gen/glnxa64/install/share/imu_interface/local_setup.bash\n'}
[6.638247] (imu_interface) StdoutLine: {'line': b'-- Up-to-date: /home/qianw/EECE5554/LAB4/src/matlab_msg_gen/glnxa64/install/share/imu_interface/local_setup.sh\n'}
[6.638429] (imu_interface) StdoutLine: {'line': b'-- Up-to-date: /home/qianw/EECE5554/LAB4/src/matlab_msg_gen/glnxa64/install/share/imu_interface/local_setup.zsh\n'}
[6.638577] (imu_interface) StdoutLine: {'line': b'-- Installing: /home/qianw/EECE5554/LAB4/src/matlab_msg_gen/glnxa64/install/share/imu_interface/local_setup.dsv\n'}
[6.638693] (imu_interface) StdoutLine: {'line': b'-- Installing: /home/qianw/EECE5554/LAB4/src/matlab_msg_gen/glnxa64/install/share/imu_interface/package.dsv\n'}
[6.638805] (imu_interface) StdoutLine: {'line': b'-- Up-to-date: /home/qianw/EECE5554/LAB4/src/matlab_msg_gen/glnxa64/install/share/ament_index/resource_index/packages/imu_interface\n'}
[6.639230] (imu_interface) StdoutLine: {'line': b'-- Up-to-date: /home/qianw/EECE5554/LAB4/src/matlab_msg_gen/glnxa64/install/share/imu_interface/cmake/export_imu_interface__rosidl_generator_cExport.cmake\n'}
[6.639397] (imu_interface) StdoutLine: {'line': b'-- Up-to-date: /home/qianw/EECE5554/LAB4/src/matlab_msg_gen/glnxa64/install/share/imu_interface/cmake/export_imu_interface__rosidl_generator_cExport-release.cmake\n'}
[6.639518] (imu_interface) StdoutLine: {'line': b'-- Up-to-date: /home/qianw/EECE5554/LAB4/src/matlab_msg_gen/glnxa64/install/share/imu_interface/cmake/export_imu_interface__rosidl_typesupport_fastrtps_cExport.cmake\n'}
[6.639632] (imu_interface) StdoutLine: {'line': b'-- Up-to-date: /home/qianw/EECE5554/LAB4/src/matlab_msg_gen/glnxa64/install/share/imu_interface/cmake/export_imu_interface__rosidl_typesupport_fastrtps_cExport-release.cmake\n'}
[6.640877] (imu_interface) StdoutLine: {'line': b'-- Up-to-date: /home/qianw/EECE5554/LAB4/src/matlab_msg_gen/glnxa64/install/share/imu_interface/cmake/imu_interface__rosidl_typesupport_introspection_cExport.cmake\n'}
[6.641174] (imu_interface) StdoutLine: {'line': b'-- Up-to-date: /home/qianw/EECE5554/LAB4/src/matlab_msg_gen/glnxa64/install/share/imu_interface/cmake/imu_interface__rosidl_typesupport_introspection_cExport-release.cmake\n'}
[6.642547] (imu_interface) StdoutLine: {'line': b'-- Up-to-date: /home/qianw/EECE5554/LAB4/src/matlab_msg_gen/glnxa64/install/share/imu_interface/cmake/imu_interface__rosidl_typesupport_cExport.cmake\n'}
[6.642873] (imu_interface) StdoutLine: {'line': b'-- Up-to-date: /home/qianw/EECE5554/LAB4/src/matlab_msg_gen/glnxa64/install/share/imu_interface/cmake/imu_interface__rosidl_typesupport_cExport-release.cmake\n'}
[6.643939] (imu_interface) StdoutLine: {'line': b'-- Up-to-date: /home/qianw/EECE5554/LAB4/src/matlab_msg_gen/glnxa64/install/share/imu_interface/cmake/export_imu_interface__rosidl_generator_cppExport.cmake\n'}
[6.645366] (imu_interface) StdoutLine: {'line': b'-- Up-to-date: /home/qianw/EECE5554/LAB4/src/matlab_msg_gen/glnxa64/install/share/imu_interface/cmake/export_imu_interface__rosidl_typesupport_fastrtps_cppExport.cmake\n'}
[6.645636] (imu_interface) StdoutLine: {'line': b'-- Up-to-date: /home/qianw/EECE5554/LAB4/src/matlab_msg_gen/glnxa64/install/share/imu_interface/cmake/export_imu_interface__rosidl_typesupport_fastrtps_cppExport-release.cmake\n'}
[6.646753] (imu_interface) StdoutLine: {'line': b'-- Up-to-date: /home/qianw/EECE5554/LAB4/src/matlab_msg_gen/glnxa64/install/share/imu_interface/cmake/imu_interface__rosidl_typesupport_introspection_cppExport.cmake\n'}
[6.647022] (imu_interface) StdoutLine: {'line': b'-- Up-to-date: /home/qianw/EECE5554/LAB4/src/matlab_msg_gen/glnxa64/install/share/imu_interface/cmake/imu_interface__rosidl_typesupport_introspection_cppExport-release.cmake\n'}
[6.648300] (imu_interface) StdoutLine: {'line': b'-- Up-to-date: /home/qianw/EECE5554/LAB4/src/matlab_msg_gen/glnxa64/install/share/imu_interface/cmake/imu_interface__rosidl_typesupport_cppExport.cmake\n'}
[6.648614] (imu_interface) StdoutLine: {'line': b'-- Up-to-date: /home/qianw/EECE5554/LAB4/src/matlab_msg_gen/glnxa64/install/share/imu_interface/cmake/imu_interface__rosidl_typesupport_cppExport-release.cmake\n'}
[6.649526] (imu_interface) StdoutLine: {'line': b'-- Up-to-date: /home/qianw/EECE5554/LAB4/src/matlab_msg_gen/glnxa64/install/share/imu_interface/cmake/rosidl_cmake-extras.cmake\n'}
[6.650073] (imu_interface) StdoutLine: {'line': b'-- Up-to-date: /home/qianw/EECE5554/LAB4/src/matlab_msg_gen/glnxa64/install/share/imu_interface/cmake/ament_cmake_export_dependencies-extras.cmake\n'}
[6.650564] (imu_interface) StdoutLine: {'line': b'-- Up-to-date: /home/qianw/EECE5554/LAB4/src/matlab_msg_gen/glnxa64/install/share/imu_interface/cmake/ament_cmake_export_include_directories-extras.cmake\n'}
[6.651029] (imu_interface) StdoutLine: {'line': b'-- Up-to-date: /home/qianw/EECE5554/LAB4/src/matlab_msg_gen/glnxa64/install/share/imu_interface/cmake/ament_cmake_export_libraries-extras.cmake\n'}
[6.651490] (imu_interface) StdoutLine: {'line': b'-- Up-to-date: /home/qianw/EECE5554/LAB4/src/matlab_msg_gen/glnxa64/install/share/imu_interface/cmake/ament_cmake_export_targets-extras.cmake\n'}
[6.651701] (imu_interface) StdoutLine: {'line': b'-- Up-to-date: /home/qianw/EECE5554/LAB4/src/matlab_msg_gen/glnxa64/install/share/imu_interface/cmake/rosidl_cmake_export_typesupport_targets-extras.cmake\n'}
[6.651914] (imu_interface) StdoutLine: {'line': b'-- Up-to-date: /home/qianw/EECE5554/LAB4/src/matlab_msg_gen/glnxa64/install/share/imu_interface/cmake/rosidl_cmake_export_typesupport_libraries-extras.cmake\n'}
[6.652098] (imu_interface) StdoutLine: {'line': b'-- Up-to-date: /home/qianw/EECE5554/LAB4/src/matlab_msg_gen/glnxa64/install/share/imu_interface/cmake/imu_interfaceConfig.cmake\n'}
[6.652392] (imu_interface) StdoutLine: {'line': b'-- Up-to-date: /home/qianw/EECE5554/LAB4/src/matlab_msg_gen/glnxa64/install/share/imu_interface/cmake/imu_interfaceConfig-version.cmake\n'}
[6.652720] (imu_interface) StdoutLine: {'line': b'-- Installing: /home/qianw/EECE5554/LAB4/src/matlab_msg_gen/glnxa64/install/share/imu_interface/package.xml\n'}
[6.662876] (imu_interface) CommandEnded: {'returncode': 0}
[6.700024] (-) TimerEvent: {}
[6.805583] (-) TimerEvent: {}
[6.911608] (-) TimerEvent: {}
[6.963816] (imu_interface) JobEnded: {'identifier': 'imu_interface', 'rc': 0}
[6.965296] (-) EventReactorShutdown: {}
