[1.580s] DEBUG:colcon:Command line arguments: ['/home/qianw/.matlab/R2024b/ros2/glnxa64/venv/bin/colcon', 'build', '--merge-install', '--cmake-args', '-DCMAKE_BUILD_TYPE=Release', '-DCMAKE_SHARED_LINKER_FLAGS=-Wl,-no-as-needed', '-DBUILD_TESTING=OFF', '-DALIAS_ROS2_TF2=1', '-DCMAKE_CXX_FLAGS_RELEASE=-O0', '-G', 'Ninja', '-DCMAKE_C_COMPILER=/usr/bin/gcc', '-DCMAKE_CXX_COMPILER=/usr/bin/g++']
[1.580s] DEBUG:colcon:Parsed command line arguments: Namespace(log_base=None, log_level=None, verb_name='build', build_base='build', install_base='install', merge_install=True, symlink_install=False, test_result_base=None, continue_on_error=False, executor='parallel', parallel_workers=8, event_handlers=None, ignore_user_meta=False, metas=['./colcon.meta'], base_paths=['.'], packages_ignore=None, packages_ignore_regex=None, paths=None, packages_up_to=None, packages_up_to_regex=None, packages_above=None, packages_above_and_dependencies=None, packages_above_depth=None, packages_select_by_dep=None, packages_skip_by_dep=None, packages_skip_up_to=None, packages_select_build_failed=False, packages_skip_build_finished=False, packages_select_test_failures=False, packages_skip_test_passed=False, packages_select=None, packages_skip=None, packages_select_regex=None, packages_skip_regex=None, packages_start=None, packages_end=None, cmake_args=['-DCMAKE_BUILD_TYPE=Release', '-DCMAKE_SHARED_LINKER_FLAGS=-Wl,-no-as-needed', '-DBUILD_TESTING=OFF', '-DALIAS_ROS2_TF2=1', '-DCMAKE_CXX_FLAGS_RELEASE=-O0', '-G', 'Ninja', '-DCMAKE_C_COMPILER=/usr/bin/gcc', '-DCMAKE_CXX_COMPILER=/usr/bin/g++'], cmake_target=None, cmake_target_skip_unavailable=False, cmake_clean_cache=False, cmake_clean_first=False, cmake_force_configure=False, ament_cmake_args=None, catkin_cmake_args=None, catkin_skip_building_tests=False, verb_parser=<colcon_defaults.argument_parser.defaults.DefaultArgumentsDecorator object at 0x7c9246990100>, verb_extension=<colcon_core.verb.build.BuildVerb object at 0x7c9246a8ec50>, main=<bound method BuildVerb.main of <colcon_core.verb.build.BuildVerb object at 0x7c9246a8ec50>>)
[1.835s] Level 1:colcon.colcon_core.package_discovery:discover_packages(colcon_meta) check parameters
[1.835s] Level 1:colcon.colcon_core.package_discovery:discover_packages(recursive) check parameters
[1.835s] Level 1:colcon.colcon_core.package_discovery:discover_packages(ignore) check parameters
[1.835s] Level 1:colcon.colcon_core.package_discovery:discover_packages(path) check parameters
[1.835s] Level 1:colcon.colcon_core.package_discovery:discover_packages(colcon_meta) discover
[1.835s] Level 1:colcon.colcon_core.package_discovery:discover_packages(recursive) discover
[1.836s] INFO:colcon.colcon_core.package_discovery:Crawling recursively for packages in '/home/qianw/EECE5554/LAB4/src/matlab_msg_gen/glnxa64'
[1.836s] Level 1:colcon.colcon_core.package_identification:_identify(.) by extensions ['ignore', 'ignore_ament_install']
[1.837s] Level 1:colcon.colcon_core.package_identification:_identify(.) by extension 'ignore'
[1.837s] Level 1:colcon.colcon_core.package_identification:_identify(.) by extension 'ignore_ament_install'
[1.837s] Level 1:colcon.colcon_core.package_identification:_identify(.) by extensions ['colcon_pkg']
[1.837s] Level 1:colcon.colcon_core.package_identification:_identify(.) by extension 'colcon_pkg'
[1.838s] Level 1:colcon.colcon_core.package_identification:_identify(.) by extensions ['colcon_meta']
[1.838s] Level 1:colcon.colcon_core.package_identification:_identify(.) by extension 'colcon_meta'
[1.838s] Level 1:colcon.colcon_core.package_identification:_identify(.) by extensions ['ros']
[1.838s] Level 1:colcon.colcon_core.package_identification:_identify(.) by extension 'ros'
[1.923s] Level 1:colcon.colcon_core.package_identification:_identify(.) by extensions ['cmake', 'python']
[1.923s] Level 1:colcon.colcon_core.package_identification:_identify(.) by extension 'cmake'
[1.923s] Level 1:colcon.colcon_core.package_identification:_identify(.) by extension 'python'
[1.923s] Level 1:colcon.colcon_core.package_identification:_identify(.) by extensions ['python_setup_py']
[1.923s] Level 1:colcon.colcon_core.package_identification:_identify(.) by extension 'python_setup_py'
[1.924s] Level 1:colcon.colcon_core.package_identification:_identify(build) by extensions ['ignore', 'ignore_ament_install']
[1.924s] Level 1:colcon.colcon_core.package_identification:_identify(build) by extension 'ignore'
[1.924s] Level 1:colcon.colcon_core.package_identification:_identify(build) ignored
[1.924s] Level 1:colcon.colcon_core.package_identification:_identify(install) by extensions ['ignore', 'ignore_ament_install']
[1.925s] Level 1:colcon.colcon_core.package_identification:_identify(install) by extension 'ignore'
[1.925s] Level 1:colcon.colcon_core.package_identification:_identify(install) ignored
[1.925s] Level 1:colcon.colcon_core.package_identification:_identify(log) by extensions ['ignore', 'ignore_ament_install']
[1.925s] Level 1:colcon.colcon_core.package_identification:_identify(log) by extension 'ignore'
[1.925s] Level 1:colcon.colcon_core.package_identification:_identify(log) ignored
[1.925s] Level 1:colcon.colcon_core.package_identification:_identify(src) by extensions ['ignore', 'ignore_ament_install']
[1.926s] Level 1:colcon.colcon_core.package_identification:_identify(src) by extension 'ignore'
[1.926s] Level 1:colcon.colcon_core.package_identification:_identify(src) by extension 'ignore_ament_install'
[1.926s] Level 1:colcon.colcon_core.package_identification:_identify(src) by extensions ['colcon_pkg']
[1.926s] Level 1:colcon.colcon_core.package_identification:_identify(src) by extension 'colcon_pkg'
[1.926s] Level 1:colcon.colcon_core.package_identification:_identify(src) by extensions ['colcon_meta']
[1.926s] Level 1:colcon.colcon_core.package_identification:_identify(src) by extension 'colcon_meta'
[1.926s] Level 1:colcon.colcon_core.package_identification:_identify(src) by extensions ['ros']
[1.926s] Level 1:colcon.colcon_core.package_identification:_identify(src) by extension 'ros'
[1.926s] Level 1:colcon.colcon_core.package_identification:_identify(src) by extensions ['cmake', 'python']
[1.927s] Level 1:colcon.colcon_core.package_identification:_identify(src) by extension 'cmake'
[1.927s] Level 1:colcon.colcon_core.package_identification:_identify(src) by extension 'python'
[1.927s] Level 1:colcon.colcon_core.package_identification:_identify(src) by extensions ['python_setup_py']
[1.927s] Level 1:colcon.colcon_core.package_identification:_identify(src) by extension 'python_setup_py'
[1.927s] Level 1:colcon.colcon_core.package_identification:_identify(src/gps_interface) by extensions ['ignore', 'ignore_ament_install']
[1.927s] Level 1:colcon.colcon_core.package_identification:_identify(src/gps_interface) by extension 'ignore'
[1.927s] Level 1:colcon.colcon_core.package_identification:_identify(src/gps_interface) by extension 'ignore_ament_install'
[1.927s] Level 1:colcon.colcon_core.package_identification:_identify(src/gps_interface) by extensions ['colcon_pkg']
[1.927s] Level 1:colcon.colcon_core.package_identification:_identify(src/gps_interface) by extension 'colcon_pkg'
[1.928s] Level 1:colcon.colcon_core.package_identification:_identify(src/gps_interface) by extensions ['colcon_meta']
[1.928s] Level 1:colcon.colcon_core.package_identification:_identify(src/gps_interface) by extension 'colcon_meta'
[1.928s] Level 1:colcon.colcon_core.package_identification:_identify(src/gps_interface) by extensions ['ros']
[1.928s] Level 1:colcon.colcon_core.package_identification:_identify(src/gps_interface) by extension 'ros'
[1.936s] DEBUG:colcon.colcon_core.package_identification:Package 'src/gps_interface' with type 'ros.ament_cmake' and name 'gps_interface'
[1.936s] Level 1:colcon.colcon_core.package_identification:_identify(src/imu_interface) by extensions ['ignore', 'ignore_ament_install']
[1.937s] Level 1:colcon.colcon_core.package_identification:_identify(src/imu_interface) by extension 'ignore'
[1.937s] Level 1:colcon.colcon_core.package_identification:_identify(src/imu_interface) by extension 'ignore_ament_install'
[1.937s] Level 1:colcon.colcon_core.package_identification:_identify(src/imu_interface) by extensions ['colcon_pkg']
[1.937s] Level 1:colcon.colcon_core.package_identification:_identify(src/imu_interface) by extension 'colcon_pkg'
[1.937s] Level 1:colcon.colcon_core.package_identification:_identify(src/imu_interface) by extensions ['colcon_meta']
[1.937s] Level 1:colcon.colcon_core.package_identification:_identify(src/imu_interface) by extension 'colcon_meta'
[1.937s] Level 1:colcon.colcon_core.package_identification:_identify(src/imu_interface) by extensions ['ros']
[1.937s] Level 1:colcon.colcon_core.package_identification:_identify(src/imu_interface) by extension 'ros'
[1.940s] DEBUG:colcon.colcon_core.package_identification:Package 'src/imu_interface' with type 'ros.ament_cmake' and name 'imu_interface'
[1.940s] Level 1:colcon.colcon_core.package_discovery:discover_packages(recursive) using defaults
[1.940s] Level 1:colcon.colcon_core.package_discovery:discover_packages(ignore) discover
[1.941s] Level 1:colcon.colcon_core.package_discovery:discover_packages(ignore) using defaults
[1.941s] Level 1:colcon.colcon_core.package_discovery:discover_packages(path) discover
[1.941s] Level 1:colcon.colcon_core.package_discovery:discover_packages(path) using defaults
[2.128s] Level 5:colcon.colcon_core.verb:set package 'gps_interface' build argument 'cmake_args' from command line to '['-DCMAKE_BUILD_TYPE=Release', '-DCMAKE_SHARED_LINKER_FLAGS=-Wl,-no-as-needed', '-DBUILD_TESTING=OFF', '-DALIAS_ROS2_TF2=1', '-DCMAKE_CXX_FLAGS_RELEASE=-O0', '-G', 'Ninja', '-DCMAKE_C_COMPILER=/usr/bin/gcc', '-DCMAKE_CXX_COMPILER=/usr/bin/g++']'
[2.129s] Level 5:colcon.colcon_core.verb:set package 'gps_interface' build argument 'cmake_target' from command line to 'None'
[2.129s] Level 5:colcon.colcon_core.verb:set package 'gps_interface' build argument 'cmake_target_skip_unavailable' from command line to 'False'
[2.129s] Level 5:colcon.colcon_core.verb:set package 'gps_interface' build argument 'cmake_clean_cache' from command line to 'False'
[2.129s] Level 5:colcon.colcon_core.verb:set package 'gps_interface' build argument 'cmake_clean_first' from command line to 'False'
[2.129s] Level 5:colcon.colcon_core.verb:set package 'gps_interface' build argument 'cmake_force_configure' from command line to 'False'
[2.129s] Level 5:colcon.colcon_core.verb:set package 'gps_interface' build argument 'ament_cmake_args' from command line to 'None'
[2.129s] Level 5:colcon.colcon_core.verb:set package 'gps_interface' build argument 'catkin_cmake_args' from command line to 'None'
[2.129s] Level 5:colcon.colcon_core.verb:set package 'gps_interface' build argument 'catkin_skip_building_tests' from command line to 'False'
[2.129s] DEBUG:colcon.colcon_core.verb:Building package 'gps_interface' with the following arguments: {'ament_cmake_args': None, 'build_base': '/home/qianw/EECE5554/LAB4/src/matlab_msg_gen/glnxa64/build/gps_interface', 'catkin_cmake_args': None, 'catkin_skip_building_tests': False, 'cmake_args': ['-DCMAKE_BUILD_TYPE=Release', '-DCMAKE_SHARED_LINKER_FLAGS=-Wl,-no-as-needed', '-DBUILD_TESTING=OFF', '-DALIAS_ROS2_TF2=1', '-DCMAKE_CXX_FLAGS_RELEASE=-O0', '-G', 'Ninja', '-DCMAKE_C_COMPILER=/usr/bin/gcc', '-DCMAKE_CXX_COMPILER=/usr/bin/g++'], 'cmake_clean_cache': False, 'cmake_clean_first': False, 'cmake_force_configure': False, 'cmake_target': None, 'cmake_target_skip_unavailable': False, 'install_base': '/home/qianw/EECE5554/LAB4/src/matlab_msg_gen/glnxa64/install', 'merge_install': True, 'path': '/home/qianw/EECE5554/LAB4/src/matlab_msg_gen/glnxa64/src/gps_interface', 'symlink_install': False, 'test_result_base': None}
[2.147s] Level 5:colcon.colcon_core.verb:set package 'imu_interface' build argument 'cmake_args' from command line to '['-DCMAKE_BUILD_TYPE=Release', '-DCMAKE_SHARED_LINKER_FLAGS=-Wl,-no-as-needed', '-DBUILD_TESTING=OFF', '-DALIAS_ROS2_TF2=1', '-DCMAKE_CXX_FLAGS_RELEASE=-O0', '-G', 'Ninja', '-DCMAKE_C_COMPILER=/usr/bin/gcc', '-DCMAKE_CXX_COMPILER=/usr/bin/g++']'
[2.147s] Level 5:colcon.colcon_core.verb:set package 'imu_interface' build argument 'cmake_target' from command line to 'None'
[2.148s] Level 5:colcon.colcon_core.verb:set package 'imu_interface' build argument 'cmake_target_skip_unavailable' from command line to 'False'
[2.148s] Level 5:colcon.colcon_core.verb:set package 'imu_interface' build argument 'cmake_clean_cache' from command line to 'False'
[2.148s] Level 5:colcon.colcon_core.verb:set package 'imu_interface' build argument 'cmake_clean_first' from command line to 'False'
[2.148s] Level 5:colcon.colcon_core.verb:set package 'imu_interface' build argument 'cmake_force_configure' from command line to 'False'
[2.149s] Level 5:colcon.colcon_core.verb:set package 'imu_interface' build argument 'ament_cmake_args' from command line to 'None'
[2.149s] Level 5:colcon.colcon_core.verb:set package 'imu_interface' build argument 'catkin_cmake_args' from command line to 'None'
[2.149s] Level 5:colcon.colcon_core.verb:set package 'imu_interface' build argument 'catkin_skip_building_tests' from command line to 'False'
[2.149s] DEBUG:colcon.colcon_core.verb:Building package 'imu_interface' with the following arguments: {'ament_cmake_args': None, 'build_base': '/home/qianw/EECE5554/LAB4/src/matlab_msg_gen/glnxa64/build/imu_interface', 'catkin_cmake_args': None, 'catkin_skip_building_tests': False, 'cmake_args': ['-DCMAKE_BUILD_TYPE=Release', '-DCMAKE_SHARED_LINKER_FLAGS=-Wl,-no-as-needed', '-DBUILD_TESTING=OFF', '-DALIAS_ROS2_TF2=1', '-DCMAKE_CXX_FLAGS_RELEASE=-O0', '-G', 'Ninja', '-DCMAKE_C_COMPILER=/usr/bin/gcc', '-DCMAKE_CXX_COMPILER=/usr/bin/g++'], 'cmake_clean_cache': False, 'cmake_clean_first': False, 'cmake_force_configure': False, 'cmake_target': None, 'cmake_target_skip_unavailable': False, 'install_base': '/home/qianw/EECE5554/LAB4/src/matlab_msg_gen/glnxa64/install', 'merge_install': True, 'path': '/home/qianw/EECE5554/LAB4/src/matlab_msg_gen/glnxa64/src/imu_interface', 'symlink_install': False, 'test_result_base': None}
[2.155s] INFO:colcon.colcon_core.executor:Executing jobs using 'parallel' executor
[2.190s] DEBUG:colcon.colcon_parallel_executor.executor.parallel:run_until_complete
[2.191s] INFO:colcon.colcon_ros.task.ament_cmake.build:Building ROS package in '/home/qianw/EECE5554/LAB4/src/matlab_msg_gen/glnxa64/src/gps_interface' with build type 'ament_cmake'
[2.191s] INFO:colcon.colcon_cmake.task.cmake.build:Building CMake package in '/home/qianw/EECE5554/LAB4/src/matlab_msg_gen/glnxa64/src/gps_interface'
[2.220s] INFO:colcon.colcon_core.plugin_system:Skipping extension 'colcon_core.shell.bat': Not used on non-Windows systems
[2.220s] INFO:colcon.colcon_core.shell:Skip shell extension 'powershell' for command environment: Not usable outside of PowerShell
[2.221s] DEBUG:colcon.colcon_core.shell:Skip shell extension 'dsv' for command environment
[2.300s] INFO:colcon.colcon_ros.task.ament_cmake.build:Building ROS package in '/home/qianw/EECE5554/LAB4/src/matlab_msg_gen/glnxa64/src/imu_interface' with build type 'ament_cmake'
[2.301s] INFO:colcon.colcon_cmake.task.cmake.build:Building CMake package in '/home/qianw/EECE5554/LAB4/src/matlab_msg_gen/glnxa64/src/imu_interface'
[2.314s] INFO:colcon.colcon_core.shell:Skip shell extension 'powershell' for command environment: Not usable outside of PowerShell
[2.315s] DEBUG:colcon.colcon_core.shell:Skip shell extension 'dsv' for command environment
[2.376s] DEBUG:colcon.colcon_core.event_handler.log_command:Invoking command in '/home/qianw/EECE5554/LAB4/src/matlab_msg_gen/glnxa64/build/gps_interface': PS1=(venv) VIRTUAL_ENV_PROMPT=(venv) /home/qianw/MATLAB/R2024b/bin/glnxa64/cmake/bin/cmake --build /home/qianw/EECE5554/LAB4/src/matlab_msg_gen/glnxa64/build/gps_interface -- -j8 -l8
[2.401s] DEBUG:colcon.colcon_core.event_handler.log_command:Invoking command in '/home/qianw/EECE5554/LAB4/src/matlab_msg_gen/glnxa64/build/imu_interface': PS1=(venv) VIRTUAL_ENV_PROMPT=(venv) /home/qianw/MATLAB/R2024b/bin/glnxa64/cmake/bin/cmake --build /home/qianw/EECE5554/LAB4/src/matlab_msg_gen/glnxa64/build/imu_interface -- -j8 -l8
[7.095s] DEBUG:colcon.colcon_core.event_handler.log_command:Invoked command in '/home/qianw/EECE5554/LAB4/src/matlab_msg_gen/glnxa64/build/gps_interface' returned '0': PS1=(venv) VIRTUAL_ENV_PROMPT=(venv) /home/qianw/MATLAB/R2024b/bin/glnxa64/cmake/bin/cmake --build /home/qianw/EECE5554/LAB4/src/matlab_msg_gen/glnxa64/build/gps_interface -- -j8 -l8
[7.155s] DEBUG:colcon.colcon_core.event_handler.log_command:Invoking command in '/home/qianw/EECE5554/LAB4/src/matlab_msg_gen/glnxa64/build/gps_interface': PS1=(venv) VIRTUAL_ENV_PROMPT=(venv) /home/qianw/MATLAB/R2024b/bin/glnxa64/cmake/bin/cmake --install /home/qianw/EECE5554/LAB4/src/matlab_msg_gen/glnxa64/build/gps_interface
[7.189s] Level 1:colcon.colcon_core.environment:create_environment_scripts_only(gps_interface)
[7.194s] DEBUG:colcon.colcon_core.event_handler.log_command:Invoked command in '/home/qianw/EECE5554/LAB4/src/matlab_msg_gen/glnxa64/build/gps_interface' returned '0': PS1=(venv) VIRTUAL_ENV_PROMPT=(venv) /home/qianw/MATLAB/R2024b/bin/glnxa64/cmake/bin/cmake --install /home/qianw/EECE5554/LAB4/src/matlab_msg_gen/glnxa64/build/gps_interface
[7.233s] Level 1:colcon.colcon_core.environment:checking '/home/qianw/EECE5554/LAB4/src/matlab_msg_gen/glnxa64/install' for CMake module files
[7.235s] Level 1:colcon.colcon_core.environment:checking '/home/qianw/EECE5554/LAB4/src/matlab_msg_gen/glnxa64/install' for CMake config files
[7.236s] Level 1:colcon.colcon_core.shell:create_environment_hook('gps_interface', 'cmake_prefix_path')
[7.256s] INFO:colcon.colcon_core.shell:Creating environment hook '/home/qianw/EECE5554/LAB4/src/matlab_msg_gen/glnxa64/install/share/gps_interface/hook/cmake_prefix_path.ps1'
[7.258s] INFO:colcon.colcon_core.shell:Creating environment descriptor '/home/qianw/EECE5554/LAB4/src/matlab_msg_gen/glnxa64/install/share/gps_interface/hook/cmake_prefix_path.dsv'
[7.260s] INFO:colcon.colcon_core.shell:Creating environment hook '/home/qianw/EECE5554/LAB4/src/matlab_msg_gen/glnxa64/install/share/gps_interface/hook/cmake_prefix_path.sh'
[7.264s] Level 1:colcon.colcon_core.environment:checking '/home/qianw/EECE5554/LAB4/src/matlab_msg_gen/glnxa64/install/lib'
[7.265s] Level 1:colcon.colcon_core.shell:create_environment_hook('gps_interface', 'ld_library_path_lib')
[7.284s] INFO:colcon.colcon_core.shell:Creating environment hook '/home/qianw/EECE5554/LAB4/src/matlab_msg_gen/glnxa64/install/share/gps_interface/hook/ld_library_path_lib.ps1'
[7.285s] INFO:colcon.colcon_core.shell:Creating environment descriptor '/home/qianw/EECE5554/LAB4/src/matlab_msg_gen/glnxa64/install/share/gps_interface/hook/ld_library_path_lib.dsv'
[7.286s] INFO:colcon.colcon_core.shell:Creating environment hook '/home/qianw/EECE5554/LAB4/src/matlab_msg_gen/glnxa64/install/share/gps_interface/hook/ld_library_path_lib.sh'
[7.287s] Level 1:colcon.colcon_core.environment:checking '/home/qianw/EECE5554/LAB4/src/matlab_msg_gen/glnxa64/install/bin'
[7.288s] Level 1:colcon.colcon_core.environment:checking '/home/qianw/EECE5554/LAB4/src/matlab_msg_gen/glnxa64/install/lib/pkgconfig/gps_interface.pc'
[7.295s] Level 1:colcon.colcon_core.environment:checking '/home/qianw/EECE5554/LAB4/src/matlab_msg_gen/glnxa64/install/lib/python3.10/site-packages'
[7.296s] Level 1:colcon.colcon_core.environment:checking '/home/qianw/EECE5554/LAB4/src/matlab_msg_gen/glnxa64/install/bin'
[7.312s] INFO:colcon.colcon_core.shell:Creating package script '/home/qianw/EECE5554/LAB4/src/matlab_msg_gen/glnxa64/install/share/gps_interface/package.ps1'
[7.315s] INFO:colcon.colcon_core.shell:Creating package descriptor '/home/qianw/EECE5554/LAB4/src/matlab_msg_gen/glnxa64/install/share/gps_interface/package.dsv'
[7.318s] INFO:colcon.colcon_core.shell:Creating package script '/home/qianw/EECE5554/LAB4/src/matlab_msg_gen/glnxa64/install/share/gps_interface/package.sh'
[7.322s] INFO:colcon.colcon_core.shell:Creating package script '/home/qianw/EECE5554/LAB4/src/matlab_msg_gen/glnxa64/install/share/gps_interface/package.bash'
[7.325s] INFO:colcon.colcon_core.shell:Creating package script '/home/qianw/EECE5554/LAB4/src/matlab_msg_gen/glnxa64/install/share/gps_interface/package.zsh'
[7.328s] Level 1:colcon.colcon_core.environment:create_file_with_runtime_dependencies(/home/qianw/EECE5554/LAB4/src/matlab_msg_gen/glnxa64/install/share/colcon-core/packages/gps_interface)
[7.388s] Level 1:colcon.colcon_core.environment:create_environment_scripts_only(gps_interface)
[7.413s] Level 1:colcon.colcon_core.environment:checking '/home/qianw/EECE5554/LAB4/src/matlab_msg_gen/glnxa64/install' for CMake module files
[7.414s] Level 1:colcon.colcon_core.environment:checking '/home/qianw/EECE5554/LAB4/src/matlab_msg_gen/glnxa64/install' for CMake config files
[7.415s] Level 1:colcon.colcon_core.shell:create_environment_hook('gps_interface', 'cmake_prefix_path')
[7.430s] INFO:colcon.colcon_core.shell:Creating environment hook '/home/qianw/EECE5554/LAB4/src/matlab_msg_gen/glnxa64/install/share/gps_interface/hook/cmake_prefix_path.ps1'
[7.432s] INFO:colcon.colcon_core.shell:Creating environment descriptor '/home/qianw/EECE5554/LAB4/src/matlab_msg_gen/glnxa64/install/share/gps_interface/hook/cmake_prefix_path.dsv'
[7.433s] INFO:colcon.colcon_core.shell:Creating environment hook '/home/qianw/EECE5554/LAB4/src/matlab_msg_gen/glnxa64/install/share/gps_interface/hook/cmake_prefix_path.sh'
[7.434s] Level 1:colcon.colcon_core.environment:checking '/home/qianw/EECE5554/LAB4/src/matlab_msg_gen/glnxa64/install/lib'
[7.434s] Level 1:colcon.colcon_core.shell:create_environment_hook('gps_interface', 'ld_library_path_lib')
[7.449s] INFO:colcon.colcon_core.shell:Creating environment hook '/home/qianw/EECE5554/LAB4/src/matlab_msg_gen/glnxa64/install/share/gps_interface/hook/ld_library_path_lib.ps1'
[7.450s] INFO:colcon.colcon_core.shell:Creating environment descriptor '/home/qianw/EECE5554/LAB4/src/matlab_msg_gen/glnxa64/install/share/gps_interface/hook/ld_library_path_lib.dsv'
[7.451s] INFO:colcon.colcon_core.shell:Creating environment hook '/home/qianw/EECE5554/LAB4/src/matlab_msg_gen/glnxa64/install/share/gps_interface/hook/ld_library_path_lib.sh'
[7.452s] Level 1:colcon.colcon_core.environment:checking '/home/qianw/EECE5554/LAB4/src/matlab_msg_gen/glnxa64/install/bin'
[7.452s] Level 1:colcon.colcon_core.environment:checking '/home/qianw/EECE5554/LAB4/src/matlab_msg_gen/glnxa64/install/lib/pkgconfig/gps_interface.pc'
[7.452s] Level 1:colcon.colcon_core.environment:checking '/home/qianw/EECE5554/LAB4/src/matlab_msg_gen/glnxa64/install/lib/python3.10/site-packages'
[7.453s] Level 1:colcon.colcon_core.environment:checking '/home/qianw/EECE5554/LAB4/src/matlab_msg_gen/glnxa64/install/bin'
[7.478s] INFO:colcon.colcon_core.shell:Creating package script '/home/qianw/EECE5554/LAB4/src/matlab_msg_gen/glnxa64/install/share/gps_interface/package.ps1'
[7.483s] INFO:colcon.colcon_core.shell:Creating package descriptor '/home/qianw/EECE5554/LAB4/src/matlab_msg_gen/glnxa64/install/share/gps_interface/package.dsv'
[7.485s] INFO:colcon.colcon_core.shell:Creating package script '/home/qianw/EECE5554/LAB4/src/matlab_msg_gen/glnxa64/install/share/gps_interface/package.sh'
[7.487s] INFO:colcon.colcon_core.shell:Creating package script '/home/qianw/EECE5554/LAB4/src/matlab_msg_gen/glnxa64/install/share/gps_interface/package.bash'
[7.489s] INFO:colcon.colcon_core.shell:Creating package script '/home/qianw/EECE5554/LAB4/src/matlab_msg_gen/glnxa64/install/share/gps_interface/package.zsh'
[7.491s] Level 1:colcon.colcon_core.environment:create_file_with_runtime_dependencies(/home/qianw/EECE5554/LAB4/src/matlab_msg_gen/glnxa64/install/share/colcon-core/packages/gps_interface)
[8.652s] DEBUG:colcon.colcon_core.event_handler.log_command:Invoked command in '/home/qianw/EECE5554/LAB4/src/matlab_msg_gen/glnxa64/build/imu_interface' returned '0': PS1=(venv) VIRTUAL_ENV_PROMPT=(venv) /home/qianw/MATLAB/R2024b/bin/glnxa64/cmake/bin/cmake --build /home/qianw/EECE5554/LAB4/src/matlab_msg_gen/glnxa64/build/imu_interface -- -j8 -l8
[8.775s] DEBUG:colcon.colcon_core.event_handler.log_command:Invoking command in '/home/qianw/EECE5554/LAB4/src/matlab_msg_gen/glnxa64/build/imu_interface': PS1=(venv) VIRTUAL_ENV_PROMPT=(venv) /home/qianw/MATLAB/R2024b/bin/glnxa64/cmake/bin/cmake --install /home/qianw/EECE5554/LAB4/src/matlab_msg_gen/glnxa64/build/imu_interface
[8.847s] Level 1:colcon.colcon_core.environment:create_environment_scripts_only(imu_interface)
[8.856s] DEBUG:colcon.colcon_core.event_handler.log_command:Invoked command in '/home/qianw/EECE5554/LAB4/src/matlab_msg_gen/glnxa64/build/imu_interface' returned '0': PS1=(venv) VIRTUAL_ENV_PROMPT=(venv) /home/qianw/MATLAB/R2024b/bin/glnxa64/cmake/bin/cmake --install /home/qianw/EECE5554/LAB4/src/matlab_msg_gen/glnxa64/build/imu_interface
[8.896s] Level 1:colcon.colcon_core.environment:checking '/home/qianw/EECE5554/LAB4/src/matlab_msg_gen/glnxa64/install' for CMake module files
[8.899s] Level 1:colcon.colcon_core.environment:checking '/home/qianw/EECE5554/LAB4/src/matlab_msg_gen/glnxa64/install' for CMake config files
[8.904s] Level 1:colcon.colcon_core.shell:create_environment_hook('imu_interface', 'cmake_prefix_path')
[8.937s] INFO:colcon.colcon_core.shell:Creating environment hook '/home/qianw/EECE5554/LAB4/src/matlab_msg_gen/glnxa64/install/share/imu_interface/hook/cmake_prefix_path.ps1'
[8.938s] INFO:colcon.colcon_core.shell:Creating environment descriptor '/home/qianw/EECE5554/LAB4/src/matlab_msg_gen/glnxa64/install/share/imu_interface/hook/cmake_prefix_path.dsv'
[8.939s] INFO:colcon.colcon_core.shell:Creating environment hook '/home/qianw/EECE5554/LAB4/src/matlab_msg_gen/glnxa64/install/share/imu_interface/hook/cmake_prefix_path.sh'
[8.941s] Level 1:colcon.colcon_core.environment:checking '/home/qianw/EECE5554/LAB4/src/matlab_msg_gen/glnxa64/install/lib'
[8.941s] Level 1:colcon.colcon_core.shell:create_environment_hook('imu_interface', 'ld_library_path_lib')
[8.957s] INFO:colcon.colcon_core.shell:Creating environment hook '/home/qianw/EECE5554/LAB4/src/matlab_msg_gen/glnxa64/install/share/imu_interface/hook/ld_library_path_lib.ps1'
[8.959s] INFO:colcon.colcon_core.shell:Creating environment descriptor '/home/qianw/EECE5554/LAB4/src/matlab_msg_gen/glnxa64/install/share/imu_interface/hook/ld_library_path_lib.dsv'
[8.960s] INFO:colcon.colcon_core.shell:Creating environment hook '/home/qianw/EECE5554/LAB4/src/matlab_msg_gen/glnxa64/install/share/imu_interface/hook/ld_library_path_lib.sh'
[8.962s] Level 1:colcon.colcon_core.environment:checking '/home/qianw/EECE5554/LAB4/src/matlab_msg_gen/glnxa64/install/bin'
[8.962s] Level 1:colcon.colcon_core.environment:checking '/home/qianw/EECE5554/LAB4/src/matlab_msg_gen/glnxa64/install/lib/pkgconfig/imu_interface.pc'
[8.963s] Level 1:colcon.colcon_core.environment:checking '/home/qianw/EECE5554/LAB4/src/matlab_msg_gen/glnxa64/install/lib/python3.10/site-packages'
[8.964s] Level 1:colcon.colcon_core.environment:checking '/home/qianw/EECE5554/LAB4/src/matlab_msg_gen/glnxa64/install/bin'
[8.985s] INFO:colcon.colcon_core.shell:Creating package script '/home/qianw/EECE5554/LAB4/src/matlab_msg_gen/glnxa64/install/share/imu_interface/package.ps1'
[8.987s] INFO:colcon.colcon_core.shell:Creating package descriptor '/home/qianw/EECE5554/LAB4/src/matlab_msg_gen/glnxa64/install/share/imu_interface/package.dsv'
[8.989s] INFO:colcon.colcon_core.shell:Creating package script '/home/qianw/EECE5554/LAB4/src/matlab_msg_gen/glnxa64/install/share/imu_interface/package.sh'
[8.991s] INFO:colcon.colcon_core.shell:Creating package script '/home/qianw/EECE5554/LAB4/src/matlab_msg_gen/glnxa64/install/share/imu_interface/package.bash'
[8.992s] INFO:colcon.colcon_core.shell:Creating package script '/home/qianw/EECE5554/LAB4/src/matlab_msg_gen/glnxa64/install/share/imu_interface/package.zsh'
[8.993s] Level 1:colcon.colcon_core.environment:create_file_with_runtime_dependencies(/home/qianw/EECE5554/LAB4/src/matlab_msg_gen/glnxa64/install/share/colcon-core/packages/imu_interface)
[9.054s] Level 1:colcon.colcon_core.environment:create_environment_scripts_only(imu_interface)
[9.078s] Level 1:colcon.colcon_core.environment:checking '/home/qianw/EECE5554/LAB4/src/matlab_msg_gen/glnxa64/install' for CMake module files
[9.079s] Level 1:colcon.colcon_core.environment:checking '/home/qianw/EECE5554/LAB4/src/matlab_msg_gen/glnxa64/install' for CMake config files
[9.080s] Level 1:colcon.colcon_core.shell:create_environment_hook('imu_interface', 'cmake_prefix_path')
[9.103s] INFO:colcon.colcon_core.shell:Creating environment hook '/home/qianw/EECE5554/LAB4/src/matlab_msg_gen/glnxa64/install/share/imu_interface/hook/cmake_prefix_path.ps1'
[9.105s] INFO:colcon.colcon_core.shell:Creating environment descriptor '/home/qianw/EECE5554/LAB4/src/matlab_msg_gen/glnxa64/install/share/imu_interface/hook/cmake_prefix_path.dsv'
[9.106s] INFO:colcon.colcon_core.shell:Creating environment hook '/home/qianw/EECE5554/LAB4/src/matlab_msg_gen/glnxa64/install/share/imu_interface/hook/cmake_prefix_path.sh'
[9.107s] Level 1:colcon.colcon_core.environment:checking '/home/qianw/EECE5554/LAB4/src/matlab_msg_gen/glnxa64/install/lib'
[9.107s] Level 1:colcon.colcon_core.shell:create_environment_hook('imu_interface', 'ld_library_path_lib')
[9.122s] INFO:colcon.colcon_core.shell:Creating environment hook '/home/qianw/EECE5554/LAB4/src/matlab_msg_gen/glnxa64/install/share/imu_interface/hook/ld_library_path_lib.ps1'
[9.123s] INFO:colcon.colcon_core.shell:Creating environment descriptor '/home/qianw/EECE5554/LAB4/src/matlab_msg_gen/glnxa64/install/share/imu_interface/hook/ld_library_path_lib.dsv'
[9.124s] INFO:colcon.colcon_core.shell:Creating environment hook '/home/qianw/EECE5554/LAB4/src/matlab_msg_gen/glnxa64/install/share/imu_interface/hook/ld_library_path_lib.sh'
[9.125s] Level 1:colcon.colcon_core.environment:checking '/home/qianw/EECE5554/LAB4/src/matlab_msg_gen/glnxa64/install/bin'
[9.126s] Level 1:colcon.colcon_core.environment:checking '/home/qianw/EECE5554/LAB4/src/matlab_msg_gen/glnxa64/install/lib/pkgconfig/imu_interface.pc'
[9.126s] Level 1:colcon.colcon_core.environment:checking '/home/qianw/EECE5554/LAB4/src/matlab_msg_gen/glnxa64/install/lib/python3.10/site-packages'
[9.127s] Level 1:colcon.colcon_core.environment:checking '/home/qianw/EECE5554/LAB4/src/matlab_msg_gen/glnxa64/install/bin'
[9.146s] INFO:colcon.colcon_core.shell:Creating package script '/home/qianw/EECE5554/LAB4/src/matlab_msg_gen/glnxa64/install/share/imu_interface/package.ps1'
[9.147s] INFO:colcon.colcon_core.shell:Creating package descriptor '/home/qianw/EECE5554/LAB4/src/matlab_msg_gen/glnxa64/install/share/imu_interface/package.dsv'
[9.149s] INFO:colcon.colcon_core.shell:Creating package script '/home/qianw/EECE5554/LAB4/src/matlab_msg_gen/glnxa64/install/share/imu_interface/package.sh'
[9.150s] INFO:colcon.colcon_core.shell:Creating package script '/home/qianw/EECE5554/LAB4/src/matlab_msg_gen/glnxa64/install/share/imu_interface/package.bash'
[9.152s] INFO:colcon.colcon_core.shell:Creating package script '/home/qianw/EECE5554/LAB4/src/matlab_msg_gen/glnxa64/install/share/imu_interface/package.zsh'
[9.153s] Level 1:colcon.colcon_core.environment:create_file_with_runtime_dependencies(/home/qianw/EECE5554/LAB4/src/matlab_msg_gen/glnxa64/install/share/colcon-core/packages/imu_interface)
[9.154s] DEBUG:colcon.colcon_parallel_executor.executor.parallel:closing loop
[9.154s] DEBUG:colcon.colcon_parallel_executor.executor.parallel:loop closed
[9.155s] DEBUG:colcon.colcon_parallel_executor.executor.parallel:run_until_complete finished with '0'
[9.155s] DEBUG:colcon.colcon_core.event_reactor:joining thread
[9.184s] INFO:colcon.colcon_core.plugin_system:Skipping extension 'colcon_notification.desktop_notification.notify2': 'notify2' not found
[9.185s] INFO:colcon.colcon_core.plugin_system:Skipping extension 'colcon_notification.desktop_notification.terminal_notifier': Not used on non-Darwin systems
[9.186s] INFO:colcon.colcon_core.plugin_system:Skipping extension 'colcon_notification.desktop_notification.win32': Not used on non-Windows systems
[9.186s] INFO:colcon.colcon_notification.desktop_notification:Sending desktop notification using 'notify_send'
[9.371s] DEBUG:colcon.colcon_core.event_reactor:joined thread
[9.406s] INFO:colcon.colcon_core.shell:Creating prefix script '/home/qianw/EECE5554/LAB4/src/matlab_msg_gen/glnxa64/install/local_setup.ps1'
[9.409s] INFO:colcon.colcon_core.shell:Creating prefix util module '/home/qianw/EECE5554/LAB4/src/matlab_msg_gen/glnxa64/install/_local_setup_util_ps1.py'
[9.412s] INFO:colcon.colcon_core.shell:Creating prefix chain script '/home/qianw/EECE5554/LAB4/src/matlab_msg_gen/glnxa64/install/setup.ps1'
[9.429s] INFO:colcon.colcon_core.shell:Creating prefix script '/home/qianw/EECE5554/LAB4/src/matlab_msg_gen/glnxa64/install/local_setup.sh'
[9.441s] INFO:colcon.colcon_core.shell:Creating prefix util module '/home/qianw/EECE5554/LAB4/src/matlab_msg_gen/glnxa64/install/_local_setup_util_sh.py'
[9.443s] INFO:colcon.colcon_core.shell:Creating prefix chain script '/home/qianw/EECE5554/LAB4/src/matlab_msg_gen/glnxa64/install/setup.sh'
[9.454s] INFO:colcon.colcon_core.shell:Creating prefix script '/home/qianw/EECE5554/LAB4/src/matlab_msg_gen/glnxa64/install/local_setup.bash'
[9.456s] INFO:colcon.colcon_core.shell:Creating prefix chain script '/home/qianw/EECE5554/LAB4/src/matlab_msg_gen/glnxa64/install/setup.bash'
[9.467s] INFO:colcon.colcon_core.shell:Creating prefix script '/home/qianw/EECE5554/LAB4/src/matlab_msg_gen/glnxa64/install/local_setup.zsh'
[9.469s] INFO:colcon.colcon_core.shell:Creating prefix chain script '/home/qianw/EECE5554/LAB4/src/matlab_msg_gen/glnxa64/install/setup.zsh'
