[0.000000] (-) TimerEvent: {}
[0.000310] (gps_interface) JobQueued: {'identifier': 'gps_interface', 'dependencies': OrderedDict()}
[0.000409] (imu_interface) JobQueued: {'identifier': 'imu_interface', 'dependencies': OrderedDict()}
[0.000452] (gps_interface) JobStarted: {'identifier': 'gps_interface'}
[0.065059] (imu_interface) JobStarted: {'identifier': 'imu_interface'}
[0.096762] (-) TimerEvent: {}
[0.117321] (gps_interface) JobProgress: {'identifier': 'gps_interface', 'progress': 'cmake'}
[0.120979] (gps_interface) JobProgress: {'identifier': 'gps_interface', 'progress': 'build'}
[0.121097] (gps_interface) Command: {'cmd': ['/home/qianw/MATLAB/R2024b/bin/glnxa64/cmake/bin/cmake', '--build', '/home/qianw/EECE5554/LAB4/src/matlab_msg_gen/glnxa64/build/gps_interface', '--', '-j8', '-l8'], 'cwd': '/home/qianw/EECE5554/LAB4/src/matlab_msg_gen/glnxa64/build/gps_interface', 'env': OrderedDict([('ARCH', 'glnxa64'), ('CUSTOM_LD_LIBRARY_PATH', ''), ('USER', 'qianw'), ('LOCAL_PYTHON_VENV_PATH', '/home/qianw/.matlab/R2024b/ros2/glnxa64/venv'), ('MEMKIND_HEAP_MANAGER', 'TBB'), ('CUSTOM_AMENT_PREFIX_PATH', '/home/qianw/EECE5554/LAB4/src/matlab_msg_gen/glnxa64/install:/home/qianw/EECE5554/LAB3/src/matlab_msg_gen/glnxa64/install:/home/qianw/MATLAB/R2024b/sys/ros2/glnxa64/ros2'), ('XDG_SESSION_TYPE', 'wayland'), ('KMP_HANDLE_SIGNALS', '0'), ('SHLVL', '1'), ('ICU_TIMEZONE_FILES_DIR', '/home/qianw/MATLAB/R2024b/bin/icutzdata'), ('LD_LIBRARY_PATH', ':/home/qianw/MATLAB/R2024b/sys/ros2/glnxa64/ros2/lib:/home/qianw/MATLAB/R2024b/sys/os/glnxa64:/home/qianw/MATLAB/R2024b/bin/glnxa64:/home/qianw/.MathWorks/IBOBuGAy6RMKv1qSO913GEckBr8xCIOmhZgwU7Cewvg/bin/glnxa64:/home/qianw/MATLAB/R2024b/extern/lib/glnxa64:/home/qianw/MATLAB/R2024b/cefclient/sys/os/glnxa64:/home/qianw/MATLAB/R2024b/sys/java/jre/glnxa64/jre/lib/amd64/native_threads:/home/qianw/MATLAB/R2024b/sys/java/jre/glnxa64/jre/lib/amd64/server'), ('BASEMATLABPATH', ''), ('HOME', '/home/qianw'), ('AUTOMOUNT_MAP', ''), ('OLDPWD', '/home/qianw/MATLAB/R2024b'), ('DESKTOP_SESSION', 'ubuntu'), ('MW_LD_SHIM', '/home/qianw/MATLAB/R2024b/bin/glnxa64/ld_shim.so.2.35.ubuntu_22_04'), ('GNOME_SHELL_SESSION_MODE', 'ubuntu'), ('GTK_MODULES', ''), ('KMP_BLOCKTIME', '1'), ('PS1', '(venv)'), ('LIBVA_MESSAGING_LEVEL', '0'), ('DBUS_STARTER_BUS_TYPE', 'session'), ('SYSTEMD_EXEC_PID', '1626'), ('DBUS_SESSION_BUS_ADDRESS', 'unix:path=/run/user/1000/bus,guid=1474c47e612689c2683acc2967edbc42'), ('COLORTERM', 'truecolor'), ('CUSTOM_SITE_PACKAGES_PATH', ''), ('IM_CONFIG_PHASE', '1'), ('WAYLAND_DISPLAY', 'wayland-0'), ('COLCON_PREFIX_PATH', '/home/qianw/EECE5554/LAB4/src/matlab_msg_gen/glnxa64/install:/home/qianw/EECE5554/LAB3/src/matlab_msg_gen/glnxa64/install:/home/qianw/MATLAB/R2024b/sys/ros2/glnxa64/ros2:/home/qianw/MATLAB/R2024b/sys/ros2/glnxa64/ros2'), ('ROS_DISTRO', 'humble'), ('LOGNAME', 'qianw'), ('MATLAB_MEM_MGR_VALUE', ''), ('_', '/home/qianw/.matlab/R2024b/ros2/glnxa64/venv/bin/colcon'), ('PKG_CONFIG_PATH', '/home/qianw/MATLAB/R2024b/sys/ros2/glnxa64/ros2/lib/pkgconfig'), ('XDG_SESSION_CLASS', 'user'), ('USERNAME', 'qianw'), ('TERM', 'dumb'), ('GNOME_DESKTOP_SESSION_ID', 'this-is-deprecated'), ('PATH', '/home/qianw/MATLAB/R2024b/bin/glnxa64/cmake/bin::/home/qianw/MATLAB/R2024b/sys/ros2/glnxa64/ros2/bin:/home/qianw/.matlab/R2024b/ros2/glnxa64/venv/bin:/home/qianw/.matlab/R2024b/ros2/glnxa64/venv/bin:/home/qianw/MATLAB/R2024b/toolbox/shared/coder/ninja/glnxa64:/home/qianw/.local/bin:/usr/local/sbin:/usr/local/bin:/usr/sbin:/usr/bin:/sbin:/bin:/usr/games:/usr/local/games:/snap/bin:/snap/bin'), ('SESSION_MANAGER', 'local/Loounx2:@/tmp/.ICE-unix/1626,unix/Loounx2:/tmp/.ICE-unix/1626'), ('XDG_MENU_PREFIX', 'gnome-'), ('GNOME_TERMINAL_SCREEN', '/org/gnome/Terminal/screen/f7bcdb00_d691_4030_9501_861e24401ed7'), ('GNOME_SETUP_DISPLAY', ':1'), ('XDG_RUNTIME_DIR', '/run/user/1000'), ('TOOLBOX', '/home/qianw/MATLAB/R2024b/toolbox'), ('MKL_DOMAIN_NUM_THREADS', ''), ('KMP_INIT_AT_FORK', 'false'), ('DISPLAY', ':0'), ('LD_PRELOAD', ''), ('LANG', 'en_US.UTF-8'), ('XDG_CURRENT_DESKTOP', 'ubuntu:GNOME'), ('PRE_LD_PRELOAD', ''), ('VIRTUAL_ENV_PROMPT', '(venv)'), ('XMODIFIERS', '@im=ibus'), ('XDG_SESSION_DESKTOP', 'ubuntu'), ('XAUTHORITY', '/run/user/1000/.mutter-Xwaylandauth.2OI332'), ('GNOME_TERMINAL_SERVICE', ':1.213'), ('SSH_AGENT_LAUNCHER', 'gnome-keyring'), ('SSH_AUTH_SOCK', '/run/user/1000/keyring/ssh'), ('AMENT_PREFIX_PATH', '/home/qianw/EECE5554/LAB4/src/matlab_msg_gen/glnxa64/install:/home/qianw/EECE5554/LAB3/src/matlab_msg_gen/glnxa64/install:/home/qianw/MATLAB/R2024b/sys/ros2/glnxa64/ros2:/home/qianw/MATLAB/R2024b/sys/ros2/glnxa64/ros2'), ('SHELL', '/bin/bash'), ('CMAKE_PATH', '/home/qianw/MATLAB/R2024b/bin/glnxa64/cmake/bin'), ('XFILESEARCHPATH', '/home/qianw/MATLAB/R2024b/sys/java/jre/glnxa64/jre/lib/locale/%L/%T/%N%S:'), ('QT_ACCESSIBILITY', '1'), ('GDMSESSION', 'ubuntu'), ('OSG_LD_LIBRARY_PATH', '/home/qianw/MATLAB/R2024b/sys/openscenegraph/lib/glnxa64'), ('VIRTUAL_ENV', '/home/qianw/.matlab/R2024b/ros2/glnxa64/venv'), ('CUSTOM_PATH', ''), ('KMP_STACKSIZE', '512k'), ('QT_IM_MODULE', 'ibus'), ('PWD', '/home/qianw/EECE5554/LAB4/src/matlab_msg_gen/glnxa64/build/gps_interface'), ('XDG_CONFIG_DIRS', '/etc/xdg/xdg-ubuntu:/etc/xdg'), ('DYLD_LIBRARY_PATH', ':/home/qianw/MATLAB/R2024b/sys/ros2/glnxa64/ros2/lib:'), ('DBUS_STARTER_ADDRESS', 'unix:path=/run/user/1000/bus,guid=1474c47e612689c2683acc2967edbc42'), ('XDG_DATA_DIRS', '/usr/share/ubuntu:/usr/local/share/:/usr/share/:/var/lib/snapd/desktop'), ('MKL_NUM_THREADS', ''), ('MW_PATCH_OFFSETS', '0000117000002EA0'), ('PYTHONPATH', ':/home/qianw/MATLAB/R2024b/sys/ros2/glnxa64/ros2/lib/python3.9/site-packages:/home/qianw/.matlab/R2024b/ros2/glnxa64/venv/lib/python3.10/site-packages:'), ('LC_NUMERIC', 'C'), ('COLCON', '1'), ('VTE_VERSION', '6800'), ('CMAKE_PREFIX_PATH', '/home/qianw/EECE5554/LAB4/src/matlab_msg_gen/glnxa64/install:/home/qianw/EECE5554/LAB3/src/matlab_msg_gen/glnxa64/install:/home/qianw/MATLAB/R2024b/sys/ros2/glnxa64/ros2:/home/qianw/MATLAB/R2024b/sys/ros2/glnxa64/ros2')]), 'shell': False}
[0.140187] (imu_interface) JobProgress: {'identifier': 'imu_interface', 'progress': 'cmake'}
[0.140310] (imu_interface) JobProgress: {'identifier': 'imu_interface', 'progress': 'build'}
[0.140373] (imu_interface) Command: {'cmd': ['/home/qianw/MATLAB/R2024b/bin/glnxa64/cmake/bin/cmake', '--build', '/home/qianw/EECE5554/LAB4/src/matlab_msg_gen/glnxa64/build/imu_interface', '--', '-j8', '-l8'], 'cwd': '/home/qianw/EECE5554/LAB4/src/matlab_msg_gen/glnxa64/build/imu_interface', 'env': OrderedDict([('ARCH', 'glnxa64'), ('CUSTOM_LD_LIBRARY_PATH', ''), ('USER', 'qianw'), ('LOCAL_PYTHON_VENV_PATH', '/home/qianw/.matlab/R2024b/ros2/glnxa64/venv'), ('MEMKIND_HEAP_MANAGER', 'TBB'), ('CUSTOM_AMENT_PREFIX_PATH', '/home/qianw/EECE5554/LAB4/src/matlab_msg_gen/glnxa64/install:/home/qianw/EECE5554/LAB3/src/matlab_msg_gen/glnxa64/install:/home/qianw/MATLAB/R2024b/sys/ros2/glnxa64/ros2'), ('XDG_SESSION_TYPE', 'wayland'), ('KMP_HANDLE_SIGNALS', '0'), ('SHLVL', '1'), ('ICU_TIMEZONE_FILES_DIR', '/home/qianw/MATLAB/R2024b/bin/icutzdata'), ('LD_LIBRARY_PATH', ':/home/qianw/MATLAB/R2024b/sys/ros2/glnxa64/ros2/lib:/home/qianw/MATLAB/R2024b/sys/os/glnxa64:/home/qianw/MATLAB/R2024b/bin/glnxa64:/home/qianw/.MathWorks/IBOBuGAy6RMKv1qSO913GEckBr8xCIOmhZgwU7Cewvg/bin/glnxa64:/home/qianw/MATLAB/R2024b/extern/lib/glnxa64:/home/qianw/MATLAB/R2024b/cefclient/sys/os/glnxa64:/home/qianw/MATLAB/R2024b/sys/java/jre/glnxa64/jre/lib/amd64/native_threads:/home/qianw/MATLAB/R2024b/sys/java/jre/glnxa64/jre/lib/amd64/server'), ('BASEMATLABPATH', ''), ('HOME', '/home/qianw'), ('AUTOMOUNT_MAP', ''), ('OLDPWD', '/home/qianw/MATLAB/R2024b'), ('DESKTOP_SESSION', 'ubuntu'), ('MW_LD_SHIM', '/home/qianw/MATLAB/R2024b/bin/glnxa64/ld_shim.so.2.35.ubuntu_22_04'), ('GNOME_SHELL_SESSION_MODE', 'ubuntu'), ('GTK_MODULES', ''), ('KMP_BLOCKTIME', '1'), ('PS1', '(venv)'), ('LIBVA_MESSAGING_LEVEL', '0'), ('DBUS_STARTER_BUS_TYPE', 'session'), ('SYSTEMD_EXEC_PID', '1626'), ('DBUS_SESSION_BUS_ADDRESS', 'unix:path=/run/user/1000/bus,guid=1474c47e612689c2683acc2967edbc42'), ('COLORTERM', 'truecolor'), ('CUSTOM_SITE_PACKAGES_PATH', ''), ('IM_CONFIG_PHASE', '1'), ('WAYLAND_DISPLAY', 'wayland-0'), ('COLCON_PREFIX_PATH', '/home/qianw/EECE5554/LAB4/src/matlab_msg_gen/glnxa64/install:/home/qianw/EECE5554/LAB3/src/matlab_msg_gen/glnxa64/install:/home/qianw/MATLAB/R2024b/sys/ros2/glnxa64/ros2:/home/qianw/MATLAB/R2024b/sys/ros2/glnxa64/ros2'), ('ROS_DISTRO', 'humble'), ('LOGNAME', 'qianw'), ('MATLAB_MEM_MGR_VALUE', ''), ('_', '/home/qianw/.matlab/R2024b/ros2/glnxa64/venv/bin/colcon'), ('PKG_CONFIG_PATH', '/home/qianw/MATLAB/R2024b/sys/ros2/glnxa64/ros2/lib/pkgconfig'), ('XDG_SESSION_CLASS', 'user'), ('USERNAME', 'qianw'), ('TERM', 'dumb'), ('GNOME_DESKTOP_SESSION_ID', 'this-is-deprecated'), ('PATH', '/home/qianw/MATLAB/R2024b/bin/glnxa64/cmake/bin::/home/qianw/MATLAB/R2024b/sys/ros2/glnxa64/ros2/bin:/home/qianw/.matlab/R2024b/ros2/glnxa64/venv/bin:/home/qianw/.matlab/R2024b/ros2/glnxa64/venv/bin:/home/qianw/MATLAB/R2024b/toolbox/shared/coder/ninja/glnxa64:/home/qianw/.local/bin:/usr/local/sbin:/usr/local/bin:/usr/sbin:/usr/bin:/sbin:/bin:/usr/games:/usr/local/games:/snap/bin:/snap/bin'), ('SESSION_MANAGER', 'local/Loounx2:@/tmp/.ICE-unix/1626,unix/Loounx2:/tmp/.ICE-unix/1626'), ('XDG_MENU_PREFIX', 'gnome-'), ('GNOME_TERMINAL_SCREEN', '/org/gnome/Terminal/screen/f7bcdb00_d691_4030_9501_861e24401ed7'), ('GNOME_SETUP_DISPLAY', ':1'), ('XDG_RUNTIME_DIR', '/run/user/1000'), ('TOOLBOX', '/home/qianw/MATLAB/R2024b/toolbox'), ('MKL_DOMAIN_NUM_THREADS', ''), ('KMP_INIT_AT_FORK', 'false'), ('DISPLAY', ':0'), ('LD_PRELOAD', ''), ('LANG', 'en_US.UTF-8'), ('XDG_CURRENT_DESKTOP', 'ubuntu:GNOME'), ('PRE_LD_PRELOAD', ''), ('VIRTUAL_ENV_PROMPT', '(venv)'), ('XMODIFIERS', '@im=ibus'), ('XDG_SESSION_DESKTOP', 'ubuntu'), ('XAUTHORITY', '/run/user/1000/.mutter-Xwaylandauth.2OI332'), ('GNOME_TERMINAL_SERVICE', ':1.213'), ('SSH_AGENT_LAUNCHER', 'gnome-keyring'), ('SSH_AUTH_SOCK', '/run/user/1000/keyring/ssh'), ('AMENT_PREFIX_PATH', '/home/qianw/EECE5554/LAB4/src/matlab_msg_gen/glnxa64/install:/home/qianw/EECE5554/LAB3/src/matlab_msg_gen/glnxa64/install:/home/qianw/MATLAB/R2024b/sys/ros2/glnxa64/ros2:/home/qianw/MATLAB/R2024b/sys/ros2/glnxa64/ros2'), ('SHELL', '/bin/bash'), ('CMAKE_PATH', '/home/qianw/MATLAB/R2024b/bin/glnxa64/cmake/bin'), ('XFILESEARCHPATH', '/home/qianw/MATLAB/R2024b/sys/java/jre/glnxa64/jre/lib/locale/%L/%T/%N%S:'), ('QT_ACCESSIBILITY', '1'), ('GDMSESSION', 'ubuntu'), ('OSG_LD_LIBRARY_PATH', '/home/qianw/MATLAB/R2024b/sys/openscenegraph/lib/glnxa64'), ('VIRTUAL_ENV', '/home/qianw/.matlab/R2024b/ros2/glnxa64/venv'), ('CUSTOM_PATH', ''), ('KMP_STACKSIZE', '512k'), ('QT_IM_MODULE', 'ibus'), ('PWD', '/home/qianw/EECE5554/LAB4/src/matlab_msg_gen/glnxa64/build/imu_interface'), ('XDG_CONFIG_DIRS', '/etc/xdg/xdg-ubuntu:/etc/xdg'), ('DYLD_LIBRARY_PATH', ':/home/qianw/MATLAB/R2024b/sys/ros2/glnxa64/ros2/lib:'), ('DBUS_STARTER_ADDRESS', 'unix:path=/run/user/1000/bus,guid=1474c47e612689c2683acc2967edbc42'), ('XDG_DATA_DIRS', '/usr/share/ubuntu:/usr/local/share/:/usr/share/:/var/lib/snapd/desktop'), ('MKL_NUM_THREADS', ''), ('MW_PATCH_OFFSETS', '0000117000002EA0'), ('PYTHONPATH', ':/home/qianw/MATLAB/R2024b/sys/ros2/glnxa64/ros2/lib/python3.9/site-packages:/home/qianw/.matlab/R2024b/ros2/glnxa64/venv/lib/python3.10/site-packages:'), ('LC_NUMERIC', 'C'), ('COLCON', '1'), ('VTE_VERSION', '6800'), ('CMAKE_PREFIX_PATH', '/home/qianw/EECE5554/LAB4/src/matlab_msg_gen/glnxa64/install:/home/qianw/EECE5554/LAB3/src/matlab_msg_gen/glnxa64/install:/home/qianw/MATLAB/R2024b/sys/ros2/glnxa64/ros2:/home/qianw/MATLAB/R2024b/sys/ros2/glnxa64/ros2')]), 'shell': False}
[0.149179] (gps_interface) StdoutLine: {'line': b'[0/1] Re-running CMake...\n'}
[0.155264] (imu_interface) StdoutLine: {'line': b'[0/1] Re-running CMake...\n'}
[0.174202] (gps_interface) StdoutLine: {'line': b'-- Found ament_cmake: 1.3.3 (/home/qianw/MATLAB/R2024b/sys/ros2/glnxa64/ros2/share/ament_cmake/cmake)\n'}
[0.181134] (imu_interface) StdoutLine: {'line': b'-- Found ament_cmake: 1.3.3 (/home/qianw/MATLAB/R2024b/sys/ros2/glnxa64/ros2/share/ament_cmake/cmake)\n'}
[0.198348] (-) TimerEvent: {}
[0.299127] (-) TimerEvent: {}
[0.404889] (-) TimerEvent: {}
[0.454999] (imu_interface) StdoutLine: {'line': b'-- Found ament_cmake_ros: 0.10.0 (/home/qianw/MATLAB/R2024b/sys/ros2/glnxa64/ros2/share/ament_cmake_ros/cmake)\n'}
[0.456314] (gps_interface) StdoutLine: {'line': b'-- Found ament_cmake_ros: 0.10.0 (/home/qianw/MATLAB/R2024b/sys/ros2/glnxa64/ros2/share/ament_cmake_ros/cmake)\n'}
[0.468200] (gps_interface) StdoutLine: {'line': b'-- Found rosidl_typesupport_c: 2.0.0 (/home/qianw/MATLAB/R2024b/sys/ros2/glnxa64/ros2/share/rosidl_typesupport_c/cmake)\n'}
[0.469939] (imu_interface) StdoutLine: {'line': b'-- Found rosidl_typesupport_c: 2.0.0 (/home/qianw/MATLAB/R2024b/sys/ros2/glnxa64/ros2/share/rosidl_typesupport_c/cmake)\n'}
[0.470218] (gps_interface) StdoutLine: {'line': b'-- Using all available rosidl_typesupport_c: rosidl_typesupport_fastrtps_c;rosidl_typesupport_introspection_c\n'}
[0.470538] (imu_interface) StdoutLine: {'line': b'-- Using all available rosidl_typesupport_c: rosidl_typesupport_fastrtps_c;rosidl_typesupport_introspection_c\n'}
[0.482574] (gps_interface) StdoutLine: {'line': b'-- Found rosidl_adapter: 3.1.4 (/home/qianw/MATLAB/R2024b/sys/ros2/glnxa64/ros2/share/rosidl_adapter/cmake)\n'}
[0.483016] (imu_interface) StdoutLine: {'line': b'-- Found rosidl_adapter: 3.1.4 (/home/qianw/MATLAB/R2024b/sys/ros2/glnxa64/ros2/share/rosidl_adapter/cmake)\n'}
[0.505164] (-) TimerEvent: {}
[0.559569] (imu_interface) StdoutLine: {'line': b'-- Found rosidl_typesupport_cpp: 2.0.0 (/home/qianw/MATLAB/R2024b/sys/ros2/glnxa64/ros2/share/rosidl_typesupport_cpp/cmake)\n'}
[0.563585] (imu_interface) StdoutLine: {'line': b'-- Using all available rosidl_typesupport_cpp: rosidl_typesupport_fastrtps_cpp;rosidl_typesupport_introspection_cpp\n'}
[0.563964] (gps_interface) StdoutLine: {'line': b'-- Found rosidl_typesupport_cpp: 2.0.0 (/home/qianw/MATLAB/R2024b/sys/ros2/glnxa64/ros2/share/rosidl_typesupport_cpp/cmake)\n'}
[0.565176] (gps_interface) StdoutLine: {'line': b'-- Using all available rosidl_typesupport_cpp: rosidl_typesupport_fastrtps_cpp;rosidl_typesupport_introspection_cpp\n'}
[0.605439] (-) TimerEvent: {}
[0.617423] (imu_interface) StdoutLine: {'line': b'-- Found rosidl_default_generators: 1.2.0 (/home/qianw/MATLAB/R2024b/sys/ros2/glnxa64/ros2/share/rosidl_default_generators/cmake)\n'}
[0.623225] (gps_interface) StdoutLine: {'line': b'-- Found rosidl_default_generators: 1.2.0 (/home/qianw/MATLAB/R2024b/sys/ros2/glnxa64/ros2/share/rosidl_default_generators/cmake)\n'}
[0.627576] (imu_interface) StdoutLine: {'line': b'-- Found class_loader: 2.2.0 (/home/qianw/MATLAB/R2024b/sys/ros2/glnxa64/ros2/share/class_loader/cmake)\n'}
[0.631215] (imu_interface) StdoutLine: {'line': b'-- Found rclcpp: 16.0.5 (/home/qianw/MATLAB/R2024b/sys/ros2/glnxa64/ros2/share/rclcpp/cmake)\n'}
[0.631732] (gps_interface) StdoutLine: {'line': b'-- Found class_loader: 2.2.0 (/home/qianw/MATLAB/R2024b/sys/ros2/glnxa64/ros2/share/class_loader/cmake)\n'}
[0.636985] (gps_interface) StdoutLine: {'line': b'-- Found rclcpp: 16.0.5 (/home/qianw/MATLAB/R2024b/sys/ros2/glnxa64/ros2/share/rclcpp/cmake)\n'}
[0.706046] (-) TimerEvent: {}
[0.798388] (imu_interface) StdoutLine: {'line': b'-- Found rmw_implementation_cmake: 6.1.1 (/home/qianw/MATLAB/R2024b/sys/ros2/glnxa64/ros2/share/rmw_implementation_cmake/cmake)\n'}
[0.801124] (imu_interface) StdoutLine: {'line': b'-- Found rmw_fastrtps_cpp: 6.2.2 (/home/qianw/MATLAB/R2024b/sys/ros2/glnxa64/ros2/share/rmw_fastrtps_cpp/cmake)\n'}
[0.806528] (-) TimerEvent: {}
[0.806918] (gps_interface) StdoutLine: {'line': b'-- Found rmw_implementation_cmake: 6.1.1 (/home/qianw/MATLAB/R2024b/sys/ros2/glnxa64/ros2/share/rmw_implementation_cmake/cmake)\n'}
[0.810002] (gps_interface) StdoutLine: {'line': b'-- Found rmw_fastrtps_cpp: 6.2.2 (/home/qianw/MATLAB/R2024b/sys/ros2/glnxa64/ros2/share/rmw_fastrtps_cpp/cmake)\n'}
[0.907382] (-) TimerEvent: {}
[0.988559] (imu_interface) StdoutLine: {'line': b"-- Using RMW implementation 'rmw_fastrtps_cpp' as default\n"}
[1.008092] (-) TimerEvent: {}
[1.009267] (gps_interface) StdoutLine: {'line': b"-- Using RMW implementation 'rmw_fastrtps_cpp' as default\n"}
[1.108260] (-) TimerEvent: {}
[1.208939] (-) TimerEvent: {}
[1.228439] (imu_interface) StdoutLine: {'line': b'-- Found sensor_msgs: 4.2.3 (/home/qianw/MATLAB/R2024b/sys/ros2/glnxa64/ros2/share/sensor_msgs/cmake)\n'}
[1.257032] (gps_interface) StdoutLine: {'line': b'-- Found std_msgs: 4.2.3 (/home/qianw/MATLAB/R2024b/sys/ros2/glnxa64/ros2/share/std_msgs/cmake)\n'}
[1.309198] (-) TimerEvent: {}
[1.410455] (-) TimerEvent: {}
[1.510802] (-) TimerEvent: {}
[1.611884] (-) TimerEvent: {}
[1.712589] (-) TimerEvent: {}
[1.813683] (-) TimerEvent: {}
[1.914259] (-) TimerEvent: {}
[2.016546] (-) TimerEvent: {}
[2.117074] (-) TimerEvent: {}
[2.180275] (gps_interface) StdoutLine: {'line': b'-- Using all available rosidl_typesupport_c: rosidl_typesupport_fastrtps_c;rosidl_typesupport_introspection_c\n'}
[2.217283] (-) TimerEvent: {}
[2.319591] (-) TimerEvent: {}
[2.420034] (-) TimerEvent: {}
[2.520420] (-) TimerEvent: {}
[2.564614] (gps_interface) StdoutLine: {'line': b'-- Using all available rosidl_typesupport_cpp: rosidl_typesupport_fastrtps_cpp;rosidl_typesupport_introspection_cpp\n'}
[2.580099] (gps_interface) StdoutLine: {'line': b'-- Configuring done\n'}
[2.620057] (gps_interface) StdoutLine: {'line': b'-- Generating done\n'}
[2.621010] (-) TimerEvent: {}
[2.633050] (gps_interface) StdoutLine: {'line': b'-- Build files have been written to: /home/qianw/EECE5554/LAB4/src/matlab_msg_gen/glnxa64/build/gps_interface\n'}
[2.664956] (gps_interface) StdoutLine: {'line': b'ninja: no work to do.\n'}
[2.668469] (gps_interface) CommandEnded: {'returncode': 0}
[2.691422] (gps_interface) JobProgress: {'identifier': 'gps_interface', 'progress': 'install'}
[2.698946] (gps_interface) Command: {'cmd': ['/home/qianw/MATLAB/R2024b/bin/glnxa64/cmake/bin/cmake', '--install', '/home/qianw/EECE5554/LAB4/src/matlab_msg_gen/glnxa64/build/gps_interface'], 'cwd': '/home/qianw/EECE5554/LAB4/src/matlab_msg_gen/glnxa64/build/gps_interface', 'env': OrderedDict([('ARCH', 'glnxa64'), ('CUSTOM_LD_LIBRARY_PATH', ''), ('USER', 'qianw'), ('LOCAL_PYTHON_VENV_PATH', '/home/qianw/.matlab/R2024b/ros2/glnxa64/venv'), ('MEMKIND_HEAP_MANAGER', 'TBB'), ('CUSTOM_AMENT_PREFIX_PATH', '/home/qianw/EECE5554/LAB4/src/matlab_msg_gen/glnxa64/install:/home/qianw/EECE5554/LAB3/src/matlab_msg_gen/glnxa64/install:/home/qianw/MATLAB/R2024b/sys/ros2/glnxa64/ros2'), ('XDG_SESSION_TYPE', 'wayland'), ('KMP_HANDLE_SIGNALS', '0'), ('SHLVL', '1'), ('ICU_TIMEZONE_FILES_DIR', '/home/qianw/MATLAB/R2024b/bin/icutzdata'), ('LD_LIBRARY_PATH', ':/home/qianw/MATLAB/R2024b/sys/ros2/glnxa64/ros2/lib:/home/qianw/MATLAB/R2024b/sys/os/glnxa64:/home/qianw/MATLAB/R2024b/bin/glnxa64:/home/qianw/.MathWorks/IBOBuGAy6RMKv1qSO913GEckBr8xCIOmhZgwU7Cewvg/bin/glnxa64:/home/qianw/MATLAB/R2024b/extern/lib/glnxa64:/home/qianw/MATLAB/R2024b/cefclient/sys/os/glnxa64:/home/qianw/MATLAB/R2024b/sys/java/jre/glnxa64/jre/lib/amd64/native_threads:/home/qianw/MATLAB/R2024b/sys/java/jre/glnxa64/jre/lib/amd64/server'), ('BASEMATLABPATH', ''), ('HOME', '/home/qianw'), ('AUTOMOUNT_MAP', ''), ('OLDPWD', '/home/qianw/MATLAB/R2024b'), ('DESKTOP_SESSION', 'ubuntu'), ('MW_LD_SHIM', '/home/qianw/MATLAB/R2024b/bin/glnxa64/ld_shim.so.2.35.ubuntu_22_04'), ('GNOME_SHELL_SESSION_MODE', 'ubuntu'), ('GTK_MODULES', ''), ('KMP_BLOCKTIME', '1'), ('PS1', '(venv)'), ('LIBVA_MESSAGING_LEVEL', '0'), ('DBUS_STARTER_BUS_TYPE', 'session'), ('SYSTEMD_EXEC_PID', '1626'), ('DBUS_SESSION_BUS_ADDRESS', 'unix:path=/run/user/1000/bus,guid=1474c47e612689c2683acc2967edbc42'), ('COLORTERM', 'truecolor'), ('CUSTOM_SITE_PACKAGES_PATH', ''), ('IM_CONFIG_PHASE', '1'), ('WAYLAND_DISPLAY', 'wayland-0'), ('COLCON_PREFIX_PATH', '/home/qianw/EECE5554/LAB4/src/matlab_msg_gen/glnxa64/install:/home/qianw/EECE5554/LAB3/src/matlab_msg_gen/glnxa64/install:/home/qianw/MATLAB/R2024b/sys/ros2/glnxa64/ros2:/home/qianw/MATLAB/R2024b/sys/ros2/glnxa64/ros2'), ('ROS_DISTRO', 'humble'), ('LOGNAME', 'qianw'), ('MATLAB_MEM_MGR_VALUE', ''), ('_', '/home/qianw/.matlab/R2024b/ros2/glnxa64/venv/bin/colcon'), ('PKG_CONFIG_PATH', '/home/qianw/MATLAB/R2024b/sys/ros2/glnxa64/ros2/lib/pkgconfig'), ('XDG_SESSION_CLASS', 'user'), ('USERNAME', 'qianw'), ('TERM', 'dumb'), ('GNOME_DESKTOP_SESSION_ID', 'this-is-deprecated'), ('PATH', '/home/qianw/MATLAB/R2024b/bin/glnxa64/cmake/bin::/home/qianw/MATLAB/R2024b/sys/ros2/glnxa64/ros2/bin:/home/qianw/.matlab/R2024b/ros2/glnxa64/venv/bin:/home/qianw/.matlab/R2024b/ros2/glnxa64/venv/bin:/home/qianw/MATLAB/R2024b/toolbox/shared/coder/ninja/glnxa64:/home/qianw/.local/bin:/usr/local/sbin:/usr/local/bin:/usr/sbin:/usr/bin:/sbin:/bin:/usr/games:/usr/local/games:/snap/bin:/snap/bin'), ('SESSION_MANAGER', 'local/Loounx2:@/tmp/.ICE-unix/1626,unix/Loounx2:/tmp/.ICE-unix/1626'), ('XDG_MENU_PREFIX', 'gnome-'), ('GNOME_TERMINAL_SCREEN', '/org/gnome/Terminal/screen/f7bcdb00_d691_4030_9501_861e24401ed7'), ('GNOME_SETUP_DISPLAY', ':1'), ('XDG_RUNTIME_DIR', '/run/user/1000'), ('TOOLBOX', '/home/qianw/MATLAB/R2024b/toolbox'), ('MKL_DOMAIN_NUM_THREADS', ''), ('KMP_INIT_AT_FORK', 'false'), ('DISPLAY', ':0'), ('LD_PRELOAD', ''), ('LANG', 'en_US.UTF-8'), ('XDG_CURRENT_DESKTOP', 'ubuntu:GNOME'), ('PRE_LD_PRELOAD', ''), ('VIRTUAL_ENV_PROMPT', '(venv)'), ('XMODIFIERS', '@im=ibus'), ('XDG_SESSION_DESKTOP', 'ubuntu'), ('XAUTHORITY', '/run/user/1000/.mutter-Xwaylandauth.2OI332'), ('GNOME_TERMINAL_SERVICE', ':1.213'), ('SSH_AGENT_LAUNCHER', 'gnome-keyring'), ('SSH_AUTH_SOCK', '/run/user/1000/keyring/ssh'), ('AMENT_PREFIX_PATH', '/home/qianw/EECE5554/LAB4/src/matlab_msg_gen/glnxa64/install:/home/qianw/EECE5554/LAB3/src/matlab_msg_gen/glnxa64/install:/home/qianw/MATLAB/R2024b/sys/ros2/glnxa64/ros2:/home/qianw/MATLAB/R2024b/sys/ros2/glnxa64/ros2'), ('SHELL', '/bin/bash'), ('CMAKE_PATH', '/home/qianw/MATLAB/R2024b/bin/glnxa64/cmake/bin'), ('XFILESEARCHPATH', '/home/qianw/MATLAB/R2024b/sys/java/jre/glnxa64/jre/lib/locale/%L/%T/%N%S:'), ('QT_ACCESSIBILITY', '1'), ('GDMSESSION', 'ubuntu'), ('OSG_LD_LIBRARY_PATH', '/home/qianw/MATLAB/R2024b/sys/openscenegraph/lib/glnxa64'), ('VIRTUAL_ENV', '/home/qianw/.matlab/R2024b/ros2/glnxa64/venv'), ('CUSTOM_PATH', ''), ('KMP_STACKSIZE', '512k'), ('QT_IM_MODULE', 'ibus'), ('PWD', '/home/qianw/EECE5554/LAB4/src/matlab_msg_gen/glnxa64/build/gps_interface'), ('XDG_CONFIG_DIRS', '/etc/xdg/xdg-ubuntu:/etc/xdg'), ('DYLD_LIBRARY_PATH', ':/home/qianw/MATLAB/R2024b/sys/ros2/glnxa64/ros2/lib:'), ('DBUS_STARTER_ADDRESS', 'unix:path=/run/user/1000/bus,guid=1474c47e612689c2683acc2967edbc42'), ('XDG_DATA_DIRS', '/usr/share/ubuntu:/usr/local/share/:/usr/share/:/var/lib/snapd/desktop'), ('MKL_NUM_THREADS', ''), ('MW_PATCH_OFFSETS', '0000117000002EA0'), ('PYTHONPATH', ':/home/qianw/MATLAB/R2024b/sys/ros2/glnxa64/ros2/lib/python3.9/site-packages:/home/qianw/.matlab/R2024b/ros2/glnxa64/venv/lib/python3.10/site-packages:'), ('LC_NUMERIC', 'C'), ('COLCON', '1'), ('VTE_VERSION', '6800'), ('CMAKE_PREFIX_PATH', '/home/qianw/EECE5554/LAB4/src/matlab_msg_gen/glnxa64/install:/home/qianw/EECE5554/LAB3/src/matlab_msg_gen/glnxa64/install:/home/qianw/MATLAB/R2024b/sys/ros2/glnxa64/ros2:/home/qianw/MATLAB/R2024b/sys/ros2/glnxa64/ros2')]), 'shell': False}
[2.701929] (gps_interface) StdoutLine: {'line': b'-- Install configuration: "Release"\n'}
[2.703763] (gps_interface) StdoutLine: {'line': b'-- Up-to-date: /home/qianw/EECE5554/LAB4/src/matlab_msg_gen/glnxa64/install/share/ament_index/resource_index/rosidl_interfaces/gps_interface\n'}
[2.703888] (gps_interface) StdoutLine: {'line': b'-- Up-to-date: /home/qianw/EECE5554/LAB4/src/matlab_msg_gen/glnxa64/install/include/gps_interface/gps_interface\n'}
[2.703982] (gps_interface) StdoutLine: {'line': b'-- Up-to-date: /home/qianw/EECE5554/LAB4/src/matlab_msg_gen/glnxa64/install/include/gps_interface/gps_interface/msg\n'}
[2.704068] (gps_interface) StdoutLine: {'line': b'-- Up-to-date: /home/qianw/EECE5554/LAB4/src/matlab_msg_gen/glnxa64/install/include/gps_interface/gps_interface/msg/gp_smsg.h\n'}
[2.704150] (gps_interface) StdoutLine: {'line': b'-- Up-to-date: /home/qianw/EECE5554/LAB4/src/matlab_msg_gen/glnxa64/install/include/gps_interface/gps_interface/msg/detail\n'}
[2.704231] (gps_interface) StdoutLine: {'line': b'-- Up-to-date: /home/qianw/EECE5554/LAB4/src/matlab_msg_gen/glnxa64/install/include/gps_interface/gps_interface/msg/detail/gp_smsg__functions.h\n'}
[2.704329] (gps_interface) StdoutLine: {'line': b'-- Up-to-date: /home/qianw/EECE5554/LAB4/src/matlab_msg_gen/glnxa64/install/include/gps_interface/gps_interface/msg/detail/gp_smsg__type_support.h\n'}
[2.707555] (gps_interface) StdoutLine: {'line': b'-- Up-to-date: /home/qianw/EECE5554/LAB4/src/matlab_msg_gen/glnxa64/install/include/gps_interface/gps_interface/msg/detail/gp_smsg__functions.c\n'}
[2.707747] (gps_interface) StdoutLine: {'line': b'-- Up-to-date: /home/qianw/EECE5554/LAB4/src/matlab_msg_gen/glnxa64/install/include/gps_interface/gps_interface/msg/detail/gp_smsg__struct.h\n'}
[2.707847] (gps_interface) StdoutLine: {'line': b'-- Up-to-date: /home/qianw/EECE5554/LAB4/src/matlab_msg_gen/glnxa64/install/include/gps_interface/gps_interface/msg/rosidl_generator_c__visibility_control.h\n'}
[2.707935] (gps_interface) StdoutLine: {'line': b'-- Up-to-date: /home/qianw/EECE5554/LAB4/src/matlab_msg_gen/glnxa64/install/share/gps_interface/environment/library_path.sh\n'}
[2.708020] (gps_interface) StdoutLine: {'line': b'-- Installing: /home/qianw/EECE5554/LAB4/src/matlab_msg_gen/glnxa64/install/share/gps_interface/environment/library_path.dsv\n'}
[2.708113] (gps_interface) StdoutLine: {'line': b'-- Up-to-date: /home/qianw/EECE5554/LAB4/src/matlab_msg_gen/glnxa64/install/lib/libgps_interface__rosidl_generator_c.so\n'}
[2.708198] (gps_interface) StdoutLine: {'line': b'-- Up-to-date: /home/qianw/EECE5554/LAB4/src/matlab_msg_gen/glnxa64/install/include/gps_interface/gps_interface\n'}
[2.708280] (gps_interface) StdoutLine: {'line': b'-- Up-to-date: /home/qianw/EECE5554/LAB4/src/matlab_msg_gen/glnxa64/install/include/gps_interface/gps_interface/msg\n'}
[2.708360] (gps_interface) StdoutLine: {'line': b'-- Up-to-date: /home/qianw/EECE5554/LAB4/src/matlab_msg_gen/glnxa64/install/include/gps_interface/gps_interface/msg/detail\n'}
[2.708439] (gps_interface) StdoutLine: {'line': b'-- Up-to-date: /home/qianw/EECE5554/LAB4/src/matlab_msg_gen/glnxa64/install/include/gps_interface/gps_interface/msg/detail/gp_smsg__rosidl_typesupport_fastrtps_c.h\n'}
[2.708615] (gps_interface) StdoutLine: {'line': b'-- Up-to-date: /home/qianw/EECE5554/LAB4/src/matlab_msg_gen/glnxa64/install/include/gps_interface/gps_interface/msg/rosidl_typesupport_fastrtps_c__visibility_control.h\n'}
[2.708708] (gps_interface) StdoutLine: {'line': b'-- Up-to-date: /home/qianw/EECE5554/LAB4/src/matlab_msg_gen/glnxa64/install/lib/libgps_interface__rosidl_typesupport_fastrtps_c.so\n'}
[2.708789] (gps_interface) StdoutLine: {'line': b'-- Up-to-date: /home/qianw/EECE5554/LAB4/src/matlab_msg_gen/glnxa64/install/include/gps_interface/gps_interface\n'}
[2.708869] (gps_interface) StdoutLine: {'line': b'-- Up-to-date: /home/qianw/EECE5554/LAB4/src/matlab_msg_gen/glnxa64/install/include/gps_interface/gps_interface/msg\n'}
[2.708950] (gps_interface) StdoutLine: {'line': b'-- Up-to-date: /home/qianw/EECE5554/LAB4/src/matlab_msg_gen/glnxa64/install/include/gps_interface/gps_interface/msg/detail\n'}
[2.709030] (gps_interface) StdoutLine: {'line': b'-- Up-to-date: /home/qianw/EECE5554/LAB4/src/matlab_msg_gen/glnxa64/install/include/gps_interface/gps_interface/msg/detail/gp_smsg__rosidl_typesupport_introspection_c.h\n'}
[2.709110] (gps_interface) StdoutLine: {'line': b'-- Up-to-date: /home/qianw/EECE5554/LAB4/src/matlab_msg_gen/glnxa64/install/include/gps_interface/gps_interface/msg/detail/gp_smsg__type_support.c\n'}
[2.709189] (gps_interface) StdoutLine: {'line': b'-- Up-to-date: /home/qianw/EECE5554/LAB4/src/matlab_msg_gen/glnxa64/install/include/gps_interface/gps_interface/msg/rosidl_typesupport_introspection_c__visibility_control.h\n'}
[2.709270] (gps_interface) StdoutLine: {'line': b'-- Up-to-date: /home/qianw/EECE5554/LAB4/src/matlab_msg_gen/glnxa64/install/lib/libgps_interface__rosidl_typesupport_introspection_c.so\n'}
[2.709351] (gps_interface) StdoutLine: {'line': b'-- Up-to-date: /home/qianw/EECE5554/LAB4/src/matlab_msg_gen/glnxa64/install/lib/libgps_interface__rosidl_typesupport_c.so\n'}
[2.709441] (gps_interface) StdoutLine: {'line': b'-- Up-to-date: /home/qianw/EECE5554/LAB4/src/matlab_msg_gen/glnxa64/install/include/gps_interface/gps_interface\n'}
[2.709613] (gps_interface) StdoutLine: {'line': b'-- Up-to-date: /home/qianw/EECE5554/LAB4/src/matlab_msg_gen/glnxa64/install/include/gps_interface/gps_interface/msg\n'}
[2.710333] (gps_interface) StdoutLine: {'line': b'-- Up-to-date: /home/qianw/EECE5554/LAB4/src/matlab_msg_gen/glnxa64/install/include/gps_interface/gps_interface/msg/detail\n'}
[2.710805] (gps_interface) StdoutLine: {'line': b'-- Up-to-date: /home/qianw/EECE5554/LAB4/src/matlab_msg_gen/glnxa64/install/include/gps_interface/gps_interface/msg/detail/gp_smsg__builder.hpp\n'}
[2.710971] (gps_interface) StdoutLine: {'line': b'-- Up-to-date: /home/qianw/EECE5554/LAB4/src/matlab_msg_gen/glnxa64/install/include/gps_interface/gps_interface/msg/detail/gp_smsg__struct.hpp\n'}
[2.711068] (gps_interface) StdoutLine: {'line': b'-- Up-to-date: /home/qianw/EECE5554/LAB4/src/matlab_msg_gen/glnxa64/install/include/gps_interface/gps_interface/msg/detail/gp_smsg__traits.hpp\n'}
[2.711155] (gps_interface) StdoutLine: {'line': b'-- Up-to-date: /home/qianw/EECE5554/LAB4/src/matlab_msg_gen/glnxa64/install/include/gps_interface/gps_interface/msg/gp_smsg.hpp\n'}
[2.711237] (gps_interface) StdoutLine: {'line': b'-- Up-to-date: /home/qianw/EECE5554/LAB4/src/matlab_msg_gen/glnxa64/install/include/gps_interface/gps_interface\n'}
[2.711318] (gps_interface) StdoutLine: {'line': b'-- Up-to-date: /home/qianw/EECE5554/LAB4/src/matlab_msg_gen/glnxa64/install/include/gps_interface/gps_interface/msg\n'}
[2.711397] (gps_interface) StdoutLine: {'line': b'-- Up-to-date: /home/qianw/EECE5554/LAB4/src/matlab_msg_gen/glnxa64/install/include/gps_interface/gps_interface/msg/detail\n'}
[2.711494] (gps_interface) StdoutLine: {'line': b'-- Up-to-date: /home/qianw/EECE5554/LAB4/src/matlab_msg_gen/glnxa64/install/include/gps_interface/gps_interface/msg/detail/gp_smsg__rosidl_typesupport_fastrtps_cpp.hpp\n'}
[2.711872] (gps_interface) StdoutLine: {'line': b'-- Up-to-date: /home/qianw/EECE5554/LAB4/src/matlab_msg_gen/glnxa64/install/include/gps_interface/gps_interface/msg/detail/dds_fastrtps\n'}
[2.715043] (gps_interface) StdoutLine: {'line': b'-- Up-to-date: /home/qianw/EECE5554/LAB4/src/matlab_msg_gen/glnxa64/install/include/gps_interface/gps_interface/msg/rosidl_typesupport_fastrtps_cpp__visibility_control.h\n'}
[2.715202] (gps_interface) StdoutLine: {'line': b'-- Up-to-date: /home/qianw/EECE5554/LAB4/src/matlab_msg_gen/glnxa64/install/lib/libgps_interface__rosidl_typesupport_fastrtps_cpp.so\n'}
[2.715817] (gps_interface) StdoutLine: {'line': b'-- Up-to-date: /home/qianw/EECE5554/LAB4/src/matlab_msg_gen/glnxa64/install/include/gps_interface/gps_interface\n'}
[2.715947] (gps_interface) StdoutLine: {'line': b'-- Up-to-date: /home/qianw/EECE5554/LAB4/src/matlab_msg_gen/glnxa64/install/include/gps_interface/gps_interface/msg\n'}
[2.716067] (gps_interface) StdoutLine: {'line': b'-- Up-to-date: /home/qianw/EECE5554/LAB4/src/matlab_msg_gen/glnxa64/install/include/gps_interface/gps_interface/msg/detail\n'}
[2.716255] (gps_interface) StdoutLine: {'line': b'-- Up-to-date: /home/qianw/EECE5554/LAB4/src/matlab_msg_gen/glnxa64/install/include/gps_interface/gps_interface/msg/detail/gp_smsg__rosidl_typesupport_introspection_cpp.hpp\n'}
[2.716813] (gps_interface) StdoutLine: {'line': b'-- Up-to-date: /home/qianw/EECE5554/LAB4/src/matlab_msg_gen/glnxa64/install/include/gps_interface/gps_interface/msg/detail/gp_smsg__type_support.cpp\n'}
[2.716963] (gps_interface) StdoutLine: {'line': b'-- Up-to-date: /home/qianw/EECE5554/LAB4/src/matlab_msg_gen/glnxa64/install/lib/libgps_interface__rosidl_typesupport_introspection_cpp.so\n'}
[2.717303] (gps_interface) StdoutLine: {'line': b'-- Up-to-date: /home/qianw/EECE5554/LAB4/src/matlab_msg_gen/glnxa64/install/lib/libgps_interface__rosidl_typesupport_cpp.so\n'}
[2.717423] (gps_interface) StdoutLine: {'line': b'-- Up-to-date: /home/qianw/EECE5554/LAB4/src/matlab_msg_gen/glnxa64/install/share/gps_interface/msg/GPSmsg.idl\n'}
[2.717659] (gps_interface) StdoutLine: {'line': b'-- Up-to-date: /home/qianw/EECE5554/LAB4/src/matlab_msg_gen/glnxa64/install/share/gps_interface/msg/GPSmsg.msg\n'}
[2.717773] (gps_interface) StdoutLine: {'line': b'-- Up-to-date: /home/qianw/EECE5554/LAB4/src/matlab_msg_gen/glnxa64/install/include\n'}
[2.721405] (-) TimerEvent: {}
[2.721668] (gps_interface) StdoutLine: {'line': b'-- Up-to-date: /home/qianw/EECE5554/LAB4/src/matlab_msg_gen/glnxa64/install/include/gps_interface\n'}
[2.721927] (gps_interface) StdoutLine: {'line': b'-- Up-to-date: /home/qianw/EECE5554/LAB4/src/matlab_msg_gen/glnxa64/install/include/gps_interface/visibility_control.h\n'}
[2.722136] (gps_interface) StdoutLine: {'line': b'-- Up-to-date: /home/qianw/EECE5554/LAB4/src/matlab_msg_gen/glnxa64/install/lib/libgps_interface_matlab.so\n'}
[2.722319] (gps_interface) StdoutLine: {'line': b'-- Up-to-date: /home/qianw/EECE5554/LAB4/src/matlab_msg_gen/glnxa64/install/m/\n'}
[2.723279] (gps_interface) StdoutLine: {'line': b'-- Up-to-date: /home/qianw/EECE5554/LAB4/src/matlab_msg_gen/glnxa64/install/m//+ros\n'}
[2.724058] (gps_interface) StdoutLine: {'line': b'-- Up-to-date: /home/qianw/EECE5554/LAB4/src/matlab_msg_gen/glnxa64/install/m//+ros/+internal\n'}
[2.724198] (gps_interface) StdoutLine: {'line': b'-- Up-to-date: /home/qianw/EECE5554/LAB4/src/matlab_msg_gen/glnxa64/install/m//+ros/+internal/+ros2\n'}
[2.724313] (gps_interface) StdoutLine: {'line': b'-- Up-to-date: /home/qianw/EECE5554/LAB4/src/matlab_msg_gen/glnxa64/install/m//+ros/+internal/+ros2/+custommessages\n'}
[2.724436] (gps_interface) StdoutLine: {'line': b'-- Up-to-date: /home/qianw/EECE5554/LAB4/src/matlab_msg_gen/glnxa64/install/m//+ros/+internal/+ros2/+custommessages/+gps_interface\n'}
[2.729370] (gps_interface) StdoutLine: {'line': b'-- Up-to-date: /home/qianw/EECE5554/LAB4/src/matlab_msg_gen/glnxa64/install/m//+ros/+internal/+ros2/+custommessages/+gps_interface/gPSmsg.m\n'}
[2.729605] (gps_interface) StdoutLine: {'line': b'-- Up-to-date: /home/qianw/EECE5554/LAB4/src/matlab_msg_gen/glnxa64/install/share/ament_index/resource_index/package_run_dependencies/gps_interface\n'}
[2.729737] (gps_interface) StdoutLine: {'line': b'-- Installing: /home/qianw/EECE5554/LAB4/src/matlab_msg_gen/glnxa64/install/share/ament_index/resource_index/parent_prefix_path/gps_interface\n'}
[2.729825] (gps_interface) StdoutLine: {'line': b'-- Up-to-date: /home/qianw/EECE5554/LAB4/src/matlab_msg_gen/glnxa64/install/share/gps_interface/environment/ament_prefix_path.sh\n'}
[2.729910] (gps_interface) StdoutLine: {'line': b'-- Installing: /home/qianw/EECE5554/LAB4/src/matlab_msg_gen/glnxa64/install/share/gps_interface/environment/ament_prefix_path.dsv\n'}
[2.729992] (gps_interface) StdoutLine: {'line': b'-- Up-to-date: /home/qianw/EECE5554/LAB4/src/matlab_msg_gen/glnxa64/install/share/gps_interface/environment/path.sh\n'}
[2.730076] (gps_interface) StdoutLine: {'line': b'-- Installing: /home/qianw/EECE5554/LAB4/src/matlab_msg_gen/glnxa64/install/share/gps_interface/environment/path.dsv\n'}
[2.730156] (gps_interface) StdoutLine: {'line': b'-- Up-to-date: /home/qianw/EECE5554/LAB4/src/matlab_msg_gen/glnxa64/install/share/gps_interface/local_setup.bash\n'}
[2.730275] (gps_interface) StdoutLine: {'line': b'-- Up-to-date: /home/qianw/EECE5554/LAB4/src/matlab_msg_gen/glnxa64/install/share/gps_interface/local_setup.sh\n'}
[2.730358] (gps_interface) StdoutLine: {'line': b'-- Up-to-date: /home/qianw/EECE5554/LAB4/src/matlab_msg_gen/glnxa64/install/share/gps_interface/local_setup.zsh\n'}
[2.730447] (gps_interface) StdoutLine: {'line': b'-- Installing: /home/qianw/EECE5554/LAB4/src/matlab_msg_gen/glnxa64/install/share/gps_interface/local_setup.dsv\n'}
[2.730659] (gps_interface) StdoutLine: {'line': b'-- Installing: /home/qianw/EECE5554/LAB4/src/matlab_msg_gen/glnxa64/install/share/gps_interface/package.dsv\n'}
[2.730753] (gps_interface) StdoutLine: {'line': b'-- Up-to-date: /home/qianw/EECE5554/LAB4/src/matlab_msg_gen/glnxa64/install/share/ament_index/resource_index/packages/gps_interface\n'}
[2.730838] (gps_interface) StdoutLine: {'line': b'-- Up-to-date: /home/qianw/EECE5554/LAB4/src/matlab_msg_gen/glnxa64/install/share/gps_interface/cmake/export_gps_interface__rosidl_generator_cExport.cmake\n'}
[2.730934] (gps_interface) StdoutLine: {'line': b'-- Up-to-date: /home/qianw/EECE5554/LAB4/src/matlab_msg_gen/glnxa64/install/share/gps_interface/cmake/export_gps_interface__rosidl_generator_cExport-release.cmake\n'}
[2.731014] (gps_interface) StdoutLine: {'line': b'-- Up-to-date: /home/qianw/EECE5554/LAB4/src/matlab_msg_gen/glnxa64/install/share/gps_interface/cmake/export_gps_interface__rosidl_typesupport_fastrtps_cExport.cmake\n'}
[2.731095] (gps_interface) StdoutLine: {'line': b'-- Up-to-date: /home/qianw/EECE5554/LAB4/src/matlab_msg_gen/glnxa64/install/share/gps_interface/cmake/export_gps_interface__rosidl_typesupport_fastrtps_cExport-release.cmake\n'}
[2.731175] (gps_interface) StdoutLine: {'line': b'-- Up-to-date: /home/qianw/EECE5554/LAB4/src/matlab_msg_gen/glnxa64/install/share/gps_interface/cmake/gps_interface__rosidl_typesupport_introspection_cExport.cmake\n'}
[2.735228] (gps_interface) StdoutLine: {'line': b'-- Up-to-date: /home/qianw/EECE5554/LAB4/src/matlab_msg_gen/glnxa64/install/share/gps_interface/cmake/gps_interface__rosidl_typesupport_introspection_cExport-release.cmake\n'}
[2.735653] (gps_interface) StdoutLine: {'line': b'-- Up-to-date: /home/qianw/EECE5554/LAB4/src/matlab_msg_gen/glnxa64/install/share/gps_interface/cmake/gps_interface__rosidl_typesupport_cExport.cmake\n'}
[2.737787] (gps_interface) StdoutLine: {'line': b'-- Up-to-date: /home/qianw/EECE5554/LAB4/src/matlab_msg_gen/glnxa64/install/share/gps_interface/cmake/gps_interface__rosidl_typesupport_cExport-release.cmake\n'}
[2.738038] (gps_interface) StdoutLine: {'line': b'-- Up-to-date: /home/qianw/EECE5554/LAB4/src/matlab_msg_gen/glnxa64/install/share/gps_interface/cmake/export_gps_interface__rosidl_generator_cppExport.cmake\n'}
[2.738315] (gps_interface) StdoutLine: {'line': b'-- Up-to-date: /home/qianw/EECE5554/LAB4/src/matlab_msg_gen/glnxa64/install/share/gps_interface/cmake/export_gps_interface__rosidl_typesupport_fastrtps_cppExport.cmake\n'}
[2.738412] (gps_interface) StdoutLine: {'line': b'-- Up-to-date: /home/qianw/EECE5554/LAB4/src/matlab_msg_gen/glnxa64/install/share/gps_interface/cmake/export_gps_interface__rosidl_typesupport_fastrtps_cppExport-release.cmake\n'}
[2.738548] (gps_interface) StdoutLine: {'line': b'-- Up-to-date: /home/qianw/EECE5554/LAB4/src/matlab_msg_gen/glnxa64/install/share/gps_interface/cmake/gps_interface__rosidl_typesupport_introspection_cppExport.cmake\n'}
[2.738674] (gps_interface) StdoutLine: {'line': b'-- Up-to-date: /home/qianw/EECE5554/LAB4/src/matlab_msg_gen/glnxa64/install/share/gps_interface/cmake/gps_interface__rosidl_typesupport_introspection_cppExport-release.cmake\n'}
[2.738778] (gps_interface) StdoutLine: {'line': b'-- Up-to-date: /home/qianw/EECE5554/LAB4/src/matlab_msg_gen/glnxa64/install/share/gps_interface/cmake/gps_interface__rosidl_typesupport_cppExport.cmake\n'}
[2.738899] (gps_interface) StdoutLine: {'line': b'-- Up-to-date: /home/qianw/EECE5554/LAB4/src/matlab_msg_gen/glnxa64/install/share/gps_interface/cmake/gps_interface__rosidl_typesupport_cppExport-release.cmake\n'}
[2.739007] (gps_interface) StdoutLine: {'line': b'-- Up-to-date: /home/qianw/EECE5554/LAB4/src/matlab_msg_gen/glnxa64/install/share/gps_interface/cmake/rosidl_cmake-extras.cmake\n'}
[2.739111] (gps_interface) StdoutLine: {'line': b'-- Up-to-date: /home/qianw/EECE5554/LAB4/src/matlab_msg_gen/glnxa64/install/share/gps_interface/cmake/ament_cmake_export_dependencies-extras.cmake\n'}
[2.739193] (gps_interface) StdoutLine: {'line': b'-- Up-to-date: /home/qianw/EECE5554/LAB4/src/matlab_msg_gen/glnxa64/install/share/gps_interface/cmake/ament_cmake_export_include_directories-extras.cmake\n'}
[2.739272] (gps_interface) StdoutLine: {'line': b'-- Up-to-date: /home/qianw/EECE5554/LAB4/src/matlab_msg_gen/glnxa64/install/share/gps_interface/cmake/ament_cmake_export_libraries-extras.cmake\n'}
[2.739351] (gps_interface) StdoutLine: {'line': b'-- Up-to-date: /home/qianw/EECE5554/LAB4/src/matlab_msg_gen/glnxa64/install/share/gps_interface/cmake/ament_cmake_export_targets-extras.cmake\n'}
[2.739446] (gps_interface) StdoutLine: {'line': b'-- Up-to-date: /home/qianw/EECE5554/LAB4/src/matlab_msg_gen/glnxa64/install/share/gps_interface/cmake/rosidl_cmake_export_typesupport_targets-extras.cmake\n'}
[2.739633] (gps_interface) StdoutLine: {'line': b'-- Up-to-date: /home/qianw/EECE5554/LAB4/src/matlab_msg_gen/glnxa64/install/share/gps_interface/cmake/rosidl_cmake_export_typesupport_libraries-extras.cmake\n'}
[2.739748] (gps_interface) StdoutLine: {'line': b'-- Up-to-date: /home/qianw/EECE5554/LAB4/src/matlab_msg_gen/glnxa64/install/share/gps_interface/cmake/gps_interfaceConfig.cmake\n'}
[2.748842] (gps_interface) StdoutLine: {'line': b'-- Up-to-date: /home/qianw/EECE5554/LAB4/src/matlab_msg_gen/glnxa64/install/share/gps_interface/cmake/gps_interfaceConfig-version.cmake\n'}
[2.749073] (gps_interface) StdoutLine: {'line': b'-- Installing: /home/qianw/EECE5554/LAB4/src/matlab_msg_gen/glnxa64/install/share/gps_interface/package.xml\n'}
[2.749193] (gps_interface) CommandEnded: {'returncode': 0}
[2.808185] (imu_interface) StdoutLine: {'line': b'-- Using all available rosidl_typesupport_c: rosidl_typesupport_fastrtps_c;rosidl_typesupport_introspection_c\n'}
[2.822640] (-) TimerEvent: {}
[2.918289] (gps_interface) JobEnded: {'identifier': 'gps_interface', 'rc': 0}
[2.922963] (-) TimerEvent: {}
[3.025588] (-) TimerEvent: {}
[3.126590] (-) TimerEvent: {}
[3.227024] (-) TimerEvent: {}
[3.328050] (-) TimerEvent: {}
[3.428680] (-) TimerEvent: {}
[3.493177] (imu_interface) StdoutLine: {'line': b'-- Using all available rosidl_typesupport_cpp: rosidl_typesupport_fastrtps_cpp;rosidl_typesupport_introspection_cpp\n'}
[3.513506] (imu_interface) StdoutLine: {'line': b'-- Configuring done\n'}
[3.529080] (-) TimerEvent: {}
[3.574123] (imu_interface) StdoutLine: {'line': b'-- Generating done\n'}
[3.585667] (imu_interface) StdoutLine: {'line': b'-- Build files have been written to: /home/qianw/EECE5554/LAB4/src/matlab_msg_gen/glnxa64/build/imu_interface\n'}
[3.620327] (imu_interface) StdoutLine: {'line': b'ninja: no work to do.\n'}
[3.625234] (imu_interface) CommandEnded: {'returncode': 0}
[3.629269] (-) TimerEvent: {}
[3.655104] (imu_interface) JobProgress: {'identifier': 'imu_interface', 'progress': 'install'}
[3.655196] (imu_interface) Command: {'cmd': ['/home/qianw/MATLAB/R2024b/bin/glnxa64/cmake/bin/cmake', '--install', '/home/qianw/EECE5554/LAB4/src/matlab_msg_gen/glnxa64/build/imu_interface'], 'cwd': '/home/qianw/EECE5554/LAB4/src/matlab_msg_gen/glnxa64/build/imu_interface', 'env': OrderedDict([('ARCH', 'glnxa64'), ('CUSTOM_LD_LIBRARY_PATH', ''), ('USER', 'qianw'), ('LOCAL_PYTHON_VENV_PATH', '/home/qianw/.matlab/R2024b/ros2/glnxa64/venv'), ('MEMKIND_HEAP_MANAGER', 'TBB'), ('CUSTOM_AMENT_PREFIX_PATH', '/home/qianw/EECE5554/LAB4/src/matlab_msg_gen/glnxa64/install:/home/qianw/EECE5554/LAB3/src/matlab_msg_gen/glnxa64/install:/home/qianw/MATLAB/R2024b/sys/ros2/glnxa64/ros2'), ('XDG_SESSION_TYPE', 'wayland'), ('KMP_HANDLE_SIGNALS', '0'), ('SHLVL', '1'), ('ICU_TIMEZONE_FILES_DIR', '/home/qianw/MATLAB/R2024b/bin/icutzdata'), ('LD_LIBRARY_PATH', ':/home/qianw/MATLAB/R2024b/sys/ros2/glnxa64/ros2/lib:/home/qianw/MATLAB/R2024b/sys/os/glnxa64:/home/qianw/MATLAB/R2024b/bin/glnxa64:/home/qianw/.MathWorks/IBOBuGAy6RMKv1qSO913GEckBr8xCIOmhZgwU7Cewvg/bin/glnxa64:/home/qianw/MATLAB/R2024b/extern/lib/glnxa64:/home/qianw/MATLAB/R2024b/cefclient/sys/os/glnxa64:/home/qianw/MATLAB/R2024b/sys/java/jre/glnxa64/jre/lib/amd64/native_threads:/home/qianw/MATLAB/R2024b/sys/java/jre/glnxa64/jre/lib/amd64/server'), ('BASEMATLABPATH', ''), ('HOME', '/home/qianw'), ('AUTOMOUNT_MAP', ''), ('OLDPWD', '/home/qianw/MATLAB/R2024b'), ('DESKTOP_SESSION', 'ubuntu'), ('MW_LD_SHIM', '/home/qianw/MATLAB/R2024b/bin/glnxa64/ld_shim.so.2.35.ubuntu_22_04'), ('GNOME_SHELL_SESSION_MODE', 'ubuntu'), ('GTK_MODULES', ''), ('KMP_BLOCKTIME', '1'), ('PS1', '(venv)'), ('LIBVA_MESSAGING_LEVEL', '0'), ('DBUS_STARTER_BUS_TYPE', 'session'), ('SYSTEMD_EXEC_PID', '1626'), ('DBUS_SESSION_BUS_ADDRESS', 'unix:path=/run/user/1000/bus,guid=1474c47e612689c2683acc2967edbc42'), ('COLORTERM', 'truecolor'), ('CUSTOM_SITE_PACKAGES_PATH', ''), ('IM_CONFIG_PHASE', '1'), ('WAYLAND_DISPLAY', 'wayland-0'), ('COLCON_PREFIX_PATH', '/home/qianw/EECE5554/LAB4/src/matlab_msg_gen/glnxa64/install:/home/qianw/EECE5554/LAB3/src/matlab_msg_gen/glnxa64/install:/home/qianw/MATLAB/R2024b/sys/ros2/glnxa64/ros2:/home/qianw/MATLAB/R2024b/sys/ros2/glnxa64/ros2'), ('ROS_DISTRO', 'humble'), ('LOGNAME', 'qianw'), ('MATLAB_MEM_MGR_VALUE', ''), ('_', '/home/qianw/.matlab/R2024b/ros2/glnxa64/venv/bin/colcon'), ('PKG_CONFIG_PATH', '/home/qianw/MATLAB/R2024b/sys/ros2/glnxa64/ros2/lib/pkgconfig'), ('XDG_SESSION_CLASS', 'user'), ('USERNAME', 'qianw'), ('TERM', 'dumb'), ('GNOME_DESKTOP_SESSION_ID', 'this-is-deprecated'), ('PATH', '/home/qianw/MATLAB/R2024b/bin/glnxa64/cmake/bin::/home/qianw/MATLAB/R2024b/sys/ros2/glnxa64/ros2/bin:/home/qianw/.matlab/R2024b/ros2/glnxa64/venv/bin:/home/qianw/.matlab/R2024b/ros2/glnxa64/venv/bin:/home/qianw/MATLAB/R2024b/toolbox/shared/coder/ninja/glnxa64:/home/qianw/.local/bin:/usr/local/sbin:/usr/local/bin:/usr/sbin:/usr/bin:/sbin:/bin:/usr/games:/usr/local/games:/snap/bin:/snap/bin'), ('SESSION_MANAGER', 'local/Loounx2:@/tmp/.ICE-unix/1626,unix/Loounx2:/tmp/.ICE-unix/1626'), ('XDG_MENU_PREFIX', 'gnome-'), ('GNOME_TERMINAL_SCREEN', '/org/gnome/Terminal/screen/f7bcdb00_d691_4030_9501_861e24401ed7'), ('GNOME_SETUP_DISPLAY', ':1'), ('XDG_RUNTIME_DIR', '/run/user/1000'), ('TOOLBOX', '/home/qianw/MATLAB/R2024b/toolbox'), ('MKL_DOMAIN_NUM_THREADS', ''), ('KMP_INIT_AT_FORK', 'false'), ('DISPLAY', ':0'), ('LD_PRELOAD', ''), ('LANG', 'en_US.UTF-8'), ('XDG_CURRENT_DESKTOP', 'ubuntu:GNOME'), ('PRE_LD_PRELOAD', ''), ('VIRTUAL_ENV_PROMPT', '(venv)'), ('XMODIFIERS', '@im=ibus'), ('XDG_SESSION_DESKTOP', 'ubuntu'), ('XAUTHORITY', '/run/user/1000/.mutter-Xwaylandauth.2OI332'), ('GNOME_TERMINAL_SERVICE', ':1.213'), ('SSH_AGENT_LAUNCHER', 'gnome-keyring'), ('SSH_AUTH_SOCK', '/run/user/1000/keyring/ssh'), ('AMENT_PREFIX_PATH', '/home/qianw/EECE5554/LAB4/src/matlab_msg_gen/glnxa64/install:/home/qianw/EECE5554/LAB3/src/matlab_msg_gen/glnxa64/install:/home/qianw/MATLAB/R2024b/sys/ros2/glnxa64/ros2:/home/qianw/MATLAB/R2024b/sys/ros2/glnxa64/ros2'), ('SHELL', '/bin/bash'), ('CMAKE_PATH', '/home/qianw/MATLAB/R2024b/bin/glnxa64/cmake/bin'), ('XFILESEARCHPATH', '/home/qianw/MATLAB/R2024b/sys/java/jre/glnxa64/jre/lib/locale/%L/%T/%N%S:'), ('QT_ACCESSIBILITY', '1'), ('GDMSESSION', 'ubuntu'), ('OSG_LD_LIBRARY_PATH', '/home/qianw/MATLAB/R2024b/sys/openscenegraph/lib/glnxa64'), ('VIRTUAL_ENV', '/home/qianw/.matlab/R2024b/ros2/glnxa64/venv'), ('CUSTOM_PATH', ''), ('KMP_STACKSIZE', '512k'), ('QT_IM_MODULE', 'ibus'), ('PWD', '/home/qianw/EECE5554/LAB4/src/matlab_msg_gen/glnxa64/build/imu_interface'), ('XDG_CONFIG_DIRS', '/etc/xdg/xdg-ubuntu:/etc/xdg'), ('DYLD_LIBRARY_PATH', ':/home/qianw/MATLAB/R2024b/sys/ros2/glnxa64/ros2/lib:'), ('DBUS_STARTER_ADDRESS', 'unix:path=/run/user/1000/bus,guid=1474c47e612689c2683acc2967edbc42'), ('XDG_DATA_DIRS', '/usr/share/ubuntu:/usr/local/share/:/usr/share/:/var/lib/snapd/desktop'), ('MKL_NUM_THREADS', ''), ('MW_PATCH_OFFSETS', '0000117000002EA0'), ('PYTHONPATH', ':/home/qianw/MATLAB/R2024b/sys/ros2/glnxa64/ros2/lib/python3.9/site-packages:/home/qianw/.matlab/R2024b/ros2/glnxa64/venv/lib/python3.10/site-packages:'), ('LC_NUMERIC', 'C'), ('COLCON', '1'), ('VTE_VERSION', '6800'), ('CMAKE_PREFIX_PATH', '/home/qianw/EECE5554/LAB4/src/matlab_msg_gen/glnxa64/install:/home/qianw/EECE5554/LAB3/src/matlab_msg_gen/glnxa64/install:/home/qianw/MATLAB/R2024b/sys/ros2/glnxa64/ros2:/home/qianw/MATLAB/R2024b/sys/ros2/glnxa64/ros2')]), 'shell': False}
[3.658944] (imu_interface) StdoutLine: {'line': b'-- Install configuration: "Release"\n'}
[3.659501] (imu_interface) StdoutLine: {'line': b'-- Up-to-date: /home/qianw/EECE5554/LAB4/src/matlab_msg_gen/glnxa64/install/share/ament_index/resource_index/rosidl_interfaces/imu_interface\n'}
[3.659674] (imu_interface) StdoutLine: {'line': b'-- Up-to-date: /home/qianw/EECE5554/LAB4/src/matlab_msg_gen/glnxa64/install/include/imu_interface/imu_interface\n'}
[3.659812] (imu_interface) StdoutLine: {'line': b'-- Up-to-date: /home/qianw/EECE5554/LAB4/src/matlab_msg_gen/glnxa64/install/include/imu_interface/imu_interface/msg\n'}
[3.659926] (imu_interface) StdoutLine: {'line': b'-- Up-to-date: /home/qianw/EECE5554/LAB4/src/matlab_msg_gen/glnxa64/install/include/imu_interface/imu_interface/msg/detail\n'}
[3.660008] (imu_interface) StdoutLine: {'line': b'-- Up-to-date: /home/qianw/EECE5554/LAB4/src/matlab_msg_gen/glnxa64/install/include/imu_interface/imu_interface/msg/detail/im_umsg__struct.h\n'}
[3.660086] (imu_interface) StdoutLine: {'line': b'-- Up-to-date: /home/qianw/EECE5554/LAB4/src/matlab_msg_gen/glnxa64/install/include/imu_interface/imu_interface/msg/detail/im_umsg__type_support.h\n'}
[3.660164] (imu_interface) StdoutLine: {'line': b'-- Up-to-date: /home/qianw/EECE5554/LAB4/src/matlab_msg_gen/glnxa64/install/include/imu_interface/imu_interface/msg/detail/im_umsg__functions.h\n'}
[3.660242] (imu_interface) StdoutLine: {'line': b'-- Up-to-date: /home/qianw/EECE5554/LAB4/src/matlab_msg_gen/glnxa64/install/include/imu_interface/imu_interface/msg/detail/im_umsg__functions.c\n'}
[3.660330] (imu_interface) StdoutLine: {'line': b'-- Up-to-date: /home/qianw/EECE5554/LAB4/src/matlab_msg_gen/glnxa64/install/include/imu_interface/imu_interface/msg/rosidl_generator_c__visibility_control.h\n'}
[3.660411] (imu_interface) StdoutLine: {'line': b'-- Up-to-date: /home/qianw/EECE5554/LAB4/src/matlab_msg_gen/glnxa64/install/include/imu_interface/imu_interface/msg/im_umsg.h\n'}
[3.660607] (imu_interface) StdoutLine: {'line': b'-- Up-to-date: /home/qianw/EECE5554/LAB4/src/matlab_msg_gen/glnxa64/install/share/imu_interface/environment/library_path.sh\n'}
[3.660764] (imu_interface) StdoutLine: {'line': b'-- Installing: /home/qianw/EECE5554/LAB4/src/matlab_msg_gen/glnxa64/install/share/imu_interface/environment/library_path.dsv\n'}
[3.660918] (imu_interface) StdoutLine: {'line': b'-- Up-to-date: /home/qianw/EECE5554/LAB4/src/matlab_msg_gen/glnxa64/install/lib/libimu_interface__rosidl_generator_c.so\n'}
[3.661006] (imu_interface) StdoutLine: {'line': b'-- Up-to-date: /home/qianw/EECE5554/LAB4/src/matlab_msg_gen/glnxa64/install/include/imu_interface/imu_interface\n'}
[3.661086] (imu_interface) StdoutLine: {'line': b'-- Up-to-date: /home/qianw/EECE5554/LAB4/src/matlab_msg_gen/glnxa64/install/include/imu_interface/imu_interface/msg\n'}
[3.661166] (imu_interface) StdoutLine: {'line': b'-- Up-to-date: /home/qianw/EECE5554/LAB4/src/matlab_msg_gen/glnxa64/install/include/imu_interface/imu_interface/msg/detail\n'}
[3.661243] (imu_interface) StdoutLine: {'line': b'-- Up-to-date: /home/qianw/EECE5554/LAB4/src/matlab_msg_gen/glnxa64/install/include/imu_interface/imu_interface/msg/detail/im_umsg__rosidl_typesupport_fastrtps_c.h\n'}
[3.661445] (imu_interface) StdoutLine: {'line': b'-- Up-to-date: /home/qianw/EECE5554/LAB4/src/matlab_msg_gen/glnxa64/install/include/imu_interface/imu_interface/msg/rosidl_typesupport_fastrtps_c__visibility_control.h\n'}
[3.662023] (imu_interface) StdoutLine: {'line': b'-- Up-to-date: /home/qianw/EECE5554/LAB4/src/matlab_msg_gen/glnxa64/install/lib/libimu_interface__rosidl_typesupport_fastrtps_c.so\n'}
[3.662154] (imu_interface) StdoutLine: {'line': b'-- Up-to-date: /home/qianw/EECE5554/LAB4/src/matlab_msg_gen/glnxa64/install/include/imu_interface/imu_interface\n'}
[3.662244] (imu_interface) StdoutLine: {'line': b'-- Up-to-date: /home/qianw/EECE5554/LAB4/src/matlab_msg_gen/glnxa64/install/include/imu_interface/imu_interface/msg\n'}
[3.662328] (imu_interface) StdoutLine: {'line': b'-- Up-to-date: /home/qianw/EECE5554/LAB4/src/matlab_msg_gen/glnxa64/install/include/imu_interface/imu_interface/msg/detail\n'}
[3.663367] (imu_interface) StdoutLine: {'line': b'-- Up-to-date: /home/qianw/EECE5554/LAB4/src/matlab_msg_gen/glnxa64/install/include/imu_interface/imu_interface/msg/detail/im_umsg__rosidl_typesupport_introspection_c.h\n'}
[3.664419] (imu_interface) StdoutLine: {'line': b'-- Up-to-date: /home/qianw/EECE5554/LAB4/src/matlab_msg_gen/glnxa64/install/include/imu_interface/imu_interface/msg/detail/im_umsg__type_support.c\n'}
[3.664825] (imu_interface) StdoutLine: {'line': b'-- Up-to-date: /home/qianw/EECE5554/LAB4/src/matlab_msg_gen/glnxa64/install/include/imu_interface/imu_interface/msg/rosidl_typesupport_introspection_c__visibility_control.h\n'}
[3.664940] (imu_interface) StdoutLine: {'line': b'-- Up-to-date: /home/qianw/EECE5554/LAB4/src/matlab_msg_gen/glnxa64/install/lib/libimu_interface__rosidl_typesupport_introspection_c.so\n'}
[3.665031] (imu_interface) StdoutLine: {'line': b'-- Up-to-date: /home/qianw/EECE5554/LAB4/src/matlab_msg_gen/glnxa64/install/lib/libimu_interface__rosidl_typesupport_c.so\n'}
[3.665119] (imu_interface) StdoutLine: {'line': b'-- Up-to-date: /home/qianw/EECE5554/LAB4/src/matlab_msg_gen/glnxa64/install/include/imu_interface/imu_interface\n'}
[3.665203] (imu_interface) StdoutLine: {'line': b'-- Up-to-date: /home/qianw/EECE5554/LAB4/src/matlab_msg_gen/glnxa64/install/include/imu_interface/imu_interface/msg\n'}
[3.665282] (imu_interface) StdoutLine: {'line': b'-- Up-to-date: /home/qianw/EECE5554/LAB4/src/matlab_msg_gen/glnxa64/install/include/imu_interface/imu_interface/msg/detail\n'}
[3.665362] (imu_interface) StdoutLine: {'line': b'-- Up-to-date: /home/qianw/EECE5554/LAB4/src/matlab_msg_gen/glnxa64/install/include/imu_interface/imu_interface/msg/detail/im_umsg__struct.hpp\n'}
[3.665466] (imu_interface) StdoutLine: {'line': b'-- Up-to-date: /home/qianw/EECE5554/LAB4/src/matlab_msg_gen/glnxa64/install/include/imu_interface/imu_interface/msg/detail/im_umsg__builder.hpp\n'}
[3.665558] (imu_interface) StdoutLine: {'line': b'-- Up-to-date: /home/qianw/EECE5554/LAB4/src/matlab_msg_gen/glnxa64/install/include/imu_interface/imu_interface/msg/detail/im_umsg__traits.hpp\n'}
[3.665757] (imu_interface) StdoutLine: {'line': b'-- Up-to-date: /home/qianw/EECE5554/LAB4/src/matlab_msg_gen/glnxa64/install/include/imu_interface/imu_interface/msg/im_umsg.hpp\n'}
[3.665888] (imu_interface) StdoutLine: {'line': b'-- Up-to-date: /home/qianw/EECE5554/LAB4/src/matlab_msg_gen/glnxa64/install/include/imu_interface/imu_interface\n'}
[3.665976] (imu_interface) StdoutLine: {'line': b'-- Up-to-date: /home/qianw/EECE5554/LAB4/src/matlab_msg_gen/glnxa64/install/include/imu_interface/imu_interface/msg\n'}
[3.666062] (imu_interface) StdoutLine: {'line': b'-- Up-to-date: /home/qianw/EECE5554/LAB4/src/matlab_msg_gen/glnxa64/install/include/imu_interface/imu_interface/msg/detail\n'}
[3.666433] (imu_interface) StdoutLine: {'line': b'-- Up-to-date: /home/qianw/EECE5554/LAB4/src/matlab_msg_gen/glnxa64/install/include/imu_interface/imu_interface/msg/detail/im_umsg__rosidl_typesupport_fastrtps_cpp.hpp\n'}
[3.667033] (imu_interface) StdoutLine: {'line': b'-- Up-to-date: /home/qianw/EECE5554/LAB4/src/matlab_msg_gen/glnxa64/install/include/imu_interface/imu_interface/msg/detail/dds_fastrtps\n'}
[3.667194] (imu_interface) StdoutLine: {'line': b'-- Up-to-date: /home/qianw/EECE5554/LAB4/src/matlab_msg_gen/glnxa64/install/include/imu_interface/imu_interface/msg/rosidl_typesupport_fastrtps_cpp__visibility_control.h\n'}
[3.667379] (imu_interface) StdoutLine: {'line': b'-- Up-to-date: /home/qianw/EECE5554/LAB4/src/matlab_msg_gen/glnxa64/install/lib/libimu_interface__rosidl_typesupport_fastrtps_cpp.so\n'}
[3.667935] (imu_interface) StdoutLine: {'line': b'-- Up-to-date: /home/qianw/EECE5554/LAB4/src/matlab_msg_gen/glnxa64/install/include/imu_interface/imu_interface\n'}
[3.668092] (imu_interface) StdoutLine: {'line': b'-- Up-to-date: /home/qianw/EECE5554/LAB4/src/matlab_msg_gen/glnxa64/install/include/imu_interface/imu_interface/msg\n'}
[3.668439] (imu_interface) StdoutLine: {'line': b'-- Up-to-date: /home/qianw/EECE5554/LAB4/src/matlab_msg_gen/glnxa64/install/include/imu_interface/imu_interface/msg/detail\n'}
[3.668582] (imu_interface) StdoutLine: {'line': b'-- Up-to-date: /home/qianw/EECE5554/LAB4/src/matlab_msg_gen/glnxa64/install/include/imu_interface/imu_interface/msg/detail/im_umsg__rosidl_typesupport_introspection_cpp.hpp\n'}
[3.668739] (imu_interface) StdoutLine: {'line': b'-- Up-to-date: /home/qianw/EECE5554/LAB4/src/matlab_msg_gen/glnxa64/install/include/imu_interface/imu_interface/msg/detail/im_umsg__type_support.cpp\n'}
[3.674150] (imu_interface) StdoutLine: {'line': b'-- Up-to-date: /home/qianw/EECE5554/LAB4/src/matlab_msg_gen/glnxa64/install/lib/libimu_interface__rosidl_typesupport_introspection_cpp.so\n'}
[3.674379] (imu_interface) StdoutLine: {'line': b'-- Up-to-date: /home/qianw/EECE5554/LAB4/src/matlab_msg_gen/glnxa64/install/lib/libimu_interface__rosidl_typesupport_cpp.so\n'}
[3.674664] (imu_interface) StdoutLine: {'line': b'-- Up-to-date: /home/qianw/EECE5554/LAB4/src/matlab_msg_gen/glnxa64/install/share/imu_interface/msg/IMUmsg.idl\n'}
[3.674843] (imu_interface) StdoutLine: {'line': b'-- Up-to-date: /home/qianw/EECE5554/LAB4/src/matlab_msg_gen/glnxa64/install/share/imu_interface/msg/IMUmsg.msg\n'}
[3.674943] (imu_interface) StdoutLine: {'line': b'-- Up-to-date: /home/qianw/EECE5554/LAB4/src/matlab_msg_gen/glnxa64/install/include\n'}
[3.675116] (imu_interface) StdoutLine: {'line': b'-- Up-to-date: /home/qianw/EECE5554/LAB4/src/matlab_msg_gen/glnxa64/install/include/imu_interface\n'}
[3.675209] (imu_interface) StdoutLine: {'line': b'-- Up-to-date: /home/qianw/EECE5554/LAB4/src/matlab_msg_gen/glnxa64/install/include/imu_interface/visibility_control.h\n'}
[3.675293] (imu_interface) StdoutLine: {'line': b'-- Up-to-date: /home/qianw/EECE5554/LAB4/src/matlab_msg_gen/glnxa64/install/lib/libimu_interface_matlab.so\n'}
[3.675376] (imu_interface) StdoutLine: {'line': b'-- Up-to-date: /home/qianw/EECE5554/LAB4/src/matlab_msg_gen/glnxa64/install/m/\n'}
[3.675459] (imu_interface) StdoutLine: {'line': b'-- Up-to-date: /home/qianw/EECE5554/LAB4/src/matlab_msg_gen/glnxa64/install/m//+ros\n'}
[3.675935] (imu_interface) StdoutLine: {'line': b'-- Up-to-date: /home/qianw/EECE5554/LAB4/src/matlab_msg_gen/glnxa64/install/m//+ros/+internal\n'}
[3.676095] (imu_interface) StdoutLine: {'line': b'-- Up-to-date: /home/qianw/EECE5554/LAB4/src/matlab_msg_gen/glnxa64/install/m//+ros/+internal/+ros2\n'}
[3.676190] (imu_interface) StdoutLine: {'line': b'-- Up-to-date: /home/qianw/EECE5554/LAB4/src/matlab_msg_gen/glnxa64/install/m//+ros/+internal/+ros2/+custommessages\n'}
[3.676291] (imu_interface) StdoutLine: {'line': b'-- Up-to-date: /home/qianw/EECE5554/LAB4/src/matlab_msg_gen/glnxa64/install/m//+ros/+internal/+ros2/+custommessages/+imu_interface\n'}
[3.676397] (imu_interface) StdoutLine: {'line': b'-- Up-to-date: /home/qianw/EECE5554/LAB4/src/matlab_msg_gen/glnxa64/install/m//+ros/+internal/+ros2/+custommessages/+imu_interface/iMUmsg.m\n'}
[3.676493] (imu_interface) StdoutLine: {'line': b'-- Up-to-date: /home/qianw/EECE5554/LAB4/src/matlab_msg_gen/glnxa64/install/share/ament_index/resource_index/package_run_dependencies/imu_interface\n'}
[3.676577] (imu_interface) StdoutLine: {'line': b'-- Installing: /home/qianw/EECE5554/LAB4/src/matlab_msg_gen/glnxa64/install/share/ament_index/resource_index/parent_prefix_path/imu_interface\n'}
[3.676655] (imu_interface) StdoutLine: {'line': b'-- Up-to-date: /home/qianw/EECE5554/LAB4/src/matlab_msg_gen/glnxa64/install/share/imu_interface/environment/ament_prefix_path.sh\n'}
[3.676745] (imu_interface) StdoutLine: {'line': b'-- Installing: /home/qianw/EECE5554/LAB4/src/matlab_msg_gen/glnxa64/install/share/imu_interface/environment/ament_prefix_path.dsv\n'}
[3.676835] (imu_interface) StdoutLine: {'line': b'-- Up-to-date: /home/qianw/EECE5554/LAB4/src/matlab_msg_gen/glnxa64/install/share/imu_interface/environment/path.sh\n'}
[3.676925] (imu_interface) StdoutLine: {'line': b'-- Installing: /home/qianw/EECE5554/LAB4/src/matlab_msg_gen/glnxa64/install/share/imu_interface/environment/path.dsv\n'}
[3.677027] (imu_interface) StdoutLine: {'line': b'-- Up-to-date: /home/qianw/EECE5554/LAB4/src/matlab_msg_gen/glnxa64/install/share/imu_interface/local_setup.bash\n'}
[3.677344] (imu_interface) StdoutLine: {'line': b'-- Up-to-date: /home/qianw/EECE5554/LAB4/src/matlab_msg_gen/glnxa64/install/share/imu_interface/local_setup.sh\n'}
[3.677620] (imu_interface) StdoutLine: {'line': b'-- Up-to-date: /home/qianw/EECE5554/LAB4/src/matlab_msg_gen/glnxa64/install/share/imu_interface/local_setup.zsh\n'}
[3.677752] (imu_interface) StdoutLine: {'line': b'-- Installing: /home/qianw/EECE5554/LAB4/src/matlab_msg_gen/glnxa64/install/share/imu_interface/local_setup.dsv\n'}
[3.677969] (imu_interface) StdoutLine: {'line': b'-- Installing: /home/qianw/EECE5554/LAB4/src/matlab_msg_gen/glnxa64/install/share/imu_interface/package.dsv\n'}
[3.678081] (imu_interface) StdoutLine: {'line': b'-- Up-to-date: /home/qianw/EECE5554/LAB4/src/matlab_msg_gen/glnxa64/install/share/ament_index/resource_index/packages/imu_interface\n'}
[3.678175] (imu_interface) StdoutLine: {'line': b'-- Up-to-date: /home/qianw/EECE5554/LAB4/src/matlab_msg_gen/glnxa64/install/share/imu_interface/cmake/export_imu_interface__rosidl_generator_cExport.cmake\n'}
[3.678286] (imu_interface) StdoutLine: {'line': b'-- Up-to-date: /home/qianw/EECE5554/LAB4/src/matlab_msg_gen/glnxa64/install/share/imu_interface/cmake/export_imu_interface__rosidl_generator_cExport-release.cmake\n'}
[3.678395] (imu_interface) StdoutLine: {'line': b'-- Up-to-date: /home/qianw/EECE5554/LAB4/src/matlab_msg_gen/glnxa64/install/share/imu_interface/cmake/export_imu_interface__rosidl_typesupport_fastrtps_cExport.cmake\n'}
[3.678603] (imu_interface) StdoutLine: {'line': b'-- Up-to-date: /home/qianw/EECE5554/LAB4/src/matlab_msg_gen/glnxa64/install/share/imu_interface/cmake/export_imu_interface__rosidl_typesupport_fastrtps_cExport-release.cmake\n'}
[3.678720] (imu_interface) StdoutLine: {'line': b'-- Up-to-date: /home/qianw/EECE5554/LAB4/src/matlab_msg_gen/glnxa64/install/share/imu_interface/cmake/imu_interface__rosidl_typesupport_introspection_cExport.cmake\n'}
[3.678956] (imu_interface) StdoutLine: {'line': b'-- Up-to-date: /home/qianw/EECE5554/LAB4/src/matlab_msg_gen/glnxa64/install/share/imu_interface/cmake/imu_interface__rosidl_typesupport_introspection_cExport-release.cmake\n'}
[3.679067] (imu_interface) StdoutLine: {'line': b'-- Up-to-date: /home/qianw/EECE5554/LAB4/src/matlab_msg_gen/glnxa64/install/share/imu_interface/cmake/imu_interface__rosidl_typesupport_cExport.cmake\n'}
[3.679187] (imu_interface) StdoutLine: {'line': b'-- Up-to-date: /home/qianw/EECE5554/LAB4/src/matlab_msg_gen/glnxa64/install/share/imu_interface/cmake/imu_interface__rosidl_typesupport_cExport-release.cmake\n'}
[3.679268] (imu_interface) StdoutLine: {'line': b'-- Up-to-date: /home/qianw/EECE5554/LAB4/src/matlab_msg_gen/glnxa64/install/share/imu_interface/cmake/export_imu_interface__rosidl_generator_cppExport.cmake\n'}
[3.679347] (imu_interface) StdoutLine: {'line': b'-- Up-to-date: /home/qianw/EECE5554/LAB4/src/matlab_msg_gen/glnxa64/install/share/imu_interface/cmake/export_imu_interface__rosidl_typesupport_fastrtps_cppExport.cmake\n'}
[3.679426] (imu_interface) StdoutLine: {'line': b'-- Up-to-date: /home/qianw/EECE5554/LAB4/src/matlab_msg_gen/glnxa64/install/share/imu_interface/cmake/export_imu_interface__rosidl_typesupport_fastrtps_cppExport-release.cmake\n'}
[3.679633] (imu_interface) StdoutLine: {'line': b'-- Up-to-date: /home/qianw/EECE5554/LAB4/src/matlab_msg_gen/glnxa64/install/share/imu_interface/cmake/imu_interface__rosidl_typesupport_introspection_cppExport.cmake\n'}
[3.679739] (imu_interface) StdoutLine: {'line': b'-- Up-to-date: /home/qianw/EECE5554/LAB4/src/matlab_msg_gen/glnxa64/install/share/imu_interface/cmake/imu_interface__rosidl_typesupport_introspection_cppExport-release.cmake\n'}
[3.679818] (imu_interface) StdoutLine: {'line': b'-- Up-to-date: /home/qianw/EECE5554/LAB4/src/matlab_msg_gen/glnxa64/install/share/imu_interface/cmake/imu_interface__rosidl_typesupport_cppExport.cmake\n'}
[3.679896] (imu_interface) StdoutLine: {'line': b'-- Up-to-date: /home/qianw/EECE5554/LAB4/src/matlab_msg_gen/glnxa64/install/share/imu_interface/cmake/imu_interface__rosidl_typesupport_cppExport-release.cmake\n'}
[3.679973] (imu_interface) StdoutLine: {'line': b'-- Up-to-date: /home/qianw/EECE5554/LAB4/src/matlab_msg_gen/glnxa64/install/share/imu_interface/cmake/rosidl_cmake-extras.cmake\n'}
[3.680062] (imu_interface) StdoutLine: {'line': b'-- Up-to-date: /home/qianw/EECE5554/LAB4/src/matlab_msg_gen/glnxa64/install/share/imu_interface/cmake/ament_cmake_export_dependencies-extras.cmake\n'}
[3.680142] (imu_interface) StdoutLine: {'line': b'-- Up-to-date: /home/qianw/EECE5554/LAB4/src/matlab_msg_gen/glnxa64/install/share/imu_interface/cmake/ament_cmake_export_include_directories-extras.cmake\n'}
[3.680221] (imu_interface) StdoutLine: {'line': b'-- Up-to-date: /home/qianw/EECE5554/LAB4/src/matlab_msg_gen/glnxa64/install/share/imu_interface/cmake/ament_cmake_export_libraries-extras.cmake\n'}
[3.680298] (imu_interface) StdoutLine: {'line': b'-- Up-to-date: /home/qianw/EECE5554/LAB4/src/matlab_msg_gen/glnxa64/install/share/imu_interface/cmake/ament_cmake_export_targets-extras.cmake\n'}
[3.680381] (imu_interface) StdoutLine: {'line': b'-- Up-to-date: /home/qianw/EECE5554/LAB4/src/matlab_msg_gen/glnxa64/install/share/imu_interface/cmake/rosidl_cmake_export_typesupport_targets-extras.cmake\n'}
[3.680465] (imu_interface) StdoutLine: {'line': b'-- Up-to-date: /home/qianw/EECE5554/LAB4/src/matlab_msg_gen/glnxa64/install/share/imu_interface/cmake/rosidl_cmake_export_typesupport_libraries-extras.cmake\n'}
[3.680546] (imu_interface) StdoutLine: {'line': b'-- Up-to-date: /home/qianw/EECE5554/LAB4/src/matlab_msg_gen/glnxa64/install/share/imu_interface/cmake/imu_interfaceConfig.cmake\n'}
[3.680625] (imu_interface) StdoutLine: {'line': b'-- Up-to-date: /home/qianw/EECE5554/LAB4/src/matlab_msg_gen/glnxa64/install/share/imu_interface/cmake/imu_interfaceConfig-version.cmake\n'}
[3.680704] (imu_interface) StdoutLine: {'line': b'-- Installing: /home/qianw/EECE5554/LAB4/src/matlab_msg_gen/glnxa64/install/share/imu_interface/package.xml\n'}
[3.688095] (imu_interface) CommandEnded: {'returncode': 0}
[3.734925] (-) TimerEvent: {}
[3.840604] (-) TimerEvent: {}
[3.862391] (imu_interface) JobEnded: {'identifier': 'imu_interface', 'rc': 0}
[3.863118] (-) EventReactorShutdown: {}
