[0.028s] Invoking command in '/root/ros2_ws/build/my_package': CMAKE_PREFIX_PATH=/opt/ros/humble /usr/bin/cmake /root/ros2_ws/src/my_package -DCMAKE_INSTALL_PREFIX=/root/ros2_ws/install/my_package
[0.127s] -- The C compiler identification is GNU 11.4.0
[0.255s] -- The CXX compiler identification is GNU 11.4.0
[0.275s] -- Detecting C compiler ABI info
[0.408s] -- Detecting C compiler ABI info - done
[0.422s] -- Check for working C compiler: /usr/bin/cc - skipped
[0.423s] -- Detecting C compile features
[0.425s] -- Detecting C compile features - done
[0.428s] -- Detecting CXX compiler ABI info
[0.594s] -- Detecting CXX compiler ABI info - done
[0.609s] -- Check for working CXX compiler: /usr/bin/c++ - skipped
[0.610s] -- Detecting CXX compile features
[0.611s] -- Detecting CXX compile features - done
[0.616s] -- Found ament_cmake: 1.3.11 (/opt/ros/humble/share/ament_cmake/cmake)
[0.909s] -- Found Python3: /usr/bin/python3 (found version "3.10.12") found components: Interpreter 
[1.055s] -- Found ament_lint_auto: 0.12.11 (/opt/ros/humble/share/ament_lint_auto/cmake)
[1.225s] -- Added test 'cppcheck' to perform static code analysis on C / C++ code
[1.226s] -- Configured cppcheck include dirs: $<BUILD_INTERFACE:/root/ros2_ws/src/my_package/include>
[1.226s] -- Configured cppcheck exclude dirs and/or files: 
[1.228s] -- Added test 'lint_cmake' to check CMake code style
[1.230s] -- Added test 'uncrustify' to check C / C++ code style
[1.230s] -- Configured uncrustify additional arguments: 
[1.231s] -- Added test 'xmllint' to check XML markup files
[1.233s] -- Configuring done
[1.239s] -- Generating done
[1.244s] -- Build files have been written to: /root/ros2_ws/build/my_package
[1.247s] Invoked command in '/root/ros2_ws/build/my_package' returned '0': CMAKE_PREFIX_PATH=/opt/ros/humble /usr/bin/cmake /root/ros2_ws/src/my_package -DCMAKE_INSTALL_PREFIX=/root/ros2_ws/install/my_package
[1.250s] Invoking command in '/root/ros2_ws/build/my_package': CMAKE_PREFIX_PATH=/opt/ros/humble /usr/bin/cmake --build /root/ros2_ws/build/my_package -- -j8 -l8
[1.317s] [ 50%] [32mBuilding CXX object CMakeFiles/my_node.dir/src/my_node.cpp.o[0m
[1.368s] [100%] [32m[1mLinking CXX executable my_node[0m
[1.435s] [100%] Built target my_node
[1.458s] Invoked command in '/root/ros2_ws/build/my_package' returned '0': CMAKE_PREFIX_PATH=/opt/ros/humble /usr/bin/cmake --build /root/ros2_ws/build/my_package -- -j8 -l8
[1.461s] Invoking command in '/root/ros2_ws/build/my_package': CMAKE_PREFIX_PATH=/opt/ros/humble /usr/bin/cmake --install /root/ros2_ws/build/my_package
[1.472s] -- Install configuration: ""
[1.472s] -- Installing: /root/ros2_ws/install/my_package/lib/my_package/my_node
[1.473s] -- Installing: /root/ros2_ws/install/my_package/share/ament_index/resource_index/package_run_dependencies/my_package
[1.473s] -- Installing: /root/ros2_ws/install/my_package/share/ament_index/resource_index/parent_prefix_path/my_package
[1.474s] -- Installing: /root/ros2_ws/install/my_package/share/my_package/environment/ament_prefix_path.sh
[1.474s] -- Installing: /root/ros2_ws/install/my_package/share/my_package/environment/ament_prefix_path.dsv
[1.474s] -- Installing: /root/ros2_ws/install/my_package/share/my_package/environment/path.sh
[1.474s] -- Installing: /root/ros2_ws/install/my_package/share/my_package/environment/path.dsv
[1.474s] -- Installing: /root/ros2_ws/install/my_package/share/my_package/local_setup.bash
[1.474s] -- Installing: /root/ros2_ws/install/my_package/share/my_package/local_setup.sh
[1.475s] -- Installing: /root/ros2_ws/install/my_package/share/my_package/local_setup.zsh
[1.475s] -- Installing: /root/ros2_ws/install/my_package/share/my_package/local_setup.dsv
[1.475s] -- Installing: /root/ros2_ws/install/my_package/share/my_package/package.dsv
[1.475s] -- Installing: /root/ros2_ws/install/my_package/share/ament_index/resource_index/packages/my_package
[1.475s] -- Installing: /root/ros2_ws/install/my_package/share/my_package/cmake/my_packageConfig.cmake
[1.476s] -- Installing: /root/ros2_ws/install/my_package/share/my_package/cmake/my_packageConfig-version.cmake
[1.476s] -- Installing: /root/ros2_ws/install/my_package/share/my_package/package.xml
[1.479s] Invoked command in '/root/ros2_ws/build/my_package' returned '0': CMAKE_PREFIX_PATH=/opt/ros/humble /usr/bin/cmake --install /root/ros2_ws/build/my_package
