[1.460s] Invoking command in '/home/qianw/EECE5554/LAB4/src/gps_driver': CMAKE_PREFIX_PATH=/home/qianw/EECE5554/LAB4/src/install/gps_interface:/home/qianw/EECE5554/LAB4/src/install/imu_interface LD_LIBRARY_PATH=/home/qianw/EECE5554/LAB4/src/install/gps_interface/lib:/home/qianw/EECE5554/LAB4/src/install/imu_interface/lib:/opt/ros/humble/opt/rviz_ogre_vendor/lib:/opt/ros/humble/lib/x86_64-linux-gnu:/opt/ros/humble/lib PYTHONPATH=/home/qianw/EECE5554/LAB4/src/build/gps_driver/prefix_override:/usr/lib/python3/dist-packages/colcon_core/task/python/colcon_distutils_commands:/home/qianw/EECE5554/LAB4/src/install/gps_driver/lib/python3.10/site-packages:${PYTHONPATH} /usr/bin/python3 -W ignore:setup.py install is deprecated -W ignore:easy_install command is deprecated setup.py egg_info --egg-base ../build/gps_driver build --build-base /home/qianw/EECE5554/LAB4/src/build/gps_driver/build install --record /home/qianw/EECE5554/LAB4/src/build/gps_driver/install.log --single-version-externally-managed install_data
[1.874s] running egg_info
[1.875s] writing ../build/gps_driver/gps_driver.egg-info/PKG-INFO
[1.875s] writing dependency_links to ../build/gps_driver/gps_driver.egg-info/dependency_links.txt
[1.875s] writing entry points to ../build/gps_driver/gps_driver.egg-info/entry_points.txt
[1.876s] writing requirements to ../build/gps_driver/gps_driver.egg-info/requires.txt
[1.876s] writing top-level names to ../build/gps_driver/gps_driver.egg-info/top_level.txt
[1.879s] reading manifest file '../build/gps_driver/gps_driver.egg-info/SOURCES.txt'
[1.879s] adding license file 'LICENSE'
[1.880s] writing manifest file '../build/gps_driver/gps_driver.egg-info/SOURCES.txt'
[1.880s] running build
[1.881s] running build_py
[1.881s] running install
[1.882s] running install_lib
[1.884s] running install_data
[1.884s] running install_egg_info
[1.889s] removing '/home/qianw/EECE5554/LAB4/src/install/gps_driver/lib/python3.10/site-packages/gps_driver-0.0.0-py3.10.egg-info' (and everything under it)
[1.889s] Copying ../build/gps_driver/gps_driver.egg-info to /home/qianw/EECE5554/LAB4/src/install/gps_driver/lib/python3.10/site-packages/gps_driver-0.0.0-py3.10.egg-info
[1.890s] running install_scripts
[1.924s] Installing gps_driver script to /home/qianw/EECE5554/LAB4/src/install/gps_driver/lib/gps_driver
[1.924s] writing list of installed files to '/home/qianw/EECE5554/LAB4/src/build/gps_driver/install.log'
[1.962s] Invoked command in '/home/qianw/EECE5554/LAB4/src/gps_driver' returned '0': CMAKE_PREFIX_PATH=/home/qianw/EECE5554/LAB4/src/install/gps_interface:/home/qianw/EECE5554/LAB4/src/install/imu_interface LD_LIBRARY_PATH=/home/qianw/EECE5554/LAB4/src/install/gps_interface/lib:/home/qianw/EECE5554/LAB4/src/install/imu_interface/lib:/opt/ros/humble/opt/rviz_ogre_vendor/lib:/opt/ros/humble/lib/x86_64-linux-gnu:/opt/ros/humble/lib PYTHONPATH=/home/qianw/EECE5554/LAB4/src/build/gps_driver/prefix_override:/usr/lib/python3/dist-packages/colcon_core/task/python/colcon_distutils_commands:/home/qianw/EECE5554/LAB4/src/install/gps_driver/lib/python3.10/site-packages:${PYTHONPATH} /usr/bin/python3 -W ignore:setup.py install is deprecated -W ignore:easy_install command is deprecated setup.py egg_info --egg-base ../build/gps_driver build --build-base /home/qianw/EECE5554/LAB4/src/build/gps_driver/build install --record /home/qianw/EECE5554/LAB4/src/build/gps_driver/install.log --single-version-externally-managed install_data
