[0.168s] DEBUG:colcon:Command line arguments: ['/usr/bin/colcon', 'build']
[0.168s] DEBUG:colcon:Parsed command line arguments: Namespace(log_base=None, log_level=None, verb_name='build', build_base='build', install_base='install', merge_install=False, symlink_install=False, test_result_base=None, continue_on_error=False, executor='parallel', parallel_workers=8, event_handlers=None, ignore_user_meta=False, metas=['./colcon.meta'], base_paths=['.'], packages_ignore=None, packages_ignore_regex=None, paths=None, packages_up_to=None, packages_up_to_regex=None, packages_above=None, packages_above_and_dependencies=None, packages_above_depth=None, packages_select_by_dep=None, packages_skip_by_dep=None, packages_skip_up_to=None, packages_select_build_failed=False, packages_skip_build_finished=False, packages_select_test_failures=False, packages_skip_test_passed=False, packages_select=None, packages_skip=None, packages_select_regex=None, packages_skip_regex=None, packages_start=None, packages_end=None, allow_overriding=[], cmake_args=None, cmake_target=None, cmake_target_skip_unavailable=False, cmake_clean_cache=False, cmake_clean_first=False, cmake_force_configure=False, ament_cmake_args=None, catkin_cmake_args=None, catkin_skip_building_tests=False, mixin_files=None, mixin=None, verb_parser=<colcon_mixin.mixin.mixin_argument.MixinArgumentDecorator object at 0x737b3d94d870>, verb_extension=<colcon_core.verb.build.BuildVerb object at 0x737b3d94c820>, main=<bound method BuildVerb.main of <colcon_core.verb.build.BuildVerb object at 0x737b3d94c820>>, mixin_verb=('build',))
[0.424s] Level 1:colcon.colcon_core.package_discovery:discover_packages(colcon_meta) check parameters
[0.424s] Level 1:colcon.colcon_core.package_discovery:discover_packages(recursive) check parameters
[0.424s] Level 1:colcon.colcon_core.package_discovery:discover_packages(ignore) check parameters
[0.424s] Level 1:colcon.colcon_core.package_discovery:discover_packages(path) check parameters
[0.424s] Level 1:colcon.colcon_core.package_discovery:discover_packages(colcon_meta) discover
[0.424s] Level 1:colcon.colcon_core.package_discovery:discover_packages(recursive) discover
[0.425s] INFO:colcon.colcon_core.package_discovery:Crawling recursively for packages in '/home/qianw/EECE5554/LAB1'
[0.425s] Level 1:colcon.colcon_core.package_identification:_identify(.) by extensions ['ignore', 'ignore_ament_install']
[0.425s] Level 1:colcon.colcon_core.package_identification:_identify(.) by extension 'ignore'
[0.425s] Level 1:colcon.colcon_core.package_identification:_identify(.) by extension 'ignore_ament_install'
[0.425s] Level 1:colcon.colcon_core.package_identification:_identify(.) by extensions ['colcon_pkg']
[0.425s] Level 1:colcon.colcon_core.package_identification:_identify(.) by extension 'colcon_pkg'
[0.425s] Level 1:colcon.colcon_core.package_identification:_identify(.) by extensions ['colcon_meta']
[0.425s] Level 1:colcon.colcon_core.package_identification:_identify(.) by extension 'colcon_meta'
[0.425s] Level 1:colcon.colcon_core.package_identification:_identify(.) by extensions ['ros']
[0.425s] Level 1:colcon.colcon_core.package_identification:_identify(.) by extension 'ros'
[0.442s] Level 1:colcon.colcon_core.package_identification:_identify(.) by extensions ['cmake', 'python']
[0.442s] Level 1:colcon.colcon_core.package_identification:_identify(.) by extension 'cmake'
[0.442s] Level 1:colcon.colcon_core.package_identification:_identify(.) by extension 'python'
[0.442s] Level 1:colcon.colcon_core.package_identification:_identify(.) by extensions ['python_setup_py']
[0.442s] Level 1:colcon.colcon_core.package_identification:_identify(.) by extension 'python_setup_py'
[0.443s] Level 1:colcon.colcon_core.package_identification:_identify(build) by extensions ['ignore', 'ignore_ament_install']
[0.443s] Level 1:colcon.colcon_core.package_identification:_identify(build) by extension 'ignore'
[0.443s] Level 1:colcon.colcon_core.package_identification:_identify(build) ignored
[0.443s] Level 1:colcon.colcon_core.package_identification:_identify(install) by extensions ['ignore', 'ignore_ament_install']
[0.443s] Level 1:colcon.colcon_core.package_identification:_identify(install) by extension 'ignore'
[0.443s] Level 1:colcon.colcon_core.package_identification:_identify(install) ignored
[0.443s] Level 1:colcon.colcon_core.package_identification:_identify(log) by extensions ['ignore', 'ignore_ament_install']
[0.443s] Level 1:colcon.colcon_core.package_identification:_identify(log) by extension 'ignore'
[0.444s] Level 1:colcon.colcon_core.package_identification:_identify(log) ignored
[0.444s] Level 1:colcon.colcon_core.package_identification:_identify(src) by extensions ['ignore', 'ignore_ament_install']
[0.444s] Level 1:colcon.colcon_core.package_identification:_identify(src) by extension 'ignore'
[0.444s] Level 1:colcon.colcon_core.package_identification:_identify(src) by extension 'ignore_ament_install'
[0.444s] Level 1:colcon.colcon_core.package_identification:_identify(src) by extensions ['colcon_pkg']
[0.444s] Level 1:colcon.colcon_core.package_identification:_identify(src) by extension 'colcon_pkg'
[0.444s] Level 1:colcon.colcon_core.package_identification:_identify(src) by extensions ['colcon_meta']
[0.444s] Level 1:colcon.colcon_core.package_identification:_identify(src) by extension 'colcon_meta'
[0.444s] Level 1:colcon.colcon_core.package_identification:_identify(src) by extensions ['ros']
[0.444s] Level 1:colcon.colcon_core.package_identification:_identify(src) by extension 'ros'
[0.444s] Level 1:colcon.colcon_core.package_identification:_identify(src) by extensions ['cmake', 'python']
[0.445s] Level 1:colcon.colcon_core.package_identification:_identify(src) by extension 'cmake'
[0.445s] Level 1:colcon.colcon_core.package_identification:_identify(src) by extension 'python'
[0.445s] Level 1:colcon.colcon_core.package_identification:_identify(src) by extensions ['python_setup_py']
[0.445s] Level 1:colcon.colcon_core.package_identification:_identify(src) by extension 'python_setup_py'
[0.445s] Level 1:colcon.colcon_core.package_identification:_identify(src/analysis scripts) by extensions ['ignore', 'ignore_ament_install']
[0.445s] Level 1:colcon.colcon_core.package_identification:_identify(src/analysis scripts) by extension 'ignore'
[0.445s] Level 1:colcon.colcon_core.package_identification:_identify(src/analysis scripts) by extension 'ignore_ament_install'
[0.445s] Level 1:colcon.colcon_core.package_identification:_identify(src/analysis scripts) by extensions ['colcon_pkg']
[0.445s] Level 1:colcon.colcon_core.package_identification:_identify(src/analysis scripts) by extension 'colcon_pkg'
[0.445s] Level 1:colcon.colcon_core.package_identification:_identify(src/analysis scripts) by extensions ['colcon_meta']
[0.445s] Level 1:colcon.colcon_core.package_identification:_identify(src/analysis scripts) by extension 'colcon_meta'
[0.445s] Level 1:colcon.colcon_core.package_identification:_identify(src/analysis scripts) by extensions ['ros']
[0.446s] Level 1:colcon.colcon_core.package_identification:_identify(src/analysis scripts) by extension 'ros'
[0.446s] Level 1:colcon.colcon_core.package_identification:_identify(src/analysis scripts) by extensions ['cmake', 'python']
[0.446s] Level 1:colcon.colcon_core.package_identification:_identify(src/analysis scripts) by extension 'cmake'
[0.446s] Level 1:colcon.colcon_core.package_identification:_identify(src/analysis scripts) by extension 'python'
[0.446s] Level 1:colcon.colcon_core.package_identification:_identify(src/analysis scripts) by extensions ['python_setup_py']
[0.446s] Level 1:colcon.colcon_core.package_identification:_identify(src/analysis scripts) by extension 'python_setup_py'
[0.446s] Level 1:colcon.colcon_core.package_identification:_identify(src/gps_driver) by extensions ['ignore', 'ignore_ament_install']
[0.446s] Level 1:colcon.colcon_core.package_identification:_identify(src/gps_driver) by extension 'ignore'
[0.446s] Level 1:colcon.colcon_core.package_identification:_identify(src/gps_driver) by extension 'ignore_ament_install'
[0.446s] Level 1:colcon.colcon_core.package_identification:_identify(src/gps_driver) by extensions ['colcon_pkg']
[0.446s] Level 1:colcon.colcon_core.package_identification:_identify(src/gps_driver) by extension 'colcon_pkg'
[0.446s] Level 1:colcon.colcon_core.package_identification:_identify(src/gps_driver) by extensions ['colcon_meta']
[0.446s] Level 1:colcon.colcon_core.package_identification:_identify(src/gps_driver) by extension 'colcon_meta'
[0.447s] Level 1:colcon.colcon_core.package_identification:_identify(src/gps_driver) by extensions ['ros']
[0.447s] Level 1:colcon.colcon_core.package_identification:_identify(src/gps_driver) by extension 'ros'
[0.450s] DEBUG:colcon.colcon_core.package_identification:Package 'src/gps_driver' with type 'ros.ament_python' and name 'gps_driver'
[0.450s] Level 1:colcon.colcon_core.package_identification:_identify(src/gps_interface) by extensions ['ignore', 'ignore_ament_install']
[0.451s] Level 1:colcon.colcon_core.package_identification:_identify(src/gps_interface) by extension 'ignore'
[0.451s] Level 1:colcon.colcon_core.package_identification:_identify(src/gps_interface) by extension 'ignore_ament_install'
[0.451s] Level 1:colcon.colcon_core.package_identification:_identify(src/gps_interface) by extensions ['colcon_pkg']
[0.451s] Level 1:colcon.colcon_core.package_identification:_identify(src/gps_interface) by extension 'colcon_pkg'
[0.451s] Level 1:colcon.colcon_core.package_identification:_identify(src/gps_interface) by extensions ['colcon_meta']
[0.461s] Level 1:colcon.colcon_core.package_identification:_identify(src/gps_interface) by extension 'colcon_meta'
[0.461s] Level 1:colcon.colcon_core.package_identification:_identify(src/gps_interface) by extensions ['ros']
[0.461s] Level 1:colcon.colcon_core.package_identification:_identify(src/gps_interface) by extension 'ros'
[0.462s] DEBUG:colcon.colcon_core.package_identification:Package 'src/gps_interface' with type 'ros.ament_cmake' and name 'gps_interface'
[0.462s] Level 1:colcon.colcon_core.package_discovery:discover_packages(recursive) using defaults
[0.462s] Level 1:colcon.colcon_core.package_discovery:discover_packages(ignore) discover
[0.462s] Level 1:colcon.colcon_core.package_discovery:discover_packages(ignore) using defaults
[0.462s] Level 1:colcon.colcon_core.package_discovery:discover_packages(path) discover
[0.462s] Level 1:colcon.colcon_core.package_discovery:discover_packages(path) using defaults
[0.503s] Level 1:colcon.colcon_core.package_discovery:discover_packages(prefix_path) check parameters
[0.503s] Level 1:colcon.colcon_core.package_discovery:discover_packages(prefix_path) discover
[0.504s] WARNING:colcon.colcon_ros.prefix_path.ament:The path '/home/qianw/EECE5554/LAB1/install/gps_driver' in the environment variable AMENT_PREFIX_PATH doesn't exist
[0.504s] WARNING:colcon.colcon_ros.prefix_path.ament:The path '/home/qianw/EECE5554/LAB1/install/gps_interface' in the environment variable AMENT_PREFIX_PATH doesn't exist
[0.505s] WARNING:colcon.colcon_ros.prefix_path.catkin:The path '/home/qianw/EECE5554/LAB1/install/gps_interface' in the environment variable CMAKE_PREFIX_PATH doesn't exist
[0.506s] DEBUG:colcon.colcon_installed_package_information.package_discovery:Found 0 installed packages in /home/qianw/EECE5554/LAB1/install
[0.508s] DEBUG:colcon.colcon_installed_package_information.package_discovery:Found 271 installed packages in /opt/ros/humble
[0.510s] Level 1:colcon.colcon_core.package_discovery:discover_packages(prefix_path) using defaults
[0.568s] Level 5:colcon.colcon_core.verb:set package 'gps_interface' build argument 'cmake_args' from command line to 'None'
[0.569s] Level 5:colcon.colcon_core.verb:set package 'gps_interface' build argument 'cmake_target' from command line to 'None'
[0.569s] Level 5:colcon.colcon_core.verb:set package 'gps_interface' build argument 'cmake_target_skip_unavailable' from command line to 'False'
[0.569s] Level 5:colcon.colcon_core.verb:set package 'gps_interface' build argument 'cmake_clean_cache' from command line to 'False'
[0.569s] Level 5:colcon.colcon_core.verb:set package 'gps_interface' build argument 'cmake_clean_first' from command line to 'False'
[0.569s] Level 5:colcon.colcon_core.verb:set package 'gps_interface' build argument 'cmake_force_configure' from command line to 'False'
[0.569s] Level 5:colcon.colcon_core.verb:set package 'gps_interface' build argument 'ament_cmake_args' from command line to 'None'
[0.569s] Level 5:colcon.colcon_core.verb:set package 'gps_interface' build argument 'catkin_cmake_args' from command line to 'None'
[0.569s] Level 5:colcon.colcon_core.verb:set package 'gps_interface' build argument 'catkin_skip_building_tests' from command line to 'False'
[0.569s] DEBUG:colcon.colcon_core.verb:Building package 'gps_interface' with the following arguments: {'ament_cmake_args': None, 'build_base': '/home/qianw/EECE5554/LAB1/build/gps_interface', 'catkin_cmake_args': None, 'catkin_skip_building_tests': False, 'cmake_args': None, 'cmake_clean_cache': False, 'cmake_clean_first': False, 'cmake_force_configure': False, 'cmake_target': None, 'cmake_target_skip_unavailable': False, 'install_base': '/home/qianw/EECE5554/LAB1/install/gps_interface', 'merge_install': False, 'path': '/home/qianw/EECE5554/LAB1/src/gps_interface', 'symlink_install': False, 'test_result_base': None}
[0.570s] Level 5:colcon.colcon_core.verb:set package 'gps_driver' build argument 'cmake_args' from command line to 'None'
[0.570s] Level 5:colcon.colcon_core.verb:set package 'gps_driver' build argument 'cmake_target' from command line to 'None'
[0.570s] Level 5:colcon.colcon_core.verb:set package 'gps_driver' build argument 'cmake_target_skip_unavailable' from command line to 'False'
[0.570s] Level 5:colcon.colcon_core.verb:set package 'gps_driver' build argument 'cmake_clean_cache' from command line to 'False'
[0.570s] Level 5:colcon.colcon_core.verb:set package 'gps_driver' build argument 'cmake_clean_first' from command line to 'False'
[0.570s] Level 5:colcon.colcon_core.verb:set package 'gps_driver' build argument 'cmake_force_configure' from command line to 'False'
[0.570s] Level 5:colcon.colcon_core.verb:set package 'gps_driver' build argument 'ament_cmake_args' from command line to 'None'
[0.570s] Level 5:colcon.colcon_core.verb:set package 'gps_driver' build argument 'catkin_cmake_args' from command line to 'None'
[0.570s] Level 5:colcon.colcon_core.verb:set package 'gps_driver' build argument 'catkin_skip_building_tests' from command line to 'False'
[0.570s] DEBUG:colcon.colcon_core.verb:Building package 'gps_driver' with the following arguments: {'ament_cmake_args': None, 'build_base': '/home/qianw/EECE5554/LAB1/build/gps_driver', 'catkin_cmake_args': None, 'catkin_skip_building_tests': False, 'cmake_args': None, 'cmake_clean_cache': False, 'cmake_clean_first': False, 'cmake_force_configure': False, 'cmake_target': None, 'cmake_target_skip_unavailable': False, 'install_base': '/home/qianw/EECE5554/LAB1/install/gps_driver', 'merge_install': False, 'path': '/home/qianw/EECE5554/LAB1/src/gps_driver', 'symlink_install': False, 'test_result_base': None}
[0.570s] INFO:colcon.colcon_core.executor:Executing jobs using 'parallel' executor
[0.572s] DEBUG:colcon.colcon_parallel_executor.executor.parallel:run_until_complete
[0.572s] INFO:colcon.colcon_ros.task.ament_cmake.build:Building ROS package in '/home/qianw/EECE5554/LAB1/src/gps_interface' with build type 'ament_cmake'
[0.572s] INFO:colcon.colcon_cmake.task.cmake.build:Building CMake package in '/home/qianw/EECE5554/LAB1/src/gps_interface'
[0.576s] INFO:colcon.colcon_core.plugin_system:Skipping extension 'colcon_core.shell.bat': Not used on non-Windows systems
[0.576s] INFO:colcon.colcon_core.shell:Skip shell extension 'powershell' for command environment: Not usable outside of PowerShell
[0.576s] DEBUG:colcon.colcon_core.shell:Skip shell extension 'dsv' for command environment
[0.590s] DEBUG:colcon.colcon_core.event_handler.log_command:Invoking command in '/home/qianw/EECE5554/LAB1/build/gps_interface': CMAKE_PREFIX_PATH=${CMAKE_PREFIX_PATH}:/home/qianw/EECE5554/LAB1/install/gps_driver:/opt/ros/humble /usr/bin/cmake /home/qianw/EECE5554/LAB1/src/gps_interface -DCMAKE_INSTALL_PREFIX=/home/qianw/EECE5554/LAB1/install/gps_interface
[2.971s] DEBUG:colcon.colcon_core.event_handler.log_command:Invoked command in '/home/qianw/EECE5554/LAB1/build/gps_interface' returned '0': CMAKE_PREFIX_PATH=${CMAKE_PREFIX_PATH}:/home/qianw/EECE5554/LAB1/install/gps_driver:/opt/ros/humble /usr/bin/cmake /home/qianw/EECE5554/LAB1/src/gps_interface -DCMAKE_INSTALL_PREFIX=/home/qianw/EECE5554/LAB1/install/gps_interface
[2.972s] DEBUG:colcon.colcon_core.event_handler.log_command:Invoking command in '/home/qianw/EECE5554/LAB1/build/gps_interface': CMAKE_PREFIX_PATH=${CMAKE_PREFIX_PATH}:/home/qianw/EECE5554/LAB1/install/gps_driver:/opt/ros/humble /usr/bin/cmake --build /home/qianw/EECE5554/LAB1/build/gps_interface -- -j8 -l8
[5.959s] DEBUG:colcon.colcon_core.event_handler.log_command:Invoked command in '/home/qianw/EECE5554/LAB1/build/gps_interface' returned '0': CMAKE_PREFIX_PATH=${CMAKE_PREFIX_PATH}:/home/qianw/EECE5554/LAB1/install/gps_driver:/opt/ros/humble /usr/bin/cmake --build /home/qianw/EECE5554/LAB1/build/gps_interface -- -j8 -l8
[5.973s] DEBUG:colcon.colcon_core.event_handler.log_command:Invoking command in '/home/qianw/EECE5554/LAB1/build/gps_interface': CMAKE_PREFIX_PATH=${CMAKE_PREFIX_PATH}:/home/qianw/EECE5554/LAB1/install/gps_driver:/opt/ros/humble /usr/bin/cmake --install /home/qianw/EECE5554/LAB1/build/gps_interface
[6.071s] Level 1:colcon.colcon_core.environment:create_environment_scripts_only(gps_interface)
[6.072s] DEBUG:colcon.colcon_core.event_handler.log_command:Invoked command in '/home/qianw/EECE5554/LAB1/build/gps_interface' returned '0': CMAKE_PREFIX_PATH=${CMAKE_PREFIX_PATH}:/home/qianw/EECE5554/LAB1/install/gps_driver:/opt/ros/humble /usr/bin/cmake --install /home/qianw/EECE5554/LAB1/build/gps_interface
[6.076s] Level 1:colcon.colcon_core.environment:checking '/home/qianw/EECE5554/LAB1/install/gps_interface' for CMake module files
[6.077s] Level 1:colcon.colcon_core.environment:checking '/home/qianw/EECE5554/LAB1/install/gps_interface' for CMake config files
[6.078s] Level 1:colcon.colcon_core.shell:create_environment_hook('gps_interface', 'cmake_prefix_path')
[6.078s] INFO:colcon.colcon_core.shell:Creating environment hook '/home/qianw/EECE5554/LAB1/install/gps_interface/share/gps_interface/hook/cmake_prefix_path.ps1'
[6.079s] INFO:colcon.colcon_core.shell:Creating environment descriptor '/home/qianw/EECE5554/LAB1/install/gps_interface/share/gps_interface/hook/cmake_prefix_path.dsv'
[6.080s] INFO:colcon.colcon_core.shell:Creating environment hook '/home/qianw/EECE5554/LAB1/install/gps_interface/share/gps_interface/hook/cmake_prefix_path.sh'
[6.081s] Level 1:colcon.colcon_core.environment:checking '/home/qianw/EECE5554/LAB1/install/gps_interface/lib'
[6.081s] Level 1:colcon.colcon_core.shell:create_environment_hook('gps_interface', 'ld_library_path_lib')
[6.081s] INFO:colcon.colcon_core.shell:Creating environment hook '/home/qianw/EECE5554/LAB1/install/gps_interface/share/gps_interface/hook/ld_library_path_lib.ps1'
[6.082s] INFO:colcon.colcon_core.shell:Creating environment descriptor '/home/qianw/EECE5554/LAB1/install/gps_interface/share/gps_interface/hook/ld_library_path_lib.dsv'
[6.082s] INFO:colcon.colcon_core.shell:Creating environment hook '/home/qianw/EECE5554/LAB1/install/gps_interface/share/gps_interface/hook/ld_library_path_lib.sh'
[6.083s] Level 1:colcon.colcon_core.environment:checking '/home/qianw/EECE5554/LAB1/install/gps_interface/bin'
[6.083s] Level 1:colcon.colcon_core.environment:checking '/home/qianw/EECE5554/LAB1/install/gps_interface/lib/pkgconfig/gps_interface.pc'
[6.083s] Level 1:colcon.colcon_core.environment:checking '/home/qianw/EECE5554/LAB1/install/gps_interface/lib/python3.10/site-packages'
[6.084s] Level 1:colcon.colcon_core.environment:checking '/home/qianw/EECE5554/LAB1/install/gps_interface/bin'
[6.084s] INFO:colcon.colcon_core.shell:Creating package script '/home/qianw/EECE5554/LAB1/install/gps_interface/share/gps_interface/package.ps1'
[6.085s] INFO:colcon.colcon_core.shell:Creating package descriptor '/home/qianw/EECE5554/LAB1/install/gps_interface/share/gps_interface/package.dsv'
[6.086s] INFO:colcon.colcon_core.shell:Creating package script '/home/qianw/EECE5554/LAB1/install/gps_interface/share/gps_interface/package.sh'
[6.088s] INFO:colcon.colcon_core.shell:Creating package script '/home/qianw/EECE5554/LAB1/install/gps_interface/share/gps_interface/package.bash'
[6.088s] INFO:colcon.colcon_core.shell:Creating package script '/home/qianw/EECE5554/LAB1/install/gps_interface/share/gps_interface/package.zsh'
[6.089s] Level 1:colcon.colcon_core.environment:create_file_with_runtime_dependencies(/home/qianw/EECE5554/LAB1/install/gps_interface/share/colcon-core/packages/gps_interface)
[6.090s] Level 1:colcon.colcon_core.environment:create_environment_scripts_only(gps_interface)
[6.090s] Level 1:colcon.colcon_core.environment:checking '/home/qianw/EECE5554/LAB1/install/gps_interface' for CMake module files
[6.091s] Level 1:colcon.colcon_core.environment:checking '/home/qianw/EECE5554/LAB1/install/gps_interface' for CMake config files
[6.092s] Level 1:colcon.colcon_core.shell:create_environment_hook('gps_interface', 'cmake_prefix_path')
[6.092s] INFO:colcon.colcon_core.shell:Creating environment hook '/home/qianw/EECE5554/LAB1/install/gps_interface/share/gps_interface/hook/cmake_prefix_path.ps1'
[6.093s] INFO:colcon.colcon_core.shell:Creating environment descriptor '/home/qianw/EECE5554/LAB1/install/gps_interface/share/gps_interface/hook/cmake_prefix_path.dsv'
[6.093s] INFO:colcon.colcon_core.shell:Creating environment hook '/home/qianw/EECE5554/LAB1/install/gps_interface/share/gps_interface/hook/cmake_prefix_path.sh'
[6.094s] Level 1:colcon.colcon_core.environment:checking '/home/qianw/EECE5554/LAB1/install/gps_interface/lib'
[6.094s] Level 1:colcon.colcon_core.shell:create_environment_hook('gps_interface', 'ld_library_path_lib')
[6.095s] INFO:colcon.colcon_core.shell:Creating environment hook '/home/qianw/EECE5554/LAB1/install/gps_interface/share/gps_interface/hook/ld_library_path_lib.ps1'
[6.095s] INFO:colcon.colcon_core.shell:Creating environment descriptor '/home/qianw/EECE5554/LAB1/install/gps_interface/share/gps_interface/hook/ld_library_path_lib.dsv'
[6.096s] INFO:colcon.colcon_core.shell:Creating environment hook '/home/qianw/EECE5554/LAB1/install/gps_interface/share/gps_interface/hook/ld_library_path_lib.sh'
[6.097s] Level 1:colcon.colcon_core.environment:checking '/home/qianw/EECE5554/LAB1/install/gps_interface/bin'
[6.097s] Level 1:colcon.colcon_core.environment:checking '/home/qianw/EECE5554/LAB1/install/gps_interface/lib/pkgconfig/gps_interface.pc'
[6.097s] Level 1:colcon.colcon_core.environment:checking '/home/qianw/EECE5554/LAB1/install/gps_interface/lib/python3.10/site-packages'
[6.098s] Level 1:colcon.colcon_core.environment:checking '/home/qianw/EECE5554/LAB1/install/gps_interface/bin'
[6.098s] INFO:colcon.colcon_core.shell:Creating package script '/home/qianw/EECE5554/LAB1/install/gps_interface/share/gps_interface/package.ps1'
[6.099s] INFO:colcon.colcon_core.shell:Creating package descriptor '/home/qianw/EECE5554/LAB1/install/gps_interface/share/gps_interface/package.dsv'
[6.100s] INFO:colcon.colcon_core.shell:Creating package script '/home/qianw/EECE5554/LAB1/install/gps_interface/share/gps_interface/package.sh'
[6.101s] INFO:colcon.colcon_core.shell:Creating package script '/home/qianw/EECE5554/LAB1/install/gps_interface/share/gps_interface/package.bash'
[6.102s] INFO:colcon.colcon_core.shell:Creating package script '/home/qianw/EECE5554/LAB1/install/gps_interface/share/gps_interface/package.zsh'
[6.102s] Level 1:colcon.colcon_core.environment:create_file_with_runtime_dependencies(/home/qianw/EECE5554/LAB1/install/gps_interface/share/colcon-core/packages/gps_interface)
[6.103s] INFO:colcon.colcon_ros.task.ament_python.build:Building ROS package in '/home/qianw/EECE5554/LAB1/src/gps_driver' with build type 'ament_python'
[6.103s] Level 1:colcon.colcon_core.shell:create_environment_hook('gps_driver', 'ament_prefix_path')
[6.103s] INFO:colcon.colcon_core.shell:Creating environment hook '/home/qianw/EECE5554/LAB1/install/gps_driver/share/gps_driver/hook/ament_prefix_path.ps1'
[6.105s] INFO:colcon.colcon_core.shell:Creating environment descriptor '/home/qianw/EECE5554/LAB1/install/gps_driver/share/gps_driver/hook/ament_prefix_path.dsv'
[6.105s] INFO:colcon.colcon_core.shell:Creating environment hook '/home/qianw/EECE5554/LAB1/install/gps_driver/share/gps_driver/hook/ament_prefix_path.sh'
[6.106s] INFO:colcon.colcon_core.shell:Skip shell extension 'powershell' for command environment: Not usable outside of PowerShell
[6.106s] DEBUG:colcon.colcon_core.shell:Skip shell extension 'dsv' for command environment
[6.550s] INFO:colcon.colcon_core.task.python.build:Building Python package in '/home/qianw/EECE5554/LAB1/src/gps_driver'
[6.550s] INFO:colcon.colcon_core.shell:Skip shell extension 'powershell' for command environment: Not usable outside of PowerShell
[6.550s] DEBUG:colcon.colcon_core.shell:Skip shell extension 'dsv' for command environment
[7.083s] DEBUG:colcon.colcon_core.event_handler.log_command:Invoking command in '/home/qianw/EECE5554/LAB1/src/gps_driver': PYTHONPATH=/home/qianw/EECE5554/LAB1/build/gps_driver/prefix_override:/usr/lib/python3/dist-packages/colcon_core/task/python/colcon_distutils_commands:/home/qianw/EECE5554/LAB1/install/gps_driver/lib/python3.10/site-packages:${PYTHONPATH} /usr/bin/python3 -W ignore:setup.py install is deprecated -W ignore:easy_install command is deprecated setup.py egg_info --egg-base ../../build/gps_driver build --build-base /home/qianw/EECE5554/LAB1/build/gps_driver/build install --record /home/qianw/EECE5554/LAB1/build/gps_driver/install.log --single-version-externally-managed install_data
[7.538s] Level 1:colcon.colcon_core.environment:checking '/home/qianw/EECE5554/LAB1/install/gps_driver' for CMake module files
[7.539s] DEBUG:colcon.colcon_core.event_handler.log_command:Invoked command in '/home/qianw/EECE5554/LAB1/src/gps_driver' returned '0': PYTHONPATH=/home/qianw/EECE5554/LAB1/build/gps_driver/prefix_override:/usr/lib/python3/dist-packages/colcon_core/task/python/colcon_distutils_commands:/home/qianw/EECE5554/LAB1/install/gps_driver/lib/python3.10/site-packages:${PYTHONPATH} /usr/bin/python3 -W ignore:setup.py install is deprecated -W ignore:easy_install command is deprecated setup.py egg_info --egg-base ../../build/gps_driver build --build-base /home/qianw/EECE5554/LAB1/build/gps_driver/build install --record /home/qianw/EECE5554/LAB1/build/gps_driver/install.log --single-version-externally-managed install_data
[7.540s] Level 1:colcon.colcon_core.environment:checking '/home/qianw/EECE5554/LAB1/install/gps_driver' for CMake config files
[7.540s] Level 1:colcon.colcon_core.environment:checking '/home/qianw/EECE5554/LAB1/install/gps_driver/lib'
[7.540s] Level 1:colcon.colcon_core.environment:checking '/home/qianw/EECE5554/LAB1/install/gps_driver/bin'
[7.541s] Level 1:colcon.colcon_core.environment:checking '/home/qianw/EECE5554/LAB1/install/gps_driver/lib/pkgconfig/gps_driver.pc'
[7.541s] Level 1:colcon.colcon_core.environment:checking '/home/qianw/EECE5554/LAB1/install/gps_driver/lib/python3.10/site-packages'
[7.541s] Level 1:colcon.colcon_core.shell:create_environment_hook('gps_driver', 'pythonpath')
[7.541s] INFO:colcon.colcon_core.shell:Creating environment hook '/home/qianw/EECE5554/LAB1/install/gps_driver/share/gps_driver/hook/pythonpath.ps1'
[7.542s] INFO:colcon.colcon_core.shell:Creating environment descriptor '/home/qianw/EECE5554/LAB1/install/gps_driver/share/gps_driver/hook/pythonpath.dsv'
[7.543s] INFO:colcon.colcon_core.shell:Creating environment hook '/home/qianw/EECE5554/LAB1/install/gps_driver/share/gps_driver/hook/pythonpath.sh'
[7.543s] Level 1:colcon.colcon_core.environment:checking '/home/qianw/EECE5554/LAB1/install/gps_driver/bin'
[7.544s] Level 1:colcon.colcon_core.environment:create_environment_scripts_only(gps_driver)
[7.544s] INFO:colcon.colcon_core.shell:Creating package script '/home/qianw/EECE5554/LAB1/install/gps_driver/share/gps_driver/package.ps1'
[7.545s] INFO:colcon.colcon_core.shell:Creating package descriptor '/home/qianw/EECE5554/LAB1/install/gps_driver/share/gps_driver/package.dsv'
[7.545s] INFO:colcon.colcon_core.shell:Creating package script '/home/qianw/EECE5554/LAB1/install/gps_driver/share/gps_driver/package.sh'
[7.546s] INFO:colcon.colcon_core.shell:Creating package script '/home/qianw/EECE5554/LAB1/install/gps_driver/share/gps_driver/package.bash'
[7.547s] INFO:colcon.colcon_core.shell:Creating package script '/home/qianw/EECE5554/LAB1/install/gps_driver/share/gps_driver/package.zsh'
[7.547s] Level 1:colcon.colcon_core.environment:create_file_with_runtime_dependencies(/home/qianw/EECE5554/LAB1/install/gps_driver/share/colcon-core/packages/gps_driver)
[7.548s] DEBUG:colcon.colcon_parallel_executor.executor.parallel:closing loop
[7.549s] DEBUG:colcon.colcon_parallel_executor.executor.parallel:loop closed
[7.549s] DEBUG:colcon.colcon_parallel_executor.executor.parallel:run_until_complete finished with '0'
[7.549s] DEBUG:colcon.colcon_core.event_reactor:joining thread
[7.556s] INFO:colcon.colcon_core.plugin_system:Skipping extension 'colcon_notification.desktop_notification.terminal_notifier': Not used on non-Darwin systems
[7.556s] INFO:colcon.colcon_core.plugin_system:Skipping extension 'colcon_notification.desktop_notification.win32': Not used on non-Windows systems
[7.556s] INFO:colcon.colcon_notification.desktop_notification:Sending desktop notification using 'notify2'
[7.557s] DEBUG:colcon.colcon_notification.desktop_notification.notify2:Failed to initialize notify2: org.freedesktop.DBus.Error.NoReply: Did not receive a reply. Possible causes include: the remote application did not send a reply, the message bus security policy blocked the reply, the reply timeout expired, or the network connection was broken.
[7.557s] DEBUG:colcon.colcon_core.event_reactor:joined thread
[7.558s] INFO:colcon.colcon_core.shell:Creating prefix script '/home/qianw/EECE5554/LAB1/install/local_setup.ps1'
[7.559s] INFO:colcon.colcon_core.shell:Creating prefix util module '/home/qianw/EECE5554/LAB1/install/_local_setup_util_ps1.py'
[7.562s] INFO:colcon.colcon_core.shell:Creating prefix chain script '/home/qianw/EECE5554/LAB1/install/setup.ps1'
[7.563s] INFO:colcon.colcon_core.shell:Creating prefix script '/home/qianw/EECE5554/LAB1/install/local_setup.sh'
[7.565s] INFO:colcon.colcon_core.shell:Creating prefix util module '/home/qianw/EECE5554/LAB1/install/_local_setup_util_sh.py'
[7.566s] INFO:colcon.colcon_core.shell:Creating prefix chain script '/home/qianw/EECE5554/LAB1/install/setup.sh'
[7.568s] INFO:colcon.colcon_core.shell:Creating prefix script '/home/qianw/EECE5554/LAB1/install/local_setup.bash'
[7.569s] INFO:colcon.colcon_core.shell:Creating prefix chain script '/home/qianw/EECE5554/LAB1/install/setup.bash'
[7.571s] INFO:colcon.colcon_core.shell:Creating prefix script '/home/qianw/EECE5554/LAB1/install/local_setup.zsh'
[7.571s] INFO:colcon.colcon_core.shell:Creating prefix chain script '/home/qianw/EECE5554/LAB1/install/setup.zsh'
