[1.664s] DEBUG:colcon:Command line arguments: ['/home/qianw/.matlab/R2024b/ros2/glnxa64/venv/bin/colcon', 'build', '--merge-install', '--cmake-args', '-DCMAKE_BUILD_TYPE=Release', '-DCMAKE_SHARED_LINKER_FLAGS=-Wl,-no-as-needed', '-DBUILD_TESTING=OFF', '-DALIAS_ROS2_TF2=1', '-DCMAKE_CXX_FLAGS_RELEASE=-O0', '-G', 'Ninja', '-DCMAKE_C_COMPILER=/usr/bin/gcc', '-DCMAKE_CXX_COMPILER=/usr/bin/g++']
[1.664s] DEBUG:colcon:Parsed command line arguments: Namespace(log_base=None, log_level=None, verb_name='build', build_base='build', install_base='install', merge_install=True, symlink_install=False, test_result_base=None, continue_on_error=False, executor='parallel', parallel_workers=8, event_handlers=None, ignore_user_meta=False, metas=['./colcon.meta'], base_paths=['.'], packages_ignore=None, packages_ignore_regex=None, paths=None, packages_up_to=None, packages_up_to_regex=None, packages_above=None, packages_above_and_dependencies=None, packages_above_depth=None, packages_select_by_dep=None, packages_skip_by_dep=None, packages_skip_up_to=None, packages_select_build_failed=False, packages_skip_build_finished=False, packages_select_test_failures=False, packages_skip_test_passed=False, packages_select=None, packages_skip=None, packages_select_regex=None, packages_skip_regex=None, packages_start=None, packages_end=None, cmake_args=['-DCMAKE_BUILD_TYPE=Release', '-DCMAKE_SHARED_LINKER_FLAGS=-Wl,-no-as-needed', '-DBUILD_TESTING=OFF', '-DALIAS_ROS2_TF2=1', '-DCMAKE_CXX_FLAGS_RELEASE=-O0', '-G', 'Ninja', '-DCMAKE_C_COMPILER=/usr/bin/gcc', '-DCMAKE_CXX_COMPILER=/usr/bin/g++'], cmake_target=None, cmake_target_skip_unavailable=False, cmake_clean_cache=False, cmake_clean_first=False, cmake_force_configure=False, ament_cmake_args=None, catkin_cmake_args=None, catkin_skip_building_tests=False, verb_parser=<colcon_defaults.argument_parser.defaults.DefaultArgumentsDecorator object at 0x7bf5d32805b0>, verb_extension=<colcon_core.verb.build.BuildVerb object at 0x7bf5d33d7340>, main=<bound method BuildVerb.main of <colcon_core.verb.build.BuildVerb object at 0x7bf5d33d7340>>)
[1.886s] Level 1:colcon.colcon_core.package_discovery:discover_packages(colcon_meta) check parameters
[1.886s] Level 1:colcon.colcon_core.package_discovery:discover_packages(recursive) check parameters
[1.886s] Level 1:colcon.colcon_core.package_discovery:discover_packages(ignore) check parameters
[1.886s] Level 1:colcon.colcon_core.package_discovery:discover_packages(path) check parameters
[1.886s] Level 1:colcon.colcon_core.package_discovery:discover_packages(colcon_meta) discover
[1.886s] Level 1:colcon.colcon_core.package_discovery:discover_packages(recursive) discover
[1.886s] INFO:colcon.colcon_core.package_discovery:Crawling recursively for packages in '/home/qianw/EECE5554/LAB4/src/matlab_msg_gen/glnxa64'
[1.887s] Level 1:colcon.colcon_core.package_identification:_identify(.) by extensions ['ignore', 'ignore_ament_install']
[1.887s] Level 1:colcon.colcon_core.package_identification:_identify(.) by extension 'ignore'
[1.887s] Level 1:colcon.colcon_core.package_identification:_identify(.) by extension 'ignore_ament_install'
[1.887s] Level 1:colcon.colcon_core.package_identification:_identify(.) by extensions ['colcon_pkg']
[1.887s] Level 1:colcon.colcon_core.package_identification:_identify(.) by extension 'colcon_pkg'
[1.887s] Level 1:colcon.colcon_core.package_identification:_identify(.) by extensions ['colcon_meta']
[1.887s] Level 1:colcon.colcon_core.package_identification:_identify(.) by extension 'colcon_meta'
[1.887s] Level 1:colcon.colcon_core.package_identification:_identify(.) by extensions ['ros']
[1.888s] Level 1:colcon.colcon_core.package_identification:_identify(.) by extension 'ros'
[1.971s] Level 1:colcon.colcon_core.package_identification:_identify(.) by extensions ['cmake', 'python']
[1.972s] Level 1:colcon.colcon_core.package_identification:_identify(.) by extension 'cmake'
[1.972s] Level 1:colcon.colcon_core.package_identification:_identify(.) by extension 'python'
[1.972s] Level 1:colcon.colcon_core.package_identification:_identify(.) by extensions ['python_setup_py']
[1.973s] Level 1:colcon.colcon_core.package_identification:_identify(.) by extension 'python_setup_py'
[1.973s] Level 1:colcon.colcon_core.package_identification:_identify(build) by extensions ['ignore', 'ignore_ament_install']
[1.974s] Level 1:colcon.colcon_core.package_identification:_identify(build) by extension 'ignore'
[1.974s] Level 1:colcon.colcon_core.package_identification:_identify(build) ignored
[1.974s] Level 1:colcon.colcon_core.package_identification:_identify(install) by extensions ['ignore', 'ignore_ament_install']
[1.974s] Level 1:colcon.colcon_core.package_identification:_identify(install) by extension 'ignore'
[1.975s] Level 1:colcon.colcon_core.package_identification:_identify(install) ignored
[1.976s] Level 1:colcon.colcon_core.package_identification:_identify(log) by extensions ['ignore', 'ignore_ament_install']
[1.977s] Level 1:colcon.colcon_core.package_identification:_identify(log) by extension 'ignore'
[1.977s] Level 1:colcon.colcon_core.package_identification:_identify(log) ignored
[1.977s] Level 1:colcon.colcon_core.package_identification:_identify(src) by extensions ['ignore', 'ignore_ament_install']
[1.977s] Level 1:colcon.colcon_core.package_identification:_identify(src) by extension 'ignore'
[1.977s] Level 1:colcon.colcon_core.package_identification:_identify(src) by extension 'ignore_ament_install'
[1.978s] Level 1:colcon.colcon_core.package_identification:_identify(src) by extensions ['colcon_pkg']
[1.978s] Level 1:colcon.colcon_core.package_identification:_identify(src) by extension 'colcon_pkg'
[1.978s] Level 1:colcon.colcon_core.package_identification:_identify(src) by extensions ['colcon_meta']
[1.978s] Level 1:colcon.colcon_core.package_identification:_identify(src) by extension 'colcon_meta'
[1.978s] Level 1:colcon.colcon_core.package_identification:_identify(src) by extensions ['ros']
[1.978s] Level 1:colcon.colcon_core.package_identification:_identify(src) by extension 'ros'
[1.978s] Level 1:colcon.colcon_core.package_identification:_identify(src) by extensions ['cmake', 'python']
[1.978s] Level 1:colcon.colcon_core.package_identification:_identify(src) by extension 'cmake'
[1.978s] Level 1:colcon.colcon_core.package_identification:_identify(src) by extension 'python'
[1.978s] Level 1:colcon.colcon_core.package_identification:_identify(src) by extensions ['python_setup_py']
[1.979s] Level 1:colcon.colcon_core.package_identification:_identify(src) by extension 'python_setup_py'
[1.979s] Level 1:colcon.colcon_core.package_identification:_identify(src/gps_interface) by extensions ['ignore', 'ignore_ament_install']
[1.979s] Level 1:colcon.colcon_core.package_identification:_identify(src/gps_interface) by extension 'ignore'
[1.979s] Level 1:colcon.colcon_core.package_identification:_identify(src/gps_interface) by extension 'ignore_ament_install'
[1.979s] Level 1:colcon.colcon_core.package_identification:_identify(src/gps_interface) by extensions ['colcon_pkg']
[1.979s] Level 1:colcon.colcon_core.package_identification:_identify(src/gps_interface) by extension 'colcon_pkg'
[1.979s] Level 1:colcon.colcon_core.package_identification:_identify(src/gps_interface) by extensions ['colcon_meta']
[1.979s] Level 1:colcon.colcon_core.package_identification:_identify(src/gps_interface) by extension 'colcon_meta'
[1.980s] Level 1:colcon.colcon_core.package_identification:_identify(src/gps_interface) by extensions ['ros']
[1.980s] Level 1:colcon.colcon_core.package_identification:_identify(src/gps_interface) by extension 'ros'
[1.989s] DEBUG:colcon.colcon_core.package_identification:Package 'src/gps_interface' with type 'ros.ament_cmake' and name 'gps_interface'
[1.989s] Level 1:colcon.colcon_core.package_identification:_identify(src/imu_interface) by extensions ['ignore', 'ignore_ament_install']
[1.989s] Level 1:colcon.colcon_core.package_identification:_identify(src/imu_interface) by extension 'ignore'
[1.989s] Level 1:colcon.colcon_core.package_identification:_identify(src/imu_interface) by extension 'ignore_ament_install'
[1.990s] Level 1:colcon.colcon_core.package_identification:_identify(src/imu_interface) by extensions ['colcon_pkg']
[1.990s] Level 1:colcon.colcon_core.package_identification:_identify(src/imu_interface) by extension 'colcon_pkg'
[1.990s] Level 1:colcon.colcon_core.package_identification:_identify(src/imu_interface) by extensions ['colcon_meta']
[1.990s] Level 1:colcon.colcon_core.package_identification:_identify(src/imu_interface) by extension 'colcon_meta'
[1.990s] Level 1:colcon.colcon_core.package_identification:_identify(src/imu_interface) by extensions ['ros']
[1.990s] Level 1:colcon.colcon_core.package_identification:_identify(src/imu_interface) by extension 'ros'
[1.997s] DEBUG:colcon.colcon_core.package_identification:Package 'src/imu_interface' with type 'ros.ament_cmake' and name 'imu_interface'
[1.997s] Level 1:colcon.colcon_core.package_discovery:discover_packages(recursive) using defaults
[1.998s] Level 1:colcon.colcon_core.package_discovery:discover_packages(ignore) discover
[1.998s] Level 1:colcon.colcon_core.package_discovery:discover_packages(ignore) using defaults
[1.998s] Level 1:colcon.colcon_core.package_discovery:discover_packages(path) discover
[1.998s] Level 1:colcon.colcon_core.package_discovery:discover_packages(path) using defaults
[2.230s] Level 5:colcon.colcon_core.verb:set package 'gps_interface' build argument 'cmake_args' from command line to '['-DCMAKE_BUILD_TYPE=Release', '-DCMAKE_SHARED_LINKER_FLAGS=-Wl,-no-as-needed', '-DBUILD_TESTING=OFF', '-DALIAS_ROS2_TF2=1', '-DCMAKE_CXX_FLAGS_RELEASE=-O0', '-G', 'Ninja', '-DCMAKE_C_COMPILER=/usr/bin/gcc', '-DCMAKE_CXX_COMPILER=/usr/bin/g++']'
[2.231s] Level 5:colcon.colcon_core.verb:set package 'gps_interface' build argument 'cmake_target' from command line to 'None'
[2.231s] Level 5:colcon.colcon_core.verb:set package 'gps_interface' build argument 'cmake_target_skip_unavailable' from command line to 'False'
[2.231s] Level 5:colcon.colcon_core.verb:set package 'gps_interface' build argument 'cmake_clean_cache' from command line to 'False'
[2.231s] Level 5:colcon.colcon_core.verb:set package 'gps_interface' build argument 'cmake_clean_first' from command line to 'False'
[2.231s] Level 5:colcon.colcon_core.verb:set package 'gps_interface' build argument 'cmake_force_configure' from command line to 'False'
[2.231s] Level 5:colcon.colcon_core.verb:set package 'gps_interface' build argument 'ament_cmake_args' from command line to 'None'
[2.231s] Level 5:colcon.colcon_core.verb:set package 'gps_interface' build argument 'catkin_cmake_args' from command line to 'None'
[2.231s] Level 5:colcon.colcon_core.verb:set package 'gps_interface' build argument 'catkin_skip_building_tests' from command line to 'False'
[2.231s] DEBUG:colcon.colcon_core.verb:Building package 'gps_interface' with the following arguments: {'ament_cmake_args': None, 'build_base': '/home/qianw/EECE5554/LAB4/src/matlab_msg_gen/glnxa64/build/gps_interface', 'catkin_cmake_args': None, 'catkin_skip_building_tests': False, 'cmake_args': ['-DCMAKE_BUILD_TYPE=Release', '-DCMAKE_SHARED_LINKER_FLAGS=-Wl,-no-as-needed', '-DBUILD_TESTING=OFF', '-DALIAS_ROS2_TF2=1', '-DCMAKE_CXX_FLAGS_RELEASE=-O0', '-G', 'Ninja', '-DCMAKE_C_COMPILER=/usr/bin/gcc', '-DCMAKE_CXX_COMPILER=/usr/bin/g++'], 'cmake_clean_cache': False, 'cmake_clean_first': False, 'cmake_force_configure': False, 'cmake_target': None, 'cmake_target_skip_unavailable': False, 'install_base': '/home/qianw/EECE5554/LAB4/src/matlab_msg_gen/glnxa64/install', 'merge_install': True, 'path': '/home/qianw/EECE5554/LAB4/src/matlab_msg_gen/glnxa64/src/gps_interface', 'symlink_install': False, 'test_result_base': None}
[2.258s] Level 5:colcon.colcon_core.verb:set package 'imu_interface' build argument 'cmake_args' from command line to '['-DCMAKE_BUILD_TYPE=Release', '-DCMAKE_SHARED_LINKER_FLAGS=-Wl,-no-as-needed', '-DBUILD_TESTING=OFF', '-DALIAS_ROS2_TF2=1', '-DCMAKE_CXX_FLAGS_RELEASE=-O0', '-G', 'Ninja', '-DCMAKE_C_COMPILER=/usr/bin/gcc', '-DCMAKE_CXX_COMPILER=/usr/bin/g++']'
[2.259s] Level 5:colcon.colcon_core.verb:set package 'imu_interface' build argument 'cmake_target' from command line to 'None'
[2.259s] Level 5:colcon.colcon_core.verb:set package 'imu_interface' build argument 'cmake_target_skip_unavailable' from command line to 'False'
[2.259s] Level 5:colcon.colcon_core.verb:set package 'imu_interface' build argument 'cmake_clean_cache' from command line to 'False'
[2.259s] Level 5:colcon.colcon_core.verb:set package 'imu_interface' build argument 'cmake_clean_first' from command line to 'False'
[2.259s] Level 5:colcon.colcon_core.verb:set package 'imu_interface' build argument 'cmake_force_configure' from command line to 'False'
[2.259s] Level 5:colcon.colcon_core.verb:set package 'imu_interface' build argument 'ament_cmake_args' from command line to 'None'
[2.259s] Level 5:colcon.colcon_core.verb:set package 'imu_interface' build argument 'catkin_cmake_args' from command line to 'None'
[2.259s] Level 5:colcon.colcon_core.verb:set package 'imu_interface' build argument 'catkin_skip_building_tests' from command line to 'False'
[2.260s] DEBUG:colcon.colcon_core.verb:Building package 'imu_interface' with the following arguments: {'ament_cmake_args': None, 'build_base': '/home/qianw/EECE5554/LAB4/src/matlab_msg_gen/glnxa64/build/imu_interface', 'catkin_cmake_args': None, 'catkin_skip_building_tests': False, 'cmake_args': ['-DCMAKE_BUILD_TYPE=Release', '-DCMAKE_SHARED_LINKER_FLAGS=-Wl,-no-as-needed', '-DBUILD_TESTING=OFF', '-DALIAS_ROS2_TF2=1', '-DCMAKE_CXX_FLAGS_RELEASE=-O0', '-G', 'Ninja', '-DCMAKE_C_COMPILER=/usr/bin/gcc', '-DCMAKE_CXX_COMPILER=/usr/bin/g++'], 'cmake_clean_cache': False, 'cmake_clean_first': False, 'cmake_force_configure': False, 'cmake_target': None, 'cmake_target_skip_unavailable': False, 'install_base': '/home/qianw/EECE5554/LAB4/src/matlab_msg_gen/glnxa64/install', 'merge_install': True, 'path': '/home/qianw/EECE5554/LAB4/src/matlab_msg_gen/glnxa64/src/imu_interface', 'symlink_install': False, 'test_result_base': None}
[2.270s] INFO:colcon.colcon_core.executor:Executing jobs using 'parallel' executor
[2.330s] DEBUG:colcon.colcon_parallel_executor.executor.parallel:run_until_complete
[2.330s] INFO:colcon.colcon_ros.task.ament_cmake.build:Building ROS package in '/home/qianw/EECE5554/LAB4/src/matlab_msg_gen/glnxa64/src/gps_interface' with build type 'ament_cmake'
[2.331s] INFO:colcon.colcon_cmake.task.cmake.build:Building CMake package in '/home/qianw/EECE5554/LAB4/src/matlab_msg_gen/glnxa64/src/gps_interface'
[2.365s] INFO:colcon.colcon_core.plugin_system:Skipping extension 'colcon_core.shell.bat': Not used on non-Windows systems
[2.365s] INFO:colcon.colcon_core.shell:Skip shell extension 'powershell' for command environment: Not usable outside of PowerShell
[2.366s] DEBUG:colcon.colcon_core.shell:Skip shell extension 'dsv' for command environment
[2.443s] INFO:colcon.colcon_ros.task.ament_cmake.build:Building ROS package in '/home/qianw/EECE5554/LAB4/src/matlab_msg_gen/glnxa64/src/imu_interface' with build type 'ament_cmake'
[2.444s] INFO:colcon.colcon_cmake.task.cmake.build:Building CMake package in '/home/qianw/EECE5554/LAB4/src/matlab_msg_gen/glnxa64/src/imu_interface'
[2.469s] INFO:colcon.colcon_core.shell:Skip shell extension 'powershell' for command environment: Not usable outside of PowerShell
[2.470s] DEBUG:colcon.colcon_core.shell:Skip shell extension 'dsv' for command environment
[2.576s] DEBUG:colcon.colcon_core.event_handler.log_command:Invoking command in '/home/qianw/EECE5554/LAB4/src/matlab_msg_gen/glnxa64/build/gps_interface': PS1=(venv) VIRTUAL_ENV_PROMPT=(venv) /home/qianw/MATLAB/R2024b/bin/glnxa64/cmake/bin/cmake --build /home/qianw/EECE5554/LAB4/src/matlab_msg_gen/glnxa64/build/gps_interface -- -j8 -l8
[2.594s] DEBUG:colcon.colcon_core.event_handler.log_command:Invoking command in '/home/qianw/EECE5554/LAB4/src/matlab_msg_gen/glnxa64/build/imu_interface': PS1=(venv) VIRTUAL_ENV_PROMPT=(venv) /home/qianw/MATLAB/R2024b/bin/glnxa64/cmake/bin/cmake --build /home/qianw/EECE5554/LAB4/src/matlab_msg_gen/glnxa64/build/imu_interface -- -j8 -l8
[6.368s] DEBUG:colcon.colcon_core.event_handler.log_command:Invoked command in '/home/qianw/EECE5554/LAB4/src/matlab_msg_gen/glnxa64/build/gps_interface' returned '0': PS1=(venv) VIRTUAL_ENV_PROMPT=(venv) /home/qianw/MATLAB/R2024b/bin/glnxa64/cmake/bin/cmake --build /home/qianw/EECE5554/LAB4/src/matlab_msg_gen/glnxa64/build/gps_interface -- -j8 -l8
[6.435s] DEBUG:colcon.colcon_core.event_handler.log_command:Invoking command in '/home/qianw/EECE5554/LAB4/src/matlab_msg_gen/glnxa64/build/gps_interface': PS1=(venv) VIRTUAL_ENV_PROMPT=(venv) /home/qianw/MATLAB/R2024b/bin/glnxa64/cmake/bin/cmake --install /home/qianw/EECE5554/LAB4/src/matlab_msg_gen/glnxa64/build/gps_interface
[6.483s] Level 1:colcon.colcon_core.environment:create_environment_scripts_only(gps_interface)
[6.551s] Level 1:colcon.colcon_core.environment:checking '/home/qianw/EECE5554/LAB4/src/matlab_msg_gen/glnxa64/install' for CMake module files
[6.560s] DEBUG:colcon.colcon_core.event_handler.log_command:Invoked command in '/home/qianw/EECE5554/LAB4/src/matlab_msg_gen/glnxa64/build/gps_interface' returned '0': PS1=(venv) VIRTUAL_ENV_PROMPT=(venv) /home/qianw/MATLAB/R2024b/bin/glnxa64/cmake/bin/cmake --install /home/qianw/EECE5554/LAB4/src/matlab_msg_gen/glnxa64/build/gps_interface
[6.562s] Level 1:colcon.colcon_core.environment:checking '/home/qianw/EECE5554/LAB4/src/matlab_msg_gen/glnxa64/install' for CMake config files
[6.563s] Level 1:colcon.colcon_core.shell:create_environment_hook('gps_interface', 'cmake_prefix_path')
[6.576s] INFO:colcon.colcon_core.shell:Creating environment hook '/home/qianw/EECE5554/LAB4/src/matlab_msg_gen/glnxa64/install/share/gps_interface/hook/cmake_prefix_path.ps1'
[6.578s] INFO:colcon.colcon_core.shell:Creating environment descriptor '/home/qianw/EECE5554/LAB4/src/matlab_msg_gen/glnxa64/install/share/gps_interface/hook/cmake_prefix_path.dsv'
[6.580s] INFO:colcon.colcon_core.shell:Creating environment hook '/home/qianw/EECE5554/LAB4/src/matlab_msg_gen/glnxa64/install/share/gps_interface/hook/cmake_prefix_path.sh'
[6.585s] Level 1:colcon.colcon_core.environment:checking '/home/qianw/EECE5554/LAB4/src/matlab_msg_gen/glnxa64/install/lib'
[6.585s] Level 1:colcon.colcon_core.shell:create_environment_hook('gps_interface', 'ld_library_path_lib')
[6.604s] INFO:colcon.colcon_core.shell:Creating environment hook '/home/qianw/EECE5554/LAB4/src/matlab_msg_gen/glnxa64/install/share/gps_interface/hook/ld_library_path_lib.ps1'
[6.605s] INFO:colcon.colcon_core.shell:Creating environment descriptor '/home/qianw/EECE5554/LAB4/src/matlab_msg_gen/glnxa64/install/share/gps_interface/hook/ld_library_path_lib.dsv'
[6.605s] INFO:colcon.colcon_core.shell:Creating environment hook '/home/qianw/EECE5554/LAB4/src/matlab_msg_gen/glnxa64/install/share/gps_interface/hook/ld_library_path_lib.sh'
[6.607s] Level 1:colcon.colcon_core.environment:checking '/home/qianw/EECE5554/LAB4/src/matlab_msg_gen/glnxa64/install/bin'
[6.608s] Level 1:colcon.colcon_core.environment:checking '/home/qianw/EECE5554/LAB4/src/matlab_msg_gen/glnxa64/install/lib/pkgconfig/gps_interface.pc'
[6.614s] Level 1:colcon.colcon_core.environment:checking '/home/qianw/EECE5554/LAB4/src/matlab_msg_gen/glnxa64/install/lib/python3.10/site-packages'
[6.614s] Level 1:colcon.colcon_core.environment:checking '/home/qianw/EECE5554/LAB4/src/matlab_msg_gen/glnxa64/install/bin'
[6.633s] INFO:colcon.colcon_core.shell:Creating package script '/home/qianw/EECE5554/LAB4/src/matlab_msg_gen/glnxa64/install/share/gps_interface/package.ps1'
[6.634s] INFO:colcon.colcon_core.shell:Creating package descriptor '/home/qianw/EECE5554/LAB4/src/matlab_msg_gen/glnxa64/install/share/gps_interface/package.dsv'
[6.636s] INFO:colcon.colcon_core.shell:Creating package script '/home/qianw/EECE5554/LAB4/src/matlab_msg_gen/glnxa64/install/share/gps_interface/package.sh'
[6.637s] INFO:colcon.colcon_core.shell:Creating package script '/home/qianw/EECE5554/LAB4/src/matlab_msg_gen/glnxa64/install/share/gps_interface/package.bash'
[6.639s] INFO:colcon.colcon_core.shell:Creating package script '/home/qianw/EECE5554/LAB4/src/matlab_msg_gen/glnxa64/install/share/gps_interface/package.zsh'
[6.644s] Level 1:colcon.colcon_core.environment:create_file_with_runtime_dependencies(/home/qianw/EECE5554/LAB4/src/matlab_msg_gen/glnxa64/install/share/colcon-core/packages/gps_interface)
[6.728s] Level 1:colcon.colcon_core.environment:create_environment_scripts_only(gps_interface)
[6.754s] Level 1:colcon.colcon_core.environment:checking '/home/qianw/EECE5554/LAB4/src/matlab_msg_gen/glnxa64/install' for CMake module files
[6.756s] Level 1:colcon.colcon_core.environment:checking '/home/qianw/EECE5554/LAB4/src/matlab_msg_gen/glnxa64/install' for CMake config files
[6.758s] Level 1:colcon.colcon_core.shell:create_environment_hook('gps_interface', 'cmake_prefix_path')
[6.788s] INFO:colcon.colcon_core.shell:Creating environment hook '/home/qianw/EECE5554/LAB4/src/matlab_msg_gen/glnxa64/install/share/gps_interface/hook/cmake_prefix_path.ps1'
[6.789s] INFO:colcon.colcon_core.shell:Creating environment descriptor '/home/qianw/EECE5554/LAB4/src/matlab_msg_gen/glnxa64/install/share/gps_interface/hook/cmake_prefix_path.dsv'
[6.791s] INFO:colcon.colcon_core.shell:Creating environment hook '/home/qianw/EECE5554/LAB4/src/matlab_msg_gen/glnxa64/install/share/gps_interface/hook/cmake_prefix_path.sh'
[6.792s] Level 1:colcon.colcon_core.environment:checking '/home/qianw/EECE5554/LAB4/src/matlab_msg_gen/glnxa64/install/lib'
[6.792s] Level 1:colcon.colcon_core.shell:create_environment_hook('gps_interface', 'ld_library_path_lib')
[6.812s] INFO:colcon.colcon_core.shell:Creating environment hook '/home/qianw/EECE5554/LAB4/src/matlab_msg_gen/glnxa64/install/share/gps_interface/hook/ld_library_path_lib.ps1'
[6.813s] INFO:colcon.colcon_core.shell:Creating environment descriptor '/home/qianw/EECE5554/LAB4/src/matlab_msg_gen/glnxa64/install/share/gps_interface/hook/ld_library_path_lib.dsv'
[6.814s] INFO:colcon.colcon_core.shell:Creating environment hook '/home/qianw/EECE5554/LAB4/src/matlab_msg_gen/glnxa64/install/share/gps_interface/hook/ld_library_path_lib.sh'
[6.815s] Level 1:colcon.colcon_core.environment:checking '/home/qianw/EECE5554/LAB4/src/matlab_msg_gen/glnxa64/install/bin'
[6.815s] Level 1:colcon.colcon_core.environment:checking '/home/qianw/EECE5554/LAB4/src/matlab_msg_gen/glnxa64/install/lib/pkgconfig/gps_interface.pc'
[6.815s] Level 1:colcon.colcon_core.environment:checking '/home/qianw/EECE5554/LAB4/src/matlab_msg_gen/glnxa64/install/lib/python3.10/site-packages'
[6.816s] Level 1:colcon.colcon_core.environment:checking '/home/qianw/EECE5554/LAB4/src/matlab_msg_gen/glnxa64/install/bin'
[6.845s] INFO:colcon.colcon_core.shell:Creating package script '/home/qianw/EECE5554/LAB4/src/matlab_msg_gen/glnxa64/install/share/gps_interface/package.ps1'
[6.847s] INFO:colcon.colcon_core.shell:Creating package descriptor '/home/qianw/EECE5554/LAB4/src/matlab_msg_gen/glnxa64/install/share/gps_interface/package.dsv'
[6.848s] INFO:colcon.colcon_core.shell:Creating package script '/home/qianw/EECE5554/LAB4/src/matlab_msg_gen/glnxa64/install/share/gps_interface/package.sh'
[6.850s] INFO:colcon.colcon_core.shell:Creating package script '/home/qianw/EECE5554/LAB4/src/matlab_msg_gen/glnxa64/install/share/gps_interface/package.bash'
[6.851s] INFO:colcon.colcon_core.shell:Creating package script '/home/qianw/EECE5554/LAB4/src/matlab_msg_gen/glnxa64/install/share/gps_interface/package.zsh'
[6.852s] Level 1:colcon.colcon_core.environment:create_file_with_runtime_dependencies(/home/qianw/EECE5554/LAB4/src/matlab_msg_gen/glnxa64/install/share/colcon-core/packages/gps_interface)
[7.895s] DEBUG:colcon.colcon_core.event_handler.log_command:Invoked command in '/home/qianw/EECE5554/LAB4/src/matlab_msg_gen/glnxa64/build/imu_interface' returned '0': PS1=(venv) VIRTUAL_ENV_PROMPT=(venv) /home/qianw/MATLAB/R2024b/bin/glnxa64/cmake/bin/cmake --build /home/qianw/EECE5554/LAB4/src/matlab_msg_gen/glnxa64/build/imu_interface -- -j8 -l8
[7.957s] DEBUG:colcon.colcon_core.event_handler.log_command:Invoking command in '/home/qianw/EECE5554/LAB4/src/matlab_msg_gen/glnxa64/build/imu_interface': PS1=(venv) VIRTUAL_ENV_PROMPT=(venv) /home/qianw/MATLAB/R2024b/bin/glnxa64/cmake/bin/cmake --install /home/qianw/EECE5554/LAB4/src/matlab_msg_gen/glnxa64/build/imu_interface
[8.008s] Level 1:colcon.colcon_core.environment:create_environment_scripts_only(imu_interface)
[8.057s] Level 1:colcon.colcon_core.environment:checking '/home/qianw/EECE5554/LAB4/src/matlab_msg_gen/glnxa64/install' for CMake module files
[8.074s] DEBUG:colcon.colcon_core.event_handler.log_command:Invoked command in '/home/qianw/EECE5554/LAB4/src/matlab_msg_gen/glnxa64/build/imu_interface' returned '0': PS1=(venv) VIRTUAL_ENV_PROMPT=(venv) /home/qianw/MATLAB/R2024b/bin/glnxa64/cmake/bin/cmake --install /home/qianw/EECE5554/LAB4/src/matlab_msg_gen/glnxa64/build/imu_interface
[8.075s] Level 1:colcon.colcon_core.environment:checking '/home/qianw/EECE5554/LAB4/src/matlab_msg_gen/glnxa64/install' for CMake config files
[8.080s] Level 1:colcon.colcon_core.shell:create_environment_hook('imu_interface', 'cmake_prefix_path')
[8.109s] INFO:colcon.colcon_core.shell:Creating environment hook '/home/qianw/EECE5554/LAB4/src/matlab_msg_gen/glnxa64/install/share/imu_interface/hook/cmake_prefix_path.ps1'
[8.114s] INFO:colcon.colcon_core.shell:Creating environment descriptor '/home/qianw/EECE5554/LAB4/src/matlab_msg_gen/glnxa64/install/share/imu_interface/hook/cmake_prefix_path.dsv'
[8.114s] INFO:colcon.colcon_core.shell:Creating environment hook '/home/qianw/EECE5554/LAB4/src/matlab_msg_gen/glnxa64/install/share/imu_interface/hook/cmake_prefix_path.sh'
[8.116s] Level 1:colcon.colcon_core.environment:checking '/home/qianw/EECE5554/LAB4/src/matlab_msg_gen/glnxa64/install/lib'
[8.116s] Level 1:colcon.colcon_core.shell:create_environment_hook('imu_interface', 'ld_library_path_lib')
[8.139s] INFO:colcon.colcon_core.shell:Creating environment hook '/home/qianw/EECE5554/LAB4/src/matlab_msg_gen/glnxa64/install/share/imu_interface/hook/ld_library_path_lib.ps1'
[8.140s] INFO:colcon.colcon_core.shell:Creating environment descriptor '/home/qianw/EECE5554/LAB4/src/matlab_msg_gen/glnxa64/install/share/imu_interface/hook/ld_library_path_lib.dsv'
[8.142s] INFO:colcon.colcon_core.shell:Creating environment hook '/home/qianw/EECE5554/LAB4/src/matlab_msg_gen/glnxa64/install/share/imu_interface/hook/ld_library_path_lib.sh'
[8.144s] Level 1:colcon.colcon_core.environment:checking '/home/qianw/EECE5554/LAB4/src/matlab_msg_gen/glnxa64/install/bin'
[8.144s] Level 1:colcon.colcon_core.environment:checking '/home/qianw/EECE5554/LAB4/src/matlab_msg_gen/glnxa64/install/lib/pkgconfig/imu_interface.pc'
[8.144s] Level 1:colcon.colcon_core.environment:checking '/home/qianw/EECE5554/LAB4/src/matlab_msg_gen/glnxa64/install/lib/python3.10/site-packages'
[8.146s] Level 1:colcon.colcon_core.environment:checking '/home/qianw/EECE5554/LAB4/src/matlab_msg_gen/glnxa64/install/bin'
[8.174s] INFO:colcon.colcon_core.shell:Creating package script '/home/qianw/EECE5554/LAB4/src/matlab_msg_gen/glnxa64/install/share/imu_interface/package.ps1'
[8.176s] INFO:colcon.colcon_core.shell:Creating package descriptor '/home/qianw/EECE5554/LAB4/src/matlab_msg_gen/glnxa64/install/share/imu_interface/package.dsv'
[8.181s] INFO:colcon.colcon_core.shell:Creating package script '/home/qianw/EECE5554/LAB4/src/matlab_msg_gen/glnxa64/install/share/imu_interface/package.sh'
[8.182s] INFO:colcon.colcon_core.shell:Creating package script '/home/qianw/EECE5554/LAB4/src/matlab_msg_gen/glnxa64/install/share/imu_interface/package.bash'
[8.183s] INFO:colcon.colcon_core.shell:Creating package script '/home/qianw/EECE5554/LAB4/src/matlab_msg_gen/glnxa64/install/share/imu_interface/package.zsh'
[8.184s] Level 1:colcon.colcon_core.environment:create_file_with_runtime_dependencies(/home/qianw/EECE5554/LAB4/src/matlab_msg_gen/glnxa64/install/share/colcon-core/packages/imu_interface)
[8.243s] Level 1:colcon.colcon_core.environment:create_environment_scripts_only(imu_interface)
[8.265s] Level 1:colcon.colcon_core.environment:checking '/home/qianw/EECE5554/LAB4/src/matlab_msg_gen/glnxa64/install' for CMake module files
[8.267s] Level 1:colcon.colcon_core.environment:checking '/home/qianw/EECE5554/LAB4/src/matlab_msg_gen/glnxa64/install' for CMake config files
[8.268s] Level 1:colcon.colcon_core.shell:create_environment_hook('imu_interface', 'cmake_prefix_path')
[8.294s] INFO:colcon.colcon_core.shell:Creating environment hook '/home/qianw/EECE5554/LAB4/src/matlab_msg_gen/glnxa64/install/share/imu_interface/hook/cmake_prefix_path.ps1'
[8.295s] INFO:colcon.colcon_core.shell:Creating environment descriptor '/home/qianw/EECE5554/LAB4/src/matlab_msg_gen/glnxa64/install/share/imu_interface/hook/cmake_prefix_path.dsv'
[8.295s] INFO:colcon.colcon_core.shell:Creating environment hook '/home/qianw/EECE5554/LAB4/src/matlab_msg_gen/glnxa64/install/share/imu_interface/hook/cmake_prefix_path.sh'
[8.297s] Level 1:colcon.colcon_core.environment:checking '/home/qianw/EECE5554/LAB4/src/matlab_msg_gen/glnxa64/install/lib'
[8.297s] Level 1:colcon.colcon_core.shell:create_environment_hook('imu_interface', 'ld_library_path_lib')
[8.323s] INFO:colcon.colcon_core.shell:Creating environment hook '/home/qianw/EECE5554/LAB4/src/matlab_msg_gen/glnxa64/install/share/imu_interface/hook/ld_library_path_lib.ps1'
[8.324s] INFO:colcon.colcon_core.shell:Creating environment descriptor '/home/qianw/EECE5554/LAB4/src/matlab_msg_gen/glnxa64/install/share/imu_interface/hook/ld_library_path_lib.dsv'
[8.326s] INFO:colcon.colcon_core.shell:Creating environment hook '/home/qianw/EECE5554/LAB4/src/matlab_msg_gen/glnxa64/install/share/imu_interface/hook/ld_library_path_lib.sh'
[8.327s] Level 1:colcon.colcon_core.environment:checking '/home/qianw/EECE5554/LAB4/src/matlab_msg_gen/glnxa64/install/bin'
[8.327s] Level 1:colcon.colcon_core.environment:checking '/home/qianw/EECE5554/LAB4/src/matlab_msg_gen/glnxa64/install/lib/pkgconfig/imu_interface.pc'
[8.328s] Level 1:colcon.colcon_core.environment:checking '/home/qianw/EECE5554/LAB4/src/matlab_msg_gen/glnxa64/install/lib/python3.10/site-packages'
[8.329s] Level 1:colcon.colcon_core.environment:checking '/home/qianw/EECE5554/LAB4/src/matlab_msg_gen/glnxa64/install/bin'
[8.350s] INFO:colcon.colcon_core.shell:Creating package script '/home/qianw/EECE5554/LAB4/src/matlab_msg_gen/glnxa64/install/share/imu_interface/package.ps1'
[8.354s] INFO:colcon.colcon_core.shell:Creating package descriptor '/home/qianw/EECE5554/LAB4/src/matlab_msg_gen/glnxa64/install/share/imu_interface/package.dsv'
[8.356s] INFO:colcon.colcon_core.shell:Creating package script '/home/qianw/EECE5554/LAB4/src/matlab_msg_gen/glnxa64/install/share/imu_interface/package.sh'
[8.359s] INFO:colcon.colcon_core.shell:Creating package script '/home/qianw/EECE5554/LAB4/src/matlab_msg_gen/glnxa64/install/share/imu_interface/package.bash'
[8.363s] INFO:colcon.colcon_core.shell:Creating package script '/home/qianw/EECE5554/LAB4/src/matlab_msg_gen/glnxa64/install/share/imu_interface/package.zsh'
[8.364s] Level 1:colcon.colcon_core.environment:create_file_with_runtime_dependencies(/home/qianw/EECE5554/LAB4/src/matlab_msg_gen/glnxa64/install/share/colcon-core/packages/imu_interface)
[8.365s] DEBUG:colcon.colcon_parallel_executor.executor.parallel:closing loop
[8.366s] DEBUG:colcon.colcon_parallel_executor.executor.parallel:loop closed
[8.366s] DEBUG:colcon.colcon_parallel_executor.executor.parallel:run_until_complete finished with '0'
[8.367s] DEBUG:colcon.colcon_core.event_reactor:joining thread
[8.399s] INFO:colcon.colcon_core.plugin_system:Skipping extension 'colcon_notification.desktop_notification.notify2': 'notify2' not found
[8.400s] INFO:colcon.colcon_core.plugin_system:Skipping extension 'colcon_notification.desktop_notification.terminal_notifier': Not used on non-Darwin systems
[8.400s] INFO:colcon.colcon_core.plugin_system:Skipping extension 'colcon_notification.desktop_notification.win32': Not used on non-Windows systems
[8.401s] INFO:colcon.colcon_notification.desktop_notification:Sending desktop notification using 'notify_send'
[8.506s] DEBUG:colcon.colcon_core.event_reactor:joined thread
[8.531s] INFO:colcon.colcon_core.shell:Creating prefix script '/home/qianw/EECE5554/LAB4/src/matlab_msg_gen/glnxa64/install/local_setup.ps1'
[8.533s] INFO:colcon.colcon_core.shell:Creating prefix util module '/home/qianw/EECE5554/LAB4/src/matlab_msg_gen/glnxa64/install/_local_setup_util_ps1.py'
[8.535s] INFO:colcon.colcon_core.shell:Creating prefix chain script '/home/qianw/EECE5554/LAB4/src/matlab_msg_gen/glnxa64/install/setup.ps1'
[8.551s] INFO:colcon.colcon_core.shell:Creating prefix script '/home/qianw/EECE5554/LAB4/src/matlab_msg_gen/glnxa64/install/local_setup.sh'
[8.552s] INFO:colcon.colcon_core.shell:Creating prefix util module '/home/qianw/EECE5554/LAB4/src/matlab_msg_gen/glnxa64/install/_local_setup_util_sh.py'
[8.553s] INFO:colcon.colcon_core.shell:Creating prefix chain script '/home/qianw/EECE5554/LAB4/src/matlab_msg_gen/glnxa64/install/setup.sh'
[8.563s] INFO:colcon.colcon_core.shell:Creating prefix script '/home/qianw/EECE5554/LAB4/src/matlab_msg_gen/glnxa64/install/local_setup.bash'
[8.564s] INFO:colcon.colcon_core.shell:Creating prefix chain script '/home/qianw/EECE5554/LAB4/src/matlab_msg_gen/glnxa64/install/setup.bash'
[8.581s] INFO:colcon.colcon_core.shell:Creating prefix script '/home/qianw/EECE5554/LAB4/src/matlab_msg_gen/glnxa64/install/local_setup.zsh'
[8.582s] INFO:colcon.colcon_core.shell:Creating prefix chain script '/home/qianw/EECE5554/LAB4/src/matlab_msg_gen/glnxa64/install/setup.zsh'
