[0.189s] DEBUG:colcon:Command line arguments: ['/usr/bin/colcon', 'build']
[0.189s] DEBUG:colcon:Parsed command line arguments: Namespace(log_base=None, log_level=None, verb_name='build', build_base='build', install_base='install', merge_install=False, symlink_install=False, test_result_base=None, continue_on_error=False, executor='parallel', parallel_workers=8, event_handlers=None, ignore_user_meta=False, metas=['./colcon.meta'], base_paths=['.'], packages_ignore=None, packages_ignore_regex=None, paths=None, packages_up_to=None, packages_up_to_regex=None, packages_above=None, packages_above_and_dependencies=None, packages_above_depth=None, packages_select_by_dep=None, packages_skip_by_dep=None, packages_skip_up_to=None, packages_select_build_failed=False, packages_skip_build_finished=False, packages_select_test_failures=False, packages_skip_test_passed=False, packages_select=None, packages_skip=None, packages_select_regex=None, packages_skip_regex=None, packages_start=None, packages_end=None, allow_overriding=[], cmake_args=None, cmake_target=None, cmake_target_skip_unavailable=False, cmake_clean_cache=False, cmake_clean_first=False, cmake_force_configure=False, ament_cmake_args=None, catkin_cmake_args=None, catkin_skip_building_tests=False, mixin_files=None, mixin=None, verb_parser=<colcon_mixin.mixin.mixin_argument.MixinArgumentDecorator object at 0x70bc696d8fa0>, verb_extension=<colcon_core.verb.build.BuildVerb object at 0x70bc696d89a0>, main=<bound method BuildVerb.main of <colcon_core.verb.build.BuildVerb object at 0x70bc696d89a0>>, mixin_verb=('build',))
[0.494s] Level 1:colcon.colcon_core.package_discovery:discover_packages(colcon_meta) check parameters
[0.494s] Level 1:colcon.colcon_core.package_discovery:discover_packages(recursive) check parameters
[0.494s] Level 1:colcon.colcon_core.package_discovery:discover_packages(ignore) check parameters
[0.494s] Level 1:colcon.colcon_core.package_discovery:discover_packages(path) check parameters
[0.494s] Level 1:colcon.colcon_core.package_discovery:discover_packages(colcon_meta) discover
[0.494s] Level 1:colcon.colcon_core.package_discovery:discover_packages(recursive) discover
[0.494s] INFO:colcon.colcon_core.package_discovery:Crawling recursively for packages in '/home/qianw/EECE5554/LAB3/src'
[0.495s] Level 1:colcon.colcon_core.package_identification:_identify(.) by extensions ['ignore', 'ignore_ament_install']
[0.495s] Level 1:colcon.colcon_core.package_identification:_identify(.) by extension 'ignore'
[0.495s] Level 1:colcon.colcon_core.package_identification:_identify(.) by extension 'ignore_ament_install'
[0.495s] Level 1:colcon.colcon_core.package_identification:_identify(.) by extensions ['colcon_pkg']
[0.495s] Level 1:colcon.colcon_core.package_identification:_identify(.) by extension 'colcon_pkg'
[0.495s] Level 1:colcon.colcon_core.package_identification:_identify(.) by extensions ['colcon_meta']
[0.495s] Level 1:colcon.colcon_core.package_identification:_identify(.) by extension 'colcon_meta'
[0.495s] Level 1:colcon.colcon_core.package_identification:_identify(.) by extensions ['ros']
[0.495s] Level 1:colcon.colcon_core.package_identification:_identify(.) by extension 'ros'
[0.515s] Level 1:colcon.colcon_core.package_identification:_identify(.) by extensions ['cmake', 'python']
[0.515s] Level 1:colcon.colcon_core.package_identification:_identify(.) by extension 'cmake'
[0.515s] Level 1:colcon.colcon_core.package_identification:_identify(.) by extension 'python'
[0.515s] Level 1:colcon.colcon_core.package_identification:_identify(.) by extensions ['python_setup_py']
[0.515s] Level 1:colcon.colcon_core.package_identification:_identify(.) by extension 'python_setup_py'
[0.516s] Level 1:colcon.colcon_core.package_identification:_identify(analysis) by extensions ['ignore', 'ignore_ament_install']
[0.516s] Level 1:colcon.colcon_core.package_identification:_identify(analysis) by extension 'ignore'
[0.516s] Level 1:colcon.colcon_core.package_identification:_identify(analysis) by extension 'ignore_ament_install'
[0.516s] Level 1:colcon.colcon_core.package_identification:_identify(analysis) by extensions ['colcon_pkg']
[0.516s] Level 1:colcon.colcon_core.package_identification:_identify(analysis) by extension 'colcon_pkg'
[0.516s] Level 1:colcon.colcon_core.package_identification:_identify(analysis) by extensions ['colcon_meta']
[0.516s] Level 1:colcon.colcon_core.package_identification:_identify(analysis) by extension 'colcon_meta'
[0.516s] Level 1:colcon.colcon_core.package_identification:_identify(analysis) by extensions ['ros']
[0.516s] Level 1:colcon.colcon_core.package_identification:_identify(analysis) by extension 'ros'
[0.516s] Level 1:colcon.colcon_core.package_identification:_identify(analysis) by extensions ['cmake', 'python']
[0.517s] Level 1:colcon.colcon_core.package_identification:_identify(analysis) by extension 'cmake'
[0.517s] Level 1:colcon.colcon_core.package_identification:_identify(analysis) by extension 'python'
[0.517s] Level 1:colcon.colcon_core.package_identification:_identify(analysis) by extensions ['python_setup_py']
[0.517s] Level 1:colcon.colcon_core.package_identification:_identify(analysis) by extension 'python_setup_py'
[0.517s] Level 1:colcon.colcon_core.package_identification:_identify(build) by extensions ['ignore', 'ignore_ament_install']
[0.517s] Level 1:colcon.colcon_core.package_identification:_identify(build) by extension 'ignore'
[0.517s] Level 1:colcon.colcon_core.package_identification:_identify(build) ignored
[0.518s] Level 1:colcon.colcon_core.package_identification:_identify(data) by extensions ['ignore', 'ignore_ament_install']
[0.518s] Level 1:colcon.colcon_core.package_identification:_identify(data) by extension 'ignore'
[0.518s] Level 1:colcon.colcon_core.package_identification:_identify(data) by extension 'ignore_ament_install'
[0.518s] Level 1:colcon.colcon_core.package_identification:_identify(data) by extensions ['colcon_pkg']
[0.518s] Level 1:colcon.colcon_core.package_identification:_identify(data) by extension 'colcon_pkg'
[0.518s] Level 1:colcon.colcon_core.package_identification:_identify(data) by extensions ['colcon_meta']
[0.518s] Level 1:colcon.colcon_core.package_identification:_identify(data) by extension 'colcon_meta'
[0.518s] Level 1:colcon.colcon_core.package_identification:_identify(data) by extensions ['ros']
[0.518s] Level 1:colcon.colcon_core.package_identification:_identify(data) by extension 'ros'
[0.518s] Level 1:colcon.colcon_core.package_identification:_identify(data) by extensions ['cmake', 'python']
[0.518s] Level 1:colcon.colcon_core.package_identification:_identify(data) by extension 'cmake'
[0.519s] Level 1:colcon.colcon_core.package_identification:_identify(data) by extension 'python'
[0.519s] Level 1:colcon.colcon_core.package_identification:_identify(data) by extensions ['python_setup_py']
[0.519s] Level 1:colcon.colcon_core.package_identification:_identify(data) by extension 'python_setup_py'
[0.519s] Level 1:colcon.colcon_core.package_identification:_identify(imu_driver) by extensions ['ignore', 'ignore_ament_install']
[0.519s] Level 1:colcon.colcon_core.package_identification:_identify(imu_driver) by extension 'ignore'
[0.519s] Level 1:colcon.colcon_core.package_identification:_identify(imu_driver) by extension 'ignore_ament_install'
[0.519s] Level 1:colcon.colcon_core.package_identification:_identify(imu_driver) by extensions ['colcon_pkg']
[0.519s] Level 1:colcon.colcon_core.package_identification:_identify(imu_driver) by extension 'colcon_pkg'
[0.519s] Level 1:colcon.colcon_core.package_identification:_identify(imu_driver) by extensions ['colcon_meta']
[0.519s] Level 1:colcon.colcon_core.package_identification:_identify(imu_driver) by extension 'colcon_meta'
[0.520s] Level 1:colcon.colcon_core.package_identification:_identify(imu_driver) by extensions ['ros']
[0.520s] Level 1:colcon.colcon_core.package_identification:_identify(imu_driver) by extension 'ros'
[0.524s] DEBUG:colcon.colcon_core.package_identification:Package 'imu_driver' with type 'ros.ament_python' and name 'imu_driver'
[0.524s] Level 1:colcon.colcon_core.package_identification:_identify(imu_interface) by extensions ['ignore', 'ignore_ament_install']
[0.524s] Level 1:colcon.colcon_core.package_identification:_identify(imu_interface) by extension 'ignore'
[0.524s] Level 1:colcon.colcon_core.package_identification:_identify(imu_interface) by extension 'ignore_ament_install'
[0.524s] Level 1:colcon.colcon_core.package_identification:_identify(imu_interface) by extensions ['colcon_pkg']
[0.524s] Level 1:colcon.colcon_core.package_identification:_identify(imu_interface) by extension 'colcon_pkg'
[0.525s] Level 1:colcon.colcon_core.package_identification:_identify(imu_interface) by extensions ['colcon_meta']
[0.525s] Level 1:colcon.colcon_core.package_identification:_identify(imu_interface) by extension 'colcon_meta'
[0.525s] Level 1:colcon.colcon_core.package_identification:_identify(imu_interface) by extensions ['ros']
[0.525s] Level 1:colcon.colcon_core.package_identification:_identify(imu_interface) by extension 'ros'
[0.526s] DEBUG:colcon.colcon_core.package_identification:Package 'imu_interface' with type 'ros.ament_cmake' and name 'imu_interface'
[0.526s] Level 1:colcon.colcon_core.package_identification:_identify(install) by extensions ['ignore', 'ignore_ament_install']
[0.526s] Level 1:colcon.colcon_core.package_identification:_identify(install) by extension 'ignore'
[0.526s] Level 1:colcon.colcon_core.package_identification:_identify(install) ignored
[0.526s] Level 1:colcon.colcon_core.package_identification:_identify(log) by extensions ['ignore', 'ignore_ament_install']
[0.527s] Level 1:colcon.colcon_core.package_identification:_identify(log) by extension 'ignore'
[0.527s] Level 1:colcon.colcon_core.package_identification:_identify(log) ignored
[0.527s] Level 1:colcon.colcon_core.package_discovery:discover_packages(recursive) using defaults
[0.527s] Level 1:colcon.colcon_core.package_discovery:discover_packages(ignore) discover
[0.527s] Level 1:colcon.colcon_core.package_discovery:discover_packages(ignore) using defaults
[0.527s] Level 1:colcon.colcon_core.package_discovery:discover_packages(path) discover
[0.527s] Level 1:colcon.colcon_core.package_discovery:discover_packages(path) using defaults
[0.575s] Level 1:colcon.colcon_core.package_discovery:discover_packages(prefix_path) check parameters
[0.575s] Level 1:colcon.colcon_core.package_discovery:discover_packages(prefix_path) discover
[0.576s] WARNING:colcon.colcon_ros.prefix_path.ament:The path '/home/qianw/EECE5554/LAB3/src/install/imu_driver' in the environment variable AMENT_PREFIX_PATH doesn't exist
[0.578s] DEBUG:colcon.colcon_installed_package_information.package_discovery:Found 0 installed packages in /home/qianw/EECE5554/LAB3/src/install
[0.579s] DEBUG:colcon.colcon_installed_package_information.package_discovery:Found 296 installed packages in /opt/ros/humble
[0.582s] Level 1:colcon.colcon_core.package_discovery:discover_packages(prefix_path) using defaults
[0.655s] Level 5:colcon.colcon_core.verb:set package 'imu_interface' build argument 'cmake_args' from command line to 'None'
[0.655s] Level 5:colcon.colcon_core.verb:set package 'imu_interface' build argument 'cmake_target' from command line to 'None'
[0.655s] Level 5:colcon.colcon_core.verb:set package 'imu_interface' build argument 'cmake_target_skip_unavailable' from command line to 'False'
[0.655s] Level 5:colcon.colcon_core.verb:set package 'imu_interface' build argument 'cmake_clean_cache' from command line to 'False'
[0.655s] Level 5:colcon.colcon_core.verb:set package 'imu_interface' build argument 'cmake_clean_first' from command line to 'False'
[0.655s] Level 5:colcon.colcon_core.verb:set package 'imu_interface' build argument 'cmake_force_configure' from command line to 'False'
[0.655s] Level 5:colcon.colcon_core.verb:set package 'imu_interface' build argument 'ament_cmake_args' from command line to 'None'
[0.655s] Level 5:colcon.colcon_core.verb:set package 'imu_interface' build argument 'catkin_cmake_args' from command line to 'None'
[0.655s] Level 5:colcon.colcon_core.verb:set package 'imu_interface' build argument 'catkin_skip_building_tests' from command line to 'False'
[0.655s] DEBUG:colcon.colcon_core.verb:Building package 'imu_interface' with the following arguments: {'ament_cmake_args': None, 'build_base': '/home/qianw/EECE5554/LAB3/src/build/imu_interface', 'catkin_cmake_args': None, 'catkin_skip_building_tests': False, 'cmake_args': None, 'cmake_clean_cache': False, 'cmake_clean_first': False, 'cmake_force_configure': False, 'cmake_target': None, 'cmake_target_skip_unavailable': False, 'install_base': '/home/qianw/EECE5554/LAB3/src/install/imu_interface', 'merge_install': False, 'path': '/home/qianw/EECE5554/LAB3/src/imu_interface', 'symlink_install': False, 'test_result_base': None}
[0.656s] Level 5:colcon.colcon_core.verb:set package 'imu_driver' build argument 'cmake_args' from command line to 'None'
[0.656s] Level 5:colcon.colcon_core.verb:set package 'imu_driver' build argument 'cmake_target' from command line to 'None'
[0.656s] Level 5:colcon.colcon_core.verb:set package 'imu_driver' build argument 'cmake_target_skip_unavailable' from command line to 'False'
[0.656s] Level 5:colcon.colcon_core.verb:set package 'imu_driver' build argument 'cmake_clean_cache' from command line to 'False'
[0.656s] Level 5:colcon.colcon_core.verb:set package 'imu_driver' build argument 'cmake_clean_first' from command line to 'False'
[0.656s] Level 5:colcon.colcon_core.verb:set package 'imu_driver' build argument 'cmake_force_configure' from command line to 'False'
[0.656s] Level 5:colcon.colcon_core.verb:set package 'imu_driver' build argument 'ament_cmake_args' from command line to 'None'
[0.656s] Level 5:colcon.colcon_core.verb:set package 'imu_driver' build argument 'catkin_cmake_args' from command line to 'None'
[0.656s] Level 5:colcon.colcon_core.verb:set package 'imu_driver' build argument 'catkin_skip_building_tests' from command line to 'False'
[0.657s] DEBUG:colcon.colcon_core.verb:Building package 'imu_driver' with the following arguments: {'ament_cmake_args': None, 'build_base': '/home/qianw/EECE5554/LAB3/src/build/imu_driver', 'catkin_cmake_args': None, 'catkin_skip_building_tests': False, 'cmake_args': None, 'cmake_clean_cache': False, 'cmake_clean_first': False, 'cmake_force_configure': False, 'cmake_target': None, 'cmake_target_skip_unavailable': False, 'install_base': '/home/qianw/EECE5554/LAB3/src/install/imu_driver', 'merge_install': False, 'path': '/home/qianw/EECE5554/LAB3/src/imu_driver', 'symlink_install': False, 'test_result_base': None}
[0.657s] INFO:colcon.colcon_core.executor:Executing jobs using 'parallel' executor
[0.658s] DEBUG:colcon.colcon_parallel_executor.executor.parallel:run_until_complete
[0.659s] INFO:colcon.colcon_ros.task.ament_cmake.build:Building ROS package in '/home/qianw/EECE5554/LAB3/src/imu_interface' with build type 'ament_cmake'
[0.659s] INFO:colcon.colcon_cmake.task.cmake.build:Building CMake package in '/home/qianw/EECE5554/LAB3/src/imu_interface'
[0.663s] INFO:colcon.colcon_core.plugin_system:Skipping extension 'colcon_core.shell.bat': Not used on non-Windows systems
[0.663s] INFO:colcon.colcon_core.shell:Skip shell extension 'powershell' for command environment: Not usable outside of PowerShell
[0.663s] DEBUG:colcon.colcon_core.shell:Skip shell extension 'dsv' for command environment
[0.679s] DEBUG:colcon.colcon_core.event_handler.log_command:Invoking command in '/home/qianw/EECE5554/LAB3/src/build/imu_interface': CMAKE_PREFIX_PATH=/home/qianw/EECE5554/LAB3/src/install/imu_driver:/opt/ros/humble /usr/bin/cmake /home/qianw/EECE5554/LAB3/src/imu_interface -DCMAKE_INSTALL_PREFIX=/home/qianw/EECE5554/LAB3/src/install/imu_interface
[3.736s] DEBUG:colcon.colcon_core.event_handler.log_command:Invoked command in '/home/qianw/EECE5554/LAB3/src/build/imu_interface' returned '0': CMAKE_PREFIX_PATH=/home/qianw/EECE5554/LAB3/src/install/imu_driver:/opt/ros/humble /usr/bin/cmake /home/qianw/EECE5554/LAB3/src/imu_interface -DCMAKE_INSTALL_PREFIX=/home/qianw/EECE5554/LAB3/src/install/imu_interface
[3.739s] DEBUG:colcon.colcon_core.event_handler.log_command:Invoking command in '/home/qianw/EECE5554/LAB3/src/build/imu_interface': CMAKE_PREFIX_PATH=/home/qianw/EECE5554/LAB3/src/install/imu_driver:/opt/ros/humble /usr/bin/cmake --build /home/qianw/EECE5554/LAB3/src/build/imu_interface -- -j8 -l8
[6.941s] DEBUG:colcon.colcon_core.event_handler.log_command:Invoked command in '/home/qianw/EECE5554/LAB3/src/build/imu_interface' returned '0': CMAKE_PREFIX_PATH=/home/qianw/EECE5554/LAB3/src/install/imu_driver:/opt/ros/humble /usr/bin/cmake --build /home/qianw/EECE5554/LAB3/src/build/imu_interface -- -j8 -l8
[6.967s] DEBUG:colcon.colcon_core.event_handler.log_command:Invoking command in '/home/qianw/EECE5554/LAB3/src/build/imu_interface': CMAKE_PREFIX_PATH=/home/qianw/EECE5554/LAB3/src/install/imu_driver:/opt/ros/humble /usr/bin/cmake --install /home/qianw/EECE5554/LAB3/src/build/imu_interface
[7.091s] Level 1:colcon.colcon_core.environment:create_environment_scripts_only(imu_interface)
[7.092s] DEBUG:colcon.colcon_core.event_handler.log_command:Invoked command in '/home/qianw/EECE5554/LAB3/src/build/imu_interface' returned '0': CMAKE_PREFIX_PATH=/home/qianw/EECE5554/LAB3/src/install/imu_driver:/opt/ros/humble /usr/bin/cmake --install /home/qianw/EECE5554/LAB3/src/build/imu_interface
[7.096s] Level 1:colcon.colcon_core.environment:checking '/home/qianw/EECE5554/LAB3/src/install/imu_interface' for CMake module files
[7.097s] Level 1:colcon.colcon_core.environment:checking '/home/qianw/EECE5554/LAB3/src/install/imu_interface' for CMake config files
[7.097s] Level 1:colcon.colcon_core.shell:create_environment_hook('imu_interface', 'cmake_prefix_path')
[7.098s] INFO:colcon.colcon_core.shell:Creating environment hook '/home/qianw/EECE5554/LAB3/src/install/imu_interface/share/imu_interface/hook/cmake_prefix_path.ps1'
[7.099s] INFO:colcon.colcon_core.shell:Creating environment descriptor '/home/qianw/EECE5554/LAB3/src/install/imu_interface/share/imu_interface/hook/cmake_prefix_path.dsv'
[7.099s] INFO:colcon.colcon_core.shell:Creating environment hook '/home/qianw/EECE5554/LAB3/src/install/imu_interface/share/imu_interface/hook/cmake_prefix_path.sh'
[7.101s] Level 1:colcon.colcon_core.environment:checking '/home/qianw/EECE5554/LAB3/src/install/imu_interface/lib'
[7.101s] Level 1:colcon.colcon_core.shell:create_environment_hook('imu_interface', 'ld_library_path_lib')
[7.101s] INFO:colcon.colcon_core.shell:Creating environment hook '/home/qianw/EECE5554/LAB3/src/install/imu_interface/share/imu_interface/hook/ld_library_path_lib.ps1'
[7.102s] INFO:colcon.colcon_core.shell:Creating environment descriptor '/home/qianw/EECE5554/LAB3/src/install/imu_interface/share/imu_interface/hook/ld_library_path_lib.dsv'
[7.103s] INFO:colcon.colcon_core.shell:Creating environment hook '/home/qianw/EECE5554/LAB3/src/install/imu_interface/share/imu_interface/hook/ld_library_path_lib.sh'
[7.103s] Level 1:colcon.colcon_core.environment:checking '/home/qianw/EECE5554/LAB3/src/install/imu_interface/bin'
[7.103s] Level 1:colcon.colcon_core.environment:checking '/home/qianw/EECE5554/LAB3/src/install/imu_interface/lib/pkgconfig/imu_interface.pc'
[7.104s] Level 1:colcon.colcon_core.environment:checking '/home/qianw/EECE5554/LAB3/src/install/imu_interface/lib/python3.10/site-packages'
[7.104s] Level 1:colcon.colcon_core.environment:checking '/home/qianw/EECE5554/LAB3/src/install/imu_interface/bin'
[7.105s] INFO:colcon.colcon_core.shell:Creating package script '/home/qianw/EECE5554/LAB3/src/install/imu_interface/share/imu_interface/package.ps1'
[7.106s] INFO:colcon.colcon_core.shell:Creating package descriptor '/home/qianw/EECE5554/LAB3/src/install/imu_interface/share/imu_interface/package.dsv'
[7.107s] INFO:colcon.colcon_core.shell:Creating package script '/home/qianw/EECE5554/LAB3/src/install/imu_interface/share/imu_interface/package.sh'
[7.108s] INFO:colcon.colcon_core.shell:Creating package script '/home/qianw/EECE5554/LAB3/src/install/imu_interface/share/imu_interface/package.bash'
[7.109s] INFO:colcon.colcon_core.shell:Creating package script '/home/qianw/EECE5554/LAB3/src/install/imu_interface/share/imu_interface/package.zsh'
[7.110s] Level 1:colcon.colcon_core.environment:create_file_with_runtime_dependencies(/home/qianw/EECE5554/LAB3/src/install/imu_interface/share/colcon-core/packages/imu_interface)
[7.111s] Level 1:colcon.colcon_core.environment:create_environment_scripts_only(imu_interface)
[7.112s] Level 1:colcon.colcon_core.environment:checking '/home/qianw/EECE5554/LAB3/src/install/imu_interface' for CMake module files
[7.113s] Level 1:colcon.colcon_core.environment:checking '/home/qianw/EECE5554/LAB3/src/install/imu_interface' for CMake config files
[7.113s] Level 1:colcon.colcon_core.shell:create_environment_hook('imu_interface', 'cmake_prefix_path')
[7.113s] INFO:colcon.colcon_core.shell:Creating environment hook '/home/qianw/EECE5554/LAB3/src/install/imu_interface/share/imu_interface/hook/cmake_prefix_path.ps1'
[7.114s] INFO:colcon.colcon_core.shell:Creating environment descriptor '/home/qianw/EECE5554/LAB3/src/install/imu_interface/share/imu_interface/hook/cmake_prefix_path.dsv'
[7.115s] INFO:colcon.colcon_core.shell:Creating environment hook '/home/qianw/EECE5554/LAB3/src/install/imu_interface/share/imu_interface/hook/cmake_prefix_path.sh'
[7.116s] Level 1:colcon.colcon_core.environment:checking '/home/qianw/EECE5554/LAB3/src/install/imu_interface/lib'
[7.116s] Level 1:colcon.colcon_core.shell:create_environment_hook('imu_interface', 'ld_library_path_lib')
[7.117s] INFO:colcon.colcon_core.shell:Creating environment hook '/home/qianw/EECE5554/LAB3/src/install/imu_interface/share/imu_interface/hook/ld_library_path_lib.ps1'
[7.117s] INFO:colcon.colcon_core.shell:Creating environment descriptor '/home/qianw/EECE5554/LAB3/src/install/imu_interface/share/imu_interface/hook/ld_library_path_lib.dsv'
[7.118s] INFO:colcon.colcon_core.shell:Creating environment hook '/home/qianw/EECE5554/LAB3/src/install/imu_interface/share/imu_interface/hook/ld_library_path_lib.sh'
[7.119s] Level 1:colcon.colcon_core.environment:checking '/home/qianw/EECE5554/LAB3/src/install/imu_interface/bin'
[7.119s] Level 1:colcon.colcon_core.environment:checking '/home/qianw/EECE5554/LAB3/src/install/imu_interface/lib/pkgconfig/imu_interface.pc'
[7.119s] Level 1:colcon.colcon_core.environment:checking '/home/qianw/EECE5554/LAB3/src/install/imu_interface/lib/python3.10/site-packages'
[7.120s] Level 1:colcon.colcon_core.environment:checking '/home/qianw/EECE5554/LAB3/src/install/imu_interface/bin'
[7.120s] INFO:colcon.colcon_core.shell:Creating package script '/home/qianw/EECE5554/LAB3/src/install/imu_interface/share/imu_interface/package.ps1'
[7.121s] INFO:colcon.colcon_core.shell:Creating package descriptor '/home/qianw/EECE5554/LAB3/src/install/imu_interface/share/imu_interface/package.dsv'
[7.122s] INFO:colcon.colcon_core.shell:Creating package script '/home/qianw/EECE5554/LAB3/src/install/imu_interface/share/imu_interface/package.sh'
[7.123s] INFO:colcon.colcon_core.shell:Creating package script '/home/qianw/EECE5554/LAB3/src/install/imu_interface/share/imu_interface/package.bash'
[7.124s] INFO:colcon.colcon_core.shell:Creating package script '/home/qianw/EECE5554/LAB3/src/install/imu_interface/share/imu_interface/package.zsh'
[7.124s] Level 1:colcon.colcon_core.environment:create_file_with_runtime_dependencies(/home/qianw/EECE5554/LAB3/src/install/imu_interface/share/colcon-core/packages/imu_interface)
[7.125s] INFO:colcon.colcon_ros.task.ament_python.build:Building ROS package in '/home/qianw/EECE5554/LAB3/src/imu_driver' with build type 'ament_python'
[7.125s] Level 1:colcon.colcon_core.shell:create_environment_hook('imu_driver', 'ament_prefix_path')
[7.126s] INFO:colcon.colcon_core.shell:Creating environment hook '/home/qianw/EECE5554/LAB3/src/install/imu_driver/share/imu_driver/hook/ament_prefix_path.ps1'
[7.127s] INFO:colcon.colcon_core.shell:Creating environment descriptor '/home/qianw/EECE5554/LAB3/src/install/imu_driver/share/imu_driver/hook/ament_prefix_path.dsv'
[7.128s] INFO:colcon.colcon_core.shell:Creating environment hook '/home/qianw/EECE5554/LAB3/src/install/imu_driver/share/imu_driver/hook/ament_prefix_path.sh'
[7.129s] INFO:colcon.colcon_core.shell:Skip shell extension 'powershell' for command environment: Not usable outside of PowerShell
[7.129s] DEBUG:colcon.colcon_core.shell:Skip shell extension 'dsv' for command environment
[7.589s] INFO:colcon.colcon_core.task.python.build:Building Python package in '/home/qianw/EECE5554/LAB3/src/imu_driver'
[7.590s] INFO:colcon.colcon_core.shell:Skip shell extension 'powershell' for command environment: Not usable outside of PowerShell
[7.590s] DEBUG:colcon.colcon_core.shell:Skip shell extension 'dsv' for command environment
[8.185s] DEBUG:colcon.colcon_core.event_handler.log_command:Invoking command in '/home/qianw/EECE5554/LAB3/src/imu_driver': AMENT_PREFIX_PATH=/home/qianw/EECE5554/LAB3/src/install/imu_interface:${AMENT_PREFIX_PATH} CMAKE_PREFIX_PATH=/home/qianw/EECE5554/LAB3/src/install/imu_interface LD_LIBRARY_PATH=/home/qianw/EECE5554/LAB3/src/install/imu_interface/lib:${LD_LIBRARY_PATH} PYTHONPATH=/home/qianw/EECE5554/LAB3/src/build/imu_driver/prefix_override:/usr/lib/python3/dist-packages/colcon_core/task/python/colcon_distutils_commands:/home/qianw/EECE5554/LAB3/src/install/imu_driver/lib/python3.10/site-packages:/home/qianw/EECE5554/LAB3/src/install/imu_interface/local/lib/python3.10/dist-packages:${PYTHONPATH} /usr/bin/python3 -W ignore:setup.py install is deprecated -W ignore:easy_install command is deprecated setup.py egg_info --egg-base ../build/imu_driver build --build-base /home/qianw/EECE5554/LAB3/src/build/imu_driver/build install --record /home/qianw/EECE5554/LAB3/src/build/imu_driver/install.log --single-version-externally-managed install_data
[8.726s] Level 1:colcon.colcon_core.environment:checking '/home/qianw/EECE5554/LAB3/src/install/imu_driver' for CMake module files
[8.726s] DEBUG:colcon.colcon_core.event_handler.log_command:Invoked command in '/home/qianw/EECE5554/LAB3/src/imu_driver' returned '0': AMENT_PREFIX_PATH=/home/qianw/EECE5554/LAB3/src/install/imu_interface:${AMENT_PREFIX_PATH} CMAKE_PREFIX_PATH=/home/qianw/EECE5554/LAB3/src/install/imu_interface LD_LIBRARY_PATH=/home/qianw/EECE5554/LAB3/src/install/imu_interface/lib:${LD_LIBRARY_PATH} PYTHONPATH=/home/qianw/EECE5554/LAB3/src/build/imu_driver/prefix_override:/usr/lib/python3/dist-packages/colcon_core/task/python/colcon_distutils_commands:/home/qianw/EECE5554/LAB3/src/install/imu_driver/lib/python3.10/site-packages:/home/qianw/EECE5554/LAB3/src/install/imu_interface/local/lib/python3.10/dist-packages:${PYTHONPATH} /usr/bin/python3 -W ignore:setup.py install is deprecated -W ignore:easy_install command is deprecated setup.py egg_info --egg-base ../build/imu_driver build --build-base /home/qianw/EECE5554/LAB3/src/build/imu_driver/build install --record /home/qianw/EECE5554/LAB3/src/build/imu_driver/install.log --single-version-externally-managed install_data
[8.727s] Level 1:colcon.colcon_core.environment:checking '/home/qianw/EECE5554/LAB3/src/install/imu_driver' for CMake config files
[8.728s] Level 1:colcon.colcon_core.environment:checking '/home/qianw/EECE5554/LAB3/src/install/imu_driver/lib'
[8.728s] Level 1:colcon.colcon_core.environment:checking '/home/qianw/EECE5554/LAB3/src/install/imu_driver/bin'
[8.728s] Level 1:colcon.colcon_core.environment:checking '/home/qianw/EECE5554/LAB3/src/install/imu_driver/lib/pkgconfig/imu_driver.pc'
[8.728s] Level 1:colcon.colcon_core.environment:checking '/home/qianw/EECE5554/LAB3/src/install/imu_driver/lib/python3.10/site-packages'
[8.728s] Level 1:colcon.colcon_core.shell:create_environment_hook('imu_driver', 'pythonpath')
[8.729s] INFO:colcon.colcon_core.shell:Creating environment hook '/home/qianw/EECE5554/LAB3/src/install/imu_driver/share/imu_driver/hook/pythonpath.ps1'
[8.730s] INFO:colcon.colcon_core.shell:Creating environment descriptor '/home/qianw/EECE5554/LAB3/src/install/imu_driver/share/imu_driver/hook/pythonpath.dsv'
[8.730s] INFO:colcon.colcon_core.shell:Creating environment hook '/home/qianw/EECE5554/LAB3/src/install/imu_driver/share/imu_driver/hook/pythonpath.sh'
[8.731s] Level 1:colcon.colcon_core.environment:checking '/home/qianw/EECE5554/LAB3/src/install/imu_driver/bin'
[8.731s] Level 1:colcon.colcon_core.environment:create_environment_scripts_only(imu_driver)
[8.732s] INFO:colcon.colcon_core.shell:Creating package script '/home/qianw/EECE5554/LAB3/src/install/imu_driver/share/imu_driver/package.ps1'
[8.732s] INFO:colcon.colcon_core.shell:Creating package descriptor '/home/qianw/EECE5554/LAB3/src/install/imu_driver/share/imu_driver/package.dsv'
[8.733s] INFO:colcon.colcon_core.shell:Creating package script '/home/qianw/EECE5554/LAB3/src/install/imu_driver/share/imu_driver/package.sh'
[8.734s] INFO:colcon.colcon_core.shell:Creating package script '/home/qianw/EECE5554/LAB3/src/install/imu_driver/share/imu_driver/package.bash'
[8.734s] INFO:colcon.colcon_core.shell:Creating package script '/home/qianw/EECE5554/LAB3/src/install/imu_driver/share/imu_driver/package.zsh'
[8.735s] Level 1:colcon.colcon_core.environment:create_file_with_runtime_dependencies(/home/qianw/EECE5554/LAB3/src/install/imu_driver/share/colcon-core/packages/imu_driver)
[8.736s] DEBUG:colcon.colcon_parallel_executor.executor.parallel:closing loop
[8.736s] DEBUG:colcon.colcon_parallel_executor.executor.parallel:loop closed
[8.736s] DEBUG:colcon.colcon_parallel_executor.executor.parallel:run_until_complete finished with '0'
[8.736s] DEBUG:colcon.colcon_core.event_reactor:joining thread
[8.745s] INFO:colcon.colcon_core.plugin_system:Skipping extension 'colcon_notification.desktop_notification.terminal_notifier': Not used on non-Darwin systems
[8.745s] INFO:colcon.colcon_core.plugin_system:Skipping extension 'colcon_notification.desktop_notification.win32': Not used on non-Windows systems
[8.745s] INFO:colcon.colcon_notification.desktop_notification:Sending desktop notification using 'notify2'
[8.746s] DEBUG:colcon.colcon_notification.desktop_notification.notify2:Failed to initialize notify2: org.freedesktop.DBus.Error.NoReply: Did not receive a reply. Possible causes include: the remote application did not send a reply, the message bus security policy blocked the reply, the reply timeout expired, or the network connection was broken.
[8.747s] DEBUG:colcon.colcon_core.event_reactor:joined thread
[8.747s] INFO:colcon.colcon_core.shell:Creating prefix script '/home/qianw/EECE5554/LAB3/src/install/local_setup.ps1'
[8.748s] INFO:colcon.colcon_core.shell:Creating prefix util module '/home/qianw/EECE5554/LAB3/src/install/_local_setup_util_ps1.py'
[8.751s] INFO:colcon.colcon_core.shell:Creating prefix chain script '/home/qianw/EECE5554/LAB3/src/install/setup.ps1'
[8.752s] INFO:colcon.colcon_core.shell:Creating prefix script '/home/qianw/EECE5554/LAB3/src/install/local_setup.sh'
[8.753s] INFO:colcon.colcon_core.shell:Creating prefix util module '/home/qianw/EECE5554/LAB3/src/install/_local_setup_util_sh.py'
[8.754s] INFO:colcon.colcon_core.shell:Creating prefix chain script '/home/qianw/EECE5554/LAB3/src/install/setup.sh'
[8.755s] INFO:colcon.colcon_core.shell:Creating prefix script '/home/qianw/EECE5554/LAB3/src/install/local_setup.bash'
[8.756s] INFO:colcon.colcon_core.shell:Creating prefix chain script '/home/qianw/EECE5554/LAB3/src/install/setup.bash'
[8.757s] INFO:colcon.colcon_core.shell:Creating prefix script '/home/qianw/EECE5554/LAB3/src/install/local_setup.zsh'
[8.758s] INFO:colcon.colcon_core.shell:Creating prefix chain script '/home/qianw/EECE5554/LAB3/src/install/setup.zsh'
