[1.321s] DEBUG:colcon:Command line arguments: ['/home/qianw/.matlab/R2024b/ros2/glnxa64/venv/bin/colcon', 'build', '--merge-install', '--cmake-args', '-DCMAKE_BUILD_TYPE=Release', '-DCMAKE_SHARED_LINKER_FLAGS=-Wl,-no-as-needed', '-DBUILD_TESTING=OFF', '-DALIAS_ROS2_TF2=1', '-DCMAKE_CXX_FLAGS_RELEASE=-O0', '-G', 'Ninja', '-DCMAKE_C_COMPILER=/usr/bin/gcc', '-DCMAKE_CXX_COMPILER=/usr/bin/g++']
[1.322s] DEBUG:colcon:Parsed command line arguments: Namespace(log_base=None, log_level=None, verb_name='build', build_base='build', install_base='install', merge_install=True, symlink_install=False, test_result_base=None, continue_on_error=False, executor='parallel', parallel_workers=8, event_handlers=None, ignore_user_meta=False, metas=['./colcon.meta'], base_paths=['.'], packages_ignore=None, packages_ignore_regex=None, paths=None, packages_up_to=None, packages_up_to_regex=None, packages_above=None, packages_above_and_dependencies=None, packages_above_depth=None, packages_select_by_dep=None, packages_skip_by_dep=None, packages_skip_up_to=None, packages_select_build_failed=False, packages_skip_build_finished=False, packages_select_test_failures=False, packages_skip_test_passed=False, packages_select=None, packages_skip=None, packages_select_regex=None, packages_skip_regex=None, packages_start=None, packages_end=None, cmake_args=['-DCMAKE_BUILD_TYPE=Release', '-DCMAKE_SHARED_LINKER_FLAGS=-Wl,-no-as-needed', '-DBUILD_TESTING=OFF', '-DALIAS_ROS2_TF2=1', '-DCMAKE_CXX_FLAGS_RELEASE=-O0', '-G', 'Ninja', '-DCMAKE_C_COMPILER=/usr/bin/gcc', '-DCMAKE_CXX_COMPILER=/usr/bin/g++'], cmake_target=None, cmake_target_skip_unavailable=False, cmake_clean_cache=False, cmake_clean_first=False, cmake_force_configure=False, ament_cmake_args=None, catkin_cmake_args=None, catkin_skip_building_tests=False, verb_parser=<colcon_defaults.argument_parser.defaults.DefaultArgumentsDecorator object at 0x7b00715f04c0>, verb_extension=<colcon_core.verb.build.BuildVerb object at 0x7b00716eee30>, main=<bound method BuildVerb.main of <colcon_core.verb.build.BuildVerb object at 0x7b00716eee30>>)
[1.546s] Level 1:colcon.colcon_core.package_discovery:discover_packages(colcon_meta) check parameters
[1.546s] Level 1:colcon.colcon_core.package_discovery:discover_packages(recursive) check parameters
[1.546s] Level 1:colcon.colcon_core.package_discovery:discover_packages(ignore) check parameters
[1.546s] Level 1:colcon.colcon_core.package_discovery:discover_packages(path) check parameters
[1.547s] Level 1:colcon.colcon_core.package_discovery:discover_packages(colcon_meta) discover
[1.547s] Level 1:colcon.colcon_core.package_discovery:discover_packages(recursive) discover
[1.547s] INFO:colcon.colcon_core.package_discovery:Crawling recursively for packages in '/home/qianw/EECE5554/LAB4/src/matlab_msg_gen/glnxa64'
[1.547s] Level 1:colcon.colcon_core.package_identification:_identify(.) by extensions ['ignore', 'ignore_ament_install']
[1.547s] Level 1:colcon.colcon_core.package_identification:_identify(.) by extension 'ignore'
[1.548s] Level 1:colcon.colcon_core.package_identification:_identify(.) by extension 'ignore_ament_install'
[1.548s] Level 1:colcon.colcon_core.package_identification:_identify(.) by extensions ['colcon_pkg']
[1.548s] Level 1:colcon.colcon_core.package_identification:_identify(.) by extension 'colcon_pkg'
[1.548s] Level 1:colcon.colcon_core.package_identification:_identify(.) by extensions ['colcon_meta']
[1.548s] Level 1:colcon.colcon_core.package_identification:_identify(.) by extension 'colcon_meta'
[1.548s] Level 1:colcon.colcon_core.package_identification:_identify(.) by extensions ['ros']
[1.548s] Level 1:colcon.colcon_core.package_identification:_identify(.) by extension 'ros'
[1.652s] Level 1:colcon.colcon_core.package_identification:_identify(.) by extensions ['cmake', 'python']
[1.652s] Level 1:colcon.colcon_core.package_identification:_identify(.) by extension 'cmake'
[1.652s] Level 1:colcon.colcon_core.package_identification:_identify(.) by extension 'python'
[1.652s] Level 1:colcon.colcon_core.package_identification:_identify(.) by extensions ['python_setup_py']
[1.652s] Level 1:colcon.colcon_core.package_identification:_identify(.) by extension 'python_setup_py'
[1.653s] Level 1:colcon.colcon_core.package_identification:_identify(build) by extensions ['ignore', 'ignore_ament_install']
[1.653s] Level 1:colcon.colcon_core.package_identification:_identify(build) by extension 'ignore'
[1.653s] Level 1:colcon.colcon_core.package_identification:_identify(build) ignored
[1.653s] Level 1:colcon.colcon_core.package_identification:_identify(install) by extensions ['ignore', 'ignore_ament_install']
[1.653s] Level 1:colcon.colcon_core.package_identification:_identify(install) by extension 'ignore'
[1.653s] Level 1:colcon.colcon_core.package_identification:_identify(install) ignored
[1.654s] Level 1:colcon.colcon_core.package_identification:_identify(log) by extensions ['ignore', 'ignore_ament_install']
[1.654s] Level 1:colcon.colcon_core.package_identification:_identify(log) by extension 'ignore'
[1.654s] Level 1:colcon.colcon_core.package_identification:_identify(log) ignored
[1.654s] Level 1:colcon.colcon_core.package_identification:_identify(src) by extensions ['ignore', 'ignore_ament_install']
[1.654s] Level 1:colcon.colcon_core.package_identification:_identify(src) by extension 'ignore'
[1.654s] Level 1:colcon.colcon_core.package_identification:_identify(src) by extension 'ignore_ament_install'
[1.655s] Level 1:colcon.colcon_core.package_identification:_identify(src) by extensions ['colcon_pkg']
[1.655s] Level 1:colcon.colcon_core.package_identification:_identify(src) by extension 'colcon_pkg'
[1.655s] Level 1:colcon.colcon_core.package_identification:_identify(src) by extensions ['colcon_meta']
[1.655s] Level 1:colcon.colcon_core.package_identification:_identify(src) by extension 'colcon_meta'
[1.655s] Level 1:colcon.colcon_core.package_identification:_identify(src) by extensions ['ros']
[1.655s] Level 1:colcon.colcon_core.package_identification:_identify(src) by extension 'ros'
[1.655s] Level 1:colcon.colcon_core.package_identification:_identify(src) by extensions ['cmake', 'python']
[1.655s] Level 1:colcon.colcon_core.package_identification:_identify(src) by extension 'cmake'
[1.655s] Level 1:colcon.colcon_core.package_identification:_identify(src) by extension 'python'
[1.655s] Level 1:colcon.colcon_core.package_identification:_identify(src) by extensions ['python_setup_py']
[1.655s] Level 1:colcon.colcon_core.package_identification:_identify(src) by extension 'python_setup_py'
[1.655s] Level 1:colcon.colcon_core.package_identification:_identify(src/gps_interface) by extensions ['ignore', 'ignore_ament_install']
[1.656s] Level 1:colcon.colcon_core.package_identification:_identify(src/gps_interface) by extension 'ignore'
[1.656s] Level 1:colcon.colcon_core.package_identification:_identify(src/gps_interface) by extension 'ignore_ament_install'
[1.656s] Level 1:colcon.colcon_core.package_identification:_identify(src/gps_interface) by extensions ['colcon_pkg']
[1.656s] Level 1:colcon.colcon_core.package_identification:_identify(src/gps_interface) by extension 'colcon_pkg'
[1.656s] Level 1:colcon.colcon_core.package_identification:_identify(src/gps_interface) by extensions ['colcon_meta']
[1.656s] Level 1:colcon.colcon_core.package_identification:_identify(src/gps_interface) by extension 'colcon_meta'
[1.656s] Level 1:colcon.colcon_core.package_identification:_identify(src/gps_interface) by extensions ['ros']
[1.656s] Level 1:colcon.colcon_core.package_identification:_identify(src/gps_interface) by extension 'ros'
[1.663s] DEBUG:colcon.colcon_core.package_identification:Package 'src/gps_interface' with type 'ros.ament_cmake' and name 'gps_interface'
[1.663s] Level 1:colcon.colcon_core.package_identification:_identify(src/imu_interface) by extensions ['ignore', 'ignore_ament_install']
[1.663s] Level 1:colcon.colcon_core.package_identification:_identify(src/imu_interface) by extension 'ignore'
[1.664s] Level 1:colcon.colcon_core.package_identification:_identify(src/imu_interface) by extension 'ignore_ament_install'
[1.664s] Level 1:colcon.colcon_core.package_identification:_identify(src/imu_interface) by extensions ['colcon_pkg']
[1.664s] Level 1:colcon.colcon_core.package_identification:_identify(src/imu_interface) by extension 'colcon_pkg'
[1.664s] Level 1:colcon.colcon_core.package_identification:_identify(src/imu_interface) by extensions ['colcon_meta']
[1.664s] Level 1:colcon.colcon_core.package_identification:_identify(src/imu_interface) by extension 'colcon_meta'
[1.664s] Level 1:colcon.colcon_core.package_identification:_identify(src/imu_interface) by extensions ['ros']
[1.664s] Level 1:colcon.colcon_core.package_identification:_identify(src/imu_interface) by extension 'ros'
[1.666s] DEBUG:colcon.colcon_core.package_identification:Package 'src/imu_interface' with type 'ros.ament_cmake' and name 'imu_interface'
[1.666s] Level 1:colcon.colcon_core.package_discovery:discover_packages(recursive) using defaults
[1.666s] Level 1:colcon.colcon_core.package_discovery:discover_packages(ignore) discover
[1.666s] Level 1:colcon.colcon_core.package_discovery:discover_packages(ignore) using defaults
[1.667s] Level 1:colcon.colcon_core.package_discovery:discover_packages(path) discover
[1.667s] Level 1:colcon.colcon_core.package_discovery:discover_packages(path) using defaults
[1.976s] Level 5:colcon.colcon_core.verb:set package 'gps_interface' build argument 'cmake_args' from command line to '['-DCMAKE_BUILD_TYPE=Release', '-DCMAKE_SHARED_LINKER_FLAGS=-Wl,-no-as-needed', '-DBUILD_TESTING=OFF', '-DALIAS_ROS2_TF2=1', '-DCMAKE_CXX_FLAGS_RELEASE=-O0', '-G', 'Ninja', '-DCMAKE_C_COMPILER=/usr/bin/gcc', '-DCMAKE_CXX_COMPILER=/usr/bin/g++']'
[1.976s] Level 5:colcon.colcon_core.verb:set package 'gps_interface' build argument 'cmake_target' from command line to 'None'
[1.976s] Level 5:colcon.colcon_core.verb:set package 'gps_interface' build argument 'cmake_target_skip_unavailable' from command line to 'False'
[1.976s] Level 5:colcon.colcon_core.verb:set package 'gps_interface' build argument 'cmake_clean_cache' from command line to 'False'
[1.976s] Level 5:colcon.colcon_core.verb:set package 'gps_interface' build argument 'cmake_clean_first' from command line to 'False'
[1.976s] Level 5:colcon.colcon_core.verb:set package 'gps_interface' build argument 'cmake_force_configure' from command line to 'False'
[1.976s] Level 5:colcon.colcon_core.verb:set package 'gps_interface' build argument 'ament_cmake_args' from command line to 'None'
[1.976s] Level 5:colcon.colcon_core.verb:set package 'gps_interface' build argument 'catkin_cmake_args' from command line to 'None'
[1.976s] Level 5:colcon.colcon_core.verb:set package 'gps_interface' build argument 'catkin_skip_building_tests' from command line to 'False'
[1.976s] DEBUG:colcon.colcon_core.verb:Building package 'gps_interface' with the following arguments: {'ament_cmake_args': None, 'build_base': '/home/qianw/EECE5554/LAB4/src/matlab_msg_gen/glnxa64/build/gps_interface', 'catkin_cmake_args': None, 'catkin_skip_building_tests': False, 'cmake_args': ['-DCMAKE_BUILD_TYPE=Release', '-DCMAKE_SHARED_LINKER_FLAGS=-Wl,-no-as-needed', '-DBUILD_TESTING=OFF', '-DALIAS_ROS2_TF2=1', '-DCMAKE_CXX_FLAGS_RELEASE=-O0', '-G', 'Ninja', '-DCMAKE_C_COMPILER=/usr/bin/gcc', '-DCMAKE_CXX_COMPILER=/usr/bin/g++'], 'cmake_clean_cache': False, 'cmake_clean_first': False, 'cmake_force_configure': False, 'cmake_target': None, 'cmake_target_skip_unavailable': False, 'install_base': '/home/qianw/EECE5554/LAB4/src/matlab_msg_gen/glnxa64/install', 'merge_install': True, 'path': '/home/qianw/EECE5554/LAB4/src/matlab_msg_gen/glnxa64/src/gps_interface', 'symlink_install': False, 'test_result_base': None}
[2.005s] Level 5:colcon.colcon_core.verb:set package 'imu_interface' build argument 'cmake_args' from command line to '['-DCMAKE_BUILD_TYPE=Release', '-DCMAKE_SHARED_LINKER_FLAGS=-Wl,-no-as-needed', '-DBUILD_TESTING=OFF', '-DALIAS_ROS2_TF2=1', '-DCMAKE_CXX_FLAGS_RELEASE=-O0', '-G', 'Ninja', '-DCMAKE_C_COMPILER=/usr/bin/gcc', '-DCMAKE_CXX_COMPILER=/usr/bin/g++']'
[2.005s] Level 5:colcon.colcon_core.verb:set package 'imu_interface' build argument 'cmake_target' from command line to 'None'
[2.005s] Level 5:colcon.colcon_core.verb:set package 'imu_interface' build argument 'cmake_target_skip_unavailable' from command line to 'False'
[2.006s] Level 5:colcon.colcon_core.verb:set package 'imu_interface' build argument 'cmake_clean_cache' from command line to 'False'
[2.006s] Level 5:colcon.colcon_core.verb:set package 'imu_interface' build argument 'cmake_clean_first' from command line to 'False'
[2.006s] Level 5:colcon.colcon_core.verb:set package 'imu_interface' build argument 'cmake_force_configure' from command line to 'False'
[2.006s] Level 5:colcon.colcon_core.verb:set package 'imu_interface' build argument 'ament_cmake_args' from command line to 'None'
[2.006s] Level 5:colcon.colcon_core.verb:set package 'imu_interface' build argument 'catkin_cmake_args' from command line to 'None'
[2.006s] Level 5:colcon.colcon_core.verb:set package 'imu_interface' build argument 'catkin_skip_building_tests' from command line to 'False'
[2.006s] DEBUG:colcon.colcon_core.verb:Building package 'imu_interface' with the following arguments: {'ament_cmake_args': None, 'build_base': '/home/qianw/EECE5554/LAB4/src/matlab_msg_gen/glnxa64/build/imu_interface', 'catkin_cmake_args': None, 'catkin_skip_building_tests': False, 'cmake_args': ['-DCMAKE_BUILD_TYPE=Release', '-DCMAKE_SHARED_LINKER_FLAGS=-Wl,-no-as-needed', '-DBUILD_TESTING=OFF', '-DALIAS_ROS2_TF2=1', '-DCMAKE_CXX_FLAGS_RELEASE=-O0', '-G', 'Ninja', '-DCMAKE_C_COMPILER=/usr/bin/gcc', '-DCMAKE_CXX_COMPILER=/usr/bin/g++'], 'cmake_clean_cache': False, 'cmake_clean_first': False, 'cmake_force_configure': False, 'cmake_target': None, 'cmake_target_skip_unavailable': False, 'install_base': '/home/qianw/EECE5554/LAB4/src/matlab_msg_gen/glnxa64/install', 'merge_install': True, 'path': '/home/qianw/EECE5554/LAB4/src/matlab_msg_gen/glnxa64/src/imu_interface', 'symlink_install': False, 'test_result_base': None}
[2.011s] INFO:colcon.colcon_core.executor:Executing jobs using 'parallel' executor
[2.048s] DEBUG:colcon.colcon_parallel_executor.executor.parallel:run_until_complete
[2.049s] INFO:colcon.colcon_ros.task.ament_cmake.build:Building ROS package in '/home/qianw/EECE5554/LAB4/src/matlab_msg_gen/glnxa64/src/gps_interface' with build type 'ament_cmake'
[2.049s] INFO:colcon.colcon_cmake.task.cmake.build:Building CMake package in '/home/qianw/EECE5554/LAB4/src/matlab_msg_gen/glnxa64/src/gps_interface'
[2.073s] INFO:colcon.colcon_core.plugin_system:Skipping extension 'colcon_core.shell.bat': Not used on non-Windows systems
[2.073s] INFO:colcon.colcon_core.shell:Skip shell extension 'powershell' for command environment: Not usable outside of PowerShell
[2.074s] DEBUG:colcon.colcon_core.shell:Skip shell extension 'dsv' for command environment
[2.131s] INFO:colcon.colcon_ros.task.ament_cmake.build:Building ROS package in '/home/qianw/EECE5554/LAB4/src/matlab_msg_gen/glnxa64/src/imu_interface' with build type 'ament_cmake'
[2.132s] INFO:colcon.colcon_cmake.task.cmake.build:Building CMake package in '/home/qianw/EECE5554/LAB4/src/matlab_msg_gen/glnxa64/src/imu_interface'
[2.152s] INFO:colcon.colcon_core.shell:Skip shell extension 'powershell' for command environment: Not usable outside of PowerShell
[2.152s] DEBUG:colcon.colcon_core.shell:Skip shell extension 'dsv' for command environment
[2.217s] DEBUG:colcon.colcon_core.event_handler.log_command:Invoking command in '/home/qianw/EECE5554/LAB4/src/matlab_msg_gen/glnxa64/build/gps_interface': PS1=(venv) VIRTUAL_ENV_PROMPT=(venv) /home/qianw/MATLAB/R2024b/bin/glnxa64/cmake/bin/cmake --build /home/qianw/EECE5554/LAB4/src/matlab_msg_gen/glnxa64/build/gps_interface -- -j8 -l8
[2.232s] DEBUG:colcon.colcon_core.event_handler.log_command:Invoking command in '/home/qianw/EECE5554/LAB4/src/matlab_msg_gen/glnxa64/build/imu_interface': PS1=(venv) VIRTUAL_ENV_PROMPT=(venv) /home/qianw/MATLAB/R2024b/bin/glnxa64/cmake/bin/cmake --build /home/qianw/EECE5554/LAB4/src/matlab_msg_gen/glnxa64/build/imu_interface -- -j8 -l8
[5.583s] DEBUG:colcon.colcon_core.event_handler.log_command:Invoked command in '/home/qianw/EECE5554/LAB4/src/matlab_msg_gen/glnxa64/build/gps_interface' returned '0': PS1=(venv) VIRTUAL_ENV_PROMPT=(venv) /home/qianw/MATLAB/R2024b/bin/glnxa64/cmake/bin/cmake --build /home/qianw/EECE5554/LAB4/src/matlab_msg_gen/glnxa64/build/gps_interface -- -j8 -l8
[5.642s] DEBUG:colcon.colcon_core.event_handler.log_command:Invoking command in '/home/qianw/EECE5554/LAB4/src/matlab_msg_gen/glnxa64/build/gps_interface': PS1=(venv) VIRTUAL_ENV_PROMPT=(venv) /home/qianw/MATLAB/R2024b/bin/glnxa64/cmake/bin/cmake --install /home/qianw/EECE5554/LAB4/src/matlab_msg_gen/glnxa64/build/gps_interface
[5.678s] Level 1:colcon.colcon_core.environment:create_environment_scripts_only(gps_interface)
[5.697s] DEBUG:colcon.colcon_core.event_handler.log_command:Invoked command in '/home/qianw/EECE5554/LAB4/src/matlab_msg_gen/glnxa64/build/gps_interface' returned '0': PS1=(venv) VIRTUAL_ENV_PROMPT=(venv) /home/qianw/MATLAB/R2024b/bin/glnxa64/cmake/bin/cmake --install /home/qianw/EECE5554/LAB4/src/matlab_msg_gen/glnxa64/build/gps_interface
[5.720s] Level 1:colcon.colcon_core.environment:checking '/home/qianw/EECE5554/LAB4/src/matlab_msg_gen/glnxa64/install' for CMake module files
[5.723s] Level 1:colcon.colcon_core.environment:checking '/home/qianw/EECE5554/LAB4/src/matlab_msg_gen/glnxa64/install' for CMake config files
[5.724s] Level 1:colcon.colcon_core.shell:create_environment_hook('gps_interface', 'cmake_prefix_path')
[5.743s] INFO:colcon.colcon_core.shell:Creating environment hook '/home/qianw/EECE5554/LAB4/src/matlab_msg_gen/glnxa64/install/share/gps_interface/hook/cmake_prefix_path.ps1'
[5.746s] INFO:colcon.colcon_core.shell:Creating environment descriptor '/home/qianw/EECE5554/LAB4/src/matlab_msg_gen/glnxa64/install/share/gps_interface/hook/cmake_prefix_path.dsv'
[5.748s] INFO:colcon.colcon_core.shell:Creating environment hook '/home/qianw/EECE5554/LAB4/src/matlab_msg_gen/glnxa64/install/share/gps_interface/hook/cmake_prefix_path.sh'
[5.750s] Level 1:colcon.colcon_core.environment:checking '/home/qianw/EECE5554/LAB4/src/matlab_msg_gen/glnxa64/install/lib'
[5.751s] Level 1:colcon.colcon_core.shell:create_environment_hook('gps_interface', 'ld_library_path_lib')
[5.767s] INFO:colcon.colcon_core.shell:Creating environment hook '/home/qianw/EECE5554/LAB4/src/matlab_msg_gen/glnxa64/install/share/gps_interface/hook/ld_library_path_lib.ps1'
[5.770s] INFO:colcon.colcon_core.shell:Creating environment descriptor '/home/qianw/EECE5554/LAB4/src/matlab_msg_gen/glnxa64/install/share/gps_interface/hook/ld_library_path_lib.dsv'
[5.770s] INFO:colcon.colcon_core.shell:Creating environment hook '/home/qianw/EECE5554/LAB4/src/matlab_msg_gen/glnxa64/install/share/gps_interface/hook/ld_library_path_lib.sh'
[5.772s] Level 1:colcon.colcon_core.environment:checking '/home/qianw/EECE5554/LAB4/src/matlab_msg_gen/glnxa64/install/bin'
[5.773s] Level 1:colcon.colcon_core.environment:checking '/home/qianw/EECE5554/LAB4/src/matlab_msg_gen/glnxa64/install/lib/pkgconfig/gps_interface.pc'
[5.775s] Level 1:colcon.colcon_core.environment:checking '/home/qianw/EECE5554/LAB4/src/matlab_msg_gen/glnxa64/install/lib/python3.10/site-packages'
[5.775s] Level 1:colcon.colcon_core.environment:checking '/home/qianw/EECE5554/LAB4/src/matlab_msg_gen/glnxa64/install/bin'
[5.795s] INFO:colcon.colcon_core.shell:Creating package script '/home/qianw/EECE5554/LAB4/src/matlab_msg_gen/glnxa64/install/share/gps_interface/package.ps1'
[5.802s] INFO:colcon.colcon_core.shell:Creating package descriptor '/home/qianw/EECE5554/LAB4/src/matlab_msg_gen/glnxa64/install/share/gps_interface/package.dsv'
[5.807s] INFO:colcon.colcon_core.shell:Creating package script '/home/qianw/EECE5554/LAB4/src/matlab_msg_gen/glnxa64/install/share/gps_interface/package.sh'
[5.809s] INFO:colcon.colcon_core.shell:Creating package script '/home/qianw/EECE5554/LAB4/src/matlab_msg_gen/glnxa64/install/share/gps_interface/package.bash'
[5.811s] INFO:colcon.colcon_core.shell:Creating package script '/home/qianw/EECE5554/LAB4/src/matlab_msg_gen/glnxa64/install/share/gps_interface/package.zsh'
[5.813s] Level 1:colcon.colcon_core.environment:create_file_with_runtime_dependencies(/home/qianw/EECE5554/LAB4/src/matlab_msg_gen/glnxa64/install/share/colcon-core/packages/gps_interface)
[5.882s] Level 1:colcon.colcon_core.environment:create_environment_scripts_only(gps_interface)
[5.900s] Level 1:colcon.colcon_core.environment:checking '/home/qianw/EECE5554/LAB4/src/matlab_msg_gen/glnxa64/install' for CMake module files
[5.901s] Level 1:colcon.colcon_core.environment:checking '/home/qianw/EECE5554/LAB4/src/matlab_msg_gen/glnxa64/install' for CMake config files
[5.902s] Level 1:colcon.colcon_core.shell:create_environment_hook('gps_interface', 'cmake_prefix_path')
[5.923s] INFO:colcon.colcon_core.shell:Creating environment hook '/home/qianw/EECE5554/LAB4/src/matlab_msg_gen/glnxa64/install/share/gps_interface/hook/cmake_prefix_path.ps1'
[5.925s] INFO:colcon.colcon_core.shell:Creating environment descriptor '/home/qianw/EECE5554/LAB4/src/matlab_msg_gen/glnxa64/install/share/gps_interface/hook/cmake_prefix_path.dsv'
[5.926s] INFO:colcon.colcon_core.shell:Creating environment hook '/home/qianw/EECE5554/LAB4/src/matlab_msg_gen/glnxa64/install/share/gps_interface/hook/cmake_prefix_path.sh'
[5.928s] Level 1:colcon.colcon_core.environment:checking '/home/qianw/EECE5554/LAB4/src/matlab_msg_gen/glnxa64/install/lib'
[5.928s] Level 1:colcon.colcon_core.shell:create_environment_hook('gps_interface', 'ld_library_path_lib')
[5.951s] INFO:colcon.colcon_core.shell:Creating environment hook '/home/qianw/EECE5554/LAB4/src/matlab_msg_gen/glnxa64/install/share/gps_interface/hook/ld_library_path_lib.ps1'
[5.952s] INFO:colcon.colcon_core.shell:Creating environment descriptor '/home/qianw/EECE5554/LAB4/src/matlab_msg_gen/glnxa64/install/share/gps_interface/hook/ld_library_path_lib.dsv'
[5.953s] INFO:colcon.colcon_core.shell:Creating environment hook '/home/qianw/EECE5554/LAB4/src/matlab_msg_gen/glnxa64/install/share/gps_interface/hook/ld_library_path_lib.sh'
[5.954s] Level 1:colcon.colcon_core.environment:checking '/home/qianw/EECE5554/LAB4/src/matlab_msg_gen/glnxa64/install/bin'
[5.954s] Level 1:colcon.colcon_core.environment:checking '/home/qianw/EECE5554/LAB4/src/matlab_msg_gen/glnxa64/install/lib/pkgconfig/gps_interface.pc'
[5.955s] Level 1:colcon.colcon_core.environment:checking '/home/qianw/EECE5554/LAB4/src/matlab_msg_gen/glnxa64/install/lib/python3.10/site-packages'
[5.956s] Level 1:colcon.colcon_core.environment:checking '/home/qianw/EECE5554/LAB4/src/matlab_msg_gen/glnxa64/install/bin'
[5.975s] INFO:colcon.colcon_core.shell:Creating package script '/home/qianw/EECE5554/LAB4/src/matlab_msg_gen/glnxa64/install/share/gps_interface/package.ps1'
[5.977s] INFO:colcon.colcon_core.shell:Creating package descriptor '/home/qianw/EECE5554/LAB4/src/matlab_msg_gen/glnxa64/install/share/gps_interface/package.dsv'
[5.982s] INFO:colcon.colcon_core.shell:Creating package script '/home/qianw/EECE5554/LAB4/src/matlab_msg_gen/glnxa64/install/share/gps_interface/package.sh'
[5.984s] INFO:colcon.colcon_core.shell:Creating package script '/home/qianw/EECE5554/LAB4/src/matlab_msg_gen/glnxa64/install/share/gps_interface/package.bash'
[5.991s] INFO:colcon.colcon_core.shell:Creating package script '/home/qianw/EECE5554/LAB4/src/matlab_msg_gen/glnxa64/install/share/gps_interface/package.zsh'
[5.992s] Level 1:colcon.colcon_core.environment:create_file_with_runtime_dependencies(/home/qianw/EECE5554/LAB4/src/matlab_msg_gen/glnxa64/install/share/colcon-core/packages/gps_interface)
[7.592s] DEBUG:colcon.colcon_core.event_handler.log_command:Invoked command in '/home/qianw/EECE5554/LAB4/src/matlab_msg_gen/glnxa64/build/imu_interface' returned '0': PS1=(venv) VIRTUAL_ENV_PROMPT=(venv) /home/qianw/MATLAB/R2024b/bin/glnxa64/cmake/bin/cmake --build /home/qianw/EECE5554/LAB4/src/matlab_msg_gen/glnxa64/build/imu_interface -- -j8 -l8
[7.765s] DEBUG:colcon.colcon_core.event_handler.log_command:Invoking command in '/home/qianw/EECE5554/LAB4/src/matlab_msg_gen/glnxa64/build/imu_interface': PS1=(venv) VIRTUAL_ENV_PROMPT=(venv) /home/qianw/MATLAB/R2024b/bin/glnxa64/cmake/bin/cmake --install /home/qianw/EECE5554/LAB4/src/matlab_msg_gen/glnxa64/build/imu_interface
[7.787s] Level 1:colcon.colcon_core.environment:create_environment_scripts_only(imu_interface)
[7.800s] DEBUG:colcon.colcon_core.event_handler.log_command:Invoked command in '/home/qianw/EECE5554/LAB4/src/matlab_msg_gen/glnxa64/build/imu_interface' returned '0': PS1=(venv) VIRTUAL_ENV_PROMPT=(venv) /home/qianw/MATLAB/R2024b/bin/glnxa64/cmake/bin/cmake --install /home/qianw/EECE5554/LAB4/src/matlab_msg_gen/glnxa64/build/imu_interface
[7.830s] Level 1:colcon.colcon_core.environment:checking '/home/qianw/EECE5554/LAB4/src/matlab_msg_gen/glnxa64/install' for CMake module files
[7.833s] Level 1:colcon.colcon_core.environment:checking '/home/qianw/EECE5554/LAB4/src/matlab_msg_gen/glnxa64/install' for CMake config files
[7.836s] Level 1:colcon.colcon_core.shell:create_environment_hook('imu_interface', 'cmake_prefix_path')
[7.886s] INFO:colcon.colcon_core.shell:Creating environment hook '/home/qianw/EECE5554/LAB4/src/matlab_msg_gen/glnxa64/install/share/imu_interface/hook/cmake_prefix_path.ps1'
[7.888s] INFO:colcon.colcon_core.shell:Creating environment descriptor '/home/qianw/EECE5554/LAB4/src/matlab_msg_gen/glnxa64/install/share/imu_interface/hook/cmake_prefix_path.dsv'
[7.891s] INFO:colcon.colcon_core.shell:Creating environment hook '/home/qianw/EECE5554/LAB4/src/matlab_msg_gen/glnxa64/install/share/imu_interface/hook/cmake_prefix_path.sh'
[7.905s] Level 1:colcon.colcon_core.environment:checking '/home/qianw/EECE5554/LAB4/src/matlab_msg_gen/glnxa64/install/lib'
[7.906s] Level 1:colcon.colcon_core.shell:create_environment_hook('imu_interface', 'ld_library_path_lib')
[7.952s] INFO:colcon.colcon_core.shell:Creating environment hook '/home/qianw/EECE5554/LAB4/src/matlab_msg_gen/glnxa64/install/share/imu_interface/hook/ld_library_path_lib.ps1'
[7.954s] INFO:colcon.colcon_core.shell:Creating environment descriptor '/home/qianw/EECE5554/LAB4/src/matlab_msg_gen/glnxa64/install/share/imu_interface/hook/ld_library_path_lib.dsv'
[7.955s] INFO:colcon.colcon_core.shell:Creating environment hook '/home/qianw/EECE5554/LAB4/src/matlab_msg_gen/glnxa64/install/share/imu_interface/hook/ld_library_path_lib.sh'
[7.958s] Level 1:colcon.colcon_core.environment:checking '/home/qianw/EECE5554/LAB4/src/matlab_msg_gen/glnxa64/install/bin'
[7.958s] Level 1:colcon.colcon_core.environment:checking '/home/qianw/EECE5554/LAB4/src/matlab_msg_gen/glnxa64/install/lib/pkgconfig/imu_interface.pc'
[7.959s] Level 1:colcon.colcon_core.environment:checking '/home/qianw/EECE5554/LAB4/src/matlab_msg_gen/glnxa64/install/lib/python3.10/site-packages'
[7.961s] Level 1:colcon.colcon_core.environment:checking '/home/qianw/EECE5554/LAB4/src/matlab_msg_gen/glnxa64/install/bin'
[8.009s] INFO:colcon.colcon_core.shell:Creating package script '/home/qianw/EECE5554/LAB4/src/matlab_msg_gen/glnxa64/install/share/imu_interface/package.ps1'
[8.012s] INFO:colcon.colcon_core.shell:Creating package descriptor '/home/qianw/EECE5554/LAB4/src/matlab_msg_gen/glnxa64/install/share/imu_interface/package.dsv'
[8.015s] INFO:colcon.colcon_core.shell:Creating package script '/home/qianw/EECE5554/LAB4/src/matlab_msg_gen/glnxa64/install/share/imu_interface/package.sh'
[8.018s] INFO:colcon.colcon_core.shell:Creating package script '/home/qianw/EECE5554/LAB4/src/matlab_msg_gen/glnxa64/install/share/imu_interface/package.bash'
[8.020s] INFO:colcon.colcon_core.shell:Creating package script '/home/qianw/EECE5554/LAB4/src/matlab_msg_gen/glnxa64/install/share/imu_interface/package.zsh'
[8.021s] Level 1:colcon.colcon_core.environment:create_file_with_runtime_dependencies(/home/qianw/EECE5554/LAB4/src/matlab_msg_gen/glnxa64/install/share/colcon-core/packages/imu_interface)
[8.184s] Level 1:colcon.colcon_core.environment:create_environment_scripts_only(imu_interface)
[8.198s] Level 1:colcon.colcon_core.environment:checking '/home/qianw/EECE5554/LAB4/src/matlab_msg_gen/glnxa64/install' for CMake module files
[8.199s] Level 1:colcon.colcon_core.environment:checking '/home/qianw/EECE5554/LAB4/src/matlab_msg_gen/glnxa64/install' for CMake config files
[8.200s] Level 1:colcon.colcon_core.shell:create_environment_hook('imu_interface', 'cmake_prefix_path')
[8.214s] INFO:colcon.colcon_core.shell:Creating environment hook '/home/qianw/EECE5554/LAB4/src/matlab_msg_gen/glnxa64/install/share/imu_interface/hook/cmake_prefix_path.ps1'
[8.216s] INFO:colcon.colcon_core.shell:Creating environment descriptor '/home/qianw/EECE5554/LAB4/src/matlab_msg_gen/glnxa64/install/share/imu_interface/hook/cmake_prefix_path.dsv'
[8.217s] INFO:colcon.colcon_core.shell:Creating environment hook '/home/qianw/EECE5554/LAB4/src/matlab_msg_gen/glnxa64/install/share/imu_interface/hook/cmake_prefix_path.sh'
[8.219s] Level 1:colcon.colcon_core.environment:checking '/home/qianw/EECE5554/LAB4/src/matlab_msg_gen/glnxa64/install/lib'
[8.219s] Level 1:colcon.colcon_core.shell:create_environment_hook('imu_interface', 'ld_library_path_lib')
[8.237s] INFO:colcon.colcon_core.shell:Creating environment hook '/home/qianw/EECE5554/LAB4/src/matlab_msg_gen/glnxa64/install/share/imu_interface/hook/ld_library_path_lib.ps1'
[8.240s] INFO:colcon.colcon_core.shell:Creating environment descriptor '/home/qianw/EECE5554/LAB4/src/matlab_msg_gen/glnxa64/install/share/imu_interface/hook/ld_library_path_lib.dsv'
[8.240s] INFO:colcon.colcon_core.shell:Creating environment hook '/home/qianw/EECE5554/LAB4/src/matlab_msg_gen/glnxa64/install/share/imu_interface/hook/ld_library_path_lib.sh'
[8.241s] Level 1:colcon.colcon_core.environment:checking '/home/qianw/EECE5554/LAB4/src/matlab_msg_gen/glnxa64/install/bin'
[8.242s] Level 1:colcon.colcon_core.environment:checking '/home/qianw/EECE5554/LAB4/src/matlab_msg_gen/glnxa64/install/lib/pkgconfig/imu_interface.pc'
[8.242s] Level 1:colcon.colcon_core.environment:checking '/home/qianw/EECE5554/LAB4/src/matlab_msg_gen/glnxa64/install/lib/python3.10/site-packages'
[8.242s] Level 1:colcon.colcon_core.environment:checking '/home/qianw/EECE5554/LAB4/src/matlab_msg_gen/glnxa64/install/bin'
[8.258s] INFO:colcon.colcon_core.shell:Creating package script '/home/qianw/EECE5554/LAB4/src/matlab_msg_gen/glnxa64/install/share/imu_interface/package.ps1'
[8.259s] INFO:colcon.colcon_core.shell:Creating package descriptor '/home/qianw/EECE5554/LAB4/src/matlab_msg_gen/glnxa64/install/share/imu_interface/package.dsv'
[8.261s] INFO:colcon.colcon_core.shell:Creating package script '/home/qianw/EECE5554/LAB4/src/matlab_msg_gen/glnxa64/install/share/imu_interface/package.sh'
[8.262s] INFO:colcon.colcon_core.shell:Creating package script '/home/qianw/EECE5554/LAB4/src/matlab_msg_gen/glnxa64/install/share/imu_interface/package.bash'
[8.263s] INFO:colcon.colcon_core.shell:Creating package script '/home/qianw/EECE5554/LAB4/src/matlab_msg_gen/glnxa64/install/share/imu_interface/package.zsh'
[8.264s] Level 1:colcon.colcon_core.environment:create_file_with_runtime_dependencies(/home/qianw/EECE5554/LAB4/src/matlab_msg_gen/glnxa64/install/share/colcon-core/packages/imu_interface)
[8.265s] DEBUG:colcon.colcon_parallel_executor.executor.parallel:closing loop
[8.267s] DEBUG:colcon.colcon_parallel_executor.executor.parallel:loop closed
[8.268s] DEBUG:colcon.colcon_parallel_executor.executor.parallel:run_until_complete finished with '0'
[8.268s] DEBUG:colcon.colcon_core.event_reactor:joining thread
[8.284s] INFO:colcon.colcon_core.plugin_system:Skipping extension 'colcon_notification.desktop_notification.notify2': 'notify2' not found
[8.285s] INFO:colcon.colcon_core.plugin_system:Skipping extension 'colcon_notification.desktop_notification.terminal_notifier': Not used on non-Darwin systems
[8.285s] INFO:colcon.colcon_core.plugin_system:Skipping extension 'colcon_notification.desktop_notification.win32': Not used on non-Windows systems
[8.285s] INFO:colcon.colcon_notification.desktop_notification:Sending desktop notification using 'notify_send'
[8.466s] DEBUG:colcon.colcon_core.event_reactor:joined thread
[8.542s] INFO:colcon.colcon_core.shell:Creating prefix script '/home/qianw/EECE5554/LAB4/src/matlab_msg_gen/glnxa64/install/local_setup.ps1'
[8.544s] INFO:colcon.colcon_core.shell:Creating prefix util module '/home/qianw/EECE5554/LAB4/src/matlab_msg_gen/glnxa64/install/_local_setup_util_ps1.py'
[8.546s] INFO:colcon.colcon_core.shell:Creating prefix chain script '/home/qianw/EECE5554/LAB4/src/matlab_msg_gen/glnxa64/install/setup.ps1'
[8.568s] INFO:colcon.colcon_core.shell:Creating prefix script '/home/qianw/EECE5554/LAB4/src/matlab_msg_gen/glnxa64/install/local_setup.sh'
[8.569s] INFO:colcon.colcon_core.shell:Creating prefix util module '/home/qianw/EECE5554/LAB4/src/matlab_msg_gen/glnxa64/install/_local_setup_util_sh.py'
[8.570s] INFO:colcon.colcon_core.shell:Creating prefix chain script '/home/qianw/EECE5554/LAB4/src/matlab_msg_gen/glnxa64/install/setup.sh'
[8.584s] INFO:colcon.colcon_core.shell:Creating prefix script '/home/qianw/EECE5554/LAB4/src/matlab_msg_gen/glnxa64/install/local_setup.bash'
[8.586s] INFO:colcon.colcon_core.shell:Creating prefix chain script '/home/qianw/EECE5554/LAB4/src/matlab_msg_gen/glnxa64/install/setup.bash'
[8.599s] INFO:colcon.colcon_core.shell:Creating prefix script '/home/qianw/EECE5554/LAB4/src/matlab_msg_gen/glnxa64/install/local_setup.zsh'
[8.600s] INFO:colcon.colcon_core.shell:Creating prefix chain script '/home/qianw/EECE5554/LAB4/src/matlab_msg_gen/glnxa64/install/setup.zsh'
