[1.014s] Invoking command in '/home/qianw/EECE5554/LAB3/src/imu_driver': AMENT_PREFIX_PATH=/home/qianw/EECE5554/LAB3/install/imu_interface:${AMENT_PREFIX_PATH} CMAKE_PREFIX_PATH=/home/qianw/EECE5554/LAB3/install/imu_interface LD_LIBRARY_PATH=/home/qianw/EECE5554/LAB3/install/imu_interface/lib:${LD_LIBRARY_PATH} PYTHONPATH=/home/qianw/EECE5554/LAB3/build/imu_driver/prefix_override:/usr/lib/python3/dist-packages/colcon_core/task/python/colcon_distutils_commands:/home/qianw/EECE5554/LAB3/install/imu_driver/lib/python3.10/site-packages:/home/qianw/EECE5554/LAB3/install/imu_interface/local/lib/python3.10/dist-packages:${PYTHONPATH} /usr/bin/python3 -W ignore:setup.py install is deprecated -W ignore:easy_install command is deprecated setup.py egg_info --egg-base ../../build/imu_driver build --build-base /home/qianw/EECE5554/LAB3/build/imu_driver/build install --record /home/qianw/EECE5554/LAB3/build/imu_driver/install.log --single-version-externally-managed install_data
[1.367s] running egg_info
[1.368s] writing ../../build/imu_driver/imu_driver.egg-info/PKG-INFO
[1.386s] writing dependency_links to ../../build/imu_driver/imu_driver.egg-info/dependency_links.txt
[1.386s] writing entry points to ../../build/imu_driver/imu_driver.egg-info/entry_points.txt
[1.386s] writing requirements to ../../build/imu_driver/imu_driver.egg-info/requires.txt
[1.389s] writing top-level names to ../../build/imu_driver/imu_driver.egg-info/top_level.txt
[1.389s] reading manifest file '../../build/imu_driver/imu_driver.egg-info/SOURCES.txt'
[1.392s] writing manifest file '../../build/imu_driver/imu_driver.egg-info/SOURCES.txt'
[1.392s] running build
[1.392s] running build_py
[1.395s] running install
[1.396s] running install_lib
[1.398s] running install_data
[1.400s] running install_egg_info
[1.402s] removing '/home/qianw/EECE5554/LAB3/install/imu_driver/lib/python3.10/site-packages/imu_driver-0.0.0-py3.10.egg-info' (and everything under it)
[1.402s] Copying ../../build/imu_driver/imu_driver.egg-info to /home/qianw/EECE5554/LAB3/install/imu_driver/lib/python3.10/site-packages/imu_driver-0.0.0-py3.10.egg-info
[1.404s] running install_scripts
[1.433s] Installing imu_driver script to /home/qianw/EECE5554/LAB3/install/imu_driver/lib/imu_driver
[1.434s] writing list of installed files to '/home/qianw/EECE5554/LAB3/build/imu_driver/install.log'
[1.464s] Invoked command in '/home/qianw/EECE5554/LAB3/src/imu_driver' returned '0': AMENT_PREFIX_PATH=/home/qianw/EECE5554/LAB3/install/imu_interface:${AMENT_PREFIX_PATH} CMAKE_PREFIX_PATH=/home/qianw/EECE5554/LAB3/install/imu_interface LD_LIBRARY_PATH=/home/qianw/EECE5554/LAB3/install/imu_interface/lib:${LD_LIBRARY_PATH} PYTHONPATH=/home/qianw/EECE5554/LAB3/build/imu_driver/prefix_override:/usr/lib/python3/dist-packages/colcon_core/task/python/colcon_distutils_commands:/home/qianw/EECE5554/LAB3/install/imu_driver/lib/python3.10/site-packages:/home/qianw/EECE5554/LAB3/install/imu_interface/local/lib/python3.10/dist-packages:${PYTHONPATH} /usr/bin/python3 -W ignore:setup.py install is deprecated -W ignore:easy_install command is deprecated setup.py egg_info --egg-base ../../build/imu_driver build --build-base /home/qianw/EECE5554/LAB3/build/imu_driver/build install --record /home/qianw/EECE5554/LAB3/build/imu_driver/install.log --single-version-externally-managed install_data
